
=== Kahoot Auto-Join ===
Game PIN: 4911577
Player: Bot13-m9i

[1/3] Getting session token...
[DEBUG] Session token (raw): TXBTQwcNegxcVmFEcWMENlFoX0E7XhVrJQlULHFcUzkNYgcCPGgRFUpVelthfQ8NEwl2ElQGYT8KNwkAODBWRGExAV9raEMPTxAHAnUWGWQ1Z1xZdSp7DRIHU1kHXVVs
[DEBUG] Session token length: 128
[DEBUG] Base64 decoded length: 96
   ✓ Got session token
[2/3] Decoding token...
[DEBUG] Challenge message length: 100
[DEBUG] Offset: 2301
[DEBUG] Decoded challenge length: 100
[DEBUG] Token bytes length: 96
[DEBUG] Final token length: 96
[DEBUG] Final token: 9987638a1830561d6207d8a9a91b2fdd015db6df989f2770b52fdc8a6b20ceb00d3c678f5aa26bc3c4656b5ef55e67a4
[DEBUG] Token: 9987638a1830561d6207d8a9a91b2fdd015db6df989f2770b52fdc8a6b20ceb00d3c678f5aa26bc3c4656b5ef55e67a4
   ✓ Token decoded (length: 96)
[3/3] Connecting...

[DEBUG] WebSocket URL: wss://kahoot.it/cometd/4911577/9987638a1830561d6207d8a9a91b2fdd015db6df989f2770b52fdc8a6b20ceb00d3c678f5aa26bc3c4656b5ef55e67a4
✓ Connected to WebSocket
[DEBUG] SEND handshake
[DEBUG] RECV: /meta/handshake 
✓ Handshake OK, clientId: 95c2yx5itba7vipl5heh3gmb9olv
[DEBUG] SEND connect (first)
[DEBUG] RECV: /meta/connect 
[DEBUG] SEND connect (second)
[DEBUG] SEND login Bot13-m9i
[DEBUG] RECV: /service/status status
[DEBUG] RECV: /meta/connect 
[DEBUG] RECV: /service/controller 

⚠ Timeout - check if name appears in Kahoot lobby
[DEBUG] WebSocket closed: 1005

=== FAILED ===
Error: Connection closed (1005)
