
=== Kahoot Auto-Join ===
Game PIN: 4911577
Player: Bot15-o3q

[1/3] Getting session token...
[DEBUG] Session token (raw): A21mVFhjBjdLUEZoZCpJD1NeCwZ1IWoPSVJubVx5dQFZC1BiPwdacGAEdVcIUlhySgwsBQckV38dLwMGCG1cRANfFGpxLgMgdwJdCn9TCE49Pj8PKWoGRjAzT1cNTQE/
[DEBUG] Session token length: 128
[DEBUG] Base64 decoded length: 96
   ✓ Got session token
[2/3] Decoding token...
[DEBUG] Challenge message length: 100
[DEBUG] Offset: 20614
[DEBUG] Decoded challenge length: 100
[DEBUG] Token bytes length: 96
[DEBUG] Final token length: 96
[DEBUG] Final token: d123916e80795e5492e61e620446277bc0e0e8f54c1932928bd11f99aeb5b98147f76f5a452364b9faa5b9d2aa70414b
[DEBUG] Token: d123916e80795e5492e61e620446277bc0e0e8f54c1932928bd11f99aeb5b98147f76f5a452364b9faa5b9d2aa70414b
   ✓ Token decoded (length: 96)
[3/3] Connecting...

[DEBUG] WebSocket URL: wss://kahoot.it/cometd/4911577/d123916e80795e5492e61e620446277bc0e0e8f54c1932928bd11f99aeb5b98147f76f5a452364b9faa5b9d2aa70414b
✓ Connected to WebSocket
[DEBUG] SEND handshake
[DEBUG] RECV: /meta/handshake 
✓ Handshake OK, clientId: 95god1r96u52vn711s7lou10z8fz
[DEBUG] SEND connect (first)
[DEBUG] RECV: /meta/connect 
[DEBUG] SEND connect (second)
[DEBUG] SEND login Bot15-o3q
[DEBUG] RECV: /service/status status
[DEBUG] RECV: /meta/connect 
[DEBUG] RECV: /service/controller 

⚠ Timeout - check if name appears in Kahoot lobby
[DEBUG] WebSocket closed: 1005

=== FAILED ===
Error: Connection closed (1005)
