
=== Kahoot Auto-Join ===
Game PIN: 4911577
Player: Bot11-v57

[1/3] Getting session token...
[DEBUG] Session token (raw): Cw1xCX17FQRqYH5iXkYCF3ZTRQk6XmcDIB9eTUhgRl0jYi8qVkNRPxllAn9tW0UHaXYBVA5CWwoeBFlvAXBWaBI9FXVjTGRZeyg1TzcDaUADLBZXbVUFLytRLANibDQA
[DEBUG] Session token length: 128
[DEBUG] Base64 decoded length: 96
   ✓ Got session token
[2/3] Decoding token...
[DEBUG] Challenge message length: 100
[DEBUG] Offset: 310
[DEBUG] Decoded challenge length: 100
[DEBUG] Token bytes length: 96
[DEBUG] Final token length: 96
[DEBUG] Final token: 913313d6856157ac3562b49bfdb6954ad1cd276fb6a53457581af037f9d0a884bca234129aa8a1122bb0833fc0d113f5
[DEBUG] Token: 913313d6856157ac3562b49bfdb6954ad1cd276fb6a53457581af037f9d0a884bca234129aa8a1122bb0833fc0d113f5
   ✓ Token decoded (length: 96)
[3/3] Connecting...

[DEBUG] WebSocket URL: wss://kahoot.it/cometd/4911577/913313d6856157ac3562b49bfdb6954ad1cd276fb6a53457581af037f9d0a884bca234129aa8a1122bb0833fc0d113f5
✓ Connected to WebSocket
[DEBUG] SEND handshake
[DEBUG] RECV: /meta/handshake 
✓ Handshake OK, clientId: 95h6c6tcpwphy09r16gu9dpjqgpx4
[DEBUG] SEND connect (first)
[DEBUG] RECV: /meta/connect 
[DEBUG] SEND connect (second)
[DEBUG] SEND login Bot11-v57
[DEBUG] RECV: /service/status status
[DEBUG] RECV: /meta/connect 
[DEBUG] RECV: /service/controller 

⚠ Timeout - check if name appears in Kahoot lobby
[DEBUG] WebSocket closed: 1005

=== FAILED ===
Error: Connection closed (1005)
