
=== Kahoot Auto-Join ===
Game PIN: 8927125
Player: Bot10-2zz

[1/3] Getting session token...
[DEBUG] Session token (raw): MXViQihdZGcpX0p0X3o6U3IjfgkGUBp+B09TDFQObkhqdmBLABUKBkZhPCxSdBtHL2cmXglRHSUEEgx5BGVQCGNbBkRSNTYDXGxZT08zBGYPCAYzYH1mbQdWQX5tKCF4
[DEBUG] Session token length: 128
[DEBUG] Base64 decoded length: 96
   ✓ Got session token
[2/3] Decoding token...
[DEBUG] Challenge message length: 100
[DEBUG] Offset: 1040
[DEBUG] Decoded challenge length: 100
[DEBUG] Token bytes length: 96
[DEBUG] Final token length: 96
[DEBUG] Final token: f827c599cc3854d15f5acdb239f9853807688b4b04bfd4a0b7dde1ed0ca617f356072daaa3953d057ffb741417478ba7
[DEBUG] Token: f827c599cc3854d15f5acdb239f9853807688b4b04bfd4a0b7dde1ed0ca617f356072daaa3953d057ffb741417478ba7
   ✓ Token decoded (length: 96)
[3/3] Connecting...

[DEBUG] WebSocket URL: wss://kahoot.it/cometd/8927125/f827c599cc3854d15f5acdb239f9853807688b4b04bfd4a0b7dde1ed0ca617f356072daaa3953d057ffb741417478ba7
✓ Connected to WebSocket
[DEBUG] SEND handshake
[DEBUG] RECV: /meta/handshake 
✓ Handshake OK, clientId: boj01wadcbcamgx3m63oglat095qc
[DEBUG] SEND connect (first)
[DEBUG] RECV: /meta/connect 
[DEBUG] SEND connect (second)
[DEBUG] SEND login Bot10-2zz
[DEBUG] RECV: /service/controller loginResponse
✓ Login successful! CID: 145473465
[DEBUG] SEND namerator message

=== SUCCESS ===
Listening for game events... (Ctrl+C to exit)

[DEBUG] RECV: /meta/connect 
[DEBUG] RECV: /service/controller 
[DEBUG] RECV: /service/controller 
[DEBUG] RECV: /meta/connect 
[DEBUG] RECV: /meta/connect 
[DEBUG] RECV: /meta/connect 
[DEBUG] RECV: /meta/connect 
[DEBUG] RECV: /meta/connect 
[DEBUG] RECV: /meta/connect 
[DEBUG] RECV: /meta/connect 
[DEBUG] RECV: /meta/connect 
[DEBUG] RECV: /meta/connect 
[DEBUG] RECV: /meta/connect 
[DEBUG] RECV: /meta/connect 
[DEBUG] RECV: /meta/connect 
[DEBUG] RECV: /meta/connect 
[DEBUG] RECV: /meta/connect 
[DEBUG] RECV: /meta/connect 
[DEBUG] RECV: /meta/connect 
[DEBUG] RECV: /meta/connect 
[DEBUG] RECV: /meta/connect 
[DEBUG] RECV: /meta/connect 
[DEBUG] RECV: /meta/connect 
[DEBUG] RECV: /meta/connect 
