
=== Kahoot Auto-Join ===
Game PIN: 4911577
Player: Bot11-cns

[1/3] Getting session token...
[DEBUG] Session token (raw): CiQJW3YBB251FSQFcw9YJlA8XiBkNFVmKw98HhVuckxZU2x0NggKTWpiLkVoBydcKCFfZnJVcGBNd10gSF5ZU31YR19cBFZiUGx4F1wPbVRJa15UXnBofyVIfAIEaVdi
[DEBUG] Session token length: 128
[DEBUG] Base64 decoded length: 96
   ✓ Got session token
[2/3] Decoding token...
[DEBUG] Challenge message length: 100
[DEBUG] Offset: 13745590
[DEBUG] Decoded challenge length: 100
[DEBUG] Token bytes length: 96
[DEBUG] Final token length: 96
[DEBUG] Final token: 6b3c5a165ee9545aff4f4ed5db2ea8956b27d3d851d957a5dba1220262bd3cd59845ef00b83dc38f297bb534b1478399
[DEBUG] Token: 6b3c5a165ee9545aff4f4ed5db2ea8956b27d3d851d957a5dba1220262bd3cd59845ef00b83dc38f297bb534b1478399
   ✓ Token decoded (length: 96)
[3/3] Connecting...

[DEBUG] WebSocket URL: wss://kahoot.it/cometd/4911577/6b3c5a165ee9545aff4f4ed5db2ea8956b27d3d851d957a5dba1220262bd3cd59845ef00b83dc38f297bb534b1478399
✓ Connected to WebSocket
[DEBUG] SEND handshake
[DEBUG] RECV: /meta/handshake 
✓ Handshake OK, clientId: 95ddt5pgrl3jzz4334q2e2b5d2tz
[DEBUG] SEND connect (first)
[DEBUG] RECV: /meta/connect 
[DEBUG] SEND connect (second)
[DEBUG] SEND login Bot11-cns
[DEBUG] RECV: /service/status status
[DEBUG] RECV: /meta/connect 
[DEBUG] RECV: /service/controller 

⚠ Timeout - check if name appears in Kahoot lobby
[DEBUG] WebSocket closed: 1005

=== FAILED ===
Error: Connection closed (1005)
