
=== Kahoot Auto-Join ===
Game PIN: 7599004
Player: Bot1-55y

[1/3] Getting session token...
[DEBUG] Session token (raw): UGt0DFNxD0VPXjAKVVoOCVgHVAB9NlgDcQUVSU47CQ9wMw1LIzUTWSEDDUJlEkNTW2Asd3dVZwAFa19UR3AeDWMMWXVoNRIObFRpAC4MAVkWXUwMDWxZCykffAdcAntH
[DEBUG] Session token length: 128
[DEBUG] Base64 decoded length: 96
   ✓ Got session token
[2/3] Decoding token...
[DEBUG] Challenge message length: 100
[DEBUG] Offset: 239397
[DEBUG] Decoded challenge length: 100
[DEBUG] Token bytes length: 96
[DEBUG] Final token length: 96
[DEBUG] Final token: d36765865eb5975b1e565f3d6dc84ec71f68fafca8650b1310f38334111e72b60af55fa78308d83af5966812cc53eb65
[DEBUG] Token: d36765865eb5975b1e565f3d6dc84ec71f68fafca8650b1310f38334111e72b60af55fa78308d83af5966812cc53eb65
   ✓ Token decoded (length: 96)
[3/3] Connecting...

[DEBUG] WebSocket URL: wss://kahoot.it/cometd/7599004/d36765865eb5975b1e565f3d6dc84ec71f68fafca8650b1310f38334111e72b60af55fa78308d83af5966812cc53eb65
✓ Connected to WebSocket
[DEBUG] SEND handshake
[DEBUG] RECV: /meta/handshake 
✓ Handshake OK, clientId: bpt825i1ukw7bt3y1y1obz4idnxfy
[DEBUG] SEND connect (first)
[DEBUG] RECV: /meta/connect 
[DEBUG] SEND connect (second)
[DEBUG] SEND login Bot1-55y
[DEBUG] RECV: /service/controller loginResponse
✓ Login successful! CID: 1919300760
[DEBUG] SEND namerator message

=== SUCCESS ===
Listening for game events... (Ctrl+C to exit)

[DEBUG] RECV: /meta/connect 
[DEBUG] RECV: /service/controller 
[DEBUG] RECV: /service/controller 
[DEBUG] RECV: /service/status status
✓ Game is ACTIVE
[DEBUG] RECV: /service/player message

🎉 JOINED AS: Bot1-55y
   Player CID: 1919300760
[DEBUG] RECV: /meta/connect 
[DEBUG] RECV: /service/player message
[DEBUG] RECV: /meta/connect 
