
=== Kahoot Auto-Join ===
Game PIN: 7599004
Player: Bot19-smz

[1/3] Getting session token...
[DEBUG] Session token (raw): VDktBj1tKU0JV2V5JghZTzNAchBAXlNoIAVCFHIZcWIBE10YDQF+VxcpUDFYWRAZUW9XCwRUUndMVR1CAQpeDD4EKlBTB0klNHoLUDoAbyBIJFhUB2kXdABTQxhxbSJt
[DEBUG] Session token length: 128
[DEBUG] Base64 decoded length: 96
   ✓ Got session token
[2/3] Decoding token...
[DEBUG] Challenge message length: 100
[DEBUG] Offset: 544
[DEBUG] Decoded challenge length: 100
[DEBUG] Token bytes length: 96
[DEBUG] Final token length: 96
[DEBUG] Final token: aaaaa7d63d59a444d10f8b28a08a8e392dbc658faeed44ac1756ad8772e647b0b4a4812af4a7b58e8e49a7b3ab9c28a0
[DEBUG] Token: aaaaa7d63d59a444d10f8b28a08a8e392dbc658faeed44ac1756ad8772e647b0b4a4812af4a7b58e8e49a7b3ab9c28a0
   ✓ Token decoded (length: 96)
[3/3] Connecting...

[DEBUG] WebSocket URL: wss://kahoot.it/cometd/7599004/aaaaa7d63d59a444d10f8b28a08a8e392dbc658faeed44ac1756ad8772e647b0b4a4812af4a7b58e8e49a7b3ab9c28a0
✓ Connected to WebSocket
[DEBUG] SEND handshake
[DEBUG] RECV: /meta/handshake 
✓ Handshake OK, clientId: bpqefohhobaj0uxe24hlcahvubck
[DEBUG] SEND connect (first)
[DEBUG] RECV: /meta/connect 
[DEBUG] SEND connect (second)
[DEBUG] SEND login Bot19-smz
[DEBUG] RECV: /service/controller loginResponse
✓ Login successful! CID: 130502322
[DEBUG] SEND namerator message

=== SUCCESS ===
Listening for game events... (Ctrl+C to exit)

[DEBUG] RECV: /meta/connect 
[DEBUG] RECV: /service/controller 
[DEBUG] RECV: /service/controller 
[DEBUG] RECV: /meta/connect 
[DEBUG] RECV: /meta/connect 
[DEBUG] RECV: /meta/connect 
[DEBUG] RECV: /meta/connect 
[DEBUG] RECV: /meta/connect 
[DEBUG] RECV: /meta/connect 
[DEBUG] RECV: /meta/connect 
[DEBUG] RECV: /meta/connect 
[DEBUG] RECV: /meta/connect 
[DEBUG] RECV: /meta/connect 
[DEBUG] RECV: /meta/connect 
[DEBUG] RECV: /meta/connect 
[DEBUG] RECV: /meta/connect 
[DEBUG] RECV: /meta/connect 
[DEBUG] RECV: /meta/connect 
[DEBUG] RECV: /meta/connect 
[DEBUG] RECV: /meta/connect 
[DEBUG] RECV: /meta/connect 
[DEBUG] RECV: /meta/connect 
[DEBUG] RECV: /meta/connect 
[DEBUG] RECV: /meta/connect 
[DEBUG] RECV: /meta/connect 
[DEBUG] RECV: /meta/connect 
[DEBUG] RECV: /meta/connect 
[DEBUG] RECV: /meta/connect 
[DEBUG] RECV: /meta/connect 
[DEBUG] RECV: /meta/connect 
[DEBUG] RECV: /meta/connect 
[DEBUG] RECV: /meta/connect 
[DEBUG] RECV: /meta/connect 
