
=== Kahoot Auto-Join ===
Game PIN: 4911577
Player: Bot14-hhy

[1/3] Getting session token...
[DEBUG] Session token (raw): dCFfJkl7BVdHSUwyO0AAfQ10SxULfFNXLD0SczBSAwI+BFcXYGRaIVRrETNaL2x4DRdpMhEGQ3ozBjpxXwAHflJCDHNVBl5hbUMWbCV1BRNYfwMKBWFVK3V3UyxkMAlQ
[DEBUG] Session token length: 128
[DEBUG] Base64 decoded length: 96
   ✓ Got session token
[2/3] Decoding token...
[DEBUG] Challenge message length: 100
[DEBUG] Offset: 325
[DEBUG] Decoded challenge length: 100
[DEBUG] Token bytes length: 96
[DEBUG] Final token length: 96
[DEBUG] Final token: 5a0a27a3290eb633227eb4ecdcd1fae2f25e641a97cf7d715e7cd696e6e41f01a0a8c45698c0c4af46f2a19a94fd3b4c
[DEBUG] Token: 5a0a27a3290eb633227eb4ecdcd1fae2f25e641a97cf7d715e7cd696e6e41f01a0a8c45698c0c4af46f2a19a94fd3b4c
   ✓ Token decoded (length: 96)
[3/3] Connecting...

[DEBUG] WebSocket URL: wss://kahoot.it/cometd/4911577/5a0a27a3290eb633227eb4ecdcd1fae2f25e641a97cf7d715e7cd696e6e41f01a0a8c45698c0c4af46f2a19a94fd3b4c
✓ Connected to WebSocket
[DEBUG] SEND handshake
[DEBUG] RECV: /meta/handshake 
✓ Handshake OK, clientId: 95bz3gy8rt1qulm21vc50cy20zbme
[DEBUG] SEND connect (first)
[DEBUG] RECV: /meta/connect 
[DEBUG] SEND connect (second)
[DEBUG] SEND login Bot14-hhy
[DEBUG] RECV: /service/status status
[DEBUG] RECV: /meta/connect 
[DEBUG] RECV: /service/controller 

⚠ Timeout - check if name appears in Kahoot lobby
[DEBUG] WebSocket closed: 1005

=== FAILED ===
Error: Connection closed (1005)
