
=== Kahoot Auto-Join ===
Game PIN: 4911577
Player: Bot16-g3z

[1/3] Getting session token...
[DEBUG] Session token (raw): Ym8qXHwqdjhJWVQLPjZfOG5TdyVyUAorIwxuB2wECENFDVwSWGIIKgd4AC57CV1BLXJRYXVLKgUFIGJeQnoyfFxHRQ1BQwICVlksWg03OVE0AjtuYippA2tddARzfBIi
[DEBUG] Session token length: 128
[DEBUG] Base64 decoded length: 96
   ✓ Got session token
[2/3] Decoding token...
[DEBUG] Challenge message length: 100
[DEBUG] Offset: 2345
[DEBUG] Decoded challenge length: 100
[DEBUG] Token bytes length: 96
[DEBUG] Final token length: 96
[DEBUG] Final token: 17c35c9b556bda7f130d187add2e6a0760bd463e000b33b4c7f492d75f3d71b9111b005558beadb1dec78b92528e04ac
[DEBUG] Token: 17c35c9b556bda7f130d187add2e6a0760bd463e000b33b4c7f492d75f3d71b9111b005558beadb1dec78b92528e04ac
   ✓ Token decoded (length: 96)
[3/3] Connecting...

[DEBUG] WebSocket URL: wss://kahoot.it/cometd/4911577/17c35c9b556bda7f130d187add2e6a0760bd463e000b33b4c7f492d75f3d71b9111b005558beadb1dec78b92528e04ac
✓ Connected to WebSocket
[DEBUG] SEND handshake
[DEBUG] RECV: /meta/handshake 
✓ Handshake OK, clientId: 95dlu12jzgqebv66ynt60zh7yyww
[DEBUG] SEND connect (first)
[DEBUG] RECV: /meta/connect 
[DEBUG] SEND connect (second)
[DEBUG] SEND login Bot16-g3z
[DEBUG] RECV: /service/status status
[DEBUG] RECV: /meta/connect 
[DEBUG] RECV: /service/controller 

⚠ Timeout - check if name appears in Kahoot lobby
[DEBUG] WebSocket closed: 1005

=== FAILED ===
Error: Connection closed (1005)
