
=== Kahoot Auto-Join ===
Game PIN: 4911577
Player: Bot18-66o

[1/3] Getting session token...
[DEBUG] Session token (raw): XQheGEdRSQR5W291NlsDBQZHEwEnXFJzPwtrcTtUNm1GJlNZAV56dnsiXlx9eBF/RWoXN1sCCjoNIlwKRkJvSghWeFgNMxhkc0cFFw5ZAFRdfmxoZjQmDwVcPzBQX3tC
[DEBUG] Session token length: 128
[DEBUG] Base64 decoded length: 96
   ✓ Got session token
[2/3] Decoding token...
[DEBUG] Challenge message length: 100
[DEBUG] Offset: 34683942
[DEBUG] Decoded challenge length: 100
[DEBUG] Token bytes length: 96
[DEBUG] Final token length: 96
[DEBUG] Final token: 30da159c7087abc1e4dcaae8df75b1c37de9a8213b0006b578db1f6b0ffb06064d5acfd061fdc7ee77204bf72ebb1c89
[DEBUG] Token: 30da159c7087abc1e4dcaae8df75b1c37de9a8213b0006b578db1f6b0ffb06064d5acfd061fdc7ee77204bf72ebb1c89
   ✓ Token decoded (length: 96)
[3/3] Connecting...

[DEBUG] WebSocket URL: wss://kahoot.it/cometd/4911577/30da159c7087abc1e4dcaae8df75b1c37de9a8213b0006b578db1f6b0ffb06064d5acfd061fdc7ee77204bf72ebb1c89
✓ Connected to WebSocket
[DEBUG] SEND handshake
[DEBUG] RECV: /meta/handshake 
✓ Handshake OK, clientId: 95lojh0f223dqbuouez1ib2h9zyk
[DEBUG] SEND connect (first)
[DEBUG] RECV: /meta/connect 
[DEBUG] SEND connect (second)
[DEBUG] SEND login Bot18-66o
[DEBUG] RECV: /service/status status
[DEBUG] RECV: /meta/connect 
[DEBUG] RECV: /service/controller 

⚠ Timeout - check if name appears in Kahoot lobby
[DEBUG] WebSocket closed: 1005

=== FAILED ===
Error: Connection closed (1005)
