
=== Kahoot Auto-Join ===
Game PIN: 4911577
Player: Bot19-kyy

[1/3] Getting session token...
[DEBUG] Session token (raw): VFYuFW9fVk9KV2lTBwYRAn0lfz5BAVNYDwpbClxQX0dcAxNTYiJ9DnxcUFxBPRhsUwoNAlMrW1E9L3xRDnoJAXpMeWZgFDhYQllLX2xbL1FQNnQ9BnQPfTRDfHxfdQBt
[DEBUG] Session token length: 128
[DEBUG] Base64 decoded length: 96
   ✓ Got session token
[2/3] Decoding token...
[DEBUG] Challenge message length: 100
[DEBUG] Offset: 6133
[DEBUG] Decoded challenge length: 100
[DEBUG] Token bytes length: 96
[DEBUG] Final token length: 96
[DEBUG] Final token: 6dca3888250e84aa7a4b90e57374c8d7caa11a1b59ae9fc3a55bad93fe4a681095895dcc2e3509f1fa8ed0f7c5216777
[DEBUG] Token: 6dca3888250e84aa7a4b90e57374c8d7caa11a1b59ae9fc3a55bad93fe4a681095895dcc2e3509f1fa8ed0f7c5216777
   ✓ Token decoded (length: 96)
[3/3] Connecting...

[DEBUG] WebSocket URL: wss://kahoot.it/cometd/4911577/6dca3888250e84aa7a4b90e57374c8d7caa11a1b59ae9fc3a55bad93fe4a681095895dcc2e3509f1fa8ed0f7c5216777
✓ Connected to WebSocket
[DEBUG] SEND handshake
[DEBUG] RECV: /meta/handshake 
✓ Handshake OK, clientId: 95jaeff07kjf9ayu5cpu5xrc0kux
[DEBUG] SEND connect (first)
[DEBUG] RECV: /meta/connect 
[DEBUG] SEND connect (second)
[DEBUG] SEND login Bot19-kyy
[DEBUG] RECV: /service/status status
[DEBUG] RECV: /meta/connect 
[DEBUG] RECV: /service/controller 

⚠ Timeout - check if name appears in Kahoot lobby
[DEBUG] WebSocket closed: 1005

=== FAILED ===
Error: Connection closed (1005)
