
=== Kahoot Auto-Join ===
Game PIN: 1161786
Player: Bot1-dx0

[1/3] Getting session token...
[DEBUG] Session token (raw): ByFldklYUS9iHmomP3JgWT86eHoVPgJ9VGpeTTtWPwsYYVAEWwRMKWU6FQ5zZUQiCCcYUQoFdgl4MXF+MRowLnFmJykIdVkxWw5ja3tVFHdAeXZoD05hBQV9dnsOGwdh
[DEBUG] Session token length: 128
[DEBUG] Base64 decoded length: 96
   ✓ Got session token
[2/3] Decoding token...
[DEBUG] Challenge message length: 100
[DEBUG] Offset: 164603
[DEBUG] Decoded challenge length: 100
[DEBUG] Token bytes length: 96
[DEBUG] Final token length: 96
[DEBUG] Final token: ad411f2e0e9ca68cdc27ead35838c5d6b1bbde4e5faa692d1dcd08032b70ecbd68bb54ead09773d897453855c371cbe8
[DEBUG] Token: ad411f2e0e9ca68cdc27ead35838c5d6b1bbde4e5faa692d1dcd08032b70ecbd68bb54ead09773d897453855c371cbe8
   ✓ Token decoded (length: 96)
[3/3] Connecting...

[DEBUG] WebSocket URL: wss://kahoot.it/cometd/1161786/ad411f2e0e9ca68cdc27ead35838c5d6b1bbde4e5faa692d1dcd08032b70ecbd68bb54ead09773d897453855c371cbe8
✓ Connected to WebSocket
[DEBUG] SEND handshake
[DEBUG] RECV: /meta/handshake 
✓ Handshake OK, clientId: bofq4k8fi5ue58891tn7sevf6t6tl
[DEBUG] SEND connect (first)
[DEBUG] RECV: /meta/connect 
[DEBUG] SEND connect (second)
[DEBUG] SEND login Bot1-dx0
[DEBUG] RECV: /service/controller loginResponse
✓ Login successful! CID: 1998422899
[DEBUG] SEND namerator message

=== SUCCESS ===
Listening for game events... (Ctrl+C to exit)

[DEBUG] RECV: /meta/connect 
[DEBUG] RECV: /service/controller 
[DEBUG] RECV: /service/controller 
[DEBUG] RECV: /meta/connect 
[DEBUG] RECV: /meta/connect 
[DEBUG] RECV: /meta/connect 
