
=== Kahoot Auto-Join ===
Game PIN: 4911577
Player: Bot12-s4b

[1/3] Getting session token...
[DEBUG] Session token (raw): PGZlDjILZ2FWYmcoVgMyT2tuSkABRVtoeVUiJHdTYwtZCVYPIWYSCwpVQAFCWgNdVwwkBggGCVh+Vm5oX1EPJjNaZGZSRw5ZEFVZWVBqA2IBd2RWBUVdByhjTFQBZEAc
[DEBUG] Session token length: 128
[DEBUG] Base64 decoded length: 96
   ✓ Got session token
[2/3] Decoding token...
[DEBUG] Challenge message length: 100
[DEBUG] Offset: 260076
[DEBUG] Decoded challenge length: 100
[DEBUG] Token bytes length: 96
[DEBUG] Final token length: 96
[DEBUG] Final token: c965fc70d37a2fc45913911547df402c0cabb2d6024671b0babf648f4e366faed303d5c2de0035a7a65106a2a149e53f
[DEBUG] Token: c965fc70d37a2fc45913911547df402c0cabb2d6024671b0babf648f4e366faed303d5c2de0035a7a65106a2a149e53f
   ✓ Token decoded (length: 96)
[3/3] Connecting...

[DEBUG] WebSocket URL: wss://kahoot.it/cometd/4911577/c965fc70d37a2fc45913911547df402c0cabb2d6024671b0babf648f4e366faed303d5c2de0035a7a65106a2a149e53f
✓ Connected to WebSocket
[DEBUG] SEND handshake
[DEBUG] RECV: /meta/handshake 
✓ Handshake OK, clientId: 95dk1t2geewm2i2i6qjkuxu19gmk8
[DEBUG] SEND connect (first)
[DEBUG] RECV: /meta/connect 
[DEBUG] SEND connect (second)
[DEBUG] SEND login Bot12-s4b
[DEBUG] RECV: /service/status status
[DEBUG] RECV: /meta/connect 
[DEBUG] RECV: /service/controller 

⚠ Timeout - check if name appears in Kahoot lobby
[DEBUG] WebSocket closed: 1005

=== FAILED ===
Error: Connection closed (1005)
