
=== Kahoot Auto-Join ===
Game PIN: 7599004
Player: Bot12-ncs

[1/3] Getting session token...
[DEBUG] Session token (raw): b396I2NbAgICMQYSFQhfflVRYGhhSi48Rww8XgINU1cPbgFyFnYQbFVnUnF5Wys0YVhWcUFiB3sqMkVMZE5UNA8JD31oK19HDwRdUzBmBiwPIXFZXTlabgh4SVIqInVs
[DEBUG] Session token length: 128
[DEBUG] Base64 decoded length: 96
   ✓ Got session token
[2/3] Decoding token...
[DEBUG] Challenge message length: 100
[DEBUG] Offset: 251220
[DEBUG] Decoded challenge length: 100
[DEBUG] Token bytes length: 96
[DEBUG] Final token length: 96
[DEBUG] Final token: 189c0ab67bafeb363c7740fe79c290e0b030d4f207f51cee9c164033ce7472fd60f79bd79542e81e2c8d8d875187be99
[DEBUG] Token: 189c0ab67bafeb363c7740fe79c290e0b030d4f207f51cee9c164033ce7472fd60f79bd79542e81e2c8d8d875187be99
   ✓ Token decoded (length: 96)
[3/3] Connecting...

[DEBUG] WebSocket URL: wss://kahoot.it/cometd/7599004/189c0ab67bafeb363c7740fe79c290e0b030d4f207f51cee9c164033ce7472fd60f79bd79542e81e2c8d8d875187be99
✓ Connected to WebSocket
[DEBUG] SEND handshake
[DEBUG] RECV: /meta/handshake 
✓ Handshake OK, clientId: bpq61x7wmnn1qsp2z18wc543g2ytzs
[DEBUG] SEND connect (first)
[DEBUG] RECV: /meta/connect 
[DEBUG] SEND connect (second)
[DEBUG] SEND login Bot12-ncs
[DEBUG] RECV: /service/controller loginResponse
✓ Login successful! CID: 1982933246
[DEBUG] SEND namerator message

=== SUCCESS ===
Listening for game events... (Ctrl+C to exit)

[DEBUG] RECV: /meta/connect 
[DEBUG] RECV: /service/controller 
[DEBUG] RECV: /service/controller 
[DEBUG] RECV: /meta/connect 
[DEBUG] RECV: /meta/connect 
[DEBUG] RECV: /meta/connect 
[DEBUG] RECV: /meta/connect 
[DEBUG] RECV: /meta/connect 
[DEBUG] RECV: /meta/connect 
[DEBUG] RECV: /meta/connect 
[DEBUG] RECV: /meta/connect 
[DEBUG] RECV: /meta/connect 
[DEBUG] RECV: /meta/connect 
[DEBUG] RECV: /meta/connect 
[DEBUG] RECV: /meta/connect 
[DEBUG] RECV: /meta/connect 
[DEBUG] RECV: /meta/connect 
[DEBUG] RECV: /meta/connect 
[DEBUG] RECV: /meta/connect 
[DEBUG] RECV: /meta/connect 
[DEBUG] RECV: /meta/connect 
[DEBUG] RECV: /meta/connect 
[DEBUG] RECV: /meta/connect 
[DEBUG] RECV: /meta/connect 
[DEBUG] RECV: /meta/connect 
[DEBUG] RECV: /meta/connect 
[DEBUG] RECV: /meta/connect 
[DEBUG] RECV: /meta/connect 
[DEBUG] RECV: /meta/connect 
[DEBUG] RECV: /meta/connect 
[DEBUG] RECV: /meta/connect 
[DEBUG] RECV: /meta/connect 
[DEBUG] RECV: /meta/connect 
