
=== Kahoot Auto-Join ===
Game PIN: 4911577
Player: Bot15-3wx

[1/3] Getting session token...
[DEBUG] Session token (raw): MmkDBSEkBXRVVwQLcgxYc1AWCQgCXWxpEnNaYFN5QQcQBmsHCnN+ASgkRlJVCAAxEgEMMgNUX0QKIEp3Xh9hCGlzblY0AwtaCwA7DANkAVF6U14EAVAHRlpHUCMwfkQM
[DEBUG] Session token length: 128
[DEBUG] Base64 decoded length: 96
   ✓ Got session token
[2/3] Decoding token...
[DEBUG] Challenge message length: 100
[DEBUG] Offset: 1961
[DEBUG] Decoded challenge length: 100
[DEBUG] Token bytes length: 96
[DEBUG] Final token length: 96
[DEBUG] Final token: f189eae908283f150e51ae37c2c4b288c87e138cea63f26fd03c1591cc066d1a5713d03fb9d23027314d0ff4036ec428
[DEBUG] Token: f189eae908283f150e51ae37c2c4b288c87e138cea63f26fd03c1591cc066d1a5713d03fb9d23027314d0ff4036ec428
   ✓ Token decoded (length: 96)
[3/3] Connecting...

[DEBUG] WebSocket URL: wss://kahoot.it/cometd/4911577/f189eae908283f150e51ae37c2c4b288c87e138cea63f26fd03c1591cc066d1a5713d03fb9d23027314d0ff4036ec428
✓ Connected to WebSocket
[DEBUG] SEND handshake
[DEBUG] RECV: /meta/handshake 
✓ Handshake OK, clientId: 95df1ieoimx0bnwox2m23ko2e5cm
[DEBUG] SEND connect (first)
[DEBUG] RECV: /meta/connect 
[DEBUG] SEND connect (second)
[DEBUG] SEND login Bot15-3wx
[DEBUG] RECV: /service/status status
[DEBUG] RECV: /meta/connect 
[DEBUG] RECV: /service/controller 

⚠ Timeout - check if name appears in Kahoot lobby
[DEBUG] WebSocket closed: 1005

=== FAILED ===
Error: Connection closed (1005)
