
=== Kahoot Auto-Join ===
Game PIN: 7599004
Player: Bot1-4u7

[1/3] Getting session token...
[DEBUG] Session token (raw): ZFcBPiEbZydhWlknUjp2YnUzLE0HDV1zCEN4M10TDSNeD2t7c3IMO2IyCGkuOVZ7ZgNkBiQFSUsBD1JEWFFzUkJ8BEs4bEJFARxHagJlRggCMnlQAH9PdgBTVGAZUE8q
[DEBUG] Session token length: 128
[DEBUG] Base64 decoded length: 96
   ✓ Got session token
[2/3] Decoding token...
[DEBUG] Challenge message length: 100
[DEBUG] Offset: 270
[DEBUG] Decoded challenge length: 100
[DEBUG] Token bytes length: 96
[DEBUG] Final token length: 96
[DEBUG] Final token: 395cfa3e218ffa473ea5ca08837b8b8b193922da3f33ba47786aa5035d1252676327d3801e77226eea27e048b207af3a
[DEBUG] Token: 395cfa3e218ffa473ea5ca08837b8b8b193922da3f33ba47786aa5035d1252676327d3801e77226eea27e048b207af3a
   ✓ Token decoded (length: 96)
[3/3] Connecting...

[DEBUG] WebSocket URL: wss://kahoot.it/cometd/7599004/395cfa3e218ffa473ea5ca08837b8b8b193922da3f33ba47786aa5035d1252676327d3801e77226eea27e048b207af3a
✓ Connected to WebSocket
[DEBUG] SEND handshake
[DEBUG] RECV: /meta/handshake 
✓ Handshake OK, clientId: bppj1tef9hcyu34lm15cwsq6kf6t33
[DEBUG] SEND connect (first)
[DEBUG] RECV: /meta/connect 
[DEBUG] SEND connect (second)
[DEBUG] SEND login Bot1-4u7
[DEBUG] RECV: /service/controller loginResponse
✓ Login successful! CID: 335581847
[DEBUG] SEND namerator message

=== SUCCESS ===
Listening for game events... (Ctrl+C to exit)

[DEBUG] RECV: /meta/connect 
[DEBUG] RECV: /service/controller 
[DEBUG] RECV: /service/controller 
[DEBUG] RECV: /meta/connect 
[DEBUG] RECV: /meta/connect 
[DEBUG] RECV: /meta/connect 
[DEBUG] RECV: /meta/connect 
[DEBUG] RECV: /meta/connect 
[DEBUG] RECV: /meta/connect 
[DEBUG] RECV: /meta/connect 
[DEBUG] RECV: /meta/connect 
[DEBUG] RECV: /meta/connect 
[DEBUG] RECV: /meta/connect 
[DEBUG] RECV: /meta/connect 
[DEBUG] RECV: /meta/connect 
[DEBUG] RECV: /meta/connect 
[DEBUG] RECV: /meta/connect 
[DEBUG] RECV: /meta/connect 
[DEBUG] RECV: /meta/connect 
[DEBUG] RECV: /meta/connect 
[DEBUG] RECV: /meta/connect 
[DEBUG] RECV: /meta/connect 
[DEBUG] RECV: /meta/connect 
[DEBUG] RECV: /meta/connect 
[DEBUG] RECV: /meta/connect 
[DEBUG] RECV: /meta/connect 
[DEBUG] RECV: /meta/connect 
[DEBUG] RECV: /meta/connect 
[DEBUG] RECV: /meta/connect 
[DEBUG] RECV: /meta/connect 
[DEBUG] RECV: /meta/connect 
[DEBUG] RECV: /meta/connect 
[DEBUG] RECV: /meta/connect 
[DEBUG] RECV: /meta/connect 
