
=== Kahoot Auto-Join ===
Game PIN: 4911577
Player: Bot16-587

[1/3] Getting session token...
[DEBUG] Session token (raw): RHVQWVNOWhAEe0sOPXVZRG5LBQoITmQ6J0tzbg0Pb0N1dTVnDVsORH5tQ3pCDVpzZWRsd3gOaGpsMlNwXHVdXQ81DnJ+TQpWbT0pOVpAbwkBBl9ZHicJMQ5ICC1BZWx4
[DEBUG] Session token length: 128
[DEBUG] Base64 decoded length: 96
   ✓ Got session token
[2/3] Decoding token...
[DEBUG] Challenge message length: 100
[DEBUG] Offset: 187065484
[DEBUG] Decoded challenge length: 100
[DEBUG] Token bytes length: 96
[DEBUG] Final token length: 96
[DEBUG] Final token: 72bbc2fc111ff1b70098846ab228ae2922b031c605921479041500182fc3c3b11d2176fc3daee354c4f1dbea239d2983
[DEBUG] Token: 72bbc2fc111ff1b70098846ab228ae2922b031c605921479041500182fc3c3b11d2176fc3daee354c4f1dbea239d2983
   ✓ Token decoded (length: 96)
[3/3] Connecting...

[DEBUG] WebSocket URL: wss://kahoot.it/cometd/4911577/72bbc2fc111ff1b70098846ab228ae2922b031c605921479041500182fc3c3b11d2176fc3daee354c4f1dbea239d2983
✓ Connected to WebSocket
[DEBUG] SEND handshake
[DEBUG] RECV: /meta/handshake 
✓ Handshake OK, clientId: 95gi1baxwumforqsyrr5gl9n9m3xq
[DEBUG] SEND connect (first)
[DEBUG] RECV: /meta/connect 
[DEBUG] SEND connect (second)
[DEBUG] SEND login Bot16-587
[DEBUG] RECV: /service/status status
[DEBUG] RECV: /meta/connect 
[DEBUG] RECV: /service/controller 

⚠ Timeout - check if name appears in Kahoot lobby
[DEBUG] WebSocket closed: 1005

=== FAILED ===
Error: Connection closed (1005)
