
=== Kahoot Auto-Join ===
Game PIN: 4911577
Player: Bot14-9xg

[1/3] Getting session token...
[DEBUG] Session token (raw): BAcOdzFjTFZWXUN4D2UBVHkuVWEPAAZCAlA3EVh5C2IgRQwFUXxhJlpnAnYQVFQSUVEhUT98X3p9GwxUP3VndBNVU19hQB4TcGFOCV9cVVVebTt8QHoXYjASQ2tWOgIi
[DEBUG] Session token length: 128
[DEBUG] Base64 decoded length: 96
   ✓ Got session token
[2/3] Decoding token...
[DEBUG] Challenge message length: 100
[DEBUG] Offset: 199604880
[DEBUG] Decoded challenge length: 100
[DEBUG] Token bytes length: 96
[DEBUG] Final token length: 96
[DEBUG] Final token: 9e34f0582510e97e1f23264064cf8197a11b708d7146d0ad21f8f9029cbce510faa035ba6723aa3f00b952f0cc791d8d
[DEBUG] Token: 9e34f0582510e97e1f23264064cf8197a11b708d7146d0ad21f8f9029cbce510faa035ba6723aa3f00b952f0cc791d8d
   ✓ Token decoded (length: 96)
[3/3] Connecting...

[DEBUG] WebSocket URL: wss://kahoot.it/cometd/4911577/9e34f0582510e97e1f23264064cf8197a11b708d7146d0ad21f8f9029cbce510faa035ba6723aa3f00b952f0cc791d8d
✓ Connected to WebSocket
[DEBUG] SEND handshake
[DEBUG] RECV: /meta/handshake 
✓ Handshake OK, clientId: 95g9k23j0ru1m7xo1rctxwpsiglno
[DEBUG] SEND connect (first)
[DEBUG] RECV: /meta/connect 
[DEBUG] SEND connect (second)
[DEBUG] SEND login Bot14-9xg
[DEBUG] RECV: /service/status status
[DEBUG] RECV: /meta/connect 
[DEBUG] RECV: /service/controller 

⚠ Timeout - check if name appears in Kahoot lobby
[DEBUG] WebSocket closed: 1005

=== FAILED ===
Error: Connection closed (1005)
