
=== Kahoot Auto-Join ===
Game PIN: 7599004
Player: Bot14-lp6

[1/3] Getting session token...
[DEBUG] Session token (raw): QF9jWDcBU1AqEVsaB2hycQ9mUUkMbz9UbgEIQX5ZbmF+UhQgYmpIAAATd1FtQ2kEP2txQn8lL3lAcgcLaQhFDjxmAQdZChQ+LxdlXmhGLkFVVz9XUAsBPHxXJwoPWFlb
[DEBUG] Session token length: 128
[DEBUG] Base64 decoded length: 96
   ✓ Got session token
[2/3] Decoding token...
[DEBUG] Challenge message length: 100
[DEBUG] Offset: 39103
[DEBUG] Decoded challenge length: 100
[DEBUG] Token bytes length: 96
[DEBUG] Final token length: 96
[DEBUG] Final token: 042ffe99ed4a84430620f4eb4920816717bf3384bd1f7250e0961fc677bc5226d58ceccfee1e36b00dc0a0fd8bb26247
[DEBUG] Token: 042ffe99ed4a84430620f4eb4920816717bf3384bd1f7250e0961fc677bc5226d58ceccfee1e36b00dc0a0fd8bb26247
   ✓ Token decoded (length: 96)
[3/3] Connecting...

[DEBUG] WebSocket URL: wss://kahoot.it/cometd/7599004/042ffe99ed4a84430620f4eb4920816717bf3384bd1f7250e0961fc677bc5226d58ceccfee1e36b00dc0a0fd8bb26247
✓ Connected to WebSocket
[DEBUG] SEND handshake
[DEBUG] RECV: /meta/handshake 
✓ Handshake OK, clientId: bpq31rh1eop6ty7t7lyi1f06oiexj
[DEBUG] SEND connect (first)
[DEBUG] RECV: /meta/connect 
[DEBUG] SEND connect (second)
[DEBUG] SEND login Bot14-lp6
[DEBUG] RECV: /service/controller loginResponse
✓ Login successful! CID: 1566659082
[DEBUG] SEND namerator message

=== SUCCESS ===
Listening for game events... (Ctrl+C to exit)

[DEBUG] RECV: /meta/connect 
[DEBUG] RECV: /service/controller 
[DEBUG] RECV: /service/controller 
[DEBUG] RECV: /meta/connect 
[DEBUG] RECV: /meta/connect 
[DEBUG] RECV: /meta/connect 
[DEBUG] RECV: /meta/connect 
[DEBUG] RECV: /meta/connect 
[DEBUG] RECV: /meta/connect 
[DEBUG] RECV: /meta/connect 
[DEBUG] RECV: /meta/connect 
[DEBUG] RECV: /meta/connect 
[DEBUG] RECV: /meta/connect 
[DEBUG] RECV: /meta/connect 
[DEBUG] RECV: /meta/connect 
[DEBUG] RECV: /meta/connect 
[DEBUG] RECV: /meta/connect 
[DEBUG] RECV: /meta/connect 
[DEBUG] RECV: /meta/connect 
[DEBUG] RECV: /meta/connect 
[DEBUG] RECV: /meta/connect 
[DEBUG] RECV: /meta/connect 
[DEBUG] RECV: /meta/connect 
[DEBUG] RECV: /meta/connect 
[DEBUG] RECV: /meta/connect 
[DEBUG] RECV: /meta/connect 
[DEBUG] RECV: /meta/connect 
[DEBUG] RECV: /meta/connect 
[DEBUG] RECV: /meta/connect 
[DEBUG] RECV: /meta/connect 
[DEBUG] RECV: /meta/connect 
[DEBUG] RECV: /meta/connect 
[DEBUG] RECV: /meta/connect 
