
=== Kahoot Auto-Join ===
Game PIN: 4911577
Player: Bot12-pfw

[1/3] Getting session token...
[DEBUG] Session token (raw): ST9XKEVnV0VaFxEDS1E4MjdvClxQIV48USd7fFkESVZBcn8UIUAvLX1zMR5qBy1GWFpydGUfVxAkXQdhWF0qaztQRFxaaVZqfDAFCFkUXwtZPVpWU20NZVRYVXVgVV5V
[DEBUG] Session token length: 128
[DEBUG] Base64 decoded length: 96
   ✓ Got session token
[2/3] Decoding token...
[DEBUG] Challenge message length: 100
[DEBUG] Offset: 43262
[DEBUG] Decoded challenge length: 100
[DEBUG] Token bytes length: 96
[DEBUG] Final token length: 96
[DEBUG] Final token: 8d7a25d47fc92adaf9586a8b9e173685978ea8cf35db17f3d9943d3aca1632c7de5943530d844eca6dc100b62c622df0
[DEBUG] Token: 8d7a25d47fc92adaf9586a8b9e173685978ea8cf35db17f3d9943d3aca1632c7de5943530d844eca6dc100b62c622df0
   ✓ Token decoded (length: 96)
[3/3] Connecting...

[DEBUG] WebSocket URL: wss://kahoot.it/cometd/4911577/8d7a25d47fc92adaf9586a8b9e173685978ea8cf35db17f3d9943d3aca1632c7de5943530d844eca6dc100b62c622df0
✓ Connected to WebSocket
[DEBUG] SEND handshake
[DEBUG] RECV: /meta/handshake 
✓ Handshake OK, clientId: 95iw1z8jh2tmqu6ppvy13asdlgav
[DEBUG] SEND connect (first)
[DEBUG] RECV: /meta/connect 
[DEBUG] SEND connect (second)
[DEBUG] SEND login Bot12-pfw
[DEBUG] RECV: /service/status status
[DEBUG] RECV: /meta/connect 
[DEBUG] RECV: /service/controller 

⚠ Timeout - check if name appears in Kahoot lobby
[DEBUG] WebSocket closed: 1005

=== FAILED ===
Error: Connection closed (1005)
