
=== Kahoot Auto-Join ===
Game PIN: 1519134
Player: Bot1-nrd

[1/3] Getting session token...
[DEBUG] Session token (raw): CGVwZxoNUUQBe1ALTERXeUELFFhfXAlKcU4NWAZJS00NR1BsKTxvUWFqCxcANwZLAGx+UzEMPAV8YV8ICwZwC0EoBHRVWFdRBx9hCkRXKlFwYEFbFHhqfVx1Yw9cD38Q
[DEBUG] Session token length: 128
[DEBUG] Base64 decoded length: 96
   ✓ Got session token
[2/3] Decoding token...
[DEBUG] Challenge message length: 100
[DEBUG] Offset: 463
[DEBUG] Decoded challenge length: 100
[DEBUG] Token bytes length: 96
[DEBUG] Final token length: 96
[DEBUG] Final token: 9535be94a39748f784d22550397473183497ed6472bb1e380785a1f419fee67b3f812f5d8d308fee422dc1834400d85e
[DEBUG] Token: 9535be94a39748f784d22550397473183497ed6472bb1e380785a1f419fee67b3f812f5d8d308fee422dc1834400d85e
   ✓ Token decoded (length: 96)
[3/3] Connecting...

[DEBUG] WebSocket URL: wss://kahoot.it/cometd/1519134/9535be94a39748f784d22550397473183497ed6472bb1e380785a1f419fee67b3f812f5d8d308fee422dc1834400d85e
✓ Connected to WebSocket
[DEBUG] SEND handshake
[DEBUG] RECV: /meta/handshake 
✓ Handshake OK, clientId: by7p1incg5sfj9uc61r4x0247915v3
[DEBUG] SEND connect (first)
[DEBUG] RECV: /meta/connect 
[DEBUG] SEND connect (second)
[DEBUG] SEND login Bot1-nrd
[DEBUG] RECV: /service/controller loginResponse
✓ Login successful! CID: 1497301781
[DEBUG] SEND namerator message

=== SUCCESS ===
Listening for game events... (Ctrl+C to exit)

[DEBUG] RECV: /meta/connect 
[DEBUG] RECV: /service/controller 
[DEBUG] RECV: /service/controller 
[DEBUG] RECV: /service/status status
✓ Game is ACTIVE
[DEBUG] RECV: /service/player message

🎉 JOINED AS: Bot1-nrd
   Player CID: 1497301781
[DEBUG] RECV: /service/player message
[DEBUG] RECV: /service/player message
[DEBUG] RECV: /meta/connect 
