
=== Kahoot Auto-Join ===
Game PIN: 4911577
Player: Bot16-yky

[1/3] Getting session token...
[DEBUG] Session token (raw): EyQIFFZxQQ5cKXROcmU1aFFZCwYFan1AMUtsC15eQVZ1WHlDJ2txYCkOCmIJQF5ecXAVZxNbBg8DNUhYC1o3Tk9XUUtmbVlRbntvDGlDETZVLlQCDCNvWA1cUw9dCixU
[DEBUG] Session token length: 128
[DEBUG] Base64 decoded length: 96
   ✓ Got session token
[2/3] Decoding token...
[DEBUG] Challenge message length: 100
[DEBUG] Offset: 3227
[DEBUG] Decoded challenge length: 100
[DEBUG] Token bytes length: 96
[DEBUG] Final token length: 96
[DEBUG] Final token: ef7d262aca4849f4dd8e8977b71510532305c782e2b6648245a5a80dbb1c6dc87ee0001f594b95badafecc89953843fb
[DEBUG] Token: ef7d262aca4849f4dd8e8977b71510532305c782e2b6648245a5a80dbb1c6dc87ee0001f594b95badafecc89953843fb
   ✓ Token decoded (length: 96)
[3/3] Connecting...

[DEBUG] WebSocket URL: wss://kahoot.it/cometd/4911577/ef7d262aca4849f4dd8e8977b71510532305c782e2b6648245a5a80dbb1c6dc87ee0001f594b95badafecc89953843fb
✓ Connected to WebSocket
[DEBUG] SEND handshake
[DEBUG] RECV: /meta/handshake 
✓ Handshake OK, clientId: 95kcg6799f7chnqvncjhwowldc65
[DEBUG] SEND connect (first)
[DEBUG] RECV: /meta/connect 
[DEBUG] SEND connect (second)
[DEBUG] SEND login Bot16-yky
[DEBUG] RECV: /service/status status
[DEBUG] RECV: /meta/connect 
[DEBUG] RECV: /service/controller 

⚠ Timeout - check if name appears in Kahoot lobby
[DEBUG] WebSocket closed: 1005

=== FAILED ===
Error: Connection closed (1005)
