
=== Kahoot Auto-Join ===
Game PIN: 4911577
Player: Bot1-6mu

[1/3] Getting session token...
[DEBUG] Session token (raw): XVgzcG4qBWEWeiAOd3QgVzghDApfWnwvWTZSXgZ8THFRQlF8O00DCUJvEgR6Cnw+HTJWCTNaSwZdIxAYXltVVlcqCnsfMU5MdwhCblwMTWFAPW5bCQ1Ra28LCHgPYz0M
[DEBUG] Session token length: 128
[DEBUG] Base64 decoded length: 96
   ✓ Got session token
[2/3] Decoding token...
[DEBUG] Challenge message length: 100
[DEBUG] Offset: 9896334
[DEBUG] Decoded challenge length: 100
[DEBUG] Token bytes length: 96
[DEBUG] Final token length: 96
[DEBUG] Final token: 21e13c12e7ca49e3bdc1ed2d4ef5869658e0c69975dd9c5aaabea02bcfdc479a1de7ef869839cc174d02fe206da497c9
[DEBUG] Token: 21e13c12e7ca49e3bdc1ed2d4ef5869658e0c69975dd9c5aaabea02bcfdc479a1de7ef869839cc174d02fe206da497c9
   ✓ Token decoded (length: 96)
[3/3] Connecting...

[DEBUG] WebSocket URL: wss://kahoot.it/cometd/4911577/21e13c12e7ca49e3bdc1ed2d4ef5869658e0c69975dd9c5aaabea02bcfdc479a1de7ef869839cc174d02fe206da497c9
✓ Connected to WebSocket
[DEBUG] SEND handshake
[DEBUG] RECV: /meta/handshake 
✓ Handshake OK, clientId: 95gh1lkf04lxmt7381354c97n6z554
[DEBUG] SEND connect (first)
[DEBUG] RECV: /meta/connect 
[DEBUG] SEND connect (second)
[DEBUG] SEND login Bot1-6mu
[DEBUG] RECV: /service/status status
[DEBUG] RECV: /meta/connect 
[DEBUG] RECV: /service/controller 

⚠ Timeout - check if name appears in Kahoot lobby
[DEBUG] WebSocket closed: 1005

=== FAILED ===
Error: Connection closed (1005)
