
=== Kahoot Auto-Join ===
Game PIN: 4911577
Player: Bot18-r38

[1/3] Getting session token...
[DEBUG] Session token (raw): PF9zVyJHZg08DnxCRSdWXRZrUHhGARFXdERdd2YpP14AXlxxdQ1YDQEFaGtkWGowGVAICXAPBVwCAgcYAk5TMlxmako6SGsDJAFpY31tNkNSZXhGXRJdaEAVUwl6NytY
[DEBUG] Session token length: 128
[DEBUG] Base64 decoded length: 96
   ✓ Got session token
[2/3] Decoding token...
[DEBUG] Challenge message length: 100
[DEBUG] Offset: 9631514
[DEBUG] Decoded challenge length: 100
[DEBUG] Token bytes length: 96
[DEBUG] Final token length: 96
[DEBUG] Final token: b884a026ed560d34b66835e584528fc9b75321776987787ab5ee170a608ca6be8199f456c25773c2b773fa914fde8daf
[DEBUG] Token: b884a026ed560d34b66835e584528fc9b75321776987787ab5ee170a608ca6be8199f456c25773c2b773fa914fde8daf
   ✓ Token decoded (length: 96)
[3/3] Connecting...

[DEBUG] WebSocket URL: wss://kahoot.it/cometd/4911577/b884a026ed560d34b66835e584528fc9b75321776987787ab5ee170a608ca6be8199f456c25773c2b773fa914fde8daf
✓ Connected to WebSocket
[DEBUG] SEND handshake
[DEBUG] RECV: /meta/handshake 
✓ Handshake OK, clientId: 95du1equjzl146snzojcczyy0c09l
[DEBUG] SEND connect (first)
[DEBUG] RECV: /meta/connect 
[DEBUG] SEND connect (second)
[DEBUG] SEND login Bot18-r38
[DEBUG] RECV: /service/status status
[DEBUG] RECV: /meta/connect 
[DEBUG] RECV: /service/controller 

⚠ Timeout - check if name appears in Kahoot lobby
[DEBUG] WebSocket closed: 1005

=== FAILED ===
Error: Connection closed (1005)
