
=== Kahoot Auto-Join ===
Game PIN: 4911577
Player: Bot11-63s

[1/3] Getting session token...
[DEBUG] Session token (raw): NmYHCDx/CQlDWw1feUxSWHwNXwUHXi0KDQEHbVpSCQR/B0lDWQgDDFBCZ3sJQQ5WQ2AFDysBagNkKwBoOyxddH09DwpfZl0bWEBzeExiXlNGGEVjW0dke1cTBntcXhpG
[DEBUG] Session token length: 128
[DEBUG] Base64 decoded length: 96
   ✓ Got session token
[2/3] Decoding token...
[DEBUG] Challenge message length: 100
[DEBUG] Offset: 2808
[DEBUG] Decoded challenge length: 100
[DEBUG] Token bytes length: 96
[DEBUG] Final token length: 96
[DEBUG] Final token: b386d6b10dfa06c723436fdbbda53d484904192cd93373286421f0200b07fb725aeb66bab48376753c57c733dc8682a2
[DEBUG] Token: b386d6b10dfa06c723436fdbbda53d484904192cd93373286421f0200b07fb725aeb66bab48376753c57c733dc8682a2
   ✓ Token decoded (length: 96)
[3/3] Connecting...

[DEBUG] WebSocket URL: wss://kahoot.it/cometd/4911577/b386d6b10dfa06c723436fdbbda53d484904192cd93373286421f0200b07fb725aeb66bab48376753c57c733dc8682a2
✓ Connected to WebSocket
[DEBUG] SEND handshake
[DEBUG] RECV: /meta/handshake 
✓ Handshake OK, clientId: 95i912vnesezjegfo193c52zgwuiju
[DEBUG] SEND connect (first)
[DEBUG] RECV: /meta/connect 
[DEBUG] SEND connect (second)
[DEBUG] SEND login Bot11-63s
[DEBUG] RECV: /service/status status
[DEBUG] RECV: /meta/connect 
[DEBUG] RECV: /service/controller 

⚠ Timeout - check if name appears in Kahoot lobby
[DEBUG] WebSocket closed: 1005

=== FAILED ===
Error: Connection closed (1005)
