
=== Kahoot Auto-Join ===
Game PIN: 4911577
Player: Bot1-t1c

[1/3] Getting session token...
[DEBUG] Session token (raw): YnJXREx1XiRbdBRCPmd0P1M4CA0Nd2hMa05AAlghTFFFeylWUBt9PmBqcVB3dAhXIgdVDE84DE0ucW1DbjAVAAESSxIfbSciRltrDkZsSHVxZQ9EFGN2fExUD2NjcVkV
[DEBUG] Session token length: 128
[DEBUG] Base64 decoded length: 96
   ✓ Got session token
[2/3] Decoding token...
[DEBUG] Challenge message length: 100
[DEBUG] Offset: 1980636
[DEBUG] Decoded challenge length: 100
[DEBUG] Token bytes length: 96
[DEBUG] Final token length: 96
[DEBUG] Final token: 861650ba28d9a41b7e19d22796820e7e94c91c9c124b833fd9858b86b4054ef06b0ad3ba7611664846e0b52278a958ad
[DEBUG] Token: 861650ba28d9a41b7e19d22796820e7e94c91c9c124b833fd9858b86b4054ef06b0ad3ba7611664846e0b52278a958ad
   ✓ Token decoded (length: 96)
[3/3] Connecting...

[DEBUG] WebSocket URL: wss://kahoot.it/cometd/4911577/861650ba28d9a41b7e19d22796820e7e94c91c9c124b833fd9858b86b4054ef06b0ad3ba7611664846e0b52278a958ad
✓ Connected to WebSocket
[DEBUG] SEND handshake
[DEBUG] RECV: /meta/handshake 
✓ Handshake OK, clientId: 95i11i1mufsjqo7cd1jz8blcrrs4sp
[DEBUG] SEND connect (first)
[DEBUG] RECV: /meta/connect 
[DEBUG] SEND connect (second)
[DEBUG] SEND login Bot1-t1c
[DEBUG] RECV: /service/status status
[DEBUG] RECV: /meta/connect 
[DEBUG] RECV: /service/controller 

⚠ Timeout - check if name appears in Kahoot lobby
[DEBUG] WebSocket closed: 1005

=== FAILED ===
Error: Connection closed (1005)
