
=== Kahoot Auto-Join ===
Game PIN: 4911577
Player: Bot29-y4s

[1/3] Getting session token...
[DEBUG] Session token (raw): V0IPAiRZBHgFSVl3EFJcf0ldXn1QUl1vCAFnVk9vCxdTPCVZMA5sfg9CGilSYF5pXV1WagRpE0hLElNeDDVlNAIXdwISERh+N0JEaS1VDWlbXH1QI2ttDENOZQpeDGox
[DEBUG] Session token length: 128
[DEBUG] Base64 decoded length: 96
   ✓ Got session token
[2/3] Decoding token...
[DEBUG] Challenge message length: 100
[DEBUG] Offset: 283
[DEBUG] Decoded challenge length: 100
[DEBUG] Token bytes length: 96
[DEBUG] Final token length: 96
[DEBUG] Final token: 38ebbe673289dbf68739ba225405687e5ea2cf95b7cf64e4f949e3c22a806a4bff46baa7c462e1c94630b33b99998e4b
[DEBUG] Token: 38ebbe673289dbf68739ba225405687e5ea2cf95b7cf64e4f949e3c22a806a4bff46baa7c462e1c94630b33b99998e4b
   ✓ Token decoded (length: 96)
[3/3] Connecting...

[DEBUG] WebSocket URL: wss://kahoot.it/cometd/4911577/38ebbe673289dbf68739ba225405687e5ea2cf95b7cf64e4f949e3c22a806a4bff46baa7c462e1c94630b33b99998e4b
✓ Connected to WebSocket
[DEBUG] SEND handshake
[DEBUG] RECV: /meta/handshake 
✓ Handshake OK, clientId: 95gr7u6ehtr97ujq1lwcyxt6fcrgx
[DEBUG] SEND connect (first)
[DEBUG] RECV: /meta/connect 
[DEBUG] SEND connect (second)
[DEBUG] SEND login Bot29-y4s
[DEBUG] RECV: /service/status status
[DEBUG] RECV: /meta/connect 
[DEBUG] RECV: /service/controller 

⚠ Timeout - check if name appears in Kahoot lobby
[DEBUG] WebSocket closed: 1005

=== FAILED ===
Error: Connection closed (1005)
