
=== Kahoot Auto-Join ===
Game PIN: 7599004
Player: Bot27-uwz

[1/3] Getting session token...
[DEBUG] Session token (raw): U3FxXQp6A18Wc1RQKScvQ2pEWnFyEQd4BTwKaAB7Ai9uDSdbBRMsc3ZfCV0GXjpcDjomOQMoaTNTC0sEP0dgem8GBBcmFiJ4DVdadAECOFc4BlgZDk5fYE5jOGgCYGlH
[DEBUG] Session token length: 128
[DEBUG] Base64 decoded length: 96
   ✓ Got session token
[2/3] Decoding token...
[DEBUG] Challenge message length: 100
[DEBUG] Offset: 929
[DEBUG] Decoded challenge length: 100
[DEBUG] Token bytes length: 96
[DEBUG] Final token length: 96
[DEBUG] Final token: f00c2019b131aae455048e24fba6f2eb9ac65be82b5f34ec8edb1b1ef014c5992e1ddaa3269667e4bbfc22f399d7d594
[DEBUG] Token: f00c2019b131aae455048e24fba6f2eb9ac65be82b5f34ec8edb1b1ef014c5992e1ddaa3269667e4bbfc22f399d7d594
   ✓ Token decoded (length: 96)
[3/3] Connecting...

[DEBUG] WebSocket URL: wss://kahoot.it/cometd/7599004/f00c2019b131aae455048e24fba6f2eb9ac65be82b5f34ec8edb1b1ef014c5992e1ddaa3269667e4bbfc22f399d7d594
✓ Connected to WebSocket
[DEBUG] SEND handshake
[DEBUG] RECV: /meta/handshake 
✓ Handshake OK, clientId: bpqmtjud43h32tm10t1lhw34wm88
[DEBUG] SEND connect (first)
[DEBUG] RECV: /meta/connect 
[DEBUG] SEND connect (second)
[DEBUG] SEND login Bot27-uwz
[DEBUG] RECV: /service/controller loginResponse
✓ Login successful! CID: 857186819
[DEBUG] SEND namerator message

=== SUCCESS ===
Listening for game events... (Ctrl+C to exit)

[DEBUG] RECV: /meta/connect 
[DEBUG] RECV: /service/controller 
[DEBUG] RECV: /service/controller 
[DEBUG] RECV: /meta/connect 
[DEBUG] RECV: /meta/connect 
[DEBUG] RECV: /meta/connect 
[DEBUG] RECV: /meta/connect 
[DEBUG] RECV: /meta/connect 
[DEBUG] RECV: /meta/connect 
[DEBUG] RECV: /meta/connect 
[DEBUG] RECV: /meta/connect 
[DEBUG] RECV: /meta/connect 
[DEBUG] RECV: /meta/connect 
[DEBUG] RECV: /meta/connect 
[DEBUG] RECV: /meta/connect 
[DEBUG] RECV: /meta/connect 
[DEBUG] RECV: /meta/connect 
[DEBUG] RECV: /meta/connect 
[DEBUG] RECV: /meta/connect 
[DEBUG] RECV: /meta/connect 
[DEBUG] RECV: /meta/connect 
[DEBUG] RECV: /meta/connect 
[DEBUG] RECV: /meta/connect 
[DEBUG] RECV: /meta/connect 
[DEBUG] RECV: /meta/connect 
[DEBUG] RECV: /meta/connect 
[DEBUG] RECV: /meta/connect 
[DEBUG] RECV: /meta/connect 
[DEBUG] RECV: /meta/connect 
[DEBUG] RECV: /meta/connect 
[DEBUG] RECV: /meta/connect 
[DEBUG] RECV: /meta/connect 
[DEBUG] RECV: /meta/connect 
