
=== Kahoot Auto-Join ===
Game PIN: 7599004
Player: Bot24-3pk

[1/3] Getting session token...
[DEBUG] Session token (raw): aSRBNGkHAHkTWXAWJFtHHns9bwNWd2RcVUZiX10IcV94M2dTUR8GK2Irck4EU1NKfQNoQE1SBW9CRRVhcARLCFtbAgYkDW1TMhFqYjU4BFFvVwcmUgIwBVR3BGw6WVQD
[DEBUG] Session token length: 128
[DEBUG] Base64 decoded length: 96
   ✓ Got session token
[2/3] Decoding token...
[DEBUG] Challenge message length: 100
[DEBUG] Offset: 4452800
[DEBUG] Decoded challenge length: 100
[DEBUG] Token bytes length: 96
[DEBUG] Final token length: 96
[DEBUG] Final token: 5d1d0ef9bb9daf6f7b94108b123dda238b20bf3c1e59c8a631641ca337b1539ba8e1ce88aa71ad81102b8cff38d0df83
[DEBUG] Token: 5d1d0ef9bb9daf6f7b94108b123dda238b20bf3c1e59c8a631641ca337b1539ba8e1ce88aa71ad81102b8cff38d0df83
   ✓ Token decoded (length: 96)
[3/3] Connecting...

[DEBUG] WebSocket URL: wss://kahoot.it/cometd/7599004/5d1d0ef9bb9daf6f7b94108b123dda238b20bf3c1e59c8a631641ca337b1539ba8e1ce88aa71ad81102b8cff38d0df83
✓ Connected to WebSocket
[DEBUG] SEND handshake
[DEBUG] RECV: /meta/handshake 
✓ Handshake OK, clientId: bpqon9ddzuyv2brqetkwfiysx9jz
[DEBUG] SEND connect (first)
[DEBUG] RECV: /meta/connect 
[DEBUG] SEND connect (second)
[DEBUG] SEND login Bot24-3pk
[DEBUG] RECV: /service/controller loginResponse
✓ Login successful! CID: 358987835
[DEBUG] SEND namerator message

=== SUCCESS ===
Listening for game events... (Ctrl+C to exit)

[DEBUG] RECV: /meta/connect 
[DEBUG] RECV: /service/controller 
[DEBUG] RECV: /service/controller 
[DEBUG] RECV: /meta/connect 
[DEBUG] RECV: /meta/connect 
[DEBUG] RECV: /meta/connect 
[DEBUG] RECV: /meta/connect 
[DEBUG] RECV: /meta/connect 
[DEBUG] RECV: /meta/connect 
[DEBUG] RECV: /meta/connect 
[DEBUG] RECV: /meta/connect 
[DEBUG] RECV: /meta/connect 
[DEBUG] RECV: /meta/connect 
[DEBUG] RECV: /meta/connect 
[DEBUG] RECV: /meta/connect 
[DEBUG] RECV: /meta/connect 
[DEBUG] RECV: /meta/connect 
[DEBUG] RECV: /meta/connect 
[DEBUG] RECV: /meta/connect 
[DEBUG] RECV: /meta/connect 
[DEBUG] RECV: /meta/connect 
[DEBUG] RECV: /meta/connect 
[DEBUG] RECV: /meta/connect 
[DEBUG] RECV: /meta/connect 
[DEBUG] RECV: /meta/connect 
[DEBUG] RECV: /meta/connect 
[DEBUG] RECV: /meta/connect 
[DEBUG] RECV: /meta/connect 
[DEBUG] RECV: /meta/connect 
[DEBUG] RECV: /meta/connect 
[DEBUG] RECV: /meta/connect 
[DEBUG] RECV: /meta/connect 
[DEBUG] RECV: /meta/connect 
