
=== Kahoot Auto-Join ===
Game PIN: 4911577
Player: Bot23-ymo

[1/3] Getting session token...
[DEBUG] Session token (raw): BA5WFwp4CwkDUC14BA0AbmJJRSMAfyYdOVdtNUVnQiBzdDYHOTcPUlY3V09UCUppCgs1Aw4DQhguOlNPUgFlMGBielYwEUQPc2QLUnRSZSNWG04bIFE4XnBCfVpeWllo
[DEBUG] Session token length: 128
[DEBUG] Base64 decoded length: 96
   ✓ Got session token
[2/3] Decoding token...
[DEBUG] Challenge message length: 100
[DEBUG] Offset: 854
[DEBUG] Decoded challenge length: 100
[DEBUG] Token bytes length: 96
[DEBUG] Final token length: 96
[DEBUG] Final token: 361d74ca7ca57104302ce3ddbc8a398e96ffaf48cf85c8806ca4e40abff99c2c047fba2987478e1b9c7be1cf23825902
[DEBUG] Token: 361d74ca7ca57104302ce3ddbc8a398e96ffaf48cf85c8806ca4e40abff99c2c047fba2987478e1b9c7be1cf23825902
   ✓ Token decoded (length: 96)
[3/3] Connecting...

[DEBUG] WebSocket URL: wss://kahoot.it/cometd/4911577/361d74ca7ca57104302ce3ddbc8a398e96ffaf48cf85c8806ca4e40abff99c2c047fba2987478e1b9c7be1cf23825902
✓ Connected to WebSocket
[DEBUG] SEND handshake
[DEBUG] RECV: /meta/handshake 
✓ Handshake OK, clientId: 95ga1jwpt6jg2wfiu11kod105r1hwl
[DEBUG] SEND connect (first)
[DEBUG] RECV: /meta/connect 
[DEBUG] SEND connect (second)
[DEBUG] SEND login Bot23-ymo
[DEBUG] RECV: /service/status status
[DEBUG] RECV: /meta/connect 
[DEBUG] RECV: /service/controller 

⚠ Timeout - check if name appears in Kahoot lobby
[DEBUG] WebSocket closed: 1005

=== FAILED ===
Error: Connection closed (1005)
