
=== Kahoot Auto-Join ===
Game PIN: 4911577
Player: Bot28-h5i

[1/3] Getting session token...
[DEBUG] Session token (raw): Whd9IzFTF1BzCDBUWUUvBQIBCV4FCRBeDEkzaQ9yDWIKWQFMD3BEI2Zaf24XLWsOamACVwRSDFM+VHNkWxZUT2AIXio4c2FULwhQQ1ZaallBT3RSc3xKbSU4XlcHH2NY
[DEBUG] Session token length: 128
[DEBUG] Base64 decoded length: 96
   ✓ Got session token
[2/3] Decoding token...
[DEBUG] Challenge message length: 100
[DEBUG] Offset: 2014
[DEBUG] Decoded challenge length: 100
[DEBUG] Token bytes length: 96
[DEBUG] Final token length: 96
[DEBUG] Final token: ff1df7c666aeb4e7314695c098d0b4f2b1a7c28d9c51df82786988aba4434a24246aa302b0471f21565e9401bd7bcf48
[DEBUG] Token: ff1df7c666aeb4e7314695c098d0b4f2b1a7c28d9c51df82786988aba4434a24246aa302b0471f21565e9401bd7bcf48
   ✓ Token decoded (length: 96)
[3/3] Connecting...

[DEBUG] WebSocket URL: wss://kahoot.it/cometd/4911577/ff1df7c666aeb4e7314695c098d0b4f2b1a7c28d9c51df82786988aba4434a24246aa302b0471f21565e9401bd7bcf48
✓ Connected to WebSocket
[DEBUG] SEND handshake
[DEBUG] RECV: /meta/handshake 
✓ Handshake OK, clientId: 95lr1bff7zmnn6jzl18i6icvzuebr1
[DEBUG] SEND connect (first)
[DEBUG] RECV: /meta/connect 
[DEBUG] SEND connect (second)
[DEBUG] SEND login Bot28-h5i
[DEBUG] RECV: /service/status status
[DEBUG] RECV: /meta/connect 
[DEBUG] RECV: /service/controller 

⚠ Timeout - check if name appears in Kahoot lobby
[DEBUG] WebSocket closed: 1005

=== FAILED ===
Error: Connection closed (1005)
