
=== Kahoot Auto-Join ===
Game PIN: 7599004
Player: Bot25-scy

[1/3] Getting session token...
[DEBUG] Session token (raw): YHw5e25GNwNQU2FiXlUyBjBeSV1ZLHd7Y2ZBCVMdOxV4FAYbW0IgGRsBbA1jcygRaAksDwQfeUVDPg4edF0JA3RvP2hpWDQnbyYiDRczdDJ3Ul4EVAAgWx5fe2YtSEV+
[DEBUG] Session token length: 128
[DEBUG] Base64 decoded length: 96
   ✓ Got session token
[2/3] Decoding token...
[DEBUG] Challenge message length: 100
[DEBUG] Offset: 467884
[DEBUG] Decoded challenge length: 100
[DEBUG] Token bytes length: 96
[DEBUG] Final token length: 96
[DEBUG] Final token: 06c544c8dc2997bbfb00de24609d6fbc7eca21cecd2437be12bbfc549e1d9e3768d925da9cabbc8b129188e2bd78b854
[DEBUG] Token: 06c544c8dc2997bbfb00de24609d6fbc7eca21cecd2437be12bbfc549e1d9e3768d925da9cabbc8b129188e2bd78b854
   ✓ Token decoded (length: 96)
[3/3] Connecting...

[DEBUG] WebSocket URL: wss://kahoot.it/cometd/7599004/06c544c8dc2997bbfb00de24609d6fbc7eca21cecd2437be12bbfc549e1d9e3768d925da9cabbc8b129188e2bd78b854
✓ Connected to WebSocket
[DEBUG] SEND handshake
[DEBUG] RECV: /meta/handshake 
✓ Handshake OK, clientId: bpqprce1lkgx3iu4aadjhioxamwt
[DEBUG] SEND connect (first)
[DEBUG] RECV: /meta/connect 
[DEBUG] SEND connect (second)
[DEBUG] SEND login Bot25-scy
[DEBUG] RECV: /service/controller loginResponse
✓ Login successful! CID: 1798324129
[DEBUG] SEND namerator message

=== SUCCESS ===
Listening for game events... (Ctrl+C to exit)

[DEBUG] RECV: /meta/connect 
[DEBUG] RECV: /service/controller 
[DEBUG] RECV: /service/controller 
[DEBUG] RECV: /meta/connect 
[DEBUG] RECV: /meta/connect 
[DEBUG] RECV: /meta/connect 
[DEBUG] RECV: /meta/connect 
[DEBUG] RECV: /meta/connect 
[DEBUG] RECV: /meta/connect 
[DEBUG] RECV: /meta/connect 
[DEBUG] RECV: /meta/connect 
[DEBUG] RECV: /meta/connect 
[DEBUG] RECV: /meta/connect 
[DEBUG] RECV: /meta/connect 
[DEBUG] RECV: /meta/connect 
[DEBUG] RECV: /meta/connect 
[DEBUG] RECV: /meta/connect 
[DEBUG] RECV: /meta/connect 
[DEBUG] RECV: /meta/connect 
[DEBUG] RECV: /meta/connect 
[DEBUG] RECV: /meta/connect 
[DEBUG] RECV: /meta/connect 
[DEBUG] RECV: /meta/connect 
[DEBUG] RECV: /meta/connect 
[DEBUG] RECV: /meta/connect 
[DEBUG] RECV: /meta/connect 
[DEBUG] RECV: /meta/connect 
[DEBUG] RECV: /meta/connect 
[DEBUG] RECV: /meta/connect 
[DEBUG] RECV: /meta/connect 
[DEBUG] RECV: /meta/connect 
[DEBUG] RECV: /meta/connect 
[DEBUG] RECV: /meta/connect 
