
=== Kahoot Auto-Join ===
Game PIN: 4911577
Player: Bot23-tld

[1/3] Getting session token...
[DEBUG] Session token (raw): UHtqZBdBIFJ6ZxUjZGYLBFU2PHFcYwVyfAN3LXNUTQ5GEQ88fQwhZlsBUAIEXG1CYVFFIQwLIRZVUWl9aFpvCQ5SRQcubVFEbmU5VVEOJlARAA5hf1l4Jl4pIF8AWWFM
[DEBUG] Session token length: 128
[DEBUG] Base64 decoded length: 96
   ✓ Got session token
[2/3] Decoding token...
[DEBUG] Challenge message length: 100
[DEBUG] Offset: 1693440
[DEBUG] Decoded challenge length: 100
[DEBUG] Token bytes length: 96
[DEBUG] Final token length: 96
[DEBUG] Final token: 8791a3fe13ad29c52ee6e0477e5d6f841b0f79b7168e5557395dc3deb8360b2a2665f8f831a5afb0ef02376d6fea8a27
[DEBUG] Token: 8791a3fe13ad29c52ee6e0477e5d6f841b0f79b7168e5557395dc3deb8360b2a2665f8f831a5afb0ef02376d6fea8a27
   ✓ Token decoded (length: 96)
[3/3] Connecting...

[DEBUG] WebSocket URL: wss://kahoot.it/cometd/4911577/8791a3fe13ad29c52ee6e0477e5d6f841b0f79b7168e5557395dc3deb8360b2a2665f8f831a5afb0ef02376d6fea8a27
✓ Connected to WebSocket
[DEBUG] SEND handshake
[DEBUG] RECV: /meta/handshake 
✓ Handshake OK, clientId: 95e31an904extwhp112eenurqt0oey
[DEBUG] SEND connect (first)
[DEBUG] RECV: /meta/connect 
[DEBUG] SEND connect (second)
[DEBUG] SEND login Bot23-tld
[DEBUG] RECV: /service/status status
[DEBUG] RECV: /meta/connect 
[DEBUG] RECV: /service/controller 

⚠ Timeout - check if name appears in Kahoot lobby
[DEBUG] WebSocket closed: 1005

=== FAILED ===
Error: Connection closed (1005)
