
=== Kahoot Auto-Join ===
Game PIN: 4911577
Player: Bot2-bb0

[1/3] Getting session token...
[DEBUG] Session token (raw): I0suL1xGV3IOJmBNU0JKUEslVgwfNE41VQ1VDjRRfQk8OgAEYSYKAEt0cmkvWToEXw5IaFkDTG56FgxTBlIFcQMIV1RWN1xUDG4BR1UmdW8ETH80b3QRJg56XQUWUmVB
[DEBUG] Session token length: 128
[DEBUG] Base64 decoded length: 96
   ✓ Got session token
[2/3] Decoding token...
[DEBUG] Challenge message length: 100
[DEBUG] Offset: 249
[DEBUG] Decoded challenge length: 100
[DEBUG] Token bytes length: 96
[DEBUG] Final token length: 96
[DEBUG] Final token: a1af61109f84a7942dfddc7d0764df77dba02e550105baeb8b8696663de99fd858994f9804972d74d78d81ad9441bd56
[DEBUG] Token: a1af61109f84a7942dfddc7d0764df77dba02e550105baeb8b8696663de99fd858994f9804972d74d78d81ad9441bd56
   ✓ Token decoded (length: 96)
[3/3] Connecting...

[DEBUG] WebSocket URL: wss://kahoot.it/cometd/4911577/a1af61109f84a7942dfddc7d0764df77dba02e550105baeb8b8696663de99fd858994f9804972d74d78d81ad9441bd56
✓ Connected to WebSocket
[DEBUG] SEND handshake
[DEBUG] RECV: /meta/handshake 
✓ Handshake OK, clientId: 95lf1qsgqdmfmfi941kak2ywk78zyi
[DEBUG] SEND connect (first)
[DEBUG] RECV: /meta/connect 
[DEBUG] SEND connect (second)
[DEBUG] SEND login Bot2-bb0
[DEBUG] RECV: /service/status status
[DEBUG] RECV: /meta/connect 
[DEBUG] RECV: /service/controller 

⚠ Timeout - check if name appears in Kahoot lobby
[DEBUG] WebSocket closed: 1005

=== FAILED ===
Error: Connection closed (1005)
