
=== Kahoot Auto-Join ===
Game PIN: 4911577
Player: Bot21-vnm

[1/3] Getting session token...
[DEBUG] Session token (raw): KltaV0ZbVRkpHmYfDGcmL2x1ByN7M1wPdGdfVApbDwk7d0osBXZZYQd+NHMNaTx9DHAFdjM0YQ4legIFC1EIc0psVwMPcWUORygWVUUteW0HGjkCCwUAAF5hZmwHD1gj
[DEBUG] Session token length: 128
[DEBUG] Base64 decoded length: 96
   ✓ Got session token
[2/3] Decoding token...
[DEBUG] Challenge message length: 100
[DEBUG] Offset: 74181
[DEBUG] Decoded challenge length: 100
[DEBUG] Token bytes length: 96
[DEBUG] Final token length: 96
[DEBUG] Final token: d9a8386aab1ea5ff063c7f3c85813eaad92b00b038a253b120d0ee0ab2a194a4923af9083dba2c562ca42b3919696faf
[DEBUG] Token: d9a8386aab1ea5ff063c7f3c85813eaad92b00b038a253b120d0ee0ab2a194a4923af9083dba2c562ca42b3919696faf
   ✓ Token decoded (length: 96)
[3/3] Connecting...

[DEBUG] WebSocket URL: wss://kahoot.it/cometd/4911577/d9a8386aab1ea5ff063c7f3c85813eaad92b00b038a253b120d0ee0ab2a194a4923af9083dba2c562ca42b3919696faf
✓ Connected to WebSocket
[DEBUG] SEND handshake
[DEBUG] RECV: /meta/handshake 
✓ Handshake OK, clientId: 95k6gx6oi3b6qjwxr9maeam8jrmf
[DEBUG] SEND connect (first)
[DEBUG] RECV: /meta/connect 
[DEBUG] SEND connect (second)
[DEBUG] SEND login Bot21-vnm
[DEBUG] RECV: /service/status status
[DEBUG] RECV: /meta/connect 
[DEBUG] RECV: /service/controller 

⚠ Timeout - check if name appears in Kahoot lobby
[DEBUG] WebSocket closed: 1005

=== FAILED ===
Error: Connection closed (1005)
