
=== Kahoot Auto-Join ===
Game PIN: 4911577
Player: Bot21-adv

[1/3] Getting session token...
[DEBUG] Session token (raw): aGFuUn8+awgjEjgFWw8PE14MBWMFa1cifGN9L1VhCgQPdTFQe24nXV9iVwQtV3Y9RGlpUSQldg8oDTwHXl9oIAsBImtZVlhGDVFTfRA4UXsDFGYqDAp9bSxfDA4WTHhh
[DEBUG] Session token length: 128
[DEBUG] Base64 decoded length: 96
   ✓ Got session token
[2/3] Decoding token...
[DEBUG] Challenge message length: 100
[DEBUG] Offset: 118
[DEBUG] Decoded challenge length: 100
[DEBUG] Token bytes length: 96
[DEBUG] Final token length: 96
[DEBUG] Final token: 13628d75efdafcadf889b28c307fc87f06b027c080aacd4d6006bf57c9d35e6dd7a2be83d296dab6be5d1137b5b3d403
[DEBUG] Token: 13628d75efdafcadf889b28c307fc87f06b027c080aacd4d6006bf57c9d35e6dd7a2be83d296dab6be5d1137b5b3d403
   ✓ Token decoded (length: 96)
[3/3] Connecting...

[DEBUG] WebSocket URL: wss://kahoot.it/cometd/4911577/13628d75efdafcadf889b28c307fc87f06b027c080aacd4d6006bf57c9d35e6dd7a2be83d296dab6be5d1137b5b3d403
✓ Connected to WebSocket
[DEBUG] SEND handshake
[DEBUG] RECV: /meta/handshake 
✓ Handshake OK, clientId: 95awi2ai7pbral3c1oop33j5dt787
[DEBUG] SEND connect (first)
[DEBUG] RECV: /meta/connect 
[DEBUG] SEND connect (second)
[DEBUG] SEND login Bot21-adv
[DEBUG] RECV: /service/controller 
[DEBUG] RECV: /service/controller loginResponse
✓ Login successful! CID: 1138973985
[DEBUG] SEND namerator message

=== SUCCESS ===
Listening for game events... (Ctrl+C to exit)

[DEBUG] RECV: /meta/connect 
[DEBUG] RECV: /service/controller 
[DEBUG] RECV: /meta/connect 
[DEBUG] RECV: /meta/connect 
[DEBUG] RECV: /meta/connect 
[DEBUG] RECV: /meta/connect 
[DEBUG] RECV: /meta/connect 
[DEBUG] RECV: /meta/connect 
[DEBUG] RECV: /meta/connect 
[DEBUG] RECV: /meta/connect 
[DEBUG] RECV: /meta/connect 
[DEBUG] RECV: /meta/connect 
[DEBUG] RECV: /meta/connect 
[DEBUG] RECV: /meta/connect 
[DEBUG] RECV: /meta/connect 
[DEBUG] RECV: /meta/connect 
[DEBUG] RECV: /meta/connect 
[DEBUG] RECV: /meta/connect 
[DEBUG] RECV: /meta/connect 
[DEBUG] RECV: /meta/connect 
[DEBUG] RECV: /meta/connect 
[DEBUG] RECV: /meta/connect 
[DEBUG] RECV: /meta/connect 
[DEBUG] RECV: /meta/connect 
[DEBUG] RECV: /meta/connect 
[DEBUG] RECV: /meta/connect 
[DEBUG] RECV: /meta/connect 
[DEBUG] RECV: /meta/connect 
[DEBUG] RECV: /meta/connect 
[DEBUG] RECV: /meta/connect 
[DEBUG] RECV: /meta/connect 
[DEBUG] RECV: /meta/connect 
[DEBUG] RECV: /meta/connect 
[DEBUG] RECV: /meta/connect 
[DEBUG] RECV: /meta/connect 
