
=== Kahoot Auto-Join ===
Game PIN: 4911577
Player: Bot28-jma

[1/3] Getting session token...
[DEBUG] Session token (raw): QV1TYzw+YgkOVl83AVc9AGhyBxcSY0JuBylVbg8fTmpsel8ADGcTDkN2Dw1VbWAEZj5iAD8pb25HWVRpI2UDA3QPFWd6bQMdXgUoEnZDcB19MkRxD3UHLE4ZcBNGfUhK
[DEBUG] Session token length: 128
[DEBUG] Base64 decoded length: 96
   ✓ Got session token
[2/3] Decoding token...
[DEBUG] Challenge message length: 100
[DEBUG] Offset: 3305
[DEBUG] Decoded challenge length: 100
[DEBUG] Token bytes length: 96
[DEBUG] Final token length: 96
[DEBUG] Final token: 6c20fc1834baeff1232bc7566b49fe2771bbd7be93ff47093e66fd480da4b25a81b7742fa0dc542e4f30766a9b7d3540
[DEBUG] Token: 6c20fc1834baeff1232bc7566b49fe2771bbd7be93ff47093e66fd480da4b25a81b7742fa0dc542e4f30766a9b7d3540
   ✓ Token decoded (length: 96)
[3/3] Connecting...

[DEBUG] WebSocket URL: wss://kahoot.it/cometd/4911577/6c20fc1834baeff1232bc7566b49fe2771bbd7be93ff47093e66fd480da4b25a81b7742fa0dc542e4f30766a9b7d3540
✓ Connected to WebSocket
[DEBUG] SEND handshake
[DEBUG] RECV: /meta/handshake 
✓ Handshake OK, clientId: 95e01rfnfu0t8k4by103zzixyiq0f
[DEBUG] SEND connect (first)
[DEBUG] RECV: /meta/connect 
[DEBUG] SEND connect (second)
[DEBUG] SEND login Bot28-jma
[DEBUG] RECV: /service/status status
[DEBUG] RECV: /meta/connect 
[DEBUG] RECV: /service/controller 

⚠ Timeout - check if name appears in Kahoot lobby
[DEBUG] WebSocket closed: 1005

=== FAILED ===
Error: Connection closed (1005)
