
=== Kahoot Auto-Join ===
Game PIN: 4911577
Player: Bot2-15h

[1/3] Getting session token...
[DEBUG] Session token (raw): CFA3dAVbBAROUBRhUXELGkFedDhyCU0MBgZlNVNJBiIRCUMCb1kOd1BWVzUOKzRnW1QJDQVRO39ZMAwNNW5TKjZ+eWMNDVMXM1pSCwoKTgNXUDRnXlsvDXgBWlt6IzRL
[DEBUG] Session token length: 128
[DEBUG] Base64 decoded length: 96
   ✓ Got session token
[2/3] Decoding token...
[DEBUG] Challenge message length: 100
[DEBUG] Offset: 26206656
[DEBUG] Decoded challenge length: 100
[DEBUG] Token bytes length: 96
[DEBUG] Final token length: 96
[DEBUG] Final token: 69e0a16420d516dc9a8f9a8d102dd2adec9233f86f8c0fc46debe8c68fb9f4cfd700a0dbaa65f497d3c914f212ee9cf8
[DEBUG] Token: 69e0a16420d516dc9a8f9a8d102dd2adec9233f86f8c0fc46debe8c68fb9f4cfd700a0dbaa65f497d3c914f212ee9cf8
   ✓ Token decoded (length: 96)
[3/3] Connecting...

[DEBUG] WebSocket URL: wss://kahoot.it/cometd/4911577/69e0a16420d516dc9a8f9a8d102dd2adec9233f86f8c0fc46debe8c68fb9f4cfd700a0dbaa65f497d3c914f212ee9cf8
✓ Connected to WebSocket
[DEBUG] SEND handshake
[DEBUG] RECV: /meta/handshake 
✓ Handshake OK, clientId: 95hhxsrfa2jh00j12ngt3uz7pqx9
[DEBUG] SEND connect (first)
[DEBUG] RECV: /meta/connect 
[DEBUG] SEND connect (second)
[DEBUG] SEND login Bot2-15h
[DEBUG] RECV: /service/status status
[DEBUG] RECV: /meta/connect 
[DEBUG] RECV: /service/controller 

⚠ Timeout - check if name appears in Kahoot lobby
[DEBUG] WebSocket closed: 1005

=== FAILED ===
Error: Connection closed (1005)
