
=== Kahoot Auto-Join ===
Game PIN: 4911577
Player: Bot29-w9d

[1/3] Getting session token...
[DEBUG] Session token (raw): VkcmBT4pZlkAUQBZRDoCNlJEDwEECFFTbnAHFglvYRIBFD1VKXUGWWxdVEVoXmNvJSYuYEEpCWM1fkNNWwNnDQ5jD19yPFIPQAVdQU5SblBZfmhzZmpZSUAFG1FWFCUT
[DEBUG] Session token length: 128
[DEBUG] Base64 decoded length: 96
   ✓ Got session token
[2/3] Decoding token...
[DEBUG] Challenge message length: 100
[DEBUG] Offset: 281880060
[DEBUG] Decoded challenge length: 100
[DEBUG] Token bytes length: 96
[DEBUG] Final token length: 96
[DEBUG] Final token: f2c8eb76f12b8b2db566f66845ea983b1fabd1be98564839acc76c02f421a03b274f5c3f87886b34a398540323b91dae
[DEBUG] Token: f2c8eb76f12b8b2db566f66845ea983b1fabd1be98564839acc76c02f421a03b274f5c3f87886b34a398540323b91dae
   ✓ Token decoded (length: 96)
[3/3] Connecting...

[DEBUG] WebSocket URL: wss://kahoot.it/cometd/4911577/f2c8eb76f12b8b2db566f66845ea983b1fabd1be98564839acc76c02f421a03b274f5c3f87886b34a398540323b91dae
✓ Connected to WebSocket
[DEBUG] SEND handshake
[DEBUG] RECV: /meta/handshake 
✓ Handshake OK, clientId: 95li1dwtsyagbdkaplkpypc972rr0
[DEBUG] SEND connect (first)
[DEBUG] RECV: /meta/connect 
[DEBUG] SEND connect (second)
[DEBUG] SEND login Bot29-w9d
[DEBUG] RECV: /service/status status
[DEBUG] RECV: /meta/connect 
[DEBUG] RECV: /service/controller 

⚠ Timeout - check if name appears in Kahoot lobby
[DEBUG] WebSocket closed: 1005

=== FAILED ===
Error: Connection closed (1005)
