
=== Kahoot Auto-Join ===
Game PIN: 4911577
Player: Bot25-2cz

[1/3] Getting session token...
[DEBUG] Session token (raw): VkZRE20pIwMAXl1RYURDAygIUXR6Xx9bBgFoCzYDBUVkBE1WHG5XOBxWcj1zZlcEEjdULAkIGCxlEQl5dAlTE0JtexZwW1huC1l3NWldZDUPDVEIHhAFWlwqDHluMlxW
[DEBUG] Session token length: 128
[DEBUG] Base64 decoded length: 96
   ✓ Got session token
[2/3] Decoding token...
[DEBUG] Challenge message length: 100
[DEBUG] Offset: 1984147227
[DEBUG] Decoded challenge length: 100
[DEBUG] Token bytes length: 96
[DEBUG] Final token length: 96
[DEBUG] Final token: 810f2cfd800f7864c57638ff760cd7752371d38eff6a187ece5de1aa7db406af449a6369991c130f3ccbbb6f2d925baa
[DEBUG] Token: 810f2cfd800f7864c57638ff760cd7752371d38eff6a187ece5de1aa7db406af449a6369991c130f3ccbbb6f2d925baa
   ✓ Token decoded (length: 96)
[3/3] Connecting...

[DEBUG] WebSocket URL: wss://kahoot.it/cometd/4911577/810f2cfd800f7864c57638ff760cd7752371d38eff6a187ece5de1aa7db406af449a6369991c130f3ccbbb6f2d925baa
✓ Connected to WebSocket
[DEBUG] SEND handshake
[DEBUG] RECV: /meta/handshake 
✓ Handshake OK, clientId: 95r210g9gblv0aew41psy66povnx1n
[DEBUG] SEND connect (first)
[DEBUG] RECV: /meta/connect 
[DEBUG] SEND connect (second)
[DEBUG] SEND login Bot25-2cz
[DEBUG] RECV: /service/status status
[DEBUG] RECV: /meta/connect 
[DEBUG] RECV: /service/controller 

⚠ Timeout - check if name appears in Kahoot lobby
[DEBUG] WebSocket closed: 1005

=== FAILED ===
Error: Connection closed (1005)
