
=== Kahoot Auto-Join ===
Game PIN: 4911577
Player: Bot24-zrm

[1/3] Getting session token...
[DEBUG] Session token (raw): WVBTDGZ5LjB/Xy8WUAAJZXIMYglHJm4EDTNpD0ZcLAVbTltQXAA7cH0uA2VRHjUgYE5aV1gOMQAKWUMsYhYDdGgSAAhAHmMScmVdZRtTXWUxNRFdUllWHV9vEQdOAhk0
[DEBUG] Session token length: 128
[DEBUG] Base64 decoded length: 96
   ✓ Got session token
[2/3] Decoding token...
[DEBUG] Challenge message length: 100
[DEBUG] Offset: 4049556
[DEBUG] Decoded challenge length: 100
[DEBUG] Token bytes length: 96
[DEBUG] Final token length: 96
[DEBUG] Final token: 8c3783ec37fa799188601c8f8b1a0adc692177f07e320eae789be9f5b59b2fc10d539d0a2441c252dbdcbeee39d75aaa
[DEBUG] Token: 8c3783ec37fa799188601c8f8b1a0adc692177f07e320eae789be9f5b59b2fc10d539d0a2441c252dbdcbeee39d75aaa
   ✓ Token decoded (length: 96)
[3/3] Connecting...

[DEBUG] WebSocket URL: wss://kahoot.it/cometd/4911577/8c3783ec37fa799188601c8f8b1a0adc692177f07e320eae789be9f5b59b2fc10d539d0a2441c252dbdcbeee39d75aaa
✓ Connected to WebSocket
[DEBUG] SEND handshake
[DEBUG] RECV: /meta/handshake 
✓ Handshake OK, clientId: 95g2dcsphvda7b8eukpsgwgvdiax
[DEBUG] SEND connect (first)
[DEBUG] RECV: /meta/connect 
[DEBUG] SEND connect (second)
[DEBUG] SEND login Bot24-zrm
[DEBUG] RECV: /service/status status
[DEBUG] RECV: /meta/connect 
[DEBUG] RECV: /service/controller 

⚠ Timeout - check if name appears in Kahoot lobby
[DEBUG] WebSocket closed: 1005

=== FAILED ===
Error: Connection closed (1005)
