
=== Kahoot Auto-Join ===
Game PIN: 4911577
Player: Bot25-wlb

[1/3] Getting session token...
[DEBUG] Session token (raw): WA4EKzAnD30GAnVaC0QoKgkIGQdSWxIJVUsJLQ01VVRmKV5yOFF/Fk5sJ2RADEZGInMHLQt7Uy0JYg0kWDMBSCkqAnhXTVIMBRRYVVZYVjMuSTk8BCcGU398UwINPgdX
[DEBUG] Session token length: 128
[DEBUG] Base64 decoded length: 96
   ✓ Got session token
[2/3] Decoding token...
[DEBUG] Challenge message length: 100
[DEBUG] Offset: 131991
[DEBUG] Decoded challenge length: 100
[DEBUG] Token bytes length: 96
[DEBUG] Final token length: 96
[DEBUG] Final token: ed3dce894b53e2cf59b375fc382fcfa52a06bc1a73c64672d79dd1ce423cdf94ce07c7266bdeae2cc9ad2a4478b44ae2
[DEBUG] Token: ed3dce894b53e2cf59b375fc382fcfa52a06bc1a73c64672d79dd1ce423cdf94ce07c7266bdeae2cc9ad2a4478b44ae2
   ✓ Token decoded (length: 96)
[3/3] Connecting...

[DEBUG] WebSocket URL: wss://kahoot.it/cometd/4911577/ed3dce894b53e2cf59b375fc382fcfa52a06bc1a73c64672d79dd1ce423cdf94ce07c7266bdeae2cc9ad2a4478b44ae2
✓ Connected to WebSocket
[DEBUG] SEND handshake
[DEBUG] RECV: /meta/handshake 
✓ Handshake OK, clientId: 95kb17gjl77pggfe3h1w3qf1yv1wx
[DEBUG] SEND connect (first)
[DEBUG] RECV: /meta/connect 
[DEBUG] SEND connect (second)
[DEBUG] SEND login Bot25-wlb
[DEBUG] RECV: /service/status status
[DEBUG] RECV: /meta/connect 
[DEBUG] RECV: /service/controller 

⚠ Timeout - check if name appears in Kahoot lobby
[DEBUG] WebSocket closed: 1005

=== FAILED ===
Error: Connection closed (1005)
