
=== Kahoot Auto-Join ===
Game PIN: 4911577
Player: Bot27-1ci

[1/3] Getting session token...
[DEBUG] Session token (raw): Z1dTaRd8RgJrbF1vfHZoYl4/BGwwVwtbYTgORFo+AgxfXAhhMW8wQ1grCh8WcH5OPwwBYlEIazp+XmVeMB95U2p/DFwdbl9wGwpgZGVvTg9IBgkGPi8ERAswYV4qCUFP
[DEBUG] Session token length: 128
[DEBUG] Base64 decoded length: 96
   ✓ Got session token
[2/3] Decoding token...
[DEBUG] Challenge message length: 100
[DEBUG] Offset: 89444
[DEBUG] Decoded challenge length: 100
[DEBUG] Token bytes length: 96
[DEBUG] Final token length: 96
[DEBUG] Final token: 8795e71d50c031009d55bb846cb87a45fba9f5c32c6fc657a006c58e4338ff5546f5e2c2a687209d389cfde5ab93e745
[DEBUG] Token: 8795e71d50c031009d55bb846cb87a45fba9f5c32c6fc657a006c58e4338ff5546f5e2c2a687209d389cfde5ab93e745
   ✓ Token decoded (length: 96)
[3/3] Connecting...

[DEBUG] WebSocket URL: wss://kahoot.it/cometd/4911577/8795e71d50c031009d55bb846cb87a45fba9f5c32c6fc657a006c58e4338ff5546f5e2c2a687209d389cfde5ab93e745
✓ Connected to WebSocket
[DEBUG] SEND handshake
[DEBUG] RECV: /meta/handshake 
✓ Handshake OK, clientId: 95gj1sl9pylue5si2o2ezp3912a30
[DEBUG] SEND connect (first)
[DEBUG] RECV: /meta/connect 
[DEBUG] SEND connect (second)
[DEBUG] SEND login Bot27-1ci
[DEBUG] RECV: /service/status status
[DEBUG] RECV: /meta/connect 
[DEBUG] RECV: /service/controller 

⚠ Timeout - check if name appears in Kahoot lobby
[DEBUG] WebSocket closed: 1005

=== FAILED ===
Error: Connection closed (1005)
