
=== Kahoot Auto-Join ===
Game PIN: 7599004
Player: Bot22-25k

[1/3] Getting session token...
[DEBUG] Session token (raw): GV4MVDQXEnJyOl1YU0R0OwVyPTxTISNqRTF6eA1QAx5pb1kIRHZRPnV0elxRERAAb1oMU18SWSRkaUA4CX98dStcRXtVcX5ELUhTJVYeUV1SCy8HahYAP0UkcTZvaFQt
[DEBUG] Session token length: 128
[DEBUG] Base64 decoded length: 96
   ✓ Got session token
[2/3] Decoding token...
[DEBUG] Challenge message length: 100
[DEBUG] Offset: 4927
[DEBUG] Decoded challenge length: 100
[DEBUG] Token bytes length: 96
[DEBUG] Final token length: 96
[DEBUG] Final token: e932dfa60c6b780eb2ac2ef66d03ce9b245f842e411d7df964998e6a642a5091e845f954e1ca5bed1edc3f3e4f8d08af
[DEBUG] Token: e932dfa60c6b780eb2ac2ef66d03ce9b245f842e411d7df964998e6a642a5091e845f954e1ca5bed1edc3f3e4f8d08af
   ✓ Token decoded (length: 96)
[3/3] Connecting...

[DEBUG] WebSocket URL: wss://kahoot.it/cometd/7599004/e932dfa60c6b780eb2ac2ef66d03ce9b245f842e411d7df964998e6a642a5091e845f954e1ca5bed1edc3f3e4f8d08af
✓ Connected to WebSocket
[DEBUG] SEND handshake
[DEBUG] RECV: /meta/handshake 
✓ Handshake OK, clientId: bpqh13k1i9idt8j5toxuk88pwn9ww
[DEBUG] SEND connect (first)
[DEBUG] RECV: /meta/connect 
[DEBUG] SEND connect (second)
[DEBUG] SEND login Bot22-25k
[DEBUG] RECV: /service/controller loginResponse
✓ Login successful! CID: 276178410
[DEBUG] SEND namerator message

=== SUCCESS ===
Listening for game events... (Ctrl+C to exit)

[DEBUG] RECV: /meta/connect 
[DEBUG] RECV: /service/controller 
[DEBUG] RECV: /service/controller 
[DEBUG] RECV: /meta/connect 
[DEBUG] RECV: /meta/connect 
[DEBUG] RECV: /meta/connect 
[DEBUG] RECV: /meta/connect 
[DEBUG] RECV: /meta/connect 
[DEBUG] RECV: /meta/connect 
[DEBUG] RECV: /meta/connect 
[DEBUG] RECV: /meta/connect 
[DEBUG] RECV: /meta/connect 
[DEBUG] RECV: /meta/connect 
[DEBUG] RECV: /meta/connect 
[DEBUG] RECV: /meta/connect 
[DEBUG] RECV: /meta/connect 
[DEBUG] RECV: /meta/connect 
[DEBUG] RECV: /meta/connect 
[DEBUG] RECV: /meta/connect 
[DEBUG] RECV: /meta/connect 
[DEBUG] RECV: /meta/connect 
[DEBUG] RECV: /meta/connect 
[DEBUG] RECV: /meta/connect 
[DEBUG] RECV: /meta/connect 
[DEBUG] RECV: /meta/connect 
[DEBUG] RECV: /meta/connect 
[DEBUG] RECV: /meta/connect 
[DEBUG] RECV: /meta/connect 
[DEBUG] RECV: /meta/connect 
[DEBUG] RECV: /meta/connect 
[DEBUG] RECV: /meta/connect 
[DEBUG] RECV: /meta/connect 
[DEBUG] RECV: /meta/connect 
