
=== Kahoot Auto-Join ===
Game PIN: 4911577
Player: Bot29-x7e

[1/3] Getting session token...
[DEBUG] Session token (raw): XVRmeHJmViMDSw5caAMgRE90EWBTDh9fQgR0Qg1QWlAwHmJHCFY6BQ5wcS9oGkxRXAIZXiAVLkZeVFVjZAECV0hNJRh9RyAVdXI4FnFRLF4FA2QIAFUYSGo1DTJ0W38W
[DEBUG] Session token length: 128
[DEBUG] Base64 decoded length: 96
   ✓ Got session token
[2/3] Decoding token...
[DEBUG] Challenge message length: 100
[DEBUG] Offset: 284
[DEBUG] Decoded challenge length: 100
[DEBUG] Token bytes length: 96
[DEBUG] Final token length: 96
[DEBUG] Final token: 882291eaa1de10b352b175df11406d40fe34b3cd463d2a9119adaed6ed3884b214ad93be46bc74f02b03e7a40f4e217f
[DEBUG] Token: 882291eaa1de10b352b175df11406d40fe34b3cd463d2a9119adaed6ed3884b214ad93be46bc74f02b03e7a40f4e217f
   ✓ Token decoded (length: 96)
[3/3] Connecting...

[DEBUG] WebSocket URL: wss://kahoot.it/cometd/4911577/882291eaa1de10b352b175df11406d40fe34b3cd463d2a9119adaed6ed3884b214ad93be46bc74f02b03e7a40f4e217f
✓ Connected to WebSocket
[DEBUG] SEND handshake
[DEBUG] RECV: /meta/handshake 
✓ Handshake OK, clientId: 95e51l60rfl4ex1uw17tyjgsxq1odi
[DEBUG] SEND connect (first)
[DEBUG] RECV: /meta/connect 
[DEBUG] SEND connect (second)
[DEBUG] SEND login Bot29-x7e
[DEBUG] RECV: /service/status status
[DEBUG] RECV: /meta/connect 
[DEBUG] RECV: /service/controller 

⚠ Timeout - check if name appears in Kahoot lobby
[DEBUG] WebSocket closed: 1005

=== FAILED ===
Error: Connection closed (1005)
