
=== Kahoot Auto-Join ===
Game PIN: 4911577
Player: Bot31-9za

[1/3] Getting session token...
[DEBUG] Session token (raw): BGY7UF94eFcEIlVEBVVrXGg0c08KBw9WVgoKeX04CARkbhZQc3h8Wml4MTsRUnFRDFdYFTo1NAV4eAdcQj8KDVslM0RJRH4AGWFxUFBWVg9xXQNjDQA5JlYQWDIIOQBg
[DEBUG] Session token length: 128
[DEBUG] Base64 decoded length: 96
   ✓ Got session token
[2/3] Decoding token...
[DEBUG] Challenge message length: 100
[DEBUG] Offset: 892584
[DEBUG] Decoded challenge length: 100
[DEBUG] Token bytes length: 96
[DEBUG] Final token length: 96
[DEBUG] Final token: 45a55166bb16e5800f053744fb021ad472b1754216bacb43280faab549f67d0e7fb71023a6873ff28ab23ffb1aea2d64
[DEBUG] Token: 45a55166bb16e5800f053744fb021ad472b1754216bacb43280faab549f67d0e7fb71023a6873ff28ab23ffb1aea2d64
   ✓ Token decoded (length: 96)
[3/3] Connecting...

[DEBUG] WebSocket URL: wss://kahoot.it/cometd/4911577/45a55166bb16e5800f053744fb021ad472b1754216bacb43280faab549f67d0e7fb71023a6873ff28ab23ffb1aea2d64
✓ Connected to WebSocket
[DEBUG] SEND handshake
[DEBUG] RECV: /meta/handshake 
✓ Handshake OK, clientId: 95bly0gmzw1ndb7s1fyejdajwgaj2
[DEBUG] SEND connect (first)
[DEBUG] RECV: /meta/connect 
[DEBUG] SEND connect (second)
[DEBUG] SEND login Bot31-9za
[DEBUG] RECV: /service/status status
[DEBUG] RECV: /meta/connect 
[DEBUG] RECV: /service/controller 

⚠ Timeout - check if name appears in Kahoot lobby
[DEBUG] WebSocket closed: 1005

=== FAILED ===
Error: Connection closed (1005)
