
=== Kahoot Auto-Join ===
Game PIN: 4911577
Player: Bot37-bbp

[1/3] Getting session token...
[DEBUG] Session token (raw): QFVWc2xeM2MDLXEtNQFEDg4OZVxLUxdjAFwvB2xRSWZwEGZaBS0TSREPBlx8UgJNbC8SBQENVmcGVwJbRW0eA0ZhLHQ4eEoKXmVCGDZDMx1XWlhIO0gtbxcIBi1RNGYO
[DEBUG] Session token length: 128
[DEBUG] Base64 decoded length: 96
   ✓ Got session token
[2/3] Decoding token...
[DEBUG] Challenge message length: 100
[DEBUG] Offset: 7615
[DEBUG] Decoded challenge length: 100
[DEBUG] Token bytes length: 96
[DEBUG] Final token length: 96
[DEBUG] Final token: 5fd33eb12e6dcf1cc47e3eb281de59836e542da1aff756445df601c8f1e579bc37e3f863a84be6fd8bf9b2f9bb7f2a2d
[DEBUG] Token: 5fd33eb12e6dcf1cc47e3eb281de59836e542da1aff756445df601c8f1e579bc37e3f863a84be6fd8bf9b2f9bb7f2a2d
   ✓ Token decoded (length: 96)
[3/3] Connecting...

[DEBUG] WebSocket URL: wss://kahoot.it/cometd/4911577/5fd33eb12e6dcf1cc47e3eb281de59836e542da1aff756445df601c8f1e579bc37e3f863a84be6fd8bf9b2f9bb7f2a2d
✓ Connected to WebSocket
[DEBUG] SEND handshake
[DEBUG] RECV: /meta/handshake 
✓ Handshake OK, clientId: 95ko1f55wrhgt6lh1do4uefog51tt
[DEBUG] SEND connect (first)
[DEBUG] RECV: /meta/connect 
[DEBUG] SEND connect (second)
[DEBUG] SEND login Bot37-bbp
[DEBUG] RECV: /service/status status
[DEBUG] RECV: /meta/connect 
[DEBUG] RECV: /service/controller 

⚠ Timeout - check if name appears in Kahoot lobby
[DEBUG] WebSocket closed: 1005

=== FAILED ===
Error: Connection closed (1005)
