
=== Kahoot Auto-Join ===
Game PIN: 4911577
Player: Bot31-4y1

[1/3] Getting session token...
[DEBUG] Session token (raw): a1h4N2kKDXRpD1JpfHskSQ9Hamx7CGd8YX5kABs5BDlRCw5lDzZqAQcwNDMQGHhYDBcBE1UxBAEHCgc9Dg5rZkUlUHUnZQZjWl1gDXRudycSdlUdBnoRY1x5AiQLVxMu
[DEBUG] Session token length: 128
[DEBUG] Base64 decoded length: 96
   ✓ Got session token
[2/3] Decoding token...
[DEBUG] Challenge message length: 100
[DEBUG] Offset: 5447642
[DEBUG] Decoded challenge length: 100
[DEBUG] Token bytes length: 96
[DEBUG] Final token length: 96
[DEBUG] Final token: 539b166660e720f9e22213970482af3c09c5fd86afdadb56ad9b1eb3b39eb7211eb8a4c3be8c401da61dc8d2a22fb7ac
[DEBUG] Token: 539b166660e720f9e22213970482af3c09c5fd86afdadb56ad9b1eb3b39eb7211eb8a4c3be8c401da61dc8d2a22fb7ac
   ✓ Token decoded (length: 96)
[3/3] Connecting...

[DEBUG] WebSocket URL: wss://kahoot.it/cometd/4911577/539b166660e720f9e22213970482af3c09c5fd86afdadb56ad9b1eb3b39eb7211eb8a4c3be8c401da61dc8d2a22fb7ac
✓ Connected to WebSocket
[DEBUG] SEND handshake
[DEBUG] RECV: /meta/handshake 
✓ Handshake OK, clientId: 95hn1j5wlrexjjmsb176irihwyy7xb
[DEBUG] SEND connect (first)
[DEBUG] RECV: /meta/connect 
[DEBUG] SEND connect (second)
[DEBUG] SEND login Bot31-4y1
[DEBUG] RECV: /service/status status
[DEBUG] RECV: /meta/connect 
[DEBUG] RECV: /service/controller 

⚠ Timeout - check if name appears in Kahoot lobby
[DEBUG] WebSocket closed: 1005

=== FAILED ===
Error: Connection closed (1005)
