
=== Kahoot Auto-Join ===
Game PIN: 4911577
Player: Bot38-ceb

[1/3] Getting session token...
[DEBUG] Session token (raw): U1RXfWpTY09XAlxVCH4KUARNLRR8Wz9CBisAXBRIWgcMXmwEdgpgSgZZQ1ZBHFpbP1VZSENrB2pyMDAAaz4tDwBzUQNsFFNpBwYLVlBVEUs+TVgKBXl6N2RmP1Q4LlBW
[DEBUG] Session token length: 128
[DEBUG] Base64 decoded length: 96
   ✓ Got session token
[2/3] Decoding token...
[DEBUG] Challenge message length: 100
[DEBUG] Offset: 277662
[DEBUG] Decoded challenge length: 100
[DEBUG] Token bytes length: 96
[DEBUG] Final token length: 96
[DEBUG] Final token: caf611397002c6eec8ca9ec62aa7b8c919447e18bb553e7edb4259a67ae85bb165a22c257a0d5eb8a4bd525d56cddc34
[DEBUG] Token: caf611397002c6eec8ca9ec62aa7b8c919447e18bb553e7edb4259a67ae85bb165a22c257a0d5eb8a4bd525d56cddc34
   ✓ Token decoded (length: 96)
[3/3] Connecting...

[DEBUG] WebSocket URL: wss://kahoot.it/cometd/4911577/caf611397002c6eec8ca9ec62aa7b8c919447e18bb553e7edb4259a67ae85bb165a22c257a0d5eb8a4bd525d56cddc34
✓ Connected to WebSocket
[DEBUG] SEND handshake
[DEBUG] RECV: /meta/handshake 
✓ Handshake OK, clientId: 95kx1m7sk9g69ssvn10r4e5lenhli6
[DEBUG] SEND connect (first)
[DEBUG] RECV: /meta/connect 
[DEBUG] SEND connect (second)
[DEBUG] SEND login Bot38-ceb
[DEBUG] RECV: /service/status status
[DEBUG] RECV: /meta/connect 
[DEBUG] RECV: /service/controller 

⚠ Timeout - check if name appears in Kahoot lobby
[DEBUG] WebSocket closed: 1005

=== FAILED ===
Error: Connection closed (1005)
