
=== Kahoot Auto-Join ===
Game PIN: 7599004
Player: Bot38-qa6

[1/3] Getting session token...
[DEBUG] Session token (raw): PwcjfQNXBR9HWgE6SEFhCkxYUVsCSB8AYgpkBTgBeU1CDQ1kWzFTBlIBHV9cXQxRZiU9aG9VGVRxMF5JXGtBBW00AG9FXnReEXIKbQtgNiYGI0V6RlAqYFggQmVfZHRu
[DEBUG] Session token length: 128
[DEBUG] Base64 decoded length: 96
   ✓ Got session token
[2/3] Decoding token...
[DEBUG] Challenge message length: 100
[DEBUG] Offset: 2729324177
[DEBUG] Decoded challenge length: 100
[DEBUG] Token bytes length: 96
[DEBUG] Final token length: 96
[DEBUG] Final token: fcb219fc318c19838f3bf4e0625ba4117b760cdc3faa89c55ad929c05bc174585cd67104d3a649ba7a2838a97a174084
[DEBUG] Token: fcb219fc318c19838f3bf4e0625ba4117b760cdc3faa89c55ad929c05bc174585cd67104d3a649ba7a2838a97a174084
   ✓ Token decoded (length: 96)
[3/3] Connecting...

[DEBUG] WebSocket URL: wss://kahoot.it/cometd/7599004/fcb219fc318c19838f3bf4e0625ba4117b760cdc3faa89c55ad929c05bc174585cd67104d3a649ba7a2838a97a174084
✓ Connected to WebSocket
[DEBUG] SEND handshake
[DEBUG] RECV: /meta/handshake 
✓ Handshake OK, clientId: bpqx1lm95wc9ztjqb3zw6cb3ewozv
[DEBUG] SEND connect (first)
[DEBUG] RECV: /meta/connect 
[DEBUG] SEND connect (second)
[DEBUG] SEND login Bot38-qa6
[DEBUG] RECV: /service/controller loginResponse
✓ Login successful! CID: 1292530644
[DEBUG] SEND namerator message

=== SUCCESS ===
Listening for game events... (Ctrl+C to exit)

[DEBUG] RECV: /meta/connect 
[DEBUG] RECV: /service/controller 
[DEBUG] RECV: /service/controller 
[DEBUG] RECV: /meta/connect 
[DEBUG] RECV: /meta/connect 
[DEBUG] RECV: /meta/connect 
[DEBUG] RECV: /meta/connect 
[DEBUG] RECV: /meta/connect 
[DEBUG] RECV: /meta/connect 
[DEBUG] RECV: /meta/connect 
[DEBUG] RECV: /meta/connect 
[DEBUG] RECV: /meta/connect 
[DEBUG] RECV: /meta/connect 
[DEBUG] RECV: /meta/connect 
[DEBUG] RECV: /meta/connect 
[DEBUG] RECV: /meta/connect 
[DEBUG] RECV: /meta/connect 
[DEBUG] RECV: /meta/connect 
[DEBUG] RECV: /meta/connect 
[DEBUG] RECV: /meta/connect 
[DEBUG] RECV: /meta/connect 
[DEBUG] RECV: /meta/connect 
[DEBUG] RECV: /meta/connect 
[DEBUG] RECV: /meta/connect 
[DEBUG] RECV: /meta/connect 
[DEBUG] RECV: /meta/connect 
[DEBUG] RECV: /meta/connect 
[DEBUG] RECV: /meta/connect 
[DEBUG] RECV: /meta/connect 
[DEBUG] RECV: /meta/connect 
[DEBUG] RECV: /meta/connect 
[DEBUG] RECV: /meta/connect 
[DEBUG] RECV: /meta/connect 
