
=== Kahoot Auto-Join ===
Game PIN: 4911577
Player: Bot31-gnr

[1/3] Getting session token...
[DEBUG] Session token (raw): A1l+QXxVb3Z/cHlZelsgWWAAEgxIDWtFTgpfW0cTBBd4BTtTfwMFbFdLcUNaaEIDeTFLUEJPAiM6D3QEBgcMVUUuUmlSUC8jDlw4BF4ERWgEWwMFDgQOFAVkZj0QLklf
[DEBUG] Session token length: 128
[DEBUG] Base64 decoded length: 96
   ✓ Got session token
[2/3] Decoding token...
[DEBUG] Challenge message length: 100
[DEBUG] Offset: 16222284
[DEBUG] Decoded challenge length: 100
[DEBUG] Token bytes length: 96
[DEBUG] Final token length: 96
[DEBUG] Final token: 28084670993e71fb6de18d6359850fdf84eb5337387625590e7894fda11c68c70fc4a7bdddacf513b4c3190f964fae13
[DEBUG] Token: 28084670993e71fb6de18d6359850fdf84eb5337387625590e7894fda11c68c70fc4a7bdddacf513b4c3190f964fae13
   ✓ Token decoded (length: 96)
[3/3] Connecting...

[DEBUG] WebSocket URL: wss://kahoot.it/cometd/4911577/28084670993e71fb6de18d6359850fdf84eb5337387625590e7894fda11c68c70fc4a7bdddacf513b4c3190f964fae13
✓ Connected to WebSocket
[DEBUG] SEND handshake
[DEBUG] RECV: /meta/handshake 
✓ Handshake OK, clientId: 95ibusc7022vqspf1bs38anntpnps
[DEBUG] SEND connect (first)
[DEBUG] RECV: /meta/connect 
[DEBUG] SEND connect (second)
[DEBUG] SEND login Bot31-gnr
[DEBUG] RECV: /service/status status
[DEBUG] RECV: /meta/connect 
[DEBUG] RECV: /service/controller 

⚠ Timeout - check if name appears in Kahoot lobby
[DEBUG] WebSocket closed: 1005

=== FAILED ===
Error: Connection closed (1005)
