
=== Kahoot Auto-Join ===
Game PIN: 4911577
Player: Bot35-6kg

[1/3] Getting session token...
[DEBUG] Session token (raw): DwtVWwZ+Q1kRE2AyPG96DDM4GX1bRAkMckBvD1MKU1oKPAh1XlVJXlUXIA9FbgVLdjgmEEEYWBdYJwQnSkobTnRZZFhvRCcJCDt6Z1UMCzRnCjQmCSBDfHFvEkdadQpB
[DEBUG] Session token length: 128
[DEBUG] Base64 decoded length: 96
   ✓ Got session token
[2/3] Decoding token...
[DEBUG] Challenge message length: 100
[DEBUG] Offset: 5487804
[DEBUG] Decoded challenge length: 100
[DEBUG] Token bytes length: 96
[DEBUG] Final token length: 96
[DEBUG] Final token: 1349a381ea0fc766ebe13272800ecbe0ccb9285c2aee06170bbb0b0b0b7c13c86e0936b9ce94d20d4acffb1582e10428
[DEBUG] Token: 1349a381ea0fc766ebe13272800ecbe0ccb9285c2aee06170bbb0b0b0b7c13c86e0936b9ce94d20d4acffb1582e10428
   ✓ Token decoded (length: 96)
[3/3] Connecting...

[DEBUG] WebSocket URL: wss://kahoot.it/cometd/4911577/1349a381ea0fc766ebe13272800ecbe0ccb9285c2aee06170bbb0b0b0b7c13c86e0936b9ce94d20d4acffb1582e10428
✓ Connected to WebSocket
[DEBUG] SEND handshake
[DEBUG] RECV: /meta/handshake 
✓ Handshake OK, clientId: 95bxfkeqx8qsfkls1tgwrw3g9iq42
[DEBUG] SEND connect (first)
[DEBUG] RECV: /meta/connect 
[DEBUG] SEND connect (second)
[DEBUG] SEND login Bot35-6kg
[DEBUG] RECV: /service/status status
[DEBUG] RECV: /meta/connect 
[DEBUG] RECV: /service/controller 

⚠ Timeout - check if name appears in Kahoot lobby
[DEBUG] WebSocket closed: 1005

=== FAILED ===
Error: Connection closed (1005)
