
=== Kahoot Auto-Join ===
Game PIN: 4911577
Player: Bot36-xe3

[1/3] Getting session token...
[DEBUG] Session token (raw): a349FQ0PAmNoIwptBHMNagwJK19+VQozM1E7DAlpQA9yVFtcCFcBRDkBdgkIJHVPXWdtVTFUdEVdT1kEBHI1dANQRCJcUA4pWB5WaF1jehBBbl8FXw9yUQBHQHMXbwgG
[DEBUG] Session token length: 128
[DEBUG] Base64 decoded length: 96
   ✓ Got session token
[2/3] Decoding token...
[DEBUG] Challenge message length: 100
[DEBUG] Offset: 1036
[DEBUG] Decoded challenge length: 100
[DEBUG] Token bytes length: 96
[DEBUG] Final token length: 96
[DEBUG] Final token: 81bab5997b2356e2cfa66e7db7ae95962fa4e2a1f033ad44040ced51541846a1770b40afab81103d518979542156e744
[DEBUG] Token: 81bab5997b2356e2cfa66e7db7ae95962fa4e2a1f033ad44040ced51541846a1770b40afab81103d518979542156e744
   ✓ Token decoded (length: 96)
[3/3] Connecting...

[DEBUG] WebSocket URL: wss://kahoot.it/cometd/4911577/81bab5997b2356e2cfa66e7db7ae95962fa4e2a1f033ad44040ced51541846a1770b40afab81103d518979542156e744
✓ Connected to WebSocket
[DEBUG] SEND handshake
[DEBUG] RECV: /meta/handshake 
✓ Handshake OK, clientId: 95ls18qkphiqqzpvzfxxotgr9eu8
[DEBUG] SEND connect (first)
[DEBUG] RECV: /meta/connect 
[DEBUG] SEND connect (second)
[DEBUG] SEND login Bot36-xe3
[DEBUG] RECV: /service/status status
[DEBUG] RECV: /meta/connect 
[DEBUG] RECV: /service/controller 

⚠ Timeout - check if name appears in Kahoot lobby
[DEBUG] WebSocket closed: 1005

=== FAILED ===
Error: Connection closed (1005)
