
=== Kahoot Auto-Join ===
Game PIN: 7599004
Player: Bot36-ftc

[1/3] Getting session token...
[DEBUG] Session token (raw): WU1EczU7fQsGd29xb3ZZSwNUEAdqNHRRNn1vCEhCAARABlZTcBk4XQcxIV5yYgZ9fEkXVzNEADIrB04MBQQ1LHNNMWEKU2ldOScSbyxZYwRwD2QNDHpTBXRfHXkNB3Us
[DEBUG] Session token length: 128
[DEBUG] Base64 decoded length: 96
   ✓ Got session token
[2/3] Decoding token...
[DEBUG] Challenge message length: 100
[DEBUG] Offset: 1947622
[DEBUG] Decoded challenge length: 100
[DEBUG] Token bytes length: 96
[DEBUG] Final token length: 96
[DEBUG] Final token: 4722ea17d85027e7abc80e57e223363600951abeccbd35d512aaa26ea17e29af58f01f10eaf9e4114e9da5ef80d3a94f
[DEBUG] Token: 4722ea17d85027e7abc80e57e223363600951abeccbd35d512aaa26ea17e29af58f01f10eaf9e4114e9da5ef80d3a94f
   ✓ Token decoded (length: 96)
[3/3] Connecting...

[DEBUG] WebSocket URL: wss://kahoot.it/cometd/7599004/4722ea17d85027e7abc80e57e223363600951abeccbd35d512aaa26ea17e29af58f01f10eaf9e4114e9da5ef80d3a94f
✓ Connected to WebSocket
[DEBUG] SEND handshake
[DEBUG] RECV: /meta/handshake 
✓ Handshake OK, clientId: bpqf15kqtgapkugklp91foibk4g4z
[DEBUG] SEND connect (first)
[DEBUG] RECV: /meta/connect 
[DEBUG] SEND connect (second)
[DEBUG] SEND login Bot36-ftc
[DEBUG] RECV: /service/controller loginResponse
✓ Login successful! CID: 1751059462
[DEBUG] SEND namerator message

=== SUCCESS ===
Listening for game events... (Ctrl+C to exit)

[DEBUG] RECV: /meta/connect 
[DEBUG] RECV: /service/controller 
[DEBUG] RECV: /service/controller 
[DEBUG] RECV: /meta/connect 
[DEBUG] RECV: /meta/connect 
[DEBUG] RECV: /meta/connect 
[DEBUG] RECV: /meta/connect 
[DEBUG] RECV: /meta/connect 
[DEBUG] RECV: /meta/connect 
[DEBUG] RECV: /meta/connect 
[DEBUG] RECV: /meta/connect 
[DEBUG] RECV: /meta/connect 
[DEBUG] RECV: /meta/connect 
[DEBUG] RECV: /meta/connect 
[DEBUG] RECV: /meta/connect 
[DEBUG] RECV: /meta/connect 
[DEBUG] RECV: /meta/connect 
[DEBUG] RECV: /meta/connect 
[DEBUG] RECV: /meta/connect 
[DEBUG] RECV: /meta/connect 
[DEBUG] RECV: /meta/connect 
[DEBUG] RECV: /meta/connect 
[DEBUG] RECV: /meta/connect 
[DEBUG] RECV: /meta/connect 
[DEBUG] RECV: /meta/connect 
[DEBUG] RECV: /meta/connect 
[DEBUG] RECV: /meta/connect 
[DEBUG] RECV: /meta/connect 
[DEBUG] RECV: /meta/connect 
[DEBUG] RECV: /meta/connect 
[DEBUG] RECV: /meta/connect 
[DEBUG] RECV: /meta/connect 
[DEBUG] RECV: /meta/connect 
