
=== Kahoot Auto-Join ===
Game PIN: 7599004
Player: Bot37-0bl

[1/3] Getting session token...
[DEBUG] Session token (raw): By9MQlstNwJscmZ+B3JWVm4DUwMjKHxlZU0AOwEAF1INE39WEQhmWkxEeEIOREZ4UgMDfHcefQ4VI1pfQCl8amd+XBBFPFIzAENTdlBbI0BSaQwzQFlUOGQlZicDeUQN
[DEBUG] Session token length: 128
[DEBUG] Base64 decoded length: 96
   ✓ Got session token
[2/3] Decoding token...
[DEBUG] Challenge message length: 100
[DEBUG] Offset: 784
[DEBUG] Decoded challenge length: 100
[DEBUG] Token bytes length: 96
[DEBUG] Final token length: 96
[DEBUG] Final token: 9d689ebc7017e9f543c4bd5175fa17b8ef0fe4554440d5573b616d4dccd75b0981bf7c3a58b2def7d79e6f1e0f0bd017
[DEBUG] Token: 9d689ebc7017e9f543c4bd5175fa17b8ef0fe4554440d5573b616d4dccd75b0981bf7c3a58b2def7d79e6f1e0f0bd017
   ✓ Token decoded (length: 96)
[3/3] Connecting...

[DEBUG] WebSocket URL: wss://kahoot.it/cometd/7599004/9d689ebc7017e9f543c4bd5175fa17b8ef0fe4554440d5573b616d4dccd75b0981bf7c3a58b2def7d79e6f1e0f0bd017
✓ Connected to WebSocket
[DEBUG] SEND handshake
[DEBUG] RECV: /meta/handshake 
✓ Handshake OK, clientId: bpqwdzt3ut0b3zmcquapj6jwk41y
[DEBUG] SEND connect (first)
[DEBUG] RECV: /meta/connect 
[DEBUG] SEND connect (second)
[DEBUG] SEND login Bot37-0bl
[DEBUG] RECV: /service/controller loginResponse
✓ Login successful! CID: 731170284
[DEBUG] SEND namerator message

=== SUCCESS ===
Listening for game events... (Ctrl+C to exit)

[DEBUG] RECV: /meta/connect 
[DEBUG] RECV: /service/controller 
[DEBUG] RECV: /service/controller 
[DEBUG] RECV: /meta/connect 
[DEBUG] RECV: /meta/connect 
[DEBUG] RECV: /meta/connect 
[DEBUG] RECV: /meta/connect 
[DEBUG] RECV: /meta/connect 
[DEBUG] RECV: /meta/connect 
[DEBUG] RECV: /meta/connect 
[DEBUG] RECV: /meta/connect 
[DEBUG] RECV: /meta/connect 
[DEBUG] RECV: /meta/connect 
[DEBUG] RECV: /meta/connect 
[DEBUG] RECV: /meta/connect 
[DEBUG] RECV: /meta/connect 
[DEBUG] RECV: /meta/connect 
[DEBUG] RECV: /meta/connect 
[DEBUG] RECV: /meta/connect 
[DEBUG] RECV: /meta/connect 
[DEBUG] RECV: /meta/connect 
[DEBUG] RECV: /meta/connect 
[DEBUG] RECV: /meta/connect 
[DEBUG] RECV: /meta/connect 
[DEBUG] RECV: /meta/connect 
[DEBUG] RECV: /meta/connect 
[DEBUG] RECV: /meta/connect 
[DEBUG] RECV: /meta/connect 
[DEBUG] RECV: /meta/connect 
[DEBUG] RECV: /meta/connect 
[DEBUG] RECV: /meta/connect 
[DEBUG] RECV: /meta/connect 
[DEBUG] RECV: /meta/connect 
