
=== Kahoot Auto-Join ===
Game PIN: 7599004
Player: Bot34-i44

[1/3] Getting session token...
[DEBUG] Session token (raw): bQxeQD8FXDdrEXNKRFo/Ii9/SGdzUnNpcgFwZm53YCVvW1MqEE87YnYHDnUGd3s1DV9RZUdSWxp3Mg5DBnhhATwkOENTZi1TQQMBXDQ5VV03JRcFDCt5eCZJfFtSVQsR
[DEBUG] Session token length: 128
[DEBUG] Base64 decoded length: 96
   ✓ Got session token
[2/3] Decoding token...
[DEBUG] Challenge message length: 100
[DEBUG] Offset: 7357
[DEBUG] Decoded challenge length: 100
[DEBUG] Token bytes length: 96
[DEBUG] Final token length: 96
[DEBUG] Final token: 7342c5ad8b718eefa9077b734d23407a6b8fd8d751f8c18ba785767a2b38a076fbb351ad8ac8cc19adb82e60b52e6a8c
[DEBUG] Token: 7342c5ad8b718eefa9077b734d23407a6b8fd8d751f8c18ba785767a2b38a076fbb351ad8ac8cc19adb82e60b52e6a8c
   ✓ Token decoded (length: 96)
[3/3] Connecting...

[DEBUG] WebSocket URL: wss://kahoot.it/cometd/7599004/7342c5ad8b718eefa9077b734d23407a6b8fd8d751f8c18ba785767a2b38a076fbb351ad8ac8cc19adb82e60b52e6a8c
✓ Connected to WebSocket
[DEBUG] SEND handshake
[DEBUG] RECV: /meta/handshake 
✓ Handshake OK, clientId: bpqupgm2lkn3d3rdrw80m03e27po
[DEBUG] SEND connect (first)
[DEBUG] RECV: /meta/connect 
[DEBUG] SEND connect (second)
[DEBUG] SEND login Bot34-i44
[DEBUG] RECV: /service/controller loginResponse
✓ Login successful! CID: 1025819333
[DEBUG] SEND namerator message

=== SUCCESS ===
Listening for game events... (Ctrl+C to exit)

[DEBUG] RECV: /meta/connect 
[DEBUG] RECV: /service/controller 
[DEBUG] RECV: /service/controller 
[DEBUG] RECV: /meta/connect 
[DEBUG] RECV: /meta/connect 
[DEBUG] RECV: /meta/connect 
[DEBUG] RECV: /meta/connect 
[DEBUG] RECV: /meta/connect 
[DEBUG] RECV: /meta/connect 
[DEBUG] RECV: /meta/connect 
[DEBUG] RECV: /meta/connect 
[DEBUG] RECV: /meta/connect 
[DEBUG] RECV: /meta/connect 
[DEBUG] RECV: /meta/connect 
[DEBUG] RECV: /meta/connect 
[DEBUG] RECV: /meta/connect 
[DEBUG] RECV: /meta/connect 
[DEBUG] RECV: /meta/connect 
[DEBUG] RECV: /meta/connect 
[DEBUG] RECV: /meta/connect 
[DEBUG] RECV: /meta/connect 
[DEBUG] RECV: /meta/connect 
[DEBUG] RECV: /meta/connect 
[DEBUG] RECV: /meta/connect 
[DEBUG] RECV: /meta/connect 
[DEBUG] RECV: /meta/connect 
[DEBUG] RECV: /meta/connect 
[DEBUG] RECV: /meta/connect 
[DEBUG] RECV: /meta/connect 
[DEBUG] RECV: /meta/connect 
[DEBUG] RECV: /meta/connect 
[DEBUG] RECV: /meta/connect 
[DEBUG] RECV: /meta/connect 
