
=== Kahoot Auto-Join ===
Game PIN: 4911577
Player: Bot37-xj1

[1/3] Getting session token...
[DEBUG] Session token (raw): fRtqWQgPWiYGAFA7KgNzLEcKSWEHAil+UTRoMD1kWmUYbjB6DHoIZQNWA3YsBAdMCyILdw0KfkheaWg2DW9lYXJICChQXwJXCA5xAVl3VHgPZwoJbmdVCmtvC3V/SDko
[DEBUG] Session token length: 128
[DEBUG] Base64 decoded length: 96
   ✓ Got session token
[2/3] Decoding token...
[DEBUG] Challenge message length: 100
[DEBUG] Offset: 2792
[DEBUG] Decoded challenge length: 100
[DEBUG] Token bytes length: 96
[DEBUG] Final token length: 96
[DEBUG] Final token: 9b60aa2bd85aa08e3094eef79b7ed663a4c165c9cac8c3979f053f53c72e3183881c5b498e8fb324211a706d153134df
[DEBUG] Token: 9b60aa2bd85aa08e3094eef79b7ed663a4c165c9cac8c3979f053f53c72e3183881c5b498e8fb324211a706d153134df
   ✓ Token decoded (length: 96)
[3/3] Connecting...

[DEBUG] WebSocket URL: wss://kahoot.it/cometd/4911577/9b60aa2bd85aa08e3094eef79b7ed663a4c165c9cac8c3979f053f53c72e3183881c5b498e8fb324211a706d153134df
✓ Connected to WebSocket
[DEBUG] SEND handshake
[DEBUG] RECV: /meta/handshake 
✓ Handshake OK, clientId: 95c11vp7fy3vsqeue19cc08m5h9qrp
[DEBUG] SEND connect (first)
[DEBUG] RECV: /meta/connect 
[DEBUG] SEND connect (second)
[DEBUG] SEND login Bot37-xj1
[DEBUG] RECV: /service/controller loginResponse
✓ Login successful! CID: 1259686019
[DEBUG] SEND namerator message

=== SUCCESS ===
Listening for game events... (Ctrl+C to exit)

[DEBUG] RECV: /meta/connect 
[DEBUG] RECV: /service/controller 
[DEBUG] RECV: /service/controller 
[DEBUG] RECV: /meta/connect 
[DEBUG] RECV: /meta/connect 
[DEBUG] RECV: /meta/connect 
[DEBUG] RECV: /meta/connect 
[DEBUG] RECV: /meta/connect 
[DEBUG] RECV: /meta/connect 
[DEBUG] RECV: /meta/connect 
[DEBUG] RECV: /meta/connect 
[DEBUG] RECV: /meta/connect 
[DEBUG] RECV: /meta/connect 
[DEBUG] RECV: /meta/connect 
[DEBUG] RECV: /meta/connect 
[DEBUG] RECV: /meta/connect 
[DEBUG] RECV: /meta/connect 
[DEBUG] RECV: /meta/connect 
[DEBUG] RECV: /meta/connect 
[DEBUG] RECV: /meta/connect 
[DEBUG] RECV: /meta/connect 
[DEBUG] RECV: /meta/connect 
[DEBUG] RECV: /meta/connect 
[DEBUG] RECV: /meta/connect 
[DEBUG] RECV: /meta/connect 
[DEBUG] RECV: /meta/connect 
[DEBUG] RECV: /meta/connect 
[DEBUG] RECV: /meta/connect 
[DEBUG] RECV: /meta/connect 
[DEBUG] RECV: /meta/connect 
[DEBUG] RECV: /meta/connect 
[DEBUG] RECV: /meta/connect 
[DEBUG] RECV: /meta/connect 
[DEBUG] RECV: /meta/connect 
[DEBUG] RECV: /meta/connect 
[DEBUG] RECV: /meta/connect 
