
=== Kahoot Auto-Join ===
Game PIN: 4911577
Player: Bot32-898

[1/3] Getting session token...
[DEBUG] Session token (raw): A3pYPnoVQwVZCTQ0AEpONQtYZkVafAA8WS1gUXMIZHYdLjYBRnomDmdHfBZ5Uy5PZk1pZSBSdU5QZClBNAZDAlwtdXUZW2dSTQlnUQFXb3RcCBRqUlwgaCVWZkkwI11t
[DEBUG] Session token length: 128
[DEBUG] Base64 decoded length: 96
   ✓ Got session token
[2/3] Decoding token...
[DEBUG] Challenge message length: 100
[DEBUG] Offset: 3086
[DEBUG] Decoded challenge length: 100
[DEBUG] Token bytes length: 96
[DEBUG] Final token length: 96
[DEBUG] Final token: 578d0e785bbc202ccf19676afe4c7b21abfa33d8407a50d42889dd06f5f6cd3b4c47c354410e6a79f5c221a3dc05fcb4
[DEBUG] Token: 578d0e785bbc202ccf19676afe4c7b21abfa33d8407a50d42889dd06f5f6cd3b4c47c354410e6a79f5c221a3dc05fcb4
   ✓ Token decoded (length: 96)
[3/3] Connecting...

[DEBUG] WebSocket URL: wss://kahoot.it/cometd/4911577/578d0e785bbc202ccf19676afe4c7b21abfa33d8407a50d42889dd06f5f6cd3b4c47c354410e6a79f5c221a3dc05fcb4
✓ Connected to WebSocket
[DEBUG] SEND handshake
[DEBUG] RECV: /meta/handshake 
✓ Handshake OK, clientId: 95p5myuracad58w71b7vh56jfxrl9
[DEBUG] SEND connect (first)
[DEBUG] RECV: /meta/connect 
[DEBUG] SEND connect (second)
[DEBUG] SEND login Bot32-898
[DEBUG] RECV: /service/status status
[DEBUG] RECV: /meta/connect 
[DEBUG] RECV: /service/controller 

⚠ Timeout - check if name appears in Kahoot lobby
[DEBUG] WebSocket closed: 1005

=== FAILED ===
Error: Connection closed (1005)
