
=== Kahoot Auto-Join ===
Game PIN: 4911577
Player: Bot30-vpx

[1/3] Getting session token...
[DEBUG] Session token (raw): MWQtBgMZUAReQyh6fjtuKwxafU9+cFd7B1gXCA5JJUAVVQ8PbUNCPWAGIXU1SAFWM1AJcVsmeDIyUWZ+FGJYEnZqeFZ6XTMtUiwEX25jUHUwU0MHAUoIaTYJOh4RbUN3
[DEBUG] Session token length: 128
[DEBUG] Base64 decoded length: 96
   ✓ Got session token
[2/3] Decoding token...
[DEBUG] Challenge message length: 100
[DEBUG] Offset: 5718059
[DEBUG] Decoded challenge length: 100
[DEBUG] Token bytes length: 96
[DEBUG] Final token length: 96
[DEBUG] Final token: f2c35eaa46b62b9b165809a775fbb3a4e73c335a7ec8b88cad995c7ee615f0da889732ceed4644b1e68ad8f7a2cda767
[DEBUG] Token: f2c35eaa46b62b9b165809a775fbb3a4e73c335a7ec8b88cad995c7ee615f0da889732ceed4644b1e68ad8f7a2cda767
   ✓ Token decoded (length: 96)
[3/3] Connecting...

[DEBUG] WebSocket URL: wss://kahoot.it/cometd/4911577/f2c35eaa46b62b9b165809a775fbb3a4e73c335a7ec8b88cad995c7ee615f0da889732ceed4644b1e68ad8f7a2cda767
✓ Connected to WebSocket
[DEBUG] SEND handshake
[DEBUG] RECV: /meta/handshake 
✓ Handshake OK, clientId: 95ifh12vrypn1v6kzlbvcsgn12pe
[DEBUG] SEND connect (first)
[DEBUG] RECV: /meta/connect 
[DEBUG] SEND connect (second)
[DEBUG] SEND login Bot30-vpx
[DEBUG] RECV: /service/status status
[DEBUG] RECV: /meta/connect 
[DEBUG] RECV: /service/controller 

⚠ Timeout - check if name appears in Kahoot lobby
[DEBUG] WebSocket closed: 1005

=== FAILED ===
Error: Connection closed (1005)
