
=== Kahoot Auto-Join ===
Game PIN: 7599004
Player: Bot30-c90

[1/3] Getting session token...
[DEBUG] Session token (raw): KjcFfhtVVQUYJA92UQZZW0xXRRNTUSpUSlQHClZdJFYLNTx9Mwp8HXAJBGoBXFl2C0ZfNlM8GjN0SlEKM0UOAH4iLnFJOAxlaAM+MRMoQl8CeBcVVh5qNAIweARqWHVn
[DEBUG] Session token length: 128
[DEBUG] Base64 decoded length: 96
   ✓ Got session token
[2/3] Decoding token...
[DEBUG] Challenge message length: 100
[DEBUG] Offset: 107520
[DEBUG] Decoded challenge length: 100
[DEBUG] Token bytes length: 96
[DEBUG] Final token length: 96
[DEBUG] Final token: ffa8bd65dbb73719441f90fb6a53fde0cbc1de2d6132cd92100c1fbd19f1d6004ab41d2849cdad1f84acab8e4d037784
[DEBUG] Token: ffa8bd65dbb73719441f90fb6a53fde0cbc1de2d6132cd92100c1fbd19f1d6004ab41d2849cdad1f84acab8e4d037784
   ✓ Token decoded (length: 96)
[3/3] Connecting...

[DEBUG] WebSocket URL: wss://kahoot.it/cometd/7599004/ffa8bd65dbb73719441f90fb6a53fde0cbc1de2d6132cd92100c1fbd19f1d6004ab41d2849cdad1f84acab8e4d037784
✓ Connected to WebSocket
[DEBUG] SEND handshake
[DEBUG] RECV: /meta/handshake 
✓ Handshake OK, clientId: bpql15xhgdlvzuawn1pyhgstrnwo9t
[DEBUG] SEND connect (first)
[DEBUG] RECV: /meta/connect 
[DEBUG] SEND connect (second)
[DEBUG] SEND login Bot30-c90
[DEBUG] RECV: /service/controller loginResponse
✓ Login successful! CID: 544695706
[DEBUG] SEND namerator message

=== SUCCESS ===
Listening for game events... (Ctrl+C to exit)

[DEBUG] RECV: /meta/connect 
[DEBUG] RECV: /service/controller 
[DEBUG] RECV: /service/controller 
[DEBUG] RECV: /meta/connect 
[DEBUG] RECV: /meta/connect 
[DEBUG] RECV: /meta/connect 
[DEBUG] RECV: /meta/connect 
[DEBUG] RECV: /meta/connect 
[DEBUG] RECV: /meta/connect 
[DEBUG] RECV: /meta/connect 
[DEBUG] RECV: /meta/connect 
[DEBUG] RECV: /meta/connect 
[DEBUG] RECV: /meta/connect 
[DEBUG] RECV: /meta/connect 
[DEBUG] RECV: /meta/connect 
[DEBUG] RECV: /meta/connect 
[DEBUG] RECV: /meta/connect 
[DEBUG] RECV: /meta/connect 
[DEBUG] RECV: /meta/connect 
[DEBUG] RECV: /meta/connect 
[DEBUG] RECV: /meta/connect 
[DEBUG] RECV: /meta/connect 
[DEBUG] RECV: /meta/connect 
[DEBUG] RECV: /meta/connect 
[DEBUG] RECV: /meta/connect 
[DEBUG] RECV: /meta/connect 
[DEBUG] RECV: /meta/connect 
[DEBUG] RECV: /meta/connect 
[DEBUG] RECV: /meta/connect 
[DEBUG] RECV: /meta/connect 
[DEBUG] RECV: /meta/connect 
[DEBUG] RECV: /meta/connect 
[DEBUG] RECV: /meta/connect 
