
=== Kahoot Auto-Join ===
Game PIN: 4911577
Player: Bot39-6hc

[1/3] Getting session token...
[DEBUG] Session token (raw): EkFQGX0BADUKDwgEb000FAJ/bVM0DVsLBAtmUkFhRQcVZWIIHStuDkUEQ29ZblJYYXdaGURlB0VvTWcFZVA7V2NeBC9fLHsHbGxcZl4VIGkJOiBuZQ53BFELQSQOQnVc
[DEBUG] Session token length: 128
[DEBUG] Base64 decoded length: 96
   ✓ Got session token
[2/3] Decoding token...
[DEBUG] Challenge message length: 100
[DEBUG] Offset: 105711
[DEBUG] Decoded challenge length: 100
[DEBUG] Token bytes length: 96
[DEBUG] Final token length: 96
[DEBUG] Final token: a30e7b6e511895ce9602da334377209db78deb479392e71215bc489689312fd2605f1c2551990fe39fd954059a9fa953
[DEBUG] Token: a30e7b6e511895ce9602da334377209db78deb479392e71215bc489689312fd2605f1c2551990fe39fd954059a9fa953
   ✓ Token decoded (length: 96)
[3/3] Connecting...

[DEBUG] WebSocket URL: wss://kahoot.it/cometd/4911577/a30e7b6e511895ce9602da334377209db78deb479392e71215bc489689312fd2605f1c2551990fe39fd954059a9fa953
✓ Connected to WebSocket
[DEBUG] SEND handshake
[DEBUG] RECV: /meta/handshake 
✓ Handshake OK, clientId: 95km1osbm7a6evlbvp79wb2xq39xg
[DEBUG] SEND connect (first)
[DEBUG] RECV: /meta/connect 
[DEBUG] SEND connect (second)
[DEBUG] SEND login Bot39-6hc
[DEBUG] RECV: /service/status status
[DEBUG] RECV: /meta/connect 
[DEBUG] RECV: /service/controller 

⚠ Timeout - check if name appears in Kahoot lobby
[DEBUG] WebSocket closed: 1005

=== FAILED ===
Error: Connection closed (1005)
