
=== Kahoot Auto-Join ===
Game PIN: 8927125
Player: Bot3-4ns

[1/3] Getting session token...
[DEBUG] Session token (raw): bxMHbz50fCNbPRYnNlFPOW1hDWRRSQ1WYlQEElkHXSAFAn0aW1lYCnNKdDR0U2YLA1Q5IEgNfRAGQi5hICM8CRFkCg1hBQtzGHcEUjJsUmMQEwdpUw4uU10BbHojZx0F
[DEBUG] Session token length: 128
[DEBUG] Base64 decoded length: 96
   ✓ Got session token
[2/3] Decoding token...
[DEBUG] Challenge message length: 100
[DEBUG] Offset: 3201
[DEBUG] Decoded challenge length: 100
[DEBUG] Token bytes length: 96
[DEBUG] Final token length: 96
[DEBUG] Final token: 3bb0d99ddbdae17a7112d860891e3d6c799b02b2883f2c402fbf120be0f7fafcc3179192b790a0d4bd310aacf394e9ac
[DEBUG] Token: 3bb0d99ddbdae17a7112d860891e3d6c799b02b2883f2c402fbf120be0f7fafcc3179192b790a0d4bd310aacf394e9ac
   ✓ Token decoded (length: 96)
[3/3] Connecting...

[DEBUG] WebSocket URL: wss://kahoot.it/cometd/8927125/3bb0d99ddbdae17a7112d860891e3d6c799b02b2883f2c402fbf120be0f7fafcc3179192b790a0d4bd310aacf394e9ac
✓ Connected to WebSocket
[DEBUG] SEND handshake
[DEBUG] RECV: /meta/handshake 
✓ Handshake OK, clientId: boiwvrtyk2jzzvy27np3y5z0lds
[DEBUG] SEND connect (first)
[DEBUG] RECV: /meta/connect 
[DEBUG] SEND connect (second)
[DEBUG] SEND login Bot3-4ns
[DEBUG] RECV: /service/controller loginResponse
✓ Login successful! CID: 1635445630
[DEBUG] SEND namerator message

=== SUCCESS ===
Listening for game events... (Ctrl+C to exit)

[DEBUG] RECV: /meta/connect 
[DEBUG] RECV: /service/controller 
[DEBUG] RECV: /service/controller 
[DEBUG] RECV: /meta/connect 
[DEBUG] RECV: /meta/connect 
[DEBUG] RECV: /meta/connect 
[DEBUG] RECV: /meta/connect 
[DEBUG] RECV: /meta/connect 
[DEBUG] RECV: /meta/connect 
[DEBUG] RECV: /meta/connect 
[DEBUG] RECV: /meta/connect 
[DEBUG] RECV: /meta/connect 
[DEBUG] RECV: /meta/connect 
[DEBUG] RECV: /meta/connect 
[DEBUG] RECV: /meta/connect 
[DEBUG] RECV: /meta/connect 
[DEBUG] RECV: /meta/connect 
[DEBUG] RECV: /meta/connect 
[DEBUG] RECV: /meta/connect 
[DEBUG] RECV: /meta/connect 
[DEBUG] RECV: /meta/connect 
[DEBUG] RECV: /meta/connect 
[DEBUG] RECV: /meta/connect 
[DEBUG] RECV: /meta/connect 
