
=== Kahoot Auto-Join ===
Game PIN: 7599004
Player: Bot33-3x0

[1/3] Getting session token...
[DEBUG] Session token (raw): agMvXD5nbw95HnxeW2lveUpCYA9AdABmVVVbCDALHlphVgoBLlhNZGd8XA10BEpSawchJz17egMBUWxMOR9sL2Y0flwFPT5UEQQ0cAs4Z38xCy52ezNcWgElJ1MUEVVp
[DEBUG] Session token length: 128
[DEBUG] Base64 decoded length: 96
   ✓ Got session token
[2/3] Decoding token...
[DEBUG] Challenge message length: 100
[DEBUG] Offset: 3299725
[DEBUG] Decoded challenge length: 100
[DEBUG] Token bytes length: 96
[DEBUG] Final token length: 96
[DEBUG] Final token: 60e5a7669d9e783288536307042eedde31ebd393276e2b657dfab023bf39be7a7a84edb3a4d3cd47e5e85ccaffe0bcd8
[DEBUG] Token: 60e5a7669d9e783288536307042eedde31ebd393276e2b657dfab023bf39be7a7a84edb3a4d3cd47e5e85ccaffe0bcd8
   ✓ Token decoded (length: 96)
[3/3] Connecting...

[DEBUG] WebSocket URL: wss://kahoot.it/cometd/7599004/60e5a7669d9e783288536307042eedde31ebd393276e2b657dfab023bf39be7a7a84edb3a4d3cd47e5e85ccaffe0bcd8
✓ Connected to WebSocket
[DEBUG] SEND handshake
[DEBUG] RECV: /meta/handshake 
✓ Handshake OK, clientId: bpqt7tsavec7yzz310jibdd947asr
[DEBUG] SEND connect (first)
[DEBUG] RECV: /meta/connect 
[DEBUG] SEND connect (second)
[DEBUG] SEND login Bot33-3x0
[DEBUG] RECV: /service/controller loginResponse
✓ Login successful! CID: 377024522
[DEBUG] SEND namerator message

=== SUCCESS ===
Listening for game events... (Ctrl+C to exit)

[DEBUG] RECV: /meta/connect 
[DEBUG] RECV: /service/controller 
[DEBUG] RECV: /service/controller 
[DEBUG] RECV: /meta/connect 
[DEBUG] RECV: /meta/connect 
[DEBUG] RECV: /meta/connect 
[DEBUG] RECV: /meta/connect 
[DEBUG] RECV: /meta/connect 
[DEBUG] RECV: /meta/connect 
[DEBUG] RECV: /meta/connect 
[DEBUG] RECV: /meta/connect 
[DEBUG] RECV: /meta/connect 
[DEBUG] RECV: /meta/connect 
[DEBUG] RECV: /meta/connect 
[DEBUG] RECV: /meta/connect 
[DEBUG] RECV: /meta/connect 
[DEBUG] RECV: /meta/connect 
[DEBUG] RECV: /meta/connect 
[DEBUG] RECV: /meta/connect 
[DEBUG] RECV: /meta/connect 
[DEBUG] RECV: /meta/connect 
[DEBUG] RECV: /meta/connect 
[DEBUG] RECV: /meta/connect 
[DEBUG] RECV: /meta/connect 
[DEBUG] RECV: /meta/connect 
[DEBUG] RECV: /meta/connect 
[DEBUG] RECV: /meta/connect 
[DEBUG] RECV: /meta/connect 
[DEBUG] RECV: /meta/connect 
[DEBUG] RECV: /meta/connect 
[DEBUG] RECV: /meta/connect 
[DEBUG] RECV: /meta/connect 
[DEBUG] RECV: /meta/connect 
