
=== Kahoot Auto-Join ===
Game PIN: 4911577
Player: Bot39-oj9

[1/3] Getting session token...
[DEBUG] Session token (raw): YwkCBhEXb2FdUGMxT2QtMVRdA1RzMwcgUWYUbjRsCgJ/ZEgZTWBWA14qeFJcSEZlWFpXUw9SU2VlaHcAAQNraDVbZWgOdz0ODgIucDM0aWxkOl1dK2oQXGtKC0tTemdf
[DEBUG] Session token length: 128
[DEBUG] Base64 decoded length: 96
   ✓ Got session token
[2/3] Decoding token...
[DEBUG] Challenge message length: 100
[DEBUG] Offset: 4652
[DEBUG] Decoded challenge length: 100
[DEBUG] Token bytes length: 96
[DEBUG] Final token length: 96
[DEBUG] Final token: 35ecaa61961a76dad2d71daf06f8d610641c19668b17f976fa7f76052333ec38e85946c17bd8cd249a15b6db06c1211a
[DEBUG] Token: 35ecaa61961a76dad2d71daf06f8d610641c19668b17f976fa7f76052333ec38e85946c17bd8cd249a15b6db06c1211a
   ✓ Token decoded (length: 96)
[3/3] Connecting...

[DEBUG] WebSocket URL: wss://kahoot.it/cometd/4911577/35ecaa61961a76dad2d71daf06f8d610641c19668b17f976fa7f76052333ec38e85946c17bd8cd249a15b6db06c1211a
✓ Connected to WebSocket
[DEBUG] SEND handshake
[DEBUG] RECV: /meta/handshake 
✓ Handshake OK, clientId: 95bq20b4cm92k7n81378yun27b9ct
[DEBUG] SEND connect (first)
[DEBUG] RECV: /meta/connect 
[DEBUG] SEND connect (second)
[DEBUG] SEND login Bot39-oj9
[DEBUG] RECV: /service/status status
[DEBUG] RECV: /meta/connect 
[DEBUG] RECV: /service/controller 

⚠ Timeout - check if name appears in Kahoot lobby
[DEBUG] WebSocket closed: 1005

=== FAILED ===
Error: Connection closed (1005)
