
=== Kahoot Auto-Join ===
Game PIN: 4911577
Player: Bot34-92m

[1/3] Getting session token...
[DEBUG] Session token (raw): UWkIQEE0OAwDfDYPcy5rSCFNWXdVD3lDXQ8JMgY3cylkKQx0fV96C35TDFoLDVIlaFpMW21KYWFmc1dcaQZxXTxuXghSQChSCmAQJAFUBg1cexFDckFZWltyYFYAEllR
[DEBUG] Session token length: 128
[DEBUG] Base64 decoded length: 96
   ✓ Got session token
[2/3] Decoding token...
[DEBUG] Challenge message length: 100
[DEBUG] Offset: 2158
[DEBUG] Decoded challenge length: 100
[DEBUG] Token bytes length: 96
[DEBUG] Final token length: 96
[DEBUG] Final token: c5781bef20e27b78d947c619c9ddeb8c6a93818a0a566bbf107a6172371f385de2c281fea5ea2f30b2b35666214d6cc7
[DEBUG] Token: c5781bef20e27b78d947c619c9ddeb8c6a93818a0a566bbf107a6172371f385de2c281fea5ea2f30b2b35666214d6cc7
   ✓ Token decoded (length: 96)
[3/3] Connecting...

[DEBUG] WebSocket URL: wss://kahoot.it/cometd/4911577/c5781bef20e27b78d947c619c9ddeb8c6a93818a0a566bbf107a6172371f385de2c281fea5ea2f30b2b35666214d6cc7
✓ Connected to WebSocket
[DEBUG] SEND handshake
[DEBUG] RECV: /meta/handshake 
✓ Handshake OK, clientId: 95pg19ilm2ii2fpmt1u1tb38dx6udr
[DEBUG] SEND connect (first)
[DEBUG] RECV: /meta/connect 
[DEBUG] SEND connect (second)
[DEBUG] SEND login Bot34-92m
[DEBUG] RECV: /service/status status
[DEBUG] RECV: /meta/connect 
[DEBUG] RECV: /service/controller 

⚠ Timeout - check if name appears in Kahoot lobby
[DEBUG] WebSocket closed: 1005

=== FAILED ===
Error: Connection closed (1005)
