
=== Kahoot Auto-Join ===
Game PIN: 4911577
Player: Bot4-j8d

[1/3] Getting session token...
[DEBUG] Session token (raw): SglvCwgIVF40Q2wIfgkqaUQ8e2sMIH4OBwB2XV9aZEB+A2t8Blp8fzptV309blsIUG1CViMGEW1rfQNcVGx4WXlXCEJjeVwsOhBWLVBCXAoCEXpbSmNiB1oQQjsXUQZ8
[DEBUG] Session token length: 128
[DEBUG] Base64 decoded length: 96
   ✓ Got session token
[2/3] Decoding token...
[DEBUG] Challenge message length: 100
[DEBUG] Offset: 1269048000
[DEBUG] Decoded challenge length: 100
[DEBUG] Token bytes length: 96
[DEBUG] Final token length: 96
[DEBUG] Final token: 8a38c4b5f89876b00e128a863397e3289d24c545e1d7a09fb092aef162c6c91c4e81187ecbbba048da788506af6fc985
[DEBUG] Token: 8a38c4b5f89876b00e128a863397e3289d24c545e1d7a09fb092aef162c6c91c4e81187ecbbba048da788506af6fc985
   ✓ Token decoded (length: 96)
[3/3] Connecting...

[DEBUG] WebSocket URL: wss://kahoot.it/cometd/4911577/8a38c4b5f89876b00e128a863397e3289d24c545e1d7a09fb092aef162c6c91c4e81187ecbbba048da788506af6fc985
✓ Connected to WebSocket
[DEBUG] SEND handshake
[DEBUG] RECV: /meta/handshake 
✓ Handshake OK, clientId: 95ir173dme1h99b1n1qfwwcva65cot
[DEBUG] SEND connect (first)
[DEBUG] RECV: /meta/connect 
[DEBUG] SEND connect (second)
[DEBUG] SEND login Bot4-j8d
[DEBUG] RECV: /service/status status
[DEBUG] RECV: /meta/connect 
[DEBUG] RECV: /service/controller 

⚠ Timeout - check if name appears in Kahoot lobby
[DEBUG] WebSocket closed: 1005

=== FAILED ===
Error: Connection closed (1005)
