
=== Kahoot Auto-Join ===
Game PIN: 4911577
Player: Bot45-xq1

[1/3] Getting session token...
[DEBUG] Session token (raw): Fh1dCmlrWgxhAVAuWA9eAWxATVcSa2tYeHN4A1QECBRzW0F3PzFtO0BSUzxfP1cCKnoRalkKWStqeHlfEG5TWEx9C0oLXHdudQt/XmVMDUNTFzVvHhECDVBZDi8FUVRh
[DEBUG] Session token length: 128
[DEBUG] Base64 decoded length: 96
   ✓ Got session token
[2/3] Decoding token...
[DEBUG] Challenge message length: 100
[DEBUG] Offset: 1146
[DEBUG] Decoded challenge length: 100
[DEBUG] Token bytes length: 96
[DEBUG] Final token length: 96
[DEBUG] Final token: beaf45995fcf833a0415f35e141da2da0254bc7e86fbbb7fa9d24f8c2963c6d585b62b47169c68b2ece1eb93975e2631
[DEBUG] Token: beaf45995fcf833a0415f35e141da2da0254bc7e86fbbb7fa9d24f8c2963c6d585b62b47169c68b2ece1eb93975e2631
   ✓ Token decoded (length: 96)
[3/3] Connecting...

[DEBUG] WebSocket URL: wss://kahoot.it/cometd/4911577/beaf45995fcf833a0415f35e141da2da0254bc7e86fbbb7fa9d24f8c2963c6d585b62b47169c68b2ece1eb93975e2631
✓ Connected to WebSocket
[DEBUG] SEND handshake
[DEBUG] RECV: /meta/handshake 
✓ Handshake OK, clientId: 95pa1ikz18fwzymwlwr0qof8s733p
[DEBUG] SEND connect (first)
[DEBUG] RECV: /meta/connect 
[DEBUG] SEND connect (second)
[DEBUG] SEND login Bot45-xq1
[DEBUG] RECV: /service/status status
[DEBUG] RECV: /meta/connect 
[DEBUG] RECV: /service/controller 

⚠ Timeout - check if name appears in Kahoot lobby
[DEBUG] WebSocket closed: 1005

=== FAILED ===
Error: Connection closed (1005)
