
=== Kahoot Auto-Join ===
Game PIN: 7599004
Player: Bot42-p9a

[1/3] Getting session token...
[DEBUG] Session token (raw): WAhUZ1hGAHhdADU8VwA/citVUQpadSNgRnAPWwlgbV1WBnlSFGUqDVUHVT9qUGIGDiEBIzINdAEOaXdYM1p6E31Rd1lcMjIybARhXgELVgR5WSZqb1QDbWISVkUfbTZD
[DEBUG] Session token length: 128
[DEBUG] Base64 decoded length: 96
   ✓ Got session token
[2/3] Decoding token...
[DEBUG] Challenge message length: 100
[DEBUG] Offset: 2982
[DEBUG] Decoded challenge length: 100
[DEBUG] Token bytes length: 96
[DEBUG] Final token length: 96
[DEBUG] Final token: 03e2f17484cae4e1a9ec59d839d799522773b4f040bb7b161d7bce20f444e87e460dceac2d641ca796c85f860ab3d0b1
[DEBUG] Token: 03e2f17484cae4e1a9ec59d839d799522773b4f040bb7b161d7bce20f444e87e460dceac2d641ca796c85f860ab3d0b1
   ✓ Token decoded (length: 96)
[3/3] Connecting...

[DEBUG] WebSocket URL: wss://kahoot.it/cometd/7599004/03e2f17484cae4e1a9ec59d839d799522773b4f040bb7b161d7bce20f444e87e460dceac2d641ca796c85f860ab3d0b1
✓ Connected to WebSocket
[DEBUG] SEND handshake
[DEBUG] RECV: /meta/handshake 
✓ Handshake OK, clientId: bpqzg6ohub1m2b3z4snglfhtthl9
[DEBUG] SEND connect (first)
[DEBUG] RECV: /meta/connect 
[DEBUG] SEND connect (second)
[DEBUG] SEND login Bot42-p9a
[DEBUG] RECV: /service/controller loginResponse
✓ Login successful! CID: 702741086
[DEBUG] SEND namerator message

=== SUCCESS ===
Listening for game events... (Ctrl+C to exit)

[DEBUG] RECV: /meta/connect 
[DEBUG] RECV: /service/controller 
[DEBUG] RECV: /service/controller 
[DEBUG] RECV: /meta/connect 
[DEBUG] RECV: /meta/connect 
[DEBUG] RECV: /meta/connect 
[DEBUG] RECV: /meta/connect 
[DEBUG] RECV: /meta/connect 
[DEBUG] RECV: /meta/connect 
[DEBUG] RECV: /meta/connect 
[DEBUG] RECV: /meta/connect 
[DEBUG] RECV: /meta/connect 
[DEBUG] RECV: /meta/connect 
[DEBUG] RECV: /meta/connect 
[DEBUG] RECV: /meta/connect 
[DEBUG] RECV: /meta/connect 
[DEBUG] RECV: /meta/connect 
[DEBUG] RECV: /meta/connect 
[DEBUG] RECV: /meta/connect 
[DEBUG] RECV: /meta/connect 
[DEBUG] RECV: /meta/connect 
[DEBUG] RECV: /meta/connect 
[DEBUG] RECV: /meta/connect 
[DEBUG] RECV: /meta/connect 
[DEBUG] RECV: /meta/connect 
[DEBUG] RECV: /meta/connect 
[DEBUG] RECV: /meta/connect 
[DEBUG] RECV: /meta/connect 
[DEBUG] RECV: /meta/connect 
[DEBUG] RECV: /meta/connect 
[DEBUG] RECV: /meta/connect 
[DEBUG] RECV: /meta/connect 
[DEBUG] RECV: /meta/connect 
