
=== Kahoot Auto-Join ===
Game PIN: 4911577
Player: Bot43-ku3

[1/3] Getting session token...
[DEBUG] Session token (raw): DWdBNH1FPxReAER6Xg4pYw9GC0F9XHora055BlAtU3Y0CQl0dFxFfw5UWSJ9UEx2Kj9ZUwlRXE93XQRGXn1VDzopP1BbEVBidWZzDmRZDVEnVARhE2x7VRh8UmUJAEQW
[DEBUG] Session token length: 128
[DEBUG] Base64 decoded length: 96
   ✓ Got session token
[2/3] Decoding token...
[DEBUG] Challenge message length: 100
[DEBUG] Offset: 162
[DEBUG] Decoded challenge length: 100
[DEBUG] Token bytes length: 96
[DEBUG] Final token length: 96
[DEBUG] Final token: 554d95cc2349f2d0f3a61c9a296d2a20df221e7519fa3504fd53592519a2c4dfaef08a9816134a01d5c4c33eb611881a
[DEBUG] Token: 554d95cc2349f2d0f3a61c9a296d2a20df221e7519fa3504fd53592519a2c4dfaef08a9816134a01d5c4c33eb611881a
   ✓ Token decoded (length: 96)
[3/3] Connecting...

[DEBUG] WebSocket URL: wss://kahoot.it/cometd/4911577/554d95cc2349f2d0f3a61c9a296d2a20df221e7519fa3504fd53592519a2c4dfaef08a9816134a01d5c4c33eb611881a
✓ Connected to WebSocket
[DEBUG] SEND handshake
[DEBUG] RECV: /meta/handshake 
✓ Handshake OK, clientId: 95lx1p88rd0rj9hwf1e103sbm04t2n
[DEBUG] SEND connect (first)
[DEBUG] RECV: /meta/connect 
[DEBUG] SEND connect (second)
[DEBUG] SEND login Bot43-ku3
[DEBUG] RECV: /service/status status
[DEBUG] RECV: /meta/connect 
[DEBUG] RECV: /service/controller 

⚠ Timeout - check if name appears in Kahoot lobby
[DEBUG] WebSocket closed: 1005

=== FAILED ===
Error: Connection closed (1005)
