
=== Kahoot Auto-Join ===
Game PIN: 4911577
Player: Bot4-wg0

[1/3] Getting session token...
[DEBUG] Session token (raw): Ai5QDg5SXWoNRQdnOxpUWgtxZCAOBVQzVAQJAVZ6AXFvVRZTJFB5RU8ialsgKQ1veg1pICl7WXVVS0NneSp4WlkiOVVuKzhVXFNDU0gFLxdSYSgcU088YgUCXFZnFX9m
[DEBUG] Session token length: 128
[DEBUG] Base64 decoded length: 96
   ✓ Got session token
[2/3] Decoding token...
[DEBUG] Challenge message length: 100
[DEBUG] Offset: 0
[DEBUG] Decoded challenge length: 100
[DEBUG] Token bytes length: 96
[DEBUG] Final token length: 96
[DEBUG] Final token: 2f04e1093456efd6e40eb53b90def7c602eca7968a00fc868b8ab8f3e8449a3d0be93eb4cc2c25fe79afc6c85f574e18
[DEBUG] Token: 2f04e1093456efd6e40eb53b90def7c602eca7968a00fc868b8ab8f3e8449a3d0be93eb4cc2c25fe79afc6c85f574e18
   ✓ Token decoded (length: 96)
[3/3] Connecting...

[DEBUG] WebSocket URL: wss://kahoot.it/cometd/4911577/2f04e1093456efd6e40eb53b90def7c602eca7968a00fc868b8ab8f3e8449a3d0be93eb4cc2c25fe79afc6c85f574e18
✓ Connected to WebSocket
[DEBUG] SEND handshake
[DEBUG] RECV: /meta/handshake 
✓ Handshake OK, clientId: 95l6okr1pk0tpt5c113xnypxbnwpm
[DEBUG] SEND connect (first)
[DEBUG] RECV: /meta/connect 
[DEBUG] SEND connect (second)
[DEBUG] SEND login Bot4-wg0
[DEBUG] RECV: /service/status status
[DEBUG] RECV: /meta/connect 
[DEBUG] RECV: /service/controller 

⚠ Timeout - check if name appears in Kahoot lobby
[DEBUG] WebSocket closed: 1005

=== FAILED ===
Error: Connection closed (1005)
