
=== Kahoot Auto-Join ===
Game PIN: 4911577
Player: Bot45-okg

[1/3] Getting session token...
[DEBUG] Session token (raw): QwgOS3ReUAhfV21nBngcRFFQVHAvXkpDY3FlCko7AAsJZTAIXRJ1O1sFVAFBEAhrfG98BjcNbQlFayMgRnkWEFAKBmgDVAlUVQlWB1sQDQ9TAFVYeUcHVFMCAVwiWUtc
[DEBUG] Session token length: 128
[DEBUG] Base64 decoded length: 96
   ✓ Got session token
[2/3] Decoding token...
[DEBUG] Challenge message length: 100
[DEBUG] Offset: 221
[DEBUG] Decoded challenge length: 100
[DEBUG] Token bytes length: 96
[DEBUG] Final token length: 96
[DEBUG] Final token: 02681c3dee8570f6e3f5e292045a9d5c97bdaf2a64862f456895f62862af22bcbe70ee2bddfd7cfc1053048dbd20fa2e
[DEBUG] Token: 02681c3dee8570f6e3f5e292045a9d5c97bdaf2a64862f456895f62862af22bcbe70ee2bddfd7cfc1053048dbd20fa2e
   ✓ Token decoded (length: 96)
[3/3] Connecting...

[DEBUG] WebSocket URL: wss://kahoot.it/cometd/4911577/02681c3dee8570f6e3f5e292045a9d5c97bdaf2a64862f456895f62862af22bcbe70ee2bddfd7cfc1053048dbd20fa2e
✓ Connected to WebSocket
[DEBUG] SEND handshake
[DEBUG] RECV: /meta/handshake 
✓ Handshake OK, clientId: 95emuemwwul74j8h1vdnnp1wke6il
[DEBUG] SEND connect (first)
[DEBUG] RECV: /meta/connect 
[DEBUG] SEND connect (second)
[DEBUG] SEND login Bot45-okg
[DEBUG] RECV: /service/status status
[DEBUG] RECV: /meta/connect 
[DEBUG] RECV: /service/controller 

⚠ Timeout - check if name appears in Kahoot lobby
[DEBUG] WebSocket closed: 1005

=== FAILED ===
Error: Connection closed (1005)
