
=== Kahoot Auto-Join ===
Game PIN: 4911577
Player: Bot46-jbu

[1/3] Getting session token...
[DEBUG] Session token (raw): Wg4NBm8lSFF6XH0PXTtBAWxfRw0LFGs4QFlsNTpZbwBhFXVHDCtlARFpQT8JYQ8zDFslBgVTdlEIcnEIf3AFUVAHcWprHE4GOGNVUFtcbVFUPydyV09eW20XGHxmNRxA
[DEBUG] Session token length: 128
[DEBUG] Base64 decoded length: 96
   ✓ Got session token
[2/3] Decoding token...
[DEBUG] Challenge message length: 100
[DEBUG] Offset: 4215
[DEBUG] Decoded challenge length: 100
[DEBUG] Token bytes length: 96
[DEBUG] Final token length: 96
[DEBUG] Final token: 3aa28e030752de1466266d8e9e7cae905a40ea6ef86a44dfc2f3f80ca80257b8d2909d96b85885906aa455533cd11ae8
[DEBUG] Token: 3aa28e030752de1466266d8e9e7cae905a40ea6ef86a44dfc2f3f80ca80257b8d2909d96b85885906aa455533cd11ae8
   ✓ Token decoded (length: 96)
[3/3] Connecting...

[DEBUG] WebSocket URL: wss://kahoot.it/cometd/4911577/3aa28e030752de1466266d8e9e7cae905a40ea6ef86a44dfc2f3f80ca80257b8d2909d96b85885906aa455533cd11ae8
✓ Connected to WebSocket
[DEBUG] SEND handshake
[DEBUG] RECV: /meta/handshake 
✓ Handshake OK, clientId: 95egmfxny7znp9abfvojc5xynoa7
[DEBUG] SEND connect (first)
[DEBUG] RECV: /meta/connect 
[DEBUG] SEND connect (second)
[DEBUG] SEND login Bot46-jbu
[DEBUG] RECV: /service/status status
[DEBUG] RECV: /meta/connect 
[DEBUG] RECV: /service/controller 

⚠ Timeout - check if name appears in Kahoot lobby
[DEBUG] WebSocket closed: 1005

=== FAILED ===
Error: Connection closed (1005)
