
=== Kahoot Auto-Join ===
Game PIN: 4911577
Player: Bot45-p6t

[1/3] Getting session token...
[DEBUG] Session token (raw): d1UUBzcoNCcBGFktUlF8dChfTBQSBVcPRTIIVlJeEwdaQi8NLgoPBT9SMmYgRXMGKAFtUlsDbjhYKG18BlVjE01SfE5RWCwaRkA9c2N+WQkiXiIxCSNbUxRteixPfTRR
[DEBUG] Session token length: 128
[DEBUG] Base64 decoded length: 96
   ✓ Got session token
[2/3] Decoding token...
[DEBUG] Challenge message length: 100
[DEBUG] Offset: 93740
[DEBUG] Decoded challenge length: 100
[DEBUG] Token bytes length: 96
[DEBUG] Final token length: 96
[DEBUG] Final token: 8fd1acef6d4be635d00af6256ce9a3f5f2c7fcd9bed9d96dfe043f6bbf56809a8e38fddc27e51173abbbbab6d88d67dc
[DEBUG] Token: 8fd1acef6d4be635d00af6256ce9a3f5f2c7fcd9bed9d96dfe043f6bbf56809a8e38fddc27e51173abbbbab6d88d67dc
   ✓ Token decoded (length: 96)
[3/3] Connecting...

[DEBUG] WebSocket URL: wss://kahoot.it/cometd/4911577/8fd1acef6d4be635d00af6256ce9a3f5f2c7fcd9bed9d96dfe043f6bbf56809a8e38fddc27e51173abbbbab6d88d67dc
✓ Connected to WebSocket
[DEBUG] SEND handshake
[DEBUG] RECV: /meta/handshake 
✓ Handshake OK, clientId: 95oxzcm9lhfnu99w1vvv6934w77ab
[DEBUG] SEND connect (first)
[DEBUG] RECV: /meta/connect 
[DEBUG] SEND connect (second)
[DEBUG] SEND login Bot45-p6t
[DEBUG] RECV: /service/status status
[DEBUG] RECV: /meta/connect 
[DEBUG] RECV: /service/controller 

⚠ Timeout - check if name appears in Kahoot lobby
[DEBUG] WebSocket closed: 1005

=== FAILED ===
Error: Connection closed (1005)
