
=== Kahoot Auto-Join ===
Game PIN: 7599004
Player: Bot40-1sq

[1/3] Getting session token...
[DEBUG] Session token (raw): DlAzSEdURD5aUgY1VXAjTQ0DUmo+XV4gQWRmLW1AYQtHRWB+DiheTVAeXxkDFyI9W2x9El5geQ4IUzx+IXtjcBQNaCFdOEkNQQQPCA5SezJ1XEMiSAFpVG4eBm0/OQNY
[DEBUG] Session token length: 128
[DEBUG] Base64 decoded length: 96
   ✓ Got session token
[2/3] Decoding token...
[DEBUG] Challenge message length: 100
[DEBUG] Offset: 992742
[DEBUG] Decoded challenge length: 100
[DEBUG] Token bytes length: 96
[DEBUG] Final token length: 96
[DEBUG] Final token: dee45a1bcada64c582e5f74c852b151770592cc9dd5c0fdbe02c597db0a9d097ef7cbe83839c482d428b00231e98bcdc
[DEBUG] Token: dee45a1bcada64c582e5f74c852b151770592cc9dd5c0fdbe02c597db0a9d097ef7cbe83839c482d428b00231e98bcdc
   ✓ Token decoded (length: 96)
[3/3] Connecting...

[DEBUG] WebSocket URL: wss://kahoot.it/cometd/7599004/dee45a1bcada64c582e5f74c852b151770592cc9dd5c0fdbe02c597db0a9d097ef7cbe83839c482d428b00231e98bcdc
✓ Connected to WebSocket
[DEBUG] SEND handshake
[DEBUG] RECV: /meta/handshake 
✓ Handshake OK, clientId: bpr1dn2b4x60hkggj9w01thsbnpi
[DEBUG] SEND connect (first)
[DEBUG] RECV: /meta/connect 
[DEBUG] SEND connect (second)
[DEBUG] SEND login Bot40-1sq
[DEBUG] RECV: /service/controller loginResponse
✓ Login successful! CID: 169346363
[DEBUG] SEND namerator message

=== SUCCESS ===
Listening for game events... (Ctrl+C to exit)

[DEBUG] RECV: /meta/connect 
[DEBUG] RECV: /service/controller 
[DEBUG] RECV: /service/controller 
[DEBUG] RECV: /meta/connect 
[DEBUG] RECV: /meta/connect 
[DEBUG] RECV: /meta/connect 
[DEBUG] RECV: /meta/connect 
[DEBUG] RECV: /meta/connect 
[DEBUG] RECV: /meta/connect 
[DEBUG] RECV: /meta/connect 
[DEBUG] RECV: /meta/connect 
[DEBUG] RECV: /meta/connect 
[DEBUG] RECV: /meta/connect 
[DEBUG] RECV: /meta/connect 
[DEBUG] RECV: /meta/connect 
[DEBUG] RECV: /meta/connect 
[DEBUG] RECV: /meta/connect 
[DEBUG] RECV: /meta/connect 
[DEBUG] RECV: /meta/connect 
[DEBUG] RECV: /meta/connect 
[DEBUG] RECV: /meta/connect 
[DEBUG] RECV: /meta/connect 
[DEBUG] RECV: /meta/connect 
[DEBUG] RECV: /meta/connect 
[DEBUG] RECV: /meta/connect 
[DEBUG] RECV: /meta/connect 
[DEBUG] RECV: /meta/connect 
[DEBUG] RECV: /meta/connect 
[DEBUG] RECV: /meta/connect 
[DEBUG] RECV: /meta/connect 
[DEBUG] RECV: /meta/connect 
[DEBUG] RECV: /meta/connect 
[DEBUG] RECV: /meta/connect 
