
=== Kahoot Auto-Join ===
Game PIN: 7599004
Player: Bot4-jbg

[1/3] Getting session token...
[DEBUG] Session token (raw): U1o8WXZuHnZ2YXVbYCsjN1goSQInRFt1VwB8e3dVRCMwBWN4UQRVWnxOFCRhKgRVClkdPAZdMggBcgEKAF9TKFdBF1VQQHBeYgo/VVJeZ3F5XlNoCA9XYQtDRBd5IV0K
[DEBUG] Session token length: 128
[DEBUG] Base64 decoded length: 96
   ✓ Got session token
[2/3] Decoding token...
[DEBUG] Challenge message length: 100
[DEBUG] Offset: 2368193
[DEBUG] Decoded challenge length: 100
[DEBUG] Token bytes length: 96
[DEBUG] Final token length: 96
[DEBUG] Final token: 91aa75b131818dcacc83b5e5bd58966cf658f92375ed5ded43df6bfb8411f41fe2b8a80417ace4446b7717f7881f0c6a
[DEBUG] Token: 91aa75b131818dcacc83b5e5bd58966cf658f92375ed5ded43df6bfb8411f41fe2b8a80417ace4446b7717f7881f0c6a
   ✓ Token decoded (length: 96)
[3/3] Connecting...

[DEBUG] WebSocket URL: wss://kahoot.it/cometd/7599004/91aa75b131818dcacc83b5e5bd58966cf658f92375ed5ded43df6bfb8411f41fe2b8a80417ace4446b7717f7881f0c6a
✓ Connected to WebSocket
[DEBUG] SEND handshake
[DEBUG] RECV: /meta/handshake 
✓ Handshake OK, clientId: bppg25el3ic7rikdodex1wggn82r
[DEBUG] SEND connect (first)
[DEBUG] RECV: /meta/connect 
[DEBUG] SEND connect (second)
[DEBUG] SEND login Bot4-jbg
[DEBUG] RECV: /service/controller loginResponse
✓ Login successful! CID: 104425425
[DEBUG] SEND namerator message

=== SUCCESS ===
Listening for game events... (Ctrl+C to exit)

[DEBUG] RECV: /meta/connect 
[DEBUG] RECV: /service/controller 
[DEBUG] RECV: /service/controller 
[DEBUG] RECV: /meta/connect 
[DEBUG] RECV: /meta/connect 
[DEBUG] RECV: /meta/connect 
[DEBUG] RECV: /meta/connect 
[DEBUG] RECV: /meta/connect 
[DEBUG] RECV: /meta/connect 
[DEBUG] RECV: /meta/connect 
[DEBUG] RECV: /meta/connect 
[DEBUG] RECV: /meta/connect 
[DEBUG] RECV: /meta/connect 
[DEBUG] RECV: /meta/connect 
[DEBUG] RECV: /meta/connect 
[DEBUG] RECV: /meta/connect 
[DEBUG] RECV: /meta/connect 
[DEBUG] RECV: /meta/connect 
[DEBUG] RECV: /meta/connect 
[DEBUG] RECV: /meta/connect 
[DEBUG] RECV: /meta/connect 
[DEBUG] RECV: /meta/connect 
[DEBUG] RECV: /meta/connect 
[DEBUG] RECV: /meta/connect 
[DEBUG] RECV: /meta/connect 
[DEBUG] RECV: /meta/connect 
[DEBUG] RECV: /meta/connect 
[DEBUG] RECV: /meta/connect 
[DEBUG] RECV: /meta/connect 
[DEBUG] RECV: /meta/connect 
[DEBUG] RECV: /meta/connect 
[DEBUG] RECV: /meta/connect 
[DEBUG] RECV: /meta/connect 
[DEBUG] RECV: /meta/connect 
