
=== Kahoot Auto-Join ===
Game PIN: 4911577
Player: Bot43-rmb

[1/3] Getting session token...
[DEBUG] Session token (raw): IQtVDUM+XkpsBxpaaUMEexdcCnhTUBVABXwWAXlUHjFwXxETCStaM0RqJl00bSt6fhRvXF9nfG0HASxDdSQ1BzFvD2wNaFFtEg5geBl0Ol8MFRoJVUUDCGl8XAhPaAwm
[DEBUG] Session token length: 128
[DEBUG] Base64 decoded length: 96
   ✓ Got session token
[2/3] Decoding token...
[DEBUG] Challenge message length: 100
[DEBUG] Offset: 15192
[DEBUG] Decoded challenge length: 100
[DEBUG] Token bytes length: 96
[DEBUG] Final token length: 96
[DEBUG] Final token: ffce9cb214af3961a16553f4c4eb9aec0cdb1fae49a2f1d14e72615059f51fbdd733e423cd89e3fc3df6628e42fb69ea
[DEBUG] Token: ffce9cb214af3961a16553f4c4eb9aec0cdb1fae49a2f1d14e72615059f51fbdd733e423cd89e3fc3df6628e42fb69ea
   ✓ Token decoded (length: 96)
[3/3] Connecting...

[DEBUG] WebSocket URL: wss://kahoot.it/cometd/4911577/ffce9cb214af3961a16553f4c4eb9aec0cdb1fae49a2f1d14e72615059f51fbdd733e423cd89e3fc3df6628e42fb69ea
✓ Connected to WebSocket
[DEBUG] SEND handshake
[DEBUG] RECV: /meta/handshake 
✓ Handshake OK, clientId: 95ej1rdr43weh6ani13qkiwy18kbgm
[DEBUG] SEND connect (first)
[DEBUG] RECV: /meta/connect 
[DEBUG] SEND connect (second)
[DEBUG] SEND login Bot43-rmb
[DEBUG] RECV: /service/status status
[DEBUG] RECV: /meta/connect 
[DEBUG] RECV: /service/controller 

⚠ Timeout - check if name appears in Kahoot lobby
[DEBUG] WebSocket closed: 1005

=== FAILED ===
Error: Connection closed (1005)
