
=== Kahoot Auto-Join ===
Game PIN: 4911577
Player: Bot42-nh5

[1/3] Getting session token...
[DEBUG] Session token (raw): ZjACbFFlKDtddRRGInADD08ic2lmOWlhJTIHZAsKTQ0iUlRWDWUMWVstJWs5XgN6aBBfI1oFBUI0SXpRGzViBwVvOA9Sbl9iWGdiBx03Z1R2XAthIiwGXwcJdXl0Ai1B
[DEBUG] Session token length: 128
[DEBUG] Base64 decoded length: 96
   ✓ Got session token
[2/3] Decoding token...
[DEBUG] Challenge message length: 100
[DEBUG] Offset: 74800
[DEBUG] Decoded challenge length: 100
[DEBUG] Token bytes length: 96
[DEBUG] Final token length: 96
[DEBUG] Final token: 7c8297ed08f4e8ed6c713a87dfd9fd75c5bca5f5faf7ec452d2b53e0e95acf4a19dfb7961085ff3f58e4aaae70631ec5
[DEBUG] Token: 7c8297ed08f4e8ed6c713a87dfd9fd75c5bca5f5faf7ec452d2b53e0e95acf4a19dfb7961085ff3f58e4aaae70631ec5
   ✓ Token decoded (length: 96)
[3/3] Connecting...

[DEBUG] WebSocket URL: wss://kahoot.it/cometd/4911577/7c8297ed08f4e8ed6c713a87dfd9fd75c5bca5f5faf7ec452d2b53e0e95acf4a19dfb7961085ff3f58e4aaae70631ec5
✓ Connected to WebSocket
[DEBUG] SEND handshake
[DEBUG] RECV: /meta/handshake 
✓ Handshake OK, clientId: 95k81uymwfe6j8y8wm9bmulv2l03h
[DEBUG] SEND connect (first)
[DEBUG] RECV: /meta/connect 
[DEBUG] SEND connect (second)
[DEBUG] SEND login Bot42-nh5
[DEBUG] RECV: /service/status status
[DEBUG] RECV: /meta/connect 
[DEBUG] RECV: /service/controller 

⚠ Timeout - check if name appears in Kahoot lobby
[DEBUG] WebSocket closed: 1005

=== FAILED ===
Error: Connection closed (1005)
