
=== Kahoot Auto-Join ===
Game PIN: 4911577
Player: Bot46-wi7

[1/3] Getting session token...
[DEBUG] Session token (raw): UytLVE0Sey9NXRY0DG5RXAJnOQUNXmdUXUxYUmU+WTV6SVMDfwt/YFxKc0d2WX5+Pgx6Yl8LeD4JIWkFe3YUB1MwaWhhcRZdAgQOa0VfDRwaYHQwQjIZFzZfTWoyUEEu
[DEBUG] Session token length: 128
[DEBUG] Base64 decoded length: 96
   ✓ Got session token
[2/3] Decoding token...
[DEBUG] Challenge message length: 100
[DEBUG] Offset: 78209
[DEBUG] Decoded challenge length: 100
[DEBUG] Token bytes length: 96
[DEBUG] Final token length: 96
[DEBUG] Final token: 5a838b3e77fd607d62ab3b7995ff4e5b98ce2f52b1053f94b911563edd3f18aada9211bbd51779bef75b6dadfe82ea0b
[DEBUG] Token: 5a838b3e77fd607d62ab3b7995ff4e5b98ce2f52b1053f94b911563edd3f18aada9211bbd51779bef75b6dadfe82ea0b
   ✓ Token decoded (length: 96)
[3/3] Connecting...

[DEBUG] WebSocket URL: wss://kahoot.it/cometd/4911577/5a838b3e77fd607d62ab3b7995ff4e5b98ce2f52b1053f94b911563edd3f18aada9211bbd51779bef75b6dadfe82ea0b
✓ Connected to WebSocket
[DEBUG] SEND handshake
[DEBUG] RECV: /meta/handshake 
✓ Handshake OK, clientId: 95ke1aqg52z0bvx6q1ml30bkxkqyl4
[DEBUG] SEND connect (first)
[DEBUG] RECV: /meta/connect 
[DEBUG] SEND connect (second)
[DEBUG] SEND login Bot46-wi7
[DEBUG] RECV: /service/status status
[DEBUG] RECV: /meta/connect 
[DEBUG] RECV: /service/controller 

⚠ Timeout - check if name appears in Kahoot lobby
[DEBUG] WebSocket closed: 1005

=== FAILED ===
Error: Connection closed (1005)
