
=== Kahoot Auto-Join ===
Game PIN: 1161786
Player: Bot4-c0h

[1/3] Getting session token...
[DEBUG] Session token (raw): DXU8cwQRU3tWdmNlXwkBfVUEZylWDyBpCRZWUzUBdghzGmE8BF0JUl9KCWxwYQYpbQwBZAY8Rw0GHDt8XHhXKkNVQxM0VglsPR0CAW0JXAoNUV4DCmcvCE8KUCpWXEhj
[DEBUG] Session token length: 128
[DEBUG] Base64 decoded length: 96
   ✓ Got session token
[2/3] Decoding token...
[DEBUG] Challenge message length: 100
[DEBUG] Offset: 4399
[DEBUG] Decoded challenge length: 100
[DEBUG] Token bytes length: 96
[DEBUG] Final token length: 96
[DEBUG] Final token: 72c4cef47905c327e21bade71ee2c78f2f1a8a376231599b1654cb675da475ab612ea834cf97339b0c53a0ea357e4f26
[DEBUG] Token: 72c4cef47905c327e21bade71ee2c78f2f1a8a376231599b1654cb675da475ab612ea834cf97339b0c53a0ea357e4f26
   ✓ Token decoded (length: 96)
[3/3] Connecting...

[DEBUG] WebSocket URL: wss://kahoot.it/cometd/1161786/72c4cef47905c327e21bade71ee2c78f2f1a8a376231599b1654cb675da475ab612ea834cf97339b0c53a0ea357e4f26
✓ Connected to WebSocket
[DEBUG] SEND handshake
[DEBUG] RECV: /meta/handshake 
✓ Handshake OK, clientId: bocypnfp50tn78d01p49e7q0stn0j
[DEBUG] SEND connect (first)
[DEBUG] RECV: /meta/connect 
[DEBUG] SEND connect (second)
[DEBUG] SEND login Bot4-c0h
[DEBUG] RECV: /service/controller loginResponse
✓ Login successful! CID: 197424457
[DEBUG] SEND namerator message

=== SUCCESS ===
Listening for game events... (Ctrl+C to exit)

[DEBUG] RECV: /meta/connect 
[DEBUG] RECV: /service/controller 
[DEBUG] RECV: /service/controller 
