
=== Kahoot Auto-Join ===
Game PIN: 4911577
Player: Bot4-4io

[1/3] Getting session token...
[DEBUG] Session token (raw): aRQOaQRQCnltTAJLPgYkSXAMPDEGcmhZdwkFcCYvDBQkZWFTbTs5F1k0SXlYUn99P0ZSZG5mWF8TB35eKR8FDj5cUVh6YCRZHDpWf1tuZ3FlDEFqInx8WzdadAVdNkkJ
[DEBUG] Session token length: 128
[DEBUG] Base64 decoded length: 96
   ✓ Got session token
[2/3] Decoding token...
[DEBUG] Challenge message length: 100
[DEBUG] Offset: 749100
[DEBUG] Decoded challenge length: 100
[DEBUG] Token bytes length: 96
[DEBUG] Final token length: 96
[DEBUG] Final token: 5d104a096059b2d32aad15481f19fcced4599fde7d89c432b767360dbe06fecdd16d90cefdf1d2359310e04bff77fa21
[DEBUG] Token: 5d104a096059b2d32aad15481f19fcced4599fde7d89c432b767360dbe06fecdd16d90cefdf1d2359310e04bff77fa21
   ✓ Token decoded (length: 96)
[3/3] Connecting...

[DEBUG] WebSocket URL: wss://kahoot.it/cometd/4911577/5d104a096059b2d32aad15481f19fcced4599fde7d89c432b767360dbe06fecdd16d90cefdf1d2359310e04bff77fa21
✓ Connected to WebSocket
[DEBUG] SEND handshake
[DEBUG] RECV: /meta/handshake 
✓ Handshake OK, clientId: 95hp1b5zouhet95g21fs62jku7peor
[DEBUG] SEND connect (first)
[DEBUG] RECV: /meta/connect 
[DEBUG] SEND connect (second)
[DEBUG] SEND login Bot4-4io
[DEBUG] RECV: /service/status status
[DEBUG] RECV: /meta/connect 
[DEBUG] RECV: /service/controller 

⚠ Timeout - check if name appears in Kahoot lobby
[DEBUG] WebSocket closed: 1005

=== FAILED ===
Error: Connection closed (1005)
