
=== Kahoot Auto-Join ===
Game PIN: 7599004
Player: Bot46-mzm

[1/3] Getting session token...
[DEBUG] Session token (raw): Awd+AyMOUlAfIzBzLm9dQVAFISBFCkVbbnIrOw51UQcyAjx4LHQJEwo3DApvLVtiCkB8A2lhQDdYYlI1IHoaCRsDU1luWAxuUyBYVQ4JU15NZWUGKFVLDHMPMV58JFtq
[DEBUG] Session token length: 128
[DEBUG] Base64 decoded length: 96
   ✓ Got session token
[2/3] Decoding token...
[DEBUG] Challenge message length: 100
[DEBUG] Offset: 383240
[DEBUG] Decoded challenge length: 100
[DEBUG] Token bytes length: 96
[DEBUG] Final token length: 96
[DEBUG] Final token: 8a92efadcad5a4f91dca2f7232feb151a9c1e62f6e7b3ea0a34c119f481ff6b2a14661708afb520b1604a78e5cee1ed3
[DEBUG] Token: 8a92efadcad5a4f91dca2f7232feb151a9c1e62f6e7b3ea0a34c119f481ff6b2a14661708afb520b1604a78e5cee1ed3
   ✓ Token decoded (length: 96)
[3/3] Connecting...

[DEBUG] WebSocket URL: wss://kahoot.it/cometd/7599004/8a92efadcad5a4f91dca2f7232feb151a9c1e62f6e7b3ea0a34c119f481ff6b2a14661708afb520b1604a78e5cee1ed3
✓ Connected to WebSocket
[DEBUG] SEND handshake
[DEBUG] RECV: /meta/handshake 
✓ Handshake OK, clientId: bpr61cq6urmomwpsysq3vjqdfruy7
[DEBUG] SEND connect (first)
[DEBUG] RECV: /meta/connect 
[DEBUG] SEND connect (second)
[DEBUG] SEND login Bot46-mzm
[DEBUG] RECV: /service/controller loginResponse
✓ Login successful! CID: 1580212890
[DEBUG] SEND namerator message

=== SUCCESS ===
Listening for game events... (Ctrl+C to exit)

[DEBUG] RECV: /meta/connect 
[DEBUG] RECV: /service/controller 
[DEBUG] RECV: /service/controller 
[DEBUG] RECV: /meta/connect 
[DEBUG] RECV: /meta/connect 
[DEBUG] RECV: /meta/connect 
[DEBUG] RECV: /meta/connect 
[DEBUG] RECV: /meta/connect 
[DEBUG] RECV: /meta/connect 
[DEBUG] RECV: /meta/connect 
[DEBUG] RECV: /meta/connect 
[DEBUG] RECV: /meta/connect 
[DEBUG] RECV: /meta/connect 
[DEBUG] RECV: /meta/connect 
[DEBUG] RECV: /meta/connect 
[DEBUG] RECV: /meta/connect 
[DEBUG] RECV: /meta/connect 
[DEBUG] RECV: /meta/connect 
[DEBUG] RECV: /meta/connect 
[DEBUG] RECV: /meta/connect 
[DEBUG] RECV: /meta/connect 
[DEBUG] RECV: /meta/connect 
[DEBUG] RECV: /meta/connect 
[DEBUG] RECV: /meta/connect 
[DEBUG] RECV: /meta/connect 
[DEBUG] RECV: /meta/connect 
[DEBUG] RECV: /meta/connect 
[DEBUG] RECV: /meta/connect 
[DEBUG] RECV: /meta/connect 
[DEBUG] RECV: /meta/connect 
[DEBUG] RECV: /meta/connect 
[DEBUG] RECV: /meta/connect 
[DEBUG] RECV: /meta/connect 
