
=== Kahoot Auto-Join ===
Game PIN: 4911577
Player: Bot48-dqi

[1/3] Getting session token...
[DEBUG] Session token (raw): SGMfMVkDSwR8W2pecyoxeHtTdUMdcFoPcwQEBnsCbTEMTDY0LBNTFkFTNBBoVFNeF1AMXW1KQgERfFNbck5VG2AKXE0OXRsCZ0tURkNLDxBRfVhaQ2YmcwlvRGspDRBb
[DEBUG] Session token length: 128
[DEBUG] Base64 decoded length: 96
   ✓ Got session token
[2/3] Decoding token...
[DEBUG] Challenge message length: 100
[DEBUG] Offset: 99558
[DEBUG] Decoded challenge length: 100
[DEBUG] Token bytes length: 96
[DEBUG] Final token length: 96
[DEBUG] Final token: 24cd689a87310ef93e21f2b0271c943ab6cdfd7c4dcb1e1bfd372289b4ed022a00884aab8302917ed38f95d11905ffda
[DEBUG] Token: 24cd689a87310ef93e21f2b0271c943ab6cdfd7c4dcb1e1bfd372289b4ed022a00884aab8302917ed38f95d11905ffda
   ✓ Token decoded (length: 96)
[3/3] Connecting...

[DEBUG] WebSocket URL: wss://kahoot.it/cometd/4911577/24cd689a87310ef93e21f2b0271c943ab6cdfd7c4dcb1e1bfd372289b4ed022a00884aab8302917ed38f95d11905ffda
✓ Connected to WebSocket
[DEBUG] SEND handshake
[DEBUG] RECV: /meta/handshake 
✓ Handshake OK, clientId: 95lj165jbmkaazlnp1j9fjdi2hvzmg
[DEBUG] SEND connect (first)
[DEBUG] RECV: /meta/connect 
[DEBUG] SEND connect (second)
[DEBUG] SEND login Bot48-dqi
[DEBUG] RECV: /service/status status
[DEBUG] RECV: /meta/connect 
[DEBUG] RECV: /service/controller 

⚠ Timeout - check if name appears in Kahoot lobby
[DEBUG] WebSocket closed: 1005

=== FAILED ===
Error: Connection closed (1005)
