
=== Kahoot Auto-Join ===
Game PIN: 4911577
Player: Bot42-gsi

[1/3] Getting session token...
[DEBUG] Session token (raw): YgchYhEDUX4GCQoKOFF+SV8KFA5wM1pcW1NtLm1UE1piUkMaVG11GgY7JFE3UAQDMwlcDWtXYwkFXzASb2xZCFZ6UTFqQCxOCG1iDDVtWAlBKkZUBgMRT091Uj9XE3wD
[DEBUG] Session token length: 128
[DEBUG] Base64 decoded length: 96
   ✓ Got session token
[2/3] Decoding token...
[DEBUG] Challenge message length: 100
[DEBUG] Offset: 268
[DEBUG] Decoded challenge length: 100
[DEBUG] Token bytes length: 96
[DEBUG] Final token length: 96
[DEBUG] Final token: 7fd9d8207505e2984ce68f113e9e1fb33f6b810b1fc0be5fac47984b78db262ba5ea94b9a69ae8b16c0ceab7913caf54
[DEBUG] Token: 7fd9d8207505e2984ce68f113e9e1fb33f6b810b1fc0be5fac47984b78db262ba5ea94b9a69ae8b16c0ceab7913caf54
   ✓ Token decoded (length: 96)
[3/3] Connecting...

[DEBUG] WebSocket URL: wss://kahoot.it/cometd/4911577/7fd9d8207505e2984ce68f113e9e1fb33f6b810b1fc0be5fac47984b78db262ba5ea94b9a69ae8b16c0ceab7913caf54
✓ Connected to WebSocket
[DEBUG] SEND handshake
[DEBUG] RECV: /meta/handshake 
✓ Handshake OK, clientId: 95er1cz97erz8gji01hovv5yh6d2vd
[DEBUG] SEND connect (first)
[DEBUG] RECV: /meta/connect 
[DEBUG] SEND connect (second)
[DEBUG] SEND login Bot42-gsi
[DEBUG] RECV: /service/status status
[DEBUG] RECV: /meta/connect 
[DEBUG] RECV: /service/controller 

⚠ Timeout - check if name appears in Kahoot lobby
[DEBUG] WebSocket closed: 1005

=== FAILED ===
Error: Connection closed (1005)
