
=== Kahoot Auto-Join ===
Game PIN: 4911577
Player: Bot48-qpz

[1/3] Getting session token...
[DEBUG] Session token (raw): WV4mdVwKYmk/VwQLSylGdm8wVyZkdmIiVXtLDnJ3EDp5IwZmBzQCZVBYIWMPB3pwUgxmeVhvaldfJy5wYQAzYU93EXduMlpZdQw+cgZdNzVTeVFXTW0rUgVUMFt6GWZy
[DEBUG] Session token length: 128
[DEBUG] Base64 decoded length: 96
   ✓ Got session token
[2/3] Decoding token...
[DEBUG] Challenge message length: 100
[DEBUG] Offset: 320
[DEBUG] Decoded challenge length: 100
[DEBUG] Token bytes length: 96
[DEBUG] Final token length: 96
[DEBUG] Final token: e2e04a21c7177b266c7e650a010b86bf1d097ad8a0b13863d012e38f9ad26ad988b02ff904e95abfa92d65e54ff67c06
[DEBUG] Token: e2e04a21c7177b266c7e650a010b86bf1d097ad8a0b13863d012e38f9ad26ad988b02ff904e95abfa92d65e54ff67c06
   ✓ Token decoded (length: 96)
[3/3] Connecting...

[DEBUG] WebSocket URL: wss://kahoot.it/cometd/4911577/e2e04a21c7177b266c7e650a010b86bf1d097ad8a0b13863d012e38f9ad26ad988b02ff904e95abfa92d65e54ff67c06
✓ Connected to WebSocket
[DEBUG] SEND handshake
[DEBUG] RECV: /meta/handshake 
✓ Handshake OK, clientId: 95n5472lhlry6xqr1ek2ezuuq6fpy
[DEBUG] SEND connect (first)
[DEBUG] RECV: /meta/connect 
[DEBUG] SEND connect (second)
[DEBUG] SEND login Bot48-qpz
[DEBUG] RECV: /service/status status
[DEBUG] RECV: /meta/connect 
[DEBUG] RECV: /service/controller 

⚠ Timeout - check if name appears in Kahoot lobby
[DEBUG] WebSocket closed: 1005

=== FAILED ===
Error: Connection closed (1005)
