
=== Kahoot Auto-Join ===
Game PIN: 4911577
Player: Bot47-3ji

[1/3] Getting session token...
[DEBUG] Session token (raw): TwJqCV8MCggEBwNfLFglWAJVOQokQxFXURtMRnUHSVURV1hsH2FLAVp1LgR4WlYMeQ9naU9JXWNtaVxibF1WXlctBFVsWkdTfT4JIFFAJH5+BlkyVFBCE2d8AABFblII
[DEBUG] Session token length: 128
[DEBUG] Base64 decoded length: 96
   ✓ Got session token
[2/3] Decoding token...
[DEBUG] Challenge message length: 100
[DEBUG] Offset: 37570
[DEBUG] Decoded challenge length: 100
[DEBUG] Token bytes length: 96
[DEBUG] Final token length: 96
[DEBUG] Final token: 850506e796e3e7c2d9c1d4fb6c573b52d607e308d4c737459f45909598845dba6be4187c1adab7d3572bea2d11082415
[DEBUG] Token: 850506e796e3e7c2d9c1d4fb6c573b52d607e308d4c737459f45909598845dba6be4187c1adab7d3572bea2d11082415
   ✓ Token decoded (length: 96)
[3/3] Connecting...

[DEBUG] WebSocket URL: wss://kahoot.it/cometd/4911577/850506e796e3e7c2d9c1d4fb6c573b52d607e308d4c737459f45909598845dba6be4187c1adab7d3572bea2d11082415
✓ Connected to WebSocket
[DEBUG] SEND handshake
[DEBUG] RECV: /meta/handshake 
✓ Handshake OK, clientId: 95eti9bvqm75qopmc1j343n4aued
[DEBUG] SEND connect (first)
[DEBUG] RECV: /meta/connect 
[DEBUG] SEND connect (second)
[DEBUG] SEND login Bot47-3ji
[DEBUG] RECV: /service/status status
[DEBUG] RECV: /meta/connect 
[DEBUG] RECV: /service/controller 

⚠ Timeout - check if name appears in Kahoot lobby
[DEBUG] WebSocket closed: 1005

=== FAILED ===
Error: Connection closed (1005)
