
=== Kahoot Auto-Join ===
Game PIN: 4911577
Player: Bot56-cfq

[1/3] Getting session token...
[DEBUG] Session token (raw): bV5we1YKYEkIXFJFLnY2BFwDcHBRUEULV0xeMhw1XksGZTQoRVFFdQwLe3ZBF2dgV2gFfk9TZA5vIgxbTkBUAAJGCm1xXglhWVp7bmE4TFgoAhdwXjJMHQh+UF0LC0BW
[DEBUG] Session token length: 128
[DEBUG] Base64 decoded length: 96
   ✓ Got session token
[2/3] Decoding token...
[DEBUG] Challenge message length: 100
[DEBUG] Offset: 2279
[DEBUG] Decoded challenge length: 100
[DEBUG] Token bytes length: 96
[DEBUG] Final token length: 96
[DEBUG] Final token: 358679538d31e7a0a808951bd60cff7336fa06332d925b4438237b031b19911e227325e572264f82a3e32b8a50c8c224
[DEBUG] Token: 358679538d31e7a0a808951bd60cff7336fa06332d925b4438237b031b19911e227325e572264f82a3e32b8a50c8c224
   ✓ Token decoded (length: 96)
[3/3] Connecting...

[DEBUG] WebSocket URL: wss://kahoot.it/cometd/4911577/358679538d31e7a0a808951bd60cff7336fa06332d925b4438237b031b19911e227325e572264f82a3e32b8a50c8c224
✓ Connected to WebSocket
[DEBUG] SEND handshake
[DEBUG] RECV: /meta/handshake 
✓ Handshake OK, clientId: 95mv18zijzoz1mh3u1g4g80tlrhh5h
[DEBUG] SEND connect (first)
[DEBUG] RECV: /meta/connect 
[DEBUG] SEND connect (second)
[DEBUG] SEND login Bot56-cfq
[DEBUG] RECV: /service/status status
[DEBUG] RECV: /meta/connect 
[DEBUG] RECV: /service/controller 

⚠ Timeout - check if name appears in Kahoot lobby
[DEBUG] WebSocket closed: 1005

=== FAILED ===
Error: Connection closed (1005)
