
=== Kahoot Auto-Join ===
Game PIN: 7599004
Player: Bot5-o2m

[1/3] Getting session token...
[DEBUG] Session token (raw): NwBrPFIFUXBQLRIIcVsPYBF3b1QMAncOOwhaGgZ7e1AJX2JJAAhnUF5UQlYICmtBAyoMTgZgQQsMVAtKfwJzDwg8U1MZLSVfUEFeP1xrFQ5rEAReOHwTKEUBCgFmBydo
[DEBUG] Session token length: 128
[DEBUG] Base64 decoded length: 96
   ✓ Got session token
[2/3] Decoding token...
[DEBUG] Challenge message length: 100
[DEBUG] Offset: 129471
[DEBUG] Decoded challenge length: 100
[DEBUG] Token bytes length: 96
[DEBUG] Final token length: 96
[DEBUG] Final token: e20f6224aaa998a2a211fb04e70aa71907350d0f697148211aa712171ce00c62efb7efa2953c19ba7fd7a1fc622f62a0
[DEBUG] Token: e20f6224aaa998a2a211fb04e70aa71907350d0f697148211aa712171ce00c62efb7efa2953c19ba7fd7a1fc622f62a0
   ✓ Token decoded (length: 96)
[3/3] Connecting...

[DEBUG] WebSocket URL: wss://kahoot.it/cometd/7599004/e20f6224aaa998a2a211fb04e70aa71907350d0f697148211aa712171ce00c62efb7efa2953c19ba7fd7a1fc622f62a0
✓ Connected to WebSocket
[DEBUG] SEND handshake
[DEBUG] RECV: /meta/handshake 
✓ Handshake OK, clientId: bpq2wixajnpajng4dy9sed67298y
[DEBUG] SEND connect (first)
[DEBUG] RECV: /meta/connect 
[DEBUG] SEND connect (second)
[DEBUG] SEND login Bot5-o2m
[DEBUG] RECV: /service/controller loginResponse
✓ Login successful! CID: 1284514502
[DEBUG] SEND namerator message

=== SUCCESS ===
Listening for game events... (Ctrl+C to exit)

[DEBUG] RECV: /meta/connect 
[DEBUG] RECV: /service/controller 
[DEBUG] RECV: /service/controller 
[DEBUG] RECV: /meta/connect 
[DEBUG] RECV: /meta/connect 
[DEBUG] RECV: /meta/connect 
[DEBUG] RECV: /meta/connect 
[DEBUG] RECV: /meta/connect 
[DEBUG] RECV: /meta/connect 
[DEBUG] RECV: /meta/connect 
[DEBUG] RECV: /meta/connect 
[DEBUG] RECV: /meta/connect 
[DEBUG] RECV: /meta/connect 
[DEBUG] RECV: /meta/connect 
[DEBUG] RECV: /meta/connect 
[DEBUG] RECV: /meta/connect 
[DEBUG] RECV: /meta/connect 
[DEBUG] RECV: /meta/connect 
[DEBUG] RECV: /meta/connect 
[DEBUG] RECV: /meta/connect 
[DEBUG] RECV: /meta/connect 
[DEBUG] RECV: /meta/connect 
[DEBUG] RECV: /meta/connect 
[DEBUG] RECV: /meta/connect 
[DEBUG] RECV: /meta/connect 
[DEBUG] RECV: /meta/connect 
[DEBUG] RECV: /meta/connect 
[DEBUG] RECV: /meta/connect 
[DEBUG] RECV: /meta/connect 
[DEBUG] RECV: /meta/connect 
[DEBUG] RECV: /meta/connect 
[DEBUG] RECV: /meta/connect 
[DEBUG] RECV: /meta/connect 
