
=== Kahoot Auto-Join ===
Game PIN: 4911577
Player: Bot5-tpp

[1/3] Getting session token...
[DEBUG] Session token (raw): C2cPDXcVXjdZEUJoWG9Wd1gJe1NEJVpxMncWQR0XIGZbb3B6K28fB2gCAm5nHhFNSnx2HgNWCFhyMF9VAwQOR2geQF5AHywLQFlUJj4Ff2AxHnNYb383ehBLfzZiBDZT
[DEBUG] Session token length: 128
[DEBUG] Base64 decoded length: 96
   ✓ Got session token
[2/3] Decoding token...
[DEBUG] Challenge message length: 100
[DEBUG] Offset: 2158
[DEBUG] Decoded challenge length: 100
[DEBUG] Token bytes length: 96
[DEBUG] Final token length: 96
[DEBUG] Final token: 98b29cdb6b866154fb278e38e5e8ecc5f134b5e820019be6325f8c1e5d0b48066e423fba0e7aa727fe4d34a1d80c6cf5
[DEBUG] Token: 98b29cdb6b866154fb278e38e5e8ecc5f134b5e820019be6325f8c1e5d0b48066e423fba0e7aa727fe4d34a1d80c6cf5
   ✓ Token decoded (length: 96)
[3/3] Connecting...

[DEBUG] WebSocket URL: wss://kahoot.it/cometd/4911577/98b29cdb6b866154fb278e38e5e8ecc5f134b5e820019be6325f8c1e5d0b48066e423fba0e7aa727fe4d34a1d80c6cf5
✓ Connected to WebSocket
[DEBUG] SEND handshake
[DEBUG] RECV: /meta/handshake 
✓ Handshake OK, clientId: 95dgjkr97k4oxyyxdcesijo9m6yn
[DEBUG] SEND connect (first)
[DEBUG] RECV: /meta/connect 
[DEBUG] SEND connect (second)
[DEBUG] SEND login Bot5-tpp
[DEBUG] RECV: /service/status status
[DEBUG] RECV: /meta/connect 
[DEBUG] RECV: /service/controller 

⚠ Timeout - check if name appears in Kahoot lobby
[DEBUG] WebSocket closed: 1005

=== FAILED ===
Error: Connection closed (1005)
