
=== Kahoot Auto-Join ===
Game PIN: 4911577
Player: Bot50-c8z

[1/3] Getting session token...
[DEBUG] Session token (raw): NCkDeAh0diVTbgd2Kl5GdjUBdhUGPAsKWE89C3liHycLfwhYCSxndnpWLUYWW2Q4C0seJw07DV5baGZDO1FUBmdDaixHDVA3QUNWXGc2aH5/CA0hc2gEFWUEDlRcXnUE
[DEBUG] Session token length: 128
[DEBUG] Base64 decoded length: 96
   ✓ Got session token
[2/3] Decoding token...
[DEBUG] Challenge message length: 100
[DEBUG] Offset: 1574
[DEBUG] Decoded challenge length: 100
[DEBUG] Token bytes length: 96
[DEBUG] Final token length: 96
[DEBUG] Final token: fda5b95ae661f936b21e9e70b9f623fd085e5f2332f3e38d07ec6a065393a19a908d227a44563d274d2b823b72c4ce37
[DEBUG] Token: fda5b95ae661f936b21e9e70b9f623fd085e5f2332f3e38d07ec6a065393a19a908d227a44563d274d2b823b72c4ce37
   ✓ Token decoded (length: 96)
[3/3] Connecting...

[DEBUG] WebSocket URL: wss://kahoot.it/cometd/4911577/fda5b95ae661f936b21e9e70b9f623fd085e5f2332f3e38d07ec6a065393a19a908d227a44563d274d2b823b72c4ce37
✓ Connected to WebSocket
[DEBUG] SEND handshake
[DEBUG] RECV: /meta/handshake 
✓ Handshake OK, clientId: 95oacim2dlxmdcy53d5qv5nau0o4
[DEBUG] SEND connect (first)
[DEBUG] RECV: /meta/connect 
[DEBUG] SEND connect (second)
[DEBUG] SEND login Bot50-c8z
[DEBUG] RECV: /service/status status
[DEBUG] RECV: /meta/connect 
[DEBUG] RECV: /service/controller 

⚠ Timeout - check if name appears in Kahoot lobby
[DEBUG] WebSocket closed: 1005

=== FAILED ===
Error: Connection closed (1005)
