
=== Kahoot Auto-Join ===
Game PIN: 4911577
Player: Bot59-hd8

[1/3] Getting session token...
[DEBUG] Session token (raw): XVYDMH1fSXJ2cwMNbXRDAX1aNAUBQxdZWAkHbVo6TiluXEQANDowWyVmBgRiC0EbJWkDYEMVZwZAVl58UVIDVQpIDBBeVQ1WGQ5TX1NdWVAyCmsUCTB2BwIMJUkfVmAK
[DEBUG] Session token length: 128
[DEBUG] Base64 decoded length: 96
   ✓ Got session token
[2/3] Decoding token...
[DEBUG] Challenge message length: 100
[DEBUG] Offset: 345976
[DEBUG] Decoded challenge length: 100
[DEBUG] Token bytes length: 96
[DEBUG] Final token length: 96
[DEBUG] Final token: b6ce3d2491c9244695ba84a77403be2f3758bda1a373785be2262b1f0b98f53d743e3e26a6aadb34ea9e8e8f68e9e91d
[DEBUG] Token: b6ce3d2491c9244695ba84a77403be2f3758bda1a373785be2262b1f0b98f53d743e3e26a6aadb34ea9e8e8f68e9e91d
   ✓ Token decoded (length: 96)
[3/3] Connecting...

[DEBUG] WebSocket URL: wss://kahoot.it/cometd/4911577/b6ce3d2491c9244695ba84a77403be2f3758bda1a373785be2262b1f0b98f53d743e3e26a6aadb34ea9e8e8f68e9e91d
✓ Connected to WebSocket
[DEBUG] SEND handshake
[DEBUG] RECV: /meta/handshake 
✓ Handshake OK, clientId: 95nzt3i31qc6hb6y17tsg3tx5gl6g
[DEBUG] SEND connect (first)
[DEBUG] RECV: /meta/connect 
[DEBUG] SEND connect (second)
[DEBUG] SEND login Bot59-hd8
[DEBUG] RECV: /service/status status
[DEBUG] RECV: /meta/connect 
[DEBUG] RECV: /service/controller 

⚠ Timeout - check if name appears in Kahoot lobby
[DEBUG] WebSocket closed: 1005

=== FAILED ===
Error: Connection closed (1005)
