
=== Kahoot Auto-Join ===
Game PIN: 1519134
Player: Bot5-80n

[1/3] Getting session token...
[DEBUG] Session token (raw): U11qLWsIThdwdCZUCE5rWw9NWgx9MwkECz8NWEQvO0EEUy8gfhV4DwECFkJZVTRVU2MCbjsRCAJZNAMxXAwHAS9qU2pWBwhYTSwGaVFQUWZOAxNtVXgmFggNcUxyVVJd
[DEBUG] Session token length: 128
[DEBUG] Base64 decoded length: 96
   ✓ Got session token
[2/3] Decoding token...
[DEBUG] Challenge message length: 100
[DEBUG] Offset: 66564168
[DEBUG] Decoded challenge length: 100
[DEBUG] Token bytes length: 96
[DEBUG] Final token length: 96
[DEBUG] Final token: 487f788b65a33893515b2a2ddcb58ee77cdd5c73fcc4bfd01127eef2df6a6c77b1c2745f5d4817e77de4c2de865089f6
[DEBUG] Token: 487f788b65a33893515b2a2ddcb58ee77cdd5c73fcc4bfd01127eef2df6a6c77b1c2745f5d4817e77de4c2de865089f6
   ✓ Token decoded (length: 96)
[3/3] Connecting...

[DEBUG] WebSocket URL: wss://kahoot.it/cometd/1519134/487f788b65a33893515b2a2ddcb58ee77cdd5c73fcc4bfd01127eef2df6a6c77b1c2745f5d4817e77de4c2de865089f6
✓ Connected to WebSocket
[DEBUG] SEND handshake
[DEBUG] RECV: /meta/handshake 
✓ Handshake OK, clientId: by7r1tq293e9niue4y6fuxnrestj9
[DEBUG] SEND connect (first)
[DEBUG] RECV: /meta/connect 
[DEBUG] SEND connect (second)
[DEBUG] SEND login Bot5-80n
[DEBUG] RECV: /service/controller loginResponse
✓ Login successful! CID: 2125949245
[DEBUG] SEND namerator message

=== SUCCESS ===
Listening for game events... (Ctrl+C to exit)

[DEBUG] RECV: /meta/connect 
[DEBUG] RECV: /service/controller 
[DEBUG] RECV: /service/controller 
[DEBUG] RECV: /service/status status
✓ Game is ACTIVE
[DEBUG] RECV: /service/player message

🎉 JOINED AS: Bot5-80n
   Player CID: 2125949245
[DEBUG] RECV: /service/player message
[DEBUG] RECV: /service/player message
[DEBUG] RECV: /meta/connect 
