
=== Kahoot Auto-Join ===
Game PIN: 4911577
Player: Bot52-zyz

[1/3] Getting session token...
[DEBUG] Session token (raw): VGILCgYUJAgBCHlNPWhES3QHbwxbbVMndT4GdAFULmtLY38GWiVVXlsPCmFXV15EUHYIOgYBAFJbIWNqVRFaf1pWVVcHMFJWCA0IUlkOfW8ZQlcRH1oBVAUIbwZQVGku
[DEBUG] Session token length: 128
[DEBUG] Base64 decoded length: 96
   ✓ Got session token
[2/3] Decoding token...
[DEBUG] Challenge message length: 100
[DEBUG] Offset: 21489
[DEBUG] Decoded challenge length: 100
[DEBUG] Token bytes length: 96
[DEBUG] Final token length: 96
[DEBUG] Final token: b732eaf53f25d4873a90341d5d5675e8240f7beed4775482328b2c7dfa51bb244fc9fd2ffd347876c13ec00c3b90921b
[DEBUG] Token: b732eaf53f25d4873a90341d5d5675e8240f7beed4775482328b2c7dfa51bb244fc9fd2ffd347876c13ec00c3b90921b
   ✓ Token decoded (length: 96)
[3/3] Connecting...

[DEBUG] WebSocket URL: wss://kahoot.it/cometd/4911577/b732eaf53f25d4873a90341d5d5675e8240f7beed4775482328b2c7dfa51bb244fc9fd2ffd347876c13ec00c3b90921b
✓ Connected to WebSocket
[DEBUG] SEND handshake
[DEBUG] RECV: /meta/handshake 
✓ Handshake OK, clientId: 95n31i28cuu9f9cf012m8k35b83b8x
[DEBUG] SEND connect (first)
[DEBUG] RECV: /meta/connect 
[DEBUG] SEND connect (second)
[DEBUG] SEND login Bot52-zyz
[DEBUG] RECV: /service/status status
[DEBUG] RECV: /meta/connect 
[DEBUG] RECV: /service/controller 

⚠ Timeout - check if name appears in Kahoot lobby
[DEBUG] WebSocket closed: 1005

=== FAILED ===
Error: Connection closed (1005)
