
=== Kahoot Auto-Join ===
Game PIN: 4911577
Player: Bot54-8r0

[1/3] Getting session token...
[DEBUG] Session token (raw): CB1WFlNZfUZZUW8Gbl4LDDoRFww3VkpuXwUCMmYGYVg2CGsqOTZfQEFtaQYXcmlYdDVIeQRYTUtzLg5leUZfCUFBNWgWAA51fy1UIhkCagcPCTAMKUUBXDpne1Zfcnw8
[DEBUG] Session token length: 128
[DEBUG] Base64 decoded length: 96
   ✓ Got session token
[2/3] Decoding token...
[DEBUG] Challenge message length: 100
[DEBUG] Offset: 1205133930
[DEBUG] Decoded challenge length: 100
[DEBUG] Token bytes length: 96
[DEBUG] Final token length: 96
[DEBUG] Final token: 8aad3990e70a1b58edb6a981101b5666a37ffb805934e48a4f10c0496af8642f00d0a3035fbcb27c86c6e5fff78f827b
[DEBUG] Token: 8aad3990e70a1b58edb6a981101b5666a37ffb805934e48a4f10c0496af8642f00d0a3035fbcb27c86c6e5fff78f827b
   ✓ Token decoded (length: 96)
[3/3] Connecting...

[DEBUG] WebSocket URL: wss://kahoot.it/cometd/4911577/8aad3990e70a1b58edb6a981101b5666a37ffb805934e48a4f10c0496af8642f00d0a3035fbcb27c86c6e5fff78f827b
✓ Connected to WebSocket
[DEBUG] SEND handshake
[DEBUG] RECV: /meta/handshake 
✓ Handshake OK, clientId: 95i8y8txuafjktsk1r2vr6p06hsht
[DEBUG] SEND connect (first)
[DEBUG] RECV: /meta/connect 
[DEBUG] SEND connect (second)
[DEBUG] SEND login Bot54-8r0
[DEBUG] RECV: /service/status status
[DEBUG] RECV: /meta/connect 
[DEBUG] RECV: /service/controller 

⚠ Timeout - check if name appears in Kahoot lobby
[DEBUG] WebSocket closed: 1005

=== FAILED ===
Error: Connection closed (1005)
