
=== Kahoot Auto-Join ===
Game PIN: 4911577
Player: Bot52-25g

[1/3] Getting session token...
[DEBUG] Session token (raw): RQhXfXwPIDpxanVTXldDPwYQdAtfF0VYCnARdG4jZR5VQnA3PwkJWTI0PwZFOUcQPS5cYngXdWtzInACYnkHVR0lBEl0VVldC1UQYlJJf1ZfMTlzGGt0LHB3MHB0diZC
[DEBUG] Session token length: 128
[DEBUG] Base64 decoded length: 96
   ✓ Got session token
[2/3] Decoding token...
[DEBUG] Challenge message length: 100
[DEBUG] Offset: 2476396
[DEBUG] Decoded challenge length: 100
[DEBUG] Token bytes length: 96
[DEBUG] Final token length: 96
[DEBUG] Final token: 94032cdc4155546aad2e1b4cb8d57d4bf35eaa39eef49a1efec63f408f5655f2ecb334d0cba2a58b2cd4d40f52b413f5
[DEBUG] Token: 94032cdc4155546aad2e1b4cb8d57d4bf35eaa39eef49a1efec63f408f5655f2ecb334d0cba2a58b2cd4d40f52b413f5
   ✓ Token decoded (length: 96)
[3/3] Connecting...

[DEBUG] WebSocket URL: wss://kahoot.it/cometd/4911577/94032cdc4155546aad2e1b4cb8d57d4bf35eaa39eef49a1efec63f408f5655f2ecb334d0cba2a58b2cd4d40f52b413f5
✓ Connected to WebSocket
[DEBUG] SEND handshake
[DEBUG] RECV: /meta/handshake 
✓ Handshake OK, clientId: 95oo5zpdju7ztncu10d9fjiiarpm7
[DEBUG] SEND connect (first)
[DEBUG] RECV: /meta/connect 
[DEBUG] SEND connect (second)
[DEBUG] SEND login Bot52-25g
[DEBUG] RECV: /service/status status
[DEBUG] RECV: /meta/connect 
[DEBUG] RECV: /service/controller 

⚠ Timeout - check if name appears in Kahoot lobby
[DEBUG] WebSocket closed: 1005

=== FAILED ===
Error: Connection closed (1005)
