
=== Kahoot Auto-Join ===
Game PIN: 4911577
Player: Bot55-aew

[1/3] Getting session token...
[DEBUG] Session token (raw): HB9fXDlBFk9dVWpuKkIEXA8EcWszXyVteUU2VkIjA089CFQCCmkPVAECCW0rUANUVVJXWAYUVCdiYEJbTCl+AF4QfDhTNzt+UxVXU31LI28hLWsdB14PT3dmClx0Z20/
[DEBUG] Session token length: 128
[DEBUG] Base64 decoded length: 96
   ✓ Got session token
[2/3] Decoding token...
[DEBUG] Challenge message length: 100
[DEBUG] Offset: 13001832
[DEBUG] Decoded challenge length: 100
[DEBUG] Token bytes length: 96
[DEBUG] Final token length: 96
[DEBUG] Final token: fd74f4f57a87d8a75424fdf473ce8f06a0191043ea27e2a4c70fbb9d59327e140c2b6be5da6741d2dd7ab0b64019405a
[DEBUG] Token: fd74f4f57a87d8a75424fdf473ce8f06a0191043ea27e2a4c70fbb9d59327e140c2b6be5da6741d2dd7ab0b64019405a
   ✓ Token decoded (length: 96)
[3/3] Connecting...

[DEBUG] WebSocket URL: wss://kahoot.it/cometd/4911577/fd74f4f57a87d8a75424fdf473ce8f06a0191043ea27e2a4c70fbb9d59327e140c2b6be5da6741d2dd7ab0b64019405a
✓ Connected to WebSocket
[DEBUG] SEND handshake
[DEBUG] RECV: /meta/handshake 
✓ Handshake OK, clientId: 95nll1mwz6h6byvd1io4oro1ti7r6
[DEBUG] SEND connect (first)
[DEBUG] RECV: /meta/connect 
[DEBUG] SEND connect (second)
[DEBUG] SEND login Bot55-aew
[DEBUG] RECV: /service/status status
[DEBUG] RECV: /meta/connect 
[DEBUG] RECV: /service/controller 

⚠ Timeout - check if name appears in Kahoot lobby
[DEBUG] WebSocket closed: 1005

=== FAILED ===
Error: Connection closed (1005)
