
=== Kahoot Auto-Join ===
Game PIN: 7599004
Player: Bot57-87x

[1/3] Getting session token...
[DEBUG] Session token (raw): Y2xXegUmDAUvfXI2XQRddVphSghSXVkbUWAFPQpeKF44KQ9TW2FqEE4UeWRTRi98UWBEJl9HOnhYAkgHXAULChJPNg9JWUZcUkVzX2xnbGgvV2xiLkpeL0QpQW9xAVYR
[DEBUG] Session token length: 128
[DEBUG] Base64 decoded length: 96
   ✓ Got session token
[2/3] Decoding token...
[DEBUG] Challenge message length: 100
[DEBUG] Offset: 167125
[DEBUG] Decoded challenge length: 100
[DEBUG] Token bytes length: 96
[DEBUG] Final token length: 96
[DEBUG] Final token: 09243d92b08ead57272205da404cb9d4bac2044d7e50a3f6031a52b0fd1223eed4ee0109928a1406bb44b9ee0c950abc
[DEBUG] Token: 09243d92b08ead57272205da404cb9d4bac2044d7e50a3f6031a52b0fd1223eed4ee0109928a1406bb44b9ee0c950abc
   ✓ Token decoded (length: 96)
[3/3] Connecting...

[DEBUG] WebSocket URL: wss://kahoot.it/cometd/7599004/09243d92b08ead57272205da404cb9d4bac2044d7e50a3f6031a52b0fd1223eed4ee0109928a1406bb44b9ee0c950abc
✓ Connected to WebSocket
[DEBUG] SEND handshake
[DEBUG] RECV: /meta/handshake 
✓ Handshake OK, clientId: bps6z3lnbs9ddy32pqmxnmohrwb8
[DEBUG] SEND connect (first)
[DEBUG] RECV: /meta/connect 
[DEBUG] SEND connect (second)
[DEBUG] SEND login Bot57-87x
[DEBUG] RECV: /service/controller loginResponse
✓ Login successful! CID: 230724775
[DEBUG] SEND namerator message

=== SUCCESS ===
Listening for game events... (Ctrl+C to exit)

[DEBUG] RECV: /meta/connect 
[DEBUG] RECV: /service/controller 
[DEBUG] RECV: /service/controller 
[DEBUG] RECV: /meta/connect 
[DEBUG] RECV: /meta/connect 
[DEBUG] RECV: /meta/connect 
[DEBUG] RECV: /meta/connect 
[DEBUG] RECV: /meta/connect 
[DEBUG] RECV: /meta/connect 
[DEBUG] RECV: /meta/connect 
[DEBUG] RECV: /meta/connect 
[DEBUG] RECV: /meta/connect 
[DEBUG] RECV: /meta/connect 
[DEBUG] RECV: /meta/connect 
[DEBUG] RECV: /meta/connect 
[DEBUG] RECV: /meta/connect 
[DEBUG] RECV: /meta/connect 
[DEBUG] RECV: /meta/connect 
[DEBUG] RECV: /meta/connect 
[DEBUG] RECV: /meta/connect 
[DEBUG] RECV: /meta/connect 
[DEBUG] RECV: /meta/connect 
[DEBUG] RECV: /meta/connect 
[DEBUG] RECV: /meta/connect 
[DEBUG] RECV: /meta/connect 
[DEBUG] RECV: /meta/connect 
[DEBUG] RECV: /meta/connect 
[DEBUG] RECV: /meta/connect 
[DEBUG] RECV: /meta/connect 
[DEBUG] RECV: /meta/connect 
[DEBUG] RECV: /meta/connect 
[DEBUG] RECV: /meta/connect 
[DEBUG] RECV: /meta/connect 
