
=== Kahoot Auto-Join ===
Game PIN: 4911577
Player: Bot5-9mc

[1/3] Getting session token...
[DEBUG] Session token (raw): NzBqD11CVVh9TwFiXmdLcjEQcgRED1hyKF9KBWtaRQIPNlNwflJVLX4OFmcXIFFeUQQkWS8/DghhRksOb1sndkxtVQZmZBAEEyYNVWJmam9jYU5deRkFXA0NW3RzBw9+
[DEBUG] Session token length: 128
[DEBUG] Base64 decoded length: 96
   ✓ Got session token
[2/3] Decoding token...
[DEBUG] Challenge message length: 100
[DEBUG] Offset: 565907
[DEBUG] Decoded challenge length: 100
[DEBUG] Token bytes length: 96
[DEBUG] Final token length: 96
[DEBUG] Final token: ec39186895509072da6572d7cc322c711d0481ea38c6df6c3cb1ddf9819f54f294d367ebdd737458078a2c47eeb08175
[DEBUG] Token: ec39186895509072da6572d7cc322c711d0481ea38c6df6c3cb1ddf9819f54f294d367ebdd737458078a2c47eeb08175
   ✓ Token decoded (length: 96)
[3/3] Connecting...

[DEBUG] WebSocket URL: wss://kahoot.it/cometd/4911577/ec39186895509072da6572d7cc322c711d0481ea38c6df6c3cb1ddf9819f54f294d367ebdd737458078a2c47eeb08175
✓ Connected to WebSocket
[DEBUG] SEND handshake
[DEBUG] RECV: /meta/handshake 
✓ Handshake OK, clientId: 95i21b2toyobxhrhp1kxst8jzss4in
[DEBUG] SEND connect (first)
[DEBUG] RECV: /meta/connect 
[DEBUG] SEND connect (second)
[DEBUG] SEND login Bot5-9mc
[DEBUG] RECV: /service/status status
[DEBUG] RECV: /meta/connect 
[DEBUG] RECV: /service/controller 

⚠ Timeout - check if name appears in Kahoot lobby
[DEBUG] WebSocket closed: 1005

=== FAILED ===
Error: Connection closed (1005)
