
=== Kahoot Auto-Join ===
Game PIN: 4911577
Player: Bot53-4ig

[1/3] Getting session token...
[DEBUG] Session token (raw): Wl88DQR6ek1QQjJwU3gTUyANDVQXUk58UzxbNgYVfmxSfmMmDFltI1g1OEVfUQgHCnQMPgZTCS9sHQtxdC9ODnchTD0uJSVYRFJ4bwkBLHQDT254WyAEAUkJAXkOcQYP
[DEBUG] Session token length: 128
[DEBUG] Base64 decoded length: 96
   ✓ Got session token
[2/3] Decoding token...
[DEBUG] Challenge message length: 100
[DEBUG] Offset: 36864032
[DEBUG] Decoded challenge length: 100
[DEBUG] Token bytes length: 96
[DEBUG] Final token length: 96
[DEBUG] Final token: 90ceb52582d217bce8f6f175fd5c4d42331fd60afad11c8da34a093b9f051b8d3d5defb30d34cbd665648b940b57061d
[DEBUG] Token: 90ceb52582d217bce8f6f175fd5c4d42331fd60afad11c8da34a093b9f051b8d3d5defb30d34cbd665648b940b57061d
   ✓ Token decoded (length: 96)
[3/3] Connecting...

[DEBUG] WebSocket URL: wss://kahoot.it/cometd/4911577/90ceb52582d217bce8f6f175fd5c4d42331fd60afad11c8da34a093b9f051b8d3d5defb30d34cbd665648b940b57061d
✓ Connected to WebSocket
[DEBUG] SEND handshake
[DEBUG] RECV: /meta/handshake 
✓ Handshake OK, clientId: 95olnke0g4mtxam0t1soszfbz1dm
[DEBUG] SEND connect (first)
[DEBUG] RECV: /meta/connect 
[DEBUG] SEND connect (second)
[DEBUG] SEND login Bot53-4ig
[DEBUG] RECV: /service/status status
[DEBUG] RECV: /meta/connect 
[DEBUG] RECV: /service/controller 

⚠ Timeout - check if name appears in Kahoot lobby
[DEBUG] WebSocket closed: 1005

=== FAILED ===
Error: Connection closed (1005)
