
=== Kahoot Auto-Join ===
Game PIN: 7599004
Player: Bot58-54a

[1/3] Getting session token...
[DEBUG] Session token (raw): NnNea3cKfnczRl0yAQA7IDACKxcpJld6DTQlegsBel5fbgBfVxEAHjlIC0FRRRRzKC13XF4EDkFhTyljWQ8hXXtXRwxtRCdgVmg5C3U2aWNESQADWWAEe1FlBlsPf1Ni
[DEBUG] Session token length: 128
[DEBUG] Base64 decoded length: 96
   ✓ Got session token
[2/3] Decoding token...
[DEBUG] Challenge message length: 100
[DEBUG] Offset: 8432844
[DEBUG] Decoded challenge length: 100
[DEBUG] Token bytes length: 96
[DEBUG] Final token length: 96
[DEBUG] Final token: e9f38c72c5ca60afb4dfcce04ea8d28b70d06e2fc8c5c6b7aa58db5528c858d55e3f88b305aa3e2713b46847c93387c1
[DEBUG] Token: e9f38c72c5ca60afb4dfcce04ea8d28b70d06e2fc8c5c6b7aa58db5528c858d55e3f88b305aa3e2713b46847c93387c1
   ✓ Token decoded (length: 96)
[3/3] Connecting...

[DEBUG] WebSocket URL: wss://kahoot.it/cometd/7599004/e9f38c72c5ca60afb4dfcce04ea8d28b70d06e2fc8c5c6b7aa58db5528c858d55e3f88b305aa3e2713b46847c93387c1
✓ Connected to WebSocket
[DEBUG] SEND handshake
[DEBUG] RECV: /meta/handshake 
✓ Handshake OK, clientId: bprc1hstdwu2zg98c1lsusz24lpszx
[DEBUG] SEND connect (first)
[DEBUG] RECV: /meta/connect 
[DEBUG] SEND connect (second)
[DEBUG] SEND login Bot58-54a
[DEBUG] RECV: /service/controller loginResponse
✓ Login successful! CID: 1992945180
[DEBUG] SEND namerator message

=== SUCCESS ===
Listening for game events... (Ctrl+C to exit)

[DEBUG] RECV: /meta/connect 
[DEBUG] RECV: /service/controller 
[DEBUG] RECV: /service/controller 
[DEBUG] RECV: /meta/connect 
[DEBUG] RECV: /meta/connect 
[DEBUG] RECV: /meta/connect 
[DEBUG] RECV: /meta/connect 
[DEBUG] RECV: /meta/connect 
[DEBUG] RECV: /meta/connect 
[DEBUG] RECV: /meta/connect 
[DEBUG] RECV: /meta/connect 
[DEBUG] RECV: /meta/connect 
[DEBUG] RECV: /meta/connect 
[DEBUG] RECV: /meta/connect 
[DEBUG] RECV: /meta/connect 
[DEBUG] RECV: /meta/connect 
[DEBUG] RECV: /meta/connect 
[DEBUG] RECV: /meta/connect 
[DEBUG] RECV: /meta/connect 
[DEBUG] RECV: /meta/connect 
[DEBUG] RECV: /meta/connect 
[DEBUG] RECV: /meta/connect 
[DEBUG] RECV: /meta/connect 
[DEBUG] RECV: /meta/connect 
[DEBUG] RECV: /meta/connect 
[DEBUG] RECV: /meta/connect 
[DEBUG] RECV: /meta/connect 
[DEBUG] RECV: /meta/connect 
[DEBUG] RECV: /meta/connect 
[DEBUG] RECV: /meta/connect 
[DEBUG] RECV: /meta/connect 
[DEBUG] RECV: /meta/connect 
[DEBUG] RECV: /meta/connect 
