
=== Kahoot Auto-Join ===
Game PIN: 4911577
Player: Bot57-30u

[1/3] Getting session token...
[DEBUG] Session token (raw): aSMhDHMoV3EEY18FVAVlSmF9WABCYWJMPSdeAyUBBV5HPwFkDQ1tNHAiJXNQDlFgADV7amUuXCVhXQcgKl5kWzAHWDRfXC5YBGRccXFpWRx4UB5SQytcQzMIWg9nC0EF
[DEBUG] Session token length: 128
[DEBUG] Base64 decoded length: 96
   ✓ Got session token
[2/3] Decoding token...
[DEBUG] Challenge message length: 100
[DEBUG] Offset: 1017600
[DEBUG] Decoded challenge length: 100
[DEBUG] Token bytes length: 96
[DEBUG] Final token length: 96
[DEBUG] Final token: 4cc35ad099845d80348f2705fd24dfd26b19dc0e3fd7a9938c701f6b7c0be240fadf47a98289149f98dd1c70a78d8a04
[DEBUG] Token: 4cc35ad099845d80348f2705fd24dfd26b19dc0e3fd7a9938c701f6b7c0be240fadf47a98289149f98dd1c70a78d8a04
   ✓ Token decoded (length: 96)
[3/3] Connecting...

[DEBUG] WebSocket URL: wss://kahoot.it/cometd/4911577/4cc35ad099845d80348f2705fd24dfd26b19dc0e3fd7a9938c701f6b7c0be240fadf47a98289149f98dd1c70a78d8a04
✓ Connected to WebSocket
[DEBUG] SEND handshake
[DEBUG] RECV: /meta/handshake 
✓ Handshake OK, clientId: 95j77c2u7flns7ca1594fz54sknjy
[DEBUG] SEND connect (first)
[DEBUG] RECV: /meta/connect 
[DEBUG] SEND connect (second)
[DEBUG] SEND login Bot57-30u
[DEBUG] RECV: /service/status status
[DEBUG] RECV: /meta/connect 
[DEBUG] RECV: /service/controller 

⚠ Timeout - check if name appears in Kahoot lobby
[DEBUG] WebSocket closed: 1005

=== FAILED ===
Error: Connection closed (1005)
