
=== Kahoot Auto-Join ===
Game PIN: 4911577
Player: Bot5-xyf

[1/3] Getting session token...
[DEBUG] Session token (raw): RQo4cjZRKVltXzdAaWxYD0QkYzsBRCwQDTElMGp5Ch9MLg95eCgDMX5rCgNzTVkJAFUHEHtxUGdjWhAHaAUDURUgXAlVeVomWyBGF1IUXk96CwYSPjZHK1dTWQpweCtP
[DEBUG] Session token length: 128
[DEBUG] Base64 decoded length: 96
   ✓ Got session token
[2/3] Decoding token...
[DEBUG] Challenge message length: 100
[DEBUG] Offset: 1025710
[DEBUG] Decoded challenge length: 100
[DEBUG] Token bytes length: 96
[DEBUG] Final token length: 96
[DEBUG] Final token: 34e0b2d134b674730d2be2feedaf057d9dd50d0b294099ae1b4f22c293fd5e90aace305bdd3c2b467e5cdd1dc77e21b8
[DEBUG] Token: 34e0b2d134b674730d2be2feedaf057d9dd50d0b294099ae1b4f22c293fd5e90aace305bdd3c2b467e5cdd1dc77e21b8
   ✓ Token decoded (length: 96)
[3/3] Connecting...

[DEBUG] WebSocket URL: wss://kahoot.it/cometd/4911577/34e0b2d134b674730d2be2feedaf057d9dd50d0b294099ae1b4f22c293fd5e90aace305bdd3c2b467e5cdd1dc77e21b8
✓ Connected to WebSocket
[DEBUG] SEND handshake
[DEBUG] RECV: /meta/handshake 
✓ Handshake OK, clientId: 95fp16svpipq8588mz58qp5jxa8n8
[DEBUG] SEND connect (first)
[DEBUG] RECV: /meta/connect 
[DEBUG] SEND connect (second)
[DEBUG] SEND login Bot5-xyf
[DEBUG] RECV: /service/status status
[DEBUG] RECV: /meta/connect 
[DEBUG] RECV: /service/controller 

⚠ Timeout - check if name appears in Kahoot lobby
[DEBUG] WebSocket closed: 1005

=== FAILED ===
Error: Connection closed (1005)
