
=== Kahoot Auto-Join ===
Game PIN: 7599004
Player: Bot53-x40

[1/3] Getting session token...
[DEBUG] Session token (raw): XVoyAQpoSwhhTEMAewN/bj0PNUZiWTtZJQ0ZYWdHfHoEJgxvD0BOD0UHT0dQY28HVVVoBSAWHQ5SCCErHlMmIDwMcQxkQlFCXVZnKAIJPlhSAlBDZFA1eig2a3wAXVsE
[DEBUG] Session token length: 128
[DEBUG] Base64 decoded length: 96
   ✓ Got session token
[2/3] Decoding token...
[DEBUG] Challenge message length: 100
[DEBUG] Offset: 65304
[DEBUG] Decoded challenge length: 100
[DEBUG] Token bytes length: 96
[DEBUG] Final token length: 96
[DEBUG] Final token: e0b6277944183724fce50fb0f0c23690aea4115f4a8345922774fcd602eab5ffb82743392d1f71b4dd8405b8fa513040
[DEBUG] Token: e0b6277944183724fce50fb0f0c23690aea4115f4a8345922774fcd602eab5ffb82743392d1f71b4dd8405b8fa513040
   ✓ Token decoded (length: 96)
[3/3] Connecting...

[DEBUG] WebSocket URL: wss://kahoot.it/cometd/7599004/e0b6277944183724fce50fb0f0c23690aea4115f4a8345922774fcd602eab5ffb82743392d1f71b4dd8405b8fa513040
✓ Connected to WebSocket
[DEBUG] SEND handshake
[DEBUG] RECV: /meta/handshake 
✓ Handshake OK, clientId: bpre187yq84id4e7mr5zw4ajf0x4n
[DEBUG] SEND connect (first)
[DEBUG] RECV: /meta/connect 
[DEBUG] SEND connect (second)
[DEBUG] SEND login Bot53-x40
[DEBUG] RECV: /service/controller loginResponse
✓ Login successful! CID: 2141279179
[DEBUG] SEND namerator message

=== SUCCESS ===
Listening for game events... (Ctrl+C to exit)

[DEBUG] RECV: /meta/connect 
[DEBUG] RECV: /service/controller 
[DEBUG] RECV: /service/controller 
[DEBUG] RECV: /meta/connect 
[DEBUG] RECV: /meta/connect 
[DEBUG] RECV: /meta/connect 
[DEBUG] RECV: /meta/connect 
[DEBUG] RECV: /meta/connect 
[DEBUG] RECV: /meta/connect 
[DEBUG] RECV: /meta/connect 
[DEBUG] RECV: /meta/connect 
[DEBUG] RECV: /meta/connect 
[DEBUG] RECV: /meta/connect 
[DEBUG] RECV: /meta/connect 
[DEBUG] RECV: /meta/connect 
[DEBUG] RECV: /meta/connect 
[DEBUG] RECV: /meta/connect 
[DEBUG] RECV: /meta/connect 
[DEBUG] RECV: /meta/connect 
[DEBUG] RECV: /meta/connect 
[DEBUG] RECV: /meta/connect 
[DEBUG] RECV: /meta/connect 
[DEBUG] RECV: /meta/connect 
[DEBUG] RECV: /meta/connect 
[DEBUG] RECV: /meta/connect 
[DEBUG] RECV: /meta/connect 
[DEBUG] RECV: /meta/connect 
[DEBUG] RECV: /meta/connect 
[DEBUG] RECV: /meta/connect 
[DEBUG] RECV: /meta/connect 
[DEBUG] RECV: /meta/connect 
[DEBUG] RECV: /meta/connect 
[DEBUG] RECV: /meta/connect 
