
=== Kahoot Auto-Join ===
Game PIN: 4911577
Player: Bot52-kz9

[1/3] Getting session token...
[DEBUG] Session token (raw): ViwjAVw3Owppe1FpKxV8HSUIIl58WmRQQldfT2YPV2AMb31uKzNtODxcYUZAWVlNWkQ2RlhvD2pafwpHC1Z7UWJRXTQ2TQUAcn8PHUVTY0MoV3diaGQpCxZ8cgURJ1FR
[DEBUG] Session token length: 128
[DEBUG] Base64 decoded length: 96
   ✓ Got session token
[2/3] Decoding token...
[DEBUG] Challenge message length: 100
[DEBUG] Offset: 216601
[DEBUG] Decoded challenge length: 100
[DEBUG] Token bytes length: 96
[DEBUG] Final token length: 96
[DEBUG] Final token: faac9dde8055fa9accce62568a3751c31314fc9df421212792b6413657833c1956ffe559566e6c15c41325a9d275bba0
[DEBUG] Token: faac9dde8055fa9accce62568a3751c31314fc9df421212792b6413657833c1956ffe559566e6c15c41325a9d275bba0
   ✓ Token decoded (length: 96)
[3/3] Connecting...

[DEBUG] WebSocket URL: wss://kahoot.it/cometd/4911577/faac9dde8055fa9accce62568a3751c31314fc9df421212792b6413657833c1956ffe559566e6c15c41325a9d275bba0
✓ Connected to WebSocket
[DEBUG] SEND handshake
[DEBUG] RECV: /meta/handshake 
✓ Handshake OK, clientId: 95la1i291hgruvdih1q3nvki8tmx6k
[DEBUG] SEND connect (first)
[DEBUG] RECV: /meta/connect 
[DEBUG] SEND connect (second)
[DEBUG] SEND login Bot52-kz9
[DEBUG] RECV: /service/status status
[DEBUG] RECV: /meta/connect 
[DEBUG] RECV: /service/controller 

⚠ Timeout - check if name appears in Kahoot lobby
[DEBUG] WebSocket closed: 1005

=== FAILED ===
Error: Connection closed (1005)
