
=== Kahoot Auto-Join ===
Game PIN: 4911577
Player: Bot57-nuq

[1/3] Getting session token...
[DEBUG] Session token (raw): aAtfFV8AOC8QV046cFNpOGY2dFEGegRdCApOelENEUB3XyQ7QWFpQl80LwBqKm5OVTEMVwUDAl9hBy81IGxibAhWLUJtRAxqCDN0YGg4Smd3VlpEXGcjXyxUXDxUAGFc
[DEBUG] Session token length: 128
[DEBUG] Base64 decoded length: 96
   ✓ Got session token
[2/3] Decoding token...
[DEBUG] Challenge message length: 100
[DEBUG] Offset: 11904
[DEBUG] Decoded challenge length: 100
[DEBUG] Token bytes length: 96
[DEBUG] Final token length: 96
[DEBUG] Final token: 603ab8dfff2d587d0f7df863a422e5c616fe8853bbf04a984ad2016b11dab4229ce146797a913f30509807c6dfbbd693
[DEBUG] Token: 603ab8dfff2d587d0f7df863a422e5c616fe8853bbf04a984ad2016b11dab4229ce146797a913f30509807c6dfbbd693
   ✓ Token decoded (length: 96)
[3/3] Connecting...

[DEBUG] WebSocket URL: wss://kahoot.it/cometd/4911577/603ab8dfff2d587d0f7df863a422e5c616fe8853bbf04a984ad2016b11dab4229ce146797a913f30509807c6dfbbd693
✓ Connected to WebSocket
[DEBUG] SEND handshake
[DEBUG] RECV: /meta/handshake 
✓ Handshake OK, clientId: 95nazidd0rexfrjvg2guy5mjqhj5
[DEBUG] SEND connect (first)
[DEBUG] RECV: /meta/connect 
[DEBUG] SEND connect (second)
[DEBUG] SEND login Bot57-nuq
[DEBUG] RECV: /service/status status
[DEBUG] RECV: /meta/connect 
[DEBUG] RECV: /service/controller 

⚠ Timeout - check if name appears in Kahoot lobby
[DEBUG] WebSocket closed: 1005

=== FAILED ===
Error: Connection closed (1005)
