
=== Kahoot Auto-Join ===
Game PIN: 4911577
Player: Bot59-aqn

[1/3] Getting session token...
[DEBUG] Session token (raw): eTBdND8sAnBHQmIlJCg3XSx3WzRma21cOlFnUl9+dAN1Cm90cRdWKXZuXzlOdVdzFDQDGw1mSgp8CXMhDVBWcF5sXwc4YApSTVomPmV+Mi9cYw9mQWVRCh8AKgAOWlp0
[DEBUG] Session token length: 128
[DEBUG] Base64 decoded length: 96
   ✓ Got session token
[2/3] Decoding token...
[DEBUG] Challenge message length: 100
[DEBUG] Offset: 4419
[DEBUG] Decoded challenge length: 100
[DEBUG] Token bytes length: 96
[DEBUG] Final token length: 96
[DEBUG] Final token: 7efaffa7175fbebac42d1744e88c553442938b2b915b44c6fadbd66e204f7f77f406d98d44fd60bd024108b7e0d9c453
[DEBUG] Token: 7efaffa7175fbebac42d1744e88c553442938b2b915b44c6fadbd66e204f7f77f406d98d44fd60bd024108b7e0d9c453
   ✓ Token decoded (length: 96)
[3/3] Connecting...

[DEBUG] WebSocket URL: wss://kahoot.it/cometd/4911577/7efaffa7175fbebac42d1744e88c553442938b2b915b44c6fadbd66e204f7f77f406d98d44fd60bd024108b7e0d9c453
✓ Connected to WebSocket
[DEBUG] SEND handshake
[DEBUG] RECV: /meta/handshake 
✓ Handshake OK, clientId: 95bwjrj462xyekku1v34io5d3gkzl
[DEBUG] SEND connect (first)
[DEBUG] RECV: /meta/connect 
[DEBUG] SEND connect (second)
[DEBUG] SEND login Bot59-aqn
[DEBUG] RECV: /service/status status
[DEBUG] RECV: /meta/connect 
[DEBUG] RECV: /service/controller 

⚠ Timeout - check if name appears in Kahoot lobby
[DEBUG] WebSocket closed: 1005

=== FAILED ===
Error: Connection closed (1005)
