
=== Kahoot Auto-Join ===
Game PIN: 4911577
Player: Bot56-p9i

[1/3] Getting session token...
[DEBUG] Session token (raw): b1NtaQ5TIm1vVGp+BVo0ZH4PagNgXlxoO2tfXj4Gc1F3Klhce1UtAQsOL0lsXn9yK2pbKHRbcFtzVX1uL396YFdfRD1CAgBEWHEqW3Y8PD4HaktBSkppMltTaQRIc10y
[DEBUG] Session token length: 128
[DEBUG] Base64 decoded length: 96
   ✓ Got session token
[2/3] Decoding token...
[DEBUG] Challenge message length: 100
[DEBUG] Offset: 278
[DEBUG] Decoded challenge length: 100
[DEBUG] Token bytes length: 96
[DEBUG] Final token length: 96
[DEBUG] Final token: 0093ecf28a57dee76b8568b7f421a2051c112dddf0e93063f2dd09019f10a6686b1b6af4e6c20cdd3116100beb71841c
[DEBUG] Token: 0093ecf28a57dee76b8568b7f421a2051c112dddf0e93063f2dd09019f10a6686b1b6af4e6c20cdd3116100beb71841c
   ✓ Token decoded (length: 96)
[3/3] Connecting...

[DEBUG] WebSocket URL: wss://kahoot.it/cometd/4911577/0093ecf28a57dee76b8568b7f421a2051c112dddf0e93063f2dd09019f10a6686b1b6af4e6c20cdd3116100beb71841c
✓ Connected to WebSocket
[DEBUG] SEND handshake
[DEBUG] RECV: /meta/handshake 
✓ Handshake OK, clientId: 95pcovciibtroks8m419hd5d5dc5
[DEBUG] SEND connect (first)
[DEBUG] RECV: /meta/connect 
[DEBUG] SEND connect (second)
[DEBUG] SEND login Bot56-p9i
[DEBUG] RECV: /service/status status
[DEBUG] RECV: /meta/connect 
[DEBUG] RECV: /service/controller 

⚠ Timeout - check if name appears in Kahoot lobby
[DEBUG] WebSocket closed: 1005

=== FAILED ===
Error: Connection closed (1005)
