
=== Kahoot Auto-Join ===
Game PIN: 7599004
Player: Bot59-cdb

[1/3] Getting session token...
[DEBUG] Session token (raw): eHQyA1RcdxgGYw19BA0GOmtWfU9USwxBXQQLPi9ZVTw8AHMDeV1FN3YAZglXU2RdU2hRDhEWV3xbdEZPNx9aSmhYfWsDC3s2dF1UAUEsCghkEVtYZ0xZHF0EXgo2NQFX
[DEBUG] Session token length: 128
[DEBUG] Base64 decoded length: 96
   ✓ Got session token
[2/3] Decoding token...
[DEBUG] Challenge message length: 100
[DEBUG] Offset: 4953
[DEBUG] Decoded challenge length: 100
[DEBUG] Token bytes length: 96
[DEBUG] Final token length: 96
[DEBUG] Final token: 11c4de9b3494b92e0827c124437bf9acd347739a076bd653a875fd057778df299948c29d9d180e8f3bdc055dc3ffacb3
[DEBUG] Token: 11c4de9b3494b92e0827c124437bf9acd347739a076bd653a875fd057778df299948c29d9d180e8f3bdc055dc3ffacb3
   ✓ Token decoded (length: 96)
[3/3] Connecting...

[DEBUG] WebSocket URL: wss://kahoot.it/cometd/7599004/11c4de9b3494b92e0827c124437bf9acd347739a076bd653a875fd057778df299948c29d9d180e8f3bdc055dc3ffacb3
✓ Connected to WebSocket
[DEBUG] SEND handshake
[DEBUG] RECV: /meta/handshake 
✓ Handshake OK, clientId: bprie2efyi4gyb2j1fb9jn8jw6epl
[DEBUG] SEND connect (first)
[DEBUG] RECV: /meta/connect 
[DEBUG] SEND connect (second)
[DEBUG] SEND login Bot59-cdb
[DEBUG] RECV: /service/controller loginResponse
✓ Login successful! CID: 797401704
[DEBUG] SEND namerator message

=== SUCCESS ===
Listening for game events... (Ctrl+C to exit)

[DEBUG] RECV: /meta/connect 
[DEBUG] RECV: /service/controller 
[DEBUG] RECV: /service/controller 
[DEBUG] RECV: /meta/connect 
[DEBUG] RECV: /meta/connect 
[DEBUG] RECV: /meta/connect 
[DEBUG] RECV: /meta/connect 
[DEBUG] RECV: /meta/connect 
[DEBUG] RECV: /meta/connect 
[DEBUG] RECV: /meta/connect 
[DEBUG] RECV: /meta/connect 
[DEBUG] RECV: /meta/connect 
[DEBUG] RECV: /meta/connect 
[DEBUG] RECV: /meta/connect 
[DEBUG] RECV: /meta/connect 
[DEBUG] RECV: /meta/connect 
[DEBUG] RECV: /meta/connect 
[DEBUG] RECV: /meta/connect 
[DEBUG] RECV: /meta/connect 
[DEBUG] RECV: /meta/connect 
[DEBUG] RECV: /meta/connect 
[DEBUG] RECV: /meta/connect 
[DEBUG] RECV: /meta/connect 
[DEBUG] RECV: /meta/connect 
[DEBUG] RECV: /meta/connect 
[DEBUG] RECV: /meta/connect 
[DEBUG] RECV: /meta/connect 
[DEBUG] RECV: /meta/connect 
[DEBUG] RECV: /meta/connect 
[DEBUG] RECV: /meta/connect 
[DEBUG] RECV: /meta/connect 
[DEBUG] RECV: /meta/connect 
[DEBUG] RECV: /meta/connect 
