
=== Kahoot Auto-Join ===
Game PIN: 7599004
Player: Bot52-do5

[1/3] Getting session token...
[DEBUG] Session token (raw): ZBcBIHZXWmsCAnsJfAosWhdkA3FDCl8NOSYLe2UzbQB9dw9yXCRdAA0NDXVVAVtqMXlXWntgThUIXHZ2XTZxYH5VCD9BQn5cAjI5YAdpbmh0Bw9RQGQ2WX4ydVkUCXVT
[DEBUG] Session token length: 128
[DEBUG] Base64 decoded length: 96
   ✓ Got session token
[2/3] Decoding token...
[DEBUG] Challenge message length: 100
[DEBUG] Offset: 7437
[DEBUG] Decoded challenge length: 100
[DEBUG] Token bytes length: 96
[DEBUG] Final token length: 96
[DEBUG] Final token: 9bfb4556dc1a06c2e4a19a7bcfc68f8740131b024978dec5a8b4069f2b155c66214b06636ad234880da996a69a62cb40
[DEBUG] Token: 9bfb4556dc1a06c2e4a19a7bcfc68f8740131b024978dec5a8b4069f2b155c66214b06636ad234880da996a69a62cb40
   ✓ Token decoded (length: 96)
[3/3] Connecting...

[DEBUG] WebSocket URL: wss://kahoot.it/cometd/7599004/9bfb4556dc1a06c2e4a19a7bcfc68f8740131b024978dec5a8b4069f2b155c66214b06636ad234880da996a69a62cb40
✓ Connected to WebSocket
[DEBUG] SEND handshake
[DEBUG] RECV: /meta/handshake 
✓ Handshake OK, clientId: bpra18l0om61u4cbp1oo06zefcpf11
[DEBUG] SEND connect (first)
[DEBUG] RECV: /meta/connect 
[DEBUG] SEND connect (second)
[DEBUG] SEND login Bot52-do5
[DEBUG] RECV: /service/controller loginResponse
✓ Login successful! CID: 1389300875
[DEBUG] SEND namerator message

=== SUCCESS ===
Listening for game events... (Ctrl+C to exit)

[DEBUG] RECV: /meta/connect 
[DEBUG] RECV: /service/controller 
[DEBUG] RECV: /service/controller 
[DEBUG] RECV: /meta/connect 
[DEBUG] RECV: /meta/connect 
[DEBUG] RECV: /meta/connect 
[DEBUG] RECV: /meta/connect 
[DEBUG] RECV: /meta/connect 
[DEBUG] RECV: /meta/connect 
[DEBUG] RECV: /meta/connect 
[DEBUG] RECV: /meta/connect 
[DEBUG] RECV: /meta/connect 
[DEBUG] RECV: /meta/connect 
[DEBUG] RECV: /meta/connect 
[DEBUG] RECV: /meta/connect 
[DEBUG] RECV: /meta/connect 
[DEBUG] RECV: /meta/connect 
[DEBUG] RECV: /meta/connect 
[DEBUG] RECV: /meta/connect 
[DEBUG] RECV: /meta/connect 
[DEBUG] RECV: /meta/connect 
[DEBUG] RECV: /meta/connect 
[DEBUG] RECV: /meta/connect 
[DEBUG] RECV: /meta/connect 
[DEBUG] RECV: /meta/connect 
[DEBUG] RECV: /meta/connect 
[DEBUG] RECV: /meta/connect 
[DEBUG] RECV: /meta/connect 
[DEBUG] RECV: /meta/connect 
[DEBUG] RECV: /meta/connect 
[DEBUG] RECV: /meta/connect 
[DEBUG] RECV: /meta/connect 
[DEBUG] RECV: /meta/connect 
