
=== Kahoot Auto-Join ===
Game PIN: 4911577
Player: Bot55-wlk

[1/3] Getting session token...
[DEBUG] Session token (raw): DEFmPRdCEhYpTlQ1cVRsS3tXQ2RWV3ooUmAdTBAzO0leGX5kbDcIdHAJKwhTDTluUWt7CHg7ezFoNnpCdXUuensSMVhdCkofKX0BUX9fLBYNfQE0JlVxDXRZOWBoTFN2
[DEBUG] Session token length: 128
[DEBUG] Base64 decoded length: 96
   ✓ Got session token
[2/3] Decoding token...
[DEBUG] Challenge message length: 100
[DEBUG] Offset: 6413776
[DEBUG] Decoded challenge length: 100
[DEBUG] Token bytes length: 96
[DEBUG] Final token length: 96
[DEBUG] Final token: a53bc5dbf87b4f3960652b6db3d9dbb5da359da621a1e9e624786a1f9f2382f99cfd771fb59082de479aef8b8ea16093
[DEBUG] Token: a53bc5dbf87b4f3960652b6db3d9dbb5da359da621a1e9e624786a1f9f2382f99cfd771fb59082de479aef8b8ea16093
   ✓ Token decoded (length: 96)
[3/3] Connecting...

[DEBUG] WebSocket URL: wss://kahoot.it/cometd/4911577/a53bc5dbf87b4f3960652b6db3d9dbb5da359da621a1e9e624786a1f9f2382f99cfd771fb59082de479aef8b8ea16093
✓ Connected to WebSocket
[DEBUG] SEND handshake
[DEBUG] RECV: /meta/handshake 
✓ Handshake OK, clientId: 95njdwfs1u7ssc4h1w6i6vwwbg8dq
[DEBUG] SEND connect (first)
[DEBUG] RECV: /meta/connect 
[DEBUG] SEND connect (second)
[DEBUG] SEND login Bot55-wlk
[DEBUG] RECV: /service/status status
[DEBUG] RECV: /meta/connect 
[DEBUG] RECV: /service/controller 

⚠ Timeout - check if name appears in Kahoot lobby
[DEBUG] WebSocket closed: 1005

=== FAILED ===
Error: Connection closed (1005)
