
=== Kahoot Auto-Join ===
Game PIN: 4911577
Player: Bot54-boq

[1/3] Getting session token...
[DEBUG] Session token (raw): EFoLYGZUUwFVVQJfaQpkQlp6HWUCU1V+DCVEVnxkTgMEcFstDHxpbiduIEFlHjICZFIBZBt0cgYKels/PRAkcmZQbxYJew1ZalsXLl4WT3BODlptWwYCVQV7URF1VgQS
[DEBUG] Session token length: 128
[DEBUG] Base64 decoded length: 96
   ✓ Got session token
[2/3] Decoding token...
[DEBUG] Challenge message length: 100
[DEBUG] Offset: 79340580000
[DEBUG] Decoded challenge length: 100
[DEBUG] Token bytes length: 96
[DEBUG] Final token length: 96
[DEBUG] Final token: b396630e6a389527a2f9b8e9fd08444fe6db2382e4a84fa966d4b316092deec3993d48f77dda0d864b7104ec59ec597a
[DEBUG] Token: b396630e6a389527a2f9b8e9fd08444fe6db2382e4a84fa966d4b316092deec3993d48f77dda0d864b7104ec59ec597a
   ✓ Token decoded (length: 96)
[3/3] Connecting...

[DEBUG] WebSocket URL: wss://kahoot.it/cometd/4911577/b396630e6a389527a2f9b8e9fd08444fe6db2382e4a84fa966d4b316092deec3993d48f77dda0d864b7104ec59ec597a
✓ Connected to WebSocket
[DEBUG] SEND handshake
[DEBUG] RECV: /meta/handshake 
✓ Handshake OK, clientId: 95nnrgdazkjwpnad1tjfrpfb1cgq7
[DEBUG] SEND connect (first)
[DEBUG] RECV: /meta/connect 
[DEBUG] SEND connect (second)
[DEBUG] SEND login Bot54-boq
[DEBUG] RECV: /service/status status
[DEBUG] RECV: /meta/connect 
[DEBUG] RECV: /service/controller 

⚠ Timeout - check if name appears in Kahoot lobby
[DEBUG] WebSocket closed: 1005

=== FAILED ===
Error: Connection closed (1005)
