
=== Kahoot Auto-Join ===
Game PIN: 4911577
Player: Bot65-x82

[1/3] Getting session token...
[DEBUG] Session token (raw): BFNGUHdbHTtFYmcEV2EhBSI3MXAAA1NoRHRGUEVKZmkNdnsNQDx7RQo5J2FYCXs4XBdqLzJyJSJYCHZWDEhUc35daFxdLgNXIQBfaAVQZw1mRX1BbWMPDjUjNzheLjht
[DEBUG] Session token length: 128
[DEBUG] Base64 decoded length: 96
   ✓ Got session token
[2/3] Decoding token...
[DEBUG] Challenge message length: 100
[DEBUG] Offset: 9218
[DEBUG] Decoded challenge length: 100
[DEBUG] Token bytes length: 96
[DEBUG] Final token length: 96
[DEBUG] Final token: c44e63ab372ca0ecfdd04dc9125a9147d0502c671ac5cc5efb1bc4ddeb56d2b7104ccbc5c618378604224744dfca6de2
[DEBUG] Token: c44e63ab372ca0ecfdd04dc9125a9147d0502c671ac5cc5efb1bc4ddeb56d2b7104ccbc5c618378604224744dfca6de2
   ✓ Token decoded (length: 96)
[3/3] Connecting...

[DEBUG] WebSocket URL: wss://kahoot.it/cometd/4911577/c44e63ab372ca0ecfdd04dc9125a9147d0502c671ac5cc5efb1bc4ddeb56d2b7104ccbc5c618378604224744dfca6de2
✓ Connected to WebSocket
[DEBUG] SEND handshake
[DEBUG] RECV: /meta/handshake 
✓ Handshake OK, clientId: 95tc6o0slwl1vqhe1h72se3qmz78d
[DEBUG] SEND connect (first)
[DEBUG] RECV: /meta/connect 
[DEBUG] SEND connect (second)
[DEBUG] SEND login Bot65-x82
[DEBUG] RECV: /service/status status
[DEBUG] RECV: /meta/connect 
[DEBUG] RECV: /service/controller 

⚠ Timeout - check if name appears in Kahoot lobby
[DEBUG] WebSocket closed: 1005

=== FAILED ===
Error: Connection closed (1005)
