
=== Kahoot Auto-Join ===
Game PIN: 4911577
Player: Bot66-2kz

[1/3] Getting session token...
[DEBUG] Session token (raw): IhYoTGs6d34IfzRaUAI1AS53Q1Eje0h9ZF9XDm9oUEwwUlAzS2NSNlRGWgslXwpEMQN4e1t5PgEIYkN6EzRkBVxJXUICIDwXTBd7ZgZzN1gdJUlhbw0MLQlSJ2lbPlBl
[DEBUG] Session token length: 128
[DEBUG] Base64 decoded length: 96
   ✓ Got session token
[2/3] Decoding token...
[DEBUG] Challenge message length: 100
[DEBUG] Offset: 5161404
[DEBUG] Decoded challenge length: 100
[DEBUG] Token bytes length: 96
[DEBUG] Final token length: 96
[DEBUG] Final token: ceb76f2115b862c3b856b3062fdf2954e03e367b0313d760f083a2c7c132ae4640098fae5a0722bfdb0190ecd7b47a26
[DEBUG] Token: ceb76f2115b862c3b856b3062fdf2954e03e367b0313d760f083a2c7c132ae4640098fae5a0722bfdb0190ecd7b47a26
   ✓ Token decoded (length: 96)
[3/3] Connecting...

[DEBUG] WebSocket URL: wss://kahoot.it/cometd/4911577/ceb76f2115b862c3b856b3062fdf2954e03e367b0313d760f083a2c7c132ae4640098fae5a0722bfdb0190ecd7b47a26
✓ Connected to WebSocket
[DEBUG] SEND handshake
[DEBUG] RECV: /meta/handshake 
✓ Handshake OK, clientId: 95swe7pmq4g5ugca13dno3km3d0k6
[DEBUG] SEND connect (first)
[DEBUG] RECV: /meta/connect 
[DEBUG] SEND connect (second)
[DEBUG] SEND login Bot66-2kz
[DEBUG] RECV: /service/status status
[DEBUG] RECV: /meta/connect 
[DEBUG] RECV: /service/controller 

⚠ Timeout - check if name appears in Kahoot lobby
[DEBUG] WebSocket closed: 1005

=== FAILED ===
Error: Connection closed (1005)
