
=== Kahoot Auto-Join ===
Game PIN: 4911577
Player: Bot68-abv

[1/3] Getting session token...
[DEBUG] Session token (raw): PUgKAQlyDwgIbDpwAwkDAG5JdgpNUE1fJ1R+dx5ndSlQARkIDm4GTARRTg56W15mBWlSCF4OYnNffSZATV58DWVUBlgLfXUVKVQAO15hXko8DVdlalBXMUk1LxlZQ2Fr
[DEBUG] Session token length: 128
[DEBUG] Base64 decoded length: 96
   ✓ Got session token
[2/3] Decoding token...
[DEBUG] Challenge message length: 100
[DEBUG] Offset: 965
[DEBUG] Decoded challenge length: 100
[DEBUG] Token bytes length: 96
[DEBUG] Final token length: 96
[DEBUG] Final token: d2c592bfb9c328c44971507ea307b16b99a566b85f234dd3d0732a6088c0786004bec31ab7dcf8a9c05985ca3fcee785
[DEBUG] Token: d2c592bfb9c328c44971507ea307b16b99a566b85f234dd3d0732a6088c0786004bec31ab7dcf8a9c05985ca3fcee785
   ✓ Token decoded (length: 96)
[3/3] Connecting...

[DEBUG] WebSocket URL: wss://kahoot.it/cometd/4911577/d2c592bfb9c328c44971507ea307b16b99a566b85f234dd3d0732a6088c0786004bec31ab7dcf8a9c05985ca3fcee785
✓ Connected to WebSocket
[DEBUG] SEND handshake
[DEBUG] RECV: /meta/handshake 
✓ Handshake OK, clientId: 95cm1xk8otk7rhou0aj4ybn1xps04
[DEBUG] SEND connect (first)
[DEBUG] RECV: /meta/connect 
[DEBUG] SEND connect (second)
[DEBUG] SEND login Bot68-abv
[DEBUG] RECV: /service/status status
[DEBUG] RECV: /meta/connect 
[DEBUG] RECV: /service/controller 

⚠ Timeout - check if name appears in Kahoot lobby
[DEBUG] WebSocket closed: 1005

=== FAILED ===
Error: Connection closed (1005)
