
=== Kahoot Auto-Join ===
Game PIN: 4911577
Player: Bot67-931

[1/3] Getting session token...
[DEBUG] Session token (raw): X1wrWUEDMjR4Cgo1UndrBlJpW1w5AxBlAwZERHUNXxNkbjQmHHoFGkUxSTlRZ3MKHWcMAjJPRWRUVwdaFXcVF1x4ZQxeaTQ6OEQbVgxQfkRNNwQUagohZzNqUhlWDgw1
[DEBUG] Session token length: 128
[DEBUG] Base64 decoded length: 96
   ✓ Got session token
[2/3] Decoding token...
[DEBUG] Challenge message length: 100
[DEBUG] Offset: 4444
[DEBUG] Decoded challenge length: 100
[DEBUG] Token bytes length: 96
[DEBUG] Final token length: 96
[DEBUG] Final token: 8cd104bf240db82285e5cdb813311cda82bbe8bb3b5da131f529c7684ebcf5dbe19150fdf1aad7447d0b80d2b7fe6a7e
[DEBUG] Token: 8cd104bf240db82285e5cdb813311cda82bbe8bb3b5da131f529c7684ebcf5dbe19150fdf1aad7447d0b80d2b7fe6a7e
   ✓ Token decoded (length: 96)
[3/3] Connecting...

[DEBUG] WebSocket URL: wss://kahoot.it/cometd/4911577/8cd104bf240db82285e5cdb813311cda82bbe8bb3b5da131f529c7684ebcf5dbe19150fdf1aad7447d0b80d2b7fe6a7e
✓ Connected to WebSocket
[DEBUG] SEND handshake
[DEBUG] RECV: /meta/handshake 
✓ Handshake OK, clientId: 95niuslltoe8kki8e6hmxridvtv5
[DEBUG] SEND connect (first)
[DEBUG] RECV: /meta/connect 
[DEBUG] SEND connect (second)
[DEBUG] SEND login Bot67-931
[DEBUG] RECV: /service/status status
[DEBUG] RECV: /meta/connect 
[DEBUG] RECV: /service/controller 

⚠ Timeout - check if name appears in Kahoot lobby
[DEBUG] WebSocket closed: 1005

=== FAILED ===
Error: Connection closed (1005)
