
=== Kahoot Auto-Join ===
Game PIN: 4911577
Player: Bot60-yyb

[1/3] Getting session token...
[DEBUG] Session token (raw): a3ZgB1sNPFxsEl90F0obAW58H1EqU3ZwOgpASkp7dn5aMmNTIWlefllBMQs3JQ86UXRBRXtEKVcdfVQhOmRXXwdkRgJ5enYEBVwVFBBpdxVDRwZ1X0oWVww8fj8LBnRB
[DEBUG] Session token length: 128
[DEBUG] Base64 decoded length: 96
   ✓ Got session token
[2/3] Decoding token...
[DEBUG] Challenge message length: 100
[DEBUG] Offset: 27558960
[DEBUG] Decoded challenge length: 100
[DEBUG] Token bytes length: 96
[DEBUG] Final token length: 96
[DEBUG] Final token: 777db0be0db2d6c986d8ea01e9462158dc8ad185b2d3fb2d030724a0e40ca3e51045148544acc50d9318f0b87d8ce972
[DEBUG] Token: 777db0be0db2d6c986d8ea01e9462158dc8ad185b2d3fb2d030724a0e40ca3e51045148544acc50d9318f0b87d8ce972
   ✓ Token decoded (length: 96)
[3/3] Connecting...

[DEBUG] WebSocket URL: wss://kahoot.it/cometd/4911577/777db0be0db2d6c986d8ea01e9462158dc8ad185b2d3fb2d030724a0e40ca3e51045148544acc50d9318f0b87d8ce972
✓ Connected to WebSocket
[DEBUG] SEND handshake
[DEBUG] RECV: /meta/handshake 
✓ Handshake OK, clientId: 95oewv1otu27wa6cegy3pkw3m25g
[DEBUG] SEND connect (first)
[DEBUG] RECV: /meta/connect 
[DEBUG] SEND connect (second)
[DEBUG] SEND login Bot60-yyb
[DEBUG] RECV: /service/status status
[DEBUG] RECV: /meta/connect 
[DEBUG] RECV: /service/controller 

⚠ Timeout - check if name appears in Kahoot lobby
[DEBUG] WebSocket closed: 1005

=== FAILED ===
Error: Connection closed (1005)
