
=== Kahoot Auto-Join ===
Game PIN: 7599004
Player: Bot65-roq

[1/3] Getting session token...
[DEBUG] Session token (raw): LhN1Y1gHQEUOfnVpEysnSBMCZ3EIMlZhXVModFo+KTFCAFQBCUNYaFhqUVkADGtpe2AvF1IxMTl/BEsHZmU9ag0wDFZlB3VqQXp2CwF1BnsvXV9aDg5DQlpnXlQkRHAr
[DEBUG] Session token length: 128
[DEBUG] Base64 decoded length: 96
   ✓ Got session token
[2/3] Decoding token...
[DEBUG] Challenge message length: 100
[DEBUG] Offset: 12118
[DEBUG] Decoded challenge length: 100
[DEBUG] Token bytes length: 96
[DEBUG] Final token length: 96
[DEBUG] Final token: ca676475c851dfa0c427cf8885e8bacd2cc042564685c47254ce9eda278b92d1ebbf3a8465333850a9cd66864386b40f
[DEBUG] Token: ca676475c851dfa0c427cf8885e8bacd2cc042564685c47254ce9eda278b92d1ebbf3a8465333850a9cd66864386b40f
   ✓ Token decoded (length: 96)
[3/3] Connecting...

[DEBUG] WebSocket URL: wss://kahoot.it/cometd/7599004/ca676475c851dfa0c427cf8885e8bacd2cc042564685c47254ce9eda278b92d1ebbf3a8465333850a9cd66864386b40f
✓ Connected to WebSocket
[DEBUG] SEND handshake
[DEBUG] RECV: /meta/handshake 
✓ Handshake OK, clientId: bprf1pcd3et375t93km7wm0jj4aih
[DEBUG] SEND connect (first)
[DEBUG] RECV: /meta/connect 
[DEBUG] SEND connect (second)
[DEBUG] SEND login Bot65-roq
[DEBUG] RECV: /service/controller loginResponse
✓ Login successful! CID: 1017484022
[DEBUG] SEND namerator message

=== SUCCESS ===
Listening for game events... (Ctrl+C to exit)

[DEBUG] RECV: /meta/connect 
[DEBUG] RECV: /service/controller 
[DEBUG] RECV: /service/controller 
[DEBUG] RECV: /meta/connect 
[DEBUG] RECV: /meta/connect 
[DEBUG] RECV: /meta/connect 
[DEBUG] RECV: /meta/connect 
[DEBUG] RECV: /meta/connect 
[DEBUG] RECV: /meta/connect 
[DEBUG] RECV: /meta/connect 
[DEBUG] RECV: /meta/connect 
[DEBUG] RECV: /meta/connect 
[DEBUG] RECV: /meta/connect 
[DEBUG] RECV: /meta/connect 
[DEBUG] RECV: /meta/connect 
[DEBUG] RECV: /meta/connect 
[DEBUG] RECV: /meta/connect 
[DEBUG] RECV: /meta/connect 
[DEBUG] RECV: /meta/connect 
[DEBUG] RECV: /meta/connect 
[DEBUG] RECV: /meta/connect 
[DEBUG] RECV: /meta/connect 
[DEBUG] RECV: /meta/connect 
[DEBUG] RECV: /meta/connect 
[DEBUG] RECV: /meta/connect 
[DEBUG] RECV: /meta/connect 
[DEBUG] RECV: /meta/connect 
[DEBUG] RECV: /meta/connect 
[DEBUG] RECV: /meta/connect 
[DEBUG] RECV: /meta/connect 
[DEBUG] RECV: /meta/connect 
[DEBUG] RECV: /meta/connect 
[DEBUG] RECV: /meta/connect 
