
=== Kahoot Auto-Join ===
Game PIN: 4911577
Player: Bot68-ji0

[1/3] Getting session token...
[DEBUG] Session token (raw): KEYsFz0aFFx7VFZIXEhsMX0NCwkKdjpYVw5kYTYvAkpeDVNWCmVZRmFlQXAgOBg/MjgyeVgZIX8rLH91SAQFPiQEWhsLDXcuZAhnA0EvHSZ7VGluWwlXFGEia3wbVRJR
[DEBUG] Session token length: 128
[DEBUG] Base64 decoded length: 96
   ✓ Got session token
[2/3] Decoding token...
[DEBUG] Challenge message length: 100
[DEBUG] Offset: 34267648
[DEBUG] Decoded challenge length: 100
[DEBUG] Token bytes length: 96
[DEBUG] Final token length: 96
[DEBUG] Final token: f3ebdaae4662b20d0975b6c76f16ca091b4db6b75003ccccfda41bf1ed344bebd8bc769f64269afc1d71868a8a62cffc
[DEBUG] Token: f3ebdaae4662b20d0975b6c76f16ca091b4db6b75003ccccfda41bf1ed344bebd8bc769f64269afc1d71868a8a62cffc
   ✓ Token decoded (length: 96)
[3/3] Connecting...

[DEBUG] WebSocket URL: wss://kahoot.it/cometd/4911577/f3ebdaae4662b20d0975b6c76f16ca091b4db6b75003ccccfda41bf1ed344bebd8bc769f64269afc1d71868a8a62cffc
✓ Connected to WebSocket
[DEBUG] SEND handshake
[DEBUG] RECV: /meta/handshake 
✓ Handshake OK, clientId: 95f8z0swmi70oef3lkz9gdzdd7z1
[DEBUG] SEND connect (first)
[DEBUG] RECV: /meta/connect 
[DEBUG] SEND connect (second)
[DEBUG] SEND login Bot68-ji0
[DEBUG] RECV: /service/status status
[DEBUG] RECV: /meta/connect 
[DEBUG] RECV: /service/controller 

⚠ Timeout - check if name appears in Kahoot lobby
[DEBUG] WebSocket closed: 1005

=== FAILED ===
Error: Connection closed (1005)
