
=== Kahoot Auto-Join ===
Game PIN: 4911577
Player: Bot63-ntf

[1/3] Getting session token...
[DEBUG] Session token (raw): ISpqfmYGUnNiTQ1sFApyIgtxUHRZcUM+LWlxXANNcCNRPmdkCR0zDmY9B2k5DgwUP2IOR1JWBkBsNCtCVG12AX9zLQ8YLUB6PW9fGQx9TnEqIj9COwILXBIjDQcOMEVj
[DEBUG] Session token length: 128
[DEBUG] Base64 decoded length: 96
   ✓ Got session token
[2/3] Decoding token...
[DEBUG] Challenge message length: 100
[DEBUG] Offset: 150016
[DEBUG] Decoded challenge length: 100
[DEBUG] Token bytes length: 96
[DEBUG] Final token length: 96
[DEBUG] Final token: ef794a771966d66a26e1858eb707d42f5d969fc13f16cd2cc0c47ad05be4620f20bfbb56c8ab5928dbd2b6c3bfd1ac44
[DEBUG] Token: ef794a771966d66a26e1858eb707d42f5d969fc13f16cd2cc0c47ad05be4620f20bfbb56c8ab5928dbd2b6c3bfd1ac44
   ✓ Token decoded (length: 96)
[3/3] Connecting...

[DEBUG] WebSocket URL: wss://kahoot.it/cometd/4911577/ef794a771966d66a26e1858eb707d42f5d969fc13f16cd2cc0c47ad05be4620f20bfbb56c8ab5928dbd2b6c3bfd1ac44
✓ Connected to WebSocket
[DEBUG] SEND handshake
[DEBUG] RECV: /meta/handshake 
✓ Handshake OK, clientId: 95odzu6g8m5mbqkl1c4354pl0jts4
[DEBUG] SEND connect (first)
[DEBUG] RECV: /meta/connect 
[DEBUG] SEND connect (second)
[DEBUG] SEND login Bot63-ntf
[DEBUG] RECV: /service/status status
[DEBUG] RECV: /meta/connect 
[DEBUG] RECV: /service/controller 

⚠ Timeout - check if name appears in Kahoot lobby
[DEBUG] WebSocket closed: 1005

=== FAILED ===
Error: Connection closed (1005)
