
=== Kahoot Auto-Join ===
Game PIN: 7599004
Player: Bot62-4mj

[1/3] Getting session token...
[DEBUG] Session token (raw): OEcqUGVZKBMDNygOZHx2UloKXyxDZwAEBE5VWgZVQQ5DBgU7AjdQAVhZYmYiUVwSa3dwDVIwAQgLCCQLIEtxRgUzYGBQO0gqR29sRFtsYjFFL2pxKwZTMRFfDwJLE2Rg
[DEBUG] Session token length: 128
[DEBUG] Base64 decoded length: 96
   ✓ Got session token
[2/3] Decoding token...
[DEBUG] Challenge message length: 100
[DEBUG] Offset: 3356
[DEBUG] Decoded challenge length: 100
[DEBUG] Token bytes length: 96
[DEBUG] Final token length: 96
[DEBUG] Final token: e2c821aa5ecf4475b86f0115e70ab39d975fbbe21941e91e3676eb2980ecc1346f208a1a0847917e5b77cd9cbc210c33
[DEBUG] Token: e2c821aa5ecf4475b86f0115e70ab39d975fbbe21941e91e3676eb2980ecc1346f208a1a0847917e5b77cd9cbc210c33
   ✓ Token decoded (length: 96)
[3/3] Connecting...

[DEBUG] WebSocket URL: wss://kahoot.it/cometd/7599004/e2c821aa5ecf4475b86f0115e70ab39d975fbbe21941e91e3676eb2980ecc1346f208a1a0847917e5b77cd9cbc210c33
✓ Connected to WebSocket
[DEBUG] SEND handshake
[DEBUG] RECV: /meta/handshake 
✓ Handshake OK, clientId: bprox9u2s928so9lbi1x768kokrs
[DEBUG] SEND connect (first)
[DEBUG] RECV: /meta/connect 
[DEBUG] SEND connect (second)
[DEBUG] SEND login Bot62-4mj
[DEBUG] RECV: /service/controller loginResponse
✓ Login successful! CID: 94058507
[DEBUG] SEND namerator message

=== SUCCESS ===
Listening for game events... (Ctrl+C to exit)

[DEBUG] RECV: /meta/connect 
[DEBUG] RECV: /service/controller 
[DEBUG] RECV: /service/controller 
[DEBUG] RECV: /meta/connect 
[DEBUG] RECV: /meta/connect 
[DEBUG] RECV: /meta/connect 
[DEBUG] RECV: /meta/connect 
[DEBUG] RECV: /meta/connect 
[DEBUG] RECV: /meta/connect 
[DEBUG] RECV: /meta/connect 
[DEBUG] RECV: /meta/connect 
[DEBUG] RECV: /meta/connect 
[DEBUG] RECV: /meta/connect 
[DEBUG] RECV: /meta/connect 
[DEBUG] RECV: /meta/connect 
[DEBUG] RECV: /meta/connect 
[DEBUG] RECV: /meta/connect 
[DEBUG] RECV: /meta/connect 
[DEBUG] RECV: /meta/connect 
[DEBUG] RECV: /meta/connect 
[DEBUG] RECV: /meta/connect 
[DEBUG] RECV: /meta/connect 
[DEBUG] RECV: /meta/connect 
[DEBUG] RECV: /meta/connect 
[DEBUG] RECV: /meta/connect 
[DEBUG] RECV: /meta/connect 
[DEBUG] RECV: /meta/connect 
[DEBUG] RECV: /meta/connect 
[DEBUG] RECV: /meta/connect 
[DEBUG] RECV: /meta/connect 
[DEBUG] RECV: /meta/connect 
[DEBUG] RECV: /meta/connect 
[DEBUG] RECV: /meta/connect 
