
=== Kahoot Auto-Join ===
Game PIN: 4911577
Player: Bot61-a5m

[1/3] Getting session token...
[DEBUG] Session token (raw): QkJbAH56TEt9W1oOAjx1emxDD15mDGhzYSVcaXBacHReW2VJbX86PgZcF15yeWkEaQkAKFZXQR0qd1pDLQ1mAmh7Rl9EamsCM3JfFV8QJmtcAgYPUVhfU0lICR1hXgVg
[DEBUG] Session token length: 128
[DEBUG] Base64 decoded length: 96
   ✓ Got session token
[2/3] Decoding token...
[DEBUG] Challenge message length: 100
[DEBUG] Offset: 219
[DEBUG] Decoded challenge length: 100
[DEBUG] Token bytes length: 96
[DEBUG] Final token length: 96
[DEBUG] Final token: 35ec645368848b54051005843fc803908a0107bd05fd784530de9c9ad1d9c710187f7278a64feac15615c5bc828e35c4
[DEBUG] Token: 35ec645368848b54051005843fc803908a0107bd05fd784530de9c9ad1d9c710187f7278a64feac15615c5bc828e35c4
   ✓ Token decoded (length: 96)
[3/3] Connecting...

[DEBUG] WebSocket URL: wss://kahoot.it/cometd/4911577/35ec645368848b54051005843fc803908a0107bd05fd784530de9c9ad1d9c710187f7278a64feac15615c5bc828e35c4
✓ Connected to WebSocket
[DEBUG] SEND handshake
[DEBUG] RECV: /meta/handshake 
✓ Handshake OK, clientId: 95se1l9tpn1i4xc40124yjfcwghnil
[DEBUG] SEND connect (first)
[DEBUG] RECV: /meta/connect 
[DEBUG] SEND connect (second)
[DEBUG] SEND login Bot61-a5m
[DEBUG] RECV: /service/status status
[DEBUG] RECV: /meta/connect 
[DEBUG] RECV: /service/controller 

⚠ Timeout - check if name appears in Kahoot lobby
[DEBUG] WebSocket closed: 1005

=== FAILED ===
Error: Connection closed (1005)
