
=== Kahoot Auto-Join ===
Game PIN: 4911577
Player: Bot61-aae

[1/3] Getting session token...
[DEBUG] Session token (raw): Amo3EGFnaGVUBiBaQwxWTF9uBwl0cGsJCVprew0+YXshUHVjUkhsQWV5UVE5Myp0UlNxLlFcYyB6b3oMB2IrZgEaQWsmfS5uWytldXsGHEMGOAVjT15JeVsYVDFmAjZc
[DEBUG] Session token length: 128
[DEBUG] Base64 decoded length: 96
   ✓ Got session token
[2/3] Decoding token...
[DEBUG] Challenge message length: 100
[DEBUG] Offset: 161
[DEBUG] Decoded challenge length: 100
[DEBUG] Token bytes length: 96
[DEBUG] Final token length: 96
[DEBUG] Final token: 56cc95268ad99ea822b195325c16bd69b370b31984fdabd55c8f1f1b6061f3f52b85d7b40e8951f45b689a155d6b08ad
[DEBUG] Token: 56cc95268ad99ea822b195325c16bd69b370b31984fdabd55c8f1f1b6061f3f52b85d7b40e8951f45b689a155d6b08ad
   ✓ Token decoded (length: 96)
[3/3] Connecting...

[DEBUG] WebSocket URL: wss://kahoot.it/cometd/4911577/56cc95268ad99ea822b195325c16bd69b370b31984fdabd55c8f1f1b6061f3f52b85d7b40e8951f45b689a155d6b08ad
✓ Connected to WebSocket
[DEBUG] SEND handshake
[DEBUG] RECV: /meta/handshake 
✓ Handshake OK, clientId: 95pmjyc5pjq285y3guwht87x08gz
[DEBUG] SEND connect (first)
[DEBUG] RECV: /meta/connect 
[DEBUG] SEND connect (second)
[DEBUG] SEND login Bot61-aae
[DEBUG] RECV: /service/status status
[DEBUG] RECV: /meta/connect 
[DEBUG] RECV: /service/controller 

⚠ Timeout - check if name appears in Kahoot lobby
[DEBUG] WebSocket closed: 1005

=== FAILED ===
Error: Connection closed (1005)
