
=== Kahoot Auto-Join ===
Game PIN: 4911577
Player: Bot61-d64

[1/3] Getting session token...
[DEBUG] Session token (raw): NyxcRAVVNFR5X2ZmYgIJQxAOUWEQRHADWFVfXQoNOREGeSttYnBPVQFQYQE9Dgw2VAhMKndZQQgJTQcFAScOCRkoQgggWgZhOmsBNCExWShtZ1tHCWICdFx9G208F3EK
[DEBUG] Session token length: 128
[DEBUG] Base64 decoded length: 96
   ✓ Got session token
[2/3] Decoding token...
[DEBUG] Challenge message length: 100
[DEBUG] Offset: 1229572
[DEBUG] Decoded challenge length: 100
[DEBUG] Token bytes length: 96
[DEBUG] Final token length: 96
[DEBUG] Final token: cd645bc64b592b82e3b7f491421023acb0a6929f1959b2ddc08b6f6b86a4da01be7bbad0c9adfe7c4112879364b9ef72
[DEBUG] Token: cd645bc64b592b82e3b7f491421023acb0a6929f1959b2ddc08b6f6b86a4da01be7bbad0c9adfe7c4112879364b9ef72
   ✓ Token decoded (length: 96)
[3/3] Connecting...

[DEBUG] WebSocket URL: wss://kahoot.it/cometd/4911577/cd645bc64b592b82e3b7f491421023acb0a6929f1959b2ddc08b6f6b86a4da01be7bbad0c9adfe7c4112879364b9ef72
✓ Connected to WebSocket
[DEBUG] SEND handshake
[DEBUG] RECV: /meta/handshake 
✓ Handshake OK, clientId: 95k21vy3t1ky5g59411s0fo08zv7r1
[DEBUG] SEND connect (first)
[DEBUG] RECV: /meta/connect 
[DEBUG] SEND connect (second)
[DEBUG] SEND login Bot61-d64
[DEBUG] RECV: /service/status status
[DEBUG] RECV: /meta/connect 
[DEBUG] RECV: /service/controller 

⚠ Timeout - check if name appears in Kahoot lobby
[DEBUG] WebSocket closed: 1005

=== FAILED ===
Error: Connection closed (1005)
