
=== Kahoot Auto-Join ===
Game PIN: 4911577
Player: Bot62-9vr

[1/3] Getting session token...
[DEBUG] Session token (raw): F34afAh/B1YNHV42XkY4U3xzRVBwa2tWY0QWcjQfCxRhXn8LcGECAA1hEgYmCFN9V3NWBXJqBw5TYllnDTReBjxidlJxXUl0eCEJDkJARQFocUAOEl8OdSc5cwF4Q3lN
[DEBUG] Session token length: 128
[DEBUG] Base64 decoded length: 96
   ✓ Got session token
[2/3] Decoding token...
[DEBUG] Challenge message length: 100
[DEBUG] Offset: 68672
[DEBUG] Decoded challenge length: 100
[DEBUG] Token bytes length: 96
[DEBUG] Final token length: 96
[DEBUG] Final token: f8c062ed5acfd6d47110770020d2ae4c5d92395051c2c198e323188494094ad4a93a79149c0921207820cb67bc037596
[DEBUG] Token: f8c062ed5acfd6d47110770020d2ae4c5d92395051c2c198e323188494094ad4a93a79149c0921207820cb67bc037596
   ✓ Token decoded (length: 96)
[3/3] Connecting...

[DEBUG] WebSocket URL: wss://kahoot.it/cometd/4911577/f8c062ed5acfd6d47110770020d2ae4c5d92395051c2c198e323188494094ad4a93a79149c0921207820cb67bc037596
✓ Connected to WebSocket
[DEBUG] SEND handshake
[DEBUG] RECV: /meta/handshake 
✓ Handshake OK, clientId: 95cpsjcgupy1qnacynm2et4s33ry
[DEBUG] SEND connect (first)
[DEBUG] RECV: /meta/connect 
[DEBUG] SEND connect (second)
[DEBUG] SEND login Bot62-9vr
[DEBUG] RECV: /service/status status
[DEBUG] RECV: /meta/connect 
[DEBUG] RECV: /service/controller 

⚠ Timeout - check if name appears in Kahoot lobby
[DEBUG] WebSocket closed: 1005

=== FAILED ===
Error: Connection closed (1005)
