
=== Kahoot Auto-Join ===
Game PIN: 4911577
Player: Bot68-tx8

[1/3] Getting session token...
[DEBUG] Session token (raw): DAFmF0ZJc2oONQ1tWVFQU24GKmRgVU16OjtqGUFaCXpIU2RyW2tYaAxwA1dKF08DDH8+Q1g3SwpXIg0dCA4oW1I9VHFYT3F5SiocWRILAiN7Z2gAajF8ciI/BQ11bx12
[DEBUG] Session token length: 128
[DEBUG] Base64 decoded length: 96
   ✓ Got session token
[2/3] Decoding token...
[DEBUG] Challenge message length: 100
[DEBUG] Offset: 280750
[DEBUG] Decoded challenge length: 100
[DEBUG] Token bytes length: 96
[DEBUG] Final token length: 96
[DEBUG] Final token: 465a73511be49f2093c26778ce3c13b38784241250aa0f9d19d9ab2efe5df3c98e06b3748ee2c30e955d1d97ac1294f2
[DEBUG] Token: 465a73511be49f2093c26778ce3c13b38784241250aa0f9d19d9ab2efe5df3c98e06b3748ee2c30e955d1d97ac1294f2
   ✓ Token decoded (length: 96)
[3/3] Connecting...

[DEBUG] WebSocket URL: wss://kahoot.it/cometd/4911577/465a73511be49f2093c26778ce3c13b38784241250aa0f9d19d9ab2efe5df3c98e06b3748ee2c30e955d1d97ac1294f2
✓ Connected to WebSocket
[DEBUG] SEND handshake
[DEBUG] RECV: /meta/handshake 
✓ Handshake OK, clientId: 95pv180n5jcec3yhp1d8d1tr6ycpv0
[DEBUG] SEND connect (first)
[DEBUG] RECV: /meta/connect 
[DEBUG] SEND connect (second)
[DEBUG] SEND login Bot68-tx8
[DEBUG] RECV: /service/status status
[DEBUG] RECV: /meta/connect 
[DEBUG] RECV: /service/controller 

⚠ Timeout - check if name appears in Kahoot lobby
[DEBUG] WebSocket closed: 1005

=== FAILED ===
Error: Connection closed (1005)
