
=== Kahoot Auto-Join ===
Game PIN: 4911577
Player: Bot61-gyo

[1/3] Getting session token...
[DEBUG] Session token (raw): ThxDf2t3ZkcHVHwlVl00XngONTUqbm9aMWxUQ2QlUjt/VwIESy9RDg5pCVVgH0pdXHhSdAk1dFwSX1dWPktPZBR6WUpQBQ1eZFcAd3gbDQBZYn9VdgsCD10OdDZUU2p2
[DEBUG] Session token length: 128
[DEBUG] Base64 decoded length: 96
   ✓ Got session token
[2/3] Decoding token...
[DEBUG] Challenge message length: 100
[DEBUG] Offset: 1460
[DEBUG] Decoded challenge length: 100
[DEBUG] Token bytes length: 96
[DEBUG] Final token length: 96
[DEBUG] Final token: 4d1057945d3febdd7dcfa061a4983ffb18501fa984ec9e9ed1129f6dabcbf333a560bb9517031ac0a85348c5914f8a62
[DEBUG] Token: 4d1057945d3febdd7dcfa061a4983ffb18501fa984ec9e9ed1129f6dabcbf333a560bb9517031ac0a85348c5914f8a62
   ✓ Token decoded (length: 96)
[3/3] Connecting...

[DEBUG] WebSocket URL: wss://kahoot.it/cometd/4911577/4d1057945d3febdd7dcfa061a4983ffb18501fa984ec9e9ed1129f6dabcbf333a560bb9517031ac0a85348c5914f8a62
✓ Connected to WebSocket
[DEBUG] SEND handshake
[DEBUG] RECV: /meta/handshake 
✓ Handshake OK, clientId: 95csymprrro2b1r1t1g4rl8ag01e
[DEBUG] SEND connect (first)
[DEBUG] RECV: /meta/connect 
[DEBUG] SEND connect (second)
[DEBUG] SEND login Bot61-gyo
[DEBUG] RECV: /service/status status
[DEBUG] RECV: /meta/connect 
[DEBUG] RECV: /service/controller 

⚠ Timeout - check if name appears in Kahoot lobby
[DEBUG] WebSocket closed: 1005

=== FAILED ===
Error: Connection closed (1005)
