
=== Kahoot Auto-Join ===
Game PIN: 4911577
Player: Bot64-dx9

[1/3] Getting session token...
[DEBUG] Session token (raw): bis3c2J4BGAPCzhZUVA6CXo/XF96TRtHLAxWWV8Af2QUOg9vWQRBPFF/VAIIDDQCax5aL2gLIFZTTwRhXxVcZwE/XTgONQM4AUhxaBU4AVI7MgEXR0JQYQ1cUiAFCWkL
[DEBUG] Session token length: 128
[DEBUG] Base64 decoded length: 96
   ✓ Got session token
[2/3] Decoding token...
[DEBUG] Challenge message length: 100
[DEBUG] Offset: 4045
[DEBUG] Decoded challenge length: 100
[DEBUG] Token bytes length: 96
[DEBUG] Final token length: 96
[DEBUG] Final token: 7ef9453268aa28cd9fc288a3cc938390bc96734e64370dcb7bfb8cc934699bb53a9f5add0863ca4ddc1f26d0b15da384
[DEBUG] Token: 7ef9453268aa28cd9fc288a3cc938390bc96734e64370dcb7bfb8cc934699bb53a9f5add0863ca4ddc1f26d0b15da384
   ✓ Token decoded (length: 96)
[3/3] Connecting...

[DEBUG] WebSocket URL: wss://kahoot.it/cometd/4911577/7ef9453268aa28cd9fc288a3cc938390bc96734e64370dcb7bfb8cc934699bb53a9f5add0863ca4ddc1f26d0b15da384
✓ Connected to WebSocket
[DEBUG] SEND handshake
[DEBUG] RECV: /meta/handshake 
✓ Handshake OK, clientId: 95f3cgfim4aphhxn1uonn1zoaczdp
[DEBUG] SEND connect (first)
[DEBUG] RECV: /meta/connect 
[DEBUG] SEND connect (second)
[DEBUG] SEND login Bot64-dx9
[DEBUG] RECV: /service/status status
[DEBUG] RECV: /meta/connect 
[DEBUG] RECV: /service/controller 

⚠ Timeout - check if name appears in Kahoot lobby
[DEBUG] WebSocket closed: 1005

=== FAILED ===
Error: Connection closed (1005)
