
=== Kahoot Auto-Join ===
Game PIN: 1519134
Player: Bot6-won

[1/3] Getting session token...
[DEBUG] Session token (raw): JUIUfgsbNwZqEzhBR1V/WFMWVgQBaAJWOgRbUmN5UwgOC1xQTmMmL1UQD29hIR1vS1gAAn5keCBfU2tDTl8EcgAFb0UhAi5RCnF/cEEgS1IAJnVbEwsMemFMeXNmMlZR
[DEBUG] Session token length: 128
[DEBUG] Base64 decoded length: 96
   ✓ Got session token
[2/3] Decoding token...
[DEBUG] Challenge message length: 100
[DEBUG] Offset: 98736
[DEBUG] Decoded challenge length: 100
[DEBUG] Token bytes length: 96
[DEBUG] Final token length: 96
[DEBUG] Final token: c0b69ac77ee3699fef7ab3eea5dc704920fa59ffbf750ca40179809f6c237284a530a5c293127f9b3b97dac509552e35
[DEBUG] Token: c0b69ac77ee3699fef7ab3eea5dc704920fa59ffbf750ca40179809f6c237284a530a5c293127f9b3b97dac509552e35
   ✓ Token decoded (length: 96)
[3/3] Connecting...

[DEBUG] WebSocket URL: wss://kahoot.it/cometd/1519134/c0b69ac77ee3699fef7ab3eea5dc704920fa59ffbf750ca40179809f6c237284a530a5c293127f9b3b97dac509552e35
✓ Connected to WebSocket
[DEBUG] SEND handshake
[DEBUG] RECV: /meta/handshake 
✓ Handshake OK, clientId: by7vm990bthyzshn10khyy3nzbz47
[DEBUG] SEND connect (first)
[DEBUG] RECV: /meta/connect 
[DEBUG] SEND connect (second)
[DEBUG] SEND login Bot6-won
[DEBUG] RECV: /service/controller loginResponse
✓ Login successful! CID: 1626182791
[DEBUG] SEND namerator message

=== SUCCESS ===
Listening for game events... (Ctrl+C to exit)

[DEBUG] RECV: /meta/connect 
[DEBUG] RECV: /service/controller 
[DEBUG] RECV: /service/controller 
[DEBUG] RECV: /service/status status
✓ Game is ACTIVE
[DEBUG] RECV: /service/player message

🎉 JOINED AS: Bot6-won
   Player CID: 1626182791
[DEBUG] RECV: /service/player message
[DEBUG] RECV: /service/player message
[DEBUG] RECV: /meta/connect 
