
=== Kahoot Auto-Join ===
Game PIN: 7599004
Player: Bot6-8bv

[1/3] Getting session token...
[DEBUG] Session token (raw): cGxXEw11Tld7X2JHCmgwcXcrA2tUUxEDdlR9BVU3MQdOamkFBhU2SU9HdlN9AFAIDmQADFgGBDtZLFFeanpURzpjJltBF3hBZ3YkdGkgWXpMYg96HkoGcndJJnE9YEIF
[DEBUG] Session token length: 128
[DEBUG] Base64 decoded length: 96
   ✓ Got session token
[2/3] Decoding token...
[DEBUG] Challenge message length: 100
[DEBUG] Offset: 3254
[DEBUG] Decoded challenge length: 100
[DEBUG] Token bytes length: 96
[DEBUG] Final token length: 96
[DEBUG] Final token: 454c15870b17d6b59ac214ad970f2edf409bcfc9712b99dd56e0cbaadcfb1902f9b78a3702d11d697947b2c681d5b369
[DEBUG] Token: 454c15870b17d6b59ac214ad970f2edf409bcfc9712b99dd56e0cbaadcfb1902f9b78a3702d11d697947b2c681d5b369
   ✓ Token decoded (length: 96)
[3/3] Connecting...

[DEBUG] WebSocket URL: wss://kahoot.it/cometd/7599004/454c15870b17d6b59ac214ad970f2edf409bcfc9712b99dd56e0cbaadcfb1902f9b78a3702d11d697947b2c681d5b369
✓ Connected to WebSocket
[DEBUG] SEND handshake
[DEBUG] RECV: /meta/handshake 
✓ Handshake OK, clientId: bpt2f6ms8dvdf7axk0hawoorcee7
[DEBUG] SEND connect (first)
[DEBUG] RECV: /meta/connect 
[DEBUG] SEND connect (second)
[DEBUG] SEND login Bot6-8bv
[DEBUG] RECV: /service/controller loginResponse
✓ Login successful! CID: 2069324814
[DEBUG] SEND namerator message

=== SUCCESS ===
Listening for game events... (Ctrl+C to exit)

[DEBUG] RECV: /meta/connect 
[DEBUG] RECV: /service/controller 
[DEBUG] RECV: /service/controller 
[DEBUG] RECV: /service/status status
✓ Game is ACTIVE
[DEBUG] RECV: /service/player message

🎉 JOINED AS: Bot6-8bv
   Player CID: 2069324814
[DEBUG] RECV: /service/player message
[DEBUG] RECV: /meta/connect 
