
=== Kahoot Auto-Join ===
Game PIN: 4911577
Player: Bot70-e4c

[1/3] Getting session token...
[DEBUG] Session token (raw): eilQawtVYQB0BFdWegwVaQt+XyNmMVZXaG8BTQAOUlJaDldsbkMHcUZUAA5PaA0hU2ATEnkBZ10II1UNCnZxKFJaBmscWgYqZV5dCAN8UiFHQ3ELRWZVXygDawRecB8K
[DEBUG] Session token length: 128
[DEBUG] Base64 decoded length: 96
   ✓ Got session token
[2/3] Decoding token...
[DEBUG] Challenge message length: 100
[DEBUG] Offset: 2080800
[DEBUG] Decoded challenge length: 100
[DEBUG] Token bytes length: 96
[DEBUG] Final token length: 96
[DEBUG] Final token: 7a88977143a868e9f94c2e5039391e54591890005fbc696cd4ca46730d46e58ea1e4d97f6a8da13f503750e1e30510ca
[DEBUG] Token: 7a88977143a868e9f94c2e5039391e54591890005fbc696cd4ca46730d46e58ea1e4d97f6a8da13f503750e1e30510ca
   ✓ Token decoded (length: 96)
[3/3] Connecting...

[DEBUG] WebSocket URL: wss://kahoot.it/cometd/4911577/7a88977143a868e9f94c2e5039391e54591890005fbc696cd4ca46730d46e58ea1e4d97f6a8da13f503750e1e30510ca
✓ Connected to WebSocket
[DEBUG] SEND handshake
[DEBUG] RECV: /meta/handshake 
✓ Handshake OK, clientId: 95cu1xv57cykp4kb1v2jamw1zcx9v
[DEBUG] SEND connect (first)
[DEBUG] RECV: /meta/connect 
[DEBUG] SEND connect (second)
[DEBUG] SEND login Bot70-e4c
[DEBUG] RECV: /service/status status
[DEBUG] RECV: /meta/connect 
[DEBUG] RECV: /service/controller 

⚠ Timeout - check if name appears in Kahoot lobby
[DEBUG] WebSocket closed: 1005

=== FAILED ===
Error: Connection closed (1005)
