
=== Kahoot Auto-Join ===
Game PIN: 4911577
Player: Bot76-j3s

[1/3] Getting session token...
[DEBUG] Session token (raw): AlFvPk9CZghTRF0RDQ4NSmBNeGFiWgUCTk9VPV8DZnwTCXBGDHMrTHdeQUAwcWZDdndYMVZdDl1DdTARAGY1bF5xBFZRaQoPf0NrKAQCbiQMcRcSAWEJXXJgN3cXUFU0
[DEBUG] Session token length: 128
[DEBUG] Base64 decoded length: 96
   ✓ Got session token
[2/3] Decoding token...
[DEBUG] Challenge message length: 100
[DEBUG] Offset: 856520
[DEBUG] Decoded challenge length: 100
[DEBUG] Token bytes length: 96
[DEBUG] Final token length: 96
[DEBUG] Final token: c17a4316956fade94794850526cda394de7061d52071f415325ef2c156db90f6481a7240701e8c1f71ec174191b2dbaf
[DEBUG] Token: c17a4316956fade94794850526cda394de7061d52071f415325ef2c156db90f6481a7240701e8c1f71ec174191b2dbaf
   ✓ Token decoded (length: 96)
[3/3] Connecting...

[DEBUG] WebSocket URL: wss://kahoot.it/cometd/4911577/c17a4316956fade94794850526cda394de7061d52071f415325ef2c156db90f6481a7240701e8c1f71ec174191b2dbaf
✓ Connected to WebSocket
[DEBUG] SEND handshake
[DEBUG] RECV: /meta/handshake 
✓ Handshake OK, clientId: 95psahzhxgll0wam16b85iuqhqdls
[DEBUG] SEND connect (first)
[DEBUG] RECV: /meta/connect 
[DEBUG] SEND connect (second)
[DEBUG] SEND login Bot76-j3s
[DEBUG] RECV: /service/status status
[DEBUG] RECV: /meta/connect 
[DEBUG] RECV: /service/controller 

⚠ Timeout - check if name appears in Kahoot lobby
[DEBUG] WebSocket closed: 1005

=== FAILED ===
Error: Connection closed (1005)
