
=== Kahoot Auto-Join ===
Game PIN: 4911577
Player: Bot74-zrv

[1/3] Getting session token...
[DEBUG] Session token (raw): V1MqLSYmdEsqEA45NkJ2C21NMgEbKgZVDlkTRWQFclJUK2NTYQsieAsmVnF9Ww8JXGY5eCIEcmwzNkofQwAFCg0KRXwHAwhWZEBOWHxRQxhYXEVfZglcSQVKTEszA0wt
[DEBUG] Session token length: 128
[DEBUG] Base64 decoded length: 96
   ✓ Got session token
[2/3] Decoding token...
[DEBUG] Challenge message length: 100
[DEBUG] Offset: 6317
[DEBUG] Decoded challenge length: 100
[DEBUG] Token bytes length: 96
[DEBUG] Final token length: 96
[DEBUG] Final token: dcdbca52da1ff77d48ffbb83d2f1221feb5743f35e2149d520e6da73eb8d1fb942047f2055695b7c3f9c01c26352e68d
[DEBUG] Token: dcdbca52da1ff77d48ffbb83d2f1221feb5743f35e2149d520e6da73eb8d1fb942047f2055695b7c3f9c01c26352e68d
   ✓ Token decoded (length: 96)
[3/3] Connecting...

[DEBUG] WebSocket URL: wss://kahoot.it/cometd/4911577/dcdbca52da1ff77d48ffbb83d2f1221feb5743f35e2149d520e6da73eb8d1fb942047f2055695b7c3f9c01c26352e68d
✓ Connected to WebSocket
[DEBUG] SEND handshake
[DEBUG] RECV: /meta/handshake 
✓ Handshake OK, clientId: 95q316wntubeebtuzsazy8ups9jz7
[DEBUG] SEND connect (first)
[DEBUG] RECV: /meta/connect 
[DEBUG] SEND connect (second)
[DEBUG] SEND login Bot74-zrv
[DEBUG] RECV: /service/status status
[DEBUG] RECV: /meta/connect 
[DEBUG] RECV: /service/controller 

⚠ Timeout - check if name appears in Kahoot lobby
[DEBUG] WebSocket closed: 1005

=== FAILED ===
Error: Connection closed (1005)
