
=== Kahoot Auto-Join ===
Game PIN: 4911577
Player: Bot75-rib

[1/3] Getting session token...
[DEBUG] Session token (raw): XXECWQUNA2QGZ2U5AzVtTAhZLkJeCE4eMGtPVVhBd1YVT3wubVwNG04ZDGBSblhTAnsibHYBWnpCdycrHi9ydnUgbQMDHnh4W0tHewwIHQgrPXQ+W2YBSWAhPUoXElpF
[DEBUG] Session token length: 128
[DEBUG] Base64 decoded length: 96
   ✓ Got session token
[2/3] Decoding token...
[DEBUG] Challenge message length: 100
[DEBUG] Offset: 986201
[DEBUG] Decoded challenge length: 100
[DEBUG] Token bytes length: 96
[DEBUG] Final token length: 96
[DEBUG] Final token: 35769456398a4e4730c4057fa1956967a66e226a7ab7116a50d1150871fbfd129b5f8e3433462fd4ac1a58708af6dde3
[DEBUG] Token: 35769456398a4e4730c4057fa1956967a66e226a7ab7116a50d1150871fbfd129b5f8e3433462fd4ac1a58708af6dde3
   ✓ Token decoded (length: 96)
[3/3] Connecting...

[DEBUG] WebSocket URL: wss://kahoot.it/cometd/4911577/35769456398a4e4730c4057fa1956967a66e226a7ab7116a50d1150871fbfd129b5f8e3433462fd4ac1a58708af6dde3
✓ Connected to WebSocket
[DEBUG] SEND handshake
[DEBUG] RECV: /meta/handshake 
✓ Handshake OK, clientId: 95qb72qfhtz6r5ue1n8mveog0nuo8
[DEBUG] SEND connect (first)
[DEBUG] RECV: /meta/connect 
[DEBUG] SEND connect (second)
[DEBUG] SEND login Bot75-rib
[DEBUG] RECV: /service/status status
[DEBUG] RECV: /meta/connect 
[DEBUG] RECV: /service/controller 

⚠ Timeout - check if name appears in Kahoot lobby
[DEBUG] WebSocket closed: 1005

=== FAILED ===
Error: Connection closed (1005)
