
=== Kahoot Auto-Join ===
Game PIN: 4911577
Player: Bot72-acj

[1/3] Getting session token...
[DEBUG] Session token (raw): LX9yeH9cJHswHl4JQVoPc3E8bQw7bwFlb25kUlEMbDNcNlFXC3YRAGUGaAcPHUACXgRcHFZjfA8AflZsO0AEbmZma0o6cVApVw85FFEvdCB9AloAUmEDZwxXLyEFCW9R
[DEBUG] Session token length: 128
[DEBUG] Base64 decoded length: 96
   ✓ Got session token
[2/3] Decoding token...
[DEBUG] Challenge message length: 100
[DEBUG] Offset: 133235
[DEBUG] Decoded challenge length: 100
[DEBUG] Token bytes length: 96
[DEBUG] Final token length: 96
[DEBUG] Final token: d7098ce2bf978ac68f5da125571ee02beb2c59e3446d1a6b4a5f564ee904b6403941d5db95fc0f8c0769f534fbdcb600
[DEBUG] Token: d7098ce2bf978ac68f5da125571ee02beb2c59e3446d1a6b4a5f564ee904b6403941d5db95fc0f8c0769f534fbdcb600
   ✓ Token decoded (length: 96)
[3/3] Connecting...

[DEBUG] WebSocket URL: wss://kahoot.it/cometd/4911577/d7098ce2bf978ac68f5da125571ee02beb2c59e3446d1a6b4a5f564ee904b6403941d5db95fc0f8c0769f534fbdcb600
✓ Connected to WebSocket
[DEBUG] SEND handshake
[DEBUG] RECV: /meta/handshake 
✓ Handshake OK, clientId: 95s9348bjecvpmu11p15g20ucuxux
[DEBUG] SEND connect (first)
[DEBUG] RECV: /meta/connect 
[DEBUG] SEND connect (second)
[DEBUG] SEND login Bot72-acj
[DEBUG] RECV: /service/status status
[DEBUG] RECV: /meta/connect 
[DEBUG] RECV: /service/controller 

⚠ Timeout - check if name appears in Kahoot lobby
[DEBUG] WebSocket closed: 1005

=== FAILED ===
Error: Connection closed (1005)
