
=== Kahoot Auto-Join ===
Game PIN: 4911577
Player: Bot7-8u0

[1/3] Getting session token...
[DEBUG] Session token (raw): QRINAmFiFThiOU16b0AATRh/ZQ1XX11caQFDLiNobxcSUwdFBXlWG2ULNVAESDpLHQpjXjkoHns1L2E3UnozZQBXYCAMOCcJbloKHWJDCQZFVG4bCWFUT1x5VFQgTQ4Q
[DEBUG] Session token length: 128
[DEBUG] Base64 decoded length: 96
   ✓ Got session token
[2/3] Decoding token...
[DEBUG] Challenge message length: 100
[DEBUG] Offset: 25880463
[DEBUG] Decoded challenge length: 100
[DEBUG] Token bytes length: 96
[DEBUG] Final token length: 96
[DEBUG] Final token: 7b4477fb2d6055a8d69bc062554bf43cd8a3e77c67f402f1db95edd1fd4ea2f6495ddab1521f65bb5e6aa168c2f5c94a
[DEBUG] Token: 7b4477fb2d6055a8d69bc062554bf43cd8a3e77c67f402f1db95edd1fd4ea2f6495ddab1521f65bb5e6aa168c2f5c94a
   ✓ Token decoded (length: 96)
[3/3] Connecting...

[DEBUG] WebSocket URL: wss://kahoot.it/cometd/4911577/7b4477fb2d6055a8d69bc062554bf43cd8a3e77c67f402f1db95edd1fd4ea2f6495ddab1521f65bb5e6aa168c2f5c94a
✓ Connected to WebSocket
[DEBUG] SEND handshake
[DEBUG] RECV: /meta/handshake 
✓ Handshake OK, clientId: 95ft7rm5cykwbylo1c0hr3y0fura5
[DEBUG] SEND connect (first)
[DEBUG] RECV: /meta/connect 
[DEBUG] SEND connect (second)
[DEBUG] SEND login Bot7-8u0
[DEBUG] RECV: /service/status status
[DEBUG] RECV: /meta/connect 
[DEBUG] RECV: /service/controller 

⚠ Timeout - check if name appears in Kahoot lobby
[DEBUG] WebSocket closed: 1005

=== FAILED ===
Error: Connection closed (1005)
