
=== Kahoot Auto-Join ===
Game PIN: 4911577
Player: Bot70-c56

[1/3] Getting session token...
[DEBUG] Session token (raw): DCsNCWFlcncQLApvYi9nUjYEZUEIVXcDX1FGMkEOVXF/KgwNVRgKClYNdTV+QlM9VQ9AEDE8WA5dXFALDSNWWkJCenEQCnBEUHV1AAxbD1BjQhtvRAYiX2xQVwkeNXp+
[DEBUG] Session token length: 128
[DEBUG] Base64 decoded length: 96
   ✓ Got session token
[2/3] Decoding token...
[DEBUG] Challenge message length: 100
[DEBUG] Offset: 144691
[DEBUG] Decoded challenge length: 100
[DEBUG] Token bytes length: 96
[DEBUG] Final token length: 96
[DEBUG] Final token: 4e169061eb164d3cd7110d99e45f6ad37db51b1f9c8a026c2f7ffb364bbfacbb3398c4683927ecb647b14fa95cc6ee69
[DEBUG] Token: 4e169061eb164d3cd7110d99e45f6ad37db51b1f9c8a026c2f7ffb364bbfacbb3398c4683927ecb647b14fa95cc6ee69
   ✓ Token decoded (length: 96)
[3/3] Connecting...

[DEBUG] WebSocket URL: wss://kahoot.it/cometd/4911577/4e169061eb164d3cd7110d99e45f6ad37db51b1f9c8a026c2f7ffb364bbfacbb3398c4683927ecb647b14fa95cc6ee69
✓ Connected to WebSocket
[DEBUG] SEND handshake
[DEBUG] RECV: /meta/handshake 
✓ Handshake OK, clientId: 95qvazrqq3kjvvs0i1s9d5jkq7pg
[DEBUG] SEND connect (first)
[DEBUG] RECV: /meta/connect 
[DEBUG] SEND connect (second)
[DEBUG] SEND login Bot70-c56
[DEBUG] RECV: /service/status status
[DEBUG] RECV: /meta/connect 
[DEBUG] RECV: /service/controller 

⚠ Timeout - check if name appears in Kahoot lobby
[DEBUG] WebSocket closed: 1005

=== FAILED ===
Error: Connection closed (1005)
