
=== Kahoot Auto-Join ===
Game PIN: 7599004
Player: Bot74-9vw

[1/3] Getting session token...
[DEBUG] Session token (raw): ZgxReFxlE3NRWCcAW3p4DlApK1tvcWZTUQlaYz9Vf1p+UggICgJ7YARQUQB+DjtfBkoHXGReRVxLNBRAf0FsU05YAQNiWTpQRWJvZCQ3WycYUR8PJlBDRxAEYFBhVEYf
[DEBUG] Session token length: 128
[DEBUG] Base64 decoded length: 96
   ✓ Got session token
[2/3] Decoding token...
[DEBUG] Challenge message length: 100
[DEBUG] Offset: 3810
[DEBUG] Decoded challenge length: 100
[DEBUG] Token bytes length: 96
[DEBUG] Final token length: 96
[DEBUG] Final token: 3b3494a3e9d46662fdab713fed28c12f225bd946b9cd46ee228c135c3eb23100985e29fe2950db6eb4edf241fc7b902f
[DEBUG] Token: 3b3494a3e9d46662fdab713fed28c12f225bd946b9cd46ee228c135c3eb23100985e29fe2950db6eb4edf241fc7b902f
   ✓ Token decoded (length: 96)
[3/3] Connecting...

[DEBUG] WebSocket URL: wss://kahoot.it/cometd/7599004/3b3494a3e9d46662fdab713fed28c12f225bd946b9cd46ee228c135c3eb23100985e29fe2950db6eb4edf241fc7b902f
✓ Connected to WebSocket
[DEBUG] SEND handshake
[DEBUG] RECV: /meta/handshake 
✓ Handshake OK, clientId: bprna7r2noujzekr7hdcazr0dhzv
[DEBUG] SEND connect (first)
[DEBUG] RECV: /meta/connect 
[DEBUG] SEND connect (second)
[DEBUG] SEND login Bot74-9vw
[DEBUG] RECV: /service/controller loginResponse
✓ Login successful! CID: 509383881
[DEBUG] SEND namerator message

=== SUCCESS ===
Listening for game events... (Ctrl+C to exit)

[DEBUG] RECV: /meta/connect 
[DEBUG] RECV: /service/controller 
[DEBUG] RECV: /service/controller 
[DEBUG] RECV: /meta/connect 
[DEBUG] RECV: /meta/connect 
[DEBUG] RECV: /meta/connect 
[DEBUG] RECV: /meta/connect 
[DEBUG] RECV: /meta/connect 
[DEBUG] RECV: /meta/connect 
[DEBUG] RECV: /meta/connect 
[DEBUG] RECV: /meta/connect 
[DEBUG] RECV: /meta/connect 
[DEBUG] RECV: /meta/connect 
[DEBUG] RECV: /meta/connect 
[DEBUG] RECV: /meta/connect 
[DEBUG] RECV: /meta/connect 
[DEBUG] RECV: /meta/connect 
[DEBUG] RECV: /meta/connect 
[DEBUG] RECV: /meta/connect 
[DEBUG] RECV: /meta/connect 
[DEBUG] RECV: /meta/connect 
[DEBUG] RECV: /meta/connect 
[DEBUG] RECV: /meta/connect 
[DEBUG] RECV: /meta/connect 
[DEBUG] RECV: /meta/connect 
[DEBUG] RECV: /meta/connect 
[DEBUG] RECV: /meta/connect 
[DEBUG] RECV: /meta/connect 
[DEBUG] RECV: /meta/connect 
[DEBUG] RECV: /meta/connect 
[DEBUG] RECV: /meta/connect 
[DEBUG] RECV: /meta/connect 
[DEBUG] RECV: /meta/connect 
