
=== Kahoot Auto-Join ===
Game PIN: 7599004
Player: Bot76-4rw

[1/3] Getting session token...
[DEBUG] Session token (raw): ZUpgZQYaAQRbYGkiQ28ICEF2PQlDWxZkSQA6VQhobwkeRDxLXScoCAY8bkF2CA4jDGhAfw4/aBZWHldpZVJPTVFbOkQBOxYqRHN8WwgzNAAGIEs5DB0zO2BwcVQCRgcD
[DEBUG] Session token length: 128
[DEBUG] Base64 decoded length: 96
   ✓ Got session token
[2/3] Decoding token...
[DEBUG] Challenge message length: 100
[DEBUG] Offset: 574992
[DEBUG] Decoded challenge length: 100
[DEBUG] Token bytes length: 96
[DEBUG] Final token length: 96
[DEBUG] Final token: 40223afbc35d56e302ad16d415b84891e6d07ddc7e130cea6705af4dcf310b46fef66dbd688b5bec9f8c9ede147236d6
[DEBUG] Token: 40223afbc35d56e302ad16d415b84891e6d07ddc7e130cea6705af4dcf310b46fef66dbd688b5bec9f8c9ede147236d6
   ✓ Token decoded (length: 96)
[3/3] Connecting...

[DEBUG] WebSocket URL: wss://kahoot.it/cometd/7599004/40223afbc35d56e302ad16d415b84891e6d07ddc7e130cea6705af4dcf310b46fef66dbd688b5bec9f8c9ede147236d6
✓ Connected to WebSocket
[DEBUG] SEND handshake
[DEBUG] RECV: /meta/handshake 
✓ Handshake OK, clientId: bps41nrbpkabwlgjd1x8vu07r4jkwo
[DEBUG] SEND connect (first)
[DEBUG] RECV: /meta/connect 
[DEBUG] SEND connect (second)
[DEBUG] SEND login Bot76-4rw
[DEBUG] RECV: /service/controller loginResponse
✓ Login successful! CID: 1392115745
[DEBUG] SEND namerator message

=== SUCCESS ===
Listening for game events... (Ctrl+C to exit)

[DEBUG] RECV: /meta/connect 
[DEBUG] RECV: /service/controller 
[DEBUG] RECV: /service/controller 
[DEBUG] RECV: /meta/connect 
[DEBUG] RECV: /meta/connect 
[DEBUG] RECV: /meta/connect 
[DEBUG] RECV: /meta/connect 
[DEBUG] RECV: /meta/connect 
[DEBUG] RECV: /meta/connect 
[DEBUG] RECV: /meta/connect 
[DEBUG] RECV: /meta/connect 
[DEBUG] RECV: /meta/connect 
[DEBUG] RECV: /meta/connect 
[DEBUG] RECV: /meta/connect 
[DEBUG] RECV: /meta/connect 
[DEBUG] RECV: /meta/connect 
[DEBUG] RECV: /meta/connect 
[DEBUG] RECV: /meta/connect 
[DEBUG] RECV: /meta/connect 
[DEBUG] RECV: /meta/connect 
[DEBUG] RECV: /meta/connect 
[DEBUG] RECV: /meta/connect 
[DEBUG] RECV: /meta/connect 
[DEBUG] RECV: /meta/connect 
[DEBUG] RECV: /meta/connect 
[DEBUG] RECV: /meta/connect 
[DEBUG] RECV: /meta/connect 
[DEBUG] RECV: /meta/connect 
[DEBUG] RECV: /meta/connect 
[DEBUG] RECV: /meta/connect 
[DEBUG] RECV: /meta/connect 
[DEBUG] RECV: /meta/connect 
[DEBUG] RECV: /meta/connect 
