
=== Kahoot Auto-Join ===
Game PIN: 4911577
Player: Bot74-hwy

[1/3] Getting session token...
[DEBUG] Session token (raw): NzoEUnEnFQ1GQFUERX1jRFRcDltTDjB1C15IfFlRYFgFEFcJUXYzDm4JbnlDV3daZgZZCTVRbjIDUnhTak5hb21WBQJZcwgMO0VoWhU2CyVbQlYWWkJ1XTsANxNZG15T
[DEBUG] Session token length: 128
[DEBUG] Base64 decoded length: 96
   ✓ Got session token
[2/3] Decoding token...
[DEBUG] Challenge message length: 100
[DEBUG] Offset: 497
[DEBUG] Decoded challenge length: 100
[DEBUG] Token bytes length: 96
[DEBUG] Final token length: 96
[DEBUG] Final token: df994bce77d9400801ecb0c9e685630ded19d3b77b40748f069fe12a4b8186252c75d987f629ee3c72fbd049e1de6cc8
[DEBUG] Token: df994bce77d9400801ecb0c9e685630ded19d3b77b40748f069fe12a4b8186252c75d987f629ee3c72fbd049e1de6cc8
   ✓ Token decoded (length: 96)
[3/3] Connecting...

[DEBUG] WebSocket URL: wss://kahoot.it/cometd/4911577/df994bce77d9400801ecb0c9e685630ded19d3b77b40748f069fe12a4b8186252c75d987f629ee3c72fbd049e1de6cc8
✓ Connected to WebSocket
[DEBUG] SEND handshake
[DEBUG] RECV: /meta/handshake 
✓ Handshake OK, clientId: 95nqtxxhylmbqvpv1ggopb2fnzwop
[DEBUG] SEND connect (first)
[DEBUG] RECV: /meta/connect 
[DEBUG] SEND connect (second)
[DEBUG] SEND login Bot74-hwy
[DEBUG] RECV: /service/status status
[DEBUG] RECV: /meta/connect 
[DEBUG] RECV: /service/controller 

⚠ Timeout - check if name appears in Kahoot lobby
[DEBUG] WebSocket closed: 1005

=== FAILED ===
Error: Connection closed (1005)
