
=== Kahoot Auto-Join ===
Game PIN: 4911577
Player: Bot73-sii

[1/3] Getting session token...
[DEBUG] Session token (raw): UR9YeVVWQQ52XQ1UUVZ/bgAAezNrI20IQWNHXmcBXBNBMG9EL2QGWy1VVn5iXlwMN2UNV117XmRcVEpTAWJiMBVlQA11DWNWRgMWIwoJeBQVMzFjKAlaSWxvdDJxZUVm
[DEBUG] Session token length: 128
[DEBUG] Base64 decoded length: 96
   ✓ Got session token
[2/3] Decoding token...
[DEBUG] Challenge message length: 100
[DEBUG] Offset: 5236385
[DEBUG] Decoded challenge length: 100
[DEBUG] Token bytes length: 96
[DEBUG] Final token length: 96
[DEBUG] Final token: acf8595063ddd1348b6e9f18773f426c8a72b830b27438bbf62dc1084101251cb42c31095dcb996ffdb9d558069a2052
[DEBUG] Token: acf8595063ddd1348b6e9f18773f426c8a72b830b27438bbf62dc1084101251cb42c31095dcb996ffdb9d558069a2052
   ✓ Token decoded (length: 96)
[3/3] Connecting...

[DEBUG] WebSocket URL: wss://kahoot.it/cometd/4911577/acf8595063ddd1348b6e9f18773f426c8a72b830b27438bbf62dc1084101251cb42c31095dcb996ffdb9d558069a2052
✓ Connected to WebSocket
[DEBUG] SEND handshake
[DEBUG] RECV: /meta/handshake 
✓ Handshake OK, clientId: 95pomuuhjmjip1yz1y0vxh1zmexw2
[DEBUG] SEND connect (first)
[DEBUG] RECV: /meta/connect 
[DEBUG] SEND connect (second)
[DEBUG] SEND login Bot73-sii
[DEBUG] RECV: /service/status status
[DEBUG] RECV: /meta/connect 
[DEBUG] RECV: /service/controller 

⚠ Timeout - check if name appears in Kahoot lobby
[DEBUG] WebSocket closed: 1005

=== FAILED ===
Error: Connection closed (1005)
