
=== Kahoot Auto-Join ===
Game PIN: 4911577
Player: Bot76-lcv

[1/3] Getting session token...
[DEBUG] Session token (raw): VA58BTleegwVXS1zYTZ8J1B4OxRibFFqPG4OKARaWz5ZYklZNlRWAGNudnV9Dnx1SlZiNVsFZ3E9Ugd2V0UrRlRrJkwPbiBhJApZBwQDT1kITD1vbjEXRwB0IARRQyJJ
[DEBUG] Session token length: 128
[DEBUG] Base64 decoded length: 96
   ✓ Got session token
[2/3] Decoding token...
[DEBUG] Challenge message length: 100
[DEBUG] Offset: 1314
[DEBUG] Decoded challenge length: 100
[DEBUG] Token bytes length: 96
[DEBUG] Final token length: 96
[DEBUG] Final token: a757a960a1c39c6d61ec84d6f0dcb4df849ef206475562852c8eff01e92991e255f9c3c8ef6d369884a61aa658bb69d8
[DEBUG] Token: a757a960a1c39c6d61ec84d6f0dcb4df849ef206475562852c8eff01e92991e255f9c3c8ef6d369884a61aa658bb69d8
   ✓ Token decoded (length: 96)
[3/3] Connecting...

[DEBUG] WebSocket URL: wss://kahoot.it/cometd/4911577/a757a960a1c39c6d61ec84d6f0dcb4df849ef206475562852c8eff01e92991e255f9c3c8ef6d369884a61aa658bb69d8
✓ Connected to WebSocket
[DEBUG] SEND handshake
[DEBUG] RECV: /meta/handshake 
✓ Handshake OK, clientId: 95rgrzqfhl1dcfc0p5kg50akb10o
[DEBUG] SEND connect (first)
[DEBUG] RECV: /meta/connect 
[DEBUG] SEND connect (second)
[DEBUG] SEND login Bot76-lcv
[DEBUG] RECV: /service/status status
[DEBUG] RECV: /meta/connect 
[DEBUG] RECV: /service/controller 

⚠ Timeout - check if name appears in Kahoot lobby
[DEBUG] WebSocket closed: 1005

=== FAILED ===
Error: Connection closed (1005)
