
=== Kahoot Auto-Join ===
Game PIN: 4911577
Player: Bot70-yjz

[1/3] Getting session token...
[DEBUG] Session token (raw): YW8BTmhXfQU0Cy5APQNSB1QADkFNeS8BOFhrOCMLPFpGWlcDVgF4VS9XGgYEaF9jCCULUVgBBFB5AQQoRgJAaXNoMDV/FF0zWAx+WhtlGTVgXgBfXkIKChYMDyx9bBNs
[DEBUG] Session token length: 128
[DEBUG] Base64 decoded length: 96
   ✓ Got session token
[2/3] Decoding token...
[DEBUG] Challenge message length: 100
[DEBUG] Offset: 1012665
[DEBUG] Decoded challenge length: 100
[DEBUG] Token bytes length: 96
[DEBUG] Final token length: 96
[DEBUG] Final token: 77c4587afdc7f29a609286d5bd4db5bb4680c82db5c9e000bdd7e8de183b1f4463fc4c9edc9ea3bb6487545fa6fc77d1
[DEBUG] Token: 77c4587afdc7f29a609286d5bd4db5bb4680c82db5c9e000bdd7e8de183b1f4463fc4c9edc9ea3bb6487545fa6fc77d1
   ✓ Token decoded (length: 96)
[3/3] Connecting...

[DEBUG] WebSocket URL: wss://kahoot.it/cometd/4911577/77c4587afdc7f29a609286d5bd4db5bb4680c82db5c9e000bdd7e8de183b1f4463fc4c9edc9ea3bb6487545fa6fc77d1
✓ Connected to WebSocket
[DEBUG] SEND handshake
[DEBUG] RECV: /meta/handshake 
✓ Handshake OK, clientId: 95pj1xfi0pvywpmf816nag5jeo03cs
[DEBUG] SEND connect (first)
[DEBUG] RECV: /meta/connect 
[DEBUG] SEND connect (second)
[DEBUG] SEND login Bot70-yjz
[DEBUG] RECV: /service/status status
[DEBUG] RECV: /meta/connect 
[DEBUG] RECV: /service/controller 

⚠ Timeout - check if name appears in Kahoot lobby
[DEBUG] WebSocket closed: 1005

=== FAILED ===
Error: Connection closed (1005)
