
=== Kahoot Auto-Join ===
Game PIN: 4911577
Player: Bot72-cie

[1/3] Getting session token...
[DEBUG] Session token (raw): BCpbAHJbUUA3bUZ5PTwIQlhsVxQyEzYOPGQIRkUwOwxkAjR/awkzIgJeJ21bdGlEcAFuAFZefQElFCMJBQx4fEAeD11Vd1B9UXF/eXcGTmduVVcIegpgcGZjJ3gOCTlf
[DEBUG] Session token length: 128
[DEBUG] Base64 decoded length: 96
   ✓ Got session token
[2/3] Decoding token...
[DEBUG] Challenge message length: 100
[DEBUG] Offset: 8903
[DEBUG] Decoded challenge length: 100
[DEBUG] Token bytes length: 96
[DEBUG] Final token length: 96
[DEBUG] Final token: da7c3c35f403dc52284eefcea4839fe67bd491fb21c8d5550f5cd44aafecaf974f01b8f648722f770577199833d33dbc
[DEBUG] Token: da7c3c35f403dc52284eefcea4839fe67bd491fb21c8d5550f5cd44aafecaf974f01b8f648722f770577199833d33dbc
   ✓ Token decoded (length: 96)
[3/3] Connecting...

[DEBUG] WebSocket URL: wss://kahoot.it/cometd/4911577/da7c3c35f403dc52284eefcea4839fe67bd491fb21c8d5550f5cd44aafecaf974f01b8f648722f770577199833d33dbc
✓ Connected to WebSocket
[DEBUG] SEND handshake
[DEBUG] RECV: /meta/handshake 
✓ Handshake OK, clientId: 95ff1ngrkzmh0yj1mcj5clyz7190e
[DEBUG] SEND connect (first)
[DEBUG] RECV: /meta/connect 
[DEBUG] SEND connect (second)
[DEBUG] SEND login Bot72-cie
[DEBUG] RECV: /service/status status
[DEBUG] RECV: /meta/connect 
[DEBUG] RECV: /service/controller 

⚠ Timeout - check if name appears in Kahoot lobby
[DEBUG] WebSocket closed: 1005

=== FAILED ===
Error: Connection closed (1005)
