
=== Kahoot Auto-Join ===
Game PIN: 4911577
Player: Bot70-uke

[1/3] Getting session token...
[DEBUG] Session token (raw): VXsdDEp5Tw4PD3cDZxJKQWJufmQEC1NbPRYXUw5nWA98WnRUdklpWlN+ARF2BltPCwZ5XGc2KCQ/VgJFZyQLPyZZBEINDll1KS1DAFxVRwVcDl4MPTwTdTNbKgRZYw8O
[DEBUG] Session token length: 128
[DEBUG] Base64 decoded length: 96
   ✓ Got session token
[2/3] Decoding token...
[DEBUG] Challenge message length: 100
[DEBUG] Offset: 2673
[DEBUG] Decoded challenge length: 100
[DEBUG] Token bytes length: 96
[DEBUG] Final token length: 96
[DEBUG] Final token: 20fa0938619d2f69258096ccaade89c27a0b911896fa0b2770829cdbf1c79ccfb9400199fb13a23f5e2cddc3b7e9c167
[DEBUG] Token: 20fa0938619d2f69258096ccaade89c27a0b911896fa0b2770829cdbf1c79ccfb9400199fb13a23f5e2cddc3b7e9c167
   ✓ Token decoded (length: 96)
[3/3] Connecting...

[DEBUG] WebSocket URL: wss://kahoot.it/cometd/4911577/20fa0938619d2f69258096ccaade89c27a0b911896fa0b2770829cdbf1c79ccfb9400199fb13a23f5e2cddc3b7e9c167
✓ Connected to WebSocket
[DEBUG] SEND handshake
[DEBUG] RECV: /meta/handshake 
✓ Handshake OK, clientId: 95ngtyxlbg78z4q81n7xxjyku08t6
[DEBUG] SEND connect (first)
[DEBUG] RECV: /meta/connect 
[DEBUG] SEND connect (second)
[DEBUG] SEND login Bot70-uke
[DEBUG] RECV: /service/status status
[DEBUG] RECV: /meta/connect 
[DEBUG] RECV: /service/controller 

⚠ Timeout - check if name appears in Kahoot lobby
[DEBUG] WebSocket closed: 1005

=== FAILED ===
Error: Connection closed (1005)
