
=== Kahoot Auto-Join ===
Game PIN: 4911577
Player: Bot71-bra

[1/3] Getting session token...
[DEBUG] Session token (raw): ekdEWhdVLWQFDldQZxRGCzFWUX1pdXgEAR9hI1kWOQEVQX9QI2hPUXJYYl9OCVoJdQViYEl2WAtudyNEUl9IeV4FJgRmBUdOBAoqeVx6YmlHLA88XG9nBEBLNAJAWFUd
[DEBUG] Session token length: 128
[DEBUG] Base64 decoded length: 96
   ✓ Got session token
[2/3] Decoding token...
[DEBUG] Challenge message length: 100
[DEBUG] Offset: 4112
[DEBUG] Decoded challenge length: 100
[DEBUG] Token bytes length: 96
[DEBUG] Final token length: 96
[DEBUG] Final token: 5041c0b2a4f57c46a5c144713d8a2dc9d174b6554d475a517a6151e283e7908147bb0c5875a1f5153d0f776307a808fa
[DEBUG] Token: 5041c0b2a4f57c46a5c144713d8a2dc9d174b6554d475a517a6151e283e7908147bb0c5875a1f5153d0f776307a808fa
   ✓ Token decoded (length: 96)
[3/3] Connecting...

[DEBUG] WebSocket URL: wss://kahoot.it/cometd/4911577/5041c0b2a4f57c46a5c144713d8a2dc9d174b6554d475a517a6151e283e7908147bb0c5875a1f5153d0f776307a808fa
✓ Connected to WebSocket
[DEBUG] SEND handshake
[DEBUG] RECV: /meta/handshake 
✓ Handshake OK, clientId: 95pf4fhqbjbxtrd548bea71sdyng
[DEBUG] SEND connect (first)
[DEBUG] RECV: /meta/connect 
[DEBUG] SEND connect (second)
[DEBUG] SEND login Bot71-bra
[DEBUG] RECV: /service/status status
[DEBUG] RECV: /meta/connect 
[DEBUG] RECV: /service/controller 

⚠ Timeout - check if name appears in Kahoot lobby
[DEBUG] WebSocket closed: 1005

=== FAILED ===
Error: Connection closed (1005)
