
=== Kahoot Auto-Join ===
Game PIN: 4911577
Player: Bot75-cjv

[1/3] Getting session token...
[DEBUG] Session token (raw): bl1RC1x5DCECIx1FRAxyDVh7U0hnUWNVV1IZTi1aaARLVF9IIgt+DAYiXABdPwRudG0uD1BYdTcmdDkAAR5pWAASUkBRPANlQ2AFU305b3lZVCRoGhhEDmhRb0YIAjlW
[DEBUG] Session token length: 128
[DEBUG] Base64 decoded length: 96
   ✓ Got session token
[2/3] Decoding token...
[DEBUG] Challenge message length: 100
[DEBUG] Offset: 14110140
[DEBUG] Decoded challenge length: 100
[DEBUG] Token bytes length: 96
[DEBUG] Final token length: 96
[DEBUG] Final token: 2f6db02fbdd7695075145c227ba5c0608300e35dfee4fe3618b0ee8fa9ccdb5a6bb1ae1410b08e94dfc7bd1e4b7707fe
[DEBUG] Token: 2f6db02fbdd7695075145c227ba5c0608300e35dfee4fe3618b0ee8fa9ccdb5a6bb1ae1410b08e94dfc7bd1e4b7707fe
   ✓ Token decoded (length: 96)
[3/3] Connecting...

[DEBUG] WebSocket URL: wss://kahoot.it/cometd/4911577/2f6db02fbdd7695075145c227ba5c0608300e35dfee4fe3618b0ee8fa9ccdb5a6bb1ae1410b08e94dfc7bd1e4b7707fe
✓ Connected to WebSocket
[DEBUG] SEND handshake
[DEBUG] RECV: /meta/handshake 
✓ Handshake OK, clientId: 95cf1nlaesat38lbuej4e7wnzhqfs
[DEBUG] SEND connect (first)
[DEBUG] RECV: /meta/connect 
[DEBUG] SEND connect (second)
[DEBUG] SEND login Bot75-cjv
[DEBUG] RECV: /service/status status
[DEBUG] RECV: /meta/connect 
[DEBUG] RECV: /service/controller 

⚠ Timeout - check if name appears in Kahoot lobby
[DEBUG] WebSocket closed: 1005

=== FAILED ===
Error: Connection closed (1005)
