
=== Kahoot Auto-Join ===
Game PIN: 4911577
Player: Bot73-vx2

[1/3] Getting session token...
[DEBUG] Session token (raw): PSEVbi5fbTNGaitjEyhXXjMvFVFaawgNZAoaCg0NLghAB3sYOE5tUmpCXRloagwnUkYIb1YLQl5fZAYkT1sEBwkoXG1pCl0PGnoRAXVrOghGfkhwNjQrDBBXKVd/bH9W
[DEBUG] Session token length: 128
[DEBUG] Base64 decoded length: 96
   ✓ Got session token
[2/3] Decoding token...
[DEBUG] Challenge message length: 100
[DEBUG] Offset: 10672
[DEBUG] Decoded challenge length: 100
[DEBUG] Token bytes length: 96
[DEBUG] Final token length: 96
[DEBUG] Final token: cee7a35c49a0fa2daad985ac45a298e0259ba45a23fc607dd5d44f2cd39b3c8b1d520d15f1fa75bd1617ace5d1a23379
[DEBUG] Token: cee7a35c49a0fa2daad985ac45a298e0259ba45a23fc607dd5d44f2cd39b3c8b1d520d15f1fa75bd1617ace5d1a23379
   ✓ Token decoded (length: 96)
[3/3] Connecting...

[DEBUG] WebSocket URL: wss://kahoot.it/cometd/4911577/cee7a35c49a0fa2daad985ac45a298e0259ba45a23fc607dd5d44f2cd39b3c8b1d520d15f1fa75bd1617ace5d1a23379
✓ Connected to WebSocket
[DEBUG] SEND handshake
[DEBUG] RECV: /meta/handshake 
✓ Handshake OK, clientId: 95sgl1o0cvmybav87yure06fayrg
[DEBUG] SEND connect (first)
[DEBUG] RECV: /meta/connect 
[DEBUG] SEND connect (second)
[DEBUG] SEND login Bot73-vx2
[DEBUG] RECV: /service/status status
[DEBUG] RECV: /meta/connect 
[DEBUG] RECV: /service/controller 

⚠ Timeout - check if name appears in Kahoot lobby
[DEBUG] WebSocket closed: 1005

=== FAILED ===
Error: Connection closed (1005)
