
=== Kahoot Auto-Join ===
Game PIN: 4911577
Player: Bot77-cqa

[1/3] Getting session token...
[DEBUG] Session token (raw): fwwPNG1eUg1RYkJZbBRgTVZgYCVyBABlEygTQw0TAV0HXl89QF8JKQwAaGIGRXUNXHtjcGVdBHhrCStod0IHbFN5Zz1hNVt8UgIIBkMpdwIIVUYwNFUhCQZOKF5AAD59
[DEBUG] Session token length: 128
[DEBUG] Base64 decoded length: 96
   ✓ Got session token
[2/3] Decoding token...
[DEBUG] Challenge message length: 100
[DEBUG] Offset: 2259
[DEBUG] Decoded challenge length: 100
[DEBUG] Token bytes length: 96
[DEBUG] Final token length: 96
[DEBUG] Final token: 5edd8928e25f7c85620a8143aaf28a43aa3b044e2600941a81084ed241d430b3f72a8c6181c47c13fb3ce3bdf6db52e8
[DEBUG] Token: 5edd8928e25f7c85620a8143aaf28a43aa3b044e2600941a81084ed241d430b3f72a8c6181c47c13fb3ce3bdf6db52e8
   ✓ Token decoded (length: 96)
[3/3] Connecting...

[DEBUG] WebSocket URL: wss://kahoot.it/cometd/4911577/5edd8928e25f7c85620a8143aaf28a43aa3b044e2600941a81084ed241d430b3f72a8c6181c47c13fb3ce3bdf6db52e8
✓ Connected to WebSocket
[DEBUG] SEND handshake
[DEBUG] RECV: /meta/handshake 
✓ Handshake OK, clientId: 95frypsctpoymmrh1rj64bxqppu4r
[DEBUG] SEND connect (first)
[DEBUG] RECV: /meta/connect 
[DEBUG] SEND connect (second)
[DEBUG] SEND login Bot77-cqa
[DEBUG] RECV: /service/status status
[DEBUG] RECV: /meta/connect 
[DEBUG] RECV: /service/controller 

⚠ Timeout - check if name appears in Kahoot lobby
[DEBUG] WebSocket closed: 1005

=== FAILED ===
Error: Connection closed (1005)
