
=== Kahoot Auto-Join ===
Game PIN: 4911577
Player: Bot7-w7y

[1/3] Getting session token...
[DEBUG] Session token (raw): cS4sV2pEbUozE1QKekMWa0x5W2hYIEEBeEpQAVkAKHM9c35VV1JadSxQRDp0DFg+CXoia0VMeEx0eUd6PApXDV9UJlgCO2E+D3NHVkNxFgEhcB8JCiB5TAYHdXFFDltg
[DEBUG] Session token length: 128
[DEBUG] Base64 decoded length: 96
   ✓ Got session token
[2/3] Decoding token...
[DEBUG] Challenge message length: 100
[DEBUG] Offset: 634
[DEBUG] Decoded challenge length: 100
[DEBUG] Token bytes length: 96
[DEBUG] Final token length: 96
[DEBUG] Final token: 3ad95279eb7d88e041b83b86295db9b7b120e731ab7b623da3f527456218b956bddcbe6fb33b13d2f6edfa0017189175
[DEBUG] Token: 3ad95279eb7d88e041b83b86295db9b7b120e731ab7b623da3f527456218b956bddcbe6fb33b13d2f6edfa0017189175
   ✓ Token decoded (length: 96)
[3/3] Connecting...

[DEBUG] WebSocket URL: wss://kahoot.it/cometd/4911577/3ad95279eb7d88e041b83b86295db9b7b120e731ab7b623da3f527456218b956bddcbe6fb33b13d2f6edfa0017189175
✓ Connected to WebSocket
[DEBUG] SEND handshake
[DEBUG] RECV: /meta/handshake 
✓ Handshake OK, clientId: 95dn1184z29eqdxq3xj7fx8hkcgw1
[DEBUG] SEND connect (first)
[DEBUG] RECV: /meta/connect 
[DEBUG] SEND connect (second)
[DEBUG] SEND login Bot7-w7y
[DEBUG] RECV: /service/status status
[DEBUG] RECV: /meta/connect 
[DEBUG] RECV: /service/controller 

⚠ Timeout - check if name appears in Kahoot lobby
[DEBUG] WebSocket closed: 1005

=== FAILED ===
Error: Connection closed (1005)
