
=== Kahoot Auto-Join ===
Game PIN: 7599004
Player: Bot73-he1

[1/3] Getting session token...
[DEBUG] Session token (raw): KH0aRXN7A1QSS1BhMV8HBEZaBiYrLxgIPWs+FioNDVlTTRoXGFsudwErJEgseQgzWAofH1pVYg0jQFp2WAodVn1ZJQB1IEMKUhcHCzB2XlomD1BkAi0DBgICJyI6TXF6
[DEBUG] Session token length: 128
[DEBUG] Base64 decoded length: 96
   ✓ Got session token
[2/3] Decoding token...
[DEBUG] Challenge message length: 100
[DEBUG] Offset: 4034
[DEBUG] Decoded challenge length: 100
[DEBUG] Token bytes length: 96
[DEBUG] Final token length: 96
[DEBUG] Final token: f7b3310ff928e451229cdabfa7ebd5eac7bfd6e4ebd0b4ed08ee8885d5564edd3bf16c24dec1c80cef140c6cf2dbe538
[DEBUG] Token: f7b3310ff928e451229cdabfa7ebd5eac7bfd6e4ebd0b4ed08ee8885d5564edd3bf16c24dec1c80cef140c6cf2dbe538
   ✓ Token decoded (length: 96)
[3/3] Connecting...

[DEBUG] WebSocket URL: wss://kahoot.it/cometd/7599004/f7b3310ff928e451229cdabfa7ebd5eac7bfd6e4ebd0b4ed08ee8885d5564edd3bf16c24dec1c80cef140c6cf2dbe538
✓ Connected to WebSocket
[DEBUG] SEND handshake
[DEBUG] RECV: /meta/handshake 
✓ Handshake OK, clientId: bps81gewt5jf3a5r51orau1683ins5
[DEBUG] SEND connect (first)
[DEBUG] RECV: /meta/connect 
[DEBUG] SEND connect (second)
[DEBUG] SEND login Bot73-he1
[DEBUG] RECV: /service/controller loginResponse
✓ Login successful! CID: 905202030
[DEBUG] SEND namerator message

=== SUCCESS ===
Listening for game events... (Ctrl+C to exit)

[DEBUG] RECV: /meta/connect 
[DEBUG] RECV: /service/controller 
[DEBUG] RECV: /service/controller 
[DEBUG] RECV: /meta/connect 
[DEBUG] RECV: /meta/connect 
[DEBUG] RECV: /meta/connect 
[DEBUG] RECV: /meta/connect 
[DEBUG] RECV: /meta/connect 
[DEBUG] RECV: /meta/connect 
[DEBUG] RECV: /meta/connect 
[DEBUG] RECV: /meta/connect 
[DEBUG] RECV: /meta/connect 
[DEBUG] RECV: /meta/connect 
[DEBUG] RECV: /meta/connect 
[DEBUG] RECV: /meta/connect 
[DEBUG] RECV: /meta/connect 
[DEBUG] RECV: /meta/connect 
[DEBUG] RECV: /meta/connect 
[DEBUG] RECV: /meta/connect 
[DEBUG] RECV: /meta/connect 
[DEBUG] RECV: /meta/connect 
[DEBUG] RECV: /meta/connect 
[DEBUG] RECV: /meta/connect 
[DEBUG] RECV: /meta/connect 
[DEBUG] RECV: /meta/connect 
[DEBUG] RECV: /meta/connect 
[DEBUG] RECV: /meta/connect 
[DEBUG] RECV: /meta/connect 
[DEBUG] RECV: /meta/connect 
[DEBUG] RECV: /meta/connect 
[DEBUG] RECV: /meta/connect 
[DEBUG] RECV: /meta/connect 
[DEBUG] RECV: /meta/connect 
