
=== Kahoot Auto-Join ===
Game PIN: 4911577
Player: Bot73-tdk

[1/3] Getting session token...
[DEBUG] Session token (raw): WUA1QV1TUUUtBUZyA38NbVJlb1BVbShGBhpIT0YAbFUMW34CYl96XRkoFFkPRAUPCgZYRmQGBgJceVAHejwAInMMTy8WDl4nNUpWVBdaJABnUwEWXnJtWGxjBkUxUllT
[DEBUG] Session token length: 128
[DEBUG] Base64 decoded length: 96
   ✓ Got session token
[2/3] Decoding token...
[DEBUG] Challenge message length: 100
[DEBUG] Offset: 708
[DEBUG] Decoded challenge length: 100
[DEBUG] Token bytes length: 96
[DEBUG] Final token length: 96
[DEBUG] Final token: f3a18712a16805224883d9b62b4860777d039066bdc1d2833733773bd7548c5d5e9dc6afa616aec33b1cf00497c2a0fb
[DEBUG] Token: f3a18712a16805224883d9b62b4860777d039066bdc1d2833733773bd7548c5d5e9dc6afa616aec33b1cf00497c2a0fb
   ✓ Token decoded (length: 96)
[3/3] Connecting...

[DEBUG] WebSocket URL: wss://kahoot.it/cometd/4911577/f3a18712a16805224883d9b62b4860777d039066bdc1d2833733773bd7548c5d5e9dc6afa616aec33b1cf00497c2a0fb
✓ Connected to WebSocket
[DEBUG] SEND handshake
[DEBUG] RECV: /meta/handshake 
✓ Handshake OK, clientId: 95fm5vk53gxdxp1v1xxhoofquunll
[DEBUG] SEND connect (first)
[DEBUG] RECV: /meta/connect 
[DEBUG] SEND connect (second)
[DEBUG] SEND login Bot73-tdk
[DEBUG] RECV: /service/status status
[DEBUG] RECV: /meta/connect 
[DEBUG] RECV: /service/controller 

⚠ Timeout - check if name appears in Kahoot lobby
[DEBUG] WebSocket closed: 1005

=== FAILED ===
Error: Connection closed (1005)
