
=== Kahoot Auto-Join ===
Game PIN: 4911577
Player: Bot74-8ax

[1/3] Getting session token...
[DEBUG] Session token (raw): WCliLjg0CG0xUXwMUQhYNjdtQ219YCl6MSY2clJnL3YAZDJuLA8DGARnT2Y0WwoAXhhDbl1yUQZMbhVBUkgVT05KB1wKLVQ5CgsxNnBSVAs2ZBsNcnADClFVYFh9C1pf
[DEBUG] Session token length: 128
[DEBUG] Base64 decoded length: 96
   ✓ Got session token
[2/3] Decoding token...
[DEBUG] Challenge message length: 100
[DEBUG] Offset: 6670
[DEBUG] Decoded challenge length: 100
[DEBUG] Token bytes length: 96
[DEBUG] Final token length: 96
[DEBUG] Final token: 8a0caa74a358c16ef59602c4fee157f9b1e7b5ed5338a07b1d58d91f91f698c348803f4f10dc420fb0c968d7132802b8
[DEBUG] Token: 8a0caa74a358c16ef59602c4fee157f9b1e7b5ed5338a07b1d58d91f91f698c348803f4f10dc420fb0c968d7132802b8
   ✓ Token decoded (length: 96)
[3/3] Connecting...

[DEBUG] WebSocket URL: wss://kahoot.it/cometd/4911577/8a0caa74a358c16ef59602c4fee157f9b1e7b5ed5338a07b1d58d91f91f698c348803f4f10dc420fb0c968d7132802b8
✓ Connected to WebSocket
[DEBUG] SEND handshake
[DEBUG] RECV: /meta/handshake 
✓ Handshake OK, clientId: 95p3o2ibbqdtssvq1rzvq596png95
[DEBUG] SEND connect (first)
[DEBUG] RECV: /meta/connect 
[DEBUG] SEND connect (second)
[DEBUG] SEND login Bot74-8ax
[DEBUG] RECV: /service/status status
[DEBUG] RECV: /meta/connect 
[DEBUG] RECV: /service/controller 

⚠ Timeout - check if name appears in Kahoot lobby
[DEBUG] WebSocket closed: 1005

=== FAILED ===
Error: Connection closed (1005)
