
=== Kahoot Auto-Join ===
Game PIN: 8927125
Player: Bot7-5dn

[1/3] Getting session token...
[DEBUG] Session token (raw): XyszR1kFHAFBAQA2BmFkCnwFCy0ANGR9NihKCxQFXi8NU1EIPUQDMzhuTjNYEWBsNh4CRAtFT1w3TAVtZFZVMwhyTGNVaHFNRXJvMzBeQ2MWKVsKEF0tFAwIAx49Uw5t
[DEBUG] Session token length: 128
[DEBUG] Base64 decoded length: 96
   ✓ Got session token
[2/3] Decoding token...
[DEBUG] Challenge message length: 100
[DEBUG] Offset: 1444
[DEBUG] Decoded challenge length: 100
[DEBUG] Token bytes length: 96
[DEBUG] Final token length: 96
[DEBUG] Final token: 5ff17ed3832b681b8dac4a09da9ee64f29abc21ac16dff00af01b686b0e02fff64924615338ba458fef9a9dcff2fada4
[DEBUG] Token: 5ff17ed3832b681b8dac4a09da9ee64f29abc21ac16dff00af01b686b0e02fff64924615338ba458fef9a9dcff2fada4
   ✓ Token decoded (length: 96)
[3/3] Connecting...

[DEBUG] WebSocket URL: wss://kahoot.it/cometd/8927125/5ff17ed3832b681b8dac4a09da9ee64f29abc21ac16dff00af01b686b0e02fff64924615338ba458fef9a9dcff2fada4
✓ Connected to WebSocket
[DEBUG] SEND handshake
[DEBUG] RECV: /meta/handshake 
✓ Handshake OK, clientId: bohx1tc7vsw53ef7s1m85aru5hjd9m
[DEBUG] SEND connect (first)
[DEBUG] RECV: /meta/connect 
[DEBUG] SEND connect (second)
[DEBUG] SEND login Bot7-5dn
[DEBUG] RECV: /service/controller loginResponse
✓ Login successful! CID: 399009897
[DEBUG] SEND namerator message

=== SUCCESS ===
Listening for game events... (Ctrl+C to exit)

[DEBUG] RECV: /meta/connect 
[DEBUG] RECV: /service/controller 
[DEBUG] RECV: /service/controller 
[DEBUG] RECV: /meta/connect 
[DEBUG] RECV: /meta/connect 
[DEBUG] RECV: /meta/connect 
[DEBUG] RECV: /meta/connect 
[DEBUG] RECV: /meta/connect 
[DEBUG] RECV: /meta/connect 
[DEBUG] RECV: /meta/connect 
[DEBUG] RECV: /meta/connect 
[DEBUG] RECV: /meta/connect 
[DEBUG] RECV: /meta/connect 
[DEBUG] RECV: /meta/connect 
[DEBUG] RECV: /meta/connect 
[DEBUG] RECV: /meta/connect 
[DEBUG] RECV: /meta/connect 
[DEBUG] RECV: /meta/connect 
[DEBUG] RECV: /meta/connect 
[DEBUG] RECV: /meta/connect 
[DEBUG] RECV: /meta/connect 
[DEBUG] RECV: /meta/connect 
[DEBUG] RECV: /meta/connect 
[DEBUG] RECV: /meta/connect 
[DEBUG] RECV: /meta/connect 
[DEBUG] RECV: /meta/connect 
[DEBUG] RECV: /meta/connect 
[DEBUG] RECV: /meta/connect 
