
=== Kahoot Auto-Join ===
Game PIN: 4911577
Player: Bot74-z8n

[1/3] Getting session token...
[DEBUG] Session token (raw): FDwTVl1sYVMgSU9fMARCCxpzRQAKMAEjQXpeK0REUR1TNwdcJF9hBi5hFwcCWiNYCRMAL0FeTgo8Rwshcws/XEV3BmQLWDdcdS0LBSISbHMJYFxaV0EFDQpoNXENeWl2
[DEBUG] Session token length: 128
[DEBUG] Base64 decoded length: 96
   ✓ Got session token
[2/3] Decoding token...
[DEBUG] Challenge message length: 100
[DEBUG] Offset: 7385
[DEBUG] Decoded challenge length: 100
[DEBUG] Token bytes length: 96
[DEBUG] Final token length: 96
[DEBUG] Final token: bafda13df244cd4da64a2cad785c26ff3b9be01db8a16cce6e2c474af24a7afb579149d42df8cd8503cb87df50c49123
[DEBUG] Token: bafda13df244cd4da64a2cad785c26ff3b9be01db8a16cce6e2c474af24a7afb579149d42df8cd8503cb87df50c49123
   ✓ Token decoded (length: 96)
[3/3] Connecting...

[DEBUG] WebSocket URL: wss://kahoot.it/cometd/4911577/bafda13df244cd4da64a2cad785c26ff3b9be01db8a16cce6e2c474af24a7afb579149d42df8cd8503cb87df50c49123
✓ Connected to WebSocket
[DEBUG] SEND handshake
[DEBUG] RECV: /meta/handshake 
✓ Handshake OK, clientId: 95ce1r6dlyd2j71wc122uvodwihzwf
[DEBUG] SEND connect (first)
[DEBUG] RECV: /meta/connect 
[DEBUG] SEND connect (second)
[DEBUG] SEND login Bot74-z8n
[DEBUG] RECV: /service/status status
[DEBUG] RECV: /meta/connect 
[DEBUG] RECV: /service/controller 

⚠ Timeout - check if name appears in Kahoot lobby
[DEBUG] WebSocket closed: 1005

=== FAILED ===
Error: Connection closed (1005)
