
=== Kahoot Auto-Join ===
Game PIN: 4911577
Player: Bot7-127

[1/3] Getting session token...
[DEBUG] Session token (raw): dHEvejgFESYFLkcBAgwoYVpjBA5JdmMENyl1DyUpBARHYVo0UW5aUAd6Z1MKVUMCQ1JHWEMMRAoHP1pfYQkkV14HFX9ffzB1Kg0OBhJ3GFwXcEYiR2VNH2U6TUoPV01w
[DEBUG] Session token length: 128
[DEBUG] Base64 decoded length: 96
   ✓ Got session token
[2/3] Decoding token...
[DEBUG] Challenge message length: 100
[DEBUG] Offset: 738530
[DEBUG] Decoded challenge length: 100
[DEBUG] Token bytes length: 96
[DEBUG] Final token length: 96
[DEBUG] Final token: 32e9eebfcc309ff764bc5119cc31eaa5430a28c065246561112c145b5d6556f4f4f739e6a877a0abb43e659d7f822f67
[DEBUG] Token: 32e9eebfcc309ff764bc5119cc31eaa5430a28c065246561112c145b5d6556f4f4f739e6a877a0abb43e659d7f822f67
   ✓ Token decoded (length: 96)
[3/3] Connecting...

[DEBUG] WebSocket URL: wss://kahoot.it/cometd/4911577/32e9eebfcc309ff764bc5119cc31eaa5430a28c065246561112c145b5d6556f4f4f739e6a877a0abb43e659d7f822f67
✓ Connected to WebSocket
[DEBUG] SEND handshake
[DEBUG] RECV: /meta/handshake 
✓ Handshake OK, clientId: 95iy1lnw5los3qk6kvq6gh31r17z7
[DEBUG] SEND connect (first)
[DEBUG] RECV: /meta/connect 
[DEBUG] SEND connect (second)
[DEBUG] SEND login Bot7-127
[DEBUG] RECV: /service/status status
[DEBUG] RECV: /meta/connect 
[DEBUG] RECV: /service/controller 

⚠ Timeout - check if name appears in Kahoot lobby
[DEBUG] WebSocket closed: 1005

=== FAILED ===
Error: Connection closed (1005)
