
=== Kahoot Auto-Join ===
Game PIN: 7599004
Player: Bot81-t5o

[1/3] Getting session token...
[DEBUG] Session token (raw): e3NDaXACDxFRCCN5bk08YwlIRAIAZy4hMB5zRUdUTSpfA0dxAGQvBioIJ1dGeQQrA2gMDlNjDAVUbgJoCw1hCXVTQGZxWWxJc3o0dQR4fFleTmA7VV8HbWEPJglYQClD
[DEBUG] Session token length: 128
[DEBUG] Base64 decoded length: 96
   ✓ Got session token
[2/3] Decoding token...
[DEBUG] Challenge message length: 100
[DEBUG] Offset: 642
[DEBUG] Decoded challenge length: 100
[DEBUG] Token bytes length: 96
[DEBUG] Final token length: 96
[DEBUG] Final token: 10107fee92b334d7c82536dbed47351b4c4207d6a5d7022e9930c081a4a4b7051861274926a29216254e887947e5e4c9
[DEBUG] Token: 10107fee92b334d7c82536dbed47351b4c4207d6a5d7022e9930c081a4a4b7051861274926a29216254e887947e5e4c9
   ✓ Token decoded (length: 96)
[3/3] Connecting...

[DEBUG] WebSocket URL: wss://kahoot.it/cometd/7599004/10107fee92b334d7c82536dbed47351b4c4207d6a5d7022e9930c081a4a4b7051861274926a29216254e887947e5e4c9
✓ Connected to WebSocket
[DEBUG] SEND handshake
[DEBUG] RECV: /meta/handshake 
✓ Handshake OK, clientId: bprypvso26hsp22l7ps0sjjr57xh
[DEBUG] SEND connect (first)
[DEBUG] RECV: /meta/connect 
[DEBUG] SEND connect (second)
[DEBUG] SEND login Bot81-t5o
[DEBUG] RECV: /service/controller loginResponse
✓ Login successful! CID: 1031268960
[DEBUG] SEND namerator message

=== SUCCESS ===
Listening for game events... (Ctrl+C to exit)

[DEBUG] RECV: /meta/connect 
[DEBUG] RECV: /service/controller 
[DEBUG] RECV: /service/controller 
[DEBUG] RECV: /meta/connect 
[DEBUG] RECV: /meta/connect 
[DEBUG] RECV: /meta/connect 
[DEBUG] RECV: /meta/connect 
[DEBUG] RECV: /meta/connect 
[DEBUG] RECV: /meta/connect 
[DEBUG] RECV: /meta/connect 
[DEBUG] RECV: /meta/connect 
[DEBUG] RECV: /meta/connect 
[DEBUG] RECV: /meta/connect 
[DEBUG] RECV: /meta/connect 
[DEBUG] RECV: /meta/connect 
[DEBUG] RECV: /meta/connect 
[DEBUG] RECV: /meta/connect 
[DEBUG] RECV: /meta/connect 
[DEBUG] RECV: /meta/connect 
[DEBUG] RECV: /meta/connect 
[DEBUG] RECV: /meta/connect 
[DEBUG] RECV: /meta/connect 
[DEBUG] RECV: /meta/connect 
[DEBUG] RECV: /meta/connect 
[DEBUG] RECV: /meta/connect 
[DEBUG] RECV: /meta/connect 
[DEBUG] RECV: /meta/connect 
[DEBUG] RECV: /meta/connect 
[DEBUG] RECV: /meta/connect 
[DEBUG] RECV: /meta/connect 
[DEBUG] RECV: /meta/connect 
[DEBUG] RECV: /meta/connect 
[DEBUG] RECV: /meta/connect 
