
=== Kahoot Auto-Join ===
Game PIN: 4911577
Player: Bot83-l47

[1/3] Getting session token...
[DEBUG] Session token (raw): Jws/WQ8JZVstSW0NSwgnXwQFfg1fZnxefSEWPTxmYRsSYWRfOk8jMld2QhVaTGMsAwdjJnsERh01AGlFSVRuAAopUFsEdWZEUG8pAFF3chpPQQgGcHMzYlJKCjFwdmRI
[DEBUG] Session token length: 128
[DEBUG] Base64 decoded length: 96
   ✓ Got session token
[2/3] Decoding token...
[DEBUG] Challenge message length: 100
[DEBUG] Offset: 127376
[DEBUG] Decoded challenge length: 100
[DEBUG] Token bytes length: 96
[DEBUG] Final token length: 96
[DEBUG] Final token: e0f9be97d14c92eed50611136ddcb79be95de6ee331a461ffb7b017dbe151e349c3b6080c2c5756c681092e3e1bf1868
[DEBUG] Token: e0f9be97d14c92eed50611136ddcb79be95de6ee331a461ffb7b017dbe151e349c3b6080c2c5756c681092e3e1bf1868
   ✓ Token decoded (length: 96)
[3/3] Connecting...

[DEBUG] WebSocket URL: wss://kahoot.it/cometd/4911577/e0f9be97d14c92eed50611136ddcb79be95de6ee331a461ffb7b017dbe151e349c3b6080c2c5756c681092e3e1bf1868
✓ Connected to WebSocket
[DEBUG] SEND handshake
[DEBUG] RECV: /meta/handshake 
✓ Handshake OK, clientId: 95qda00zhr0r8srz1qfko50cnrb2g
[DEBUG] SEND connect (first)
[DEBUG] RECV: /meta/connect 
[DEBUG] SEND connect (second)
[DEBUG] SEND login Bot83-l47
[DEBUG] RECV: /service/status status
[DEBUG] RECV: /meta/connect 
[DEBUG] RECV: /service/controller 

⚠ Timeout - check if name appears in Kahoot lobby
[DEBUG] WebSocket closed: 1005

=== FAILED ===
Error: Connection closed (1005)
