
=== Kahoot Auto-Join ===
Game PIN: 4911577
Player: Bot86-3dd

[1/3] Getting session token...
[DEBUG] Session token (raw): cHMIXCUDakEJdW5ZVmZQXnI9JQAIcHkUfnd8DQdTDWRmYGRFeiYGCDZbOgwCYApJFElfBnECbXJzXVINRFwWKE92UVElRHR5D1Y4QDhxQUgiWxYdbXhHcylbZkZrHFJ5
[DEBUG] Session token length: 128
[DEBUG] Base64 decoded length: 96
   ✓ Got session token
[2/3] Decoding token...
[DEBUG] Challenge message length: 100
[DEBUG] Offset: 1941
[DEBUG] Decoded challenge length: 100
[DEBUG] Token bytes length: 96
[DEBUG] Final token length: 96
[DEBUG] Final token: 0352a829e918e5b64dbe772e0916d3e986740e3ebff2c5b8d15d7e793ab57cbf3007a24357d3a154b5ff1370ba275f12
[DEBUG] Token: 0352a829e918e5b64dbe772e0916d3e986740e3ebff2c5b8d15d7e793ab57cbf3007a24357d3a154b5ff1370ba275f12
   ✓ Token decoded (length: 96)
[3/3] Connecting...

[DEBUG] WebSocket URL: wss://kahoot.it/cometd/4911577/0352a829e918e5b64dbe772e0916d3e986740e3ebff2c5b8d15d7e793ab57cbf3007a24357d3a154b5ff1370ba275f12
✓ Connected to WebSocket
[DEBUG] SEND handshake
[DEBUG] RECV: /meta/handshake 
✓ Handshake OK, clientId: 95or14s9z4kio8n891oku5fznxdlzf
[DEBUG] SEND connect (first)
[DEBUG] RECV: /meta/connect 
[DEBUG] SEND connect (second)
[DEBUG] SEND login Bot86-3dd
[DEBUG] RECV: /service/status status
[DEBUG] RECV: /meta/connect 
[DEBUG] RECV: /service/controller 

⚠ Timeout - check if name appears in Kahoot lobby
[DEBUG] WebSocket closed: 1005

=== FAILED ===
Error: Connection closed (1005)
