
=== Kahoot Auto-Join ===
Game PIN: 4911577
Player: Bot83-o0u

[1/3] Getting session token...
[DEBUG] Session token (raw): Y0xYLXZgY3NaAxdTXjE4Yh4EXXwNdVxIf3Z/BwwMaS8ABkArKGlkUgNKDQVaFQYTMiEvI0ILeAN7GQNCOlhja0ZxZjZNVENZDFgAc2dgHnJAYHNLZEABGwJzAAlpRgAv
[DEBUG] Session token length: 128
[DEBUG] Base64 decoded length: 96
   ✓ Got session token
[2/3] Decoding token...
[DEBUG] Challenge message length: 100
[DEBUG] Offset: 291484
[DEBUG] Decoded challenge length: 100
[DEBUG] Token bytes length: 96
[DEBUG] Final token length: 96
[DEBUG] Final token: 408b1121eace4bf5bcf857139603850a6d6ba479019f8b8dcccc7f5a9e14ad45431f189d72a177e7055845db405e01ec
[DEBUG] Token: 408b1121eace4bf5bcf857139603850a6d6ba479019f8b8dcccc7f5a9e14ad45431f189d72a177e7055845db405e01ec
   ✓ Token decoded (length: 96)
[3/3] Connecting...

[DEBUG] WebSocket URL: wss://kahoot.it/cometd/4911577/408b1121eace4bf5bcf857139603850a6d6ba479019f8b8dcccc7f5a9e14ad45431f189d72a177e7055845db405e01ec
✓ Connected to WebSocket
[DEBUG] SEND handshake
[DEBUG] RECV: /meta/handshake 
✓ Handshake OK, clientId: 95pnady7clo1nohi66bpa808jovy
[DEBUG] SEND connect (first)
[DEBUG] RECV: /meta/connect 
[DEBUG] SEND connect (second)
[DEBUG] SEND login Bot83-o0u
[DEBUG] RECV: /service/status status
[DEBUG] RECV: /meta/connect 
[DEBUG] RECV: /service/controller 

⚠ Timeout - check if name appears in Kahoot lobby
[DEBUG] WebSocket closed: 1005

=== FAILED ===
Error: Connection closed (1005)
