
=== Kahoot Auto-Join ===
Game PIN: 7599004
Player: Bot82-eeg

[1/3] Getting session token...
[DEBUG] Session token (raw): XV9Xf1smXBUJeTFcLD1dPR8PeFBaEwZhS0BSbltmaAAzelldMnJ0bQ17e1ozIEMFRk8ocjxmPgR0fH5bL1lGXm0SUWR7ZAxxBQcHVBNbbApfYQZODj5FIlkDVhNmA30D
[DEBUG] Session token length: 128
[DEBUG] Base64 decoded length: 96
   ✓ Got session token
[2/3] Decoding token...
[DEBUG] Challenge message length: 100
[DEBUG] Offset: 82405
[DEBUG] Decoded challenge length: 100
[DEBUG] Token bytes length: 96
[DEBUG] Final token length: 96
[DEBUG] Final token: b5a2ff9e73bccebdf057ccf535c5d750f01be655b066fa4768d3d1cd2627d64a8f108836ad9fad55e0721b0b982d3774
[DEBUG] Token: b5a2ff9e73bccebdf057ccf535c5d750f01be655b066fa4768d3d1cd2627d64a8f108836ad9fad55e0721b0b982d3774
   ✓ Token decoded (length: 96)
[3/3] Connecting...

[DEBUG] WebSocket URL: wss://kahoot.it/cometd/7599004/b5a2ff9e73bccebdf057ccf535c5d750f01be655b066fa4768d3d1cd2627d64a8f108836ad9fad55e0721b0b982d3774
✓ Connected to WebSocket
[DEBUG] SEND handshake
[DEBUG] RECV: /meta/handshake 
✓ Handshake OK, clientId: bprxxtjlczbqce6zrze17mikcxua
[DEBUG] SEND connect (first)
[DEBUG] RECV: /meta/connect 
[DEBUG] SEND connect (second)
[DEBUG] SEND login Bot82-eeg
[DEBUG] RECV: /service/controller loginResponse
✓ Login successful! CID: 1382132955
[DEBUG] SEND namerator message

=== SUCCESS ===
Listening for game events... (Ctrl+C to exit)

[DEBUG] RECV: /meta/connect 
[DEBUG] RECV: /service/controller 
[DEBUG] RECV: /service/controller 
[DEBUG] RECV: /meta/connect 
[DEBUG] RECV: /meta/connect 
[DEBUG] RECV: /meta/connect 
[DEBUG] RECV: /meta/connect 
[DEBUG] RECV: /meta/connect 
[DEBUG] RECV: /meta/connect 
[DEBUG] RECV: /meta/connect 
[DEBUG] RECV: /meta/connect 
[DEBUG] RECV: /meta/connect 
[DEBUG] RECV: /meta/connect 
[DEBUG] RECV: /meta/connect 
[DEBUG] RECV: /meta/connect 
[DEBUG] RECV: /meta/connect 
[DEBUG] RECV: /meta/connect 
[DEBUG] RECV: /meta/connect 
[DEBUG] RECV: /meta/connect 
[DEBUG] RECV: /meta/connect 
[DEBUG] RECV: /meta/connect 
[DEBUG] RECV: /meta/connect 
[DEBUG] RECV: /meta/connect 
[DEBUG] RECV: /meta/connect 
[DEBUG] RECV: /meta/connect 
[DEBUG] RECV: /meta/connect 
[DEBUG] RECV: /meta/connect 
[DEBUG] RECV: /meta/connect 
[DEBUG] RECV: /meta/connect 
[DEBUG] RECV: /meta/connect 
[DEBUG] RECV: /meta/connect 
[DEBUG] RECV: /meta/connect 
[DEBUG] RECV: /meta/connect 
