
=== Kahoot Auto-Join ===
Game PIN: 7599004
Player: Bot8-blc

[1/3] Getting session token...
[DEBUG] Session token (raw): dw82bAdFCA5gDT1wfQUsLVQkWl4FeDgNXVNtYCwPLR1ZUAAPUUJwal8rfVMsZH9pYVdvTlo5KjkpaW5ZKlZUA3h5SXJnCiNGDU9SbhUrOEtRCQsMUFQgGW5AVyBqcS9w
[DEBUG] Session token length: 128
[DEBUG] Base64 decoded length: 96
   ✓ Got session token
[2/3] Decoding token...
[DEBUG] Challenge message length: 100
[DEBUG] Offset: 177054
[DEBUG] Decoded challenge length: 100
[DEBUG] Token bytes length: 96
[DEBUG] Final token length: 96
[DEBUG] Final token: 8ed840b409c427df9c62f7b12d70c2aaa5b577587d22c7612379debcf983ce99722752b5c4e5bda2ff58cece432a91c1
[DEBUG] Token: 8ed840b409c427df9c62f7b12d70c2aaa5b577587d22c7612379debcf983ce99722752b5c4e5bda2ff58cece432a91c1
   ✓ Token decoded (length: 96)
[3/3] Connecting...

[DEBUG] WebSocket URL: wss://kahoot.it/cometd/7599004/8ed840b409c427df9c62f7b12d70c2aaa5b577587d22c7612379debcf983ce99722752b5c4e5bda2ff58cece432a91c1
✓ Connected to WebSocket
[DEBUG] SEND handshake
[DEBUG] RECV: /meta/handshake 
✓ Handshake OK, clientId: bptbquiq4ndsevgx1eqzm0ahph4ia
[DEBUG] SEND connect (first)
[DEBUG] RECV: /meta/connect 
[DEBUG] SEND connect (second)
[DEBUG] SEND login Bot8-blc
[DEBUG] RECV: /service/controller loginResponse
✓ Login successful! CID: 1634601819
[DEBUG] SEND namerator message

=== SUCCESS ===
Listening for game events... (Ctrl+C to exit)

[DEBUG] RECV: /meta/connect 
[DEBUG] RECV: /service/controller 
[DEBUG] RECV: /service/controller 
[DEBUG] RECV: /service/status status
✓ Game is ACTIVE
[DEBUG] RECV: /service/player message

🎉 JOINED AS: Bot8-blc
   Player CID: 1634601819
[DEBUG] RECV: /service/player message
[DEBUG] RECV: /meta/connect 
