
=== Kahoot Auto-Join ===
Game PIN: 7599004
Player: Bot84-94k

[1/3] Getting session token...
[DEBUG] Session token (raw): PgEIeUBkUyQEQldUH2h0WgxyCn9WAFg0aG13UlpTXgwxOG1URG0ebQ8GaFFYC24PG18MUXkMXWRxCzkuDFteKFpcQ1t0Wls7eFJpZQRoXXVfR2UHSFMCYiJOdwkdMQkE
[DEBUG] Session token length: 128
[DEBUG] Base64 decoded length: 96
   ✓ Got session token
[2/3] Decoding token...
[DEBUG] Challenge message length: 100
[DEBUG] Offset: 133639
[DEBUG] Decoded challenge length: 100
[DEBUG] Token bytes length: 96
[DEBUG] Final token length: 96
[DEBUG] Final token: bbf0634c444dc94a93b442ce2235c88bad7763b42a4cc72bbf5893e81fda8b8fcd18811e3f6754d4b34b0125d23cac78
[DEBUG] Token: bbf0634c444dc94a93b442ce2235c88bad7763b42a4cc72bbf5893e81fda8b8fcd18811e3f6754d4b34b0125d23cac78
   ✓ Token decoded (length: 96)
[3/3] Connecting...

[DEBUG] WebSocket URL: wss://kahoot.it/cometd/7599004/bbf0634c444dc94a93b442ce2235c88bad7763b42a4cc72bbf5893e81fda8b8fcd18811e3f6754d4b34b0125d23cac78
✓ Connected to WebSocket
[DEBUG] SEND handshake
[DEBUG] RECV: /meta/handshake 
✓ Handshake OK, clientId: bps01e136ahr4ugkd4tjr8wxt2bv
[DEBUG] SEND connect (first)
[DEBUG] RECV: /meta/connect 
[DEBUG] SEND connect (second)
[DEBUG] SEND login Bot84-94k
[DEBUG] RECV: /service/controller loginResponse
✓ Login successful! CID: 2056764119
[DEBUG] SEND namerator message

=== SUCCESS ===
Listening for game events... (Ctrl+C to exit)

[DEBUG] RECV: /meta/connect 
[DEBUG] RECV: /service/controller 
[DEBUG] RECV: /service/controller 
[DEBUG] RECV: /meta/connect 
[DEBUG] RECV: /meta/connect 
[DEBUG] RECV: /meta/connect 
[DEBUG] RECV: /meta/connect 
[DEBUG] RECV: /meta/connect 
[DEBUG] RECV: /meta/connect 
[DEBUG] RECV: /meta/connect 
[DEBUG] RECV: /meta/connect 
[DEBUG] RECV: /meta/connect 
[DEBUG] RECV: /meta/connect 
[DEBUG] RECV: /meta/connect 
[DEBUG] RECV: /meta/connect 
[DEBUG] RECV: /meta/connect 
[DEBUG] RECV: /meta/connect 
[DEBUG] RECV: /meta/connect 
[DEBUG] RECV: /meta/connect 
[DEBUG] RECV: /meta/connect 
[DEBUG] RECV: /meta/connect 
[DEBUG] RECV: /meta/connect 
[DEBUG] RECV: /meta/connect 
[DEBUG] RECV: /meta/connect 
[DEBUG] RECV: /meta/connect 
[DEBUG] RECV: /meta/connect 
[DEBUG] RECV: /meta/connect 
[DEBUG] RECV: /meta/connect 
[DEBUG] RECV: /meta/connect 
[DEBUG] RECV: /meta/connect 
[DEBUG] RECV: /meta/connect 
[DEBUG] RECV: /meta/connect 
[DEBUG] RECV: /meta/connect 
