
=== Kahoot Auto-Join ===
Game PIN: 4911577
Player: Bot85-slv

[1/3] Getting session token...
[DEBUG] Session token (raw): Xw4IeAwWGHRTfUReaAdsU3sxD1goQVENdHJubXNvSl8db0M9REFCUjp+cF4MAWAKexRVdlwHcGplKWABD11BT2N0eypVYghyDklYWl5ZDV0hd18XYSx8XlkMQUV7YXJh
[DEBUG] Session token length: 128
[DEBUG] Base64 decoded length: 96
   ✓ Got session token
[2/3] Decoding token...
[DEBUG] Challenge message length: 100
[DEBUG] Offset: 5634
[DEBUG] Decoded challenge length: 100
[DEBUG] Token bytes length: 96
[DEBUG] Final token length: 96
[DEBUG] Final token: b0c5aac0e43762550e61c4cd17018696f16d7052c74ee3713a1918597a347e63003b2759f1fdbd1dc06b8d6201599391
[DEBUG] Token: b0c5aac0e43762550e61c4cd17018696f16d7052c74ee3713a1918597a347e63003b2759f1fdbd1dc06b8d6201599391
   ✓ Token decoded (length: 96)
[3/3] Connecting...

[DEBUG] WebSocket URL: wss://kahoot.it/cometd/4911577/b0c5aac0e43762550e61c4cd17018696f16d7052c74ee3713a1918597a347e63003b2759f1fdbd1dc06b8d6201599391
✓ Connected to WebSocket
[DEBUG] SEND handshake
[DEBUG] RECV: /meta/handshake 
✓ Handshake OK, clientId: 95rs1pe7spkbj81km2a6wm10176id
[DEBUG] SEND connect (first)
[DEBUG] RECV: /meta/connect 
[DEBUG] SEND connect (second)
[DEBUG] SEND login Bot85-slv
[DEBUG] RECV: /service/status status
[DEBUG] RECV: /meta/connect 
[DEBUG] RECV: /service/controller 

⚠ Timeout - check if name appears in Kahoot lobby
[DEBUG] WebSocket closed: 1005

=== FAILED ===
Error: Connection closed (1005)
