
=== Kahoot Auto-Join ===
Game PIN: 7599004
Player: Bot88-iqj

[1/3] Getting session token...
[DEBUG] Session token (raw): Sgd7Jx5VUggOfGknWmEFNmJOKQ4EbAIiVwp4VBpaAQh6b3JedURhHBxSJ3FHVA8OGn1lVkFhUWBECgB1CX88GF45UlleVjQNDypcAFpJVjg7aFJfckhtUXFYAFBpDFt5
[DEBUG] Session token length: 128
[DEBUG] Base64 decoded length: 96
   ✓ Got session token
[2/3] Decoding token...
[DEBUG] Challenge message length: 100
[DEBUG] Offset: 5774
[DEBUG] Decoded challenge length: 100
[DEBUG] Token bytes length: 96
[DEBUG] Final token length: 96
[DEBUG] Final token: 6c8ffe65654b13ba99d1c5df9847fc5e1400441eeec76982b99f25808dc250eddc4642f2ddb2c54ec632917e440f2748
[DEBUG] Token: 6c8ffe65654b13ba99d1c5df9847fc5e1400441eeec76982b99f25808dc250eddc4642f2ddb2c54ec632917e440f2748
   ✓ Token decoded (length: 96)
[3/3] Connecting...

[DEBUG] WebSocket URL: wss://kahoot.it/cometd/7599004/6c8ffe65654b13ba99d1c5df9847fc5e1400441eeec76982b99f25808dc250eddc4642f2ddb2c54ec632917e440f2748
✓ Connected to WebSocket
[DEBUG] SEND handshake
[DEBUG] RECV: /meta/handshake 
✓ Handshake OK, clientId: bpru1ovdawawrc3tr2kjj0o5vkyp6
[DEBUG] SEND connect (first)
[DEBUG] RECV: /meta/connect 
[DEBUG] SEND connect (second)
[DEBUG] SEND login Bot88-iqj
[DEBUG] RECV: /service/controller loginResponse
✓ Login successful! CID: 848715253
[DEBUG] SEND namerator message

=== SUCCESS ===
Listening for game events... (Ctrl+C to exit)

[DEBUG] RECV: /meta/connect 
[DEBUG] RECV: /service/controller 
[DEBUG] RECV: /service/controller 
[DEBUG] RECV: /meta/connect 
[DEBUG] RECV: /meta/connect 
[DEBUG] RECV: /meta/connect 
[DEBUG] RECV: /meta/connect 
[DEBUG] RECV: /meta/connect 
[DEBUG] RECV: /meta/connect 
[DEBUG] RECV: /meta/connect 
[DEBUG] RECV: /meta/connect 
[DEBUG] RECV: /meta/connect 
[DEBUG] RECV: /meta/connect 
[DEBUG] RECV: /meta/connect 
[DEBUG] RECV: /meta/connect 
[DEBUG] RECV: /meta/connect 
[DEBUG] RECV: /meta/connect 
[DEBUG] RECV: /meta/connect 
[DEBUG] RECV: /meta/connect 
[DEBUG] RECV: /meta/connect 
[DEBUG] RECV: /meta/connect 
[DEBUG] RECV: /meta/connect 
[DEBUG] RECV: /meta/connect 
[DEBUG] RECV: /meta/connect 
[DEBUG] RECV: /meta/connect 
[DEBUG] RECV: /meta/connect 
[DEBUG] RECV: /meta/connect 
[DEBUG] RECV: /meta/connect 
[DEBUG] RECV: /meta/connect 
[DEBUG] RECV: /meta/connect 
[DEBUG] RECV: /meta/connect 
[DEBUG] RECV: /meta/connect 
[DEBUG] RECV: /meta/connect 
