
=== Kahoot Auto-Join ===
Game PIN: 1519134
Player: Bot8-ljy

[1/3] Getting session token...
[DEBUG] Session token (raw): ci9tE3l6TnpQEX8uKUwKSUNKUgh9awAQA2ETaWUAKWlcSgd4cmAWZ2kCEAt6diJaFkFZXAs0dnMyUyg9V1RaZEhQSgFsdn91PzF4dGp5NHxjKDxLU3MMc2ZvAkEEcTZ6
[DEBUG] Session token length: 128
[DEBUG] Base64 decoded length: 96
   ✓ Got session token
[2/3] Decoding token...
[DEBUG] Challenge message length: 100
[DEBUG] Offset: 1326
[DEBUG] Decoded challenge length: 100
[DEBUG] Token bytes length: 96
[DEBUG] Final token length: 96
[DEBUG] Final token: 3c7c4022ce4be80543a376bfb7d186e9022935d572b267c4d3613a72d5ea44791f210302ae4228b77df7859119c852d0
[DEBUG] Token: 3c7c4022ce4be80543a376bfb7d186e9022935d572b267c4d3613a72d5ea44791f210302ae4228b77df7859119c852d0
   ✓ Token decoded (length: 96)
[3/3] Connecting...

[DEBUG] WebSocket URL: wss://kahoot.it/cometd/1519134/3c7c4022ce4be80543a376bfb7d186e9022935d572b267c4d3613a72d5ea44791f210302ae4228b77df7859119c852d0
✓ Connected to WebSocket
[DEBUG] SEND handshake
[DEBUG] RECV: /meta/handshake 
✓ Handshake OK, clientId: by7s1g660p4psqbgn17whb4r42h1ii
[DEBUG] SEND connect (first)
[DEBUG] RECV: /meta/connect 
[DEBUG] SEND connect (second)
[DEBUG] SEND login Bot8-ljy
[DEBUG] RECV: /service/controller loginResponse
✓ Login successful! CID: 1464544202
[DEBUG] SEND namerator message

=== SUCCESS ===
Listening for game events... (Ctrl+C to exit)

[DEBUG] RECV: /meta/connect 
[DEBUG] RECV: /service/controller 
[DEBUG] RECV: /service/controller 
[DEBUG] RECV: /service/status status
✓ Game is ACTIVE
[DEBUG] RECV: /service/player message

🎉 JOINED AS: Bot8-ljy
   Player CID: 1464544202
[DEBUG] RECV: /service/player message
[DEBUG] RECV: /service/player message
[DEBUG] RECV: /meta/connect 
