
=== Kahoot Auto-Join ===
Game PIN: 4911577
Player: Bot85-8o4

[1/3] Getting session token...
[DEBUG] Session token (raw): RmY9P19kDmxIAH53e3oKBGoLYnkMUlEPBAo8YghoYwB5bnRTfVhZYAZRU3RrDF1gSEVwHRBdR1I1e1IIdh8laFdleUwYX1s+Jkdbe1xJe2JCDlxkQFpcNUxBUFprBkET
[DEBUG] Session token length: 128
[DEBUG] Base64 decoded length: 96
   ✓ Got session token
[2/3] Decoding token...
[DEBUG] Challenge message length: 100
[DEBUG] Offset: 2528
[DEBUG] Decoded challenge length: 100
[DEBUG] Token bytes length: 96
[DEBUG] Final token length: 96
[DEBUG] Final token: 62fb51b83e7368c21473ac4be6d39043040137449f121149150dd967a7da3ce34664a5cdf706795845f8708e76db5f7f
[DEBUG] Token: 62fb51b83e7368c21473ac4be6d39043040137449f121149150dd967a7da3ce34664a5cdf706795845f8708e76db5f7f
   ✓ Token decoded (length: 96)
[3/3] Connecting...

[DEBUG] WebSocket URL: wss://kahoot.it/cometd/4911577/62fb51b83e7368c21473ac4be6d39043040137449f121149150dd967a7da3ce34664a5cdf706795845f8708e76db5f7f
✓ Connected to WebSocket
[DEBUG] SEND handshake
[DEBUG] RECV: /meta/handshake 
✓ Handshake OK, clientId: 95rr69zgvh57brmt17nlm7a1djygp
[DEBUG] SEND connect (first)
[DEBUG] RECV: /meta/connect 
[DEBUG] SEND connect (second)
[DEBUG] SEND login Bot85-8o4
[DEBUG] RECV: /service/status status
[DEBUG] RECV: /meta/connect 
[DEBUG] RECV: /service/controller 

⚠ Timeout - check if name appears in Kahoot lobby
[DEBUG] WebSocket closed: 1005

=== FAILED ===
Error: Connection closed (1005)
