
=== Kahoot Auto-Join ===
Game PIN: 1161786
Player: Bot8-s5q

[1/3] Getting session token...
[DEBUG] Session token (raw): U057Ag9VCHlqAnBwWw5ncFEOC1gFEDc0WWJXPgFYNFowfC1YV19FcQ5wVGJlAGAMU2tuXSlkVS8ICllIfTQuCg5nR3gOUmVOQnlvFXpWW1Rrek0JbQ8tA2dcCwkYRXVZ
[DEBUG] Session token length: 128
[DEBUG] Base64 decoded length: 96
   ✓ Got session token
[2/3] Decoding token...
[DEBUG] Challenge message length: 100
[DEBUG] Offset: 4438
[DEBUG] Decoded challenge length: 100
[DEBUG] Token bytes length: 96
[DEBUG] Final token length: 96
[DEBUG] Final token: 259e7ac54d908b44b8322fafb85f60baf7f0b36600c73b21315ce58d86081bced6050b69308f0778286374b614efd982
[DEBUG] Token: 259e7ac54d908b44b8322fafb85f60baf7f0b36600c73b21315ce58d86081bced6050b69308f0778286374b614efd982
   ✓ Token decoded (length: 96)
[3/3] Connecting...

[DEBUG] WebSocket URL: wss://kahoot.it/cometd/1161786/259e7ac54d908b44b8322fafb85f60baf7f0b36600c73b21315ce58d86081bced6050b69308f0778286374b614efd982
✓ Connected to WebSocket
[DEBUG] SEND handshake
[DEBUG] RECV: /meta/handshake 
✓ Handshake OK, clientId: bocu1wnlj0g8aw2uh1g7j9iym1xiwm
[DEBUG] SEND connect (first)
[DEBUG] RECV: /meta/connect 
[DEBUG] SEND connect (second)
[DEBUG] SEND login Bot8-s5q
[DEBUG] RECV: /service/controller loginResponse
✓ Login successful! CID: 1072642463
[DEBUG] SEND namerator message

=== SUCCESS ===
Listening for game events... (Ctrl+C to exit)

[DEBUG] RECV: /meta/connect 
[DEBUG] RECV: /service/controller 
[DEBUG] RECV: /service/controller 
