
=== Kahoot Auto-Join ===
Game PIN: 8927125
Player: Bot81-xd2

[1/3] Getting session token...
[DEBUG] Session token (raw): RSkRXgJ4VXdfGgt0UWBeA15dWVBZU0AvXigKcmMXU1FRBwsIPlFQWVNRB2EtdCBuABYMTwt8YVgTVUoMXwA5DQcfZmwSL0NMAwNGeiNBAxJGfAlGAw9waFJ9dXkTUAo7
[DEBUG] Session token length: 128
[DEBUG] Base64 decoded length: 96
   ✓ Got session token
[2/3] Decoding token...
[DEBUG] Challenge message length: 100
[DEBUG] Offset: 113030
[DEBUG] Decoded challenge length: 100
[DEBUG] Token bytes length: 96
[DEBUG] Final token length: 96
[DEBUG] Final token: 2eabb3a17a24457da2ba717b0b018d3862faa8458d87f7a27f799284c70b05ed2d00ce48b518a66c3333ae933574edff
[DEBUG] Token: 2eabb3a17a24457da2ba717b0b018d3862faa8458d87f7a27f799284c70b05ed2d00ce48b518a66c3333ae933574edff
   ✓ Token decoded (length: 96)
[3/3] Connecting...

[DEBUG] WebSocket URL: wss://kahoot.it/cometd/8927125/2eabb3a17a24457da2ba717b0b018d3862faa8458d87f7a27f799284c70b05ed2d00ce48b518a66c3333ae933574edff
✓ Connected to WebSocket
[DEBUG] SEND handshake
[DEBUG] RECV: /meta/handshake 
✓ Handshake OK, clientId: bmds5a3lrpbwlxp9mpwfrdvjltz0
[DEBUG] SEND connect (first)
[DEBUG] RECV: /meta/connect 
[DEBUG] SEND connect (second)
[DEBUG] SEND login Bot81-xd2
[DEBUG] RECV: /service/controller 

⚠ Timeout - check if name appears in Kahoot lobby
[DEBUG] WebSocket closed: 1005

=== FAILED ===
Error: Connection closed (1005)
