
=== Kahoot Auto-Join ===
Game PIN: 8927125
Player: Bot82-bhz

[1/3] Getting session token...
[DEBUG] Session token (raw): FT9ATnsKJFQDCQkDRxIMVXZ3ClBzekcxE2AoITEnVjlGWFJUBWN8WXFvY1gMQlMCDGt0DyxvZR0AbkBue1Y9AXNtMyxtXCEFBmImRUFELVV6C1VbLGVffG4dNXYgAwlE
[DEBUG] Session token length: 128
[DEBUG] Base64 decoded length: 96
   ✓ Got session token
[2/3] Decoding token...
[DEBUG] Challenge message length: 100
[DEBUG] Offset: 360348
[DEBUG] Decoded challenge length: 100
[DEBUG] Token bytes length: 96
[DEBUG] Final token length: 96
[DEBUG] Final token: df2204efe0292ef4288b646ff7badbbb5be78689896665394702c68a224485b852cf05fd90e585a1870ab1d25ec6db36
[DEBUG] Token: df2204efe0292ef4288b646ff7badbbb5be78689896665394702c68a224485b852cf05fd90e585a1870ab1d25ec6db36
   ✓ Token decoded (length: 96)
[3/3] Connecting...

[DEBUG] WebSocket URL: wss://kahoot.it/cometd/8927125/df2204efe0292ef4288b646ff7badbbb5be78689896665394702c68a224485b852cf05fd90e585a1870ab1d25ec6db36
✓ Connected to WebSocket
[DEBUG] SEND handshake
[DEBUG] RECV: /meta/handshake 
✓ Handshake OK, clientId: bmdtig628d2dvn57aqytbijti774
[DEBUG] SEND connect (first)
[DEBUG] RECV: /meta/connect 
[DEBUG] SEND connect (second)
[DEBUG] SEND login Bot82-bhz
[DEBUG] RECV: /service/controller 

⚠ Timeout - check if name appears in Kahoot lobby
[DEBUG] WebSocket closed: 1005

=== FAILED ===
Error: Connection closed (1005)
