
=== Kahoot Auto-Join ===
Game PIN: 4911577
Player: Bot8-v2e

[1/3] Getting session token...
[DEBUG] Session token (raw): XglvXjo/CV5WEwltb1cXOyUyO1ElA0M/B1FmCVEMewhdCUdrVFFqSU4SZVQCTXcdQkAnDQh6fGV5RywBbmogAVtZAkoKUVB1d3RJcwgDaRALUFAwLVZWQUo6UAByDgle
[DEBUG] Session token length: 128
[DEBUG] Base64 decoded length: 96
   ✓ Got session token
[2/3] Decoding token...
[DEBUG] Challenge message length: 100
[DEBUG] Offset: 395
[DEBUG] Decoded challenge length: 100
[DEBUG] Token bytes length: 96
[DEBUG] Final token length: 96
[DEBUG] Final token: d428cf255ba655eacfc8a92c4107570a332644952b87870a62bb005583ab35b25c81b1c52953b97b6caaba396d83038c
[DEBUG] Token: d428cf255ba655eacfc8a92c4107570a332644952b87870a62bb005583ab35b25c81b1c52953b97b6caaba396d83038c
   ✓ Token decoded (length: 96)
[3/3] Connecting...

[DEBUG] WebSocket URL: wss://kahoot.it/cometd/4911577/d428cf255ba655eacfc8a92c4107570a332644952b87870a62bb005583ab35b25c81b1c52953b97b6caaba396d83038c
✓ Connected to WebSocket
[DEBUG] SEND handshake
[DEBUG] RECV: /meta/handshake 
✓ Handshake OK, clientId: 95dp6uznadlaj37p1kkf1lobj57a9
[DEBUG] SEND connect (first)
[DEBUG] RECV: /meta/connect 
[DEBUG] SEND connect (second)
[DEBUG] SEND login Bot8-v2e
[DEBUG] RECV: /service/status status
[DEBUG] RECV: /meta/connect 
[DEBUG] RECV: /service/controller 

⚠ Timeout - check if name appears in Kahoot lobby
[DEBUG] WebSocket closed: 1005

=== FAILED ===
Error: Connection closed (1005)
