
=== Kahoot Auto-Join ===
Game PIN: 4911577
Player: Bot89-40f

[1/3] Getting session token...
[DEBUG] Session token (raw): Q2ADeU8wElRdKRJ6SgVhclx4VxMgR0MNCWhwbTFfNlZQDkENAWYMWgxEX3EKCTIJNWhIfA9YYyFadldaMXlFXTFYd25iN11mDS5CcTNOAXVcPHVPQl1YaENFeABsU0VB
[DEBUG] Session token length: 128
[DEBUG] Base64 decoded length: 96
   ✓ Got session token
[2/3] Decoding token...
[DEBUG] Challenge message length: 100
[DEBUG] Offset: 22481
[DEBUG] Decoded challenge length: 100
[DEBUG] Token bytes length: 96
[DEBUG] Final token length: 96
[DEBUG] Final token: 95355fe8ffa93a62177fc49b2765f3d5aa5a2064e13623c5d605215ba6cad938d7412cf63f71e492fb871103968e9422
[DEBUG] Token: 95355fe8ffa93a62177fc49b2765f3d5aa5a2064e13623c5d605215ba6cad938d7412cf63f71e492fb871103968e9422
   ✓ Token decoded (length: 96)
[3/3] Connecting...

[DEBUG] WebSocket URL: wss://kahoot.it/cometd/4911577/95355fe8ffa93a62177fc49b2765f3d5aa5a2064e13623c5d605215ba6cad938d7412cf63f71e492fb871103968e9422
✓ Connected to WebSocket
[DEBUG] SEND handshake
[DEBUG] RECV: /meta/handshake 
✓ Handshake OK, clientId: 95rw1ghj8ajoyrg5k1moyd7hu20kuj
[DEBUG] SEND connect (first)
[DEBUG] RECV: /meta/connect 
[DEBUG] SEND connect (second)
[DEBUG] SEND login Bot89-40f
[DEBUG] RECV: /service/status status
[DEBUG] RECV: /meta/connect 
[DEBUG] RECV: /service/controller 

⚠ Timeout - check if name appears in Kahoot lobby
[DEBUG] WebSocket closed: 1005

=== FAILED ===
Error: Connection closed (1005)
