
=== Kahoot Auto-Join ===
Game PIN: 4911577
Player: Bot84-o06

[1/3] Getting session token...
[DEBUG] Session token (raw): HWQJCnp/FAB+bmAzOTViXmJ2dWBRSh0qFVtZGlNYYW4pB00jOR5nXQ9hcVkjGAJhB3JsZRRaBHkVAmE6dhQLRFAxLSgDZlQgLkIuR3BOXXtaRAwSQUtdB3QCEwsDJQlB
[DEBUG] Session token length: 128
[DEBUG] Base64 decoded length: 96
   ✓ Got session token
[2/3] Decoding token...
[DEBUG] Challenge message length: 100
[DEBUG] Offset: 74608
[DEBUG] Decoded challenge length: 100
[DEBUG] Token bytes length: 96
[DEBUG] Final token length: 96
[DEBUG] Final token: e17210f2110dfc7b083222eeef2f9f71a18ccf168367bdb16250d965d08e4cc5dfaca5fca4d15625b0ef92d282c91fb0
[DEBUG] Token: e17210f2110dfc7b083222eeef2f9f71a18ccf168367bdb16250d965d08e4cc5dfaca5fca4d15625b0ef92d282c91fb0
   ✓ Token decoded (length: 96)
[3/3] Connecting...

[DEBUG] WebSocket URL: wss://kahoot.it/cometd/4911577/e17210f2110dfc7b083222eeef2f9f71a18ccf168367bdb16250d965d08e4cc5dfaca5fca4d15625b0ef92d282c91fb0
✓ Connected to WebSocket
[DEBUG] SEND handshake
[DEBUG] RECV: /meta/handshake 
✓ Handshake OK, clientId: 95crpk6kvcdtx60q1ayc8iff9h8m8
[DEBUG] SEND connect (first)
[DEBUG] RECV: /meta/connect 
[DEBUG] SEND connect (second)
[DEBUG] SEND login Bot84-o06
[DEBUG] RECV: /service/status status
[DEBUG] RECV: /meta/connect 
[DEBUG] RECV: /service/controller 

⚠ Timeout - check if name appears in Kahoot lobby
[DEBUG] WebSocket closed: 1005

=== FAILED ===
Error: Connection closed (1005)
