
=== Kahoot Auto-Join ===
Game PIN: 4911577
Player: Bot89-bkp

[1/3] Getting session token...
[DEBUG] Session token (raw): XF4EH2pQUyBlO1s4QRYyQCwqSWMueRMKRjtfInhiAgcLByErRTpOLjQ1ZH1hf150T2VATh8GE0NbAF0HLhZlDVEHYwYRHnQhN3EpeTQOUkUFP2c1AgNZZHFoc3gKAnYP
[DEBUG] Session token length: 128
[DEBUG] Base64 decoded length: 96
   ✓ Got session token
[2/3] Decoding token...
[DEBUG] Challenge message length: 100
[DEBUG] Offset: 285988
[DEBUG] Decoded challenge length: 100
[DEBUG] Token bytes length: 96
[DEBUG] Final token length: 96
[DEBUG] Final token: fe9f5fba2f4c7dd8cb38b6b02b4b06b28aed1a7edf9618698362fcd2a4a7ad8fd235ae5cb8a2c4647a2cf4a443691e52
[DEBUG] Token: fe9f5fba2f4c7dd8cb38b6b02b4b06b28aed1a7edf9618698362fcd2a4a7ad8fd235ae5cb8a2c4647a2cf4a443691e52
   ✓ Token decoded (length: 96)
[3/3] Connecting...

[DEBUG] WebSocket URL: wss://kahoot.it/cometd/4911577/fe9f5fba2f4c7dd8cb38b6b02b4b06b28aed1a7edf9618698362fcd2a4a7ad8fd235ae5cb8a2c4647a2cf4a443691e52
✓ Connected to WebSocket
[DEBUG] SEND handshake
[DEBUG] RECV: /meta/handshake 
✓ Handshake OK, clientId: 95gb19tgd5neyxw8a53xes6xx8lv
[DEBUG] SEND connect (first)
[DEBUG] RECV: /meta/connect 
[DEBUG] SEND connect (second)
[DEBUG] SEND login Bot89-bkp
[DEBUG] RECV: /service/status status
[DEBUG] RECV: /meta/connect 
[DEBUG] RECV: /service/controller 

⚠ Timeout - check if name appears in Kahoot lobby
[DEBUG] WebSocket closed: 1005

=== FAILED ===
Error: Connection closed (1005)
