
=== Kahoot Auto-Join ===
Game PIN: 4911577
Player: Bot89-3qp

[1/3] Getting session token...
[DEBUG] Session token (raw): DARgD2EnHnxBDARfJSAMcz4OCm45Z2gIF2YeXG9hAwMFDVhaeFAECAd9ZFFdKwBBAgpyUmtTS2hdAAtEI1U/ZE5SXTpmB1BrbitZFQEFQzIDUBwXEFUwUm5rUX5UfTo5
[DEBUG] Session token length: 128
[DEBUG] Base64 decoded length: 96
   ✓ Got session token
[2/3] Decoding token...
[DEBUG] Challenge message length: 100
[DEBUG] Offset: 290610
[DEBUG] Decoded challenge length: 100
[DEBUG] Token bytes length: 96
[DEBUG] Final token length: 96
[DEBUG] Final token: 0e151ef65577ec04b267f85ef0ed771bc15f67d210585c43564f9925abf2e8b52ead4c696dbb193bc1fdd8b33524d7ed
[DEBUG] Token: 0e151ef65577ec04b267f85ef0ed771bc15f67d210585c43564f9925abf2e8b52ead4c696dbb193bc1fdd8b33524d7ed
   ✓ Token decoded (length: 96)
[3/3] Connecting...

[DEBUG] WebSocket URL: wss://kahoot.it/cometd/4911577/0e151ef65577ec04b267f85ef0ed771bc15f67d210585c43564f9925abf2e8b52ead4c696dbb193bc1fdd8b33524d7ed
✓ Connected to WebSocket
[DEBUG] SEND handshake
[DEBUG] RECV: /meta/handshake 
✓ Handshake OK, clientId: 95rf1ibabyzboddswgjioyyb0cne8
[DEBUG] SEND connect (first)
[DEBUG] RECV: /meta/connect 
[DEBUG] SEND connect (second)
[DEBUG] SEND login Bot89-3qp
[DEBUG] RECV: /service/status status
[DEBUG] RECV: /meta/connect 
[DEBUG] RECV: /service/controller 

⚠ Timeout - check if name appears in Kahoot lobby
[DEBUG] WebSocket closed: 1005

=== FAILED ===
Error: Connection closed (1005)
