
=== Kahoot Auto-Join ===
Game PIN: 4911577
Player: Bot82-vcr

[1/3] Getting session token...
[DEBUG] Session token (raw): dn9EX0pccXpTDV1sNFI2bFdgUVtyWD9aOn5eCA1GODtwRlIXRD1IZW0JazpeU1UDQDIsPlx0HEZRIldCeUQgWDcPUgJ1BQ8TACFsF34gfyp/WF5mfA8FFEw6AQVzDAZ1
[DEBUG] Session token length: 128
[DEBUG] Base64 decoded length: 96
   ✓ Got session token
[2/3] Decoding token...
[DEBUG] Challenge message length: 100
[DEBUG] Offset: 7010801280
[DEBUG] Decoded challenge length: 100
[DEBUG] Token bytes length: 96
[DEBUG] Final token length: 96
[DEBUG] Final token: 327e1326e767b0e830bc57d6a658b6cd872a0e25318c8fd71aae93f79d6578dff5490a1a2b6f5e3c6a8590ea0f626863
[DEBUG] Token: 327e1326e767b0e830bc57d6a658b6cd872a0e25318c8fd71aae93f79d6578dff5490a1a2b6f5e3c6a8590ea0f626863
   ✓ Token decoded (length: 96)
[3/3] Connecting...

[DEBUG] WebSocket URL: wss://kahoot.it/cometd/4911577/327e1326e767b0e830bc57d6a658b6cd872a0e25318c8fd71aae93f79d6578dff5490a1a2b6f5e3c6a8590ea0f626863
✓ Connected to WebSocket
[DEBUG] SEND handshake
[DEBUG] RECV: /meta/handshake 
✓ Handshake OK, clientId: 95rm1vmbvn4nz17fd1wz5ku3kh5w48
[DEBUG] SEND connect (first)
[DEBUG] RECV: /meta/connect 
[DEBUG] SEND connect (second)
[DEBUG] SEND login Bot82-vcr
[DEBUG] RECV: /service/status status
[DEBUG] RECV: /meta/connect 
[DEBUG] RECV: /service/controller 

⚠ Timeout - check if name appears in Kahoot lobby
[DEBUG] WebSocket closed: 1005

=== FAILED ===
Error: Connection closed (1005)
