
=== Kahoot Auto-Join ===
Game PIN: 4911577
Player: Bot81-eo0

[1/3] Getting session token...
[DEBUG] Session token (raw): XVZSb3o/XAANJV0pcSInX193DlBzcRYiN0stL0hsYV13CxRKEFIMBlRFb1RJe24GBSRXVQAkBkgPf10VfFxXL1YDEQR3aVkMe1RbBwkGEX5XF3YwXF18OhVYanFbUAo7
[DEBUG] Session token length: 128
[DEBUG] Base64 decoded length: 96
   ✓ Got session token
[2/3] Decoding token...
[DEBUG] Challenge message length: 100
[DEBUG] Offset: 20535
[DEBUG] Decoded challenge length: 100
[DEBUG] Token bytes length: 96
[DEBUG] Final token length: 96
[DEBUG] Final token: 88750d14af8f7ae6717733fcc3bf294922e9cf62001f254a8fd74df8400a21afe6a4885a495ecca6dc8e9b2beb488d5b
[DEBUG] Token: 88750d14af8f7ae6717733fcc3bf294922e9cf62001f254a8fd74df8400a21afe6a4885a495ecca6dc8e9b2beb488d5b
   ✓ Token decoded (length: 96)
[3/3] Connecting...

[DEBUG] WebSocket URL: wss://kahoot.it/cometd/4911577/88750d14af8f7ae6717733fcc3bf294922e9cf62001f254a8fd74df8400a21afe6a4885a495ecca6dc8e9b2beb488d5b
✓ Connected to WebSocket
[DEBUG] SEND handshake
[DEBUG] RECV: /meta/handshake 
✓ Handshake OK, clientId: 95ck1xtb3ycqe9ith17ylbvqk2tksb
[DEBUG] SEND connect (first)
[DEBUG] RECV: /meta/connect 
[DEBUG] SEND connect (second)
[DEBUG] SEND login Bot81-eo0
[DEBUG] RECV: /service/status status
[DEBUG] RECV: /meta/connect 
[DEBUG] RECV: /service/controller 

⚠ Timeout - check if name appears in Kahoot lobby
[DEBUG] WebSocket closed: 1005

=== FAILED ===
Error: Connection closed (1005)
