
=== Kahoot Auto-Join ===
Game PIN: 4911577
Player: Bot86-c31

[1/3] Getting session token...
[DEBUG] Session token (raw): OBBXAVYyX29dUgBLQ0ZUWmIKZQ5wIwRoFVxKbWY2ag0WRFtXJTkfSxZ/WlBuDHl9WzdqYi51aQ5DVlMIegVdKWV5SzcKAHwgXlB5QAI/N05TZkhcV1UpVgwSKFEKDQAo
[DEBUG] Session token length: 128
[DEBUG] Base64 decoded length: 96
   ✓ Got session token
[2/3] Decoding token...
[DEBUG] Challenge message length: 100
[DEBUG] Offset: 52277655
[DEBUG] Decoded challenge length: 100
[DEBUG] Token bytes length: 96
[DEBUG] Final token length: 96
[DEBUG] Final token: eb4c6f024e18030594387b89e9950f39f723ddf3e51b32158a73d21f159959aa028c7d4c3e265bc8031035b00ad503ac
[DEBUG] Token: eb4c6f024e18030594387b89e9950f39f723ddf3e51b32158a73d21f159959aa028c7d4c3e265bc8031035b00ad503ac
   ✓ Token decoded (length: 96)
[3/3] Connecting...

[DEBUG] WebSocket URL: wss://kahoot.it/cometd/4911577/eb4c6f024e18030594387b89e9950f39f723ddf3e51b32158a73d21f159959aa028c7d4c3e265bc8031035b00ad503ac
✓ Connected to WebSocket
[DEBUG] SEND handshake
[DEBUG] RECV: /meta/handshake 
✓ Handshake OK, clientId: 95g61l34bm0k9xvt319rkmnafgaz03
[DEBUG] SEND connect (first)
[DEBUG] RECV: /meta/connect 
[DEBUG] SEND connect (second)
[DEBUG] SEND login Bot86-c31
[DEBUG] RECV: /service/status status
[DEBUG] RECV: /meta/connect 
[DEBUG] RECV: /service/controller 

⚠ Timeout - check if name appears in Kahoot lobby
[DEBUG] WebSocket closed: 1005

=== FAILED ===
Error: Connection closed (1005)
