
=== Kahoot Auto-Join ===
Game PIN: 4911577
Player: Bot89-230

[1/3] Getting session token...
[DEBUG] Session token (raw): B0xfWmAIbQc7V09VL3h2N01ODGFvXygDCHQ2AAJRIClCRxJeX1RPRAQEE0FXJy0If14ACi1kRTN3BHZHQAsIAypOB1x0BAVZClNGdwFWA19RW3wXUWc5XXNBTlgHJzxp
[DEBUG] Session token length: 128
[DEBUG] Base64 decoded length: 96
   ✓ Got session token
[2/3] Decoding token...
[DEBUG] Challenge message length: 100
[DEBUG] Offset: 3514
[DEBUG] Decoded challenge length: 100
[DEBUG] Token bytes length: 96
[DEBUG] Final token length: 96
[DEBUG] Final token: f72b2d19ad84c43a95999acac8f82aec50c66d45cee8beb8260fd85e2d572bc4c4fc2fd87c2917d6871fa1f3825feae4
[DEBUG] Token: f72b2d19ad84c43a95999acac8f82aec50c66d45cee8beb8260fd85e2d572bc4c4fc2fd87c2917d6871fa1f3825feae4
   ✓ Token decoded (length: 96)
[3/3] Connecting...

[DEBUG] WebSocket URL: wss://kahoot.it/cometd/4911577/f72b2d19ad84c43a95999acac8f82aec50c66d45cee8beb8260fd85e2d572bc4c4fc2fd87c2917d6871fa1f3825feae4
✓ Connected to WebSocket
[DEBUG] SEND handshake
[DEBUG] RECV: /meta/handshake 
✓ Handshake OK, clientId: 95cjt4dj24v4ax7xtorz6k965qqi
[DEBUG] SEND connect (first)
[DEBUG] RECV: /meta/connect 
[DEBUG] SEND connect (second)
[DEBUG] SEND login Bot89-230
[DEBUG] RECV: /service/status status
[DEBUG] RECV: /meta/connect 
[DEBUG] RECV: /service/controller 

⚠ Timeout - check if name appears in Kahoot lobby
[DEBUG] WebSocket closed: 1005

=== FAILED ===
Error: Connection closed (1005)
