
=== Kahoot Auto-Join ===
Game PIN: 4911577
Player: Bot87-rfx

[1/3] Getting session token...
[DEBUG] Session token (raw): UW8oRw97c1hZX1sNZFAnXmgjYDAXT0d8aRZrRE5KWW5ne3oxfApBXyMoBiEGfXc0bhANXAgsdwlGaiJaKy43W2ELJQlfWGk2CRoNHAdZPDtIXHM4dWs3Wjd+MQwIIUcM
[DEBUG] Session token length: 128
[DEBUG] Base64 decoded length: 96
   ✓ Got session token
[2/3] Decoding token...
[DEBUG] Challenge message length: 100
[DEBUG] Offset: 927360
[DEBUG] Decoded challenge length: 100
[DEBUG] Token bytes length: 96
[DEBUG] Final token length: 96
[DEBUG] Final token: 07e0b557b20a49b61d2cc9065a9083d2306b6062bf8f344e6f740e5e05bdaad332ed003d8b7e68be138c07afa3bc6e65
[DEBUG] Token: 07e0b557b20a49b61d2cc9065a9083d2306b6062bf8f344e6f740e5e05bdaad332ed003d8b7e68be138c07afa3bc6e65
   ✓ Token decoded (length: 96)
[3/3] Connecting...

[DEBUG] WebSocket URL: wss://kahoot.it/cometd/4911577/07e0b557b20a49b61d2cc9065a9083d2306b6062bf8f344e6f740e5e05bdaad332ed003d8b7e68be138c07afa3bc6e65
✓ Connected to WebSocket
[DEBUG] SEND handshake
[DEBUG] RECV: /meta/handshake 
✓ Handshake OK, clientId: 95d31llaaezes2yes1bevxtxd785ri
[DEBUG] SEND connect (first)
[DEBUG] RECV: /meta/connect 
[DEBUG] SEND connect (second)
[DEBUG] SEND login Bot87-rfx
[DEBUG] RECV: /service/status status
[DEBUG] RECV: /meta/connect 
[DEBUG] RECV: /service/controller 

⚠ Timeout - check if name appears in Kahoot lobby
[DEBUG] WebSocket closed: 1005

=== FAILED ===
Error: Connection closed (1005)
