
=== Kahoot Auto-Join ===
Game PIN: 4911577
Player: Bot92-foq

[1/3] Getting session token...
[DEBUG] Session token (raw): C240elQtZnwRJnlTBWsCOFdCA05ZXVUTW0t9bjRfMVNCclA1X11fAHVbTA12QQtKYQxXXCRQDCJpdlI8Y0ZUYgdxDkd9KiMjQEJfFggNWn5mVQUFUWAeeGUlYQMMdV9e
[DEBUG] Session token length: 128
[DEBUG] Base64 decoded length: 96
   ✓ Got session token
[2/3] Decoding token...
[DEBUG] Challenge message length: 100
[DEBUG] Offset: 150392
[DEBUG] Decoded challenge length: 100
[DEBUG] Token bytes length: 96
[DEBUG] Final token length: 96
[DEBUG] Final token: 06d4cb85ca3cb86aa542b12a8379c1fe240bdc3f166e044208b2f8bd78bd133253552cac100d46b02ae740e44f4ff40e
[DEBUG] Token: 06d4cb85ca3cb86aa542b12a8379c1fe240bdc3f166e044208b2f8bd78bd133253552cac100d46b02ae740e44f4ff40e
   ✓ Token decoded (length: 96)
[3/3] Connecting...

[DEBUG] WebSocket URL: wss://kahoot.it/cometd/4911577/06d4cb85ca3cb86aa542b12a8379c1fe240bdc3f166e044208b2f8bd78bd133253552cac100d46b02ae740e44f4ff40e
✓ Connected to WebSocket
[DEBUG] SEND handshake
[DEBUG] RECV: /meta/handshake 
✓ Handshake OK, clientId: 95rdb5b1sb51g54lyww42mljuvo3
[DEBUG] SEND connect (first)
[DEBUG] RECV: /meta/connect 
[DEBUG] SEND connect (second)
[DEBUG] SEND login Bot92-foq
[DEBUG] RECV: /service/status status
[DEBUG] RECV: /meta/connect 
[DEBUG] RECV: /service/controller 

⚠ Timeout - check if name appears in Kahoot lobby
[DEBUG] WebSocket closed: 1005

=== FAILED ===
Error: Connection closed (1005)
