
=== Kahoot Auto-Join ===
Game PIN: 4911577
Player: Bot90-xdw

[1/3] Getting session token...
[DEBUG] Session token (raw): WHMdWVQiXQ1HaFgVLnkUSlhZf0U/bmU2EAA8AAtHPA1xBEtxZlZxHzc8BykJd3ZkRjJCejlbNEBRVz0Ob38MaGpgNyJeDy1oAlBcKAlbWz4hHgdDYmNWaVooDF9LAntb
[DEBUG] Session token length: 128
[DEBUG] Base64 decoded length: 96
   ✓ Got session token
[2/3] Decoding token...
[DEBUG] Challenge message length: 100
[DEBUG] Offset: 22736000
[DEBUG] Decoded challenge length: 100
[DEBUG] Token bytes length: 96
[DEBUG] Final token length: 96
[DEBUG] Final token: 07e85bbb751fb1b08141e48cfdd1c5f708141c3ccb9f89963a60c8d3fefa27a262ebe6a66e0a235dfe1283302b571943
[DEBUG] Token: 07e85bbb751fb1b08141e48cfdd1c5f708141c3ccb9f89963a60c8d3fefa27a262ebe6a66e0a235dfe1283302b571943
   ✓ Token decoded (length: 96)
[3/3] Connecting...

[DEBUG] WebSocket URL: wss://kahoot.it/cometd/4911577/07e85bbb751fb1b08141e48cfdd1c5f708141c3ccb9f89963a60c8d3fefa27a262ebe6a66e0a235dfe1283302b571943
✓ Connected to WebSocket
[DEBUG] SEND handshake
[DEBUG] RECV: /meta/handshake 
✓ Handshake OK, clientId: 95ma7mgacb0yyogr1ro1f4ghuhzfa
[DEBUG] SEND connect (first)
[DEBUG] RECV: /meta/connect 
[DEBUG] SEND connect (second)
[DEBUG] SEND login Bot90-xdw
[DEBUG] RECV: /service/status status
[DEBUG] RECV: /meta/connect 
[DEBUG] RECV: /service/controller 

⚠ Timeout - check if name appears in Kahoot lobby
[DEBUG] WebSocket closed: 1005

=== FAILED ===
Error: Connection closed (1005)
