
=== Kahoot Auto-Join ===
Game PIN: 4911577
Player: Bot95-j5n

[1/3] Getting session token...
[DEBUG] Session token (raw): dA1uYgwDD3cGKVJ9KHYlCkQOA0dRJk9WflYEbn1WXXEHFXwtSFRRTkkyc21jZipCZ2h1RT0NGEFCEVMndVh8fxcIQ1FYfQVxZmEXTQ12ZSAkXgAFdUBUNAAsXBpbdCUu
[DEBUG] Session token length: 128
[DEBUG] Base64 decoded length: 96
   ✓ Got session token
[2/3] Decoding token...
[DEBUG] Challenge message length: 100
[DEBUG] Offset: 107200
[DEBUG] Decoded challenge length: 100
[DEBUG] Token bytes length: 96
[DEBUG] Final token length: 96
[DEBUG] Final token: 4280d7806be6b9ef2eb37f8567c93f186b3c11c68e3555b19495d6c63c4b8f38e64188f966f8562fd972575e5d2b12fd
[DEBUG] Token: 4280d7806be6b9ef2eb37f8567c93f186b3c11c68e3555b19495d6c63c4b8f38e64188f966f8562fd972575e5d2b12fd
   ✓ Token decoded (length: 96)
[3/3] Connecting...

[DEBUG] WebSocket URL: wss://kahoot.it/cometd/4911577/4280d7806be6b9ef2eb37f8567c93f186b3c11c68e3555b19495d6c63c4b8f38e64188f966f8562fd972575e5d2b12fd
✓ Connected to WebSocket
[DEBUG] SEND handshake
[DEBUG] RECV: /meta/handshake 
✓ Handshake OK, clientId: 95s11epu65s6lnhft9o0rz9gsfodu
[DEBUG] SEND connect (first)
[DEBUG] RECV: /meta/connect 
[DEBUG] SEND connect (second)
[DEBUG] SEND login Bot95-j5n
[DEBUG] RECV: /service/status status
[DEBUG] RECV: /meta/connect 
[DEBUG] RECV: /service/controller 

⚠ Timeout - check if name appears in Kahoot lobby
[DEBUG] WebSocket closed: 1005

=== FAILED ===
Error: Connection closed (1005)
