
=== Kahoot Auto-Join ===
Game PIN: 4911577
Player: Bot96-b3v

[1/3] Getting session token...
[DEBUG] Session token (raw): Wg0MAQ4BA0IMXW8KcyxTTV5kM05wd0ETAlo5WDQqJQVRUiRiYmkLU31vCwp1LFsMaFUHehMgUidQEn5DBHxScwYabjpCbgQzXVJZAXcLeQpVa3hQQwpsenovOXBSAlo5
[DEBUG] Session token length: 128
[DEBUG] Base64 decoded length: 96
   ✓ Got session token
[2/3] Decoding token...
[DEBUG] Challenge message length: 100
[DEBUG] Offset: 35635200
[DEBUG] Decoded challenge length: 100
[DEBUG] Token bytes length: 96
[DEBUG] Final token length: 96
[DEBUG] Final token: 45283d17a15d8de483d2438f12d2fabd41a066af07667ce125e8be0e0e8082978a6f062b08831e3b307c6d898bb4352a
[DEBUG] Token: 45283d17a15d8de483d2438f12d2fabd41a066af07667ce125e8be0e0e8082978a6f062b08831e3b307c6d898bb4352a
   ✓ Token decoded (length: 96)
[3/3] Connecting...

[DEBUG] WebSocket URL: wss://kahoot.it/cometd/4911577/45283d17a15d8de483d2438f12d2fabd41a066af07667ce125e8be0e0e8082978a6f062b08831e3b307c6d898bb4352a
✓ Connected to WebSocket
[DEBUG] SEND handshake
[DEBUG] RECV: /meta/handshake 
✓ Handshake OK, clientId: 95hkzwqxmmh49sv51d02rvpejmqdj
[DEBUG] SEND connect (first)
[DEBUG] RECV: /meta/connect 
[DEBUG] SEND connect (second)
[DEBUG] SEND login Bot96-b3v
[DEBUG] RECV: /service/status status
[DEBUG] RECV: /meta/connect 
[DEBUG] RECV: /service/controller 

⚠ Timeout - check if name appears in Kahoot lobby
[DEBUG] WebSocket closed: 1005

=== FAILED ===
Error: Connection closed (1005)
