
=== Kahoot Auto-Join ===
Game PIN: 7599004
Player: Bot96-for

[1/3] Getting session token...
[DEBUG] Session token (raw): VQpnb14VQGRmYA5sJ1laW2IOAStHQFhHPm13Ohl8RgdKSThYQwgzCWVcDV5xDzhpUlYgRjZdYExgHGBLfEomV3IrKQBxKFF+UkUvCV4GWEoBT0d7cV5XeHlBVV1KAVFu
[DEBUG] Session token length: 128
[DEBUG] Base64 decoded length: 96
   ✓ Got session token
[2/3] Decoding token...
[DEBUG] Challenge message length: 100
[DEBUG] Offset: 2671
[DEBUG] Decoded challenge length: 100
[DEBUG] Token bytes length: 96
[DEBUG] Final token length: 96
[DEBUG] Final token: 0b986f047776cda8669b73a2d78cc36b82bc59c67ca35ff2cbe2de270e7828a29df00f43f4b4fcc0f7483452600f9d42
[DEBUG] Token: 0b986f047776cda8669b73a2d78cc36b82bc59c67ca35ff2cbe2de270e7828a29df00f43f4b4fcc0f7483452600f9d42
   ✓ Token decoded (length: 96)
[3/3] Connecting...

[DEBUG] WebSocket URL: wss://kahoot.it/cometd/7599004/0b986f047776cda8669b73a2d78cc36b82bc59c67ca35ff2cbe2de270e7828a29df00f43f4b4fcc0f7483452600f9d42
✓ Connected to WebSocket
[DEBUG] SEND handshake
[DEBUG] RECV: /meta/handshake 
✓ Handshake OK, clientId: bpscjzi5d9jrmlnj11b05wmjxofe
[DEBUG] SEND connect (first)
[DEBUG] RECV: /meta/connect 
[DEBUG] SEND connect (second)
[DEBUG] SEND login Bot96-for
[DEBUG] RECV: /service/controller loginResponse
✓ Login successful! CID: 1095942450
[DEBUG] SEND namerator message

=== SUCCESS ===
Listening for game events... (Ctrl+C to exit)

[DEBUG] RECV: /meta/connect 
[DEBUG] RECV: /service/controller 
[DEBUG] RECV: /service/controller 
[DEBUG] RECV: /meta/connect 
[DEBUG] RECV: /meta/connect 
[DEBUG] RECV: /meta/connect 
[DEBUG] RECV: /meta/connect 
[DEBUG] RECV: /meta/connect 
[DEBUG] RECV: /meta/connect 
[DEBUG] RECV: /meta/connect 
[DEBUG] RECV: /meta/connect 
[DEBUG] RECV: /meta/connect 
[DEBUG] RECV: /meta/connect 
[DEBUG] RECV: /meta/connect 
[DEBUG] RECV: /meta/connect 
[DEBUG] RECV: /meta/connect 
[DEBUG] RECV: /meta/connect 
[DEBUG] RECV: /meta/connect 
[DEBUG] RECV: /meta/connect 
[DEBUG] RECV: /meta/connect 
[DEBUG] RECV: /meta/connect 
[DEBUG] RECV: /meta/connect 
[DEBUG] RECV: /meta/connect 
[DEBUG] RECV: /meta/connect 
[DEBUG] RECV: /meta/connect 
[DEBUG] RECV: /meta/connect 
[DEBUG] RECV: /meta/connect 
[DEBUG] RECV: /meta/connect 
[DEBUG] RECV: /meta/connect 
[DEBUG] RECV: /meta/connect 
[DEBUG] RECV: /meta/connect 
[DEBUG] RECV: /meta/connect 
[DEBUG] RECV: /meta/connect 
