
=== Kahoot Auto-Join ===
Game PIN: 4911577
Player: Bot98-cti

[1/3] Getting session token...
[DEBUG] Session token (raw): VXx3SGpGPj80D0oODUpiAw0SElV7PA4Ha3NuVBEFQVhiLgcqbkkrbGphAFdQZVwKDQ92WmU9c3IOeURQDTBlQ3tFAzxVAwteWFlTCzFRegg6cH5RXQJbclBgWTwHKkFY
[DEBUG] Session token length: 128
[DEBUG] Base64 decoded length: 96
   ✓ Got session token
[2/3] Decoding token...
[DEBUG] Challenge message length: 100
[DEBUG] Offset: 12254400
[DEBUG] Decoded challenge length: 100
[DEBUG] Token bytes length: 96
[DEBUG] Final token length: 96
[DEBUG] Final token: a48447caa82ee95b7eeb3b174500b5756d3c41f35140d77734291c08b18c3a9023cfae083fa9fe25a06df74809dbee81
[DEBUG] Token: a48447caa82ee95b7eeb3b174500b5756d3c41f35140d77734291c08b18c3a9023cfae083fa9fe25a06df74809dbee81
   ✓ Token decoded (length: 96)
[3/3] Connecting...

[DEBUG] WebSocket URL: wss://kahoot.it/cometd/4911577/a48447caa82ee95b7eeb3b174500b5756d3c41f35140d77734291c08b18c3a9023cfae083fa9fe25a06df74809dbee81
✓ Connected to WebSocket
[DEBUG] SEND handshake
[DEBUG] RECV: /meta/handshake 
✓ Handshake OK, clientId: 95mzwzzg7yu3361l839gp419i2mp
[DEBUG] SEND connect (first)
[DEBUG] RECV: /meta/connect 
[DEBUG] SEND connect (second)
[DEBUG] SEND login Bot98-cti
[DEBUG] RECV: /service/status status
[DEBUG] RECV: /meta/connect 
[DEBUG] RECV: /service/controller 

⚠ Timeout - check if name appears in Kahoot lobby
[DEBUG] WebSocket closed: 1005

=== FAILED ===
Error: Connection closed (1005)
