
=== Kahoot Auto-Join ===
Game PIN: 7599004
Player: Bot99-72a

[1/3] Getting session token...
[DEBUG] Session token (raw): BFE4BFEQVwsMCzNpQz0NC31WeERwDXQvQFcKD185VX8Jd1AyAmdRbFMtRAYEaAoGMXUOBVdkXCZzOEBTPApZXAQXM1xMBQAgYD94D2IGXB4GVF8fV2xKXzwwbFpgW2tB
[DEBUG] Session token length: 128
[DEBUG] Base64 decoded length: 96
   ✓ Got session token
[2/3] Decoding token...
[DEBUG] Challenge message length: 100
[DEBUG] Offset: 2696
[DEBUG] Decoded challenge length: 100
[DEBUG] Token bytes length: 96
[DEBUG] Final token length: 96
[DEBUG] Final token: 55a9de94fad41b2024738d3c7e2b6b76808f30b69c4856bae30a277a5a74b6555caa751a9a2c57db177ff396ad5e3331
[DEBUG] Token: 55a9de94fad41b2024738d3c7e2b6b76808f30b69c4856bae30a277a5a74b6555caa751a9a2c57db177ff396ad5e3331
   ✓ Token decoded (length: 96)
[3/3] Connecting...

[DEBUG] WebSocket URL: wss://kahoot.it/cometd/7599004/55a9de94fad41b2024738d3c7e2b6b76808f30b69c4856bae30a277a5a74b6555caa751a9a2c57db177ff396ad5e3331
✓ Connected to WebSocket
[DEBUG] SEND handshake
[DEBUG] RECV: /meta/handshake 
✓ Handshake OK, clientId: bpsf1hj2dgtne2nxo15npfg597iv11
[DEBUG] SEND connect (first)
[DEBUG] RECV: /meta/connect 
[DEBUG] SEND connect (second)
[DEBUG] SEND login Bot99-72a
[DEBUG] RECV: /service/controller loginResponse
✓ Login successful! CID: 1798890827
[DEBUG] SEND namerator message

=== SUCCESS ===
Listening for game events... (Ctrl+C to exit)

[DEBUG] RECV: /meta/connect 
[DEBUG] RECV: /service/controller 
[DEBUG] RECV: /service/controller 
[DEBUG] RECV: /meta/connect 
[DEBUG] RECV: /meta/connect 
[DEBUG] RECV: /meta/connect 
[DEBUG] RECV: /meta/connect 
[DEBUG] RECV: /meta/connect 
[DEBUG] RECV: /meta/connect 
[DEBUG] RECV: /meta/connect 
[DEBUG] RECV: /meta/connect 
[DEBUG] RECV: /meta/connect 
[DEBUG] RECV: /meta/connect 
[DEBUG] RECV: /meta/connect 
[DEBUG] RECV: /meta/connect 
[DEBUG] RECV: /meta/connect 
[DEBUG] RECV: /meta/connect 
[DEBUG] RECV: /meta/connect 
[DEBUG] RECV: /meta/connect 
[DEBUG] RECV: /meta/connect 
[DEBUG] RECV: /meta/connect 
[DEBUG] RECV: /meta/connect 
[DEBUG] RECV: /meta/connect 
[DEBUG] RECV: /meta/connect 
[DEBUG] RECV: /meta/connect 
[DEBUG] RECV: /meta/connect 
[DEBUG] RECV: /meta/connect 
[DEBUG] RECV: /meta/connect 
[DEBUG] RECV: /meta/connect 
[DEBUG] RECV: /meta/connect 
[DEBUG] RECV: /meta/connect 
[DEBUG] RECV: /meta/connect 
[DEBUG] RECV: /meta/connect 
