
=== Kahoot Auto-Join ===
Game PIN: 4911577
Player: Bot90-xib

[1/3] Getting session token...
[DEBUG] Session token (raw): AAsGVg9Bb08uPQIGRgdVfD1fB3ZvEkFZDS1cbAYBNFgCCFR/WzUQBFJSUx1TM202QUc3b2pDCkZWbmhCdzxUYWBxDEd+LFgXMQVMDE4ABioNbEApaBMzWQdufWhxDzhR
[DEBUG] Session token length: 128
[DEBUG] Base64 decoded length: 96
   ✓ Got session token
[2/3] Decoding token...
[DEBUG] Challenge message length: 100
[DEBUG] Offset: 5811960
[DEBUG] Decoded challenge length: 100
[DEBUG] Token bytes length: 96
[DEBUG] Final token length: 96
[DEBUG] Final token: 08a2b399af3a4048b9376d3d5b848db81883edc0c1cf4b9f31c6458476150fe281733d7ecf4e50cc487b2aaf714251cd
[DEBUG] Token: 08a2b399af3a4048b9376d3d5b848db81883edc0c1cf4b9f31c6458476150fe281733d7ecf4e50cc487b2aaf714251cd
   ✓ Token decoded (length: 96)
[3/3] Connecting...

[DEBUG] WebSocket URL: wss://kahoot.it/cometd/4911577/08a2b399af3a4048b9376d3d5b848db81883edc0c1cf4b9f31c6458476150fe281733d7ecf4e50cc487b2aaf714251cd
✓ Connected to WebSocket
[DEBUG] SEND handshake
[DEBUG] RECV: /meta/handshake 
✓ Handshake OK, clientId: 95rl1nr68n8e1z1lrjdt0h86gw9kb
[DEBUG] SEND connect (first)
[DEBUG] RECV: /meta/connect 
[DEBUG] SEND connect (second)
[DEBUG] SEND login Bot90-xib
[DEBUG] RECV: /service/status status
[DEBUG] RECV: /meta/connect 
[DEBUG] RECV: /service/controller 

⚠ Timeout - check if name appears in Kahoot lobby
[DEBUG] WebSocket closed: 1005

=== FAILED ===
Error: Connection closed (1005)
