
=== Kahoot Auto-Join ===
Game PIN: 4911577
Player: Bot99-dx2

[1/3] Getting session token...
[DEBUG] Session token (raw): dHNRZl5tKGBDTg5qUgMhR38vVyxQMyNSBWgGWCFncDJlATkbUw0yBHdafEQYWSwCYzU1em15QmoICllgeQxwKgUdTFhfRwxbDRAse1t1bS8NCR1XLT1dOxtPAggmUQQJ
[DEBUG] Session token length: 128
[DEBUG] Base64 decoded length: 96
   ✓ Got session token
[2/3] Decoding token...
[DEBUG] Challenge message length: 100
[DEBUG] Offset: 4125832
[DEBUG] Decoded challenge length: 100
[DEBUG] Token bytes length: 96
[DEBUG] Final token length: 96
[DEBUG] Final token: 654762e789b294c75dbd5da1d7a0c37c96eabff51757aacd7be576323108269cfd5c23700ef9d74cf6afdefbb873f2db
[DEBUG] Token: 654762e789b294c75dbd5da1d7a0c37c96eabff51757aacd7be576323108269cfd5c23700ef9d74cf6afdefbb873f2db
   ✓ Token decoded (length: 96)
[3/3] Connecting...

[DEBUG] WebSocket URL: wss://kahoot.it/cometd/4911577/654762e789b294c75dbd5da1d7a0c37c96eabff51757aacd7be576323108269cfd5c23700ef9d74cf6afdefbb873f2db
✓ Connected to WebSocket
[DEBUG] SEND handshake
[DEBUG] RECV: /meta/handshake 
✓ Handshake OK, clientId: 95db1kafmgx9k81zc13cos0cyv9e5s
[DEBUG] SEND connect (first)
[DEBUG] RECV: /meta/connect 
[DEBUG] SEND connect (second)
[DEBUG] SEND login Bot99-dx2
[DEBUG] RECV: /service/status status
[DEBUG] RECV: /meta/connect 
[DEBUG] RECV: /service/controller 

⚠ Timeout - check if name appears in Kahoot lobby
[DEBUG] WebSocket closed: 1005

=== FAILED ===
Error: Connection closed (1005)
