
=== Kahoot Auto-Join ===
Game PIN: 4911577
Player: Bot95-98g

[1/3] Getting session token...
[DEBUG] Session token (raw): SgReEE4PLF1BWWUBLix7VlFpAT80P1ZDUlpdNHVUVFpbbWdPRnM0TClfUFEvAU9oU0IMTlsXaFVlAHZJZ3sfCgMlU28NDAlpfXt+XwZNPQJuWSN6QTReEzhQQRwDXG50
[DEBUG] Session token length: 128
[DEBUG] Base64 decoded length: 96
   ✓ Got session token
[2/3] Decoding token...
[DEBUG] Challenge message length: 100
[DEBUG] Offset: 18529431
[DEBUG] Decoded challenge length: 100
[DEBUG] Token bytes length: 96
[DEBUG] Final token length: 96
[DEBUG] Final token: 054d99d87189bb2011effa229eca7bd7448547f7ed59ab6418e24d712f4957c1fc7815284402d7b27dd42a1fa50f8824
[DEBUG] Token: 054d99d87189bb2011effa229eca7bd7448547f7ed59ab6418e24d712f4957c1fc7815284402d7b27dd42a1fa50f8824
   ✓ Token decoded (length: 96)
[3/3] Connecting...

[DEBUG] WebSocket URL: wss://kahoot.it/cometd/4911577/054d99d87189bb2011effa229eca7bd7448547f7ed59ab6418e24d712f4957c1fc7815284402d7b27dd42a1fa50f8824
✓ Connected to WebSocket
[DEBUG] SEND handshake
[DEBUG] RECV: /meta/handshake 
✓ Handshake OK, clientId: 95cn198fezsy0xh7hcaly1axhcy6d
[DEBUG] SEND connect (first)
[DEBUG] RECV: /meta/connect 
[DEBUG] SEND connect (second)
[DEBUG] SEND login Bot95-98g
[DEBUG] RECV: /service/status status
[DEBUG] RECV: /meta/connect 
[DEBUG] RECV: /service/controller 

⚠ Timeout - check if name appears in Kahoot lobby
[DEBUG] WebSocket closed: 1005

=== FAILED ===
Error: Connection closed (1005)
