
=== Kahoot Auto-Join ===
Game PIN: 4911577
Player: Bot97-0jr

[1/3] Getting session token...
[DEBUG] Session token (raw): dGEBeFQ8BXUVB1lnBHJRbQkHP1l8Jgl1Ay57TFcgDVBSTEx2V198RXwDNjZRXH5zdQVUW21rbRoQBV5ZbV9ZYgJXdFJ1RgFfXXtMWQV6aAs2WCE1BmhbNWcCVEQMfAdy
[DEBUG] Session token length: 128
[DEBUG] Base64 decoded length: 96
   ✓ Got session token
[2/3] Decoding token...
[DEBUG] Challenge message length: 100
[DEBUG] Offset: 314573
[DEBUG] Decoded challenge length: 100
[DEBUG] Token bytes length: 96
[DEBUG] Final token length: 96
[DEBUG] Final token: 83d4bfe0d860f904deb01cd5df146e440463c12046ed342282e6909bf4868b7835573312346af617b3bd639b08f27614
[DEBUG] Token: 83d4bfe0d860f904deb01cd5df146e440463c12046ed342282e6909bf4868b7835573312346af617b3bd639b08f27614
   ✓ Token decoded (length: 96)
[3/3] Connecting...

[DEBUG] WebSocket URL: wss://kahoot.it/cometd/4911577/83d4bfe0d860f904deb01cd5df146e440463c12046ed342282e6909bf4868b7835573312346af617b3bd639b08f27614
✓ Connected to WebSocket
[DEBUG] SEND handshake
[DEBUG] RECV: /meta/handshake 
✓ Handshake OK, clientId: 95ru1kzvxi916e0q1zz5m7kd61bvy
[DEBUG] SEND connect (first)
[DEBUG] RECV: /meta/connect 
[DEBUG] SEND connect (second)
[DEBUG] SEND login Bot97-0jr
[DEBUG] RECV: /service/status status
[DEBUG] RECV: /meta/connect 
[DEBUG] RECV: /service/controller 

⚠ Timeout - check if name appears in Kahoot lobby
[DEBUG] WebSocket closed: 1005

=== FAILED ===
Error: Connection closed (1005)
