
=== Kahoot Auto-Join ===
Game PIN: 7599004
Player: Bot93-ve2

[1/3] Getting session token...
[DEBUG] Session token (raw): Clh5VFlZFVwBFH0rA3dHTlV6WBVmXVksOmRxUwcAbTh4Cw8AYwEMTFMzDWt+VVBlDXNHbmodVnQ1a1U9PXATT1l6PFZFQgMOIj4Cc2dZbQgMCl5BWWk+Ii0FY10FVn8F
[DEBUG] Session token length: 128
[DEBUG] Base64 decoded length: 96
   ✓ Got session token
[2/3] Decoding token...
[DEBUG] Challenge message length: 100
[DEBUG] Offset: 26804
[DEBUG] Decoded challenge length: 100
[DEBUG] Token bytes length: 96
[DEBUG] Final token length: 96
[DEBUG] Final token: 203915b58a4e3006b54e9e6ad02a645f1dd891762f500ac7d5318a17a9efc5f891ee20a8edc48a913d77f9decf849496
[DEBUG] Token: 203915b58a4e3006b54e9e6ad02a645f1dd891762f500ac7d5318a17a9efc5f891ee20a8edc48a913d77f9decf849496
   ✓ Token decoded (length: 96)
[3/3] Connecting...

[DEBUG] WebSocket URL: wss://kahoot.it/cometd/7599004/203915b58a4e3006b54e9e6ad02a645f1dd891762f500ac7d5318a17a9efc5f891ee20a8edc48a913d77f9decf849496
✓ Connected to WebSocket
[DEBUG] SEND handshake
[DEBUG] RECV: /meta/handshake 
✓ Handshake OK, clientId: bpsa16n1d893f0hpm1w2z79ygzt7dj
[DEBUG] SEND connect (first)
[DEBUG] RECV: /meta/connect 
[DEBUG] SEND connect (second)
[DEBUG] SEND login Bot93-ve2
[DEBUG] RECV: /service/controller loginResponse
✓ Login successful! CID: 1469932632
[DEBUG] SEND namerator message

=== SUCCESS ===
Listening for game events... (Ctrl+C to exit)

[DEBUG] RECV: /meta/connect 
[DEBUG] RECV: /service/controller 
[DEBUG] RECV: /service/controller 
[DEBUG] RECV: /meta/connect 
[DEBUG] RECV: /meta/connect 
[DEBUG] RECV: /meta/connect 
[DEBUG] RECV: /meta/connect 
[DEBUG] RECV: /meta/connect 
[DEBUG] RECV: /meta/connect 
[DEBUG] RECV: /meta/connect 
[DEBUG] RECV: /meta/connect 
[DEBUG] RECV: /meta/connect 
[DEBUG] RECV: /meta/connect 
[DEBUG] RECV: /meta/connect 
[DEBUG] RECV: /meta/connect 
[DEBUG] RECV: /meta/connect 
[DEBUG] RECV: /meta/connect 
[DEBUG] RECV: /meta/connect 
[DEBUG] RECV: /meta/connect 
[DEBUG] RECV: /meta/connect 
[DEBUG] RECV: /meta/connect 
[DEBUG] RECV: /meta/connect 
[DEBUG] RECV: /meta/connect 
[DEBUG] RECV: /meta/connect 
[DEBUG] RECV: /meta/connect 
[DEBUG] RECV: /meta/connect 
[DEBUG] RECV: /meta/connect 
[DEBUG] RECV: /meta/connect 
[DEBUG] RECV: /meta/connect 
[DEBUG] RECV: /meta/connect 
[DEBUG] RECV: /meta/connect 
[DEBUG] RECV: /meta/connect 
[DEBUG] RECV: /meta/connect 
