
=== Kahoot Auto-Join ===
Game PIN: 4911577
Player: Bot95-ybg

[1/3] Getting session token...
[DEBUG] Session token (raw): bGwjWGEWKGNuDFEPBGpDOgthOnNSFjxpfgAfXGcNT1p2BmddbyBMXm0CRQZGWXsXbDJYVCAsd1gpNX1lDkIFYwlHeBpLCANIDlZiDVBjYB9QWgk1EwxVXWZdQgFUL21Y
[DEBUG] Session token length: 128
[DEBUG] Base64 decoded length: 96
   ✓ Got session token
[2/3] Decoding token...
[DEBUG] Challenge message length: 100
[DEBUG] Offset: 70876
[DEBUG] Decoded challenge length: 100
[DEBUG] Token bytes length: 96
[DEBUG] Final token length: 96
[DEBUG] Final token: 85a25ea79d41734d65e1bfc64bc1364d75641e7f1e2c330b9f9dbc22df951327721f91a8fb66974c421ad7449b8c7c59
[DEBUG] Token: 85a25ea79d41734d65e1bfc64bc1364d75641e7f1e2c330b9f9dbc22df951327721f91a8fb66974c421ad7449b8c7c59
   ✓ Token decoded (length: 96)
[3/3] Connecting...

[DEBUG] WebSocket URL: wss://kahoot.it/cometd/4911577/85a25ea79d41734d65e1bfc64bc1364d75641e7f1e2c330b9f9dbc22df951327721f91a8fb66974c421ad7449b8c7c59
✓ Connected to WebSocket
[DEBUG] SEND handshake
[DEBUG] RECV: /meta/handshake 
✓ Handshake OK, clientId: 95q4vksgz6sqz1mr1l29ofaehmfpe
[DEBUG] SEND connect (first)
[DEBUG] RECV: /meta/connect 
[DEBUG] SEND connect (second)
[DEBUG] SEND login Bot95-ybg
[DEBUG] RECV: /service/status status
[DEBUG] RECV: /meta/connect 
[DEBUG] RECV: /service/controller 

⚠ Timeout - check if name appears in Kahoot lobby
[DEBUG] WebSocket closed: 1005

=== FAILED ===
Error: Connection closed (1005)
