
=== Kahoot Auto-Join ===
Game PIN: 1161786
Player: Bot9-y7o

[1/3] Getting session token...
[DEBUG] Session token (raw): AmknNlZnFzhmUGpiIARKfAF2RlYffCQKVjU6eUMDZm1rY01KQAVoVlZPQwoxAFBFNwAsLwohU2MGUnZURk18SVpJZkwPDGZcCxhQEFZZMgNYRgN6eF1WKg1EGg9OBlAv
[DEBUG] Session token length: 128
[DEBUG] Base64 decoded length: 96
   ✓ Got session token
[2/3] Decoding token...
[DEBUG] Challenge message length: 100
[DEBUG] Offset: 119976
[DEBUG] Decoded challenge length: 100
[DEBUG] Token bytes length: 96
[DEBUG] Final token length: 96
[DEBUG] Final token: 80cd01ee8372dc39c405f3a03dd2123968634d38c312a4b6cdae1d33b85e1910f5648e00ed8a4cd7b169961c77f551dc
[DEBUG] Token: 80cd01ee8372dc39c405f3a03dd2123968634d38c312a4b6cdae1d33b85e1910f5648e00ed8a4cd7b169961c77f551dc
   ✓ Token decoded (length: 96)
[3/3] Connecting...

[DEBUG] WebSocket URL: wss://kahoot.it/cometd/1161786/80cd01ee8372dc39c405f3a03dd2123968634d38c312a4b6cdae1d33b85e1910f5648e00ed8a4cd7b169961c77f551dc
✓ Connected to WebSocket
[DEBUG] SEND handshake
[DEBUG] RECV: /meta/handshake 
✓ Handshake OK, clientId: bocw1xzbnufuzv8qdfce8nrkxqq47
[DEBUG] SEND connect (first)
[DEBUG] RECV: /meta/connect 
[DEBUG] SEND connect (second)
[DEBUG] SEND login Bot9-y7o
[DEBUG] RECV: /service/controller loginResponse
✓ Login successful! CID: 648849365
[DEBUG] SEND namerator message

=== SUCCESS ===
Listening for game events... (Ctrl+C to exit)

[DEBUG] RECV: /meta/connect 
[DEBUG] RECV: /service/controller 
[DEBUG] RECV: /service/controller 
