
=== Kahoot Auto-Join ===
Game PIN: 4911577
Player: Bot98-zoe

[1/3] Getting session token...
[DEBUG] Session token (raw): N3cxRHk9bVJAGWIGCHkAMFwNM1gDQHlRQhcKBSQMSg1uMT5Ldg4CBGV+BlRcNwojfWU+Rl9TIhIkW3wQZ3tdXmN5CX8sZ24hblp8CTFkXXULDSgGVAMpOC5tbGQWFTJ/
[DEBUG] Session token length: 128
[DEBUG] Base64 decoded length: 96
   ✓ Got session token
[2/3] Decoding token...
[DEBUG] Challenge message length: 100
[DEBUG] Offset: 28296
[DEBUG] Decoded challenge length: 100
[DEBUG] Token bytes length: 96
[DEBUG] Final token length: 96
[DEBUG] Final token: b7e32b683e4f792ef5cd013d5a35da3c5de3163d14427bce10e7cfbddd5b19a460b9b52e7922c1f8c8cf7babd418cbf8
[DEBUG] Token: b7e32b683e4f792ef5cd013d5a35da3c5de3163d14427bce10e7cfbddd5b19a460b9b52e7922c1f8c8cf7babd418cbf8
   ✓ Token decoded (length: 96)
[3/3] Connecting...

[DEBUG] WebSocket URL: wss://kahoot.it/cometd/4911577/b7e32b683e4f792ef5cd013d5a35da3c5de3163d14427bce10e7cfbddd5b19a460b9b52e7922c1f8c8cf7babd418cbf8
✓ Connected to WebSocket
[DEBUG] SEND handshake
[DEBUG] RECV: /meta/handshake 
✓ Handshake OK, clientId: 95gv1ualezt2gxfmh163bug3jd60tv
[DEBUG] SEND connect (first)
[DEBUG] RECV: /meta/connect 
[DEBUG] SEND connect (second)
[DEBUG] SEND login Bot98-zoe
[DEBUG] RECV: /service/status status
[DEBUG] RECV: /meta/connect 
[DEBUG] RECV: /service/controller 

⚠ Timeout - check if name appears in Kahoot lobby
[DEBUG] WebSocket closed: 1005

=== FAILED ===
Error: Connection closed (1005)
