
=== Kahoot Auto-Join ===
Game PIN: 4911577
Player: Bot90-mjo

[1/3] Getting session token...
[DEBUG] Session token (raw): KAkJWmcXWAVzaQ0gQAICDxptNyU2AjVwBEoKQFUFKkkHVUJzDSk8ZFJQAlljbmRSBQF0b0EOag5UKm9VPXUBXhNeThNTUFsEAGhLUFN/Ug0sNSAHUxAiEU5oXWVVMnYF
[DEBUG] Session token length: 128
[DEBUG] Base64 decoded length: 96
   ✓ Got session token
[2/3] Decoding token...
[DEBUG] Challenge message length: 100
[DEBUG] Offset: 2184
[DEBUG] Decoded challenge length: 100
[DEBUG] Token bytes length: 96
[DEBUG] Final token length: 96
[DEBUG] Final token: db1a5de281fa65cba7fee5b52287e9b01856ecf97ec145121650453cda98d576ef6a2148a60ac392dab72def65d63e1c
[DEBUG] Token: db1a5de281fa65cba7fee5b52287e9b01856ecf97ec145121650453cda98d576ef6a2148a60ac392dab72def65d63e1c
   ✓ Token decoded (length: 96)
[3/3] Connecting...

[DEBUG] WebSocket URL: wss://kahoot.it/cometd/4911577/db1a5de281fa65cba7fee5b52287e9b01856ecf97ec145121650453cda98d576ef6a2148a60ac392dab72def65d63e1c
✓ Connected to WebSocket
[DEBUG] SEND handshake
[DEBUG] RECV: /meta/handshake 
✓ Handshake OK, clientId: 95q0mfn40pzhpb9verc6xyrgbrb8
[DEBUG] SEND connect (first)
[DEBUG] RECV: /meta/connect 
[DEBUG] SEND connect (second)
[DEBUG] SEND login Bot90-mjo
[DEBUG] RECV: /service/status status
[DEBUG] RECV: /meta/connect 
[DEBUG] RECV: /service/controller 

⚠ Timeout - check if name appears in Kahoot lobby
[DEBUG] WebSocket closed: 1005

=== FAILED ===
Error: Connection closed (1005)
