
=== Kahoot Auto-Join ===
Game PIN: 4911577
Player: Bot95-n4f

[1/3] Getting session token...
[DEBUG] Session token (raw): AA9dFAJ1Gm5VXigFal5YQV52UmlaGwk1aE8NAFE/DVh5V2ECJHclclk0NE1WBn9edWY8GSlMA1JpUSAULD0ACm1paiBEIwtlSlZaZUpXDWNVaA9fBl0HWVBrfwBVAUhl
[DEBUG] Session token length: 128
[DEBUG] Base64 decoded length: 96
   ✓ Got session token
[2/3] Decoding token...
[DEBUG] Challenge message length: 100
[DEBUG] Offset: 283
[DEBUG] Decoded challenge length: 100
[DEBUG] Token bytes length: 96
[DEBUG] Final token length: 96
[DEBUG] Final token: d14d50c86eda843698a20b1d49b45d817318d6f92ab8268b40bcc69640edfef9373d7f863ae2134370a05467416d2f20
[DEBUG] Token: d14d50c86eda843698a20b1d49b45d817318d6f92ab8268b40bcc69640edfef9373d7f863ae2134370a05467416d2f20
   ✓ Token decoded (length: 96)
[3/3] Connecting...

[DEBUG] WebSocket URL: wss://kahoot.it/cometd/4911577/d14d50c86eda843698a20b1d49b45d817318d6f92ab8268b40bcc69640edfef9373d7f863ae2134370a05467416d2f20
✓ Connected to WebSocket
[DEBUG] SEND handshake
[DEBUG] RECV: /meta/handshake 
✓ Handshake OK, clientId: 95n28mh6gses8r1m1pnsnbjkr54cq
[DEBUG] SEND connect (first)
[DEBUG] RECV: /meta/connect 
[DEBUG] SEND connect (second)
[DEBUG] SEND login Bot95-n4f
[DEBUG] RECV: /service/status status
[DEBUG] RECV: /meta/connect 
[DEBUG] RECV: /service/controller 

⚠ Timeout - check if name appears in Kahoot lobby
[DEBUG] WebSocket closed: 1005

=== FAILED ===
Error: Connection closed (1005)
