
=== Kahoot Auto-Join ===
Game PIN: 7599004
Player: hi12-26x

[1/3] Getting session token...
[DEBUG] Session token (raw): IBxyZiU6A1BON2AIYHYoZVtjZTpraxMPUWdhMV41RFMhd1BEYn9SWWsIRTFZQF4RURR6XXEHKlEWOCZqDEJySE0yM2FucHAkEUd2c25/b3FMAAEJfA8EDCBEbxZEYk59
[DEBUG] Session token length: 128
[DEBUG] Base64 decoded length: 96
   ✓ Got session token
[2/3] Decoding token...
[DEBUG] Challenge message length: 100
[DEBUG] Offset: 16743672
[DEBUG] Decoded challenge length: 100
[DEBUG] Token bytes length: 96
[DEBUG] Final token length: 96
[DEBUG] Final token: fe25cf725b8884e1979c30abf07bad7ea1d49253365bb21cec132ddaaca9e5584bb9606ab7600906422e10a9f06a5963
[DEBUG] Token: fe25cf725b8884e1979c30abf07bad7ea1d49253365bb21cec132ddaaca9e5584bb9606ab7600906422e10a9f06a5963
   ✓ Token decoded (length: 96)
[3/3] Connecting...

[DEBUG] WebSocket URL: wss://kahoot.it/cometd/7599004/fe25cf725b8884e1979c30abf07bad7ea1d49253365bb21cec132ddaaca9e5584bb9606ab7600906422e10a9f06a5963
✓ Connected to WebSocket
[DEBUG] SEND handshake
[DEBUG] RECV: /meta/handshake 
✓ Handshake OK, clientId: bpmh12a5fb83ukl4oh040aqcrx56d
[DEBUG] SEND connect (first)
[DEBUG] RECV: /meta/connect 
[DEBUG] SEND connect (second)
[DEBUG] SEND login hi12-26x
[DEBUG] RECV: /service/controller loginResponse
✓ Login successful! CID: 1829186607
[DEBUG] SEND namerator message

=== SUCCESS ===
Listening for game events... (Ctrl+C to exit)

[DEBUG] RECV: /meta/connect 
[DEBUG] RECV: /service/controller 
[DEBUG] RECV: /service/controller 
[DEBUG] RECV: /meta/connect 
[DEBUG] RECV: /meta/connect 
[DEBUG] RECV: /meta/connect 
