
=== Kahoot Auto-Join ===
Game PIN: 7599004
Player: hi18-jxm

[1/3] Getting session token...
[DEBUG] Session token (raw): CwYZflkFVT9+ClhnKwtPOzcWHwhoB2dpOlk/VgkEIVpoYDV+ZVBXYVsuXBgFdgVWd0RTBgsuRFRTVURVbw1+SQpdAk1OOjVSehJZF2teAmEvenASeV9lcF9xA0oCOlh7
[DEBUG] Session token length: 128
[DEBUG] Base64 decoded length: 96
   ✓ Got session token
[2/3] Decoding token...
[DEBUG] Challenge message length: 100
[DEBUG] Offset: 1243
[DEBUG] Decoded challenge length: 100
[DEBUG] Token bytes length: 96
[DEBUG] Final token length: 96
[DEBUG] Final token: 0aa0bcba1756d65bbdc62b60b7ba2aa221d726762e9c577097d4aa03603923539d947ce63d3d0e69d01c087785c0df69
[DEBUG] Token: 0aa0bcba1756d65bbdc62b60b7ba2aa221d726762e9c577097d4aa03603923539d947ce63d3d0e69d01c087785c0df69
   ✓ Token decoded (length: 96)
[3/3] Connecting...

[DEBUG] WebSocket URL: wss://kahoot.it/cometd/7599004/0aa0bcba1756d65bbdc62b60b7ba2aa221d726762e9c577097d4aa03603923539d947ce63d3d0e69d01c087785c0df69
✓ Connected to WebSocket
[DEBUG] SEND handshake
[DEBUG] RECV: /meta/handshake 
✓ Handshake OK, clientId: bpmig5fkwuyu7okgjodnf4fe1tpv
[DEBUG] SEND connect (first)
[DEBUG] RECV: /meta/connect 
[DEBUG] SEND connect (second)
[DEBUG] SEND login hi18-jxm
[DEBUG] RECV: /service/controller loginResponse
✓ Login successful! CID: 492123350
[DEBUG] SEND namerator message

=== SUCCESS ===
Listening for game events... (Ctrl+C to exit)

[DEBUG] RECV: /meta/connect 
[DEBUG] RECV: /service/controller 
[DEBUG] RECV: /service/controller 
[DEBUG] RECV: /meta/connect 
[DEBUG] RECV: /meta/connect 
[DEBUG] RECV: /meta/connect 
