
=== Kahoot Auto-Join ===
Game PIN: 7599004
Player: hi29-xl2

[1/3] Getting session token...
[DEBUG] Session token (raw): KVcEDgBuBg0HWDBYZGBcRBIJWzUXcTwHQQpMHXATIV4EDF4LXUwFEDMKZQkpYUd7XixUCHReeAtbOgRFBklQBRRXLCZzOm95GTQMfmZwAl1+LwEONCJ7TTBQRAB2YGNm
[DEBUG] Session token length: 128
[DEBUG] Base64 decoded length: 96
   ✓ Got session token
[2/3] Decoding token...
[DEBUG] Challenge message length: 100
[DEBUG] Offset: 4875
[DEBUG] Decoded challenge length: 100
[DEBUG] Token bytes length: 96
[DEBUG] Final token length: 96
[DEBUG] Final token: a2fd2977cdee8671ebeaf9be9c7a1ba6a121e50cde35a8393db81c0b0c35a21addda9d23ef9248d68c16be59ce3d7024
[DEBUG] Token: a2fd2977cdee8671ebeaf9be9c7a1ba6a121e50cde35a8393db81c0b0c35a21addda9d23ef9248d68c16be59ce3d7024
   ✓ Token decoded (length: 96)
[3/3] Connecting...

[DEBUG] WebSocket URL: wss://kahoot.it/cometd/7599004/a2fd2977cdee8671ebeaf9be9c7a1ba6a121e50cde35a8393db81c0b0c35a21addda9d23ef9248d68c16be59ce3d7024
✓ Connected to WebSocket
[DEBUG] SEND handshake
[DEBUG] RECV: /meta/handshake 
✓ Handshake OK, clientId: bpmun6qjnbvnir3xsptvnvwr84cn
[DEBUG] SEND connect (first)
[DEBUG] RECV: /meta/connect 
[DEBUG] SEND connect (second)
[DEBUG] SEND login hi29-xl2
[DEBUG] RECV: /service/controller loginResponse
✓ Login successful! CID: 1356862550
[DEBUG] SEND namerator message

=== SUCCESS ===
Listening for game events... (Ctrl+C to exit)

[DEBUG] RECV: /meta/connect 
[DEBUG] RECV: /service/controller 
[DEBUG] RECV: /service/controller 
[DEBUG] RECV: /meta/connect 
[DEBUG] RECV: /meta/connect 
[DEBUG] RECV: /meta/connect 
