
=== Kahoot Auto-Join ===
Game PIN: 7599004
Player: hi3-ex1

[1/3] Getting session token...
[DEBUG] Session token (raw): XEFNGWh5cgoMRWNqVnQxeX0iZmoSRFwGS191My4JI1ZvX3ISIgxIamVGCVllcDVRFQo+XWRIQ3dUSEA3UncMD29xQ1RkTGFRcmd5KEwKKi0Iawp4VVF8TwoiYHlIY1QE
[DEBUG] Session token length: 128
[DEBUG] Base64 decoded length: 96
   ✓ Got session token
[2/3] Decoding token...
[DEBUG] Challenge message length: 100
[DEBUG] Offset: 15302
[DEBUG] Decoded challenge length: 100
[DEBUG] Token bytes length: 96
[DEBUG] Final token length: 96
[DEBUG] Final token: 439a637e026755b21b44c2490c7abbcf876df41280a387bdebdc1990d04a677164095025066a0bbf7222b9466d351433
[DEBUG] Token: 439a637e026755b21b44c2490c7abbcf876df41280a387bdebdc1990d04a677164095025066a0bbf7222b9466d351433
   ✓ Token decoded (length: 96)
[3/3] Connecting...

[DEBUG] WebSocket URL: wss://kahoot.it/cometd/7599004/439a637e026755b21b44c2490c7abbcf876df41280a387bdebdc1990d04a677164095025066a0bbf7222b9466d351433
✓ Connected to WebSocket
[DEBUG] SEND handshake
[DEBUG] RECV: /meta/handshake 
✓ Handshake OK, clientId: bpm61rp4zjxjo822g12kdacbl5l3zw
[DEBUG] SEND connect (first)
[DEBUG] RECV: /meta/connect 
[DEBUG] SEND connect (second)
[DEBUG] SEND login hi3-ex1
[DEBUG] RECV: /service/controller loginResponse
✓ Login successful! CID: 396723400
[DEBUG] SEND namerator message

=== SUCCESS ===
Listening for game events... (Ctrl+C to exit)

[DEBUG] RECV: /meta/connect 
[DEBUG] RECV: /service/controller 
[DEBUG] RECV: /service/controller 
[DEBUG] RECV: /meta/connect 
[DEBUG] RECV: /meta/connect 
[DEBUG] RECV: /meta/connect 
