
=== Kahoot Auto-Join ===
Game PIN: 7599004
Player: hi30-9b8

[1/3] Getting session token...
[DEBUG] Session token (raw): YFYkNWsrClNfAHJCdlF8Q3kBU2E3KVgDAGQhQ1VXIGhcQwptWnJjKw4EFSFDXAtcQ3xtOTV/VWp3IQ5+R1d5MXZBZWtBAlAPXAAwZRs1byRSX1sBZwZ8UnsIDzUqPwIh
[DEBUG] Session token length: 128
[DEBUG] Base64 decoded length: 96
   ✓ Got session token
[2/3] Decoding token...
[DEBUG] Challenge message length: 100
[DEBUG] Offset: 4116
[DEBUG] Decoded challenge length: 100
[DEBUG] Token bytes length: 96
[DEBUG] Final token length: 96
[DEBUG] Final token: 31be5a8ce166930597d3dee1d4b8e5c43717a32e3ecc7345590eb7a42a78682b3768058afcf9bf2ccdd44d353b9fdafc
[DEBUG] Token: 31be5a8ce166930597d3dee1d4b8e5c43717a32e3ecc7345590eb7a42a78682b3768058afcf9bf2ccdd44d353b9fdafc
   ✓ Token decoded (length: 96)
[3/3] Connecting...

[DEBUG] WebSocket URL: wss://kahoot.it/cometd/7599004/31be5a8ce166930597d3dee1d4b8e5c43717a32e3ecc7345590eb7a42a78682b3768058afcf9bf2ccdd44d353b9fdafc
✓ Connected to WebSocket
[DEBUG] SEND handshake
[DEBUG] RECV: /meta/handshake 
✓ Handshake OK, clientId: bpn912vkbyfr4gxtx1wg9n0nwr8u2z
[DEBUG] SEND connect (first)
[DEBUG] RECV: /meta/connect 
[DEBUG] SEND connect (second)
[DEBUG] SEND login hi30-9b8
[DEBUG] RECV: /service/controller loginResponse
✓ Login successful! CID: 607187806
[DEBUG] SEND namerator message

=== SUCCESS ===
Listening for game events... (Ctrl+C to exit)

[DEBUG] RECV: /meta/connect 
[DEBUG] RECV: /service/controller 
[DEBUG] RECV: /service/controller 
[DEBUG] RECV: /meta/connect 
[DEBUG] RECV: /meta/connect 
[DEBUG] RECV: /meta/connect 
