
=== Kahoot Auto-Join ===
Game PIN: 7599004
Player: hi38-bh1

[1/3] Getting session token...
[DEBUG] Session token (raw): fFRjXjIKcjh1JE5XVU9STgp+cgRRUj9vC3dbelcsfFN9FFozLn84cHRFTRluanMwcB8ODwtccnZQP3YDIU9FaXQlTG1iDwZXBh9ZWApxIAp9KGBRVkoOYFgEVVlVVgZW
[DEBUG] Session token length: 128
[DEBUG] Base64 decoded length: 96
   ✓ Got session token
[2/3] Decoding token...
[DEBUG] Challenge message length: 100
[DEBUG] Offset: 2022
[DEBUG] Decoded challenge length: 100
[DEBUG] Token bytes length: 96
[DEBUG] Final token length: 96
[DEBUG] Final token: 8692ae6a4b72b3d6f39ecde686287b702d9ab8b9818b406c3c97f4697c02e3307e768e0a7dfe25bf1f348337a94dfe65
[DEBUG] Token: 8692ae6a4b72b3d6f39ecde686287b702d9ab8b9818b406c3c97f4697c02e3307e768e0a7dfe25bf1f348337a94dfe65
   ✓ Token decoded (length: 96)
[3/3] Connecting...

[DEBUG] WebSocket URL: wss://kahoot.it/cometd/7599004/8692ae6a4b72b3d6f39ecde686287b702d9ab8b9818b406c3c97f4697c02e3307e768e0a7dfe25bf1f348337a94dfe65
✓ Connected to WebSocket
[DEBUG] SEND handshake
[DEBUG] RECV: /meta/handshake 
✓ Handshake OK, clientId: bpmwo2n8gxl5brh6qm1vhy3pdzvc
[DEBUG] SEND connect (first)
[DEBUG] RECV: /meta/connect 
[DEBUG] SEND connect (second)
[DEBUG] SEND login hi38-bh1
[DEBUG] RECV: /service/controller loginResponse
✓ Login successful! CID: 1143544932
[DEBUG] SEND namerator message

=== SUCCESS ===
Listening for game events... (Ctrl+C to exit)

[DEBUG] RECV: /meta/connect 
[DEBUG] RECV: /service/controller 
[DEBUG] RECV: /service/controller 
[DEBUG] RECV: /meta/connect 
[DEBUG] RECV: /meta/connect 
[DEBUG] RECV: /meta/connect 
