
=== Kahoot Auto-Join ===
Game PIN: 7599004
Player: hi39-una

[1/3] Getting session token...
[DEBUG] Session token (raw): YkImCVMISRdKWwJcYFtTf2AMXAZ8VHl9R2Z2fWAFNRYIWyNnJ0NnXGY9Y3lnAWNQdQsMVAF6ais3CW8AciFVfC9VD1k9OAxfWwMPeEljTVU2cBI2OHNgb1xUBmx7UzwC
[DEBUG] Session token length: 128
[DEBUG] Base64 decoded length: 96
   ✓ Got session token
[2/3] Decoding token...
[DEBUG] Challenge message length: 100
[DEBUG] Offset: 1778812
[DEBUG] Decoded challenge length: 100
[DEBUG] Token bytes length: 96
[DEBUG] Final token length: 96
[DEBUG] Final token: 12e1288a232a46c786e09c1513783debc2a4e3994f03981a3585699cdb430e50aeffcfdb3ec65096d7dfb650a07641b4
[DEBUG] Token: 12e1288a232a46c786e09c1513783debc2a4e3994f03981a3585699cdb430e50aeffcfdb3ec65096d7dfb650a07641b4
   ✓ Token decoded (length: 96)
[3/3] Connecting...

[DEBUG] WebSocket URL: wss://kahoot.it/cometd/7599004/12e1288a232a46c786e09c1513783debc2a4e3994f03981a3585699cdb430e50aeffcfdb3ec65096d7dfb650a07641b4
✓ Connected to WebSocket
[DEBUG] SEND handshake
[DEBUG] RECV: /meta/handshake 
✓ Handshake OK, clientId: bpmvzobubb7dh4ay1iq60gk53ybv9
[DEBUG] SEND connect (first)
[DEBUG] RECV: /meta/connect 
[DEBUG] SEND connect (second)
[DEBUG] SEND login hi39-una
[DEBUG] RECV: /service/controller loginResponse
✓ Login successful! CID: 909665185
[DEBUG] SEND namerator message

=== SUCCESS ===
Listening for game events... (Ctrl+C to exit)

[DEBUG] RECV: /meta/connect 
[DEBUG] RECV: /service/controller 
[DEBUG] RECV: /service/controller 
[DEBUG] RECV: /meta/connect 
[DEBUG] RECV: /meta/connect 
[DEBUG] RECV: /meta/connect 
