
=== Kahoot Auto-Join ===
Game PIN: 7599004
Player: hi50-63i

[1/3] Getting session token...
[DEBUG] Session token (raw): cRdTdUVffjN7CGkxJy9OAgFTBA1bb18+TUtgICczOlJjR2t9BlhoYWBtOXBWFgBieX06HB1ucjpECwhVInBiUmA+DBZEQ3JmekgZOAp8FiplDTsLT2pmAThgRFFvCm9Y
[DEBUG] Session token length: 128
[DEBUG] Base64 decoded length: 96
   ✓ Got session token
[2/3] Decoding token...
[DEBUG] Challenge message length: 100
[DEBUG] Offset: 137623
[DEBUG] Decoded challenge length: 100
[DEBUG] Token bytes length: 96
[DEBUG] Final token length: 96
[DEBUG] Final token: 9fd14e2e095bcf7f61ad62bc817cfafb1322362663d0dd8712dfe23d614cf0991c1a243748eee4ee49e5653df975542f
[DEBUG] Token: 9fd14e2e095bcf7f61ad62bc817cfafb1322362663d0dd8712dfe23d614cf0991c1a243748eee4ee49e5653df975542f
   ✓ Token decoded (length: 96)
[3/3] Connecting...

[DEBUG] WebSocket URL: wss://kahoot.it/cometd/7599004/9fd14e2e095bcf7f61ad62bc817cfafb1322362663d0dd8712dfe23d614cf0991c1a243748eee4ee49e5653df975542f
✓ Connected to WebSocket
[DEBUG] SEND handshake
[DEBUG] RECV: /meta/handshake 
✓ Handshake OK, clientId: bpnsns4pkm9317k26kwcal54qh62
[DEBUG] SEND connect (first)
[DEBUG] RECV: /meta/connect 
[DEBUG] SEND connect (second)
[DEBUG] SEND login hi50-63i
[DEBUG] RECV: /service/controller loginResponse
✓ Login successful! CID: 408149446
[DEBUG] SEND namerator message

=== SUCCESS ===
Listening for game events... (Ctrl+C to exit)

[DEBUG] RECV: /meta/connect 
[DEBUG] RECV: /service/controller 
[DEBUG] RECV: /service/controller 
[DEBUG] RECV: /meta/connect 
[DEBUG] RECV: /meta/connect 
[DEBUG] RECV: /meta/connect 
