
=== Kahoot Auto-Join ===
Game PIN: 7599004
Player: hi59-oog

[1/3] Getting session token...
[DEBUG] Session token (raw): Lm8KWgBrWHIMVQNIOQtFUVlVexZTWSVBcFlXdQoyBVpNRhQjClViDh8AR2d+CyghIWhtcUVqGBMJPWVPBUNzfQBhWDQnX1xVWQ0keWkuZUUCVlkIQGMzBVsGIQoOHzBW
[DEBUG] Session token length: 128
[DEBUG] Base64 decoded length: 96
   ✓ Got session token
[2/3] Decoding token...
[DEBUG] Challenge message length: 100
[DEBUG] Offset: 262
[DEBUG] Decoded challenge length: 100
[DEBUG] Token bytes length: 96
[DEBUG] Final token length: 96
[DEBUG] Final token: a45ff4734af8f2716f0afca015b79a3b86fbd797da521cacc57006dc3b17c46206aca7faa2d01a07152726babde0fdd0
[DEBUG] Token: a45ff4734af8f2716f0afca015b79a3b86fbd797da521cacc57006dc3b17c46206aca7faa2d01a07152726babde0fdd0
   ✓ Token decoded (length: 96)
[3/3] Connecting...

[DEBUG] WebSocket URL: wss://kahoot.it/cometd/7599004/a45ff4734af8f2716f0afca015b79a3b86fbd797da521cacc57006dc3b17c46206aca7faa2d01a07152726babde0fdd0
✓ Connected to WebSocket
[DEBUG] SEND handshake
[DEBUG] RECV: /meta/handshake 
✓ Handshake OK, clientId: bpndbk8zhun2qqqzxk06150choe9
[DEBUG] SEND connect (first)
[DEBUG] RECV: /meta/connect 
[DEBUG] SEND connect (second)
[DEBUG] SEND login hi59-oog
[DEBUG] RECV: /service/controller loginResponse
✓ Login successful! CID: 549589179
[DEBUG] SEND namerator message

=== SUCCESS ===
Listening for game events... (Ctrl+C to exit)

[DEBUG] RECV: /meta/connect 
[DEBUG] RECV: /service/controller 
[DEBUG] RECV: /service/controller 
[DEBUG] RECV: /meta/connect 
[DEBUG] RECV: /meta/connect 
[DEBUG] RECV: /meta/connect 
