
=== Kahoot Auto-Join ===
Game PIN: 7599004
Player: hi62-wk8

[1/3] Getting session token...
[DEBUG] Session token (raw): VVxaMFlneghdaDIIWXZFDkZJaGtZLCxRbxhuAX14L2xUXQozYF9kSVJoKn48JG8eAW5aCHcERx81VgJMemJVZ2Y5ARZRYTVPcDUFSVQBTUYGGx9bBw0Na3ZJVkFQAy1c
[DEBUG] Session token length: 128
[DEBUG] Base64 decoded length: 96
   ✓ Got session token
[2/3] Decoding token...
[DEBUG] Challenge message length: 100
[DEBUG] Offset: 512256
[DEBUG] Decoded challenge length: 100
[DEBUG] Token bytes length: 96
[DEBUG] Final token length: 96
[DEBUG] Final token: 132bc232c1a0637f10422db88a7c56d7329e1e7179b0eb8f48a5823ecc3778014d9a90c59a31ee54ccf9c04052c842cf
[DEBUG] Token: 132bc232c1a0637f10422db88a7c56d7329e1e7179b0eb8f48a5823ecc3778014d9a90c59a31ee54ccf9c04052c842cf
   ✓ Token decoded (length: 96)
[3/3] Connecting...

[DEBUG] WebSocket URL: wss://kahoot.it/cometd/7599004/132bc232c1a0637f10422db88a7c56d7329e1e7179b0eb8f48a5823ecc3778014d9a90c59a31ee54ccf9c04052c842cf
✓ Connected to WebSocket
[DEBUG] SEND handshake
[DEBUG] RECV: /meta/handshake 
✓ Handshake OK, clientId: bpnj1rpx468t1rvt5w0a1s9l85xgu
[DEBUG] SEND connect (first)
[DEBUG] RECV: /meta/connect 
[DEBUG] SEND connect (second)
[DEBUG] SEND login hi62-wk8
[DEBUG] RECV: /service/controller loginResponse
✓ Login successful! CID: 1951435121
[DEBUG] SEND namerator message

=== SUCCESS ===
Listening for game events... (Ctrl+C to exit)

[DEBUG] RECV: /meta/connect 
[DEBUG] RECV: /service/controller 
[DEBUG] RECV: /service/controller 
[DEBUG] RECV: /meta/connect 
[DEBUG] RECV: /meta/connect 
[DEBUG] RECV: /meta/connect 
