
=== Kahoot Auto-Join ===
Game PIN: 7599004
Player: hi63-f4x

[1/3] Getting session token...
[DEBUG] Session token (raw): VSFxVQhxZDUITFhBZm17THx0B14LfwAhanwjHzNuN3ATaF5XACEOI1JZDw1DBBcjXWRmJw5QUkQCeQgIVVNRbXk/SXJ6bndkU0s9Sl5WdlBTXU1pVShRC1IeCjo8AWdG
[DEBUG] Session token length: 128
[DEBUG] Base64 decoded length: 96
   ✓ Got session token
[2/3] Decoding token...
[DEBUG] Challenge message length: 100
[DEBUG] Offset: 3057
[DEBUG] Decoded challenge length: 100
[DEBUG] Token bytes length: 96
[DEBUG] Final token length: 96
[DEBUG] Final token: 3a2d018d69d03310502cd5fe43bdb9d9c8910bda5c3d2fac658e1355d9e5e0721c51514061b6206b15948f224f5bfd11
[DEBUG] Token: 3a2d018d69d03310502cd5fe43bdb9d9c8910bda5c3d2fac658e1355d9e5e0721c51514061b6206b15948f224f5bfd11
   ✓ Token decoded (length: 96)
[3/3] Connecting...

[DEBUG] WebSocket URL: wss://kahoot.it/cometd/7599004/3a2d018d69d03310502cd5fe43bdb9d9c8910bda5c3d2fac658e1355d9e5e0721c51514061b6206b15948f224f5bfd11
✓ Connected to WebSocket
[DEBUG] SEND handshake
[DEBUG] RECV: /meta/handshake 
✓ Handshake OK, clientId: bpnlsf6nsx1e6cwwcilsxk73tfsr
[DEBUG] SEND connect (first)
[DEBUG] RECV: /meta/connect 
[DEBUG] SEND connect (second)
[DEBUG] SEND login hi63-f4x
[DEBUG] RECV: /service/controller loginResponse
✓ Login successful! CID: 1193451834
[DEBUG] SEND namerator message

=== SUCCESS ===
Listening for game events... (Ctrl+C to exit)

[DEBUG] RECV: /meta/connect 
[DEBUG] RECV: /service/controller 
[DEBUG] RECV: /service/controller 
[DEBUG] RECV: /meta/connect 
[DEBUG] RECV: /meta/connect 
[DEBUG] RECV: /meta/connect 
