
=== Kahoot Auto-Join ===
Game PIN: 7599004
Player: hi64-6hm

[1/3] Getting session token...
[DEBUG] Session token (raw): TgFQKXpZVxN+KgkyL1xsaxBVBFpYKS0RdlVCWgYFHQoeWQdPIV0PZHJRBFEFUyJ6XgYDd1l7RQRRC1ZhdkNRY2Z3ZVNWEws6ewJoWGBFbhQLBnhtZStXTy9fBlFuZnhG
[DEBUG] Session token length: 128
[DEBUG] Base64 decoded length: 96
   ✓ Got session token
[2/3] Decoding token...
[DEBUG] Challenge message length: 100
[DEBUG] Offset: 610
[DEBUG] Decoded challenge length: 100
[DEBUG] Token bytes length: 96
[DEBUG] Final token length: 96
[DEBUG] Final token: 91da3a0c9d8dd581a4aa2dfd462cd6f3d558d3281e5b0ea49775f60e3fa316c78032cd3e9c3d423bf4571c28d9484697
[DEBUG] Token: 91da3a0c9d8dd581a4aa2dfd462cd6f3d558d3281e5b0ea49775f60e3fa316c78032cd3e9c3d423bf4571c28d9484697
   ✓ Token decoded (length: 96)
[3/3] Connecting...

[DEBUG] WebSocket URL: wss://kahoot.it/cometd/7599004/91da3a0c9d8dd581a4aa2dfd462cd6f3d558d3281e5b0ea49775f60e3fa316c78032cd3e9c3d423bf4571c28d9484697
✓ Connected to WebSocket
[DEBUG] SEND handshake
[DEBUG] RECV: /meta/handshake 
✓ Handshake OK, clientId: bpnr18mx7djsdhnoldmq1s4hhy0v0
[DEBUG] SEND connect (first)
[DEBUG] RECV: /meta/connect 
[DEBUG] SEND connect (second)
[DEBUG] SEND login hi64-6hm
[DEBUG] RECV: /service/controller loginResponse
✓ Login successful! CID: 2014098773
[DEBUG] SEND namerator message

=== SUCCESS ===
Listening for game events... (Ctrl+C to exit)

[DEBUG] RECV: /meta/connect 
[DEBUG] RECV: /service/controller 
[DEBUG] RECV: /service/controller 
[DEBUG] RECV: /meta/connect 
[DEBUG] RECV: /meta/connect 
[DEBUG] RECV: /meta/connect 
