
=== Kahoot Auto-Join ===
Game PIN: 7599004
Player: hi69-uvr

[1/3] Getting session token...
[DEBUG] Session token (raw): ARkRV2UQdn0BQlpFeSkBFwovdwspOEZQAg9bbAogXlNBQzhXCWNuKFlyQXx9UShbeQ1wIgghZ2pSWm8+fWFPTQVdNwRUc0scXAcGZwBWbF9lQAtjAUBeNz0SUztsAG8L
[DEBUG] Session token length: 128
[DEBUG] Base64 decoded length: 96
   ✓ Got session token
[2/3] Decoding token...
[DEBUG] Challenge message length: 100
[DEBUG] Offset: 474400
[DEBUG] Decoded challenge length: 100
[DEBUG] Token bytes length: 96
[DEBUG] Final token length: 96
[DEBUG] Final token: 2efa1d4529f06dec2e6dae30dc279bdd76cda35ae6864fcf476b4f25636e72642ac2a39d6748de0876d0e99dbf8f134a
[DEBUG] Token: 2efa1d4529f06dec2e6dae30dc279bdd76cda35ae6864fcf476b4f25636e72642ac2a39d6748de0876d0e99dbf8f134a
   ✓ Token decoded (length: 96)
[3/3] Connecting...

[DEBUG] WebSocket URL: wss://kahoot.it/cometd/7599004/2efa1d4529f06dec2e6dae30dc279bdd76cda35ae6864fcf476b4f25636e72642ac2a39d6748de0876d0e99dbf8f134a
✓ Connected to WebSocket
[DEBUG] SEND handshake
[DEBUG] RECV: /meta/handshake 
✓ Handshake OK, clientId: bpocet02f81sd7rp1u13u47vc2yb8
[DEBUG] SEND connect (first)
[DEBUG] RECV: /meta/connect 
[DEBUG] SEND connect (second)
[DEBUG] SEND login hi69-uvr
[DEBUG] RECV: /service/controller 

⚠ Timeout - check if name appears in Kahoot lobby
[DEBUG] WebSocket closed: 1005

=== FAILED ===
Error: Connection closed (1005)
