
=== Kahoot Auto-Join ===
Game PIN: 7599004
Player: hi74-e05

[1/3] Getting session token...
[DEBUG] Session token (raw): C1B0CigScDQLO2tgDl8ZTmgoSTRpYQAFEwU0ew9RD3ICUwJOGEk0DXMgKHoTK3EpHnthWGZDVQ8xekpGS3ptQFIAanEGFnhYSgJgLT0DVCQVaQRYQjIFbURPaFoZGWNz
[DEBUG] Session token length: 128
[DEBUG] Base64 decoded length: 96
   ✓ Got session token
[2/3] Decoding token...
[DEBUG] Challenge message length: 100
[DEBUG] Offset: 1138456
[DEBUG] Decoded challenge length: 100
[DEBUG] Token bytes length: 96
[DEBUG] Final token length: 96
[DEBUG] Final token: 053feb3c8b2138c78e8c410af2f54bc82c34b0c07ca8ad1ef2631814a787834347646e1b957cb8ebb86e1e19681aac11
[DEBUG] Token: 053feb3c8b2138c78e8c410af2f54bc82c34b0c07ca8ad1ef2631814a787834347646e1b957cb8ebb86e1e19681aac11
   ✓ Token decoded (length: 96)
[3/3] Connecting...

[DEBUG] WebSocket URL: wss://kahoot.it/cometd/7599004/053feb3c8b2138c78e8c410af2f54bc82c34b0c07ca8ad1ef2631814a787834347646e1b957cb8ebb86e1e19681aac11
✓ Connected to WebSocket
[DEBUG] SEND handshake
[DEBUG] RECV: /meta/handshake 
✓ Handshake OK, clientId: bpo5190j5ychvwyt3ue3k07eq4got
[DEBUG] SEND connect (first)
[DEBUG] RECV: /meta/connect 
[DEBUG] SEND connect (second)
[DEBUG] SEND login hi74-e05
[DEBUG] RECV: /service/controller 

⚠ Timeout - check if name appears in Kahoot lobby
[DEBUG] WebSocket closed: 1005

=== FAILED ===
Error: Connection closed (1005)
