
=== Kahoot Auto-Join ===
Game PIN: 7599004
Player: hi75-82s

[1/3] Getting session token...
[DEBUG] Session token (raw): YXZlXVBFaSB3R14sdi8kawNXdGwTAGVVcUYNHwkeQwEAAgMyCQMAEikLN04sCCMIcEQcLmZtCVFEcgkOUj1gfXNobQBRXFknCVgDLnU2BCwHA0JgJgg+C2pXflxWAHNo
[DEBUG] Session token length: 128
[DEBUG] Base64 decoded length: 96
   ✓ Got session token
[2/3] Decoding token...
[DEBUG] Challenge message length: 100
[DEBUG] Offset: 6503
[DEBUG] Decoded challenge length: 100
[DEBUG] Token bytes length: 96
[DEBUG] Final token length: 96
[DEBUG] Final token: 2871e17e20dd6ca51005f762311daf0850aada2ffbd6dbfe92fb36ac26fc1c311938a68f5c7c2e7b5081cade9454b340
[DEBUG] Token: 2871e17e20dd6ca51005f762311daf0850aada2ffbd6dbfe92fb36ac26fc1c311938a68f5c7c2e7b5081cade9454b340
   ✓ Token decoded (length: 96)
[3/3] Connecting...

[DEBUG] WebSocket URL: wss://kahoot.it/cometd/7599004/2871e17e20dd6ca51005f762311daf0850aada2ffbd6dbfe92fb36ac26fc1c311938a68f5c7c2e7b5081cade9454b340
✓ Connected to WebSocket
[DEBUG] SEND handshake
[DEBUG] RECV: /meta/handshake 
✓ Handshake OK, clientId: bpo2q8sag0v13tqb1kwf9pbiyfes7
[DEBUG] SEND connect (first)
[DEBUG] RECV: /meta/connect 
[DEBUG] SEND connect (second)
[DEBUG] SEND login hi75-82s
[DEBUG] RECV: /service/controller 

⚠ Timeout - check if name appears in Kahoot lobby
[DEBUG] WebSocket closed: 1005

=== FAILED ===
Error: Connection closed (1005)
