
=== Kahoot Auto-Join ===
Game PIN: 7599004
Player: hi78-6it

[1/3] Getting session token...
[DEBUG] Session token (raw): DmJOc2xBJFQHV1llGVRoPy4OBWcHaQhwPk5KWzIKBltLZ31XBgNPOwogfXFfUQ9FentWTHg1Uw1eczRdS1pqCycMRWoVDXRQMVY5MngKe2diJVQZCwIICF4lV0QlAFt8
[DEBUG] Session token length: 128
[DEBUG] Base64 decoded length: 96
   ✓ Got session token
[2/3] Decoding token...
[DEBUG] Challenge message length: 100
[DEBUG] Offset: 7063
[DEBUG] Decoded challenge length: 100
[DEBUG] Token bytes length: 96
[DEBUG] Final token length: 96
[DEBUG] Final token: f08129ecfba8c42cd4939399d791a3ba95289d3aad89ce3467567fae16b1220ce661b180c9af1b090f9e5e306c72c906
[DEBUG] Token: f08129ecfba8c42cd4939399d791a3ba95289d3aad89ce3467567fae16b1220ce661b180c9af1b090f9e5e306c72c906
   ✓ Token decoded (length: 96)
[3/3] Connecting...

[DEBUG] WebSocket URL: wss://kahoot.it/cometd/7599004/f08129ecfba8c42cd4939399d791a3ba95289d3aad89ce3467567fae16b1220ce661b180c9af1b090f9e5e306c72c906
✓ Connected to WebSocket
[DEBUG] SEND handshake
[DEBUG] RECV: /meta/handshake 
✓ Handshake OK, clientId: bpo7m3tt4fkoqz2h11mhxflsfk9wk
[DEBUG] SEND connect (first)
[DEBUG] RECV: /meta/connect 
[DEBUG] SEND connect (second)
[DEBUG] SEND login hi78-6it
[DEBUG] RECV: /service/controller 

⚠ Timeout - check if name appears in Kahoot lobby
[DEBUG] WebSocket closed: 1005

=== FAILED ===
Error: Connection closed (1005)
