
=== Kahoot Auto-Join ===
Game PIN: 7599004
Player: hi8-quo

[1/3] Getting session token...
[DEBUG] Session token (raw): DXwCBFx5Ln1CckYDJXF1CDpuQj8OX1RQSmUBLQsITFlTZGh0VVgBJAVcTwRbPAFKQHVRV0dZRw9jXT5hRF8JDQUfcw5Qcll6DDAbGjNdUGRjRQsCXV1WVms8Xxd/D3xz
[DEBUG] Session token length: 128
[DEBUG] Base64 decoded length: 96
   ✓ Got session token
[2/3] Decoding token...
[DEBUG] Challenge message length: 100
[DEBUG] Offset: 21462
[DEBUG] Decoded challenge length: 100
[DEBUG] Token bytes length: 96
[DEBUG] Final token length: 96
[DEBUG] Final token: e38548e15512f105f43ae7ec900d5f4ad901b47dad923a1179ce7a730da4864e4d47f812dbaac5281510c8d69d3a5817
[DEBUG] Token: e38548e15512f105f43ae7ec900d5f4ad901b47dad923a1179ce7a730da4864e4d47f812dbaac5281510c8d69d3a5817
   ✓ Token decoded (length: 96)
[3/3] Connecting...

[DEBUG] WebSocket URL: wss://kahoot.it/cometd/7599004/e38548e15512f105f43ae7ec900d5f4ad901b47dad923a1179ce7a730da4864e4d47f812dbaac5281510c8d69d3a5817
✓ Connected to WebSocket
[DEBUG] SEND handshake
[DEBUG] RECV: /meta/handshake 
✓ Handshake OK, clientId: bpmbh559k4bg23etubntmy4b3f9w
[DEBUG] SEND connect (first)
[DEBUG] RECV: /meta/connect 
[DEBUG] SEND connect (second)
[DEBUG] SEND login hi8-quo
[DEBUG] RECV: /service/controller loginResponse
✓ Login successful! CID: 412954443
[DEBUG] SEND namerator message

=== SUCCESS ===
Listening for game events... (Ctrl+C to exit)

[DEBUG] RECV: /meta/connect 
[DEBUG] RECV: /service/controller 
[DEBUG] RECV: /service/controller 
[DEBUG] RECV: /meta/connect 
[DEBUG] RECV: /meta/connect 
[DEBUG] RECV: /meta/connect 
