
=== Kahoot Auto-Join ===
Game PIN: 7599004
Player: hi80-tde

[1/3] Getting session token...
[DEBUG] Session token (raw): JwcEC18DDVAALQFRQWxbIwckRXFKUBd3UARVRlkITCYUVmRUCUI+U1s+XmwJZQIZAAZVOmZlC1YPV0gcJQRaPyxfU3wMLyV+CAM5QCpwKT16AUc2Vwd5dl5GGEQyclJZ
[DEBUG] Session token length: 128
[DEBUG] Base64 decoded length: 96
   ✓ Got session token
[2/3] Decoding token...
[DEBUG] Challenge message length: 100
[DEBUG] Offset: 15523222
[DEBUG] Decoded challenge length: 100
[DEBUG] Token bytes length: 96
[DEBUG] Final token length: 96
[DEBUG] Final token: a8c323899d2a34cbca953ae3fd250e7ce19e26f21aa090ac270d0791fe1ffdadaec73ec8eea4b6ab160cfb53e3c3f24f
[DEBUG] Token: a8c323899d2a34cbca953ae3fd250e7ce19e26f21aa090ac270d0791fe1ffdadaec73ec8eea4b6ab160cfb53e3c3f24f
   ✓ Token decoded (length: 96)
[3/3] Connecting...

[DEBUG] WebSocket URL: wss://kahoot.it/cometd/7599004/a8c323899d2a34cbca953ae3fd250e7ce19e26f21aa090ac270d0791fe1ffdadaec73ec8eea4b6ab160cfb53e3c3f24f
✓ Connected to WebSocket
[DEBUG] SEND handshake
[DEBUG] RECV: /meta/handshake 
✓ Handshake OK, clientId: bpov5s6wl5aljw3z1e4lbuolipqri
[DEBUG] SEND connect (first)
[DEBUG] RECV: /meta/connect 
[DEBUG] SEND connect (second)
[DEBUG] SEND login hi80-tde
[DEBUG] RECV: /service/controller 

⚠ Timeout - check if name appears in Kahoot lobby
[DEBUG] WebSocket closed: 1005

=== FAILED ===
Error: Connection closed (1005)
