
=== Kahoot Auto-Join ===
Game PIN: 7599004
Player: hi85-zt5

[1/3] Getting session token...
[DEBUG] Session token (raw): cEF9fU53dQoES1dRRn1Uf0ATAAxDBl5eQVlsC2cHJwFNCVgKBjh7QX0GPn4AAkNfVFJMUlNWeG5dUQV7VS9BZT0KMFtxb0ZXG1N2CS4ldm9uAUt3WgpcWlYTVkZUXwk6
[DEBUG] Session token length: 128
[DEBUG] Base64 decoded length: 96
   ✓ Got session token
[2/3] Decoding token...
[DEBUG] Challenge message length: 100
[DEBUG] Offset: 52384354
[DEBUG] Decoded challenge length: 100
[DEBUG] Token bytes length: 96
[DEBUG] Final token length: 96
[DEBUG] Final token: 6728905221c636697db83d9b5d8239cd49853a0180e3023990013f62bda91f81c8a89363cc17dc170697e14cfdc6730f
[DEBUG] Token: 6728905221c636697db83d9b5d8239cd49853a0180e3023990013f62bda91f81c8a89363cc17dc170697e14cfdc6730f
   ✓ Token decoded (length: 96)
[3/3] Connecting...

[DEBUG] WebSocket URL: wss://kahoot.it/cometd/7599004/6728905221c636697db83d9b5d8239cd49853a0180e3023990013f62bda91f81c8a89363cc17dc170697e14cfdc6730f
✓ Connected to WebSocket
[DEBUG] SEND handshake
[DEBUG] RECV: /meta/handshake 
✓ Handshake OK, clientId: bpoqlcfnh4vfmam71f4kh08yuk58t
[DEBUG] SEND connect (first)
[DEBUG] RECV: /meta/connect 
[DEBUG] SEND connect (second)
[DEBUG] SEND login hi85-zt5
[DEBUG] RECV: /service/controller 

⚠ Timeout - check if name appears in Kahoot lobby
[DEBUG] WebSocket closed: 1005

=== FAILED ===
Error: Connection closed (1005)
