
=== Kahoot Auto-Join ===
Game PIN: 7599004
Player: hi90-56v

[1/3] Getting session token...
[DEBUG] Session token (raw): UG4ydz5WXEkyXUBWcCMMFTpIQGMMZFx/R3AIBkQMAUNSew4uDDh8Ymx6PGJWDSVuTWFZZG1NAUx4ck4DC1FxDgx0D1AeAwBaBAsKHxpVUAxefmk7PHZlIy9eLVxQPg9D
[DEBUG] Session token length: 128
[DEBUG] Base64 decoded length: 96
   ✓ Got session token
[2/3] Decoding token...
[DEBUG] Challenge message length: 100
[DEBUG] Offset: 303691
[DEBUG] Decoded challenge length: 100
[DEBUG] Token bytes length: 96
[DEBUG] Final token length: 96
[DEBUG] Final token: c9b2e090b81e3f6ce070a969363568c542dfaf4959a0e8e0177488a979414b84a8ece13082deafe0e58aa89dfad8ea32
[DEBUG] Token: c9b2e090b81e3f6ce070a969363568c542dfaf4959a0e8e0177488a979414b84a8ece13082deafe0e58aa89dfad8ea32
   ✓ Token decoded (length: 96)
[3/3] Connecting...

[DEBUG] WebSocket URL: wss://kahoot.it/cometd/7599004/c9b2e090b81e3f6ce070a969363568c542dfaf4959a0e8e0177488a979414b84a8ece13082deafe0e58aa89dfad8ea32
✓ Connected to WebSocket
[DEBUG] SEND handshake
[DEBUG] RECV: /meta/handshake 
✓ Handshake OK, clientId: bpohncavjv6nqdaqchq9phao0blp
[DEBUG] SEND connect (first)
[DEBUG] RECV: /meta/connect 
[DEBUG] SEND connect (second)
[DEBUG] SEND login hi90-56v
[DEBUG] RECV: /service/controller 

⚠ Timeout - check if name appears in Kahoot lobby
[DEBUG] WebSocket closed: 1005

=== FAILED ===
Error: Connection closed (1005)
