
=== Kahoot Auto-Join ===
Game PIN: 7599004
Player: hi91-b1j

[1/3] Getting session token...
[DEBUG] Session token (raw): Q1E1BG8XRHdBLVwVJnNlSxkGWxAMHgwxUHlsKEMEU3smW1hpFnRZA2RdTHt3CVtYUBhpZQxVGXYVT1pzVFsTXj5cLlFfdDkwcGFMd0EeAG4CRVh8Jldma0g+QBZWUmlD
[DEBUG] Session token length: 128
[DEBUG] Base64 decoded length: 96
   ✓ Got session token
[2/3] Decoding token...
[DEBUG] Challenge message length: 100
[DEBUG] Offset: 90396
[DEBUG] Decoded challenge length: 100
[DEBUG] Token bytes length: 96
[DEBUG] Final token length: 96
[DEBUG] Final token: 84dd2e442c2ef047ba9d3e5ff29b8c67aba8b43a95793879fc262fe2a8c490cbe5a1e7aa43020e78d587e0633c7b1836
[DEBUG] Token: 84dd2e442c2ef047ba9d3e5ff29b8c67aba8b43a95793879fc262fe2a8c490cbe5a1e7aa43020e78d587e0633c7b1836
   ✓ Token decoded (length: 96)
[3/3] Connecting...

[DEBUG] WebSocket URL: wss://kahoot.it/cometd/7599004/84dd2e442c2ef047ba9d3e5ff29b8c67aba8b43a95793879fc262fe2a8c490cbe5a1e7aa43020e78d587e0633c7b1836
✓ Connected to WebSocket
[DEBUG] SEND handshake
[DEBUG] RECV: /meta/handshake 
✓ Handshake OK, clientId: bpok17qakm9sbnv08z5j15xuptjf7
[DEBUG] SEND connect (first)
[DEBUG] RECV: /meta/connect 
[DEBUG] SEND connect (second)
[DEBUG] SEND login hi91-b1j
[DEBUG] RECV: /service/controller 

⚠ Timeout - check if name appears in Kahoot lobby
[DEBUG] WebSocket closed: 1005

=== FAILED ===
Error: Connection closed (1005)
