
=== Kahoot Auto-Join ===
Game PIN: 7599004
Player: hi94-qrc

[1/3] Getting session token...
[DEBUG] Session token (raw): bwRxYAUHG2gQVF5xO3toUlNRD3hHZEZidzR4AyRTUHgyUGZlbWBfM1wJXlNyPWFWfitjPQhvck9RTDsCDAgNWVUHMgQkUQtSFwFoDEFhCQQFVDMDLQNvVzROTnAsBWkJ
[DEBUG] Session token length: 128
[DEBUG] Base64 decoded length: 96
   ✓ Got session token
[2/3] Decoding token...
[DEBUG] Challenge message length: 100
[DEBUG] Offset: 23048064000
[DEBUG] Decoded challenge length: 100
[DEBUG] Token bytes length: 96
[DEBUG] Final token length: 96
[DEBUG] Final token: 9102efa5a631c15552f109166d1fe6e0fe3346cd165a2d181d9b2958b9b0f67ce9dfb217ea401725eed3b63db981ba03
[DEBUG] Token: 9102efa5a631c15552f109166d1fe6e0fe3346cd165a2d181d9b2958b9b0f67ce9dfb217ea401725eed3b63db981ba03
   ✓ Token decoded (length: 96)
[3/3] Connecting...

[DEBUG] WebSocket URL: wss://kahoot.it/cometd/7599004/9102efa5a631c15552f109166d1fe6e0fe3346cd165a2d181d9b2958b9b0f67ce9dfb217ea401725eed3b63db981ba03
✓ Connected to WebSocket
[DEBUG] SEND handshake
[DEBUG] RECV: /meta/handshake 
✓ Handshake OK, clientId: bpor1udxtkeri0x9g1m1lmn3ajtbkm
[DEBUG] SEND connect (first)
[DEBUG] RECV: /meta/connect 
[DEBUG] SEND connect (second)
[DEBUG] SEND login hi94-qrc
[DEBUG] RECV: /service/controller 

⚠ Timeout - check if name appears in Kahoot lobby
[DEBUG] WebSocket closed: 1005

=== FAILED ===
Error: Connection closed (1005)
