
=== Kahoot Auto-Join ===
Game PIN: 2674529
Player: u12-srz

[1/3] Getting session token...
[DEBUG] Session token (raw): diQxahF6YgNbCHJPJz8MNW4HMwdwCV8DQFd3S18LEjA4azRTYTE6TDhmb24nUylgHXMIZDlWRkwMZgthfyZkZyBdCUNpCVZEWFJFfQ5xHUcpRGcNahpaQllUWCsOBWd4
[DEBUG] Session token length: 128
[DEBUG] Base64 decoded length: 96
   ✓ Got session token
[2/3] Decoding token...
[DEBUG] Challenge message length: 100
[DEBUG] Offset: 53636448
[DEBUG] Decoded challenge length: 100
[DEBUG] Token bytes length: 96
[DEBUG] Final token length: 96
[DEBUG] Final token: 5cd9b3769625bc9e09ed5d0f035096fcb2bf1ea9b605dcc4e0d5d34606a59b66d0f704c2111552f0a6152ae1a95a1d80
[DEBUG] Token: 5cd9b3769625bc9e09ed5d0f035096fcb2bf1ea9b605dcc4e0d5d34606a59b66d0f704c2111552f0a6152ae1a95a1d80
   ✓ Token decoded (length: 96)
[3/3] Connecting...

[DEBUG] WebSocket URL: wss://kahoot.it/cometd/2674529/5cd9b3769625bc9e09ed5d0f035096fcb2bf1ea9b605dcc4e0d5d34606a59b66d0f704c2111552f0a6152ae1a95a1d80
✓ Connected to WebSocket
[DEBUG] SEND handshake
[DEBUG] RECV: /meta/handshake 
✓ Handshake OK, clientId: buk2b9rlo95nucg11pkn79a5d0mci
[DEBUG] SEND connect (first)
[DEBUG] RECV: /meta/connect 
[DEBUG] SEND connect (second)
[DEBUG] SEND login u12-srz
[DEBUG] RECV: /service/controller loginResponse
✓ Login successful! CID: 1036693204
[DEBUG] SEND namerator message

=== SUCCESS ===
Listening for game events... (Ctrl+C to exit)

[DEBUG] RECV: /meta/connect 
[DEBUG] RECV: /service/controller 
[DEBUG] RECV: /service/controller 
[DEBUG] RECV: /service/status status
✓ Game is ACTIVE
[DEBUG] RECV: /service/player message

🎉 JOINED AS: u12-srz
   Player CID: 1036693204
[DEBUG] RECV: /service/player message
[DEBUG] RECV: /meta/connect 
[DEBUG] RECV: /service/player message
[DEBUG] RECV: /meta/connect 
[DEBUG] RECV: /service/player message
[DEBUG] RECV: /meta/connect 
[DEBUG] RECV: /service/status status
[DEBUG] RECV: /meta/connect 
