
=== Kahoot Auto-Join ===
Game PIN: 2674529
Player: u13-rpj

[1/3] Getting session token...
[DEBUG] Session token (raw): VlEITChIXAhldF5pQW8OKmYaXVJwcSpYSnh8AFc3TXAHHyVDKw4iJFhMFlYhGWl/PDUnBjshaR9RREZAX1YMVVE3cGBrT0IBfFt7eEJcBUAPLg9wBgEWExN2MUEDF39A
[DEBUG] Session token length: 128
[DEBUG] Base64 decoded length: 96
   ✓ Got session token
[2/3] Decoding token...
[DEBUG] Challenge message length: 100
[DEBUG] Offset: 207
[DEBUG] Decoded challenge length: 100
[DEBUG] Token bytes length: 96
[DEBUG] Final token length: 96
[DEBUG] Final token: 38a7b3e3081363bf0a3f18e582232b96ddd0eebe48e2ec91fbb2ee3d4363e6908d404687102229589fa1c4cdc2e20d91
[DEBUG] Token: 38a7b3e3081363bf0a3f18e582232b96ddd0eebe48e2ec91fbb2ee3d4363e6908d404687102229589fa1c4cdc2e20d91
   ✓ Token decoded (length: 96)
[3/3] Connecting...

[DEBUG] WebSocket URL: wss://kahoot.it/cometd/2674529/38a7b3e3081363bf0a3f18e582232b96ddd0eebe48e2ec91fbb2ee3d4363e6908d404687102229589fa1c4cdc2e20d91
✓ Connected to WebSocket
[DEBUG] SEND handshake
[DEBUG] RECV: /meta/handshake 
✓ Handshake OK, clientId: buk3vjtxnobtbkkg1lkipddr923gq
[DEBUG] SEND connect (first)
[DEBUG] RECV: /meta/connect 
[DEBUG] SEND connect (second)
[DEBUG] SEND login u13-rpj
[DEBUG] RECV: /service/controller loginResponse
✓ Login successful! CID: 966637873
[DEBUG] SEND namerator message

=== SUCCESS ===
Listening for game events... (Ctrl+C to exit)

[DEBUG] RECV: /meta/connect 
[DEBUG] RECV: /service/controller 
[DEBUG] RECV: /service/controller 
[DEBUG] RECV: /service/status status
✓ Game is ACTIVE
[DEBUG] RECV: /service/player message

🎉 JOINED AS: u13-rpj
   Player CID: 966637873
[DEBUG] RECV: /service/player message
[DEBUG] RECV: /meta/connect 
[DEBUG] RECV: /service/player message
[DEBUG] RECV: /meta/connect 
[DEBUG] RECV: /service/player message
[DEBUG] RECV: /meta/connect 
[DEBUG] RECV: /service/status status
[DEBUG] RECV: /meta/connect 
