
=== Kahoot Auto-Join ===
Game PIN: 2674529
Player: u13-qyo

[1/3] Getting session token...
[DEBUG] Session token (raw): An0LFA4GBxJEMw4THTwFaA18DFgsRRcCDgZiWC9QVXhWQW0GRFUDaX8qBwV/VmoTbAFUTFhqaAxZQRUoYWtQXwxCUlZfBFJudVoOdlAHWSxYUitceFBBTgNENAMKJHw5
[DEBUG] Session token length: 128
[DEBUG] Base64 decoded length: 96
   ✓ Got session token
[2/3] Decoding token...
[DEBUG] Challenge message length: 100
[DEBUG] Offset: 428107680
[DEBUG] Decoded challenge length: 100
[DEBUG] Token bytes length: 96
[DEBUG] Final token length: 96
[DEBUG] Final token: 279acead4d9aeb23c223d3e20a3ec5f563764f086ffd985a1697727768ab914af9b4df316106b7ddf4ae495883e3ae3e
[DEBUG] Token: 279acead4d9aeb23c223d3e20a3ec5f563764f086ffd985a1697727768ab914af9b4df316106b7ddf4ae495883e3ae3e
   ✓ Token decoded (length: 96)
[3/3] Connecting...

[DEBUG] WebSocket URL: wss://kahoot.it/cometd/2674529/279acead4d9aeb23c223d3e20a3ec5f563764f086ffd985a1697727768ab914af9b4df316106b7ddf4ae495883e3ae3e
✓ Connected to WebSocket
[DEBUG] SEND handshake
[DEBUG] RECV: /meta/handshake 
✓ Handshake OK, clientId: buhd11bakr3t1nrn918jvmsjksl6pc
[DEBUG] SEND connect (first)
[DEBUG] RECV: /meta/connect 
[DEBUG] SEND connect (second)
[DEBUG] SEND login u13-qyo
[DEBUG] RECV: /service/controller loginResponse
✓ Login successful! CID: 950926886
[DEBUG] SEND namerator message

=== SUCCESS ===
Listening for game events... (Ctrl+C to exit)

[DEBUG] RECV: /meta/connect 
[DEBUG] RECV: /service/controller 
[DEBUG] RECV: /service/controller 
[DEBUG] RECV: /service/status status
✓ Game is ACTIVE
[DEBUG] RECV: /service/player message

🎉 JOINED AS: u13-qyo
   Player CID: 950926886
[DEBUG] RECV: /service/player message
[DEBUG] RECV: /service/player message
[DEBUG] RECV: /service/player message
[DEBUG] RECV: /service/player message
[DEBUG] RECV: /meta/connect 
[DEBUG] RECV: /service/player message
[DEBUG] RECV: /service/player message
[DEBUG] RECV: /service/player message
[DEBUG] RECV: /meta/connect 
[DEBUG] RECV: /service/player message
[DEBUG] RECV: /service/player message
[DEBUG] RECV: /meta/connect 
[DEBUG] RECV: /service/player message
[DEBUG] RECV: /meta/connect 
[DEBUG] RECV: /service/player message
[DEBUG] RECV: /meta/connect 
[DEBUG] RECV: /service/status status
[DEBUG] RECV: /meta/connect 
