
=== Kahoot Auto-Join ===
Game PIN: 2674529
Player: u14-3xb

[1/3] Getting session token...
[DEBUG] Session token (raw): U1YIBwlCABdrNQRdFgYqcA0EAGdZBAJfdVhqYXpbR3ReXG8ifAFaYH0BCFVVYEYHRF8IdmQAUVdTawVWBVhsZQMPCFNdJ0tHAldUV18JKEladl5bS3RkCwxdIAkMcVdE
[DEBUG] Session token length: 128
[DEBUG] Base64 decoded length: 96
   ✓ Got session token
[2/3] Decoding token...
[DEBUG] Challenge message length: 100
[DEBUG] Offset: 222666
[DEBUG] Decoded challenge length: 100
[DEBUG] Token bytes length: 96
[DEBUG] Final token length: 96
[DEBUG] Final token: 8b86d22e6e06e0b004d2f7ba3e932121fc8c3b146728a30c24980d5c73e6534355c1fb9332cc8bc967a891893af38720
[DEBUG] Token: 8b86d22e6e06e0b004d2f7ba3e932121fc8c3b146728a30c24980d5c73e6534355c1fb9332cc8bc967a891893af38720
   ✓ Token decoded (length: 96)
[3/3] Connecting...

[DEBUG] WebSocket URL: wss://kahoot.it/cometd/2674529/8b86d22e6e06e0b004d2f7ba3e932121fc8c3b146728a30c24980d5c73e6534355c1fb9332cc8bc967a891893af38720
✓ Connected to WebSocket
[DEBUG] SEND handshake
[DEBUG] RECV: /meta/handshake 
✓ Handshake OK, clientId: buh61viww2dyylkncvih8djr25opc
[DEBUG] SEND connect (first)
[DEBUG] RECV: /meta/connect 
[DEBUG] SEND connect (second)
[DEBUG] SEND login u14-3xb
[DEBUG] RECV: /service/controller loginResponse
✓ Login successful! CID: 2103349612
[DEBUG] SEND namerator message

=== SUCCESS ===
Listening for game events... (Ctrl+C to exit)

[DEBUG] RECV: /meta/connect 
[DEBUG] RECV: /service/controller 
[DEBUG] RECV: /service/controller 
[DEBUG] RECV: /service/status status
✓ Game is ACTIVE
[DEBUG] RECV: /service/player message

🎉 JOINED AS: u14-3xb
   Player CID: 2103349612
[DEBUG] RECV: /service/player message
[DEBUG] RECV: /service/player message
[DEBUG] RECV: /service/player message
[DEBUG] RECV: /service/player message
[DEBUG] RECV: /meta/connect 
[DEBUG] RECV: /service/player message
[DEBUG] RECV: /service/player message
[DEBUG] RECV: /service/player message
[DEBUG] RECV: /meta/connect 
[DEBUG] RECV: /service/player message
[DEBUG] RECV: /service/player message
[DEBUG] RECV: /meta/connect 
[DEBUG] RECV: /service/player message
[DEBUG] RECV: /meta/connect 
[DEBUG] RECV: /service/player message
[DEBUG] RECV: /meta/connect 
[DEBUG] RECV: /service/status status
[DEBUG] RECV: /meta/connect 
