
=== Kahoot Auto-Join ===
Game PIN: 2674529
Player: u16-t2p

[1/3] Getting session token...
[DEBUG] Session token (raw): W1JBWnxpUworVAJvRVoHOgxiY3dqW1ZbaVN8MQp3f1xBOz9VJlA8MlhYWiFge0ZZQVBWAgESD25aanZSBGdSFXlVa0VMSiV8Q1ZpNmEKWh0pXARtbCdAHScMfD5XeVIC
[DEBUG] Session token length: 128
[DEBUG] Base64 decoded length: 96
   ✓ Got session token
[2/3] Decoding token...
[DEBUG] Challenge message length: 100
[DEBUG] Offset: 37738863
[DEBUG] Decoded challenge length: 100
[DEBUG] Token bytes length: 96
[DEBUG] Final token length: 96
[DEBUG] Final token: c2574615fa3666ece9190c916f9dc0088bedc2bb3c8d930562eb9f77e945179e212166c4140a92deacc68c9ad07ef0a6
[DEBUG] Token: c2574615fa3666ece9190c916f9dc0088bedc2bb3c8d930562eb9f77e945179e212166c4140a92deacc68c9ad07ef0a6
   ✓ Token decoded (length: 96)
[3/3] Connecting...

[DEBUG] WebSocket URL: wss://kahoot.it/cometd/2674529/c2574615fa3666ece9190c916f9dc0088bedc2bb3c8d930562eb9f77e945179e212166c4140a92deacc68c9ad07ef0a6
✓ Connected to WebSocket
[DEBUG] SEND handshake
[DEBUG] RECV: /meta/handshake 
✓ Handshake OK, clientId: buk5m78ww08vjvmuurdgn6i9ig7l
[DEBUG] SEND connect (first)
[DEBUG] RECV: /meta/connect 
[DEBUG] SEND connect (second)
[DEBUG] SEND login u16-t2p
[DEBUG] RECV: /service/controller loginResponse
✓ Login successful! CID: 113809957
[DEBUG] SEND namerator message

=== SUCCESS ===
Listening for game events... (Ctrl+C to exit)

[DEBUG] RECV: /meta/connect 
[DEBUG] RECV: /service/controller 
[DEBUG] RECV: /service/controller 
[DEBUG] RECV: /service/status status
✓ Game is ACTIVE
[DEBUG] RECV: /service/player message

🎉 JOINED AS: SpeedyCamel78
   Player CID: 113809957
[DEBUG] RECV: /service/player message
[DEBUG] RECV: /meta/connect 
[DEBUG] RECV: /service/player message
[DEBUG] RECV: /meta/connect 
[DEBUG] RECV: /service/player message
[DEBUG] RECV: /meta/connect 
[DEBUG] RECV: /service/status status
[DEBUG] RECV: /meta/connect 
