
=== Kahoot Auto-Join ===
Game PIN: 2674529
Player: u2-myp

[1/3] Getting session token...
[DEBUG] Session token (raw): YwsAQHgADWgESG5XDhVyfA8pC3libz8QJVJYTA90X3RQMnQ9DBozEEB6axMkNwgOaF4XRmIJDktrXFhpZXJGCGtnYD98AQUKTkg0WGVkWWsYeAgpDGQqIwwMXkxZZXA/
[DEBUG] Session token length: 128
[DEBUG] Base64 decoded length: 96
   ✓ Got session token
[2/3] Decoding token...
[DEBUG] Challenge message length: 100
[DEBUG] Offset: 264
[DEBUG] Decoded challenge length: 100
[DEBUG] Token bytes length: 96
[DEBUG] Final token length: 96
[DEBUG] Final token: 21c311e958803f183e9270ccee6633331c6bbaaf513ebf3923a138493bd4325e791c75cb29b15564b9ab00fc77c7f81c
[DEBUG] Token: 21c311e958803f183e9270ccee6633331c6bbaaf513ebf3923a138493bd4325e791c75cb29b15564b9ab00fc77c7f81c
   ✓ Token decoded (length: 96)
[3/3] Connecting...

[DEBUG] WebSocket URL: wss://kahoot.it/cometd/2674529/21c311e958803f183e9270ccee6633331c6bbaaf513ebf3923a138493bd4325e791c75cb29b15564b9ab00fc77c7f81c
✓ Connected to WebSocket
[DEBUG] SEND handshake
[DEBUG] RECV: /meta/handshake 
✓ Handshake OK, clientId: buju1bfpqbyfqt9yf1elmmmr5mprxi
[DEBUG] SEND connect (first)
[DEBUG] RECV: /meta/connect 
[DEBUG] SEND connect (second)
[DEBUG] SEND login u2-myp
[DEBUG] RECV: /service/controller loginResponse
✓ Login successful! CID: 985828534
[DEBUG] SEND namerator message

=== SUCCESS ===
Listening for game events... (Ctrl+C to exit)

[DEBUG] RECV: /meta/connect 
[DEBUG] RECV: /service/controller 
[DEBUG] RECV: /service/controller 
[DEBUG] RECV: /service/status status
✓ Game is ACTIVE
[DEBUG] RECV: /service/player message

🎉 JOINED AS: u2-myp
   Player CID: 985828534
[DEBUG] RECV: /service/player message
[DEBUG] RECV: /meta/connect 
[DEBUG] RECV: /service/player message
[DEBUG] RECV: /meta/connect 
[DEBUG] RECV: /service/player message
[DEBUG] RECV: /meta/connect 
[DEBUG] RECV: /service/status status
[DEBUG] RECV: /meta/connect 
