
=== Kahoot Auto-Join ===
Game PIN: 2674529
Player: u24-7d1

[1/3] Getting session token...
[DEBUG] Session token (raw): AFEyAlV5QCUtd2oOAH1CfFx+b0FdE31We1VyNl1VcUJbdlpTWDIvfg0qVwsiCH4PVA84Tw5vQVc8AQ1mWCVAVAs4DxsAEUZsbnQXZk5QcnZXYi0AA3UNbWcTK2gZRwp9
[DEBUG] Session token length: 128
[DEBUG] Base64 decoded length: 96
   ✓ Got session token
[2/3] Decoding token...
[DEBUG] Challenge message length: 100
[DEBUG] Offset: 23953
[DEBUG] Decoded challenge length: 100
[DEBUG] Token bytes length: 96
[DEBUG] Final token length: 96
[DEBUG] Final token: 60a2983ac51cd17312860f163b1a3e17b7732aa68e0bc11b9ab3b665e6457f644f9c9d3136e74f2032d0d4410cb1e0f3
[DEBUG] Token: 60a2983ac51cd17312860f163b1a3e17b7732aa68e0bc11b9ab3b665e6457f644f9c9d3136e74f2032d0d4410cb1e0f3
   ✓ Token decoded (length: 96)
[3/3] Connecting...

[DEBUG] WebSocket URL: wss://kahoot.it/cometd/2674529/60a2983ac51cd17312860f163b1a3e17b7732aa68e0bc11b9ab3b665e6457f644f9c9d3136e74f2032d0d4410cb1e0f3
✓ Connected to WebSocket
[DEBUG] SEND handshake
[DEBUG] RECV: /meta/handshake 
✓ Handshake OK, clientId: bukc110239vssvcpe16kw3ki5a8ows
[DEBUG] SEND connect (first)
[DEBUG] RECV: /meta/connect 
[DEBUG] SEND connect (second)
[DEBUG] SEND login u24-7d1
[DEBUG] RECV: /service/controller loginResponse
✓ Login successful! CID: 1141406874
[DEBUG] SEND namerator message

=== SUCCESS ===
Listening for game events... (Ctrl+C to exit)

[DEBUG] RECV: /meta/connect 
[DEBUG] RECV: /service/controller 
[DEBUG] RECV: /service/controller 
[DEBUG] RECV: /service/status status
✓ Game is ACTIVE
[DEBUG] RECV: /service/player message

🎉 JOINED AS: u24-7d1
   Player CID: 1141406874
[DEBUG] RECV: /service/player message
[DEBUG] RECV: /meta/connect 
[DEBUG] RECV: /service/player message
[DEBUG] RECV: /meta/connect 
[DEBUG] RECV: /service/player message
[DEBUG] RECV: /meta/connect 
[DEBUG] RECV: /service/status status
[DEBUG] RECV: /meta/connect 
