
=== Kahoot Auto-Join ===
Game PIN: 2674529
Player: u25-4qn

[1/3] Getting session token...
[DEBUG] Session token (raw): DzhcRgUtLA9eZn1pAlpZDU9iBSdAB2kIO1NjW1gRDgF8SQIIVm1TaWFcLi52QQFVeQxCMi0BUV9WYk4cMyR7QghWYVQSegVcc2ZXXEkLWWZlVzYEUAoBP11xPmxpARkJ
[DEBUG] Session token length: 128
[DEBUG] Base64 decoded length: 96
   ✓ Got session token
[2/3] Decoding token...
[DEBUG] Challenge message length: 100
[DEBUG] Offset: 1831686480
[DEBUG] Decoded challenge length: 100
[DEBUG] Token bytes length: 96
[DEBUG] Final token length: 96
[DEBUG] Final token: 7ca67ab7b660deaa446e7e08f21a1cee13c0e1d582cd8022236ba960419dac95098be2421932936718b22e5de5a72fbb
[DEBUG] Token: 7ca67ab7b660deaa446e7e08f21a1cee13c0e1d582cd8022236ba960419dac95098be2421932936718b22e5de5a72fbb
   ✓ Token decoded (length: 96)
[3/3] Connecting...

[DEBUG] WebSocket URL: wss://kahoot.it/cometd/2674529/7ca67ab7b660deaa446e7e08f21a1cee13c0e1d582cd8022236ba960419dac95098be2421932936718b22e5de5a72fbb
✓ Connected to WebSocket
[DEBUG] SEND handshake
[DEBUG] RECV: /meta/handshake 
✓ Handshake OK, clientId: buhm1x4rpneauohuzzrc2vs1hiv37
[DEBUG] SEND connect (first)
[DEBUG] RECV: /meta/connect 
[DEBUG] SEND connect (second)
[DEBUG] SEND login u25-4qn
[DEBUG] RECV: /service/controller loginResponse
✓ Login successful! CID: 160719400
[DEBUG] SEND namerator message

=== SUCCESS ===
Listening for game events... (Ctrl+C to exit)

[DEBUG] RECV: /meta/connect 
[DEBUG] RECV: /service/controller 
[DEBUG] RECV: /service/controller 
[DEBUG] RECV: /service/status status
✓ Game is ACTIVE
[DEBUG] RECV: /service/player message
[DEBUG] RECV: /service/player message

🎉 JOINED AS: u25-4qn
   Player CID: 160719400
[DEBUG] RECV: /service/player message
[DEBUG] RECV: /service/player message
[DEBUG] RECV: /service/player message
[DEBUG] RECV: /service/player message
[DEBUG] RECV: /meta/connect 
[DEBUG] RECV: /service/player message
[DEBUG] RECV: /service/player message
[DEBUG] RECV: /meta/connect 
[DEBUG] RECV: /service/player message
[DEBUG] RECV: /meta/connect 
[DEBUG] RECV: /service/player message
[DEBUG] RECV: /meta/connect 
[DEBUG] RECV: /service/player message
[DEBUG] RECV: /meta/connect 
[DEBUG] RECV: /service/status status
[DEBUG] RECV: /meta/connect 
