
=== Kahoot Auto-Join ===
Game PIN: 2674529
Player: u27-k3o

[1/3] Getting session token...
[DEBUG] Session token (raw): CmpsU2drLF8WXGMOQVVccgloBEBuCAJrKwRQYCN0BX1zDjN6UjFYfVRbbzN4bCAUVSpXe04LUHtOXmVqeWRtBUNhDlgGAXcUPmgUVisIBVYEPzUDOQYoBGZ9fnFUT1dU
[DEBUG] Session token length: 128
[DEBUG] Base64 decoded length: 96
   ✓ Got session token
[2/3] Decoding token...
[DEBUG] Challenge message length: 100
[DEBUG] Offset: 103547
[DEBUG] Decoded challenge length: 100
[DEBUG] Token bytes length: 96
[DEBUG] Final token length: 96
[DEBUG] Final token: a57136aed39e1ff3d7359267a286b3e511f54c99809b28bb7e12807176245176261d156ce3a3bca93fead4a6318096e4
[DEBUG] Token: a57136aed39e1ff3d7359267a286b3e511f54c99809b28bb7e12807176245176261d156ce3a3bca93fead4a6318096e4
   ✓ Token decoded (length: 96)
[3/3] Connecting...

[DEBUG] WebSocket URL: wss://kahoot.it/cometd/2674529/a57136aed39e1ff3d7359267a286b3e511f54c99809b28bb7e12807176245176261d156ce3a3bca93fead4a6318096e4
✓ Connected to WebSocket
[DEBUG] SEND handshake
[DEBUG] RECV: /meta/handshake 
✓ Handshake OK, clientId: bulj6mbsm8eccwvbeno9u1ajhn52
[DEBUG] SEND connect (first)
[DEBUG] RECV: /meta/connect 
[DEBUG] SEND connect (second)
[DEBUG] SEND login u27-k3o
[DEBUG] RECV: /service/controller loginResponse
✓ Login successful! CID: 69853186
[DEBUG] SEND namerator message

=== SUCCESS ===
Listening for game events... (Ctrl+C to exit)

[DEBUG] RECV: /meta/connect 
[DEBUG] RECV: /service/controller 
[DEBUG] RECV: /service/controller 
[DEBUG] RECV: /service/status status
✓ Game is ACTIVE
[DEBUG] RECV: /service/player message

🎉 JOINED AS: u27-k3o
   Player CID: 69853186
[DEBUG] RECV: /service/player message
[DEBUG] RECV: /service/player message
[DEBUG] RECV: /meta/connect 
[DEBUG] RECV: /service/player message
[DEBUG] RECV: /meta/connect 
[DEBUG] RECV: /service/status status
[DEBUG] RECV: /meta/connect 
