
=== Kahoot Auto-Join ===
Game PIN: 2674529
Player: u30-7ho

[1/3] Getting session token...
[DEBUG] Session token (raw): DVVaAn5kZExQGTsjWH5DO11KVgEHA3dyRz1sAUhSVTd0YlhqelcXEi4DCGteRTVZS1lHDT4EcGRuRXtlC38+UEcKdzhrBXhmRW58XBEODXB/WQlvWVtrHXZrKlFMOVtd
[DEBUG] Session token length: 128
[DEBUG] Base64 decoded length: 96
   ✓ Got session token
[2/3] Decoding token...
[DEBUG] Challenge message length: 100
[DEBUG] Offset: 20879100
[DEBUG] Decoded challenge length: 100
[DEBUG] Token bytes length: 96
[DEBUG] Final token length: 96
[DEBUG] Final token: 62b991563eae809e31e27f183d50289b53048caade30e4a32b45d035048636ad2b1a95155303a57895f7b78f03c40b0f
[DEBUG] Token: 62b991563eae809e31e27f183d50289b53048caade30e4a32b45d035048636ad2b1a95155303a57895f7b78f03c40b0f
   ✓ Token decoded (length: 96)
[3/3] Connecting...

[DEBUG] WebSocket URL: wss://kahoot.it/cometd/2674529/62b991563eae809e31e27f183d50289b53048caade30e4a32b45d035048636ad2b1a95155303a57895f7b78f03c40b0f
✓ Connected to WebSocket
[DEBUG] SEND handshake
[DEBUG] RECV: /meta/handshake 
✓ Handshake OK, clientId: buhvilvo6s9ie9go1n5wxfwrqc706
[DEBUG] SEND connect (first)
[DEBUG] RECV: /meta/connect 
[DEBUG] SEND connect (second)
[DEBUG] SEND login u30-7ho
[DEBUG] RECV: /service/controller loginResponse
✓ Login successful! CID: 1148115106
[DEBUG] SEND namerator message

=== SUCCESS ===
Listening for game events... (Ctrl+C to exit)

[DEBUG] RECV: /meta/connect 
[DEBUG] RECV: /service/controller 
[DEBUG] RECV: /service/controller 
[DEBUG] RECV: /service/status status
✓ Game is ACTIVE
[DEBUG] RECV: /service/player message
[DEBUG] RECV: /service/player message

🎉 JOINED AS: u30-7ho
   Player CID: 1148115106
[DEBUG] RECV: /service/player message
[DEBUG] RECV: /service/player message
[DEBUG] RECV: /service/player message
[DEBUG] RECV: /meta/connect 
[DEBUG] RECV: /service/player message
[DEBUG] RECV: /service/player message
[DEBUG] RECV: /meta/connect 
[DEBUG] RECV: /service/player message
[DEBUG] RECV: /meta/connect 
[DEBUG] RECV: /service/player message
[DEBUG] RECV: /meta/connect 
[DEBUG] RECV: /service/player message
[DEBUG] RECV: /meta/connect 
[DEBUG] RECV: /service/status status
[DEBUG] RECV: /meta/connect 
