
=== Kahoot Auto-Join ===
Game PIN: 2674529
Player: u31-b72

[1/3] Getting session token...
[DEBUG] Session token (raw): MhBmPkcBCGhEARFfeFFyawJWalkiV1NBehYCXVYdSV4WVQg1UU4QSVlzQR5kWXhjQwxTKwlXPg89Q3BZNwwMJVVSXzcwTRVdUERWe2RoGw1gSHJWaUZJXycobARvdXc9
[DEBUG] Session token length: 128
[DEBUG] Base64 decoded length: 96
   ✓ Got session token
[2/3] Decoding token...
[DEBUG] Challenge message length: 100
[DEBUG] Offset: 7502
[DEBUG] Decoded challenge length: 100
[DEBUG] Token bytes length: 96
[DEBUG] Final token length: 96
[DEBUG] Final token: ca4c78591bf89718571ae1c25faf0a87de0d35e1c35d513769bc19c4e930e2afb8dac7a8a0d339aa7273860aab4b053e
[DEBUG] Token: ca4c78591bf89718571ae1c25faf0a87de0d35e1c35d513769bc19c4e930e2afb8dac7a8a0d339aa7273860aab4b053e
   ✓ Token decoded (length: 96)
[3/3] Connecting...

[DEBUG] WebSocket URL: wss://kahoot.it/cometd/2674529/ca4c78591bf89718571ae1c25faf0a87de0d35e1c35d513769bc19c4e930e2afb8dac7a8a0d339aa7273860aab4b053e
✓ Connected to WebSocket
[DEBUG] SEND handshake
[DEBUG] RECV: /meta/handshake 
✓ Handshake OK, clientId: bukh12l8oirpb397a10if6ep4vq3ts
[DEBUG] SEND connect (first)
[DEBUG] RECV: /meta/connect 
[DEBUG] SEND connect (second)
[DEBUG] SEND login u31-b72
[DEBUG] RECV: /service/controller loginResponse
✓ Login successful! CID: 1556684398
[DEBUG] SEND namerator message

=== SUCCESS ===
Listening for game events... (Ctrl+C to exit)

[DEBUG] RECV: /meta/connect 
[DEBUG] RECV: /service/controller 
[DEBUG] RECV: /service/controller 
[DEBUG] RECV: /service/status status
✓ Game is ACTIVE
[DEBUG] RECV: /service/player message

🎉 JOINED AS: u31-b72
   Player CID: 1556684398
[DEBUG] RECV: /service/player message
[DEBUG] RECV: /meta/connect 
[DEBUG] RECV: /service/player message
[DEBUG] RECV: /meta/connect 
[DEBUG] RECV: /service/player message
[DEBUG] RECV: /meta/connect 
[DEBUG] RECV: /service/status status
[DEBUG] RECV: /meta/connect 
