
=== Kahoot Auto-Join ===
Game PIN: 2674529
Player: u32-pb8

[1/3] Getting session token...
[DEBUG] Session token (raw): Yw0MLDU0VhZGS15uCgxvIU4CWVYcWGp0URUIXghSUQoXBmV1VX4wfAM8Q1wIXk09CnNbJFxCE1dVWwARBRkJAwsMMn5cUgIWRV56bwBhV2kIYWU4cWpuDxBmBQFhWFJJ
[DEBUG] Session token length: 128
[DEBUG] Base64 decoded length: 96
   ✓ Got session token
[2/3] Decoding token...
[DEBUG] Challenge message length: 100
[DEBUG] Offset: 125312
[DEBUG] Decoded challenge length: 100
[DEBUG] Token bytes length: 96
[DEBUG] Final token length: 96
[DEBUG] Final token: 206dbf4b09a2070d7648f5663d094a1ae65635d01d75848cc0ef67c088fa4b8627c62b7d7d199085894a2811b33445a0
[DEBUG] Token: 206dbf4b09a2070d7648f5663d094a1ae65635d01d75848cc0ef67c088fa4b8627c62b7d7d199085894a2811b33445a0
   ✓ Token decoded (length: 96)
[3/3] Connecting...

[DEBUG] WebSocket URL: wss://kahoot.it/cometd/2674529/206dbf4b09a2070d7648f5663d094a1ae65635d01d75848cc0ef67c088fa4b8627c62b7d7d199085894a2811b33445a0
✓ Connected to WebSocket
[DEBUG] SEND handshake
[DEBUG] RECV: /meta/handshake 
✓ Handshake OK, clientId: bukkywwtlyafb9ebdvzwa6phb59z
[DEBUG] SEND connect (first)
[DEBUG] RECV: /meta/connect 
[DEBUG] SEND connect (second)
[DEBUG] SEND login u32-pb8
[DEBUG] RECV: /service/controller loginResponse
✓ Login successful! CID: 704764142
[DEBUG] SEND namerator message

=== SUCCESS ===
Listening for game events... (Ctrl+C to exit)

[DEBUG] RECV: /meta/connect 
[DEBUG] RECV: /service/controller 
[DEBUG] RECV: /service/controller 
[DEBUG] RECV: /service/status status
✓ Game is ACTIVE
[DEBUG] RECV: /service/player message

🎉 JOINED AS: RedIguana64
   Player CID: 704764142
[DEBUG] RECV: /service/player message
[DEBUG] RECV: /meta/connect 
[DEBUG] RECV: /service/player message
[DEBUG] RECV: /meta/connect 
[DEBUG] RECV: /service/player message
[DEBUG] RECV: /meta/connect 
[DEBUG] RECV: /service/status status
[DEBUG] RECV: /meta/connect 
