
=== Kahoot Auto-Join ===
Game PIN: 2674529
Player: u33-72s

[1/3] Getting session token...
[DEBUG] Session token (raw): BAZ0E2tAd18GGwNzVWBiYnZWJwpkVk48X1Y4FyAPTWNzdQNEA3B5AXQCUABCCkVsTykvMzkJfXR8bFR5aQtRXQBRBzV+TnQVBRwXaF5VaV51CGYGCV5mewVcQBRaUWth
[DEBUG] Session token length: 128
[DEBUG] Base64 decoded length: 96
   ✓ Got session token
[2/3] Decoding token...
[DEBUG] Challenge message length: 100
[DEBUG] Offset: 183848
[DEBUG] Decoded challenge length: 100
[DEBUG] Token bytes length: 96
[DEBUG] Final token length: 96
[DEBUG] Final token: e48c97704b43b81520da599b4daee39975a220714c1a5d018eabb58402a7479c9ffb578d4fc9f47b961afc25094bfc65
[DEBUG] Token: e48c97704b43b81520da599b4daee39975a220714c1a5d018eabb58402a7479c9ffb578d4fc9f47b961afc25094bfc65
   ✓ Token decoded (length: 96)
[3/3] Connecting...

[DEBUG] WebSocket URL: wss://kahoot.it/cometd/2674529/e48c97704b43b81520da599b4daee39975a220714c1a5d018eabb58402a7479c9ffb578d4fc9f47b961afc25094bfc65
✓ Connected to WebSocket
[DEBUG] SEND handshake
[DEBUG] RECV: /meta/handshake 
✓ Handshake OK, clientId: buk71nf22y01vmkkn1ah7w356gnnqo
[DEBUG] SEND connect (first)
[DEBUG] RECV: /meta/connect 
[DEBUG] SEND connect (second)
[DEBUG] SEND login u33-72s
[DEBUG] RECV: /service/controller loginResponse
✓ Login successful! CID: 1779919469
[DEBUG] SEND namerator message

=== SUCCESS ===
Listening for game events... (Ctrl+C to exit)

[DEBUG] RECV: /meta/connect 
[DEBUG] RECV: /service/controller 
[DEBUG] RECV: /service/controller 
[DEBUG] RECV: /service/status status
✓ Game is ACTIVE
[DEBUG] RECV: /service/player message

🎉 JOINED AS: u33-72s
   Player CID: 1779919469
[DEBUG] RECV: /service/player message
[DEBUG] RECV: /meta/connect 
[DEBUG] RECV: /service/player message
[DEBUG] RECV: /meta/connect 
[DEBUG] RECV: /service/player message
[DEBUG] RECV: /meta/connect 
[DEBUG] RECV: /service/status status
[DEBUG] RECV: /meta/connect 
