
=== Kahoot Auto-Join ===
Game PIN: 2674529
Player: u34-ege

[1/3] Getting session token...
[DEBUG] Session token (raw): WAlNCAdBfFoFXWAHdRVTOARQaWVMDWhXeTNzE3cOZG5CIFcBIQ8yDntcZ3JnAARxU10GQVNfDjcEA2ZqbkFSVT8tD1oXBXsQN1QPAU8PajMAUQtXCVkACVVCX1kuMXtv
[DEBUG] Session token length: 128
[DEBUG] Base64 decoded length: 96
   ✓ Got session token
[2/3] Decoding token...
[DEBUG] Challenge message length: 100
[DEBUG] Offset: 877734
[DEBUG] Decoded challenge length: 100
[DEBUG] Token bytes length: 96
[DEBUG] Final token length: 96
[DEBUG] Final token: c956a33a55677e6a5e32569d4f7f5d007f3dc0a87e9160e40896591fa26498faba42ad9cf39f349b21a1e07d2255cf71
[DEBUG] Token: c956a33a55677e6a5e32569d4f7f5d007f3dc0a87e9160e40896591fa26498faba42ad9cf39f349b21a1e07d2255cf71
   ✓ Token decoded (length: 96)
[3/3] Connecting...

[DEBUG] WebSocket URL: wss://kahoot.it/cometd/2674529/c956a33a55677e6a5e32569d4f7f5d007f3dc0a87e9160e40896591fa26498faba42ad9cf39f349b21a1e07d2255cf71
✓ Connected to WebSocket
[DEBUG] SEND handshake
[DEBUG] RECV: /meta/handshake 
✓ Handshake OK, clientId: buhi1bleevq8ctf5ii91294alw0rz
[DEBUG] SEND connect (first)
[DEBUG] RECV: /meta/connect 
[DEBUG] SEND connect (second)
[DEBUG] SEND login u34-ege
[DEBUG] RECV: /service/controller loginResponse
✓ Login successful! CID: 2029966876
[DEBUG] SEND namerator message

=== SUCCESS ===
Listening for game events... (Ctrl+C to exit)

[DEBUG] RECV: /meta/connect 
[DEBUG] RECV: /service/controller 
[DEBUG] RECV: /service/controller 
[DEBUG] RECV: /service/status status
✓ Game is ACTIVE
[DEBUG] RECV: /service/player message

🎉 JOINED AS: u34-ege
   Player CID: 2029966876
[DEBUG] RECV: /service/player message
[DEBUG] RECV: /service/player message
[DEBUG] RECV: /service/player message
[DEBUG] RECV: /service/player message
[DEBUG] RECV: /service/player message
[DEBUG] RECV: /meta/connect 
[DEBUG] RECV: /service/player message
[DEBUG] RECV: /service/player message
[DEBUG] RECV: /meta/connect 
[DEBUG] RECV: /service/player message
[DEBUG] RECV: /meta/connect 
[DEBUG] RECV: /service/player message
[DEBUG] RECV: /meta/connect 
[DEBUG] RECV: /service/player message
[DEBUG] RECV: /meta/connect 
[DEBUG] RECV: /service/status status
[DEBUG] RECV: /meta/connect 
