
=== Kahoot Auto-Join ===
Game PIN: 2674529
Player: u36-4ta

[1/3] Getting session token...
[DEBUG] Session token (raw): SmpAXVhwRjtePTYFVQ5ZXmtyQwdafEEjJVtxVmEJWGBZCA0aWlgGA1RUOC1XW3osbxFfChlyMAooYg8iBVUODgJCPwZfXQNXFRB7UlRFQk1PeUdUDxUmUg0hVVtFECAA
[DEBUG] Session token length: 128
[DEBUG] Base64 decoded length: 96
   ✓ Got session token
[2/3] Decoding token...
[DEBUG] Challenge message length: 100
[DEBUG] Offset: 14860
[DEBUG] Decoded challenge length: 100
[DEBUG] Token bytes length: 96
[DEBUG] Final token length: 96
[DEBUG] Final token: 682c454bdcac33730230580bd10b3e83127fab6ee7ac132d4d55a1b0c76c175356debb5fbf645961930eaacd7b259ac4
[DEBUG] Token: 682c454bdcac33730230580bd10b3e83127fab6ee7ac132d4d55a1b0c76c175356debb5fbf645961930eaacd7b259ac4
   ✓ Token decoded (length: 96)
[3/3] Connecting...

[DEBUG] WebSocket URL: wss://kahoot.it/cometd/2674529/682c454bdcac33730230580bd10b3e83127fab6ee7ac132d4d55a1b0c76c175356debb5fbf645961930eaacd7b259ac4
✓ Connected to WebSocket
[DEBUG] SEND handshake
[DEBUG] RECV: /meta/handshake 
✓ Handshake OK, clientId: buhr41mnvy71ugtx1lwcrt0refco5
[DEBUG] SEND connect (first)
[DEBUG] RECV: /meta/connect 
[DEBUG] SEND connect (second)
[DEBUG] SEND login u36-4ta
[DEBUG] RECV: /service/controller loginResponse
✓ Login successful! CID: 1971446734
[DEBUG] SEND namerator message

=== SUCCESS ===
Listening for game events... (Ctrl+C to exit)

[DEBUG] RECV: /meta/connect 
[DEBUG] RECV: /service/controller 
[DEBUG] RECV: /service/controller 
[DEBUG] RECV: /service/status status
✓ Game is ACTIVE
[DEBUG] RECV: /service/player message
[DEBUG] RECV: /service/player message

🎉 JOINED AS: u36-4ta
   Player CID: 1971446734
[DEBUG] RECV: /service/player message
[DEBUG] RECV: /service/player message
[DEBUG] RECV: /service/player message
[DEBUG] RECV: /meta/connect 
[DEBUG] RECV: /service/player message
[DEBUG] RECV: /service/player message
[DEBUG] RECV: /service/player message
[DEBUG] RECV: /meta/connect 
[DEBUG] RECV: /service/player message
[DEBUG] RECV: /meta/connect 
[DEBUG] RECV: /service/player message
[DEBUG] RECV: /meta/connect 
[DEBUG] RECV: /service/status status
[DEBUG] RECV: /meta/connect 
