
=== Kahoot Auto-Join ===
Game PIN: 2674529
Player: u37-kz4

[1/3] Getting session token...
[DEBUG] Session token (raw): A3d9SwtjdSl7aGkoVQgPb2A5T0xuLFYCbUQUSHx3JxVyMwpJeiVraUElf1EzMV8NQ30lCWFzaHgMBG9uD1dZBzkGdhQKACxPKBRMAQBRMwA2V14ABR4BBCYZC2YNAyUJ
[DEBUG] Session token length: 128
[DEBUG] Base64 decoded length: 96
   ✓ Got session token
[2/3] Decoding token...
[DEBUG] Challenge message length: 100
[DEBUG] Offset: 25954
[DEBUG] Decoded challenge length: 100
[DEBUG] Token bytes length: 96
[DEBUG] Final token length: 96
[DEBUG] Final token: 6751652c711c4fb84f508f7396a162db3e420a268d59ef2277e81443ae43047aaf6ef1f6af40fdd7e19e0b6efeb926b9
[DEBUG] Token: 6751652c711c4fb84f508f7396a162db3e420a268d59ef2277e81443ae43047aaf6ef1f6af40fdd7e19e0b6efeb926b9
   ✓ Token decoded (length: 96)
[3/3] Connecting...

[DEBUG] WebSocket URL: wss://kahoot.it/cometd/2674529/6751652c711c4fb84f508f7396a162db3e420a268d59ef2277e81443ae43047aaf6ef1f6af40fdd7e19e0b6efeb926b9
✓ Connected to WebSocket
[DEBUG] SEND handshake
[DEBUG] RECV: /meta/handshake 
✓ Handshake OK, clientId: buhw1tay3q7apz8np1d9eo26n8g8ys
[DEBUG] SEND connect (first)
[DEBUG] RECV: /meta/connect 
[DEBUG] SEND connect (second)
[DEBUG] SEND login u37-kz4
[DEBUG] RECV: /service/controller loginResponse
✓ Login successful! CID: 1314954918
[DEBUG] SEND namerator message

=== SUCCESS ===
Listening for game events... (Ctrl+C to exit)

[DEBUG] RECV: /meta/connect 
[DEBUG] RECV: /service/controller 
[DEBUG] RECV: /service/controller 
[DEBUG] RECV: /service/status status
✓ Game is ACTIVE
[DEBUG] RECV: /service/player message

🎉 JOINED AS: u37-kz4
   Player CID: 1314954918
[DEBUG] RECV: /service/player message
[DEBUG] RECV: /service/player message
[DEBUG] RECV: /service/player message
[DEBUG] RECV: /service/player message
[DEBUG] RECV: /meta/connect 
[DEBUG] RECV: /service/player message
[DEBUG] RECV: /service/player message
[DEBUG] RECV: /meta/connect 
[DEBUG] RECV: /service/player message
[DEBUG] RECV: /meta/connect 
[DEBUG] RECV: /service/player message
[DEBUG] RECV: /meta/connect 
[DEBUG] RECV: /service/status status
[DEBUG] RECV: /meta/connect 
