
=== Kahoot Auto-Join ===
Game PIN: 2674529
Player: u40-6tn

[1/3] Getting session token...
[DEBUG] Session token (raw): C1xvV2o/CAhNFnxeJw8FfkVVRAFRB18IeTIGZyc6Tgl6bDJ1DFQ9XAJrQGpcXEgVXzBCCCtAUwRSWjYLXn9UIFt7KFhKC3FwajALBENfUQJ9ZSVvSx9QZQgOI1stAFor
[DEBUG] Session token length: 128
[DEBUG] Base64 decoded length: 96
   ✓ Got session token
[2/3] Decoding token...
[DEBUG] Challenge message length: 100
[DEBUG] Offset: 268869
[DEBUG] Decoded challenge length: 100
[DEBUG] Token bytes length: 96
[DEBUG] Final token length: 96
[DEBUG] Final token: ec040eff1f20a5e83733b11c9dc6cf7f14f1e4d2a756273c7b1bd303d0c656cd16e796573f8f313f84b87cf2f9d5a65d
[DEBUG] Token: ec040eff1f20a5e83733b11c9dc6cf7f14f1e4d2a756273c7b1bd303d0c656cd16e796573f8f313f84b87cf2f9d5a65d
   ✓ Token decoded (length: 96)
[3/3] Connecting...

[DEBUG] WebSocket URL: wss://kahoot.it/cometd/2674529/ec040eff1f20a5e83733b11c9dc6cf7f14f1e4d2a756273c7b1bd303d0c656cd16e796573f8f313f84b87cf2f9d5a65d
✓ Connected to WebSocket
[DEBUG] SEND handshake
[DEBUG] RECV: /meta/handshake 
✓ Handshake OK, clientId: buhp1gsmvmbqm3pxjdubdc4ejjwz1
[DEBUG] SEND connect (first)
[DEBUG] RECV: /meta/connect 
[DEBUG] SEND connect (second)
[DEBUG] SEND login u40-6tn
[DEBUG] RECV: /service/controller loginResponse
✓ Login successful! CID: 768009295
[DEBUG] SEND namerator message

=== SUCCESS ===
Listening for game events... (Ctrl+C to exit)

[DEBUG] RECV: /meta/connect 
[DEBUG] RECV: /service/controller 
[DEBUG] RECV: /service/controller 
[DEBUG] RECV: /service/status status
✓ Game is ACTIVE
[DEBUG] RECV: /service/player message
[DEBUG] RECV: /service/player message

🎉 JOINED AS: u40-6tn
   Player CID: 768009295
[DEBUG] RECV: /service/player message
[DEBUG] RECV: /service/player message
[DEBUG] RECV: /service/player message
[DEBUG] RECV: /service/player message
[DEBUG] RECV: /meta/connect 
[DEBUG] RECV: /service/player message
[DEBUG] RECV: /service/player message
[DEBUG] RECV: /meta/connect 
[DEBUG] RECV: /service/player message
[DEBUG] RECV: /meta/connect 
[DEBUG] RECV: /service/player message
[DEBUG] RECV: /meta/connect 
[DEBUG] RECV: /service/player message
[DEBUG] RECV: /meta/connect 
[DEBUG] RECV: /service/status status
[DEBUG] RECV: /meta/connect 
