
=== Kahoot Auto-Join ===
Game PIN: 2674529
Player: u41-f7h

[1/3] Getting session token...
[DEBUG] Session token (raw): BElDLV8be1dPdGJtVjB6XCAUCDMTH3ZXemdlQCkGBg97BRI5Uw4HCmlbDVYWWFccLWdyCF9QXl1rKApdZHkfbhAFCA8BRG9QG0hCfl0OBjdUfUJkAgJla1BQAG8CVQkQ
[DEBUG] Session token length: 128
[DEBUG] Base64 decoded length: 96
   ✓ Got session token
[2/3] Decoding token...
[DEBUG] Challenge message length: 100
[DEBUG] Offset: 1244
[DEBUG] Decoded challenge length: 100
[DEBUG] Token bytes length: 96
[DEBUG] Final token length: 96
[DEBUG] Final token: 880e7b7164007f04bd8edd181686c2e274bf8a6c7489e52db855b2654d0033c6f4480679b168928b71287c868160dd8a
[DEBUG] Token: 880e7b7164007f04bd8edd181686c2e274bf8a6c7489e52db855b2654d0033c6f4480679b168928b71287c868160dd8a
   ✓ Token decoded (length: 96)
[3/3] Connecting...

[DEBUG] WebSocket URL: wss://kahoot.it/cometd/2674529/880e7b7164007f04bd8edd181686c2e274bf8a6c7489e52db855b2654d0033c6f4480679b168928b71287c868160dd8a
✓ Connected to WebSocket
[DEBUG] SEND handshake
[DEBUG] RECV: /meta/handshake 
✓ Handshake OK, clientId: bukx1tiablx59xx3n1x42tka7lboc
[DEBUG] SEND connect (first)
[DEBUG] RECV: /meta/connect 
[DEBUG] SEND connect (second)
[DEBUG] SEND login u41-f7h
[DEBUG] RECV: /service/controller loginResponse
✓ Login successful! CID: 274840414
[DEBUG] SEND namerator message

=== SUCCESS ===
Listening for game events... (Ctrl+C to exit)

[DEBUG] RECV: /meta/connect 
[DEBUG] RECV: /service/controller 
[DEBUG] RECV: /service/controller 
[DEBUG] RECV: /service/status status
✓ Game is ACTIVE
[DEBUG] RECV: /service/player message

🎉 JOINED AS: u41-f7h
   Player CID: 274840414
[DEBUG] RECV: /service/player message
[DEBUG] RECV: /service/player message
[DEBUG] RECV: /meta/connect 
[DEBUG] RECV: /service/player message
[DEBUG] RECV: /meta/connect 
[DEBUG] RECV: /service/status status
[DEBUG] RECV: /meta/connect 
