
=== Kahoot Auto-Join ===
Game PIN: 2674529
Player: u41-hax

[1/3] Getting session token...
[DEBUG] Session token (raw): OhlwASVMG3IoH24IblFlYAgfFQBbDC5TdlsOBAVvBEAuJ3cEWX1sTQQSQF12KQ97VmkmPmYJe11PCixiZkt8LHciVW8zWDNcK1gEOXRgFXBwVwA5Jj0oVCtMeV4ifiRo
[DEBUG] Session token length: 128
[DEBUG] Base64 decoded length: 96
   ✓ Got session token
[2/3] Decoding token...
[DEBUG] Challenge message length: 100
[DEBUG] Offset: 1888
[DEBUG] Decoded challenge length: 100
[DEBUG] Token bytes length: 96
[DEBUG] Final token length: 96
[DEBUG] Final token: ba7da8b8af3f10469dff9ac1625c9160ae11f759ec4e4ea2a8ef580341b3808f5fb4fcbac47b78e150faedacf728f3b1
[DEBUG] Token: ba7da8b8af3f10469dff9ac1625c9160ae11f759ec4e4ea2a8ef580341b3808f5fb4fcbac47b78e150faedacf728f3b1
   ✓ Token decoded (length: 96)
[3/3] Connecting...

[DEBUG] WebSocket URL: wss://kahoot.it/cometd/2674529/ba7da8b8af3f10469dff9ac1625c9160ae11f759ec4e4ea2a8ef580341b3808f5fb4fcbac47b78e150faedacf728f3b1
✓ Connected to WebSocket
[DEBUG] SEND handshake
[DEBUG] RECV: /meta/handshake 
✓ Handshake OK, clientId: buhzbc9w8dvk3j7jo8metgr1dkz6
[DEBUG] SEND connect (first)
[DEBUG] RECV: /meta/connect 
[DEBUG] SEND connect (second)
[DEBUG] SEND login u41-hax
[DEBUG] RECV: /service/controller loginResponse
✓ Login successful! CID: 1675656945
[DEBUG] SEND namerator message

=== SUCCESS ===
Listening for game events... (Ctrl+C to exit)

[DEBUG] RECV: /meta/connect 
[DEBUG] RECV: /service/controller 
[DEBUG] RECV: /service/controller 
[DEBUG] RECV: /service/status status
✓ Game is ACTIVE
[DEBUG] RECV: /service/player message

🎉 JOINED AS: u41-hax
   Player CID: 1675656945
[DEBUG] RECV: /service/player message
[DEBUG] RECV: /service/player message
[DEBUG] RECV: /service/player message
[DEBUG] RECV: /service/player message
[DEBUG] RECV: /meta/connect 
[DEBUG] RECV: /service/player message
[DEBUG] RECV: /service/player message
[DEBUG] RECV: /meta/connect 
[DEBUG] RECV: /service/player message
[DEBUG] RECV: /meta/connect 
[DEBUG] RECV: /service/player message
[DEBUG] RECV: /meta/connect 
[DEBUG] RECV: /service/status status
[DEBUG] RECV: /meta/connect 
