
=== Kahoot Auto-Join ===
Game PIN: 2674529
Player: u44-amy

[1/3] Getting session token...
[DEBUG] Session token (raw): fQ4jA0RQc14yCV1YARlWXkI7OAQAU18FFwttVgVQaStrUUIEVgtVKAM8BQNSTCFCTX5GanR/fFJVew5aCC4fVTs4UWldc3dhMhdWb1Z6LlExUUoABxt9QlRnKihPOlll
[DEBUG] Session token length: 128
[DEBUG] Base64 decoded length: 96
   ✓ Got session token
[2/3] Decoding token...
[DEBUG] Challenge message length: 100
[DEBUG] Offset: 66555
[DEBUG] Decoded challenge length: 100
[DEBUG] Token bytes length: 96
[DEBUG] Final token length: 96
[DEBUG] Final token: 68bd8419b2b45a697ce3e433cc19b16a506c612adf8b38c215661673c1eb1de2dfd1d735bec101b1e2041b6785cc3b00
[DEBUG] Token: 68bd8419b2b45a697ce3e433cc19b16a506c612adf8b38c215661673c1eb1de2dfd1d735bec101b1e2041b6785cc3b00
   ✓ Token decoded (length: 96)
[3/3] Connecting...

[DEBUG] WebSocket URL: wss://kahoot.it/cometd/2674529/68bd8419b2b45a697ce3e433cc19b16a506c612adf8b38c215661673c1eb1de2dfd1d735bec101b1e2041b6785cc3b00
✓ Connected to WebSocket
[DEBUG] SEND handshake
[DEBUG] RECV: /meta/handshake 
✓ Handshake OK, clientId: bui71dcswqoeqkyb3gj8oeg9wwcyb
[DEBUG] SEND connect (first)
[DEBUG] RECV: /meta/connect 
[DEBUG] SEND connect (second)
[DEBUG] SEND login u44-amy
[DEBUG] RECV: /service/controller loginResponse
✓ Login successful! CID: 1264814576
[DEBUG] SEND namerator message

=== SUCCESS ===
Listening for game events... (Ctrl+C to exit)

[DEBUG] RECV: /meta/connect 
[DEBUG] RECV: /service/controller 
[DEBUG] RECV: /service/controller 
[DEBUG] RECV: /service/status status
✓ Game is ACTIVE
[DEBUG] RECV: /service/player message
[DEBUG] RECV: /service/player message

🎉 JOINED AS: u44-amy
   Player CID: 1264814576
[DEBUG] RECV: /service/player message
[DEBUG] RECV: /service/player message
[DEBUG] RECV: /service/player message
[DEBUG] RECV: /meta/connect 
[DEBUG] RECV: /service/player message
[DEBUG] RECV: /meta/connect 
[DEBUG] RECV: /service/player message
[DEBUG] RECV: /meta/connect 
[DEBUG] RECV: /service/player message
[DEBUG] RECV: /meta/connect 
[DEBUG] RECV: /service/status status
[DEBUG] RECV: /meta/connect 
