
=== Kahoot Auto-Join ===
Game PIN: 2674529
Player: u48-ygx

[1/3] Getting session token...
[DEBUG] Session token (raw): RV8MAxcOBFNsA2ERY0hTNFwFb1d/WXo/XVpRABRwLQIEAWQAdisHdnNeBg0dbnoaJWJvUE1EQzxHRQA8LAxdFXsiVl5JPgRLZFw+ZmdALzcMdHB6WApKC1sxQAdSWnQx
[DEBUG] Session token length: 128
[DEBUG] Base64 decoded length: 96
   ✓ Got session token
[2/3] Decoding token...
[DEBUG] Challenge message length: 100
[DEBUG] Offset: 2066
[DEBUG] Decoded challenge length: 100
[DEBUG] Token bytes length: 96
[DEBUG] Final token length: 96
[DEBUG] Final token: 51cec0db7f4a11bd9185305bd2ecd6f19d0b4da3347df60bd964612f06cccf6b9a3d9ff720d120ffb444169cba0e007a
[DEBUG] Token: 51cec0db7f4a11bd9185305bd2ecd6f19d0b4da3347df60bd964612f06cccf6b9a3d9ff720d120ffb444169cba0e007a
   ✓ Token decoded (length: 96)
[3/3] Connecting...

[DEBUG] WebSocket URL: wss://kahoot.it/cometd/2674529/51cec0db7f4a11bd9185305bd2ecd6f19d0b4da3347df60bd964612f06cccf6b9a3d9ff720d120ffb444169cba0e007a
✓ Connected to WebSocket
[DEBUG] SEND handshake
[DEBUG] RECV: /meta/handshake 
✓ Handshake OK, clientId: bui1gblxo2bxanc01nguknwxwbscz
[DEBUG] SEND connect (first)
[DEBUG] RECV: /meta/connect 
[DEBUG] SEND connect (second)
[DEBUG] SEND login u48-ygx
[DEBUG] RECV: /service/controller loginResponse
✓ Login successful! CID: 1107247576
[DEBUG] SEND namerator message

=== SUCCESS ===
Listening for game events... (Ctrl+C to exit)

[DEBUG] RECV: /meta/connect 
[DEBUG] RECV: /service/controller 
[DEBUG] RECV: /service/controller 
[DEBUG] RECV: /service/status status
✓ Game is ACTIVE
[DEBUG] RECV: /service/player message
[DEBUG] RECV: /service/player message

🎉 JOINED AS: u48-ygx
   Player CID: 1107247576
[DEBUG] RECV: /service/player message
[DEBUG] RECV: /service/player message
[DEBUG] RECV: /meta/connect 
[DEBUG] RECV: /service/player message
[DEBUG] RECV: /service/player message
[DEBUG] RECV: /meta/connect 
[DEBUG] RECV: /service/player message
[DEBUG] RECV: /meta/connect 
[DEBUG] RECV: /service/player message
[DEBUG] RECV: /meta/connect 
[DEBUG] RECV: /service/status status
[DEBUG] RECV: /meta/connect 
