
=== Kahoot Auto-Join ===
Game PIN: 2674529
Player: u54-pyw

[1/3] Getting session token...
[DEBUG] Session token (raw): OgtxXR93WWlfUQgEFgVtTwoMCV99OXEQfQpQBE0fL0RJKF92cQhwJwBVWntXTlVzY1QEdwoPUCtzB2gVUDYHMkRIVyd9Ilw1HF4dZFVsY1NxdF8FWwRADCcFDl96DXpD
[DEBUG] Session token length: 128
[DEBUG] Base64 decoded length: 96
   ✓ Got session token
[2/3] Decoding token...
[DEBUG] Challenge message length: 100
[DEBUG] Offset: 72929974
[DEBUG] Decoded challenge length: 100
[DEBUG] Token bytes length: 96
[DEBUG] Final token length: 96
[DEBUG] Final token: b62dd9e81db3c65830c66a3b43c99fa68e55060f587796884ac14f8f0d8fea8c514f5b1affa7f47f89086e60e5621e53
[DEBUG] Token: b62dd9e81db3c65830c66a3b43c99fa68e55060f587796884ac14f8f0d8fea8c514f5b1affa7f47f89086e60e5621e53
   ✓ Token decoded (length: 96)
[3/3] Connecting...

[DEBUG] WebSocket URL: wss://kahoot.it/cometd/2674529/b62dd9e81db3c65830c66a3b43c99fa68e55060f587796884ac14f8f0d8fea8c514f5b1affa7f47f89086e60e5621e53
✓ Connected to WebSocket
[DEBUG] SEND handshake
[DEBUG] RECV: /meta/handshake 
✓ Handshake OK, clientId: bul3riq9ls3fp18t156559ap8ohsr
[DEBUG] SEND connect (first)
[DEBUG] RECV: /meta/connect 
[DEBUG] SEND connect (second)
[DEBUG] SEND login u54-pyw
[DEBUG] RECV: /service/controller loginResponse
✓ Login successful! CID: 1762937981
[DEBUG] SEND namerator message

=== SUCCESS ===
Listening for game events... (Ctrl+C to exit)

[DEBUG] RECV: /meta/connect 
[DEBUG] RECV: /service/controller 
[DEBUG] RECV: /service/controller 
[DEBUG] RECV: /service/status status
✓ Game is ACTIVE
[DEBUG] RECV: /service/player message
[DEBUG] RECV: /service/player message

🎉 JOINED AS: u54-pyw
   Player CID: 1762937981
[DEBUG] RECV: /service/player message
[DEBUG] RECV: /meta/connect 
[DEBUG] RECV: /service/player message
[DEBUG] RECV: /meta/connect 
[DEBUG] RECV: /service/status status
[DEBUG] RECV: /meta/connect 
