
=== Kahoot Auto-Join ===
Game PIN: 2674529
Player: u57-jp2

[1/3] Getting session token...
[DEBUG] Session token (raw): R0QzVVA1Bw9+NlYWaiVNNFxVQggLZz9VSwRYcmtfM1JmWH5YfjRTWVoHajNbWGZbG210VVgNRjZoDDVlWAEJXn8MXXMEGlYLXH9oVHZEHV5Kc1sUDF9zBGIJLzwDaTQJ
[DEBUG] Session token length: 128
[DEBUG] Base64 decoded length: 96
   ✓ Got session token
[2/3] Decoding token...
[DEBUG] Challenge message length: 100
[DEBUG] Offset: 4842
[DEBUG] Decoded challenge length: 100
[DEBUG] Token bytes length: 96
[DEBUG] Final token length: 96
[DEBUG] Final token: 33bffb633b9b6e6f397266ab0e9036a62e458c715b2f2587b538bb1e0ae4444396496f0a851f80fa342c996719cd61aa
[DEBUG] Token: 33bffb633b9b6e6f397266ab0e9036a62e458c715b2f2587b538bb1e0ae4444396496f0a851f80fa342c996719cd61aa
   ✓ Token decoded (length: 96)
[3/3] Connecting...

[DEBUG] WebSocket URL: wss://kahoot.it/cometd/2674529/33bffb633b9b6e6f397266ab0e9036a62e458c715b2f2587b538bb1e0ae4444396496f0a851f80fa342c996719cd61aa
✓ Connected to WebSocket
[DEBUG] SEND handshake
[DEBUG] RECV: /meta/handshake 
✓ Handshake OK, clientId: buihgmd08toqfa10ozpq4hdyfxig
[DEBUG] SEND connect (first)
[DEBUG] RECV: /meta/connect 
[DEBUG] SEND connect (second)
[DEBUG] SEND login u57-jp2
[DEBUG] RECV: /service/controller loginResponse
✓ Login successful! CID: 1461460597
[DEBUG] SEND namerator message

=== SUCCESS ===
Listening for game events... (Ctrl+C to exit)

[DEBUG] RECV: /meta/connect 
[DEBUG] RECV: /service/controller 
[DEBUG] RECV: /service/controller 
[DEBUG] RECV: /service/status status
✓ Game is ACTIVE
[DEBUG] RECV: /service/player message
[DEBUG] RECV: /service/player message

🎉 JOINED AS: u57-jp2
   Player CID: 1461460597
[DEBUG] RECV: /service/player message
[DEBUG] RECV: /service/player message
[DEBUG] RECV: /service/player message
[DEBUG] RECV: /meta/connect 
[DEBUG] RECV: /service/player message
[DEBUG] RECV: /service/player message
[DEBUG] RECV: /meta/connect 
[DEBUG] RECV: /service/player message
[DEBUG] RECV: /meta/connect 
[DEBUG] RECV: /service/player message
[DEBUG] RECV: /meta/connect 
[DEBUG] RECV: /service/status status
[DEBUG] RECV: /meta/connect 
