
=== Kahoot Auto-Join ===
Game PIN: 2674529
Player: u58-evq

[1/3] Getting session token...
[DEBUG] Session token (raw): ZWpgOAIbJXp/I2tERl8KfUEKXgpqFjgQWVYGAUE2ZHo8RFsEdD0nAg5XV143V3svSQBvf0daTz4PHj48cXQ+DQcqDAdYMwdVGhR2WFYxaARkDxNfVAs1Xm8/JH9iThdm
[DEBUG] Session token length: 128
[DEBUG] Base64 decoded length: 96
   ✓ Got session token
[2/3] Decoding token...
[DEBUG] Challenge message length: 100
[DEBUG] Offset: 33760
[DEBUG] Decoded challenge length: 100
[DEBUG] Token bytes length: 96
[DEBUG] Final token length: 96
[DEBUG] Final token: 747b0cc15d07497309048cee1a1c4e91d7e90db87f72eb3b5610607cafca37cc4fd0de12af88ec8c7fd249c12ae402d1
[DEBUG] Token: 747b0cc15d07497309048cee1a1c4e91d7e90db87f72eb3b5610607cafca37cc4fd0de12af88ec8c7fd249c12ae402d1
   ✓ Token decoded (length: 96)
[3/3] Connecting...

[DEBUG] WebSocket URL: wss://kahoot.it/cometd/2674529/747b0cc15d07497309048cee1a1c4e91d7e90db87f72eb3b5610607cafca37cc4fd0de12af88ec8c7fd249c12ae402d1
✓ Connected to WebSocket
[DEBUG] SEND handshake
[DEBUG] RECV: /meta/handshake 
✓ Handshake OK, clientId: buiabchb3fwdz7ebi3f6qg91yoc5
[DEBUG] SEND connect (first)
[DEBUG] RECV: /meta/connect 
[DEBUG] SEND connect (second)
[DEBUG] SEND login u58-evq
[DEBUG] RECV: /service/controller loginResponse
✓ Login successful! CID: 1828799659
[DEBUG] SEND namerator message

=== SUCCESS ===
Listening for game events... (Ctrl+C to exit)

[DEBUG] RECV: /meta/connect 
[DEBUG] RECV: /service/controller 
[DEBUG] RECV: /service/controller 
[DEBUG] RECV: /service/status status
✓ Game is ACTIVE
[DEBUG] RECV: /service/player message
[DEBUG] RECV: /service/player message

🎉 JOINED AS: u58-evq
   Player CID: 1828799659
[DEBUG] RECV: /service/player message
[DEBUG] RECV: /service/player message
[DEBUG] RECV: /service/player message
[DEBUG] RECV: /meta/connect 
[DEBUG] RECV: /service/player message
[DEBUG] RECV: /service/player message
[DEBUG] RECV: /meta/connect 
[DEBUG] RECV: /service/player message
[DEBUG] RECV: /meta/connect 
[DEBUG] RECV: /service/player message
[DEBUG] RECV: /meta/connect 
[DEBUG] RECV: /service/status status
[DEBUG] RECV: /meta/connect 
