
=== Kahoot Auto-Join ===
Game PIN: 2674529
Player: u59-qg3

[1/3] Getting session token...
[DEBUG] Session token (raw): YEMEbQ1ACksGPFpQD2EyWA4ZFgtpXSZIClENAixaVUBjW1MjM2JyejpnZBcUYipBWSQABSoaJgVgb2ZdVAldaXF+ZxkABxxTXx4AUn9mFVtcB2ttegQ+AyRSVyZuDGde
[DEBUG] Session token length: 128
[DEBUG] Base64 decoded length: 96
   ✓ Got session token
[2/3] Decoding token...
[DEBUG] Challenge message length: 100
[DEBUG] Offset: 345779312
[DEBUG] Decoded challenge length: 100
[DEBUG] Token bytes length: 96
[DEBUG] Final token length: 96
[DEBUG] Final token: 077498a1aa36c0be4eb991c95793eb259a4af629d94ee1b07f5caafc00650847967bebfe8d2756e6c7438ecdabed9367
[DEBUG] Token: 077498a1aa36c0be4eb991c95793eb259a4af629d94ee1b07f5caafc00650847967bebfe8d2756e6c7438ecdabed9367
   ✓ Token decoded (length: 96)
[3/3] Connecting...

[DEBUG] WebSocket URL: wss://kahoot.it/cometd/2674529/077498a1aa36c0be4eb991c95793eb259a4af629d94ee1b07f5caafc00650847967bebfe8d2756e6c7438ecdabed9367
✓ Connected to WebSocket
[DEBUG] SEND handshake
[DEBUG] RECV: /meta/handshake 
✓ Handshake OK, clientId: buko9cf3bxwjkaji1apvnv81am752
[DEBUG] SEND connect (first)
[DEBUG] RECV: /meta/connect 
[DEBUG] SEND connect (second)
[DEBUG] SEND login u59-qg3
[DEBUG] RECV: /service/controller loginResponse
✓ Login successful! CID: 88702863
[DEBUG] SEND namerator message

=== SUCCESS ===
Listening for game events... (Ctrl+C to exit)

[DEBUG] RECV: /meta/connect 
[DEBUG] RECV: /service/controller 
[DEBUG] RECV: /service/controller 
[DEBUG] RECV: /service/status status
✓ Game is ACTIVE
[DEBUG] RECV: /service/player message

🎉 JOINED AS: u59-qg3
   Player CID: 88702863
[DEBUG] RECV: /service/player message
[DEBUG] RECV: /service/player message
[DEBUG] RECV: /meta/connect 
[DEBUG] RECV: /service/player message
[DEBUG] RECV: /meta/connect 
[DEBUG] RECV: /service/status status
[DEBUG] RECV: /meta/connect 
