
=== Kahoot Auto-Join ===
Game PIN: 2674529
Player: u6-v06

[1/3] Getting session token...
[DEBUG] Session token (raw): dg1kLiIHJnkeW1AiDw5uVFQhCyBIPicgGn1fFTVdDgp9c1Y3Ik4JBGRbZF8VdX0dAB0NFkEQZz5AWjcrWEZsdQpRcX5BTXZWdVx2ITAqVFl8RVFTGlgJcnBcOwx5XTsF
[DEBUG] Session token length: 128
[DEBUG] Base64 decoded length: 96
   ✓ Got session token
[2/3] Decoding token...
[DEBUG] Challenge message length: 100
[DEBUG] Offset: 10811
[DEBUG] Decoded challenge length: 100
[DEBUG] Token bytes length: 96
[DEBUG] Final token length: 96
[DEBUG] Final token: 9f1ee3a8fccf5835efbc1ccea2fcc1f2477ab7b37326e62e7d5d9c5d99cb30347053057c105dae9b7215c3904aa626d7
[DEBUG] Token: 9f1ee3a8fccf5835efbc1ccea2fcc1f2477ab7b37326e62e7d5d9c5d99cb30347053057c105dae9b7215c3904aa626d7
   ✓ Token decoded (length: 96)
[3/3] Connecting...

[DEBUG] WebSocket URL: wss://kahoot.it/cometd/2674529/9f1ee3a8fccf5835efbc1ccea2fcc1f2477ab7b37326e62e7d5d9c5d99cb30347053057c105dae9b7215c3904aa626d7
✓ Connected to WebSocket
[DEBUG] SEND handshake
[DEBUG] RECV: /meta/handshake 
✓ Handshake OK, clientId: bujwb3r2l6qi275fzsr23k8b91ni
[DEBUG] SEND connect (first)
[DEBUG] RECV: /meta/connect 
[DEBUG] SEND connect (second)
[DEBUG] SEND login u6-v06
[DEBUG] RECV: /service/controller loginResponse
✓ Login successful! CID: 1513795225
[DEBUG] SEND namerator message

=== SUCCESS ===
Listening for game events... (Ctrl+C to exit)

[DEBUG] RECV: /meta/connect 
[DEBUG] RECV: /service/controller 
[DEBUG] RECV: /service/controller 
[DEBUG] RECV: /service/status status
✓ Game is ACTIVE
[DEBUG] RECV: /service/player message

🎉 JOINED AS: u6-v06
   Player CID: 1513795225
[DEBUG] RECV: /service/player message
[DEBUG] RECV: /meta/connect 
[DEBUG] RECV: /service/player message
[DEBUG] RECV: /meta/connect 
[DEBUG] RECV: /service/player message
[DEBUG] RECV: /meta/connect 
[DEBUG] RECV: /service/status status
[DEBUG] RECV: /meta/connect 
