
=== Kahoot Auto-Join ===
Game PIN: 2674529
Player: u60-zix

[1/3] Getting session token...
[DEBUG] Session token (raw): TUZYe0tQNCxDDG9NBXgtAwsHbm9wVVIRfjxvLXJnMQYBX0VmDntndDBpGgdLaHkoV3EHAFZkIgdAa0t+WQ9QbnwFe3l6UnhQXVUJRBZIZwJZEW56QGcBWXNBXj5BcXta
[DEBUG] Session token length: 128
[DEBUG] Base64 decoded length: 96
   ✓ Got session token
[2/3] Decoding token...
[DEBUG] Challenge message length: 100
[DEBUG] Offset: 906440
[DEBUG] Decoded challenge length: 100
[DEBUG] Token bytes length: 96
[DEBUG] Final token length: 96
[DEBUG] Final token: 40f199dc565426befc61311f3a1f35bca1209082f3c3209d493478d02933e00866659b9b3f22a15dfc19976b11ac3357
[DEBUG] Token: 40f199dc565426befc61311f3a1f35bca1209082f3c3209d493478d02933e00866659b9b3f22a15dfc19976b11ac3357
   ✓ Token decoded (length: 96)
[3/3] Connecting...

[DEBUG] WebSocket URL: wss://kahoot.it/cometd/2674529/40f199dc565426befc61311f3a1f35bca1209082f3c3209d493478d02933e00866659b9b3f22a15dfc19976b11ac3357
✓ Connected to WebSocket
[DEBUG] SEND handshake
[DEBUG] RECV: /meta/handshake 
✓ Handshake OK, clientId: buif6qx5zqtbxcl02z97jbielnh1
[DEBUG] SEND connect (first)
[DEBUG] RECV: /meta/connect 
[DEBUG] SEND connect (second)
[DEBUG] SEND login u60-zix
[DEBUG] RECV: /service/controller loginResponse
✓ Login successful! CID: 506435741
[DEBUG] SEND namerator message

=== SUCCESS ===
Listening for game events... (Ctrl+C to exit)

[DEBUG] RECV: /meta/connect 
[DEBUG] RECV: /service/controller 
[DEBUG] RECV: /service/controller 
[DEBUG] RECV: /service/status status
✓ Game is ACTIVE
[DEBUG] RECV: /service/player message

🎉 JOINED AS: u60-zix
   Player CID: 506435741
[DEBUG] RECV: /service/player message
[DEBUG] RECV: /service/player message
[DEBUG] RECV: /service/player message
[DEBUG] RECV: /meta/connect 
[DEBUG] RECV: /service/player message
[DEBUG] RECV: /meta/connect 
[DEBUG] RECV: /service/player message
[DEBUG] RECV: /meta/connect 
[DEBUG] RECV: /service/player message
[DEBUG] RECV: /meta/connect 
[DEBUG] RECV: /service/status status
[DEBUG] RECV: /meta/connect 
