
=== Kahoot Auto-Join ===
Game PIN: 2674529
Player: u62-9di

[1/3] Getting session token...
[DEBUG] Session token (raw): aXl+U2dAcRdEaQQBUxsOUk5VA1URBEwCAkBXDkAKZVIkWlplQgQAASVCACBjdzFjY0QFEkRaGC48P0JCQUhdUURUA0dfRVBiD1MfMWJsHCpaCXFzAERYQy0LGmMWXndG
[DEBUG] Session token length: 128
[DEBUG] Base64 decoded length: 96
   ✓ Got session token
[2/3] Decoding token...
[DEBUG] Challenge message length: 100
[DEBUG] Offset: 439866
[DEBUG] Decoded challenge length: 100
[DEBUG] Token bytes length: 96
[DEBUG] Final token length: 96
[DEBUG] Final token: 3934502a7868faf3666fae73c2366939bca6033da07c92c1327f3ebafd55528a6af46385b3de16dd9958a484bea9f731
[DEBUG] Token: 3934502a7868faf3666fae73c2366939bca6033da07c92c1327f3ebafd55528a6af46385b3de16dd9958a484bea9f731
   ✓ Token decoded (length: 96)
[3/3] Connecting...

[DEBUG] WebSocket URL: wss://kahoot.it/cometd/2674529/3934502a7868faf3666fae73c2366939bca6033da07c92c1327f3ebafd55528a6af46385b3de16dd9958a484bea9f731
✓ Connected to WebSocket
[DEBUG] SEND handshake
[DEBUG] RECV: /meta/handshake 
✓ Handshake OK, clientId: bum5iv6cxf3khutq1wyr1lietgiu5
[DEBUG] SEND connect (first)
[DEBUG] RECV: /meta/connect 
[DEBUG] SEND connect (second)
[DEBUG] SEND login u62-9di
[DEBUG] RECV: /service/controller loginResponse
✓ Login successful! CID: 1145545890
[DEBUG] SEND namerator message

=== SUCCESS ===
Listening for game events... (Ctrl+C to exit)

[DEBUG] RECV: /meta/connect 
[DEBUG] RECV: /service/controller 
[DEBUG] RECV: /service/controller 
[DEBUG] RECV: /service/status status
✓ Game is ACTIVE
[DEBUG] RECV: /service/player message

🎉 JOINED AS: u62-9di
   Player CID: 1145545890
[DEBUG] RECV: /service/player message
[DEBUG] RECV: /service/player message
[DEBUG] RECV: /meta/connect 
[DEBUG] RECV: /service/status status
[DEBUG] RECV: /meta/connect 
