
=== Kahoot Auto-Join ===
Game PIN: 2674529
Player: u63-ilr

[1/3] Getting session token...
[DEBUG] Session token (raw): CCAMMgI5QCVwD1gAVwIeVxUzFmFodyBSAQVzZEAYb2t8DV0KKVx/e0QHDk9Dbm5qfysmAgAFe2hBKmNNXA4gIjJjST5jCgYiRToHZF5YBSVdd2BdQg5lUU0AOSZuC3sy
[DEBUG] Session token length: 128
[DEBUG] Base64 decoded length: 96
   ✓ Got session token
[2/3] Decoding token...
[DEBUG] Challenge message length: 100
[DEBUG] Offset: 119750409
[DEBUG] Decoded challenge length: 100
[DEBUG] Token bytes length: 96
[DEBUG] Final token length: 96
[DEBUG] Final token: 1b1c5a5e097e2affedc379d180598c268463a161607538984eb4fe729b01f9abc82e5bec0b50ea3ce048321c64bf7d9e
[DEBUG] Token: 1b1c5a5e097e2affedc379d180598c268463a161607538984eb4fe729b01f9abc82e5bec0b50ea3ce048321c64bf7d9e
   ✓ Token decoded (length: 96)
[3/3] Connecting...

[DEBUG] WebSocket URL: wss://kahoot.it/cometd/2674529/1b1c5a5e097e2affedc379d180598c268463a161607538984eb4fe729b01f9abc82e5bec0b50ea3ce048321c64bf7d9e
✓ Connected to WebSocket
[DEBUG] SEND handshake
[DEBUG] RECV: /meta/handshake 
✓ Handshake OK, clientId: buikxhnihttf14syq1uvcfffhy0k
[DEBUG] SEND connect (first)
[DEBUG] RECV: /meta/connect 
[DEBUG] SEND connect (second)
[DEBUG] SEND login u63-ilr
[DEBUG] RECV: /service/controller loginResponse
✓ Login successful! CID: 201871801
[DEBUG] SEND namerator message

=== SUCCESS ===
Listening for game events... (Ctrl+C to exit)

[DEBUG] RECV: /meta/connect 
[DEBUG] RECV: /service/controller 
[DEBUG] RECV: /service/controller 
[DEBUG] RECV: /service/status status
✓ Game is ACTIVE
[DEBUG] RECV: /service/player message

🎉 JOINED AS: u63-ilr
   Player CID: 201871801
[DEBUG] RECV: /service/player message
[DEBUG] RECV: /service/player message
[DEBUG] RECV: /service/player message
[DEBUG] RECV: /meta/connect 
[DEBUG] RECV: /service/player message
[DEBUG] RECV: /meta/connect 
[DEBUG] RECV: /service/player message
[DEBUG] RECV: /meta/connect 
[DEBUG] RECV: /service/player message
[DEBUG] RECV: /meta/connect 
[DEBUG] RECV: /service/status status
[DEBUG] RECV: /meta/connect 
