
=== Kahoot Auto-Join ===
Game PIN: 2674529
Player: u64-t73

[1/3] Getting session token...
[DEBUG] Session token (raw): DmhVEWsoVwtpUXB6YjoQcSMdXBRNfHUMCxFxPxNAfXlKSy5TYm0DBw55UFw8A0Ija25UIC57QEwjEVwCYAQFXXEDCFt4Twd5JzdYfFYELntSVm8mASsMZ0lFNXRIKyNg
[DEBUG] Session token length: 128
[DEBUG] Base64 decoded length: 96
   ✓ Got session token
[2/3] Decoding token...
[DEBUG] Challenge message length: 100
[DEBUG] Offset: 498967
[DEBUG] Decoded challenge length: 100
[DEBUG] Token bytes length: 96
[DEBUG] Final token length: 96
[DEBUG] Final token: 91fb1b9d27684bf7ed4f498a4e1ae27022fd9174f582d01a24bfa405ffd25e5c4bf86302aa86f3e8cb0e6ee305b19fa2
[DEBUG] Token: 91fb1b9d27684bf7ed4f498a4e1ae27022fd9174f582d01a24bfa405ffd25e5c4bf86302aa86f3e8cb0e6ee305b19fa2
   ✓ Token decoded (length: 96)
[3/3] Connecting...

[DEBUG] WebSocket URL: wss://kahoot.it/cometd/2674529/91fb1b9d27684bf7ed4f498a4e1ae27022fd9174f582d01a24bfa405ffd25e5c4bf86302aa86f3e8cb0e6ee305b19fa2
✓ Connected to WebSocket
[DEBUG] SEND handshake
[DEBUG] RECV: /meta/handshake 
✓ Handshake OK, clientId: bulq14odlgli42egr1nfel4r7fph0c
[DEBUG] SEND connect (first)
[DEBUG] RECV: /meta/connect 
[DEBUG] SEND connect (second)
[DEBUG] SEND login u64-t73
[DEBUG] RECV: /service/controller loginResponse
✓ Login successful! CID: 256368784
[DEBUG] SEND namerator message

=== SUCCESS ===
Listening for game events... (Ctrl+C to exit)

[DEBUG] RECV: /meta/connect 
[DEBUG] RECV: /service/controller 
[DEBUG] RECV: /service/controller 
[DEBUG] RECV: /service/status status
✓ Game is ACTIVE
[DEBUG] RECV: /service/player message

🎉 JOINED AS: u64-t73
   Player CID: 256368784
[DEBUG] RECV: /service/player message
[DEBUG] RECV: /service/player message
[DEBUG] RECV: /meta/connect 
[DEBUG] RECV: /service/status status
[DEBUG] RECV: /meta/connect 
