
=== Kahoot Auto-Join ===
Game PIN: 2674529
Player: u64-8x8

[1/3] Getting session token...
[DEBUG] Session token (raw): c2gcMGhSfWgDAV90LVd6LwkfEBVwWm5lZzRKClsKdyxEAw1gGVEKXGRkCjohLjkLXTcsR1gCaixQOQkAbwJ3YFBKGUh7PFdbATp2D00nCQp3THlXRB5PBXcCZVVAQFoF
[DEBUG] Session token length: 128
[DEBUG] Base64 decoded length: 96
   ✓ Got session token
[2/3] Decoding token...
[DEBUG] Challenge message length: 100
[DEBUG] Offset: 30816344
[DEBUG] Decoded challenge length: 100
[DEBUG] Token bytes length: 96
[DEBUG] Final token length: 96
[DEBUG] Final token: 76df74916dd0a31a0ebd44460a025f9c3fd2ab87187fefd77ed32c6c7bb2709291b02fae4a6c1c2f493a8f5481825602
[DEBUG] Token: 76df74916dd0a31a0ebd44460a025f9c3fd2ab87187fefd77ed32c6c7bb2709291b02fae4a6c1c2f493a8f5481825602
   ✓ Token decoded (length: 96)
[3/3] Connecting...

[DEBUG] WebSocket URL: wss://kahoot.it/cometd/2674529/76df74916dd0a31a0ebd44460a025f9c3fd2ab87187fefd77ed32c6c7bb2709291b02fae4a6c1c2f493a8f5481825602
✓ Connected to WebSocket
[DEBUG] SEND handshake
[DEBUG] RECV: /meta/handshake 
✓ Handshake OK, clientId: buijn6dlzfzoktrr1ivijb0fyi3m0
[DEBUG] SEND connect (first)
[DEBUG] RECV: /meta/connect 
[DEBUG] SEND connect (second)
[DEBUG] SEND login u64-8x8
[DEBUG] RECV: /service/controller loginResponse
✓ Login successful! CID: 566852236
[DEBUG] SEND namerator message

=== SUCCESS ===
Listening for game events... (Ctrl+C to exit)

[DEBUG] RECV: /meta/connect 
[DEBUG] RECV: /service/controller 
[DEBUG] RECV: /service/controller 
[DEBUG] RECV: /service/status status
✓ Game is ACTIVE
[DEBUG] RECV: /service/player message

🎉 JOINED AS: u64-8x8
   Player CID: 566852236
[DEBUG] RECV: /service/player message
[DEBUG] RECV: /service/player message
[DEBUG] RECV: /service/player message
[DEBUG] RECV: /meta/connect 
[DEBUG] RECV: /service/player message
[DEBUG] RECV: /meta/connect 
[DEBUG] RECV: /service/player message
[DEBUG] RECV: /meta/connect 
[DEBUG] RECV: /service/player message
[DEBUG] RECV: /meta/connect 
[DEBUG] RECV: /service/status status
[DEBUG] RECV: /meta/connect 
