
=== Kahoot Auto-Join ===
Game PIN: 2674529
Player: u65-9fj

[1/3] Getting session token...
[DEBUG] Session token (raw): fXtebxhjXhFyVxMBEAtafUFSdAEPBmlFXkRYCFhSPXt0QH0qRxJBBBVKIW4VcVUMFSppG28URU1RQlxUcAMHXEJrf2d6CAJTd3gBUQd8fE57WRFsXkwbdkUGbylGWWdU
[DEBUG] Session token length: 128
[DEBUG] Base64 decoded length: 96
   ✓ Got session token
[2/3] Decoding token...
[DEBUG] Challenge message length: 100
[DEBUG] Offset: 9414
[DEBUG] Decoded challenge length: 100
[DEBUG] Token bytes length: 96
[DEBUG] Final token length: 96
[DEBUG] Final token: 96a2c8ad3efdc5493e322a36961de4c3300a1e17d0e6e763fa0a5f0665583572220185e1320e88524eb9c4c55a3b5967
[DEBUG] Token: 96a2c8ad3efdc5493e322a36961de4c3300a1e17d0e6e763fa0a5f0665583572220185e1320e88524eb9c4c55a3b5967
   ✓ Token decoded (length: 96)
[3/3] Connecting...

[DEBUG] WebSocket URL: wss://kahoot.it/cometd/2674529/96a2c8ad3efdc5493e322a36961de4c3300a1e17d0e6e763fa0a5f0665583572220185e1320e88524eb9c4c55a3b5967
✓ Connected to WebSocket
[DEBUG] SEND handshake
[DEBUG] RECV: /meta/handshake 
✓ Handshake OK, clientId: bulloog8f8t0hat91auuxybf3cs64
[DEBUG] SEND connect (first)
[DEBUG] RECV: /meta/connect 
[DEBUG] SEND connect (second)
[DEBUG] SEND login u65-9fj
[DEBUG] RECV: /service/controller loginResponse
✓ Login successful! CID: 1689971990
[DEBUG] SEND namerator message

=== SUCCESS ===
Listening for game events... (Ctrl+C to exit)

[DEBUG] RECV: /meta/connect 
[DEBUG] RECV: /service/controller 
[DEBUG] RECV: /service/controller 
[DEBUG] RECV: /service/status status
✓ Game is ACTIVE
[DEBUG] RECV: /service/player message

🎉 JOINED AS: u65-9fj
   Player CID: 1689971990
[DEBUG] RECV: /service/player message
[DEBUG] RECV: /service/player message
[DEBUG] RECV: /meta/connect 
[DEBUG] RECV: /service/status status
[DEBUG] RECV: /meta/connect 
