
=== Kahoot Auto-Join ===
Game PIN: 2674529
Player: u65-vlw

[1/3] Getting session token...
[DEBUG] Session token (raw): F1YZIgpzJnN4GTRSAj9XJQIEVAEJSGM1Xm5AHmF2RmpEZX1/L1dZU1hXZBQGDARddyksejNrFVZHeHp+Ty5BO2hlDWcOUw0AUUQ/AilBfWU8KllscRBIUWYPDBMVJwQH
[DEBUG] Session token length: 128
[DEBUG] Base64 decoded length: 96
   ✓ Got session token
[2/3] Decoding token...
[DEBUG] Challenge message length: 100
[DEBUG] Offset: 297
[DEBUG] Decoded challenge length: 100
[DEBUG] Token bytes length: 96
[DEBUG] Final token length: 96
[DEBUG] Final token: efce50a24bf53cdcf240a12f106d79318950d352659aa8d58fb5a1cf57019b5f6769467560c5c324ccc19b007afaadd4
[DEBUG] Token: efce50a24bf53cdcf240a12f106d79318950d352659aa8d58fb5a1cf57019b5f6769467560c5c324ccc19b007afaadd4
   ✓ Token decoded (length: 96)
[3/3] Connecting...

[DEBUG] WebSocket URL: wss://kahoot.it/cometd/2674529/efce50a24bf53cdcf240a12f106d79318950d352659aa8d58fb5a1cf57019b5f6769467560c5c324ccc19b007afaadd4
✓ Connected to WebSocket
[DEBUG] SEND handshake
[DEBUG] RECV: /meta/handshake 
✓ Handshake OK, clientId: buisljos6e0v7zbw1rmzjh8txvtxo
[DEBUG] SEND connect (first)
[DEBUG] RECV: /meta/connect 
[DEBUG] SEND connect (second)
[DEBUG] SEND login u65-vlw
[DEBUG] RECV: /service/controller loginResponse
✓ Login successful! CID: 760853698
[DEBUG] SEND namerator message

=== SUCCESS ===
Listening for game events... (Ctrl+C to exit)

[DEBUG] RECV: /meta/connect 
[DEBUG] RECV: /service/controller 
[DEBUG] RECV: /service/controller 
[DEBUG] RECV: /service/status status
✓ Game is ACTIVE
[DEBUG] RECV: /service/player message

🎉 JOINED AS: u65-vlw
   Player CID: 760853698
[DEBUG] RECV: /service/player message
[DEBUG] RECV: /service/player message
[DEBUG] RECV: /service/player message
[DEBUG] RECV: /meta/connect 
[DEBUG] RECV: /service/player message
[DEBUG] RECV: /meta/connect 
[DEBUG] RECV: /service/player message
[DEBUG] RECV: /meta/connect 
[DEBUG] RECV: /service/player message
[DEBUG] RECV: /meta/connect 
[DEBUG] RECV: /service/status status
[DEBUG] RECV: /meta/connect 
