
=== Kahoot Auto-Join ===
Game PIN: 2674529
Player: u66-png

[1/3] Getting session token...
[DEBUG] Session token (raw): B0ZYanN6MglvbSk5BQkMDXRJVEgDeAhLfGIKVFhrR3Q0ZyIKKmdkSxFgUQ0KWwcwaV5WdG8ZWC8kQQoBfWpdWG0OCT8oDAZzPWZ2cQoLU0tlcjJeYWoMWl9bCE5CbBV3
[DEBUG] Session token length: 128
[DEBUG] Base64 decoded length: 96
   ✓ Got session token
[2/3] Decoding token...
[DEBUG] Challenge message length: 100
[DEBUG] Offset: 1323
[DEBUG] Decoded challenge length: 100
[DEBUG] Token bytes length: 96
[DEBUG] Final token length: 96
[DEBUG] Final token: 92e779d792af3dc303e144b829ed7741f3ebc821d39640fb51e43bafa52929d00acfcb80c194651986cd2127ade892a4
[DEBUG] Token: 92e779d792af3dc303e144b829ed7741f3ebc821d39640fb51e43bafa52929d00acfcb80c194651986cd2127ade892a4
   ✓ Token decoded (length: 96)
[3/3] Connecting...

[DEBUG] WebSocket URL: wss://kahoot.it/cometd/2674529/92e779d792af3dc303e144b829ed7741f3ebc821d39640fb51e43bafa52929d00acfcb80c194651986cd2127ade892a4
✓ Connected to WebSocket
[DEBUG] SEND handshake
[DEBUG] RECV: /meta/handshake 
✓ Handshake OK, clientId: buln1dtf2yitxe9u51vzyaq8n8a70f
[DEBUG] SEND connect (first)
[DEBUG] RECV: /meta/connect 
[DEBUG] SEND connect (second)
[DEBUG] SEND login u66-png
[DEBUG] RECV: /service/controller loginResponse
✓ Login successful! CID: 38045159
[DEBUG] SEND namerator message

=== SUCCESS ===
Listening for game events... (Ctrl+C to exit)

[DEBUG] RECV: /meta/connect 
[DEBUG] RECV: /service/controller 
[DEBUG] RECV: /service/controller 
[DEBUG] RECV: /service/status status
✓ Game is ACTIVE
[DEBUG] RECV: /service/player message

🎉 JOINED AS: u66-png
   Player CID: 38045159
[DEBUG] RECV: /service/player message
[DEBUG] RECV: /service/player message
[DEBUG] RECV: /meta/connect 
[DEBUG] RECV: /service/status status
[DEBUG] RECV: /meta/connect 
