
=== Kahoot Auto-Join ===
Game PIN: 2674529
Player: u68-1q6

[1/3] Getting session token...
[DEBUG] Session token (raw): Z0ALMBEgXnw/aGprdhFucngHRnsXNmALCj8AZlURaFVmXAJweQxwOAN1Fm9DYkt4EiMnKh4NY14eZFoJCwMNYVxkNQ9scV9bQwtxYmo7Cm4GA38ARix/CQoKXDh3QktQ
[DEBUG] Session token length: 128
[DEBUG] Base64 decoded length: 96
   ✓ Got session token
[2/3] Decoding token...
[DEBUG] Challenge message length: 100
[DEBUG] Offset: 846584
[DEBUG] Decoded challenge length: 100
[DEBUG] Token bytes length: 96
[DEBUG] Final token length: 96
[DEBUG] Final token: 96aeed75a8454b019730bf3e9e350d354502418e78e07638dadee947d7dfd7c687f1683962903e96e65b5c6b84cf4887
[DEBUG] Token: 96aeed75a8454b019730bf3e9e350d354502418e78e07638dadee947d7dfd7c687f1683962903e96e65b5c6b84cf4887
   ✓ Token decoded (length: 96)
[3/3] Connecting...

[DEBUG] WebSocket URL: wss://kahoot.it/cometd/2674529/96aeed75a8454b019730bf3e9e350d354502418e78e07638dadee947d7dfd7c687f1683962903e96e65b5c6b84cf4887
✓ Connected to WebSocket
[DEBUG] SEND handshake
[DEBUG] RECV: /meta/handshake 
✓ Handshake OK, clientId: buirr95ldo0p0mi71u7wspcbbspo8
[DEBUG] SEND connect (first)
[DEBUG] RECV: /meta/connect 
[DEBUG] SEND connect (second)
[DEBUG] SEND login u68-1q6
[DEBUG] RECV: /service/controller loginResponse
✓ Login successful! CID: 1648942361
[DEBUG] SEND namerator message

=== SUCCESS ===
Listening for game events... (Ctrl+C to exit)

[DEBUG] RECV: /meta/connect 
[DEBUG] RECV: /service/controller 
[DEBUG] RECV: /service/controller 
[DEBUG] RECV: /service/status status
✓ Game is ACTIVE
[DEBUG] RECV: /service/player message

🎉 JOINED AS: u68-1q6
   Player CID: 1648942361
[DEBUG] RECV: /service/player message
[DEBUG] RECV: /service/player message
[DEBUG] RECV: /service/player message
[DEBUG] RECV: /meta/connect 
[DEBUG] RECV: /service/player message
[DEBUG] RECV: /meta/connect 
[DEBUG] RECV: /service/player message
[DEBUG] RECV: /meta/connect 
[DEBUG] RECV: /service/player message
[DEBUG] RECV: /meta/connect 
[DEBUG] RECV: /service/status status
[DEBUG] RECV: /meta/connect 
