
=== Kahoot Auto-Join ===
Game PIN: 2674529
Player: u68-o23

[1/3] Getting session token...
[DEBUG] Session token (raw): ellleWALLFldBnAOCmAPDQlVCDcUbQkDYgsAPxNWNB0kZARqJlg6QS49WV15aDFGaQRjFR1ZDmVQDmJWeXlRDQEJVTAPKnZpXHkzRQYpXQYPdGsfDG9ZX2ZdD1BBAS0B
[DEBUG] Session token length: 128
[DEBUG] Base64 decoded length: 96
   ✓ Got session token
[2/3] Decoding token...
[DEBUG] Challenge message length: 100
[DEBUG] Offset: 81802
[DEBUG] Decoded challenge length: 100
[DEBUG] Token bytes length: 96
[DEBUG] Final token length: 96
[DEBUG] Final token: 606208c6a59c3416af3ac7da636de6dad360d1b6cd6958e76e2beca2151d66aba17eef3478d4ae07681d24e514e87fef
[DEBUG] Token: 606208c6a59c3416af3ac7da636de6dad360d1b6cd6958e76e2beca2151d66aba17eef3478d4ae07681d24e514e87fef
   ✓ Token decoded (length: 96)
[3/3] Connecting...

[DEBUG] WebSocket URL: wss://kahoot.it/cometd/2674529/606208c6a59c3416af3ac7da636de6dad360d1b6cd6958e76e2beca2151d66aba17eef3478d4ae07681d24e514e87fef
✓ Connected to WebSocket
[DEBUG] SEND handshake
[DEBUG] RECV: /meta/handshake 
✓ Handshake OK, clientId: bulos92rgd25br0d1mpcv72h2sdqx
[DEBUG] SEND connect (first)
[DEBUG] RECV: /meta/connect 
[DEBUG] SEND connect (second)
[DEBUG] SEND login u68-o23
[DEBUG] RECV: /service/controller loginResponse
✓ Login successful! CID: 1569616727
[DEBUG] SEND namerator message

=== SUCCESS ===
Listening for game events... (Ctrl+C to exit)

[DEBUG] RECV: /meta/connect 
[DEBUG] RECV: /service/controller 
[DEBUG] RECV: /service/controller 
[DEBUG] RECV: /service/status status
✓ Game is ACTIVE
[DEBUG] RECV: /service/player message

🎉 JOINED AS: u68-o23
   Player CID: 1569616727
[DEBUG] RECV: /service/player message
[DEBUG] RECV: /service/player message
[DEBUG] RECV: /meta/connect 
[DEBUG] RECV: /service/status status
[DEBUG] RECV: /meta/connect 
