
=== Kahoot Auto-Join ===
Game PIN: 2674529
Player: u69-en7

[1/3] Getting session token...
[DEBUG] Session token (raw): ACkGFGA9TQMFUQ5cP3l/MWwfBi8bDQgRDCluXXl8CgdubmY8b1wqJVwNfmRrCAULBztZBjdFewt2A2kEByIBCV4wZmRCUwNXTjZCeWUGbFpdejt9RUVacHxeUGUze08G
[DEBUG] Session token length: 128
[DEBUG] Base64 decoded length: 96
   ✓ Got session token
[2/3] Decoding token...
[DEBUG] Challenge message length: 100
[DEBUG] Offset: 576810
[DEBUG] Decoded challenge length: 100
[DEBUG] Token bytes length: 96
[DEBUG] Final token length: 96
[DEBUG] Final token: 3f5b3c59b38bc47e4ddcbfbd9f37696e113a0dcce61347cfefdef1457b24ebd33d9591025b07054273c876305073a88d
[DEBUG] Token: 3f5b3c59b38bc47e4ddcbfbd9f37696e113a0dcce61347cfefdef1457b24ebd33d9591025b07054273c876305073a88d
   ✓ Token decoded (length: 96)
[3/3] Connecting...

[DEBUG] WebSocket URL: wss://kahoot.it/cometd/2674529/3f5b3c59b38bc47e4ddcbfbd9f37696e113a0dcce61347cfefdef1457b24ebd33d9591025b07054273c876305073a88d
✓ Connected to WebSocket
[DEBUG] SEND handshake
[DEBUG] RECV: /meta/handshake 
✓ Handshake OK, clientId: buj01wel7tx785cqb1id02svjwjc12
[DEBUG] SEND connect (first)
[DEBUG] RECV: /meta/connect 
[DEBUG] SEND connect (second)
[DEBUG] SEND login u69-en7
[DEBUG] RECV: /service/controller loginResponse
✓ Login successful! CID: 1770431376
[DEBUG] SEND namerator message

=== SUCCESS ===
Listening for game events... (Ctrl+C to exit)

[DEBUG] RECV: /meta/connect 
[DEBUG] RECV: /service/controller 
[DEBUG] RECV: /service/controller 
[DEBUG] RECV: /service/status status
✓ Game is ACTIVE
[DEBUG] RECV: /service/player message

🎉 JOINED AS: u69-en7
   Player CID: 1770431376
[DEBUG] RECV: /service/player message
[DEBUG] RECV: /service/player message
[DEBUG] RECV: /service/player message
[DEBUG] RECV: /meta/connect 
[DEBUG] RECV: /service/player message
[DEBUG] RECV: /meta/connect 
[DEBUG] RECV: /service/player message
[DEBUG] RECV: /meta/connect 
[DEBUG] RECV: /service/player message
[DEBUG] RECV: /meta/connect 
[DEBUG] RECV: /service/status status
[DEBUG] RECV: /meta/connect 
