
=== Kahoot Auto-Join ===
Game PIN: 2674529
Player: u70-kqy

[1/3] Getting session token...
[DEBUG] Session token (raw): XnF9SgIGFiRzZHp3f1VccylfEEBeUj0FEk8Hd1IOQmZQPWoHegcOMnRyVFJdZm1YLXcpcnIIIUlaK09dUBtPE19od3JiCEZnXmAMUXxeKWcOciUUQ05HCFNXTjghYzZ0
[DEBUG] Session token length: 128
[DEBUG] Base64 decoded length: 96
   ✓ Got session token
[2/3] Decoding token...
[DEBUG] Challenge message length: 100
[DEBUG] Offset: 140
[DEBUG] Decoded challenge length: 100
[DEBUG] Token bytes length: 96
[DEBUG] Final token length: 96
[DEBUG] Final token: 1382b6aa80791343aac083d3d7d6ea413d301fba93572758c2b899a35f326b6ee4969b04a09591c1c9bd543f735bb3b4
[DEBUG] Token: 1382b6aa80791343aac083d3d7d6ea413d301fba93572758c2b899a35f326b6ee4969b04a09591c1c9bd543f735bb3b4
   ✓ Token decoded (length: 96)
[3/3] Connecting...

[DEBUG] WebSocket URL: wss://kahoot.it/cometd/2674529/1382b6aa80791343aac083d3d7d6ea413d301fba93572758c2b899a35f326b6ee4969b04a09591c1c9bd543f735bb3b4
✓ Connected to WebSocket
[DEBUG] SEND handshake
[DEBUG] RECV: /meta/handshake 
✓ Handshake OK, clientId: buizoaype6425a4iai7dw24sk17d
[DEBUG] SEND connect (first)
[DEBUG] RECV: /meta/connect 
[DEBUG] SEND connect (second)
[DEBUG] SEND login u70-kqy
[DEBUG] RECV: /service/controller loginResponse
✓ Login successful! CID: 1095116849
[DEBUG] SEND namerator message

=== SUCCESS ===
Listening for game events... (Ctrl+C to exit)

[DEBUG] RECV: /meta/connect 
[DEBUG] RECV: /service/controller 
[DEBUG] RECV: /service/controller 
[DEBUG] RECV: /service/status status
✓ Game is ACTIVE
[DEBUG] RECV: /service/player message

🎉 JOINED AS: u70-kqy
   Player CID: 1095116849
[DEBUG] RECV: /service/player message
[DEBUG] RECV: /service/player message
[DEBUG] RECV: /service/player message
[DEBUG] RECV: /meta/connect 
[DEBUG] RECV: /service/player message
[DEBUG] RECV: /meta/connect 
[DEBUG] RECV: /service/player message
[DEBUG] RECV: /meta/connect 
[DEBUG] RECV: /service/player message
[DEBUG] RECV: /meta/connect 
[DEBUG] RECV: /service/status status
[DEBUG] RECV: /meta/connect 
