
=== Kahoot Auto-Join ===
Game PIN: 2674529
Player: u71-jfw

[1/3] Getting session token...
[DEBUG] Session token (raw): BH0Mc2ArBykuS3tbFgt/AUtBbSNbcgZ1TlpjE24HdykMcAV0AVJ2fUtUAmxUdhhhDFQOBSVOXxpJCQ5eV0sqJWBoGxZbKGNqDXFCUk1UU0QKXQUjBBBzDwAieEAKZgdG
[DEBUG] Session token length: 128
[DEBUG] Base64 decoded length: 96
   ✓ Got session token
[2/3] Decoding token...
[DEBUG] Challenge message length: 100
[DEBUG] Offset: 8058
[DEBUG] Decoded challenge length: 100
[DEBUG] Token bytes length: 96
[DEBUG] Final token length: 96
[DEBUG] Final token: f3f57c2de396ca9a894be4d4674f5f3cb1e95d87283693d9e67ed9cb9be802bc16ca0e83c07f4640d81cfc0dbf97f767
[DEBUG] Token: f3f57c2de396ca9a894be4d4674f5f3cb1e95d87283693d9e67ed9cb9be802bc16ca0e83c07f4640d81cfc0dbf97f767
   ✓ Token decoded (length: 96)
[3/3] Connecting...

[DEBUG] WebSocket URL: wss://kahoot.it/cometd/2674529/f3f57c2de396ca9a894be4d4674f5f3cb1e95d87283693d9e67ed9cb9be802bc16ca0e83c07f4640d81cfc0dbf97f767
✓ Connected to WebSocket
[DEBUG] SEND handshake
[DEBUG] RECV: /meta/handshake 
✓ Handshake OK, clientId: buivq7vq9kima2gz1s75hs7guyyb9
[DEBUG] SEND connect (first)
[DEBUG] RECV: /meta/connect 
[DEBUG] SEND connect (second)
[DEBUG] SEND login u71-jfw
[DEBUG] RECV: /service/controller loginResponse
✓ Login successful! CID: 845253604
[DEBUG] SEND namerator message

=== SUCCESS ===
Listening for game events... (Ctrl+C to exit)

[DEBUG] RECV: /meta/connect 
[DEBUG] RECV: /service/controller 
[DEBUG] RECV: /service/controller 
[DEBUG] RECV: /service/status status
✓ Game is ACTIVE
[DEBUG] RECV: /service/player message

🎉 JOINED AS: u71-jfw
   Player CID: 845253604
[DEBUG] RECV: /service/player message
[DEBUG] RECV: /service/player message
[DEBUG] RECV: /service/player message
[DEBUG] RECV: /meta/connect 
[DEBUG] RECV: /service/player message
[DEBUG] RECV: /meta/connect 
[DEBUG] RECV: /service/player message
[DEBUG] RECV: /meta/connect 
[DEBUG] RECV: /service/player message
[DEBUG] RECV: /meta/connect 
[DEBUG] RECV: /service/status status
[DEBUG] RECV: /meta/connect 
