
=== Kahoot Auto-Join ===
Game PIN: 2674529
Player: u77-zw9

[1/3] Getting session token...
[DEBUG] Session token (raw): UFB6PncrY3hPEQFtWHIoVRYCc2wHIlI3Uw5BFT8SLHgwURZ/CA5TbVkAIid7ClMyIWQTPlVbVFhAFVRoOQ9tdF5PdF1QWE9EdykHFlBTUBFnWwdVfhdecQ0aXAk6fSJE
[DEBUG] Session token length: 128
[DEBUG] Base64 decoded length: 96
   ✓ Got session token
[2/3] Decoding token...
[DEBUG] Challenge message length: 100
[DEBUG] Offset: 3747
[DEBUG] Decoded challenge length: 100
[DEBUG] Token bytes length: 96
[DEBUG] Final token length: 96
[DEBUG] Final token: 390f8e467c0507fddd748b1ce60ccee4d2b1f6a89abd63efc8ca05861bb6f343b59cd3704d2a707f04789d44cab0f0f2
[DEBUG] Token: 390f8e467c0507fddd748b1ce60ccee4d2b1f6a89abd63efc8ca05861bb6f343b59cd3704d2a707f04789d44cab0f0f2
   ✓ Token decoded (length: 96)
[3/3] Connecting...

[DEBUG] WebSocket URL: wss://kahoot.it/cometd/2674529/390f8e467c0507fddd748b1ce60ccee4d2b1f6a89abd63efc8ca05861bb6f343b59cd3704d2a707f04789d44cab0f0f2
✓ Connected to WebSocket
[DEBUG] SEND handshake
[DEBUG] RECV: /meta/handshake 
✓ Handshake OK, clientId: buil2sa8jqfsc42v1j59orgngw128
[DEBUG] SEND connect (first)
[DEBUG] RECV: /meta/connect 
[DEBUG] SEND connect (second)
[DEBUG] SEND login u77-zw9
[DEBUG] RECV: /service/controller loginResponse
✓ Login successful! CID: 25276425
[DEBUG] SEND namerator message

=== SUCCESS ===
Listening for game events... (Ctrl+C to exit)

[DEBUG] RECV: /meta/connect 
[DEBUG] RECV: /service/controller 
[DEBUG] RECV: /service/controller 
[DEBUG] RECV: /service/status status
✓ Game is ACTIVE
[DEBUG] RECV: /service/player message

🎉 JOINED AS: u77-zw9
   Player CID: 25276425
[DEBUG] RECV: /service/player message
[DEBUG] RECV: /service/player message
[DEBUG] RECV: /service/player message
[DEBUG] RECV: /meta/connect 
[DEBUG] RECV: /service/player message
[DEBUG] RECV: /meta/connect 
[DEBUG] RECV: /service/player message
[DEBUG] RECV: /meta/connect 
[DEBUG] RECV: /service/player message
[DEBUG] RECV: /meta/connect 
[DEBUG] RECV: /service/status status
[DEBUG] RECV: /meta/connect 
