
=== Kahoot Auto-Join ===
Game PIN: 2674529
Player: u78-l4b

[1/3] Getting session token...
[DEBUG] Session token (raw): VmF8Iz1rZC4FBV0+DzsrMFB+FXZkVSwbInZSdlhcRlFZeVFSVwwVA1AMCAk3DAJZPCdtD1I5eQIiXAVaBwJNSmNXXmYCCBhVWnRaIQYHVAkEe3hccn8iMAsNW046emYN
[DEBUG] Session token length: 128
[DEBUG] Base64 decoded length: 96
   ✓ Got session token
[2/3] Decoding token...
[DEBUG] Challenge message length: 100
[DEBUG] Offset: 2544
[DEBUG] Decoded challenge length: 100
[DEBUG] Token bytes length: 96
[DEBUG] Final token length: 96
[DEBUG] Final token: e29ca32a2dcaaedba9a331ecd9f5bb4710d998dcf4cdc03dff785c21c1ca8b1369424da5f62dd4e2524535eb51c7e737
[DEBUG] Token: e29ca32a2dcaaedba9a331ecd9f5bb4710d998dcf4cdc03dff785c21c1ca8b1369424da5f62dd4e2524535eb51c7e737
   ✓ Token decoded (length: 96)
[3/3] Connecting...

[DEBUG] WebSocket URL: wss://kahoot.it/cometd/2674529/e29ca32a2dcaaedba9a331ecd9f5bb4710d998dcf4cdc03dff785c21c1ca8b1369424da5f62dd4e2524535eb51c7e737
✓ Connected to WebSocket
[DEBUG] SEND handshake
[DEBUG] RECV: /meta/handshake 
✓ Handshake OK, clientId: bul81hqpf62gyo78e1r1y9a45hf96u
[DEBUG] SEND connect (first)
[DEBUG] RECV: /meta/connect 
[DEBUG] SEND connect (second)
[DEBUG] SEND login u78-l4b
[DEBUG] RECV: /service/controller loginResponse
✓ Login successful! CID: 1511094200
[DEBUG] SEND namerator message

=== SUCCESS ===
Listening for game events... (Ctrl+C to exit)

[DEBUG] RECV: /meta/connect 
[DEBUG] RECV: /service/controller 
[DEBUG] RECV: /service/controller 
[DEBUG] RECV: /service/status status
✓ Game is ACTIVE
[DEBUG] RECV: /service/player message

🎉 JOINED AS: u78-l4b
   Player CID: 1511094200
[DEBUG] RECV: /service/player message
[DEBUG] RECV: /meta/connect 
[DEBUG] RECV: /service/player message
[DEBUG] RECV: /meta/connect 
[DEBUG] RECV: /service/status status
[DEBUG] RECV: /meta/connect 
