
=== Kahoot Auto-Join ===
Game PIN: 2674529
Player: u8-2mx

[1/3] Getting session token...
[DEBUG] Session token (raw): XANBP3ZxWVZUC0dJQ2Jhbj5QDCRUDxk4LEBnbAECXgQ3U0NydT8IWgsiZHA2LCcsXmM3ZQ9kH0VtLRsBXmoNSRcHAiRZNlIMW30HamRfTicDcHsNB29UQmFFQC5TKQMW
[DEBUG] Session token length: 128
[DEBUG] Base64 decoded length: 96
   ✓ Got session token
[2/3] Decoding token...
[DEBUG] Challenge message length: 100
[DEBUG] Offset: 187582
[DEBUG] Decoded challenge length: 100
[DEBUG] Token bytes length: 96
[DEBUG] Final token length: 96
[DEBUG] Final token: f94c01a277655976aa1a45eea027efc2f5235e195f25fbea55f8e3e40bb3e7d0d48a4da068675e2f22494410171a8d1f
[DEBUG] Token: f94c01a277655976aa1a45eea027efc2f5235e195f25fbea55f8e3e40bb3e7d0d48a4da068675e2f22494410171a8d1f
   ✓ Token decoded (length: 96)
[3/3] Connecting...

[DEBUG] WebSocket URL: wss://kahoot.it/cometd/2674529/f94c01a277655976aa1a45eea027efc2f5235e195f25fbea55f8e3e40bb3e7d0d48a4da068675e2f22494410171a8d1f
✓ Connected to WebSocket
[DEBUG] SEND handshake
[DEBUG] RECV: /meta/handshake 
✓ Handshake OK, clientId: buh1fbug95pz7caa19bxpost4l4pf
[DEBUG] SEND connect (first)
[DEBUG] RECV: /meta/connect 
[DEBUG] SEND connect (second)
[DEBUG] SEND login u8-2mx
[DEBUG] RECV: /service/controller loginResponse
✓ Login successful! CID: 135531466
[DEBUG] SEND namerator message

=== SUCCESS ===
Listening for game events... (Ctrl+C to exit)

[DEBUG] RECV: /meta/connect 
[DEBUG] RECV: /service/controller 
[DEBUG] RECV: /service/controller 
[DEBUG] RECV: /service/status status
✓ Game is ACTIVE
[DEBUG] RECV: /service/player message
[DEBUG] RECV: /service/player message

🎉 JOINED AS: u8-2mx
   Player CID: 135531466
[DEBUG] RECV: /service/player message
[DEBUG] RECV: /service/player message
[DEBUG] RECV: /meta/connect 
[DEBUG] RECV: /service/player message
[DEBUG] RECV: /service/player message
[DEBUG] RECV: /service/player message
[DEBUG] RECV: /service/player message
[DEBUG] RECV: /meta/connect 
[DEBUG] RECV: /service/player message
[DEBUG] RECV: /service/player message
[DEBUG] RECV: /meta/connect 
[DEBUG] RECV: /service/player message
[DEBUG] RECV: /meta/connect 
[DEBUG] RECV: /service/player message
[DEBUG] RECV: /meta/connect 
[DEBUG] RECV: /service/player message
[DEBUG] RECV: /meta/connect 
[DEBUG] RECV: /service/status status
[DEBUG] RECV: /meta/connect 
