
=== Kahoot Auto-Join ===
Game PIN: 2674529
Player: u83-0qw

[1/3] Getting session token...
[DEBUG] Session token (raw): Y1hsD0t+G2t+cA94LTx4LQVjXRZNdlRKfn9wYWgIfSA/ImdRAVkDA3grJXNYT0cECHlxJQ85Uw9dEVhnagMGBlkCcwFUDi0wC3EHY1lmCgsqDENkDUMsbiECAHdYaklf
[DEBUG] Session token length: 128
[DEBUG] Base64 decoded length: 96
   ✓ Got session token
[2/3] Decoding token...
[DEBUG] Challenge message length: 100
[DEBUG] Offset: 1578
[DEBUG] Decoded challenge length: 100
[DEBUG] Token bytes length: 96
[DEBUG] Final token length: 96
[DEBUG] Final token: 525a23b680f3fa0c25dc19a359075f8ecb05d4210dd34675088e5fac9d329515d78dc1bb095520d0ea3270c3a668428a
[DEBUG] Token: 525a23b680f3fa0c25dc19a359075f8ecb05d4210dd34675088e5fac9d329515d78dc1bb095520d0ea3270c3a668428a
   ✓ Token decoded (length: 96)
[3/3] Connecting...

[DEBUG] WebSocket URL: wss://kahoot.it/cometd/2674529/525a23b680f3fa0c25dc19a359075f8ecb05d4210dd34675088e5fac9d329515d78dc1bb095520d0ea3270c3a668428a
✓ Connected to WebSocket
[DEBUG] SEND handshake
[DEBUG] RECV: /meta/handshake 
✓ Handshake OK, clientId: bulupp5k9mayrxs1vjpodmbtjej7
[DEBUG] SEND connect (first)
[DEBUG] RECV: /meta/connect 
[DEBUG] SEND connect (second)
[DEBUG] SEND login u83-0qw
[DEBUG] RECV: /service/controller loginResponse
✓ Login successful! CID: 1914014351
[DEBUG] SEND namerator message

=== SUCCESS ===
Listening for game events... (Ctrl+C to exit)

[DEBUG] RECV: /meta/connect 
[DEBUG] RECV: /service/controller 
[DEBUG] RECV: /service/controller 
[DEBUG] RECV: /service/status status
✓ Game is ACTIVE
[DEBUG] RECV: /service/player message

🎉 JOINED AS: u83-0qw
   Player CID: 1914014351
[DEBUG] RECV: /service/player message
[DEBUG] RECV: /service/player message
[DEBUG] RECV: /meta/connect 
[DEBUG] RECV: /service/status status
[DEBUG] RECV: /meta/connect 
