
=== Kahoot Auto-Join ===
Game PIN: 2674529
Player: u94-m7r

[1/3] Getting session token...
[DEBUG] Session token (raw): ZXoGAyMBSkcMBVUoXxQ1EA9EWXFeJAV6AA19JU9SAkBQAAUYDFoOM1RYS05YDANwXEEHcjlfIQZmDEhVWAkYBgFffmgIfmReDA50AWMzdmYABC9XLQ9WRyp4eTR4Vlxz
[DEBUG] Session token length: 128
[DEBUG] Base64 decoded length: 96
   ✓ Got session token
[2/3] Decoding token...
[DEBUG] Challenge message length: 100
[DEBUG] Offset: 270
[DEBUG] Decoded challenge length: 100
[DEBUG] Token bytes length: 96
[DEBUG] Final token length: 96
[DEBUG] Final token: 240bbd844a9d2fef53831f30617c53b1367bccaa1a1557987219c3f013816cdcdd28c73132651d4864b8d8b4f63d30e2
[DEBUG] Token: 240bbd844a9d2fef53831f30617c53b1367bccaa1a1557987219c3f013816cdcdd28c73132651d4864b8d8b4f63d30e2
   ✓ Token decoded (length: 96)
[3/3] Connecting...

[DEBUG] WebSocket URL: wss://kahoot.it/cometd/2674529/240bbd844a9d2fef53831f30617c53b1367bccaa1a1557987219c3f013816cdcdd28c73132651d4864b8d8b4f63d30e2
✓ Connected to WebSocket
[DEBUG] SEND handshake
[DEBUG] RECV: /meta/handshake 
✓ Handshake OK, clientId: bujilk5q5balzkxljsk13gdajesn
[DEBUG] SEND connect (first)
[DEBUG] RECV: /meta/connect 
[DEBUG] SEND connect (second)
[DEBUG] SEND login u94-m7r
[DEBUG] RECV: /service/controller loginResponse
✓ Login successful! CID: 1449596579
[DEBUG] SEND namerator message

=== SUCCESS ===
Listening for game events... (Ctrl+C to exit)

[DEBUG] RECV: /meta/connect 
[DEBUG] RECV: /service/controller 
[DEBUG] RECV: /service/controller 
[DEBUG] RECV: /service/status status
✓ Game is ACTIVE
[DEBUG] RECV: /service/player message

🎉 JOINED AS: u94-m7r
   Player CID: 1449596579
[DEBUG] RECV: /service/player message
[DEBUG] RECV: /service/player message
[DEBUG] RECV: /meta/connect 
[DEBUG] RECV: /service/player message
[DEBUG] RECV: /meta/connect 
[DEBUG] RECV: /service/player message
[DEBUG] RECV: /meta/connect 
[DEBUG] RECV: /service/status status
[DEBUG] RECV: /meta/connect 
