
=== Kahoot Auto-Join ===
Game PIN: 2674529
Player: u97-50o

[1/3] Getting session token...
[DEBUG] Session token (raw): YG8gUQ5dUHlMVycJZWxMAjgJB1hZViJwX2ItIAZRX1UdXSwCbjBZfHd9VQJtCgEsNQVFMUgrLHpeanEUNEUub3l1CVYKIC5wXl0keiZrVAY3CEs4RnZtX10UQWgTGCsJ
[DEBUG] Session token length: 128
[DEBUG] Base64 decoded length: 96
   ✓ Got session token
[2/3] Decoding token...
[DEBUG] Challenge message length: 100
[DEBUG] Offset: 1427
[DEBUG] Decoded challenge length: 100
[DEBUG] Token bytes length: 96
[DEBUG] Final token length: 96
[DEBUG] Final token: 97c861e28dbf459bc3dfc1a990abf11ed2ee1a2104cc4b5ece7f3ef9001ba3a657f30be969e8f2c0b39d366e9b91eadf
[DEBUG] Token: 97c861e28dbf459bc3dfc1a990abf11ed2ee1a2104cc4b5ece7f3ef9001ba3a657f30be969e8f2c0b39d366e9b91eadf
   ✓ Token decoded (length: 96)
[3/3] Connecting...

[DEBUG] WebSocket URL: wss://kahoot.it/cometd/2674529/97c861e28dbf459bc3dfc1a990abf11ed2ee1a2104cc4b5ece7f3ef9001ba3a657f30be969e8f2c0b39d366e9b91eadf
✓ Connected to WebSocket
[DEBUG] SEND handshake
[DEBUG] RECV: /meta/handshake 
✓ Handshake OK, clientId: bujh1jjolqddas5s1kd1whfz23326
[DEBUG] SEND connect (first)
[DEBUG] RECV: /meta/connect 
[DEBUG] SEND connect (second)
[DEBUG] SEND login u97-50o
[DEBUG] RECV: /service/controller loginResponse
✓ Login successful! CID: 722730432
[DEBUG] SEND namerator message

=== SUCCESS ===
Listening for game events... (Ctrl+C to exit)

[DEBUG] RECV: /meta/connect 
[DEBUG] RECV: /service/controller 
[DEBUG] RECV: /service/controller 
[DEBUG] RECV: /service/status status
✓ Game is ACTIVE
[DEBUG] RECV: /service/player message
[DEBUG] RECV: /service/player message

🎉 JOINED AS: u97-50o
   Player CID: 722730432
[DEBUG] RECV: /service/player message
[DEBUG] RECV: /meta/connect 
[DEBUG] RECV: /service/player message
[DEBUG] RECV: /meta/connect 
[DEBUG] RECV: /service/player message
[DEBUG] RECV: /meta/connect 
[DEBUG] RECV: /service/status status
[DEBUG] RECV: /meta/connect 
