
=== Kahoot Auto-Join ===
Game PIN: 2674529
Player: u98-f7r

[1/3] Getting session token...
[DEBUG] Session token (raw): QVNXKndkeEJZan8Pf04VUl1BQQEDHzBAegpgVhZdanlSX14BAlELHwovCX0NfAx4RCVOCFQ0CXoFYUMMPgpXSlkEY30TEUk1d0gybV4Rc0daZyAAJXp7bUB2PhpyVHMN
[DEBUG] Session token length: 128
[DEBUG] Base64 decoded length: 96
   ✓ Got session token
[2/3] Decoding token...
[DEBUG] Challenge message length: 100
[DEBUG] Offset: 222
[DEBUG] Decoded challenge length: 100
[DEBUG] Token bytes length: 96
[DEBUG] Final token length: 96
[DEBUG] Final token: 5c9d5819419208ad489c2dc5853fb6793bb4430e7f5106013f8c5e320784c8618609bf2d70a79e4526b8f11649ba750a
[DEBUG] Token: 5c9d5819419208ad489c2dc5853fb6793bb4430e7f5106013f8c5e320784c8618609bf2d70a79e4526b8f11649ba750a
   ✓ Token decoded (length: 96)
[3/3] Connecting...

[DEBUG] WebSocket URL: wss://kahoot.it/cometd/2674529/5c9d5819419208ad489c2dc5853fb6793bb4430e7f5106013f8c5e320784c8618609bf2d70a79e4526b8f11649ba750a
✓ Connected to WebSocket
[DEBUG] SEND handshake
[DEBUG] RECV: /meta/handshake 
✓ Handshake OK, clientId: bulx13gfx5d88aa7vn3yca5xl62w0
[DEBUG] SEND connect (first)
[DEBUG] RECV: /meta/connect 
[DEBUG] SEND connect (second)
[DEBUG] SEND login u98-f7r
[DEBUG] RECV: /service/controller loginResponse
✓ Login successful! CID: 32279945
[DEBUG] SEND namerator message

=== SUCCESS ===
Listening for game events... (Ctrl+C to exit)

[DEBUG] RECV: /meta/connect 
[DEBUG] RECV: /service/controller 
[DEBUG] RECV: /service/controller 
[DEBUG] RECV: /service/status status
✓ Game is ACTIVE
[DEBUG] RECV: /service/player message

🎉 JOINED AS: u98-f7r
   Player CID: 32279945
[DEBUG] RECV: /service/player message
[DEBUG] RECV: /service/player message
[DEBUG] RECV: /meta/connect 
[DEBUG] RECV: /service/status status
[DEBUG] RECV: /meta/connect 
