
=== Kahoot Auto-Join ===
Game PIN: 2674529
Player: u99-rpr

[1/3] Getting session token...
[DEBUG] Session token (raw): awVEK39yanswBiRyCToqVn8PWQY/B08tXlULB0AIbQsYLUMhLX0gDDZrMQxaDg8PCwxnTiUPDgANBCtjPmQ/UzY4CQUHSz9TUi5dOXE+XH0bLQ9SVG9namt3CwRydWxt
[DEBUG] Session token length: 128
[DEBUG] Base64 decoded length: 96
   ✓ Got session token
[2/3] Decoding token...
[DEBUG] Challenge message length: 100
[DEBUG] Offset: 85743
[DEBUG] Decoded challenge length: 100
[DEBUG] Token bytes length: 96
[DEBUG] Final token length: 96
[DEBUG] Final token: 151e8647efb61df3452dc74efcbe643cab2da2f2a1bfc96a5d89ea9e37e3a8a2bc0719e37a8c0db6bc11d146181e3876
[DEBUG] Token: 151e8647efb61df3452dc74efcbe643cab2da2f2a1bfc96a5d89ea9e37e3a8a2bc0719e37a8c0db6bc11d146181e3876
   ✓ Token decoded (length: 96)
[3/3] Connecting...

[DEBUG] WebSocket URL: wss://kahoot.it/cometd/2674529/151e8647efb61df3452dc74efcbe643cab2da2f2a1bfc96a5d89ea9e37e3a8a2bc0719e37a8c0db6bc11d146181e3876
✓ Connected to WebSocket
[DEBUG] SEND handshake
[DEBUG] RECV: /meta/handshake 
✓ Handshake OK, clientId: bujll4tskc6ffywz5nt0dpfr3thp
[DEBUG] SEND connect (first)
[DEBUG] RECV: /meta/connect 
[DEBUG] SEND connect (second)
[DEBUG] SEND login u99-rpr
[DEBUG] RECV: /service/controller loginResponse
✓ Login successful! CID: 1283835357
[DEBUG] SEND namerator message

=== SUCCESS ===
Listening for game events... (Ctrl+C to exit)

[DEBUG] RECV: /meta/connect 
[DEBUG] RECV: /service/controller 
[DEBUG] RECV: /service/controller 
[DEBUG] RECV: /service/status status
✓ Game is ACTIVE
[DEBUG] RECV: /service/player message

🎉 JOINED AS: u99-rpr
   Player CID: 1283835357
[DEBUG] RECV: /service/player message
[DEBUG] RECV: /meta/connect 
[DEBUG] RECV: /service/player message
[DEBUG] RECV: /meta/connect 
[DEBUG] RECV: /service/player message
[DEBUG] RECV: /meta/connect 
[DEBUG] RECV: /service/status status
[DEBUG] RECV: /meta/connect 
