
=== Kahoot Auto-Join ===
Game PIN: 5114254
Player: yousuck891-y7y

[1/3] Getting session token...
[DEBUG] Session token (raw): O3ZiDH1wVB1cc2BjIxR3V0QhUFdCZAtoWU1EB2l2eAJWDCERShV7UghfRjZjM05tczk5SCl1ZzssUSM5XRZOOyJ1S1VZUwBIXzRQVW45XyxfMQBjXXJVT2BofFhfTxcG
[DEBUG] Session token length: 128
[DEBUG] Base64 decoded length: 96
   ✓ Got session token
[2/3] Decoding token...
[DEBUG] Challenge message length: 100
[DEBUG] Offset: 94832
[DEBUG] Decoded challenge length: 100
[DEBUG] Token bytes length: 96
[DEBUG] Final token length: 96
[DEBUG] Final token: f587295d6611fe637fdf5276941e429710bc0b909c4b1b968df1a25fd5bc7c8fa08c0ed26e9f1d7fcf9962f3266bf7ed
[DEBUG] Token: f587295d6611fe637fdf5276941e429710bc0b909c4b1b968df1a25fd5bc7c8fa08c0ed26e9f1d7fcf9962f3266bf7ed
   ✓ Token decoded (length: 96)
[3/3] Connecting...

[DEBUG] WebSocket URL: wss://kahoot.it/cometd/5114254/f587295d6611fe637fdf5276941e429710bc0b909c4b1b968df1a25fd5bc7c8fa08c0ed26e9f1d7fcf9962f3266bf7ed
✓ Connected to WebSocket
[DEBUG] SEND handshake
[DEBUG] RECV: /meta/handshake 
✓ Handshake OK, clientId: by4618thtldkiq02r1bic80sq4i5pj
[DEBUG] SEND connect (first)
[DEBUG] RECV: /meta/connect 
[DEBUG] SEND connect (second)
[DEBUG] SEND login yousuck891-y7y
[DEBUG] RECV: /service/controller loginResponse
✓ Login successful! CID: 1156574091
[DEBUG] SEND namerator message

=== SUCCESS ===
Listening for game events... (Ctrl+C to exit)

[DEBUG] RECV: /meta/connect 
[DEBUG] RECV: /service/controller 
[DEBUG] RECV: /service/controller 
[DEBUG] RECV: /service/status status
✓ Game is ACTIVE
[DEBUG] RECV: /service/player message

🎉 JOINED AS: AgileImpala86
   Player CID: 1156574091
[DEBUG] RECV: /service/player message
[DEBUG] RECV: /service/player message
[DEBUG] RECV: /meta/connect 
[DEBUG] RECV: /service/status status
[DEBUG] RECV: /meta/connect 
