
=== Kahoot Auto-Join ===
Game PIN: 5114254
Player: yousuck626-ahi

[1/3] Getting session token...
[DEBUG] Session token (raw): ORkzAjNwIkRUWA4CTG9IeSIuFEdEC0o4KHNyAWYPYQw7AW49cjxADHVSGVlTYA8HBEYwCFtQbww6YSNjWA5DaUR+AmoZEElHe1kyeA45UlleA1JxNkpwUFIUK1Bsdhdn
[DEBUG] Session token length: 128
[DEBUG] Base64 decoded length: 96
   ✓ Got session token
[2/3] Decoding token...
[DEBUG] Challenge message length: 100
[DEBUG] Offset: 294800
[DEBUG] Decoded challenge length: 100
[DEBUG] Token bytes length: 96
[DEBUG] Final token length: 96
[DEBUG] Final token: eed6c9d5aeee5708dbb6528bc18f330ad14a2b6734a7c2c4a7dadb17f3c35d354290be860dc24e3f6da9c03abde393a6
[DEBUG] Token: eed6c9d5aeee5708dbb6528bc18f330ad14a2b6734a7c2c4a7dadb17f3c35d354290be860dc24e3f6da9c03abde393a6
   ✓ Token decoded (length: 96)
[3/3] Connecting...

[DEBUG] WebSocket URL: wss://kahoot.it/cometd/5114254/eed6c9d5aeee5708dbb6528bc18f330ad14a2b6734a7c2c4a7dadb17f3c35d354290be860dc24e3f6da9c03abde393a6
✓ Connected to WebSocket
[DEBUG] SEND handshake
[DEBUG] RECV: /meta/handshake 
✓ Handshake OK, clientId: bxwn1x91t90z62lmr1dmh04yfp5ezm
[DEBUG] SEND connect (first)
[DEBUG] RECV: /meta/connect 
[DEBUG] SEND connect (second)
[DEBUG] SEND login yousuck626-ahi
[DEBUG] RECV: /service/controller loginResponse
✓ Login successful! CID: 550463301
[DEBUG] SEND namerator message

=== SUCCESS ===
Listening for game events... (Ctrl+C to exit)

[DEBUG] RECV: /meta/connect 
[DEBUG] RECV: /service/controller 
[DEBUG] RECV: /service/controller 
[DEBUG] RECV: /service/status status
✓ Game is ACTIVE
[DEBUG] RECV: /service/player message

🎉 JOINED AS: FocusedWildcat30
   Player CID: 550463301
[DEBUG] RECV: /service/player message
[DEBUG] RECV: /meta/connect 
[DEBUG] RECV: /service/player message
[DEBUG] RECV: /meta/connect 
[DEBUG] RECV: /service/player message
[DEBUG] RECV: /meta/connect 
[DEBUG] RECV: /service/player message
[DEBUG] RECV: /meta/connect 
[DEBUG] RECV: /service/player message
[DEBUG] RECV: /meta/connect 
[DEBUG] RECV: /service/player message
[DEBUG] RECV: /meta/connect 
[DEBUG] RECV: /service/status status
[DEBUG] RECV: /meta/connect 
