
=== Kahoot Auto-Join ===
Game PIN: 5114254
Player: yousuck939-e70

[1/3] Getting session token...
[DEBUG] Session token (raw): ZQ4FCHtIVA4OeQw3P1x1BGg1alIlWWcDBUp6Vg4hWwE/AiM8DUgEX0tUBjgIIwtQXXoRDnJAU2NJTFt0H3VCcgN4BHlZBHxUDnpqUDRlanNoM19ZVgFqbWpWCW4pIR1z
[DEBUG] Session token length: 128
[DEBUG] Base64 decoded length: 96
   ✓ Got session token
[2/3] Decoding token...
[DEBUG] Challenge message length: 100
[DEBUG] Offset: 506540
[DEBUG] Decoded challenge length: 100
[DEBUG] Token bytes length: 96
[DEBUG] Final token length: 96
[DEBUG] Final token: 7b619938e60ea9134f2df954018e8ecff3ded08b7efa4f22a1df86c156c0e5464352bd8db69cb7051a8e6c798577dce7
[DEBUG] Token: 7b619938e60ea9134f2df954018e8ecff3ded08b7efa4f22a1df86c156c0e5464352bd8db69cb7051a8e6c798577dce7
   ✓ Token decoded (length: 96)
[3/3] Connecting...

[DEBUG] WebSocket URL: wss://kahoot.it/cometd/5114254/7b619938e60ea9134f2df954018e8ecff3ded08b7efa4f22a1df86c156c0e5464352bd8db69cb7051a8e6c798577dce7
✓ Connected to WebSocket
[DEBUG] SEND handshake
[DEBUG] RECV: /meta/handshake 
✓ Handshake OK, clientId: by5exfzaf3ftv3udte81mel5jazs
[DEBUG] SEND connect (first)
[DEBUG] RECV: /meta/connect 
[DEBUG] SEND connect (second)
[DEBUG] SEND login yousuck939-e70
[DEBUG] RECV: /service/controller loginResponse
✓ Login successful! CID: 732745351
[DEBUG] SEND namerator message

=== SUCCESS ===
Listening for game events... (Ctrl+C to exit)

[DEBUG] RECV: /meta/connect 
[DEBUG] RECV: /service/controller 
[DEBUG] RECV: /service/controller 
[DEBUG] RECV: /service/status status
✓ Game is ACTIVE
[DEBUG] RECV: /service/player message

🎉 JOINED AS: ShiningHare35
   Player CID: 732745351
[DEBUG] RECV: /service/player message
[DEBUG] RECV: /meta/connect 
[DEBUG] RECV: /service/status status
[DEBUG] RECV: /meta/connect 
