
=== Kahoot Auto-Join ===
Game PIN: 5114254
Player: yousuck920-6fi

[1/3] Getting session token...
[DEBUG] Session token (raw): InYVIhAIDU9SBEEfDVw8EEUOCEUfaQIaACICSABXE3BkDzBxU38CZAFwdHUHUVRpWwQyZQl2KwAOURB+dUxpBVdWC14IX3ZgU2xdBE4mXkonUVdWOU5rCTsNfEMGfQxa
[DEBUG] Session token length: 128
[DEBUG] Base64 decoded length: 96
   ✓ Got session token
[2/3] Decoding token...
[DEBUG] Challenge message length: 100
[DEBUG] Offset: 250
[DEBUG] Decoded challenge length: 100
[DEBUG] Token bytes length: 96
[DEBUG] Final token length: 96
[DEBUG] Final token: a6fdc174df4e7ccb3c91e1fcca53fcf187e2f7581675cff951d765d8cca928903dd50e5802347e40e63af411b64762ce
[DEBUG] Token: a6fdc174df4e7ccb3c91e1fcca53fcf187e2f7581675cff951d765d8cca928903dd50e5802347e40e63af411b64762ce
   ✓ Token decoded (length: 96)
[3/3] Connecting...

[DEBUG] WebSocket URL: wss://kahoot.it/cometd/5114254/a6fdc174df4e7ccb3c91e1fcca53fcf187e2f7581675cff951d765d8cca928903dd50e5802347e40e63af411b64762ce
✓ Connected to WebSocket
[DEBUG] SEND handshake
[DEBUG] RECV: /meta/handshake 
✓ Handshake OK, clientId: by5b1lrre24lgnxoupdh41ntp25wb
[DEBUG] SEND connect (first)
[DEBUG] RECV: /meta/connect 
[DEBUG] SEND connect (second)
[DEBUG] SEND login yousuck920-6fi
[DEBUG] RECV: /service/controller loginResponse
✓ Login successful! CID: 2002444927
[DEBUG] SEND namerator message

=== SUCCESS ===
Listening for game events... (Ctrl+C to exit)

[DEBUG] RECV: /meta/connect 
[DEBUG] RECV: /service/controller 
[DEBUG] RECV: /service/controller 
[DEBUG] RECV: /service/status status
✓ Game is ACTIVE
[DEBUG] RECV: /service/player message

🎉 JOINED AS: CaringSphinx94
   Player CID: 2002444927
[DEBUG] RECV: /service/player message
[DEBUG] RECV: /service/player message
[DEBUG] RECV: /meta/connect 
[DEBUG] RECV: /service/status status
[DEBUG] RECV: /meta/connect 
