
=== Kahoot Auto-Join ===
Game PIN: 5114254
Player: yousuck756-tsg

[1/3] Getting session token...
[DEBUG] Session token (raw): CFFxBl1SDnxfQgwVARFqGXk4ZXdqfgtiBQ0OHnNmaV1JCgxiBF9DCW9TeXpRfUAyUW1SSl8wE1dcCDNGZDobGEUzQSoFbR5EXmkGDFVfbHlrcVxMW0VsdWgycwpKf1xW
[DEBUG] Session token length: 128
[DEBUG] Base64 decoded length: 96
   ✓ Got session token
[2/3] Decoding token...
[DEBUG] Challenge message length: 100
[DEBUG] Offset: 169644
[DEBUG] Decoded challenge length: 100
[DEBUG] Token bytes length: 96
[DEBUG] Final token length: 96
[DEBUG] Final token: 53984f17180a9e8b9d0555b3c7af816488104f2f4529c33e64321cfea5a55fcd4e5e53b646673b2692a8f6876a170180
[DEBUG] Token: 53984f17180a9e8b9d0555b3c7af816488104f2f4529c33e64321cfea5a55fcd4e5e53b646673b2692a8f6876a170180
   ✓ Token decoded (length: 96)
[3/3] Connecting...

[DEBUG] WebSocket URL: wss://kahoot.it/cometd/5114254/53984f17180a9e8b9d0555b3c7af816488104f2f4529c33e64321cfea5a55fcd4e5e53b646673b2692a8f6876a170180
✓ Connected to WebSocket
[DEBUG] SEND handshake
[DEBUG] RECV: /meta/handshake 
✓ Handshake OK, clientId: by0b15ckzs2dxrbq19epi42u4q0yj
[DEBUG] SEND connect (first)
[DEBUG] RECV: /meta/connect 
[DEBUG] SEND connect (second)
[DEBUG] SEND login yousuck756-tsg
[DEBUG] RECV: /service/controller loginResponse
✓ Login successful! CID: 1108794814
[DEBUG] SEND namerator message

=== SUCCESS ===
Listening for game events... (Ctrl+C to exit)

[DEBUG] RECV: /meta/connect 
[DEBUG] RECV: /service/controller 
[DEBUG] RECV: /service/controller 
[DEBUG] RECV: /service/status status
✓ Game is ACTIVE
[DEBUG] RECV: /service/player message

🎉 JOINED AS: SoaringEgret50
   Player CID: 1108794814
[DEBUG] RECV: /service/player message
[DEBUG] RECV: /meta/connect 
[DEBUG] RECV: /service/player message
[DEBUG] RECV: /meta/connect 
[DEBUG] RECV: /service/player message
[DEBUG] RECV: /meta/connect 
[DEBUG] RECV: /service/status status
[DEBUG] RECV: /meta/connect 
