
=== Kahoot Auto-Join ===
Game PIN: 5114254
Player: yousuck328-hxt

[1/3] Getting session token...
[DEBUG] Session token (raw): YQ8ECRYRJkBeBxYGC0URPSwvQVB+UgFZdVMMUAlsNwkXYiNoaWVqYx5eHxcJBWthGUBiR09/VXF3A2cSczlSA1ASGlVzYg0EU1NpbjBhcHVfW1FaFzEyQVUJGTQ4LWN5
[DEBUG] Session token length: 128
[DEBUG] Base64 decoded length: 96
   ✓ Got session token
[2/3] Decoding token...
[DEBUG] Challenge message length: 100
[DEBUG] Offset: 39771
[DEBUG] Decoded challenge length: 100
[DEBUG] Token bytes length: 96
[DEBUG] Final token length: 96
[DEBUG] Final token: 6002abf39ed087bcfd413772760ee8d7c5e87285f0edd173a34493e0529b0afffab566610b35b6252812daa87dcddb13
[DEBUG] Token: 6002abf39ed087bcfd413772760ee8d7c5e87285f0edd173a34493e0529b0afffab566610b35b6252812daa87dcddb13
   ✓ Token decoded (length: 96)
[3/3] Connecting...

[DEBUG] WebSocket URL: wss://kahoot.it/cometd/5114254/6002abf39ed087bcfd413772760ee8d7c5e87285f0edd173a34493e0529b0afffab566610b35b6252812daa87dcddb13
✓ Connected to WebSocket
[DEBUG] SEND handshake
[DEBUG] RECV: /meta/handshake 
✓ Handshake OK, clientId: bxocqu51pfsz39dn3udd421ujagl
[DEBUG] SEND connect (first)
[DEBUG] RECV: /meta/connect 
[DEBUG] SEND connect (second)
[DEBUG] SEND login yousuck328-hxt
[DEBUG] RECV: /service/controller loginResponse
✓ Login successful! CID: 1384203483
[DEBUG] SEND namerator message

=== SUCCESS ===
Listening for game events... (Ctrl+C to exit)

[DEBUG] RECV: /meta/connect 
[DEBUG] RECV: /service/controller 
[DEBUG] RECV: /service/controller 
[DEBUG] RECV: /service/status status
✓ Game is ACTIVE
[DEBUG] RECV: /service/player message

🎉 JOINED AS: KnowingAnt93
   Player CID: 1384203483
[DEBUG] RECV: /service/player message
[DEBUG] RECV: /service/player message
[DEBUG] RECV: /meta/connect 
[DEBUG] RECV: /service/player message
[DEBUG] RECV: /meta/connect 
[DEBUG] RECV: /service/player message
[DEBUG] RECV: /meta/connect 
[DEBUG] RECV: /service/player message
[DEBUG] RECV: /meta/connect 
[DEBUG] RECV: /service/player message
[DEBUG] RECV: /meta/connect 
[DEBUG] RECV: /service/player message
[DEBUG] RECV: /meta/connect 
[DEBUG] RECV: /service/player message
[DEBUG] RECV: /meta/connect 
[DEBUG] RECV: /service/player message
[DEBUG] RECV: /meta/connect 
[DEBUG] RECV: /service/status status
[DEBUG] RECV: /meta/connect 
