
=== Kahoot Auto-Join ===
Game PIN: 5814465
Player: yousuck77-75b

[1/3] Getting session token...
[DEBUG] Session token (raw): MRdRRQBPaABgbiJrRSRSIjQPVQA+X1wnYQ5GUUVSEgcJDAF1cA8EUQJNXRYQVVgHDAhMI0txOnhbCnI7CWYGWghDAEpQSwlaWC5bbgQ2Rn9lPBhlWDZUCmwFB1kuCiIT
[DEBUG] Session token length: 128
[DEBUG] Base64 decoded length: 96
   ✓ Got session token
[2/3] Decoding token...
[DEBUG] Challenge message length: 100
[DEBUG] Offset: 6888
[DEBUG] Decoded challenge length: 100
[DEBUG] Token bytes length: 96
[DEBUG] Final token length: 96
[DEBUG] Final token: bf41737761c53c3fa00ab7ac46603dfc0e103b36285ed94a965a87a0382ea845e129727bbaf84e205ba00dd52fc8baec
[DEBUG] Token: bf41737761c53c3fa00ab7ac46603dfc0e103b36285ed94a965a87a0382ea845e129727bbaf84e205ba00dd52fc8baec
   ✓ Token decoded (length: 96)
[3/3] Connecting...

[DEBUG] WebSocket URL: wss://kahoot.it/cometd/5814465/bf41737761c53c3fa00ab7ac46603dfc0e103b36285ed94a965a87a0382ea845e129727bbaf84e205ba00dd52fc8baec
✓ Connected to WebSocket
[DEBUG] SEND handshake
[DEBUG] RECV: /meta/handshake 
✓ Handshake OK, clientId: 92w4adcb8tv5jnh9tmi6dc3nc90
[DEBUG] SEND connect (first)
[DEBUG] RECV: /meta/connect 
[DEBUG] SEND connect (second)
[DEBUG] SEND login yousuck77-75b
[DEBUG] RECV: /service/status status
[DEBUG] RECV: /meta/connect 
[DEBUG] RECV: /service/controller 

⚠ Timeout - check if name appears in Kahoot lobby
[DEBUG] WebSocket closed: 1005

=== FAILED ===
Error: Connection closed (1005)
