
=== Kahoot Auto-Join ===
Game PIN: 5114254
Player: yousuck172-j76

[1/3] Getting session token...
[DEBUG] Session token (raw): d0Ezfw1RIF1ofAkEIzVZYiYABllAdntsJUIyX1N9XUMNUVoqVHpKUGNCHAkpPhFSRApBQlVLUT8wdloqSjN4QD5AQll+Y39xR0gIeAV2aGNwUVwHAFsLTBkhbwIKDQYL
[DEBUG] Session token length: 128
[DEBUG] Base64 decoded length: 96
   ✓ Got session token
[2/3] Decoding token...
[DEBUG] Challenge message length: 100
[DEBUG] Offset: 15816
[DEBUG] Decoded challenge length: 100
[DEBUG] Token bytes length: 96
[DEBUG] Final token length: 96
[DEBUG] Final token: 89b60cd980eaad22f85d4940c8d77505a4ce012882e5feb51995b0eef86e0a49b89143755971a91948c337d8bd11390a
[DEBUG] Token: 89b60cd980eaad22f85d4940c8d77505a4ce012882e5feb51995b0eef86e0a49b89143755971a91948c337d8bd11390a
   ✓ Token decoded (length: 96)
[3/3] Connecting...

[DEBUG] WebSocket URL: wss://kahoot.it/cometd/5114254/89b60cd980eaad22f85d4940c8d77505a4ce012882e5feb51995b0eef86e0a49b89143755971a91948c337d8bd11390a
✓ Connected to WebSocket
[DEBUG] SEND handshake
[DEBUG] RECV: /meta/handshake 
✓ Handshake OK, clientId: bxk71is14n1wsaxc1tvog5jja8z5x
[DEBUG] SEND connect (first)
[DEBUG] RECV: /meta/connect 
[DEBUG] SEND connect (second)
[DEBUG] SEND login yousuck172-j76
[DEBUG] RECV: /service/controller loginResponse
✓ Login successful! CID: 1258183947
[DEBUG] SEND namerator message

=== SUCCESS ===
Listening for game events... (Ctrl+C to exit)

[DEBUG] RECV: /meta/connect 
[DEBUG] RECV: /service/controller 
[DEBUG] RECV: /service/controller 
[DEBUG] RECV: /service/status status
✓ Game is ACTIVE
[DEBUG] RECV: /service/player message

🎉 JOINED AS: AquaticCrab57
   Player CID: 1258183947
[DEBUG] RECV: /service/player message
[DEBUG] RECV: /service/player message
[DEBUG] RECV: /meta/connect 
[DEBUG] RECV: /service/player message
[DEBUG] RECV: /meta/connect 
[DEBUG] RECV: /service/player message
[DEBUG] RECV: /meta/connect 
[DEBUG] RECV: /service/player message
[DEBUG] RECV: /meta/connect 
[DEBUG] RECV: /service/player message
[DEBUG] RECV: /meta/connect 
[DEBUG] RECV: /service/player message
[DEBUG] RECV: /meta/connect 
[DEBUG] RECV: /service/player message
[DEBUG] RECV: /meta/connect 
[DEBUG] RECV: /service/player message
[DEBUG] RECV: /meta/connect 
[DEBUG] RECV: /service/player message
[DEBUG] RECV: /meta/connect 
[DEBUG] RECV: /service/player message
[DEBUG] RECV: /meta/connect 
[DEBUG] RECV: /service/player message
[DEBUG] RECV: /meta/connect 
[DEBUG] RECV: /service/status status
[DEBUG] RECV: /meta/connect 
