
=== Kahoot Auto-Join ===
Game PIN: 5114254
Player: yousuck937-e16

[1/3] Getting session token...
[DEBUG] Session token (raw): VnBJVCNhV1cnbwAoWkhYXwANPmdxRlISY35oW3NLHANmVz0KTj9dRVECDElJTkZfI1s3KEVyaA1UBEwKKBhaUVtIWgVEbGk8WWtVXVRSA0MLNFhtYVZMVkhTe0daRUlc
[DEBUG] Session token length: 128
[DEBUG] Base64 decoded length: 96
   ✓ Got session token
[2/3] Decoding token...
[DEBUG] Challenge message length: 100
[DEBUG] Offset: 308700
[DEBUG] Decoded challenge length: 100
[DEBUG] Token bytes length: 96
[DEBUG] Final token length: 96
[DEBUG] Final token: a416e016a99ee001a0a0701f790960fd24db7f14c0d20601a4eb672cc20fda495195223f33e74e423e8020971b014421
[DEBUG] Token: a416e016a99ee001a0a0701f790960fd24db7f14c0d20601a4eb672cc20fda495195223f33e74e423e8020971b014421
   ✓ Token decoded (length: 96)
[3/3] Connecting...

[DEBUG] WebSocket URL: wss://kahoot.it/cometd/5114254/a416e016a99ee001a0a0701f790960fd24db7f14c0d20601a4eb672cc20fda495195223f33e74e423e8020971b014421
✓ Connected to WebSocket
[DEBUG] SEND handshake
[DEBUG] RECV: /meta/handshake 
✓ Handshake OK, clientId: by5k1xbxrfixgfa8a330xxpwqngmc
[DEBUG] SEND connect (first)
[DEBUG] RECV: /meta/connect 
[DEBUG] SEND connect (second)
[DEBUG] SEND login yousuck937-e16
[DEBUG] RECV: /service/controller loginResponse
✓ Login successful! CID: 2010305346
[DEBUG] SEND namerator message

=== SUCCESS ===
Listening for game events... (Ctrl+C to exit)

[DEBUG] RECV: /meta/connect 
[DEBUG] RECV: /service/controller 
[DEBUG] RECV: /service/controller 
[DEBUG] RECV: /service/status status
✓ Game is ACTIVE
[DEBUG] RECV: /service/player message

🎉 JOINED AS: HeroRooster1
   Player CID: 2010305346
[DEBUG] RECV: /service/player message
[DEBUG] RECV: /meta/connect 
[DEBUG] RECV: /service/status status
[DEBUG] RECV: /meta/connect 
