
=== Kahoot Auto-Join ===
Game PIN: 5114254
Player: yousuck323-xt8

[1/3] Getting session token...
[DEBUG] Session token (raw): K2IoMwlbXkZBWVdeOFxpAwRWXSxbaQhraFV3fnpqWH0CWDJ0QF5vAm4LTQlsbll9a1dMDi1QeFkeZAULUW1STVNfBHVuDyZlBwkPJnx/cVwDYRIYdG07W1ghJStdW0MJ
[DEBUG] Session token length: 128
[DEBUG] Base64 decoded length: 96
   ✓ Got session token
[2/3] Decoding token...
[DEBUG] Challenge message length: 100
[DEBUG] Offset: 552270
[DEBUG] Decoded challenge length: 100
[DEBUG] Token bytes length: 96
[DEBUG] Final token length: 96
[DEBUG] Final token: a5cd7d22831ab78f45aeb171005092e618b76322546e93b71174e429e9086919e1d683e0a72f057da1ed72bc3baacf82
[DEBUG] Token: a5cd7d22831ab78f45aeb171005092e618b76322546e93b71174e429e9086919e1d683e0a72f057da1ed72bc3baacf82
   ✓ Token decoded (length: 96)
[3/3] Connecting...

[DEBUG] WebSocket URL: wss://kahoot.it/cometd/5114254/a5cd7d22831ab78f45aeb171005092e618b76322546e93b71174e429e9086919e1d683e0a72f057da1ed72bc3baacf82
✓ Connected to WebSocket
[DEBUG] SEND handshake
[DEBUG] RECV: /meta/handshake 
✓ Handshake OK, clientId: bxo98ap6j7i8yc8r1xsuo41wianp6
[DEBUG] SEND connect (first)
[DEBUG] RECV: /meta/connect 
[DEBUG] SEND connect (second)
[DEBUG] SEND login yousuck323-xt8
[DEBUG] RECV: /service/controller loginResponse
✓ Login successful! CID: 2144738143
[DEBUG] SEND namerator message

=== SUCCESS ===
Listening for game events... (Ctrl+C to exit)

[DEBUG] RECV: /meta/connect 
[DEBUG] RECV: /service/controller 
[DEBUG] RECV: /service/controller 
[DEBUG] RECV: /service/status status
✓ Game is ACTIVE
[DEBUG] RECV: /service/player message

🎉 JOINED AS: FocusedFox59
   Player CID: 2144738143
[DEBUG] RECV: /service/player message
[DEBUG] RECV: /service/player message
[DEBUG] RECV: /meta/connect 
[DEBUG] RECV: /service/player message
[DEBUG] RECV: /meta/connect 
[DEBUG] RECV: /service/player message
[DEBUG] RECV: /meta/connect 
[DEBUG] RECV: /service/player message
[DEBUG] RECV: /meta/connect 
[DEBUG] RECV: /service/player message
[DEBUG] RECV: /meta/connect 
[DEBUG] RECV: /service/player message
[DEBUG] RECV: /meta/connect 
[DEBUG] RECV: /service/player message
[DEBUG] RECV: /meta/connect 
[DEBUG] RECV: /service/player message
[DEBUG] RECV: /meta/connect 
[DEBUG] RECV: /service/status status
[DEBUG] RECV: /meta/connect 
