
=== Kahoot Auto-Join ===
Game PIN: 5114254
Player: yousuck412-uq0

[1/3] Getting session token...
[DEBUG] Session token (raw): OQZwNiIXTE9fbDIuEHQkayBiUChTeGpjYxEHVHdUfhNkFQVUH2EGUTpdPHFiXj8fY31Zd112AQ1/anU2SgEfREhtA3hUbFhYVVhuBCE4ZwlWARxwbgdAWxMUUHFEUz9V
[DEBUG] Session token length: 128
[DEBUG] Base64 decoded length: 96
   ✓ Got session token
[2/3] Decoding token...
[DEBUG] Challenge message length: 100
[DEBUG] Offset: 3430
[DEBUG] Decoded challenge length: 100
[DEBUG] Token bytes length: 96
[DEBUG] Final token length: 96
[DEBUG] Final token: cb5bfd49e3baf2a3c8edf4056e84254b2e3cd3b8ddf98fec0148e9b4360e93d204f646f18659cb8412e64d0bcbc411ac
[DEBUG] Token: cb5bfd49e3baf2a3c8edf4056e84254b2e3cd3b8ddf98fec0148e9b4360e93d204f646f18659cb8412e64d0bcbc411ac
   ✓ Token decoded (length: 96)
[3/3] Connecting...

[DEBUG] WebSocket URL: wss://kahoot.it/cometd/5114254/cb5bfd49e3baf2a3c8edf4056e84254b2e3cd3b8ddf98fec0148e9b4360e93d204f646f18659cb8412e64d0bcbc411ac
✓ Connected to WebSocket
[DEBUG] SEND handshake
[DEBUG] RECV: /meta/handshake 
✓ Handshake OK, clientId: bxqxr26fjbhq10abuc0o04xa1r7u
[DEBUG] SEND connect (first)
[DEBUG] RECV: /meta/connect 
[DEBUG] SEND connect (second)
[DEBUG] SEND login yousuck412-uq0
[DEBUG] RECV: /service/controller loginResponse
✓ Login successful! CID: 317290294
[DEBUG] SEND namerator message

=== SUCCESS ===
Listening for game events... (Ctrl+C to exit)

[DEBUG] RECV: /meta/connect 
[DEBUG] RECV: /service/controller 
[DEBUG] RECV: /service/controller 
[DEBUG] RECV: /service/status status
✓ Game is ACTIVE
[DEBUG] RECV: /service/player message

🎉 JOINED AS: ElatedSable84
   Player CID: 317290294
[DEBUG] RECV: /service/player message
[DEBUG] RECV: /meta/connect 
[DEBUG] RECV: /service/player message
[DEBUG] RECV: /meta/connect 
[DEBUG] RECV: /service/player message
[DEBUG] RECV: /meta/connect 
[DEBUG] RECV: /service/player message
[DEBUG] RECV: /meta/connect 
[DEBUG] RECV: /service/player message
[DEBUG] RECV: /meta/connect 
[DEBUG] RECV: /service/player message
[DEBUG] RECV: /meta/connect 
[DEBUG] RECV: /service/player message
[DEBUG] RECV: /meta/connect 
[DEBUG] RECV: /service/player message
[DEBUG] RECV: /meta/connect 
[DEBUG] RECV: /service/status status
[DEBUG] RECV: /meta/connect 
