
=== Kahoot Auto-Join ===
Game PIN: 5114254
Player: yousuck943-j0q

[1/3] Getting session token...
[DEBUG] Session token (raw): aXxCd3cgAyFUEA9eLixjfEVGQSINMQJNM2gYfU0IOVspATw+FQdkcWkIIzZRCR1RCWxCAWVFJ2trBwVPWRhTZQJRBVtESGVQGGVSaVJoU2wiCkpIdBlSeFYAci8xaW8B
[DEBUG] Session token length: 128
[DEBUG] Base64 decoded length: 96
   ✓ Got session token
[2/3] Decoding token...
[DEBUG] Challenge message length: 100
[DEBUG] Offset: 212439040
[DEBUG] Decoded challenge length: 100
[DEBUG] Token bytes length: 96
[DEBUG] Final token length: 96
[DEBUG] Final token: 54416adfadaefd64242c0d97f4a050ccf1fbfe8413ccadfdf95b09b77af53d80685e2894b7b4c454f9903a90199ad638
[DEBUG] Token: 54416adfadaefd64242c0d97f4a050ccf1fbfe8413ccadfdf95b09b77af53d80685e2894b7b4c454f9903a90199ad638
   ✓ Token decoded (length: 96)
[3/3] Connecting...

[DEBUG] WebSocket URL: wss://kahoot.it/cometd/5114254/54416adfadaefd64242c0d97f4a050ccf1fbfe8413ccadfdf95b09b77af53d80685e2894b7b4c454f9903a90199ad638
✓ Connected to WebSocket
[DEBUG] SEND handshake
[DEBUG] RECV: /meta/handshake 
✓ Handshake OK, clientId: by5lq89yu9hacw6wozt369xuw5ji
[DEBUG] SEND connect (first)
[DEBUG] RECV: /meta/connect 
[DEBUG] SEND connect (second)
[DEBUG] SEND login yousuck943-j0q
[DEBUG] RECV: /service/controller loginResponse
✓ Login successful! CID: 1932820537
[DEBUG] SEND namerator message

=== SUCCESS ===
Listening for game events... (Ctrl+C to exit)

[DEBUG] RECV: /meta/connect 
[DEBUG] RECV: /service/controller 
[DEBUG] RECV: /service/controller 
[DEBUG] RECV: /service/status status
✓ Game is ACTIVE
[DEBUG] RECV: /service/player message

🎉 JOINED AS: BraveLemming66
   Player CID: 1932820537
[DEBUG] RECV: /service/player message
[DEBUG] RECV: /meta/connect 
[DEBUG] RECV: /service/status status
[DEBUG] RECV: /meta/connect 
