
=== Kahoot Auto-Join ===
Game PIN: 5814465
Player: yousuck42-txi

[1/3] Getting session token...
[DEBUG] Session token (raw): d0NbNn57DCEPYwJQUmNAWAJFFGFWWFVadx4LHjl0YE4YCH8aWUtiXCpVYBt3D286ICUVdVByXldWDUFtUwBbbGVDFwYACwBmUAtNbER+XgN/aDVcM19VXTl/Mw5rVAdx
[DEBUG] Session token length: 128
[DEBUG] Base64 decoded length: 96
   ✓ Got session token
[2/3] Decoding token...
[DEBUG] Challenge message length: 100
[DEBUG] Offset: 1024
[DEBUG] Decoded challenge length: 100
[DEBUG] Token bytes length: 96
[DEBUG] Final token length: 96
[DEBUG] Final token: 09ac162f36a87788c3c34ad82b3fe955c48b298ed05b0b3aaed2860f53125b2965d48e906f43691519e9f327d3a716f3
[DEBUG] Token: 09ac162f36a87788c3c34ad82b3fe955c48b298ed05b0b3aaed2860f53125b2965d48e906f43691519e9f327d3a716f3
   ✓ Token decoded (length: 96)
[3/3] Connecting...

[DEBUG] WebSocket URL: wss://kahoot.it/cometd/5814465/09ac162f36a87788c3c34ad82b3fe955c48b298ed05b0b3aaed2860f53125b2965d48e906f43691519e9f327d3a716f3
✓ Connected to WebSocket
[DEBUG] SEND handshake
[DEBUG] RECV: /meta/handshake 
✓ Handshake OK, clientId: 92u7w45ngo94fqwapdl3lte451tx
[DEBUG] SEND connect (first)
[DEBUG] RECV: /meta/connect 
[DEBUG] SEND connect (second)
[DEBUG] SEND login yousuck42-txi
[DEBUG] RECV: /service/status status
[DEBUG] RECV: /meta/connect 
[DEBUG] RECV: /service/controller 

⚠ Timeout - check if name appears in Kahoot lobby
[DEBUG] WebSocket closed: 1005

=== FAILED ===
Error: Connection closed (1005)
