
=== Kahoot Auto-Join ===
Game PIN: 5114254
Player: yousuck663-lcw

[1/3] Getting session token...
[DEBUG] Session token (raw): bGwobQdwa28JWQRXZgkQHBMJS1d5CmBaAARtP0YpM3pUeB53XAgRbSYHbBVqZ38PTxUCFQUaRQRwCg1qDj9dN2lSLHJjaWgJDEVpUgo9WztULlIBYWULLF0ZbkwMLlRk
[DEBUG] Session token length: 128
[DEBUG] Base64 decoded length: 96
   ✓ Got session token
[2/3] Decoding token...
[DEBUG] Challenge message length: 100
[DEBUG] Offset: 439864
[DEBUG] Decoded challenge length: 100
[DEBUG] Token bytes length: 96
[DEBUG] Final token length: 96
[DEBUG] Final token: 41c88090ec5991dda9866685e27f2ff885b4cce7b34f238c4a5e9f533f167f7f19a5557221168ecd0b0f05ab3e770ec9
[DEBUG] Token: 41c88090ec5991dda9866685e27f2ff885b4cce7b34f238c4a5e9f533f167f7f19a5557221168ecd0b0f05ab3e770ec9
   ✓ Token decoded (length: 96)
[3/3] Connecting...

[DEBUG] WebSocket URL: wss://kahoot.it/cometd/5114254/41c88090ec5991dda9866685e27f2ff885b4cce7b34f238c4a5e9f533f167f7f19a5557221168ecd0b0f05ab3e770ec9
✓ Connected to WebSocket
[DEBUG] SEND handshake
[DEBUG] RECV: /meta/handshake 
✓ Handshake OK, clientId: bxxr2qwswf3te41b860g75tr35ng
[DEBUG] SEND connect (first)
[DEBUG] RECV: /meta/connect 
[DEBUG] SEND connect (second)
[DEBUG] SEND login yousuck663-lcw
[DEBUG] RECV: /service/controller loginResponse
✓ Login successful! CID: 1174719381
[DEBUG] SEND namerator message

=== SUCCESS ===
Listening for game events... (Ctrl+C to exit)

[DEBUG] RECV: /meta/connect 
[DEBUG] RECV: /service/controller 
[DEBUG] RECV: /service/controller 
[DEBUG] RECV: /service/status status
✓ Game is ACTIVE
[DEBUG] RECV: /service/player message

🎉 JOINED AS: SillyHare9
   Player CID: 1174719381
[DEBUG] RECV: /service/player message
[DEBUG] RECV: /meta/connect 
[DEBUG] RECV: /service/player message
[DEBUG] RECV: /meta/connect 
[DEBUG] RECV: /service/player message
[DEBUG] RECV: /meta/connect 
[DEBUG] RECV: /service/player message
[DEBUG] RECV: /meta/connect 
[DEBUG] RECV: /service/player message
[DEBUG] RECV: /meta/connect 
[DEBUG] RECV: /service/status status
[DEBUG] RECV: /meta/connect 
