
=== Kahoot Auto-Join ===
Game PIN: 5114254
Player: yousuck513-080

[1/3] Getting session token...
[DEBUG] Session token (raw): bSRSDysHDXQbBUgNLkIeEFtuAwkndABSF1hnEnJmdWNRQ253EF0MbG8cWz0GYXgbOkVhNWN/IA1QCGVkBS1aOl5tVh0qEQdLckJmZldjFgk+HHdJWigUBwEgUXULcw40
[DEBUG] Session token length: 128
[DEBUG] Base64 decoded length: 96
   ✓ Got session token
[2/3] Decoding token...
[DEBUG] Challenge message length: 100
[DEBUG] Offset: 5350
[DEBUG] Decoded challenge length: 100
[DEBUG] Token bytes length: 96
[DEBUG] Final token length: 96
[DEBUG] Final token: 8dbeb323bb29b7fd88afc44da30d59874530caf63e1a228bb45b15bfb7282befa16accd9955576afdf059bc85c22d37b
[DEBUG] Token: 8dbeb323bb29b7fd88afc44da30d59874530caf63e1a228bb45b15bfb7282befa16accd9955576afdf059bc85c22d37b
   ✓ Token decoded (length: 96)
[3/3] Connecting...

[DEBUG] WebSocket URL: wss://kahoot.it/cometd/5114254/8dbeb323bb29b7fd88afc44da30d59874530caf63e1a228bb45b15bfb7282befa16accd9955576afdf059bc85c22d37b
✓ Connected to WebSocket
[DEBUG] SEND handshake
[DEBUG] RECV: /meta/handshake 
✓ Handshake OK, clientId: bxtk1m2egdwcpx68e1taef0gk66tkj
[DEBUG] SEND connect (first)
[DEBUG] RECV: /meta/connect 
[DEBUG] SEND connect (second)
[DEBUG] SEND login yousuck513-080
[DEBUG] RECV: /service/controller loginResponse
✓ Login successful! CID: 710388521
[DEBUG] SEND namerator message

=== SUCCESS ===
Listening for game events... (Ctrl+C to exit)

[DEBUG] RECV: /meta/connect 
[DEBUG] RECV: /service/controller 
[DEBUG] RECV: /service/controller 
[DEBUG] RECV: /service/status status
✓ Game is ACTIVE
[DEBUG] RECV: /service/player message

🎉 JOINED AS: WittyUnicorn69
   Player CID: 710388521
[DEBUG] RECV: /service/player message
[DEBUG] RECV: /meta/connect 
[DEBUG] RECV: /service/player message
[DEBUG] RECV: /meta/connect 
[DEBUG] RECV: /service/player message
[DEBUG] RECV: /meta/connect 
[DEBUG] RECV: /service/player message
[DEBUG] RECV: /meta/connect 
[DEBUG] RECV: /service/player message
[DEBUG] RECV: /meta/connect 
[DEBUG] RECV: /service/player message
[DEBUG] RECV: /meta/connect 
[DEBUG] RECV: /service/player message
[DEBUG] RECV: /meta/connect 
[DEBUG] RECV: /service/status status
[DEBUG] RECV: /meta/connect 
