
=== Kahoot Auto-Join ===
Game PIN: 5114254
Player: yousuck660-ftx

[1/3] Getting session token...
[DEBUG] Session token (raw): ClVdCBw2FmwyTmECDlEEPQNlDBRsOyoNVVJUbTJOb1UGa2sICmEFMF8tFVBRUXN5TmIDIXMMLwttTElxIXcAXVlQAHNcV24zDEIwQ2hbNnJRBGV3NhoNAGwKFlUeCGIg
[DEBUG] Session token length: 128
[DEBUG] Base64 decoded length: 96
   ✓ Got session token
[2/3] Decoding token...
[DEBUG] Challenge message length: 100
[DEBUG] Offset: 980532
[DEBUG] Decoded challenge length: 100
[DEBUG] Token bytes length: 96
[DEBUG] Final token length: 96
[DEBUG] Final token: 46c6dcc6f861ebea355b7acd29e3a730f486809f1ccebf14580c56d87527f3050639e14f91f51ec44481ef4a3aa4e50a
[DEBUG] Token: 46c6dcc6f861ebea355b7acd29e3a730f486809f1ccebf14580c56d87527f3050639e14f91f51ec44481ef4a3aa4e50a
   ✓ Token decoded (length: 96)
[3/3] Connecting...

[DEBUG] WebSocket URL: wss://kahoot.it/cometd/5114254/46c6dcc6f861ebea355b7acd29e3a730f486809f1ccebf14580c56d87527f3050639e14f91f51ec44481ef4a3aa4e50a
✓ Connected to WebSocket
[DEBUG] SEND handshake
[DEBUG] RECV: /meta/handshake 
✓ Handshake OK, clientId: bxxt1ecak5oqqt4ybpprnmro8tmbd
[DEBUG] SEND connect (first)
[DEBUG] RECV: /meta/connect 
[DEBUG] SEND connect (second)
[DEBUG] SEND login yousuck660-ftx
[DEBUG] RECV: /service/controller loginResponse
✓ Login successful! CID: 260171173
[DEBUG] SEND namerator message

=== SUCCESS ===
Listening for game events... (Ctrl+C to exit)

[DEBUG] RECV: /meta/connect 
[DEBUG] RECV: /service/controller 
[DEBUG] RECV: /service/controller 
[DEBUG] RECV: /service/status status
✓ Game is ACTIVE
[DEBUG] RECV: /service/player message

🎉 JOINED AS: BronzeGecko16
   Player CID: 260171173
[DEBUG] RECV: /service/player message
[DEBUG] RECV: /meta/connect 
[DEBUG] RECV: /service/player message
[DEBUG] RECV: /meta/connect 
[DEBUG] RECV: /service/player message
[DEBUG] RECV: /meta/connect 
[DEBUG] RECV: /service/player message
[DEBUG] RECV: /meta/connect 
[DEBUG] RECV: /service/player message
[DEBUG] RECV: /meta/connect 
[DEBUG] RECV: /service/status status
[DEBUG] RECV: /meta/connect 
