
=== Kahoot Auto-Join ===
Game PIN: 5114254
Player: yousuck258-sn3

[1/3] Getting session token...
[DEBUG] Session token (raw): TnUWSWNle0JiBXwOeX9TNV4VXngleyctYiM7X0Jhb3xUfUE6aQtYZVQKfn0LAlIxBn5TBQhBFUMeb157Ag9SNwx/fwpHQ3pAeFFeUgQdUlhTLHQEaiAfQHpQahFfJyIP
[DEBUG] Session token length: 128
[DEBUG] Base64 decoded length: 96
   ✓ Got session token
[2/3] Decoding token...
[DEBUG] Challenge message length: 100
[DEBUG] Offset: 1384
[DEBUG] Decoded challenge length: 100
[DEBUG] Token bytes length: 96
[DEBUG] Final token length: 96
[DEBUG] Final token: 53b312995c0731ffbfa4f8ce2eb96600628b54003b48204ba4aa16a8e29181bf730725059dbc6f07bd562bd1560e4aa7
[DEBUG] Token: 53b312995c0731ffbfa4f8ce2eb96600628b54003b48204ba4aa16a8e29181bf730725059dbc6f07bd562bd1560e4aa7
   ✓ Token decoded (length: 96)
[3/3] Connecting...

[DEBUG] WebSocket URL: wss://kahoot.it/cometd/5114254/53b312995c0731ffbfa4f8ce2eb96600628b54003b48204ba4aa16a8e29181bf730725059dbc6f07bd562bd1560e4aa7
✓ Connected to WebSocket
[DEBUG] SEND handshake
[DEBUG] RECV: /meta/handshake 
✓ Handshake OK, clientId: bxmg1hu63eahk5tbi18aath6t4mgdy
[DEBUG] SEND connect (first)
[DEBUG] RECV: /meta/connect 
[DEBUG] SEND connect (second)
[DEBUG] SEND login yousuck258-sn3
[DEBUG] RECV: /service/controller loginResponse
✓ Login successful! CID: 1202668612
[DEBUG] SEND namerator message

=== SUCCESS ===
Listening for game events... (Ctrl+C to exit)

[DEBUG] RECV: /meta/connect 
[DEBUG] RECV: /service/controller 
[DEBUG] RECV: /service/controller 
[DEBUG] RECV: /service/status status
✓ Game is ACTIVE
[DEBUG] RECV: /service/player message

🎉 JOINED AS: KindAlpaca8
   Player CID: 1202668612
[DEBUG] RECV: /service/player message
[DEBUG] RECV: /meta/connect 
[DEBUG] RECV: /service/player message
[DEBUG] RECV: /meta/connect 
[DEBUG] RECV: /service/player message
[DEBUG] RECV: /meta/connect 
[DEBUG] RECV: /service/player message
[DEBUG] RECV: /meta/connect 
[DEBUG] RECV: /service/player message
[DEBUG] RECV: /meta/connect 
[DEBUG] RECV: /service/player message
[DEBUG] RECV: /meta/connect 
[DEBUG] RECV: /service/player message
[DEBUG] RECV: /meta/connect 
[DEBUG] RECV: /service/player message
[DEBUG] RECV: /meta/connect 
[DEBUG] RECV: /service/player message
[DEBUG] RECV: /meta/connect 
[DEBUG] RECV: /service/player message
[DEBUG] RECV: /meta/connect 
[DEBUG] RECV: /service/status status
[DEBUG] RECV: /meta/connect 
