
=== Kahoot Auto-Join ===
Game PIN: 5732350
Player: yousuck93-0y4

[1/3] Getting session token...
[DEBUG] Session token (raw): MmldBT5kL142awB5VwVaS2JxDDshUn9fWSwselcBbTJTIEAGDGZ7XUBPVV51V3UBLl1dBFVgemIeNVxYSkYDXWRVUnJtWFlGF0JDIgQyW0VdL1dSBVcAbgdcQlVaSW41
[DEBUG] Session token length: 128
[DEBUG] Base64 decoded length: 96
   ✓ Got session token
[2/3] Decoding token...
[DEBUG] Challenge message length: 100
[DEBUG] Offset: 306037
[DEBUG] Decoded challenge length: 100
[DEBUG] Token bytes length: 96
[DEBUG] Final token length: 96
[DEBUG] Final token: e41da8ceb165e4a2501be730deb4271e7a6cc38047ac903afff9c585df8827df7bd63b52b28ffef99c6910c01549c58d
[DEBUG] Token: e41da8ceb165e4a2501be730deb4271e7a6cc38047ac903afff9c585df8827df7bd63b52b28ffef99c6910c01549c58d
   ✓ Token decoded (length: 96)
[3/3] Connecting...

[DEBUG] WebSocket URL: wss://kahoot.it/cometd/5732350/e41da8ceb165e4a2501be730deb4271e7a6cc38047ac903afff9c585df8827df7bd63b52b28ffef99c6910c01549c58d
✓ Connected to WebSocket
[DEBUG] SEND handshake
[DEBUG] RECV: /meta/handshake 
✓ Handshake OK, clientId: bzno95y1okf9nh3g1nav6q5qh0qmp
[DEBUG] SEND connect (first)
[DEBUG] RECV: /meta/connect 
[DEBUG] SEND connect (second)
[DEBUG] SEND login yousuck93-0y4
[DEBUG] RECV: /service/controller loginResponse
✓ Login successful! CID: 148518212
[DEBUG] SEND namerator message

=== SUCCESS ===
Listening for game events... (Ctrl+C to exit)

[DEBUG] RECV: /meta/connect 
[DEBUG] RECV: /service/controller 
[DEBUG] RECV: /service/controller 
[DEBUG] RECV: /service/status status
✓ Game is ACTIVE
[DEBUG] RECV: /service/player message

🎉 JOINED AS: GlowingUrchin37
   Player CID: 148518212
[DEBUG] RECV: /service/player message
[DEBUG] RECV: /service/player message
[DEBUG] RECV: /meta/connect 
[DEBUG] RECV: /service/player message
[DEBUG] RECV: /meta/connect 
[DEBUG] RECV: /service/player message
[DEBUG] RECV: /meta/connect 
[DEBUG] RECV: /service/status status
[DEBUG] RECV: /meta/connect 
