
=== Kahoot Auto-Join ===
Game PIN: 4969059
Player: yousuck37-k75

[1/3] Getting session token...
[DEBUG] Session token (raw): REZjbR8pHBdRN1gAKXxiBlEwbXwIczBkDXhOBHMKA2gKVFsHX3gNRXsAYjg/RwUHY05eUwd/XlFYCXoTaXJKfG8DCVZwVmgNQXYKbiBCAXk0cw9hAHpSSQoJaQVWbgFa
[DEBUG] Session token length: 128
[DEBUG] Base64 decoded length: 96
   ✓ Got session token
[2/3] Decoding token...
[DEBUG] Challenge message length: 100
[DEBUG] Offset: 257094
[DEBUG] Decoded challenge length: 100
[DEBUG] Token bytes length: 96
[DEBUG] Final token length: 96
[DEBUG] Final token: 0561cedc1ae2a63dcb98c9c8d35f97829f6a84552b3ba1e125272938558b75963a412c7089c3d651b8715908833027e4
[DEBUG] Token: 0561cedc1ae2a63dcb98c9c8d35f97829f6a84552b3ba1e125272938558b75963a412c7089c3d651b8715908833027e4
   ✓ Token decoded (length: 96)
[3/3] Connecting...

[DEBUG] WebSocket URL: wss://kahoot.it/cometd/4969059/0561cedc1ae2a63dcb98c9c8d35f97829f6a84552b3ba1e125272938558b75963a412c7089c3d651b8715908833027e4
✓ Connected to WebSocket
[DEBUG] SEND handshake
[DEBUG] RECV: /meta/handshake 
✓ Handshake OK, clientId: bup51ozdiaval9wyu1iqv7lbpxpc0i
[DEBUG] SEND connect (first)
[DEBUG] RECV: /meta/connect 
[DEBUG] SEND connect (second)
[DEBUG] SEND login yousuck37-k75
[DEBUG] RECV: /service/controller loginResponse
✓ Login successful! CID: 1016724861
[DEBUG] SEND namerator message

=== SUCCESS ===
Listening for game events... (Ctrl+C to exit)

[DEBUG] RECV: /meta/connect 
[DEBUG] RECV: /service/controller 
[DEBUG] RECV: /service/controller 
[DEBUG] RECV: /service/status status
✓ Game is ACTIVE
[DEBUG] RECV: /service/player message

🎉 JOINED AS: DazzledLion88
   Player CID: 1016724861
[DEBUG] RECV: /service/player message
[DEBUG] RECV: /service/player message
[DEBUG] RECV: /meta/connect 
[DEBUG] RECV: /service/player message
[DEBUG] RECV: /service/player message
[DEBUG] RECV: /service/player message
[DEBUG] RECV: /service/player message
[DEBUG] RECV: /service/player message
[DEBUG] RECV: /meta/connect 
[DEBUG] RECV: /service/status status
[DEBUG] RECV: /meta/connect 
