
=== Kahoot Auto-Join ===
Game PIN: 5814465
Player: yousuck99-opa

[1/3] Getting session token...
[DEBUG] Session token (raw): YHU2VFVZQg5NDgUgaAsCNE9fCVp8BGoeBAlTTgpcDTtRPVVaVwN3HScEOn9ZC3NSWV9aB0NafQtUJBEBQlxcSFwIDVoHcRcLAVB5bQZsWUQGWgEmSwFVaCZtd0dpeF0O
[DEBUG] Session token length: 128
[DEBUG] Base64 decoded length: 96
   ✓ Got session token
[2/3] Decoding token...
[DEBUG] Challenge message length: 100
[DEBUG] Offset: 4353
[DEBUG] Decoded challenge length: 100
[DEBUG] Token bytes length: 96
[DEBUG] Final token length: 96
[DEBUG] Final token: 91d00c68586c1dee9a074d3b2177d83d9dc4114feac26392d185880d3aed609465bb61bbbd55e5e2db5a7a71e022140e
[DEBUG] Token: 91d00c68586c1dee9a074d3b2177d83d9dc4114feac26392d185880d3aed609465bb61bbbd55e5e2db5a7a71e022140e
   ✓ Token decoded (length: 96)
[3/3] Connecting...

[DEBUG] WebSocket URL: wss://kahoot.it/cometd/5814465/91d00c68586c1dee9a074d3b2177d83d9dc4114feac26392d185880d3aed609465bb61bbbd55e5e2db5a7a71e022140e
✓ Connected to WebSocket
[DEBUG] SEND handshake
[DEBUG] RECV: /meta/handshake 
✓ Handshake OK, clientId: 92t41wbrot25bpd5y1dupgzsfe1e64
[DEBUG] SEND connect (first)
[DEBUG] RECV: /meta/connect 
[DEBUG] SEND connect (second)
[DEBUG] SEND login yousuck99-opa
[DEBUG] RECV: /service/status status
[DEBUG] RECV: /meta/connect 
[DEBUG] RECV: /service/controller 

⚠ Timeout - check if name appears in Kahoot lobby
[DEBUG] WebSocket closed: 1005

=== FAILED ===
Error: Connection closed (1005)
