
=== Kahoot Auto-Join ===
Game PIN: 5732350
Player: yousuck90-r7s

[1/3] Getting session token...
[DEBUG] Session token (raw): Ty0NJ0NuAAlkeDVDJVMgQWJHaX4dKXsrUCRzBQNcc3ktMGpdVQsCB1siDV9/XAxzBiBkcG0FeWRfEkxnf19BDAQXCVtOVGNbcnl/TElAZyMyWXlyBEE2NlgEUAt5WAB7
[DEBUG] Session token length: 128
[DEBUG] Base64 decoded length: 96
   ✓ Got session token
[2/3] Decoding token...
[DEBUG] Challenge message length: 100
[DEBUG] Offset: 246701
[DEBUG] Decoded challenge length: 100
[DEBUG] Token bytes length: 96
[DEBUG] Final token length: 96
[DEBUG] Final token: 9c3e064a40d5eae51233ee1a1b194575fe05af8b8fb45cd2ee312e010a88715c5abc2e0c0149369bc62734de843529b2
[DEBUG] Token: 9c3e064a40d5eae51233ee1a1b194575fe05af8b8fb45cd2ee312e010a88715c5abc2e0c0149369bc62734de843529b2
   ✓ Token decoded (length: 96)
[3/3] Connecting...

[DEBUG] WebSocket URL: wss://kahoot.it/cometd/5732350/9c3e064a40d5eae51233ee1a1b194575fe05af8b8fb45cd2ee312e010a88715c5abc2e0c0149369bc62734de843529b2
✓ Connected to WebSocket
[DEBUG] SEND handshake
[DEBUG] RECV: /meta/handshake 
✓ Handshake OK, clientId: bznl1tff5cgbjfol0m0g4f87kiiw1
[DEBUG] SEND connect (first)
[DEBUG] RECV: /meta/connect 
[DEBUG] SEND connect (second)
[DEBUG] SEND login yousuck90-r7s
[DEBUG] RECV: /service/controller loginResponse
✓ Login successful! CID: 1985286334
[DEBUG] SEND namerator message

=== SUCCESS ===
Listening for game events... (Ctrl+C to exit)

[DEBUG] RECV: /meta/connect 
[DEBUG] RECV: /service/controller 
[DEBUG] RECV: /service/controller 
[DEBUG] RECV: /service/status status
✓ Game is ACTIVE
[DEBUG] RECV: /service/player message
[DEBUG] RECV: /service/player message

🎉 JOINED AS: YellowAlpaca23
   Player CID: 1985286334
[DEBUG] RECV: /service/player message
[DEBUG] RECV: /meta/connect 
[DEBUG] RECV: /service/player message
[DEBUG] RECV: /meta/connect 
[DEBUG] RECV: /service/player message
[DEBUG] RECV: /meta/connect 
[DEBUG] RECV: /service/status status
[DEBUG] RECV: /meta/connect 
