
=== Kahoot Auto-Join ===
Game PIN: 5114254
Player: yousuck207-0rm

[1/3] Getting session token...
[DEBUG] Session token (raw): CEAuSgpedHRTExpdQkANW3BPb19SNlYOcGJaVGN6X0B6ZwkGBAl/Z1QVX2tCFmRAKGw4CjMJUgBiAVI5RxsQVGtbBTlCNjkqOTF/I1IPYi0VZQgYKVcAFhEOQVBaL1I5
[DEBUG] Session token length: 128
[DEBUG] Base64 decoded length: 96
   ✓ Got session token
[2/3] Decoding token...
[DEBUG] Challenge message length: 100
[DEBUG] Offset: 57456
[DEBUG] Decoded challenge length: 100
[DEBUG] Token bytes length: 96
[DEBUG] Final token length: 96
[DEBUG] Final token: 65f6e788aab791b638928ee979e001068351f0502e037a71a6b5aea31c9a0abc7c6e3bcccf5a411df5dcefafd4614a7c
[DEBUG] Token: 65f6e788aab791b638928ee979e001068351f0502e037a71a6b5aea31c9a0abc7c6e3bcccf5a411df5dcefafd4614a7c
   ✓ Token decoded (length: 96)
[3/3] Connecting...

[DEBUG] WebSocket URL: wss://kahoot.it/cometd/5114254/65f6e788aab791b638928ee979e001068351f0502e037a71a6b5aea31c9a0abc7c6e3bcccf5a411df5dcefafd4614a7c
✓ Connected to WebSocket
[DEBUG] SEND handshake
[DEBUG] RECV: /meta/handshake 
✓ Handshake OK, clientId: bxl41gnw51mptd9hsvyiu2dapye6g
[DEBUG] SEND connect (first)
[DEBUG] RECV: /meta/connect 
[DEBUG] SEND connect (second)
[DEBUG] SEND login yousuck207-0rm
[DEBUG] RECV: /service/controller loginResponse
✓ Login successful! CID: 785290481
[DEBUG] SEND namerator message

=== SUCCESS ===
Listening for game events... (Ctrl+C to exit)

[DEBUG] RECV: /meta/connect 
[DEBUG] RECV: /service/controller 
[DEBUG] RECV: /service/controller 
[DEBUG] RECV: /service/status status
✓ Game is ACTIVE
[DEBUG] RECV: /service/player message

🎉 JOINED AS: GentleHawk85
   Player CID: 785290481
[DEBUG] RECV: /service/player message
[DEBUG] RECV: /meta/connect 
[DEBUG] RECV: /service/player message
[DEBUG] RECV: /meta/connect 
[DEBUG] RECV: /service/player message
[DEBUG] RECV: /meta/connect 
[DEBUG] RECV: /service/player message
[DEBUG] RECV: /meta/connect 
[DEBUG] RECV: /service/player message
[DEBUG] RECV: /meta/connect 
[DEBUG] RECV: /service/player message
[DEBUG] RECV: /meta/connect 
[DEBUG] RECV: /service/player message
[DEBUG] RECV: /meta/connect 
[DEBUG] RECV: /service/player message
[DEBUG] RECV: /meta/connect 
[DEBUG] RECV: /service/player message
[DEBUG] RECV: /meta/connect 
[DEBUG] RECV: /service/player message
[DEBUG] RECV: /meta/connect 
[DEBUG] RECV: /service/player message
[DEBUG] RECV: /meta/connect 
[DEBUG] RECV: /service/status status
[DEBUG] RECV: /meta/connect 
