
=== Kahoot Auto-Join ===
Game PIN: 5114254
Player: yousuck558-pit

[1/3] Getting session token...
[DEBUG] Session token (raw): fQ0rZQRkSTMBBCF9b3sqHUQNXD9eb1hafjBdW1duQQ0kVx9KBjldVXVEME8OaVokdFJmawlxXB0LYAEBJlEnBwEAOWoKSVJ4aSoyBSR2ZQslYAkIK15SVAZ4BjUWHVNj
[DEBUG] Session token length: 128
[DEBUG] Base64 decoded length: 96
   ✓ Got session token
[2/3] Decoding token...
[DEBUG] Challenge message length: 100
[DEBUG] Offset: 8655
[DEBUG] Decoded challenge length: 100
[DEBUG] Token bytes length: 96
[DEBUG] Final token length: 96
[DEBUG] Final token: 26c4b00eb5c272be52bd82a33f6ed067f2c87af214f6707d5a5405af81afb7e46bc4f5a94cc9a94cb2bad4f6c2acda35
[DEBUG] Token: 26c4b00eb5c272be52bd82a33f6ed067f2c87af214f6707d5a5405af81afb7e46bc4f5a94cc9a94cb2bad4f6c2acda35
   ✓ Token decoded (length: 96)
[3/3] Connecting...

[DEBUG] WebSocket URL: wss://kahoot.it/cometd/5114254/26c4b00eb5c272be52bd82a33f6ed067f2c87af214f6707d5a5405af81afb7e46bc4f5a94cc9a94cb2bad4f6c2acda35
✓ Connected to WebSocket
[DEBUG] SEND handshake
[DEBUG] RECV: /meta/handshake 
✓ Handshake OK, clientId: bxuunfdpfey69j1318s0vf1m8zmhd
[DEBUG] SEND connect (first)
[DEBUG] RECV: /meta/connect 
[DEBUG] SEND connect (second)
[DEBUG] SEND login yousuck558-pit
[DEBUG] RECV: /service/controller loginResponse
✓ Login successful! CID: 369604790
[DEBUG] SEND namerator message

=== SUCCESS ===
Listening for game events... (Ctrl+C to exit)

[DEBUG] RECV: /meta/connect 
[DEBUG] RECV: /service/controller 
[DEBUG] RECV: /service/controller 
[DEBUG] RECV: /service/status status
✓ Game is ACTIVE
[DEBUG] RECV: /service/player message

🎉 JOINED AS: SmoothPenguin73
   Player CID: 369604790
[DEBUG] RECV: /service/player message
[DEBUG] RECV: /meta/connect 
[DEBUG] RECV: /service/player message
[DEBUG] RECV: /meta/connect 
[DEBUG] RECV: /service/player message
[DEBUG] RECV: /meta/connect 
[DEBUG] RECV: /service/player message
[DEBUG] RECV: /meta/connect 
[DEBUG] RECV: /service/player message
[DEBUG] RECV: /meta/connect 
[DEBUG] RECV: /service/player message
[DEBUG] RECV: /meta/connect 
[DEBUG] RECV: /service/status status
[DEBUG] RECV: /meta/connect 
