
=== Kahoot Auto-Join ===
Game PIN: 5114254
Player: yousuck130-23p

[1/3] Getting session token...
[DEBUG] Session token (raw): D0YBew96AQ8IXwpbWlcHVQsMUhUPbANid3hfV0xYfXduWn0IdQ9XVQY3aFwHWA9cVExvcFtedVRDHmtrD3c5Zg1eBA8xaGp7P3kCVAReAAV9YXdYaTAlDAFfJExhH0oW
[DEBUG] Session token length: 128
[DEBUG] Base64 decoded length: 96
   ✓ Got session token
[2/3] Decoding token...
[DEBUG] Challenge message length: 100
[DEBUG] Offset: 215
[DEBUG] Decoded challenge length: 100
[DEBUG] Token bytes length: 96
[DEBUG] Final token length: 96
[DEBUG] Final token: b7f7d27374f922a00e3c545828258b8767144f7c1e06e3643878e1697d0546c7ebf8b927f1bc938d13936ed3ccf88e2d
[DEBUG] Token: b7f7d27374f922a00e3c545828258b8767144f7c1e06e3643878e1697d0546c7ebf8b927f1bc938d13936ed3ccf88e2d
   ✓ Token decoded (length: 96)
[3/3] Connecting...

[DEBUG] WebSocket URL: wss://kahoot.it/cometd/5114254/b7f7d27374f922a00e3c545828258b8767144f7c1e06e3643878e1697d0546c7ebf8b927f1bc938d13936ed3ccf88e2d
✓ Connected to WebSocket
[DEBUG] SEND handshake
[DEBUG] RECV: /meta/handshake 
✓ Handshake OK, clientId: bxiv1bt9w05547157zq4wh17w3uj5
[DEBUG] SEND connect (first)
[DEBUG] RECV: /meta/connect 
[DEBUG] SEND connect (second)
[DEBUG] SEND login yousuck130-23p
[DEBUG] RECV: /service/controller 

⚠ Timeout - check if name appears in Kahoot lobby
[DEBUG] WebSocket closed: 1005

=== FAILED ===
Error: Connection closed (1005)
