
=== Kahoot Auto-Join ===
Game PIN: 4969059
Player: yousuck26-0kw

[1/3] Getting session token...
[DEBUG] Session token (raw): cGkwb0opF2p2BQQDXFBQDT9YWG89YFItCSdSUwgBZStLcnERGDZZCFppckglFgRiRV4gOE9efgQPA1VADFtVPV0+DUBbVGYrVltnTFMkEXZgMTxnCgVbMzpDJgpIbDEB
[DEBUG] Session token length: 128
[DEBUG] Base64 decoded length: 96
   ✓ Got session token
[2/3] Decoding token...
[DEBUG] Challenge message length: 100
[DEBUG] Offset: 8415
[DEBUG] Decoded challenge length: 100
[DEBUG] Token bytes length: 96
[DEBUG] Final token length: 96
[DEBUG] Final token: 62c73fa1153856aff885f45f4e30722a746fcbba2141cf5637be9d04fd24b07f8b642e2c6a58cbc74ce9cafdf5d507b9
[DEBUG] Token: 62c73fa1153856aff885f45f4e30722a746fcbba2141cf5637be9d04fd24b07f8b642e2c6a58cbc74ce9cafdf5d507b9
   ✓ Token decoded (length: 96)
[3/3] Connecting...

[DEBUG] WebSocket URL: wss://kahoot.it/cometd/4969059/62c73fa1153856aff885f45f4e30722a746fcbba2141cf5637be9d04fd24b07f8b642e2c6a58cbc74ce9cafdf5d507b9
✓ Connected to WebSocket
[DEBUG] SEND handshake
[DEBUG] RECV: /meta/handshake 
✓ Handshake OK, clientId: buoqq5zpms889nu11l44y9w5wh9i6
[DEBUG] SEND connect (first)
[DEBUG] RECV: /meta/connect 
[DEBUG] SEND connect (second)
[DEBUG] SEND login yousuck26-0kw
[DEBUG] RECV: /service/controller loginResponse
✓ Login successful! CID: 1586541859
[DEBUG] SEND namerator message

=== SUCCESS ===
Listening for game events... (Ctrl+C to exit)

[DEBUG] RECV: /meta/connect 
[DEBUG] RECV: /service/controller 
[DEBUG] RECV: /service/controller 
[DEBUG] RECV: /service/status status
✓ Game is ACTIVE
[DEBUG] RECV: /service/player message

🎉 JOINED AS: WingedBadger18
   Player CID: 1586541859
[DEBUG] RECV: /service/player message
[DEBUG] RECV: /service/player message
[DEBUG] RECV: /service/player message
[DEBUG] RECV: /service/player message
[DEBUG] RECV: /meta/connect 
[DEBUG] RECV: /service/player message
[DEBUG] RECV: /service/player message
[DEBUG] RECV: /meta/connect 
[DEBUG] RECV: /service/player message
[DEBUG] RECV: /service/player message
[DEBUG] RECV: /service/player message
[DEBUG] RECV: /meta/connect 
[DEBUG] RECV: /service/status status
[DEBUG] RECV: /meta/connect 
