
=== Kahoot Auto-Join ===
Game PIN: 5114254
Player: yousuck254-qol

[1/3] Getting session token...
[DEBUG] Session token (raw): BFNeflVfBBUFOgoFeEdTXnRaeG01cF44PAlTACIgVFlQX1BdX0F+Xz1zTnhpCGhfEhoNcHFcdm0DVg1RQ3BpWGs0LVRfCktRCSQ9AwUBZ3UMQ25eXFM0SEBgBmVeaSQF
[DEBUG] Session token length: 128
[DEBUG] Base64 decoded length: 96
   ✓ Got session token
[2/3] Decoding token...
[DEBUG] Challenge message length: 100
[DEBUG] Offset: 7471
[DEBUG] Decoded challenge length: 100
[DEBUG] Token bytes length: 96
[DEBUG] Final token length: 96
[DEBUG] Final token: 61c023fdfd3716978386a7cddd4deea1d67d9054d7667780fba93a731358255a9fe425381ec83369878064b04529d0c8
[DEBUG] Token: 61c023fdfd3716978386a7cddd4deea1d67d9054d7667780fba93a731358255a9fe425381ec83369878064b04529d0c8
   ✓ Token decoded (length: 96)
[3/3] Connecting...

[DEBUG] WebSocket URL: wss://kahoot.it/cometd/5114254/61c023fdfd3716978386a7cddd4deea1d67d9054d7667780fba93a731358255a9fe425381ec83369878064b04529d0c8
✓ Connected to WebSocket
[DEBUG] SEND handshake
[DEBUG] RECV: /meta/handshake 
✓ Handshake OK, clientId: bxm4xwexgg0f7vu71nifgvediw4vz
[DEBUG] SEND connect (first)
[DEBUG] RECV: /meta/connect 
[DEBUG] SEND connect (second)
[DEBUG] SEND login yousuck254-qol
[DEBUG] RECV: /service/controller loginResponse
✓ Login successful! CID: 32768243
[DEBUG] SEND namerator message

=== SUCCESS ===
Listening for game events... (Ctrl+C to exit)

[DEBUG] RECV: /meta/connect 
[DEBUG] RECV: /service/controller 
[DEBUG] RECV: /service/controller 
[DEBUG] RECV: /service/status status
✓ Game is ACTIVE
[DEBUG] RECV: /service/player message

🎉 JOINED AS: ProudGlider41
   Player CID: 32768243
[DEBUG] RECV: /service/player message
[DEBUG] RECV: /meta/connect 
[DEBUG] RECV: /service/player message
[DEBUG] RECV: /meta/connect 
[DEBUG] RECV: /service/player message
[DEBUG] RECV: /meta/connect 
[DEBUG] RECV: /service/player message
[DEBUG] RECV: /meta/connect 
[DEBUG] RECV: /service/player message
[DEBUG] RECV: /meta/connect 
[DEBUG] RECV: /service/player message
[DEBUG] RECV: /meta/connect 
[DEBUG] RECV: /service/player message
[DEBUG] RECV: /meta/connect 
[DEBUG] RECV: /service/player message
[DEBUG] RECV: /meta/connect 
[DEBUG] RECV: /service/player message
[DEBUG] RECV: /meta/connect 
[DEBUG] RECV: /service/player message
[DEBUG] RECV: /meta/connect 
[DEBUG] RECV: /service/player message
[DEBUG] RECV: /meta/connect 
[DEBUG] RECV: /service/status status
[DEBUG] RECV: /meta/connect 
