
=== Kahoot Auto-Join ===
Game PIN: 4969059
Player: yousuck49-0a7

[1/3] Getting session token...
[DEBUG] Session token (raw): e1QWVRx5Fm1pBXR0XFZJfS91BD1JUzp3AF5FJH8FUlsufEM/UEpNVwxUCTB7c3MBLHpYUVI5WFdQR2A2MyZJRFwvAlptABEPDm10X0J/fGQNYVohCXc1N01OHz5fCwRX
[DEBUG] Session token length: 128
[DEBUG] Base64 decoded length: 96
   ✓ Got session token
[2/3] Decoding token...
[DEBUG] Challenge message length: 100
[DEBUG] Offset: 5727
[DEBUG] Decoded challenge length: 100
[DEBUG] Token bytes length: 96
[DEBUG] Final token length: 96
[DEBUG] Final token: 6bc9d1a936062596d17d91b1977a952dd14d78956a1f656df72daee9225efc84dc5475ff8579925724cf86ec47debe9c
[DEBUG] Token: 6bc9d1a936062596d17d91b1977a952dd14d78956a1f656df72daee9225efc84dc5475ff8579925724cf86ec47debe9c
   ✓ Token decoded (length: 96)
[3/3] Connecting...

[DEBUG] WebSocket URL: wss://kahoot.it/cometd/4969059/6bc9d1a936062596d17d91b1977a952dd14d78956a1f656df72daee9225efc84dc5475ff8579925724cf86ec47debe9c
✓ Connected to WebSocket
[DEBUG] SEND handshake
[DEBUG] RECV: /meta/handshake 
✓ Handshake OK, clientId: bupdi1zsh7q500h119kxya9gbbm3x
[DEBUG] SEND connect (first)
[DEBUG] RECV: /meta/connect 
[DEBUG] SEND connect (second)
[DEBUG] SEND login yousuck49-0a7
[DEBUG] RECV: /service/controller loginResponse
✓ Login successful! CID: 207976987
[DEBUG] SEND namerator message

=== SUCCESS ===
Listening for game events... (Ctrl+C to exit)

[DEBUG] RECV: /meta/connect 
[DEBUG] RECV: /service/controller 
[DEBUG] RECV: /service/controller 
[DEBUG] RECV: /service/status status
✓ Game is ACTIVE
[DEBUG] RECV: /service/player message

🎉 JOINED AS: NimbleGriffin30
   Player CID: 207976987
[DEBUG] RECV: /service/player message
[DEBUG] RECV: /service/player message
[DEBUG] RECV: /service/player message
[DEBUG] RECV: /meta/connect 
[DEBUG] RECV: /service/player message
[DEBUG] RECV: /service/player message
[DEBUG] RECV: /service/player message
[DEBUG] RECV: /service/player message
[DEBUG] RECV: /meta/connect 
[DEBUG] RECV: /service/status status
[DEBUG] RECV: /meta/connect 
