
=== Kahoot Auto-Join ===
Game PIN: 5114254
Player: yousuck368-edi

[1/3] Getting session token...
[DEBUG] Session token (raw): IUsycT8JK1YyYmgjQwZ8SltTVm5AdktKfRQYRUl1UghvNAhgR1RWa1EHIWBlE1doUklLXm15WV4HBHwPSmN+Um9Aa3slXyJuCjlRCV91G1AvG0NkbGtkOwEFWTprXwYa
[DEBUG] Session token length: 128
[DEBUG] Base64 decoded length: 96
   ✓ Got session token
[2/3] Decoding token...
[DEBUG] Challenge message length: 100
[DEBUG] Offset: 201224
[DEBUG] Decoded challenge length: 100
[DEBUG] Token bytes length: 96
[DEBUG] Final token length: 96
[DEBUG] Final token: f9e7bdd5e64d8923104721894dc0190f7fa577b802a87c166807400b523422210694bcb04dd8a2b8ab13999a06ff60ab
[DEBUG] Token: f9e7bdd5e64d8923104721894dc0190f7fa577b802a87c166807400b523422210694bcb04dd8a2b8ab13999a06ff60ab
   ✓ Token decoded (length: 96)
[3/3] Connecting...

[DEBUG] WebSocket URL: wss://kahoot.it/cometd/5114254/f9e7bdd5e64d8923104721894dc0190f7fa577b802a87c166807400b523422210694bcb04dd8a2b8ab13999a06ff60ab
✓ Connected to WebSocket
[DEBUG] SEND handshake
[DEBUG] RECV: /meta/handshake 
✓ Handshake OK, clientId: bxpjd9ze8u3825mr1my3omq374rjx
[DEBUG] SEND connect (first)
[DEBUG] RECV: /meta/connect 
[DEBUG] SEND connect (second)
[DEBUG] SEND login yousuck368-edi
[DEBUG] RECV: /service/controller loginResponse
✓ Login successful! CID: 985515811
[DEBUG] SEND namerator message

=== SUCCESS ===
Listening for game events... (Ctrl+C to exit)

[DEBUG] RECV: /meta/connect 
[DEBUG] RECV: /service/controller 
[DEBUG] RECV: /service/controller 
[DEBUG] RECV: /service/status status
✓ Game is ACTIVE
[DEBUG] RECV: /service/player message

🎉 JOINED AS: SnowyRaccoon98
   Player CID: 985515811
[DEBUG] RECV: /service/player message
[DEBUG] RECV: /meta/connect 
[DEBUG] RECV: /service/player message
[DEBUG] RECV: /meta/connect 
[DEBUG] RECV: /service/player message
[DEBUG] RECV: /meta/connect 
[DEBUG] RECV: /service/player message
[DEBUG] RECV: /meta/connect 
[DEBUG] RECV: /service/player message
[DEBUG] RECV: /meta/connect 
[DEBUG] RECV: /service/player message
[DEBUG] RECV: /meta/connect 
[DEBUG] RECV: /service/player message
[DEBUG] RECV: /meta/connect 
[DEBUG] RECV: /service/player message
[DEBUG] RECV: /meta/connect 
[DEBUG] RECV: /service/status status
[DEBUG] RECV: /meta/connect 
