
=== Kahoot Auto-Join ===
Game PIN: 5732350
Player: yousuck29-y63

[1/3] Getting session token...
[DEBUG] Session token (raw): U19ZaGhkAQRRCwxYHWIMMXBQCxFACVIzSWppdV0WUBINaV14enwKFWhdcgRLD1sOVgZrB2hAVgYIBHYcZlgWBy83dhEtYVxfcQQTVA9SCl0Od3hlBFgMWlNSW04gU1AH
[DEBUG] Session token length: 128
[DEBUG] Base64 decoded length: 96
   ✓ Got session token
[2/3] Decoding token...
[DEBUG] Challenge message length: 100
[DEBUG] Offset: 77392
[DEBUG] Decoded challenge length: 100
[DEBUG] Token bytes length: 96
[DEBUG] Final token length: 96
[DEBUG] Final token: db516954e886d6ce474a3fea22755f8f819472fc237e2d54266085a1625e70c0da4cb7bb1db88e9202263b0700e8e0a0
[DEBUG] Token: db516954e886d6ce474a3fea22755f8f819472fc237e2d54266085a1625e70c0da4cb7bb1db88e9202263b0700e8e0a0
   ✓ Token decoded (length: 96)
[3/3] Connecting...

[DEBUG] WebSocket URL: wss://kahoot.it/cometd/5732350/db516954e886d6ce474a3fea22755f8f819472fc237e2d54266085a1625e70c0da4cb7bb1db88e9202263b0700e8e0a0
✓ Connected to WebSocket
[DEBUG] SEND handshake
[DEBUG] RECV: /meta/handshake 
✓ Handshake OK, clientId: bzm21jvaq7p53gqjw3d9ugopn6ki0
[DEBUG] SEND connect (first)
[DEBUG] RECV: /meta/connect 
[DEBUG] SEND connect (second)
[DEBUG] SEND login yousuck29-y63
[DEBUG] RECV: /service/controller loginResponse
✓ Login successful! CID: 427062432
[DEBUG] SEND namerator message

=== SUCCESS ===
Listening for game events... (Ctrl+C to exit)

[DEBUG] RECV: /meta/connect 
[DEBUG] RECV: /service/controller 
[DEBUG] RECV: /service/controller 
[DEBUG] RECV: /service/status status
✓ Game is ACTIVE
[DEBUG] RECV: /service/player message

🎉 JOINED AS: SpeedyAnt31
   Player CID: 427062432
[DEBUG] RECV: /service/player message
[DEBUG] RECV: /meta/connect 
[DEBUG] RECV: /service/player message
[DEBUG] RECV: /meta/connect 
[DEBUG] RECV: /service/player message
[DEBUG] RECV: /meta/connect 
[DEBUG] RECV: /service/player message
[DEBUG] RECV: /meta/connect 
[DEBUG] RECV: /service/status status
[DEBUG] RECV: /meta/connect 
