
=== Kahoot Auto-Join ===
Game PIN: 5114254
Player: yousuck832-gjn

[1/3] Getting session token...
[DEBUG] Session token (raw): f1ZfcgxOCAFVaUdbe1Z5W0xOTXBWfVlcMghAUAB8IHMFMhlYaRdSdGBRa2tkYA4mbQYcE3JXDW5cd1ALZEIKbSNYU1ADLm4rCiVZcUZ/czsdAgAmdg0jV1RfWQkbUFNC
[DEBUG] Session token length: 128
[DEBUG] Base64 decoded length: 96
   ✓ Got session token
[2/3] Decoding token...
[DEBUG] Challenge message length: 100
[DEBUG] Offset: 196414400
[DEBUG] Decoded challenge length: 100
[DEBUG] Token bytes length: 96
[DEBUG] Final token length: 96
[DEBUG] Final token: 3bf3d8f65339305f6969284ada8808c0eec75f455489393e78ef53f9318043f7c2e94e4a7ce2035bf69a3ab26789cb83
[DEBUG] Token: 3bf3d8f65339305f6969284ada8808c0eec75f455489393e78ef53f9318043f7c2e94e4a7ce2035bf69a3ab26789cb83
   ✓ Token decoded (length: 96)
[3/3] Connecting...

[DEBUG] WebSocket URL: wss://kahoot.it/cometd/5114254/3bf3d8f65339305f6969284ada8808c0eec75f455489393e78ef53f9318043f7c2e94e4a7ce2035bf69a3ab26789cb83
✓ Connected to WebSocket
[DEBUG] SEND handshake
[DEBUG] RECV: /meta/handshake 
✓ Handshake OK, clientId: by2j14aplu2fpor1x5ccdn6658740
[DEBUG] SEND connect (first)
[DEBUG] RECV: /meta/connect 
[DEBUG] SEND connect (second)
[DEBUG] SEND login yousuck832-gjn
[DEBUG] RECV: /service/controller loginResponse
✓ Login successful! CID: 1605550299
[DEBUG] SEND namerator message

=== SUCCESS ===
Listening for game events... (Ctrl+C to exit)

[DEBUG] RECV: /meta/connect 
[DEBUG] RECV: /service/controller 
[DEBUG] RECV: /service/controller 
[DEBUG] RECV: /service/status status
✓ Game is ACTIVE
[DEBUG] RECV: /service/player message

🎉 JOINED AS: ZanyFerret13
   Player CID: 1605550299
[DEBUG] RECV: /service/player message
[DEBUG] RECV: /service/player message
[DEBUG] RECV: /meta/connect 
[DEBUG] RECV: /service/player message
[DEBUG] RECV: /meta/connect 
[DEBUG] RECV: /service/status status
[DEBUG] RECV: /meta/connect 
