
=== Kahoot Auto-Join ===
Game PIN: 5114254
Player: yousuck82-ryi

[1/3] Getting session token...
[DEBUG] Session token (raw): fFIAPQZFWCxZJi9WaAh3GAtLBDF4OldQf34sUlRuI2dSUUMsKXxQW0JST2gMfjdVXEQLKAs/aAELMHVlKGY7VAYDZyIHTTkKYVtaBEV7AQcGG2sCYAsbPQdZWm8kS1QG
[DEBUG] Session token length: 128
[DEBUG] Base64 decoded length: 96
   ✓ Got session token
[2/3] Decoding token...
[DEBUG] Challenge message length: 100
[DEBUG] Offset: 1412
[DEBUG] Decoded challenge length: 100
[DEBUG] Token bytes length: 96
[DEBUG] Final token length: 96
[DEBUG] Final token: 665a12cfbbf6864ac78d5ecc14a220c0c10fd1e0404939f4408c8a2a7c62e1fa462e26a813b471cb4c4e15af81c7f2d2
[DEBUG] Token: 665a12cfbbf6864ac78d5ecc14a220c0c10fd1e0404939f4408c8a2a7c62e1fa462e26a813b471cb4c4e15af81c7f2d2
   ✓ Token decoded (length: 96)
[3/3] Connecting...

[DEBUG] WebSocket URL: wss://kahoot.it/cometd/5114254/665a12cfbbf6864ac78d5ecc14a220c0c10fd1e0404939f4408c8a2a7c62e1fa462e26a813b471cb4c4e15af81c7f2d2
✓ Connected to WebSocket
[DEBUG] SEND handshake
[DEBUG] RECV: /meta/handshake 
✓ Handshake OK, clientId: bxhn4k62gmmap0toyca69dpjy35h
[DEBUG] SEND connect (first)
[DEBUG] RECV: /meta/connect 
[DEBUG] SEND connect (second)
[DEBUG] SEND login yousuck82-ryi
[DEBUG] RECV: /service/controller loginResponse
✓ Login successful! CID: 1103187375
[DEBUG] SEND namerator message

=== SUCCESS ===
Listening for game events... (Ctrl+C to exit)

[DEBUG] RECV: /meta/connect 
[DEBUG] RECV: /service/controller 
[DEBUG] RECV: /service/controller 
[DEBUG] RECV: /service/status status
✓ Game is ACTIVE
[DEBUG] RECV: /service/player message

🎉 JOINED AS: BraveBat62
   Player CID: 1103187375
[DEBUG] RECV: /service/player message
[DEBUG] RECV: /service/player message
[DEBUG] RECV: /service/player message
[DEBUG] RECV: /service/player message
[DEBUG] RECV: /service/player message
[DEBUG] RECV: /meta/connect 
[DEBUG] RECV: /service/player message
[DEBUG] RECV: /meta/connect 
[DEBUG] RECV: /service/player message
[DEBUG] RECV: /meta/connect 
[DEBUG] RECV: /service/player message
[DEBUG] RECV: /meta/connect 
[DEBUG] RECV: /service/player message
[DEBUG] RECV: /meta/connect 
[DEBUG] RECV: /service/player message
[DEBUG] RECV: /meta/connect 
[DEBUG] RECV: /service/player message
[DEBUG] RECV: /meta/connect 
[DEBUG] RECV: /service/player message
[DEBUG] RECV: /meta/connect 
[DEBUG] RECV: /service/player message
[DEBUG] RECV: /meta/connect 
[DEBUG] RECV: /service/player message
[DEBUG] RECV: /meta/connect 
[DEBUG] RECV: /service/player message
[DEBUG] RECV: /meta/connect 
[DEBUG] RECV: /service/player message
[DEBUG] RECV: /meta/connect 
[DEBUG] RECV: /service/status status
[DEBUG] RECV: /meta/connect 
