
=== Kahoot Auto-Join ===
Game PIN: 5814465
Player: yousuck11-57v

[1/3] Getting session token...
[DEBUG] Session token (raw): SQEeTmozJF0UCUN4alEXe2ttaTVQGWRVUGVYDlZ4QT10XW1CUytbaUtKVzxLDGNkAVsAQXIvJAwMeU4vCQ1fMXMBbxA/VAlcWRIGX2JMewx7WgheEnh+IlpybHhaIUU6
[DEBUG] Session token length: 128
[DEBUG] Base64 decoded length: 96
   ✓ Got session token
[2/3] Decoding token...
[DEBUG] Challenge message length: 100
[DEBUG] Offset: 3922
[DEBUG] Decoded challenge length: 100
[DEBUG] Token bytes length: 96
[DEBUG] Final token length: 96
[DEBUG] Final token: 16f71aa7dc940af0860a9a395272514f4013ad84794e321848e90bfa579f2fcd938fb6c27bc4048474bbc32e83980d0f
[DEBUG] Token: 16f71aa7dc940af0860a9a395272514f4013ad84794e321848e90bfa579f2fcd938fb6c27bc4048474bbc32e83980d0f
   ✓ Token decoded (length: 96)
[3/3] Connecting...

[DEBUG] WebSocket URL: wss://kahoot.it/cometd/5814465/16f71aa7dc940af0860a9a395272514f4013ad84794e321848e90bfa579f2fcd938fb6c27bc4048474bbc32e83980d0f
✓ Connected to WebSocket
[DEBUG] SEND handshake
[DEBUG] RECV: /meta/handshake 
✓ Handshake OK, clientId: 92tpkpey2i41y270fuexz6ib9clw
[DEBUG] SEND connect (first)
[DEBUG] RECV: /meta/connect 
[DEBUG] SEND connect (second)
[DEBUG] SEND login yousuck11-57v
[DEBUG] RECV: /service/status status
[DEBUG] RECV: /meta/connect 
[DEBUG] RECV: /service/controller 

⚠ Timeout - check if name appears in Kahoot lobby
[DEBUG] WebSocket closed: 1005

=== FAILED ===
Error: Connection closed (1005)
