
=== Kahoot Auto-Join ===
Game PIN: 5114254
Player: yousuck692-d8z

[1/3] Getting session token...
[DEBUG] Session token (raw): clwIUAc8CHBaCg5IN0g8WA5JCE99SlBVH1kEX0FqaB5IUX8EDQEENVVmWwwIdzEBcH0qcGdJcXh9WgAlamRUcTlqVXcBdmU7bAxUQyAjCQQJCUQrFzoyD1N3CWJeB0FE
[DEBUG] Session token length: 128
[DEBUG] Base64 decoded length: 96
   ✓ Got session token
[2/3] Decoding token...
[DEBUG] Challenge message length: 100
[DEBUG] Offset: 13800
[DEBUG] Decoded challenge length: 100
[DEBUG] Token bytes length: 96
[DEBUG] Final token length: 96
[DEBUG] Final token: 39895d58d020a1a8703478fbff02343d0337933b580ae3c645d888045b8d7829f076263b05e4ab70d25deeec12e4c934
[DEBUG] Token: 39895d58d020a1a8703478fbff02343d0337933b580ae3c645d888045b8d7829f076263b05e4ab70d25deeec12e4c934
   ✓ Token decoded (length: 96)
[3/3] Connecting...

[DEBUG] WebSocket URL: wss://kahoot.it/cometd/5114254/39895d58d020a1a8703478fbff02343d0337933b580ae3c645d888045b8d7829f076263b05e4ab70d25deeec12e4c934
✓ Connected to WebSocket
[DEBUG] SEND handshake
[DEBUG] RECV: /meta/handshake 
✓ Handshake OK, clientId: bxyj5i6pgx0k0wi910410qsafqk1x
[DEBUG] SEND connect (first)
[DEBUG] RECV: /meta/connect 
[DEBUG] SEND connect (second)
[DEBUG] SEND login yousuck692-d8z
[DEBUG] RECV: /service/controller loginResponse
✓ Login successful! CID: 129267600
[DEBUG] SEND namerator message

=== SUCCESS ===
Listening for game events... (Ctrl+C to exit)

[DEBUG] RECV: /meta/connect 
[DEBUG] RECV: /service/controller 
[DEBUG] RECV: /service/controller 
[DEBUG] RECV: /service/status status
✓ Game is ACTIVE
[DEBUG] RECV: /service/player message

🎉 JOINED AS: EpicFerret13
   Player CID: 129267600
[DEBUG] RECV: /service/player message
[DEBUG] RECV: /service/player message
[DEBUG] RECV: /meta/connect 
[DEBUG] RECV: /service/player message
[DEBUG] RECV: /meta/connect 
[DEBUG] RECV: /service/player message
[DEBUG] RECV: /meta/connect 
[DEBUG] RECV: /service/player message
[DEBUG] RECV: /meta/connect 
[DEBUG] RECV: /service/status status
[DEBUG] RECV: /meta/connect 
