
=== Kahoot Auto-Join ===
Game PIN: 5114254
Player: yousuck149-zq7

[1/3] Getting session token...
[DEBUG] Session token (raw): ImQJMSEFAT9kaFxvPXB8LUQHbFN9Dw8IZnNuficObUdYbxBSRF9fMQ5uPwAHa3U7WUotZUBOei17EFoyWANiVQdwdzsHDlV2U197WF0nXQ1cLXVZQ1EabnA9CWVLZEV8
[DEBUG] Session token length: 128
[DEBUG] Base64 decoded length: 96
   ✓ Got session token
[2/3] Decoding token...
[DEBUG] Challenge message length: 100
[DEBUG] Offset: 134000
[DEBUG] Decoded challenge length: 100
[DEBUG] Token bytes length: 96
[DEBUG] Final token length: 96
[DEBUG] Final token: f52cad4f4635f88b189c62640352c72305f53f2ee5f4b05cb6b2223b0c6b9f22208a2f542e8afc46ec0f69a34d470825
[DEBUG] Token: f52cad4f4635f88b189c62640352c72305f53f2ee5f4b05cb6b2223b0c6b9f22208a2f542e8afc46ec0f69a34d470825
   ✓ Token decoded (length: 96)
[3/3] Connecting...

[DEBUG] WebSocket URL: wss://kahoot.it/cometd/5114254/f52cad4f4635f88b189c62640352c72305f53f2ee5f4b05cb6b2223b0c6b9f22208a2f542e8afc46ec0f69a34d470825
✓ Connected to WebSocket
[DEBUG] SEND handshake
[DEBUG] RECV: /meta/handshake 
✓ Handshake OK, clientId: bxjb1susffh40ogxp18ypyx2f4gbt7
[DEBUG] SEND connect (first)
[DEBUG] RECV: /meta/connect 
[DEBUG] SEND connect (second)
[DEBUG] SEND login yousuck149-zq7
[DEBUG] RECV: /service/controller loginResponse
✓ Login successful! CID: 566840420
[DEBUG] SEND namerator message

=== SUCCESS ===
Listening for game events... (Ctrl+C to exit)

[DEBUG] RECV: /meta/connect 
[DEBUG] RECV: /service/controller 
[DEBUG] RECV: /service/controller 
[DEBUG] RECV: /service/status status
✓ Game is ACTIVE
[DEBUG] RECV: /service/player message

🎉 JOINED AS: CuteFox32
   Player CID: 566840420
[DEBUG] RECV: /service/player message
[DEBUG] RECV: /meta/connect 
[DEBUG] RECV: /service/player message
[DEBUG] RECV: /meta/connect 
[DEBUG] RECV: /service/player message
[DEBUG] RECV: /meta/connect 
[DEBUG] RECV: /service/player message
[DEBUG] RECV: /meta/connect 
[DEBUG] RECV: /service/player message
[DEBUG] RECV: /meta/connect 
[DEBUG] RECV: /service/player message
[DEBUG] RECV: /meta/connect 
[DEBUG] RECV: /service/player message
[DEBUG] RECV: /meta/connect 
[DEBUG] RECV: /service/player message
[DEBUG] RECV: /meta/connect 
[DEBUG] RECV: /service/player message
[DEBUG] RECV: /meta/connect 
[DEBUG] RECV: /service/player message
[DEBUG] RECV: /meta/connect 
[DEBUG] RECV: /service/player message
[DEBUG] RECV: /meta/connect 
[DEBUG] RECV: /service/player message
[DEBUG] RECV: /meta/connect 
[DEBUG] RECV: /service/status status
[DEBUG] RECV: /meta/connect 
