
=== Kahoot Auto-Join ===
Game PIN: 5732350
Player: yousuck51-q13

[1/3] Getting session token...
[DEBUG] Session token (raw): B0E4UQAhLlldThdHXFFpCyJdQzt3UmcJXUoje3BMaVdMWWZmdDdfalMHUQFjO0kpclQMcX1UN2BRFwJUIAdfPx1WdAEGCVEBOWRRVWsCSgN+Xz9+VlVVBiZBKwQHDR4x
[DEBUG] Session token length: 128
[DEBUG] Base64 decoded length: 96
   ✓ Got session token
[2/3] Decoding token...
[DEBUG] Challenge message length: 100
[DEBUG] Offset: 1005343542
[DEBUG] Decoded challenge length: 100
[DEBUG] Token bytes length: 96
[DEBUG] Final token length: 96
[DEBUG] Final token: f8e6daa8f6e0d234f10b5e1453c5590e88053b35050c5d1e2c7877a6afb1af9ea646cef0b9463c6a24d3a1b4f8be97be
[DEBUG] Token: f8e6daa8f6e0d234f10b5e1453c5590e88053b35050c5d1e2c7877a6afb1af9ea646cef0b9463c6a24d3a1b4f8be97be
   ✓ Token decoded (length: 96)
[3/3] Connecting...

[DEBUG] WebSocket URL: wss://kahoot.it/cometd/5732350/f8e6daa8f6e0d234f10b5e1453c5590e88053b35050c5d1e2c7877a6afb1af9ea646cef0b9463c6a24d3a1b4f8be97be
✓ Connected to WebSocket
[DEBUG] SEND handshake
[DEBUG] RECV: /meta/handshake 
✓ Handshake OK, clientId: bzmf1tukddi0xake31tspln4dtuue
[DEBUG] SEND connect (first)
[DEBUG] RECV: /meta/connect 
[DEBUG] SEND connect (second)
[DEBUG] SEND login yousuck51-q13
[DEBUG] RECV: /service/controller loginResponse
✓ Login successful! CID: 333724985
[DEBUG] SEND namerator message

=== SUCCESS ===
Listening for game events... (Ctrl+C to exit)

[DEBUG] RECV: /meta/connect 
[DEBUG] RECV: /service/controller 
[DEBUG] RECV: /service/controller 
[DEBUG] RECV: /service/status status
✓ Game is ACTIVE
[DEBUG] RECV: /service/player message

🎉 JOINED AS: SwiftGoose12
   Player CID: 333724985
[DEBUG] RECV: /service/player message
[DEBUG] RECV: /service/player message
[DEBUG] RECV: /meta/connect 
[DEBUG] RECV: /service/player message
[DEBUG] RECV: /meta/connect 
[DEBUG] RECV: /service/player message
[DEBUG] RECV: /meta/connect 
[DEBUG] RECV: /service/status status
[DEBUG] RECV: /meta/connect 
