
=== Kahoot Auto-Join ===
Game PIN: 5114254
Player: yousuck160-o90

[1/3] Getting session token...
[DEBUG] Session token (raw): OXNGdQ1cQQ5ZYQlqHVRYJmwuJj58BH5BBRBua3sVayd9XQZXc0M4KgN+LFchbnooBwJkBX1ibDFQLHVjJA4dKQ14XAYDJCtlL0N3DQhrOS5ZWA1TXUpLcAkIbFw/fBAh
[DEBUG] Session token length: 128
[DEBUG] Base64 decoded length: 96
   ✓ Got session token
[2/3] Decoding token...
[DEBUG] Challenge message length: 100
[DEBUG] Offset: 6436
[DEBUG] Decoded challenge length: 100
[DEBUG] Token bytes length: 96
[DEBUG] Final token length: 96
[DEBUG] Final token: d5296064d5c7fc3f0abc37983d443f0b95bd80cf60dbf19fc893502c4b86e5aa79416dd1a23c26fbb3849305a698d9bb
[DEBUG] Token: d5296064d5c7fc3f0abc37983d443f0b95bd80cf60dbf19fc893502c4b86e5aa79416dd1a23c26fbb3849305a698d9bb
   ✓ Token decoded (length: 96)
[3/3] Connecting...

[DEBUG] WebSocket URL: wss://kahoot.it/cometd/5114254/d5296064d5c7fc3f0abc37983d443f0b95bd80cf60dbf19fc893502c4b86e5aa79416dd1a23c26fbb3849305a698d9bb
✓ Connected to WebSocket
[DEBUG] SEND handshake
[DEBUG] RECV: /meta/handshake 
✓ Handshake OK, clientId: bxjj8dqkaj80ha7y17rkgunyk4ube
[DEBUG] SEND connect (first)
[DEBUG] RECV: /meta/connect 
[DEBUG] SEND connect (second)
[DEBUG] SEND login yousuck160-o90
[DEBUG] RECV: /service/controller loginResponse
✓ Login successful! CID: 1308497822
[DEBUG] SEND namerator message

=== SUCCESS ===
Listening for game events... (Ctrl+C to exit)

[DEBUG] RECV: /meta/connect 
[DEBUG] RECV: /service/controller 
[DEBUG] RECV: /service/controller 
[DEBUG] RECV: /service/status status
✓ Game is ACTIVE
[DEBUG] RECV: /service/player message

🎉 JOINED AS: EagerYeti70
   Player CID: 1308497822
[DEBUG] RECV: /service/player message
[DEBUG] RECV: /meta/connect 
[DEBUG] RECV: /service/player message
[DEBUG] RECV: /meta/connect 
[DEBUG] RECV: /service/player message
[DEBUG] RECV: /meta/connect 
[DEBUG] RECV: /service/player message
[DEBUG] RECV: /meta/connect 
[DEBUG] RECV: /service/player message
[DEBUG] RECV: /meta/connect 
[DEBUG] RECV: /service/player message
[DEBUG] RECV: /meta/connect 
[DEBUG] RECV: /service/player message
[DEBUG] RECV: /meta/connect 
[DEBUG] RECV: /service/player message
[DEBUG] RECV: /meta/connect 
[DEBUG] RECV: /service/player message
[DEBUG] RECV: /meta/connect 
[DEBUG] RECV: /service/player message
[DEBUG] RECV: /meta/connect 
[DEBUG] RECV: /service/player message
[DEBUG] RECV: /meta/connect 
[DEBUG] RECV: /service/player message
[DEBUG] RECV: /meta/connect 
[DEBUG] RECV: /service/status status
[DEBUG] RECV: /meta/connect 
