
=== Kahoot Auto-Join ===
Game PIN: 5114254
Player: yousuck232-i65

[1/3] Getting session token...
[DEBUG] Session token (raw): XEQEZ34hF3h4Ag5hanglCA48OHRuVjFWDTEAfXdLVAlxDwRUAVo0VBUOKlFWUl9sW3gGZXQCaFJcAF98NzxNdH85CjIJWRs3a3BGAXlYDxEzJWswXFlPZBdUR3Fda092
[DEBUG] Session token length: 128
[DEBUG] Base64 decoded length: 96
   ✓ Got session token
[2/3] Decoding token...
[DEBUG] Challenge message length: 100
[DEBUG] Offset: 521
[DEBUG] Decoded challenge length: 100
[DEBUG] Token bytes length: 96
[DEBUG] Final token length: 96
[DEBUG] Final token: 73757ab9625492d43aa962dbdad269954de026c4b3bab8b019c7621288c4af759c5f06bf983c037ffb8e7383a140f531
[DEBUG] Token: 73757ab9625492d43aa962dbdad269954de026c4b3bab8b019c7621288c4af759c5f06bf983c037ffb8e7383a140f531
   ✓ Token decoded (length: 96)
[3/3] Connecting...

[DEBUG] WebSocket URL: wss://kahoot.it/cometd/5114254/73757ab9625492d43aa962dbdad269954de026c4b3bab8b019c7621288c4af759c5f06bf983c037ffb8e7383a140f531
✓ Connected to WebSocket
[DEBUG] SEND handshake
[DEBUG] RECV: /meta/handshake 
✓ Handshake OK, clientId: bxltmth76bt52o8bg6of4mftodhc
[DEBUG] SEND connect (first)
[DEBUG] RECV: /meta/connect 
[DEBUG] SEND connect (second)
[DEBUG] SEND login yousuck232-i65
[DEBUG] RECV: /service/controller loginResponse
✓ Login successful! CID: 1040177186
[DEBUG] SEND namerator message

=== SUCCESS ===
Listening for game events... (Ctrl+C to exit)

[DEBUG] RECV: /meta/connect 
[DEBUG] RECV: /service/controller 
[DEBUG] RECV: /service/controller 
[DEBUG] RECV: /service/status status
✓ Game is ACTIVE
[DEBUG] RECV: /service/player message

🎉 JOINED AS: RadiantPanther19
   Player CID: 1040177186
[DEBUG] RECV: /service/player message
[DEBUG] RECV: /service/player message
[DEBUG] RECV: /meta/connect 
[DEBUG] RECV: /service/player message
[DEBUG] RECV: /meta/connect 
[DEBUG] RECV: /service/player message
[DEBUG] RECV: /meta/connect 
[DEBUG] RECV: /service/player message
[DEBUG] RECV: /meta/connect 
[DEBUG] RECV: /service/player message
[DEBUG] RECV: /meta/connect 
[DEBUG] RECV: /service/player message
[DEBUG] RECV: /meta/connect 
[DEBUG] RECV: /service/player message
[DEBUG] RECV: /meta/connect 
[DEBUG] RECV: /service/player message
[DEBUG] RECV: /meta/connect 
[DEBUG] RECV: /service/player message
[DEBUG] RECV: /meta/connect 
[DEBUG] RECV: /service/player message
[DEBUG] RECV: /meta/connect 
[DEBUG] RECV: /service/status status
[DEBUG] RECV: /meta/connect 
