
=== Kahoot Auto-Join ===
Game PIN: 5114254
Player: yousuck238-o1q

[1/3] Getting session token...
[DEBUG] Session token (raw): U0Qjb3E4Ty1vUlU/BEA5XAsmDUxVCmVhBGxUXllrBmMUfipiXRkheVBWBSRnCHtOcV4Mbi8MF3JxYgYgZVg1YzYVExF3M0d8CiloNT8HDBloCWFiFTcvWzJ0WFoGe1sK
[DEBUG] Session token length: 128
[DEBUG] Base64 decoded length: 96
   ✓ Got session token
[2/3] Decoding token...
[DEBUG] Challenge message length: 100
[DEBUG] Offset: 38177979840
[DEBUG] Decoded challenge length: 100
[DEBUG] Token bytes length: 96
[DEBUG] Final token length: 96
[DEBUG] Final token: c6c86e6a671ce2c26d77eb4591301830c8e1eaf069da6e199636e4e441aa62d9ebae0c146b1fa78a7d58ccd1c90df399
[DEBUG] Token: c6c86e6a671ce2c26d77eb4591301830c8e1eaf069da6e199636e4e441aa62d9ebae0c146b1fa78a7d58ccd1c90df399
   ✓ Token decoded (length: 96)
[3/3] Connecting...

[DEBUG] WebSocket URL: wss://kahoot.it/cometd/5114254/c6c86e6a671ce2c26d77eb4591301830c8e1eaf069da6e199636e4e441aa62d9ebae0c146b1fa78a7d58ccd1c90df399
✓ Connected to WebSocket
[DEBUG] SEND handshake
[DEBUG] RECV: /meta/handshake 
✓ Handshake OK, clientId: bxlymcc5dip3raj6hkup7sgfkhzo
[DEBUG] SEND connect (first)
[DEBUG] RECV: /meta/connect 
[DEBUG] SEND connect (second)
[DEBUG] SEND login yousuck238-o1q
[DEBUG] RECV: /service/controller loginResponse
✓ Login successful! CID: 1990302187
[DEBUG] SEND namerator message

=== SUCCESS ===
Listening for game events... (Ctrl+C to exit)

[DEBUG] RECV: /meta/connect 
[DEBUG] RECV: /service/controller 
[DEBUG] RECV: /service/controller 
[DEBUG] RECV: /service/status status
✓ Game is ACTIVE
[DEBUG] RECV: /service/player message

🎉 JOINED AS: ArcticFerret93
   Player CID: 1990302187
[DEBUG] RECV: /service/player message
[DEBUG] RECV: /meta/connect 
[DEBUG] RECV: /service/player message
[DEBUG] RECV: /meta/connect 
[DEBUG] RECV: /service/player message
[DEBUG] RECV: /meta/connect 
[DEBUG] RECV: /service/player message
[DEBUG] RECV: /meta/connect 
[DEBUG] RECV: /service/player message
[DEBUG] RECV: /meta/connect 
[DEBUG] RECV: /service/player message
[DEBUG] RECV: /meta/connect 
[DEBUG] RECV: /service/player message
[DEBUG] RECV: /meta/connect 
[DEBUG] RECV: /service/player message
[DEBUG] RECV: /meta/connect 
[DEBUG] RECV: /service/player message
[DEBUG] RECV: /meta/connect 
[DEBUG] RECV: /service/player message
[DEBUG] RECV: /meta/connect 
[DEBUG] RECV: /service/player message
[DEBUG] RECV: /meta/connect 
[DEBUG] RECV: /service/status status
[DEBUG] RECV: /meta/connect 
