
=== Kahoot Auto-Join ===
Game PIN: 5114254
Player: yousuck894-ax2

[1/3] Getting session token...
[DEBUG] Session token (raw): X14AfQ56bgVSJHdQZwYEFH4vVVI9ZRNBKkAHQWQEQ3EqXi9zUHNAPVxVVwUxS0IGFSdbfgRIXGNJSTcAbBAhLmJfGEkqIXc7XzEXRh9Rd0Njfw1VQREwEAVeeAxvQX59
[DEBUG] Session token length: 128
[DEBUG] Base64 decoded length: 96
   ✓ Got session token
[2/3] Decoding token...
[DEBUG] Challenge message length: 100
[DEBUG] Offset: 3288
[DEBUG] Decoded challenge length: 100
[DEBUG] Token bytes length: 96
[DEBUG] Final token length: 96
[DEBUG] Final token: 9327c209ff2677bc0b2ea4b2c1235492c8a9e20f951ca294ddb2e9d329b67ddd91d1fa4eaee0d78162015baec35a9783
[DEBUG] Token: 9327c209ff2677bc0b2ea4b2c1235492c8a9e20f951ca294ddb2e9d329b67ddd91d1fa4eaee0d78162015baec35a9783
   ✓ Token decoded (length: 96)
[3/3] Connecting...

[DEBUG] WebSocket URL: wss://kahoot.it/cometd/5114254/9327c209ff2677bc0b2ea4b2c1235492c8a9e20f951ca294ddb2e9d329b67ddd91d1fa4eaee0d78162015baec35a9783
✓ Connected to WebSocket
[DEBUG] SEND handshake
[DEBUG] RECV: /meta/handshake 
✓ Handshake OK, clientId: by3q1ekybc5ssysm99c0pvsk33qn9
[DEBUG] SEND connect (first)
[DEBUG] RECV: /meta/connect 
[DEBUG] SEND connect (second)
[DEBUG] SEND login yousuck894-ax2
[DEBUG] RECV: /service/controller loginResponse
✓ Login successful! CID: 1016857270
[DEBUG] SEND namerator message

=== SUCCESS ===
Listening for game events... (Ctrl+C to exit)

[DEBUG] RECV: /meta/connect 
[DEBUG] RECV: /service/controller 
[DEBUG] RECV: /service/controller 
[DEBUG] RECV: /service/status status
✓ Game is ACTIVE
[DEBUG] RECV: /service/player message

🎉 JOINED AS: PoliteDog7
   Player CID: 1016857270
[DEBUG] RECV: /service/player message
[DEBUG] RECV: /meta/connect 
[DEBUG] RECV: /service/player message
[DEBUG] RECV: /meta/connect 
[DEBUG] RECV: /service/status status
[DEBUG] RECV: /meta/connect 
