
=== Kahoot Auto-Join ===
Game PIN: 5732350
Player: yousuck8-oqn

[1/3] Getting session token...
[DEBUG] Session token (raw): XnM6FGZVUhpbalJXbgEAW3wHB3hmVzJSYxYwYWgLDUQvB1BHBg9MJVpRD292LwMGITx1egwoUzFfWxEGA04TDxxQJG4PSgRZA0RoQ28JXXkDbS1UBTtMUyI5RT1bBTxI
[DEBUG] Session token length: 128
[DEBUG] Base64 decoded length: 96
   ✓ Got session token
[2/3] Decoding token...
[DEBUG] Challenge message length: 100
[DEBUG] Offset: 2514342
[DEBUG] Decoded challenge length: 100
[DEBUG] Token bytes length: 96
[DEBUG] Final token length: 96
[DEBUG] Final token: 37ef94eaf8fa605b9c689be19be59138d1e3926ccbb27bdcac492b3f21fa82d3d5e683b624367de113f1ce63cc6e85c2
[DEBUG] Token: 37ef94eaf8fa605b9c689be19be59138d1e3926ccbb27bdcac492b3f21fa82d3d5e683b624367de113f1ce63cc6e85c2
   ✓ Token decoded (length: 96)
[3/3] Connecting...

[DEBUG] WebSocket URL: wss://kahoot.it/cometd/5732350/37ef94eaf8fa605b9c689be19be59138d1e3926ccbb27bdcac492b3f21fa82d3d5e683b624367de113f1ce63cc6e85c2
✓ Connected to WebSocket
[DEBUG] SEND handshake
[DEBUG] RECV: /meta/handshake 
✓ Handshake OK, clientId: bzlg1612cb7h45tb4ldfjrh1l6qnz
[DEBUG] SEND connect (first)
[DEBUG] RECV: /meta/connect 
[DEBUG] SEND connect (second)
[DEBUG] SEND login yousuck8-oqn
[DEBUG] RECV: /service/controller loginResponse
✓ Login successful! CID: 333437210
[DEBUG] SEND namerator message

=== SUCCESS ===
Listening for game events... (Ctrl+C to exit)

[DEBUG] RECV: /meta/connect 
[DEBUG] RECV: /service/controller 
[DEBUG] RECV: /service/controller 
[DEBUG] RECV: /service/status status
✓ Game is ACTIVE
[DEBUG] RECV: /service/player message

🎉 JOINED AS: SilverElk78
   Player CID: 333437210
[DEBUG] RECV: /service/player message
[DEBUG] RECV: /service/player message
[DEBUG] RECV: /meta/connect 
[DEBUG] RECV: /service/player message
[DEBUG] RECV: /meta/connect 
[DEBUG] RECV: /service/player message
[DEBUG] RECV: /meta/connect 
[DEBUG] RECV: /service/player message
[DEBUG] RECV: /meta/connect 
[DEBUG] RECV: /service/status status
[DEBUG] RECV: /meta/connect 
