
=== Kahoot Auto-Join ===
Game PIN: 5732350
Player: yousuck33-jbu

[1/3] Getting session token...
[DEBUG] Session token (raw): SCNRAHArB1oHKQZAa31UKVtfRQIrc0k7FkFXAgE/XWY4CU4RZQlEbl92V19EY3RKD3V3b3cZZDwPIGFhXAwEAXBXW2lTDhQCZyZ7MHRBFAYnByBWCi5RAxRmYhVSQQUN
[DEBUG] Session token length: 128
[DEBUG] Base64 decoded length: 96
   ✓ Got session token
[2/3] Decoding token...
[DEBUG] Challenge message length: 100
[DEBUG] Offset: 61125
[DEBUG] Decoded challenge length: 100
[DEBUG] Token bytes length: 96
[DEBUG] Final token length: 96
[DEBUG] Final token: 8cb40ab83f2085ea3065c52cf6430bb5a04f6c831251487803284a0f7d580bf95db278d02d2a81ebf9c75aa7d98ba25d
[DEBUG] Token: 8cb40ab83f2085ea3065c52cf6430bb5a04f6c831251487803284a0f7d580bf95db278d02d2a81ebf9c75aa7d98ba25d
   ✓ Token decoded (length: 96)
[3/3] Connecting...

[DEBUG] WebSocket URL: wss://kahoot.it/cometd/5732350/8cb40ab83f2085ea3065c52cf6430bb5a04f6c831251487803284a0f7d580bf95db278d02d2a81ebf9c75aa7d98ba25d
✓ Connected to WebSocket
[DEBUG] SEND handshake
[DEBUG] RECV: /meta/handshake 
✓ Handshake OK, clientId: bzm7f6y73pkz4s9dmuwi7r0q0tpd
[DEBUG] SEND connect (first)
[DEBUG] RECV: /meta/connect 
[DEBUG] SEND connect (second)
[DEBUG] SEND login yousuck33-jbu
[DEBUG] RECV: /service/controller loginResponse
✓ Login successful! CID: 1844186093
[DEBUG] SEND namerator message

=== SUCCESS ===
Listening for game events... (Ctrl+C to exit)

[DEBUG] RECV: /meta/connect 
[DEBUG] RECV: /service/controller 
[DEBUG] RECV: /service/controller 
[DEBUG] RECV: /service/status status
✓ Game is ACTIVE
[DEBUG] RECV: /service/player message

🎉 JOINED AS: CheerfulSquid60
   Player CID: 1844186093
[DEBUG] RECV: /service/player message
[DEBUG] RECV: /meta/connect 
[DEBUG] RECV: /service/player message
[DEBUG] RECV: /meta/connect 
[DEBUG] RECV: /service/player message
[DEBUG] RECV: /meta/connect 
[DEBUG] RECV: /service/player message
[DEBUG] RECV: /meta/connect 
[DEBUG] RECV: /service/status status
[DEBUG] RECV: /meta/connect 
