
=== Kahoot Auto-Join ===
Game PIN: 5114254
Player: yousuck124-tv7

[1/3] Getting session token...
[DEBUG] Session token (raw): RFtBPXFJUG5fFTMFHWFMQTdRNUdADwRyfg9rBAtjYW9YLV9payhXF25vQmtiM1hhWh0cZm4JcQg5CjFYCUY+KCtmOFh/ZV9nSmwAYyEQe3Y7Yz9tVxg4eTo4CD4VXm1d
[DEBUG] Session token length: 128
[DEBUG] Base64 decoded length: 96
   ✓ Got session token
[2/3] Decoding token...
[DEBUG] Challenge message length: 100
[DEBUG] Offset: 9231
[DEBUG] Decoded challenge length: 100
[DEBUG] Token bytes length: 96
[DEBUG] Final token length: 96
[DEBUG] Final token: 069f6086baa8f781daf4339838307370ee611ecd40931a813ff8456afdd207dbe8f2462605e8ed02b6d3bae6de2ae153
[DEBUG] Token: 069f6086baa8f781daf4339838307370ee611ecd40931a813ff8456afdd207dbe8f2462605e8ed02b6d3bae6de2ae153
   ✓ Token decoded (length: 96)
[3/3] Connecting...

[DEBUG] WebSocket URL: wss://kahoot.it/cometd/5114254/069f6086baa8f781daf4339838307370ee611ecd40931a813ff8456afdd207dbe8f2462605e8ed02b6d3bae6de2ae153
✓ Connected to WebSocket
[DEBUG] SEND handshake
[DEBUG] RECV: /meta/handshake 
✓ Handshake OK, clientId: bxio14beau4dqbp4p9h1hey64euyt
[DEBUG] SEND connect (first)
[DEBUG] RECV: /meta/connect 
[DEBUG] SEND connect (second)
[DEBUG] SEND login yousuck124-tv7
[DEBUG] RECV: /service/controller 

⚠ Timeout - check if name appears in Kahoot lobby
[DEBUG] WebSocket closed: 1005

=== FAILED ===
Error: Connection closed (1005)
