
=== Kahoot Auto-Join ===
Game PIN: 5114254
Player: yousuck537-msd

[1/3] Getting session token...
[DEBUG] Session token (raw): RnVJPTZ8B3cMT0dwMQplADcyBRVHfG1TY1g+Q1Rba19dZEsADG4KQEtZXwFKK1hCAnYhFQIYEgJKWjl8CEcGc0p9F0EBdFZzOjULQjZGexVMDEJeAg9vXVYhd1sCPkIN
[DEBUG] Session token length: 128
[DEBUG] Base64 decoded length: 96
   ✓ Got session token
[2/3] Decoding token...
[DEBUG] Challenge message length: 100
[DEBUG] Offset: 11077
[DEBUG] Decoded challenge length: 100
[DEBUG] Token bytes length: 96
[DEBUG] Final token length: 96
[DEBUG] Final token: 479be4860726e98aadef741a37f7037f388d47e81ce18c49e7ae5cd231a4834237e006e3cdd8a45e4914f2221c2aad33
[DEBUG] Token: 479be4860726e98aadef741a37f7037f388d47e81ce18c49e7ae5cd231a4834237e006e3cdd8a45e4914f2221c2aad33
   ✓ Token decoded (length: 96)
[3/3] Connecting...

[DEBUG] WebSocket URL: wss://kahoot.it/cometd/5114254/479be4860726e98aadef741a37f7037f388d47e81ce18c49e7ae5cd231a4834237e006e3cdd8a45e4914f2221c2aad33
✓ Connected to WebSocket
[DEBUG] SEND handshake
[DEBUG] RECV: /meta/handshake 
✓ Handshake OK, clientId: bxu8nb3mlq94627f1ltqghlko52oi
[DEBUG] SEND connect (first)
[DEBUG] RECV: /meta/connect 
[DEBUG] SEND connect (second)
[DEBUG] SEND login yousuck537-msd
[DEBUG] RECV: /service/controller loginResponse
✓ Login successful! CID: 585634147
[DEBUG] SEND namerator message

=== SUCCESS ===
Listening for game events... (Ctrl+C to exit)

[DEBUG] RECV: /meta/connect 
[DEBUG] RECV: /service/controller 
[DEBUG] RECV: /service/controller 
[DEBUG] RECV: /service/status status
✓ Game is ACTIVE
[DEBUG] RECV: /service/player message

🎉 JOINED AS: LuckyChicken61
   Player CID: 585634147
[DEBUG] RECV: /service/player message
[DEBUG] RECV: /meta/connect 
[DEBUG] RECV: /service/player message
[DEBUG] RECV: /meta/connect 
[DEBUG] RECV: /service/player message
[DEBUG] RECV: /meta/connect 
[DEBUG] RECV: /service/player message
[DEBUG] RECV: /meta/connect 
[DEBUG] RECV: /service/player message
[DEBUG] RECV: /meta/connect 
[DEBUG] RECV: /service/player message
[DEBUG] RECV: /meta/connect 
[DEBUG] RECV: /service/status status
[DEBUG] RECV: /meta/connect 
