
=== Kahoot Auto-Join ===
Game PIN: 5732350
Player: yousuck4-mgm

[1/3] Getting session token...
[DEBUG] Session token (raw): bhIlI2kWWBRoAWJ2JUFTX1VhJlp0NQRcMFsMRDViBns0f3QJTURHYWYgWVRtLDozdghRRFhmBQlsT24iDVMza0FbQ0NtUDkpH0VAMHVuX0hTL1pzI0ReDW9XQQdeR2cI
[DEBUG] Session token length: 128
[DEBUG] Base64 decoded length: 96
   ✓ Got session token
[2/3] Decoding token...
[DEBUG] Challenge message length: 100
[DEBUG] Offset: 31920
[DEBUG] Decoded challenge length: 100
[DEBUG] Token bytes length: 96
[DEBUG] Final token length: 96
[DEBUG] Final token: 4ecf3e2b5689d82a35d77fa1a983f4c8e06a10182b1f7fca961164c0649bf7d15c3110cbe06e84930ca9f7cf5a37b75d
[DEBUG] Token: 4ecf3e2b5689d82a35d77fa1a983f4c8e06a10182b1f7fca961164c0649bf7d15c3110cbe06e84930ca9f7cf5a37b75d
   ✓ Token decoded (length: 96)
[3/3] Connecting...

[DEBUG] WebSocket URL: wss://kahoot.it/cometd/5732350/4ecf3e2b5689d82a35d77fa1a983f4c8e06a10182b1f7fca961164c0649bf7d15c3110cbe06e84930ca9f7cf5a37b75d
✓ Connected to WebSocket
[DEBUG] SEND handshake
[DEBUG] RECV: /meta/handshake 
✓ Handshake OK, clientId: bzo91hgbrizeat1ll1mtlsl1osct07
[DEBUG] SEND connect (first)
[DEBUG] RECV: /meta/connect 
[DEBUG] SEND connect (second)
[DEBUG] SEND login yousuck4-mgm
[DEBUG] RECV: /service/controller loginResponse
✓ Login successful! CID: 141725315
[DEBUG] SEND namerator message

=== SUCCESS ===
Listening for game events... (Ctrl+C to exit)

[DEBUG] RECV: /meta/connect 
[DEBUG] RECV: /service/controller 
[DEBUG] RECV: /service/controller 
[DEBUG] RECV: /service/status status
✓ Game is ACTIVE
[DEBUG] RECV: /service/player message

🎉 JOINED AS: DecisiveAlpaca34
   Player CID: 141725315
[DEBUG] RECV: /service/player message
[DEBUG] RECV: /meta/connect 
[DEBUG] RECV: /service/player message
[DEBUG] RECV: /meta/connect 
[DEBUG] RECV: /service/player message
[DEBUG] RECV: /meta/connect 
[DEBUG] RECV: /service/status status
[DEBUG] RECV: /meta/connect 
