
=== Kahoot Auto-Join ===
Game PIN: 5114254
Player: yousuck868-vty

[1/3] Getting session token...
[DEBUG] Session token (raw): R3JBWQ9MU0ZITmwoT1h9EgtlTTZyVAU7XkF6BnwHAgosbARFXXZAKCgHZAIGbRVOUFhXZkYRXmdqVFghXAULA1doCAMBA1dycjxZdEwWUXtDClZROg1OEQk1SXMRYkZb
[DEBUG] Session token length: 128
[DEBUG] Base64 decoded length: 96
   ✓ Got session token
[2/3] Decoding token...
[DEBUG] Challenge message length: 100
[DEBUG] Offset: 7846
[DEBUG] Decoded challenge length: 100
[DEBUG] Token bytes length: 96
[DEBUG] Final token length: 96
[DEBUG] Final token: 20007733975a3a6e676c8b6e26628833c8e0679af96688a2c8872d8832ef339c4068bc784a035cb072a6c07a7b87e026
[DEBUG] Token: 20007733975a3a6e676c8b6e26628833c8e0679af96688a2c8872d8832ef339c4068bc784a035cb072a6c07a7b87e026
   ✓ Token decoded (length: 96)
[3/3] Connecting...

[DEBUG] WebSocket URL: wss://kahoot.it/cometd/5114254/20007733975a3a6e676c8b6e26628833c8e0679af96688a2c8872d8832ef339c4068bc784a035cb072a6c07a7b87e026
✓ Connected to WebSocket
[DEBUG] SEND handshake
[DEBUG] RECV: /meta/handshake 
✓ Handshake OK, clientId: by39i9gd7gas3aoa1ijj3037ywy58
[DEBUG] SEND connect (first)
[DEBUG] RECV: /meta/connect 
[DEBUG] SEND connect (second)
[DEBUG] SEND login yousuck868-vty
[DEBUG] RECV: /service/controller loginResponse
✓ Login successful! CID: 1497861904
[DEBUG] SEND namerator message

=== SUCCESS ===
Listening for game events... (Ctrl+C to exit)

[DEBUG] RECV: /meta/connect 
[DEBUG] RECV: /service/controller 
[DEBUG] RECV: /service/controller 
[DEBUG] RECV: /service/status status
✓ Game is ACTIVE
[DEBUG] RECV: /service/player message

🎉 JOINED AS: MountainSable35
   Player CID: 1497861904
[DEBUG] RECV: /service/player message
[DEBUG] RECV: /meta/connect 
[DEBUG] RECV: /service/player message
[DEBUG] RECV: /meta/connect 
[DEBUG] RECV: /service/status status
[DEBUG] RECV: /meta/connect 
