
=== Kahoot Auto-Join ===
Game PIN: 5114254
Player: yousuck403-de1

[1/3] Getting session token...
[DEBUG] Session token (raw): Phw7WlZ+UFs2CHgFCwx2ZltREBRgSSRyBF9lUyUHE3hZRThafXp1UWtfUkQNBHQNYXZtCiBdAX5EfV5QKWBsfQlcZHcWAXsldlBGCkc5UgwZfkVga1AFTkAzbiwwDHgF
[DEBUG] Session token length: 128
[DEBUG] Base64 decoded length: 96
   ✓ Got session token
[2/3] Decoding token...
[DEBUG] Challenge message length: 100
[DEBUG] Offset: 7205
[DEBUG] Decoded challenge length: 100
[DEBUG] Token bytes length: 96
[DEBUG] Final token length: 96
[DEBUG] Final token: bee6191bc05b81163fdf21b43a41e0f017bc626373136f7b9878c8f8541ca4232584a55d2d1a1e2cb86278f62c5ba838
[DEBUG] Token: bee6191bc05b81163fdf21b43a41e0f017bc626373136f7b9878c8f8541ca4232584a55d2d1a1e2cb86278f62c5ba838
   ✓ Token decoded (length: 96)
[3/3] Connecting...

[DEBUG] WebSocket URL: wss://kahoot.it/cometd/5114254/bee6191bc05b81163fdf21b43a41e0f017bc626373136f7b9878c8f8541ca4232584a55d2d1a1e2cb86278f62c5ba838
✓ Connected to WebSocket
[DEBUG] SEND handshake
[DEBUG] RECV: /meta/handshake 
✓ Handshake OK, clientId: bxqgg2m19khb32czrhcfj0ww3laj
[DEBUG] SEND connect (first)
[DEBUG] RECV: /meta/connect 
[DEBUG] SEND connect (second)
[DEBUG] SEND login yousuck403-de1
[DEBUG] RECV: /service/controller loginResponse
✓ Login successful! CID: 174000486
[DEBUG] SEND namerator message

=== SUCCESS ===
Listening for game events... (Ctrl+C to exit)

[DEBUG] RECV: /meta/connect 
[DEBUG] RECV: /service/controller 
[DEBUG] RECV: /service/controller 
[DEBUG] RECV: /service/status status
✓ Game is ACTIVE
[DEBUG] RECV: /service/player message

🎉 JOINED AS: SmilingRooster30
   Player CID: 174000486
[DEBUG] RECV: /service/player message
[DEBUG] RECV: /meta/connect 
[DEBUG] RECV: /service/player message
[DEBUG] RECV: /meta/connect 
[DEBUG] RECV: /service/player message
[DEBUG] RECV: /meta/connect 
[DEBUG] RECV: /service/player message
[DEBUG] RECV: /meta/connect 
[DEBUG] RECV: /service/player message
[DEBUG] RECV: /meta/connect 
[DEBUG] RECV: /service/player message
[DEBUG] RECV: /meta/connect 
[DEBUG] RECV: /service/player message
[DEBUG] RECV: /meta/connect 
[DEBUG] RECV: /service/player message
[DEBUG] RECV: /meta/connect 
[DEBUG] RECV: /service/status status
[DEBUG] RECV: /meta/connect 
