
=== Kahoot Auto-Join ===
Game PIN: 5114254
Player: yousuck376-6rn

[1/3] Getting session token...
[DEBUG] Session token (raw): KVJ/L1UYVlxhUloqZ1BnYA1dZgQuKlcCWFM/YikIB1kAfD4/XTIxOD8iZwVlQkBRFhAKYSlPBTJfakMAdisEfg81NE5ca1gHVV4uYWUuCwgkd1RIJw1pUw4KaChYV3Na
[DEBUG] Session token length: 128
[DEBUG] Base64 decoded length: 96
   ✓ Got session token
[2/3] Decoding token...
[DEBUG] Challenge message length: 100
[DEBUG] Offset: 182
[DEBUG] Decoded challenge length: 100
[DEBUG] Token bytes length: 96
[DEBUG] Final token length: 96
[DEBUG] Final token: e19bdd6b048f71460f9fafa592f7e17530aebcfdbb442081ff44e79ea5317ef2cbc5c3098de40bdaf800b17b856d1109
[DEBUG] Token: e19bdd6b048f71460f9fafa592f7e17530aebcfdbb442081ff44e79ea5317ef2cbc5c3098de40bdaf800b17b856d1109
   ✓ Token decoded (length: 96)
[3/3] Connecting...

[DEBUG] WebSocket URL: wss://kahoot.it/cometd/5114254/e19bdd6b048f71460f9fafa592f7e17530aebcfdbb442081ff44e79ea5317ef2cbc5c3098de40bdaf800b17b856d1109
✓ Connected to WebSocket
[DEBUG] SEND handshake
[DEBUG] RECV: /meta/handshake 
✓ Handshake OK, clientId: bxpt9oi3n804v5432cemgb7dvt4w
[DEBUG] SEND connect (first)
[DEBUG] RECV: /meta/connect 
[DEBUG] SEND connect (second)
[DEBUG] SEND login yousuck376-6rn
[DEBUG] RECV: /service/controller loginResponse
✓ Login successful! CID: 1868315932
[DEBUG] SEND namerator message

=== SUCCESS ===
Listening for game events... (Ctrl+C to exit)

[DEBUG] RECV: /meta/connect 
[DEBUG] RECV: /service/controller 
[DEBUG] RECV: /service/controller 
[DEBUG] RECV: /service/status status
✓ Game is ACTIVE
[DEBUG] RECV: /service/player message

🎉 JOINED AS: FastWolf98
   Player CID: 1868315932
[DEBUG] RECV: /service/player message
[DEBUG] RECV: /meta/connect 
[DEBUG] RECV: /service/player message
[DEBUG] RECV: /meta/connect 
[DEBUG] RECV: /service/player message
[DEBUG] RECV: /meta/connect 
[DEBUG] RECV: /service/player message
[DEBUG] RECV: /meta/connect 
[DEBUG] RECV: /service/player message
[DEBUG] RECV: /meta/connect 
[DEBUG] RECV: /service/player message
[DEBUG] RECV: /meta/connect 
[DEBUG] RECV: /service/player message
[DEBUG] RECV: /meta/connect 
[DEBUG] RECV: /service/player message
[DEBUG] RECV: /meta/connect 
[DEBUG] RECV: /service/status status
[DEBUG] RECV: /meta/connect 
