
=== Kahoot Auto-Join ===
Game PIN: 5114254
Player: yousuck930-t30

[1/3] Getting session token...
[DEBUG] Session token (raw): OXpQNFNCWG9DWH5beFhUUw1QckNCCQY8aTAEXz0WRwMFKQNCRUsvfQJQBFEoBkwIH01zLn8EXQsDWn1XV1pGX3JDHVVtVmpZVw56VgNqdVtCBXVTTFVsWCsTUFxtIF1W
[DEBUG] Session token length: 128
[DEBUG] Base64 decoded length: 96
   ✓ Got session token
[2/3] Decoding token...
[DEBUG] Challenge message length: 100
[DEBUG] Offset: 52092
[DEBUG] Decoded challenge length: 100
[DEBUG] Token bytes length: 96
[DEBUG] Final token length: 96
[DEBUG] Final token: a9cda7b7093871a00831251c2df2ef137dc977c7d31eeb72d98c9e2e6355132917d662284663526d171d8a0dfc611cd1
[DEBUG] Token: a9cda7b7093871a00831251c2df2ef137dc977c7d31eeb72d98c9e2e6355132917d662284663526d171d8a0dfc611cd1
   ✓ Token decoded (length: 96)
[3/3] Connecting...

[DEBUG] WebSocket URL: wss://kahoot.it/cometd/5114254/a9cda7b7093871a00831251c2df2ef137dc977c7d31eeb72d98c9e2e6355132917d662284663526d171d8a0dfc611cd1
✓ Connected to WebSocket
[DEBUG] SEND handshake
[DEBUG] RECV: /meta/handshake 
✓ Handshake OK, clientId: by551ur9e9cz78itch009l5c5aks
[DEBUG] SEND connect (first)
[DEBUG] RECV: /meta/connect 
[DEBUG] SEND connect (second)
[DEBUG] SEND login yousuck930-t30
[DEBUG] RECV: /service/controller loginResponse
✓ Login successful! CID: 1002661906
[DEBUG] SEND namerator message

=== SUCCESS ===
Listening for game events... (Ctrl+C to exit)

[DEBUG] RECV: /meta/connect 
[DEBUG] RECV: /service/controller 
[DEBUG] RECV: /service/controller 
[DEBUG] RECV: /service/status status
✓ Game is ACTIVE
[DEBUG] RECV: /service/player message

🎉 JOINED AS: CleverBee91
   Player CID: 1002661906
[DEBUG] RECV: /service/player message
[DEBUG] RECV: /service/player message
[DEBUG] RECV: /meta/connect 
[DEBUG] RECV: /service/status status
[DEBUG] RECV: /meta/connect 
