
=== Kahoot Auto-Join ===
Game PIN: 5114254
Player: yousuck508-ijj

[1/3] Getting session token...
[DEBUG] Session token (raw): XScyUgYMYg12dF5RDllmLghueTQJC2hBT25MUw8KVXkyf0EiA3YqQ2YxWwsMLw8BDiZtcgFSSBMwTnt7IglYQXgrXmN+PFMxHQNfV2EJdQAXDAECY09kVWoVB0wPHkdf
[DEBUG] Session token length: 128
[DEBUG] Base64 decoded length: 96
   ✓ Got session token
[2/3] Decoding token...
[DEBUG] Challenge message length: 100
[DEBUG] Offset: 78752
[DEBUG] Decoded challenge length: 100
[DEBUG] Token bytes length: 96
[DEBUG] Final token length: 96
[DEBUG] Final token: 7dc4e88478abd83a306c72783676e050a60b47e92b182a2e4f34581fe997a9403b475a0dfc454c82cbd968695c54eb54
[DEBUG] Token: 7dc4e88478abd83a306c72783676e050a60b47e92b182a2e4f34581fe997a9403b475a0dfc454c82cbd968695c54eb54
   ✓ Token decoded (length: 96)
[3/3] Connecting...

[DEBUG] WebSocket URL: wss://kahoot.it/cometd/5114254/7dc4e88478abd83a306c72783676e050a60b47e92b182a2e4f34581fe997a9403b475a0dfc454c82cbd968695c54eb54
✓ Connected to WebSocket
[DEBUG] SEND handshake
[DEBUG] RECV: /meta/handshake 
✓ Handshake OK, clientId: bxtj1c40hmgwbpmu2gx85e5vx656r
[DEBUG] SEND connect (first)
[DEBUG] RECV: /meta/connect 
[DEBUG] SEND connect (second)
[DEBUG] SEND login yousuck508-ijj
[DEBUG] RECV: /service/controller loginResponse
✓ Login successful! CID: 1347371531
[DEBUG] SEND namerator message

=== SUCCESS ===
Listening for game events... (Ctrl+C to exit)

[DEBUG] RECV: /meta/connect 
[DEBUG] RECV: /service/controller 
[DEBUG] RECV: /service/controller 
[DEBUG] RECV: /service/status status
✓ Game is ACTIVE
[DEBUG] RECV: /service/player message

🎉 JOINED AS: PurplePenguin6
   Player CID: 1347371531
[DEBUG] RECV: /service/player message
[DEBUG] RECV: /meta/connect 
[DEBUG] RECV: /service/player message
[DEBUG] RECV: /meta/connect 
[DEBUG] RECV: /service/player message
[DEBUG] RECV: /meta/connect 
[DEBUG] RECV: /service/player message
[DEBUG] RECV: /meta/connect 
[DEBUG] RECV: /service/player message
[DEBUG] RECV: /meta/connect 
[DEBUG] RECV: /service/player message
[DEBUG] RECV: /meta/connect 
[DEBUG] RECV: /service/player message
[DEBUG] RECV: /meta/connect 
[DEBUG] RECV: /service/status status
[DEBUG] RECV: /meta/connect 
