
=== Kahoot Auto-Join ===
Game PIN: 5114254
Player: yousuck377-jps

[1/3] Getting session token...
[DEBUG] Session token (raw): UDpwJmUvbkUSVUkAc3QMAmctalFfBw4QYA44PFpdfixtVgJZf3UBVgRHcgUkGXA3JRVbQQdebg5pOVgFFFAOQTdZSlBbCCJePmBZXSRXVQAFGQVhfjY4PFgMUA5jFWRv
[DEBUG] Session token length: 128
[DEBUG] Base64 decoded length: 96
   ✓ Got session token
[2/3] Decoding token...
[DEBUG] Challenge message length: 100
[DEBUG] Offset: 128
[DEBUG] Decoded challenge length: 100
[DEBUG] Token bytes length: 96
[DEBUG] Final token length: 96
[DEBUG] Final token: 3a6c8b74d29c96f47b442d9f6ddd9d7b957327f34022fa2dedc403995dc6e0a0cc3c85bfc781c4ebcc980eff6d773a74
[DEBUG] Token: 3a6c8b74d29c96f47b442d9f6ddd9d7b957327f34022fa2dedc403995dc6e0a0cc3c85bfc781c4ebcc980eff6d773a74
   ✓ Token decoded (length: 96)
[3/3] Connecting...

[DEBUG] WebSocket URL: wss://kahoot.it/cometd/5114254/3a6c8b74d29c96f47b442d9f6ddd9d7b957327f34022fa2dedc403995dc6e0a0cc3c85bfc781c4ebcc980eff6d773a74
✓ Connected to WebSocket
[DEBUG] SEND handshake
[DEBUG] RECV: /meta/handshake 
✓ Handshake OK, clientId: bxpq19j8ogrl3a3ctdv5ybhw3asei
[DEBUG] SEND connect (first)
[DEBUG] RECV: /meta/connect 
[DEBUG] SEND connect (second)
[DEBUG] SEND login yousuck377-jps
[DEBUG] RECV: /service/controller loginResponse
✓ Login successful! CID: 421772500
[DEBUG] SEND namerator message

=== SUCCESS ===
Listening for game events... (Ctrl+C to exit)

[DEBUG] RECV: /meta/connect 
[DEBUG] RECV: /service/controller 
[DEBUG] RECV: /service/controller 
[DEBUG] RECV: /service/status status
✓ Game is ACTIVE
[DEBUG] RECV: /service/player message

🎉 JOINED AS: DiligentBoa48
   Player CID: 421772500
[DEBUG] RECV: /service/player message
[DEBUG] RECV: /meta/connect 
[DEBUG] RECV: /service/player message
[DEBUG] RECV: /meta/connect 
[DEBUG] RECV: /service/player message
[DEBUG] RECV: /meta/connect 
[DEBUG] RECV: /service/player message
[DEBUG] RECV: /meta/connect 
[DEBUG] RECV: /service/player message
[DEBUG] RECV: /meta/connect 
[DEBUG] RECV: /service/player message
[DEBUG] RECV: /meta/connect 
[DEBUG] RECV: /service/player message
[DEBUG] RECV: /meta/connect 
[DEBUG] RECV: /service/player message
[DEBUG] RECV: /meta/connect 
[DEBUG] RECV: /service/status status
[DEBUG] RECV: /meta/connect 
