
=== Kahoot Auto-Join ===
Game PIN: 5114254
Player: yousuck612-bz0

[1/3] Getting session token...
[DEBUG] Session token (raw): Vnd/QGcBMAFlZiM6X0NSGlRQV15GbyBpAgJXWgwEW3FFUWRkcwcPbiBZWA10YiMpXANFQVNeP1ddThh4bgAYCSxmNVJ8UgpnY3VCOUdVVmUMZEgBE31oRVUIfA1pGRxy
[DEBUG] Session token length: 128
[DEBUG] Base64 decoded length: 96
   ✓ Got session token
[2/3] Decoding token...
[DEBUG] Challenge message length: 100
[DEBUG] Offset: 184490460
[DEBUG] Decoded challenge length: 100
[DEBUG] Token bytes length: 96
[DEBUG] Final token length: 96
[DEBUG] Final token: f86447b182ef44bfeaf765f26128de4836973218af0528eaab57a9c027d198afd8d016e6971e1e69719de5702b537cf5
[DEBUG] Token: f86447b182ef44bfeaf765f26128de4836973218af0528eaab57a9c027d198afd8d016e6971e1e69719de5702b537cf5
   ✓ Token decoded (length: 96)
[3/3] Connecting...

[DEBUG] WebSocket URL: wss://kahoot.it/cometd/5114254/f86447b182ef44bfeaf765f26128de4836973218af0528eaab57a9c027d198afd8d016e6971e1e69719de5702b537cf5
✓ Connected to WebSocket
[DEBUG] SEND handshake
[DEBUG] RECV: /meta/handshake 
✓ Handshake OK, clientId: bxwk3hqxdyd418pq9ihuai8byq06
[DEBUG] SEND connect (first)
[DEBUG] RECV: /meta/connect 
[DEBUG] SEND connect (second)
[DEBUG] SEND login yousuck612-bz0
[DEBUG] RECV: /service/controller loginResponse
✓ Login successful! CID: 793839321
[DEBUG] SEND namerator message

=== SUCCESS ===
Listening for game events... (Ctrl+C to exit)

[DEBUG] RECV: /meta/connect 
[DEBUG] RECV: /service/controller 
[DEBUG] RECV: /service/controller 
[DEBUG] RECV: /service/status status
✓ Game is ACTIVE
[DEBUG] RECV: /service/player message

🎉 JOINED AS: DecisivePanda86
   Player CID: 793839321
[DEBUG] RECV: /service/player message
[DEBUG] RECV: /meta/connect 
[DEBUG] RECV: /service/player message
[DEBUG] RECV: /meta/connect 
[DEBUG] RECV: /service/player message
[DEBUG] RECV: /meta/connect 
[DEBUG] RECV: /service/player message
[DEBUG] RECV: /meta/connect 
[DEBUG] RECV: /service/player message
[DEBUG] RECV: /meta/connect 
[DEBUG] RECV: /service/player message
[DEBUG] RECV: /meta/connect 
[DEBUG] RECV: /service/status status
[DEBUG] RECV: /meta/connect 
