
=== Kahoot Auto-Join ===
Game PIN: 5114254
Player: yousuck135-8xc

[1/3] Getting session token...
[DEBUG] Session token (raw): VzBeDEBUfWMqDBoDVRUmXyQ6LHJEaBlwcghfDyo+ID0weG0NWAoCC2tHa2FbanokBVR4d185blpAUwRgFH0PV1ICBHswFnpuNElwAG9XOn8oUBMFA24jflVtaVICOEJO
[DEBUG] Session token length: 128
[DEBUG] Base64 decoded length: 96
   ✓ Got session token
[2/3] Decoding token...
[DEBUG] Challenge message length: 100
[DEBUG] Offset: 314
[DEBUG] Decoded challenge length: 100
[DEBUG] Token bytes length: 96
[DEBUG] Final token length: 96
[DEBUG] Final token: ae3a9371a8b52cb8ffa151a00151acdff960f86e0127926be442ce275854e8501421dc16a0524aa6a1d252f1c612fc95
[DEBUG] Token: ae3a9371a8b52cb8ffa151a00151acdff960f86e0127926be442ce275854e8501421dc16a0524aa6a1d252f1c612fc95
   ✓ Token decoded (length: 96)
[3/3] Connecting...

[DEBUG] WebSocket URL: wss://kahoot.it/cometd/5114254/ae3a9371a8b52cb8ffa151a00151acdff960f86e0127926be442ce275854e8501421dc16a0524aa6a1d252f1c612fc95
✓ Connected to WebSocket
[DEBUG] SEND handshake
[DEBUG] RECV: /meta/handshake 
✓ Handshake OK, clientId: bxizl2vvf01m2ekscm7kip435rvt
[DEBUG] SEND connect (first)
[DEBUG] RECV: /meta/connect 
[DEBUG] SEND connect (second)
[DEBUG] SEND login yousuck135-8xc
[DEBUG] RECV: /service/controller 
[DEBUG] RECV: /service/controller loginResponse
✓ Login successful! CID: 426438632
[DEBUG] SEND namerator message

=== SUCCESS ===
Listening for game events... (Ctrl+C to exit)

[DEBUG] RECV: /meta/connect 
[DEBUG] RECV: /service/controller 
[DEBUG] RECV: /service/status status
✓ Game is ACTIVE
[DEBUG] RECV: /service/player message

🎉 JOINED AS: MagicBee45
   Player CID: 426438632
[DEBUG] RECV: /service/player message
[DEBUG] RECV: /meta/connect 
[DEBUG] RECV: /service/player message
[DEBUG] RECV: /meta/connect 
[DEBUG] RECV: /service/player message
[DEBUG] RECV: /meta/connect 
[DEBUG] RECV: /service/player message
[DEBUG] RECV: /meta/connect 
[DEBUG] RECV: /service/player message
[DEBUG] RECV: /meta/connect 
[DEBUG] RECV: /service/player message
[DEBUG] RECV: /meta/connect 
[DEBUG] RECV: /service/player message
[DEBUG] RECV: /meta/connect 
[DEBUG] RECV: /service/player message
[DEBUG] RECV: /meta/connect 
[DEBUG] RECV: /service/player message
[DEBUG] RECV: /meta/connect 
[DEBUG] RECV: /service/player message
[DEBUG] RECV: /meta/connect 
[DEBUG] RECV: /service/player message
[DEBUG] RECV: /meta/connect 
[DEBUG] RECV: /service/player message
[DEBUG] RECV: /meta/connect 
[DEBUG] RECV: /service/status status
[DEBUG] RECV: /meta/connect 
