
=== Kahoot Auto-Join ===
Game PIN: 5114254
Player: yousuck656-38m

[1/3] Getting session token...
[DEBUG] Session token (raw): V2BUVyICdwljcmJ1ACoBZwpaVSoGCR46UBl4dloBcjxcLVs8DAMVQgBlAlE7OmYEAmYpBGZpXFwJXBgRX3xQBhkac1kRJ0d7RjYGA1tcY116FF8BRQhpYVVhR3MwVRkM
[DEBUG] Session token length: 128
[DEBUG] Base64 decoded length: 96
   ✓ Got session token
[2/3] Decoding token...
[DEBUG] Challenge message length: 100
[DEBUG] Offset: 116416440
[DEBUG] Decoded challenge length: 100
[DEBUG] Token bytes length: 96
[DEBUG] Final token length: 96
[DEBUG] Final token: 826ec11f9866bb1728eacfdbea592a8c9c9f68f266c6bd9bd5e706389abb1086eb05cd105a26c3744ae730451876eec6
[DEBUG] Token: 826ec11f9866bb1728eacfdbea592a8c9c9f68f266c6bd9bd5e706389abb1086eb05cd105a26c3744ae730451876eec6
   ✓ Token decoded (length: 96)
[3/3] Connecting...

[DEBUG] WebSocket URL: wss://kahoot.it/cometd/5114254/826ec11f9866bb1728eacfdbea592a8c9c9f68f266c6bd9bd5e706389abb1086eb05cd105a26c3744ae730451876eec6
✓ Connected to WebSocket
[DEBUG] SEND handshake
[DEBUG] RECV: /meta/handshake 
✓ Handshake OK, clientId: bxxk1wqu12xr0w0m54exduiuscg42
[DEBUG] SEND connect (first)
[DEBUG] RECV: /meta/connect 
[DEBUG] SEND connect (second)
[DEBUG] SEND login yousuck656-38m
[DEBUG] RECV: /service/controller loginResponse
✓ Login successful! CID: 56398422
[DEBUG] SEND namerator message

=== SUCCESS ===
Listening for game events... (Ctrl+C to exit)

[DEBUG] RECV: /meta/connect 
[DEBUG] RECV: /service/controller 
[DEBUG] RECV: /service/controller 
[DEBUG] RECV: /service/status status
✓ Game is ACTIVE
[DEBUG] RECV: /service/player message

🎉 JOINED AS: NimbleLemur63
   Player CID: 56398422
[DEBUG] RECV: /service/player message
[DEBUG] RECV: /meta/connect 
[DEBUG] RECV: /service/player message
[DEBUG] RECV: /meta/connect 
[DEBUG] RECV: /service/player message
[DEBUG] RECV: /meta/connect 
[DEBUG] RECV: /service/player message
[DEBUG] RECV: /meta/connect 
[DEBUG] RECV: /service/player message
[DEBUG] RECV: /meta/connect 
[DEBUG] RECV: /service/status status
[DEBUG] RECV: /meta/connect 
