
=== Kahoot Auto-Join ===
Game PIN: 5114254
Player: yousuck670-mko

[1/3] Getting session token...
[DEBUG] Session token (raw): F1JMAnZgSVM2TytWdlELDx1cXWd2JGxHWhNXIBZ+Dg46aV8qRBRFdHwJbwNfOA01Fz5jH1ZeWDhRQFFVBUMyQVE+XnsJewknGGQPJh9BLl8dFV5hDlAGLjBrID5vWg89
[DEBUG] Session token length: 128
[DEBUG] Base64 decoded length: 96
   ✓ Got session token
[2/3] Decoding token...
[DEBUG] Challenge message length: 100
[DEBUG] Offset: 6996
[DEBUG] Decoded challenge length: 100
[DEBUG] Token bytes length: 96
[DEBUG] Final token length: 96
[DEBUG] Final token: e4667058e8df1b81ef912e04bd3ed153a57b0e498e24dafbac2f8a5d528c31e35be7993dc15bc3adacb5ef1aa6bc9b4a
[DEBUG] Token: e4667058e8df1b81ef912e04bd3ed153a57b0e498e24dafbac2f8a5d528c31e35be7993dc15bc3adacb5ef1aa6bc9b4a
   ✓ Token decoded (length: 96)
[3/3] Connecting...

[DEBUG] WebSocket URL: wss://kahoot.it/cometd/5114254/e4667058e8df1b81ef912e04bd3ed153a57b0e498e24dafbac2f8a5d528c31e35be7993dc15bc3adacb5ef1aa6bc9b4a
✓ Connected to WebSocket
[DEBUG] SEND handshake
[DEBUG] RECV: /meta/handshake 
✓ Handshake OK, clientId: bxxzn9ijecdzsxyzixeo686atl3a
[DEBUG] SEND connect (first)
[DEBUG] RECV: /meta/connect 
[DEBUG] SEND connect (second)
[DEBUG] SEND login yousuck670-mko
[DEBUG] RECV: /service/controller loginResponse
✓ Login successful! CID: 755600192
[DEBUG] SEND namerator message

=== SUCCESS ===
Listening for game events... (Ctrl+C to exit)

[DEBUG] RECV: /meta/connect 
[DEBUG] RECV: /service/controller 
[DEBUG] RECV: /service/controller 
[DEBUG] RECV: /service/status status
✓ Game is ACTIVE
[DEBUG] RECV: /service/player message

🎉 JOINED AS: AquaticSloth1
   Player CID: 755600192
[DEBUG] RECV: /service/player message
[DEBUG] RECV: /meta/connect 
[DEBUG] RECV: /service/player message
[DEBUG] RECV: /meta/connect 
[DEBUG] RECV: /service/player message
[DEBUG] RECV: /meta/connect 
[DEBUG] RECV: /service/player message
[DEBUG] RECV: /meta/connect 
[DEBUG] RECV: /service/player message
[DEBUG] RECV: /meta/connect 
[DEBUG] RECV: /service/status status
[DEBUG] RECV: /meta/connect 
