
=== Kahoot Auto-Join ===
Game PIN: 5732350
Player: yousuck21-y4y

[1/3] Getting session token...
[DEBUG] Session token (raw): XF55Y2J7YzFbQUEBck5pX0BfP2AZYUApUhZcAE5LDSwIKUQoOyINQwsnKwFgBzp5UltVD115BhALW19gREBUQhVjCAQSYThwAH9ZEAMNDm8nGWokNQwyBzYuBwteCgoo
[DEBUG] Session token length: 128
[DEBUG] Base64 decoded length: 96
   ✓ Got session token
[2/3] Decoding token...
[DEBUG] Challenge message length: 100
[DEBUG] Offset: 5636
[DEBUG] Decoded challenge length: 100
[DEBUG] Token bytes length: 96
[DEBUG] Final token length: 96
[DEBUG] Final token: ce34519e402a392d92d0e56f0ed0990cfc7ead40acfe53b7bc7fa76f33b16962b5c8f6c9f43ff2e3ee3da4e7cd53159b
[DEBUG] Token: ce34519e402a392d92d0e56f0ed0990cfc7ead40acfe53b7bc7fa76f33b16962b5c8f6c9f43ff2e3ee3da4e7cd53159b
   ✓ Token decoded (length: 96)
[3/3] Connecting...

[DEBUG] WebSocket URL: wss://kahoot.it/cometd/5732350/ce34519e402a392d92d0e56f0ed0990cfc7ead40acfe53b7bc7fa76f33b16962b5c8f6c9f43ff2e3ee3da4e7cd53159b
✓ Connected to WebSocket
[DEBUG] SEND handshake
[DEBUG] RECV: /meta/handshake 
✓ Handshake OK, clientId: bzj81f5vyqtf5yxu1yqp7frmb9mvs
[DEBUG] SEND connect (first)
[DEBUG] RECV: /meta/connect 
[DEBUG] SEND connect (second)
[DEBUG] SEND login yousuck21-y4y
[DEBUG] RECV: /service/controller loginResponse
✓ Login successful! CID: 617598920
[DEBUG] SEND namerator message

=== SUCCESS ===
Listening for game events... (Ctrl+C to exit)

[DEBUG] RECV: /meta/connect 
[DEBUG] RECV: /service/controller 
[DEBUG] RECV: /service/controller 
[DEBUG] RECV: /service/status status
✓ Game is ACTIVE
[DEBUG] RECV: /service/player message

🎉 JOINED AS: YellowWallaby94
   Player CID: 617598920
[DEBUG] RECV: /service/player message
[DEBUG] RECV: /service/player message
[DEBUG] RECV: /service/player message
[DEBUG] RECV: /meta/connect 
[DEBUG] RECV: /service/player message
[DEBUG] RECV: /service/player message
[DEBUG] RECV: /meta/connect 
[DEBUG] RECV: /service/player message
[DEBUG] RECV: /service/player message
[DEBUG] RECV: /service/player message
[DEBUG] RECV: /meta/connect 
[DEBUG] RECV: /service/player message
[DEBUG] RECV: /meta/connect 
[DEBUG] RECV: /service/player message
[DEBUG] RECV: /meta/connect 
[DEBUG] RECV: /service/player message
[DEBUG] RECV: /meta/connect 
[DEBUG] RECV: /service/player message
[DEBUG] RECV: /meta/connect 
[DEBUG] RECV: /service/status status
[DEBUG] RECV: /meta/connect 
