
=== Kahoot Auto-Join ===
Game PIN: 5732350
Player: yousuck30-5qy

[1/3] Getting session token...
[DEBUG] Session token (raw): AEgNVWVPUBR5MiZmSQFSXWJ8cA0JDwsKD1BbCl1XMWQMI1dwZVYOR0EjWGc4XQ0mNUQGUjgiajI+AgcFVQRvCktwZy4EUj85PltQZgRTDXcCB3RNT3o9FnJODFdNMW5H
[DEBUG] Session token length: 128
[DEBUG] Base64 decoded length: 96
   ✓ Got session token
[2/3] Decoding token...
[DEBUG] Challenge message length: 100
[DEBUG] Offset: 7045500
[DEBUG] Decoded challenge length: 100
[DEBUG] Token bytes length: 96
[DEBUG] Final token length: 96
[DEBUG] Final token: 01e796db1fe75ab3259a010d741623a3eef53e207ef2d3dea286cc8cd9223f1e286a23ede223dce30d5997fb48086f03
[DEBUG] Token: 01e796db1fe75ab3259a010d741623a3eef53e207ef2d3dea286cc8cd9223f1e286a23ede223dce30d5997fb48086f03
   ✓ Token decoded (length: 96)
[3/3] Connecting...

[DEBUG] WebSocket URL: wss://kahoot.it/cometd/5732350/01e796db1fe75ab3259a010d741623a3eef53e207ef2d3dea286cc8cd9223f1e286a23ede223dce30d5997fb48086f03
✓ Connected to WebSocket
[DEBUG] SEND handshake
[DEBUG] RECV: /meta/handshake 
✓ Handshake OK, clientId: bzmi14ygboge6eh3iluntm9zufw34
[DEBUG] SEND connect (first)
[DEBUG] RECV: /meta/connect 
[DEBUG] SEND connect (second)
[DEBUG] SEND login yousuck30-5qy
[DEBUG] RECV: /service/controller loginResponse
✓ Login successful! CID: 1706676682
[DEBUG] SEND namerator message

=== SUCCESS ===
Listening for game events... (Ctrl+C to exit)

[DEBUG] RECV: /meta/connect 
[DEBUG] RECV: /service/controller 
[DEBUG] RECV: /service/controller 
[DEBUG] RECV: /service/status status
✓ Game is ACTIVE
[DEBUG] RECV: /service/player message

🎉 JOINED AS: SoaringOryx32
   Player CID: 1706676682
[DEBUG] RECV: /service/player message
[DEBUG] RECV: /service/player message
[DEBUG] RECV: /meta/connect 
[DEBUG] RECV: /service/player message
[DEBUG] RECV: /meta/connect 
[DEBUG] RECV: /service/player message
[DEBUG] RECV: /meta/connect 
[DEBUG] RECV: /service/status status
[DEBUG] RECV: /meta/connect 
