
=== Kahoot Auto-Join ===
Game PIN: 5732350
Player: yousuck25-2pn

[1/3] Getting session token...
[DEBUG] Session token (raw): UA1GBQcuRVNyAXklEi56VXQXWQcVfiJgZC88UDE7QUoQVQ50WTJLLwM9IAkOVQNWYVYNBVwBenhuHXVtRENCSQ51Dl9sWAEeDEgqW0hQG18WWwxlSVMDYlJAGV9QVWNU
[DEBUG] Session token length: 128
[DEBUG] Base64 decoded length: 96
   ✓ Got session token
[2/3] Decoding token...
[DEBUG] Challenge message length: 100
[DEBUG] Offset: 4747
[DEBUG] Decoded challenge length: 100
[DEBUG] Token bytes length: 96
[DEBUG] Final token length: 96
[DEBUG] Final token: 28089c218c9dda7d1e15d3c32ef0ec12ece93e0c4ff98cce142a57045e73017918835f9fa3c002a8cb799ed403b6ed21
[DEBUG] Token: 28089c218c9dda7d1e15d3c32ef0ec12ece93e0c4ff98cce142a57045e73017918835f9fa3c002a8cb799ed403b6ed21
   ✓ Token decoded (length: 96)
[3/3] Connecting...

[DEBUG] WebSocket URL: wss://kahoot.it/cometd/5732350/28089c218c9dda7d1e15d3c32ef0ec12ece93e0c4ff98cce142a57045e73017918835f9fa3c002a8cb799ed403b6ed21
✓ Connected to WebSocket
[DEBUG] SEND handshake
[DEBUG] RECV: /meta/handshake 
✓ Handshake OK, clientId: bzj3xpl9rkshe2921wwyyzla51ibk
[DEBUG] SEND connect (first)
[DEBUG] RECV: /meta/connect 
[DEBUG] SEND connect (second)
[DEBUG] SEND login yousuck25-2pn
[DEBUG] RECV: /service/controller loginResponse
✓ Login successful! CID: 2137396138
[DEBUG] SEND namerator message

=== SUCCESS ===
Listening for game events... (Ctrl+C to exit)

[DEBUG] RECV: /meta/connect 
[DEBUG] RECV: /service/controller 
[DEBUG] RECV: /service/controller 
[DEBUG] RECV: /service/status status
✓ Game is ACTIVE
[DEBUG] RECV: /service/player message
[DEBUG] RECV: /service/player message

🎉 JOINED AS: EpicWombat90
   Player CID: 2137396138
[DEBUG] RECV: /service/player message
[DEBUG] RECV: /service/player message
[DEBUG] RECV: /service/player message
[DEBUG] RECV: /meta/connect 
[DEBUG] RECV: /service/player message
[DEBUG] RECV: /service/player message
[DEBUG] RECV: /meta/connect 
[DEBUG] RECV: /service/player message
[DEBUG] RECV: /service/player message
[DEBUG] RECV: /meta/connect 
[DEBUG] RECV: /service/player message
[DEBUG] RECV: /meta/connect 
[DEBUG] RECV: /service/player message
[DEBUG] RECV: /meta/connect 
[DEBUG] RECV: /service/player message
[DEBUG] RECV: /meta/connect 
[DEBUG] RECV: /service/player message
[DEBUG] RECV: /meta/connect 
[DEBUG] RECV: /service/player message
[DEBUG] RECV: /meta/connect 
[DEBUG] RECV: /service/status status
[DEBUG] RECV: /meta/connect 
