
=== Kahoot Auto-Join ===
Game PIN: 5732350
Player: yousuck85-7ri

[1/3] Getting session token...
[DEBUG] Session token (raw): QlN2DXlMdVFcCWoMIVwvck5VTwlTYVZ2LFV7YmBARRJCXXpXfC80C1h0GQFUX1lfa2cpXlEmVCZlbm9qbXM4bDVCAWgJFU5oU1tDEkIfAAwMKm1qYnF9bFYqDzZODwN3
[DEBUG] Session token length: 128
[DEBUG] Base64 decoded length: 96
   ✓ Got session token
[2/3] Decoding token...
[DEBUG] Challenge message length: 100
[DEBUG] Offset: 394160
[DEBUG] Decoded challenge length: 100
[DEBUG] Token bytes length: 96
[DEBUG] Final token length: 96
[DEBUG] Final token: 8308070e7b0ca9f4964f3199d941779a599c2facd8ce04ae90c39ede585076e2f3919b489d6c4e979d4658109a4a48b0
[DEBUG] Token: 8308070e7b0ca9f4964f3199d941779a599c2facd8ce04ae90c39ede585076e2f3919b489d6c4e979d4658109a4a48b0
   ✓ Token decoded (length: 96)
[3/3] Connecting...

[DEBUG] WebSocket URL: wss://kahoot.it/cometd/5732350/8308070e7b0ca9f4964f3199d941779a599c2facd8ce04ae90c39ede585076e2f3919b489d6c4e979d4658109a4a48b0
✓ Connected to WebSocket
[DEBUG] SEND handshake
[DEBUG] RECV: /meta/handshake 
✓ Handshake OK, clientId: bzkw1j8bmhyo7zhettgfs6v354mew
[DEBUG] SEND connect (first)
[DEBUG] RECV: /meta/connect 
[DEBUG] SEND connect (second)
[DEBUG] SEND login yousuck85-7ri
[DEBUG] RECV: /service/controller loginResponse
✓ Login successful! CID: 619715084
[DEBUG] SEND namerator message

=== SUCCESS ===
Listening for game events... (Ctrl+C to exit)

[DEBUG] RECV: /meta/connect 
[DEBUG] RECV: /service/controller 
[DEBUG] RECV: /service/controller 
[DEBUG] RECV: /service/status status
✓ Game is ACTIVE
[DEBUG] RECV: /service/player message

🎉 JOINED AS: RoyalImpala82
   Player CID: 619715084
[DEBUG] RECV: /service/player message
[DEBUG] RECV: /service/player message
[DEBUG] RECV: /service/player message
[DEBUG] RECV: /meta/connect 
[DEBUG] RECV: /service/player message
[DEBUG] RECV: /meta/connect 
[DEBUG] RECV: /service/player message
[DEBUG] RECV: /meta/connect 
[DEBUG] RECV: /service/player message
[DEBUG] RECV: /meta/connect 
[DEBUG] RECV: /service/player message
[DEBUG] RECV: /meta/connect 
[DEBUG] RECV: /service/status status
[DEBUG] RECV: /meta/connect 
