
=== Kahoot Auto-Join ===
Game PIN: 5732350
Player: yousuck3-1r7

[1/3] Getting session token...
[DEBUG] Session token (raw): ZFYRETcte2J4YRlxTXdiJUFrYwNoLAhPeX0CUHM3DiVXZFwATiZuYQRAAU5uC3EAX21/W1FfCiU/AH8RUUpKWihjYkM2VXoICnZ2fwRqQwEjDyNaeToCXVUaBkhRAA5R
[DEBUG] Session token length: 128
[DEBUG] Base64 decoded length: 96
   ✓ Got session token
[2/3] Decoding token...
[DEBUG] Challenge message length: 100
[DEBUG] Offset: 4125
[DEBUG] Decoded challenge length: 100
[DEBUG] Token bytes length: 96
[DEBUG] Final token length: 96
[DEBUG] Final token: 8aecee0718c7467f78066b8951594d4b553c7f4605852330416224cccc3e6910c331f9409681663eced09c052bf06d97
[DEBUG] Token: 8aecee0718c7467f78066b8951594d4b553c7f4605852330416224cccc3e6910c331f9409681663eced09c052bf06d97
   ✓ Token decoded (length: 96)
[3/3] Connecting...

[DEBUG] WebSocket URL: wss://kahoot.it/cometd/5732350/8aecee0718c7467f78066b8951594d4b553c7f4605852330416224cccc3e6910c331f9409681663eced09c052bf06d97
✓ Connected to WebSocket
[DEBUG] SEND handshake
[DEBUG] RECV: /meta/handshake 
✓ Handshake OK, clientId: bzirjdh3xnhxmcraipcj9mbqders
[DEBUG] SEND connect (first)
[DEBUG] RECV: /meta/connect 
[DEBUG] SEND connect (second)
[DEBUG] SEND login yousuck3-1r7
[DEBUG] RECV: /service/controller loginResponse
✓ Login successful! CID: 7943413
[DEBUG] SEND namerator message

=== SUCCESS ===
Listening for game events... (Ctrl+C to exit)

[DEBUG] RECV: /meta/connect 
[DEBUG] RECV: /service/controller 
[DEBUG] RECV: /service/controller 
[DEBUG] RECV: /service/status status
✓ Game is ACTIVE
[DEBUG] RECV: /service/player message

🎉 JOINED AS: SoaringShark19
   Player CID: 7943413
[DEBUG] RECV: /service/player message
[DEBUG] RECV: /service/player message
[DEBUG] RECV: /service/player message
[DEBUG] RECV: /service/player message
[DEBUG] RECV: /meta/connect 
[DEBUG] RECV: /service/player message
[DEBUG] RECV: /meta/connect 
[DEBUG] RECV: /service/player message
[DEBUG] RECV: /service/player message
[DEBUG] RECV: /meta/connect 
[DEBUG] RECV: /service/player message
[DEBUG] RECV: /service/player message
[DEBUG] RECV: /meta/connect 
[DEBUG] RECV: /service/player message
[DEBUG] RECV: /meta/connect 
[DEBUG] RECV: /service/player message
[DEBUG] RECV: /meta/connect 
[DEBUG] RECV: /service/player message
[DEBUG] RECV: /meta/connect 
[DEBUG] RECV: /service/player message
[DEBUG] RECV: /meta/connect 
[DEBUG] RECV: /service/status status
[DEBUG] RECV: /meta/connect 
