
=== Kahoot Auto-Join ===
Game PIN: 5114254
Player: yousuck732-una

[1/3] Getting session token...
[DEBUG] Session token (raw): EVIcRW5RCmtHHmoXSFMxX1BHIgVYcWFKUgkCelYRa2oyCQcVaEItMgIIBFsEVHV4YXppU2ZkUBAhAwdWZjtIZX5CV1x4AGYaSltPZVIRXz5taUkDMg0JTmYzZ20Bc2gA
[DEBUG] Session token length: 128
[DEBUG] Base64 decoded length: 96
   ✓ Got session token
[2/3] Decoding token...
[DEBUG] Challenge message length: 100
[DEBUG] Offset: 324160
[DEBUG] Decoded challenge length: 100
[DEBUG] Token bytes length: 96
[DEBUG] Final token length: 96
[DEBUG] Final token: b8d68d251d4d2ff334f9e83114193f03a50f75fef3088933637b153cc7445f8286fb9d1a9c689b4a0309b0144b33429d
[DEBUG] Token: b8d68d251d4d2ff334f9e83114193f03a50f75fef3088933637b153cc7445f8286fb9d1a9c689b4a0309b0144b33429d
   ✓ Token decoded (length: 96)
[3/3] Connecting...

[DEBUG] WebSocket URL: wss://kahoot.it/cometd/5114254/b8d68d251d4d2ff334f9e83114193f03a50f75fef3088933637b153cc7445f8286fb9d1a9c689b4a0309b0144b33429d
✓ Connected to WebSocket
[DEBUG] SEND handshake
[DEBUG] RECV: /meta/handshake 
✓ Handshake OK, clientId: bxztuw4jd67850oa1m775pb1o0lgj
[DEBUG] SEND connect (first)
[DEBUG] RECV: /meta/connect 
[DEBUG] SEND connect (second)
[DEBUG] SEND login yousuck732-una
[DEBUG] RECV: /service/controller loginResponse
✓ Login successful! CID: 413968992
[DEBUG] SEND namerator message

=== SUCCESS ===
Listening for game events... (Ctrl+C to exit)

[DEBUG] RECV: /meta/connect 
[DEBUG] RECV: /service/controller 
[DEBUG] RECV: /service/controller 
[DEBUG] RECV: /service/status status
✓ Game is ACTIVE
[DEBUG] RECV: /service/player message

🎉 JOINED AS: WiseDragon79
   Player CID: 413968992
[DEBUG] RECV: /service/player message
[DEBUG] RECV: /meta/connect 
[DEBUG] RECV: /service/player message
[DEBUG] RECV: /meta/connect 
[DEBUG] RECV: /service/player message
[DEBUG] RECV: /meta/connect 
[DEBUG] RECV: /service/status status
[DEBUG] RECV: /meta/connect 
