
=== Kahoot Auto-Join ===
Game PIN: 5114254
Player: yousuck329-8ga

[1/3] Getting session token...
[DEBUG] Session token (raw): Ywl6US9/RkkgIV1sNGddUm9WXw0pb15eBAQMBAE/L3lBXzImInAMEF0PTCgKCVFcClEhbllkPRdaCCIrDW0PJV97BwQvAXU5DkVPDQgwVwljR1ElOHxpdwxJPyRRDToL
[DEBUG] Session token length: 128
[DEBUG] Base64 decoded length: 96
   ✓ Got session token
[2/3] Decoding token...
[DEBUG] Challenge message length: 100
[DEBUG] Offset: 20211
[DEBUG] Decoded challenge length: 100
[DEBUG] Token bytes length: 96
[DEBUG] Final token length: 96
[DEBUG] Final token: 6d79e031ed59c0745425f3a4c1cdbce774ffe31a994fa58fcce863dac5fb303b7484f02f72996eef054fd25188ddd5be
[DEBUG] Token: 6d79e031ed59c0745425f3a4c1cdbce774ffe31a994fa58fcce863dac5fb303b7484f02f72996eef054fd25188ddd5be
   ✓ Token decoded (length: 96)
[3/3] Connecting...

[DEBUG] WebSocket URL: wss://kahoot.it/cometd/5114254/6d79e031ed59c0745425f3a4c1cdbce774ffe31a994fa58fcce863dac5fb303b7484f02f72996eef054fd25188ddd5be
✓ Connected to WebSocket
[DEBUG] SEND handshake
[DEBUG] RECV: /meta/handshake 
✓ Handshake OK, clientId: bxodfkkqcrzbnydrp7z7edi00ybi
[DEBUG] SEND connect (first)
[DEBUG] RECV: /meta/connect 
[DEBUG] SEND connect (second)
[DEBUG] SEND login yousuck329-8ga
[DEBUG] RECV: /service/controller loginResponse
✓ Login successful! CID: 1303608540
[DEBUG] SEND namerator message

=== SUCCESS ===
Listening for game events... (Ctrl+C to exit)

[DEBUG] RECV: /meta/connect 
[DEBUG] RECV: /service/controller 
[DEBUG] RECV: /service/controller 
[DEBUG] RECV: /service/status status
✓ Game is ACTIVE
[DEBUG] RECV: /service/player message

🎉 JOINED AS: FlyingSnail52
   Player CID: 1303608540
[DEBUG] RECV: /service/player message
[DEBUG] RECV: /service/player message
[DEBUG] RECV: /meta/connect 
[DEBUG] RECV: /service/player message
[DEBUG] RECV: /meta/connect 
[DEBUG] RECV: /service/player message
[DEBUG] RECV: /meta/connect 
[DEBUG] RECV: /service/player message
[DEBUG] RECV: /meta/connect 
[DEBUG] RECV: /service/player message
[DEBUG] RECV: /meta/connect 
[DEBUG] RECV: /service/player message
[DEBUG] RECV: /meta/connect 
[DEBUG] RECV: /service/player message
[DEBUG] RECV: /meta/connect 
[DEBUG] RECV: /service/player message
[DEBUG] RECV: /meta/connect 
[DEBUG] RECV: /service/status status
[DEBUG] RECV: /meta/connect 
