
=== Kahoot Auto-Join ===
Game PIN: 5814465
Player: yousuck10-1fx

[1/3] Getting session token...
[DEBUG] Session token (raw): VAhdPFlHCWcJYVcAfGQwamNDJ0cAD0slVjoIb09bUhJ2KA4BEUNuA3UKQGsDDTtmBl1iXT5aY0svLHlSbm5iYgsRYUpLAHtVBXJfeCZWVEZGURcLWm0pWUoOWUlmKmBb
[DEBUG] Session token length: 128
[DEBUG] Base64 decoded length: 96
   ✓ Got session token
[2/3] Decoding token...
[DEBUG] Challenge message length: 100
[DEBUG] Offset: 170374
[DEBUG] Decoded challenge length: 100
[DEBUG] Token bytes length: 96
[DEBUG] Final token length: 96
[DEBUG] Final token: 647c4783218b71d193f3973efce5800b7d10e29a490355f95b52b713bc1c3986cf690c6c11e1f48377e738e023d98b49
[DEBUG] Token: 647c4783218b71d193f3973efce5800b7d10e29a490355f95b52b713bc1c3986cf690c6c11e1f48377e738e023d98b49
   ✓ Token decoded (length: 96)
[3/3] Connecting...

[DEBUG] WebSocket URL: wss://kahoot.it/cometd/5814465/647c4783218b71d193f3973efce5800b7d10e29a490355f95b52b713bc1c3986cf690c6c11e1f48377e738e023d98b49
✓ Connected to WebSocket
[DEBUG] SEND handshake
[DEBUG] RECV: /meta/handshake 
✓ Handshake OK, clientId: 92tokclgpk213gzm1qb29mesnqkgr
[DEBUG] SEND connect (first)
[DEBUG] RECV: /meta/connect 
[DEBUG] SEND connect (second)
[DEBUG] SEND login yousuck10-1fx
[DEBUG] RECV: /service/status status
[DEBUG] RECV: /meta/connect 
[DEBUG] RECV: /service/controller 

⚠ Timeout - check if name appears in Kahoot lobby
[DEBUG] WebSocket closed: 1005

=== FAILED ===
Error: Connection closed (1005)
