
=== Kahoot Auto-Join ===
Game PIN: 5732350
Player: yousuck6-fa5

[1/3] Getting session token...
[DEBUG] Session token (raw): N14NVF8Caj5vc2NpWgtPRwBvLgYQa3RZfw9ZW18NSFB0UT1taC1fW29qAi1dfSt7a1M0chl1VHZAbwg0C353VwRfdQUALzlVBT5HIitmJgRWEVhQf2cuVUpfJlZ5CmJJ
[DEBUG] Session token length: 128
[DEBUG] Base64 decoded length: 96
   ✓ Got session token
[2/3] Decoding token...
[DEBUG] Challenge message length: 100
[DEBUG] Offset: 418
[DEBUG] Decoded challenge length: 100
[DEBUG] Token bytes length: 96
[DEBUG] Final token length: 96
[DEBUG] Final token: fd37ad8f5058fe4673e9f324990522413ac27d22377ff8f30fa0c750413d4911a2316ca98f5ec7c69afe58dd8ebc9430
[DEBUG] Token: fd37ad8f5058fe4673e9f324990522413ac27d22377ff8f30fa0c750413d4911a2316ca98f5ec7c69afe58dd8ebc9430
   ✓ Token decoded (length: 96)
[3/3] Connecting...

[DEBUG] WebSocket URL: wss://kahoot.it/cometd/5732350/fd37ad8f5058fe4673e9f324990522413ac27d22377ff8f30fa0c750413d4911a2316ca98f5ec7c69afe58dd8ebc9430
✓ Connected to WebSocket
[DEBUG] SEND handshake
[DEBUG] RECV: /meta/handshake 
✓ Handshake OK, clientId: bzip3qx79is0bju7m8q5ycw0vizj
[DEBUG] SEND connect (first)
[DEBUG] RECV: /meta/connect 
[DEBUG] SEND connect (second)
[DEBUG] SEND login yousuck6-fa5
[DEBUG] RECV: /service/controller loginResponse
✓ Login successful! CID: 1398336720
[DEBUG] SEND namerator message

=== SUCCESS ===
Listening for game events... (Ctrl+C to exit)

[DEBUG] RECV: /meta/connect 
[DEBUG] RECV: /service/controller 
[DEBUG] RECV: /service/controller 
[DEBUG] RECV: /service/status status
✓ Game is ACTIVE
[DEBUG] RECV: /service/player message

🎉 JOINED AS: ElatedRaven17
   Player CID: 1398336720
[DEBUG] RECV: /service/player message
[DEBUG] RECV: /service/player message
[DEBUG] RECV: /service/player message
[DEBUG] RECV: /service/player message
[DEBUG] RECV: /meta/connect 
[DEBUG] RECV: /service/player message
[DEBUG] RECV: /meta/connect 
[DEBUG] RECV: /service/player message
[DEBUG] RECV: /service/player message
[DEBUG] RECV: /meta/connect 
[DEBUG] RECV: /service/player message
[DEBUG] RECV: /service/player message
[DEBUG] RECV: /service/player message
[DEBUG] RECV: /meta/connect 
[DEBUG] RECV: /service/player message
[DEBUG] RECV: /meta/connect 
[DEBUG] RECV: /service/player message
[DEBUG] RECV: /meta/connect 
[DEBUG] RECV: /service/player message
[DEBUG] RECV: /meta/connect 
[DEBUG] RECV: /service/player message
[DEBUG] RECV: /meta/connect 
[DEBUG] RECV: /service/status status
[DEBUG] RECV: /meta/connect 
