
=== Kahoot Auto-Join ===
Game PIN: 5114254
Player: yousuck110-9oe

[1/3] Getting session token...
[DEBUG] Session token (raw): DiMaZzJnDUxBZRcLQAMSUHZxb0MRdWZdD1YKBAJWAC1ubm1Ye2JQXmxTVEMGIS92Q1BxDFxwFmIBdzkIRV8xYQ8kBjFBcGcfaGcJTwEJdBNBM1tTCHs4UG5cIHxkUEUj
[DEBUG] Session token length: 128
[DEBUG] Base64 decoded length: 96
   ✓ Got session token
[2/3] Decoding token...
[DEBUG] Challenge message length: 100
[DEBUG] Offset: 242
[DEBUG] Decoded challenge length: 100
[DEBUG] Token bytes length: 96
[DEBUG] Final token length: 96
[DEBUG] Final token: 5cc3c61685d011a81597a7704ce6940f528c78326488aff8352884b3d6e31df6ee6c097f1029d26d8a8cd0ca20a5833a
[DEBUG] Token: 5cc3c61685d011a81597a7704ce6940f528c78326488aff8352884b3d6e31df6ee6c097f1029d26d8a8cd0ca20a5833a
   ✓ Token decoded (length: 96)
[3/3] Connecting...

[DEBUG] WebSocket URL: wss://kahoot.it/cometd/5114254/5cc3c61685d011a81597a7704ce6940f528c78326488aff8352884b3d6e31df6ee6c097f1029d26d8a8cd0ca20a5833a
✓ Connected to WebSocket
[DEBUG] SEND handshake
[DEBUG] RECV: /meta/handshake 
✓ Handshake OK, clientId: bxib15guj2t48xxll1x7e7tgs9xp2d
[DEBUG] SEND connect (first)
[DEBUG] RECV: /meta/connect 
[DEBUG] SEND connect (second)
[DEBUG] SEND login yousuck110-9oe
[DEBUG] RECV: /service/controller loginResponse
✓ Login successful! CID: 1870323283
[DEBUG] SEND namerator message

=== SUCCESS ===
Listening for game events... (Ctrl+C to exit)

[DEBUG] RECV: /meta/connect 
[DEBUG] RECV: /service/controller 
[DEBUG] RECV: /service/controller 
[DEBUG] RECV: /service/status status
✓ Game is ACTIVE
[DEBUG] RECV: /service/player message

🎉 JOINED AS: PrairieDuck78
   Player CID: 1870323283
[DEBUG] RECV: /service/player message
[DEBUG] RECV: /service/player message
[DEBUG] RECV: /service/player message
[DEBUG] RECV: /meta/connect 
[DEBUG] RECV: /service/player message
[DEBUG] RECV: /meta/connect 
[DEBUG] RECV: /service/player message
[DEBUG] RECV: /meta/connect 
[DEBUG] RECV: /service/player message
[DEBUG] RECV: /meta/connect 
[DEBUG] RECV: /service/player message
[DEBUG] RECV: /meta/connect 
[DEBUG] RECV: /service/player message
[DEBUG] RECV: /meta/connect 
[DEBUG] RECV: /service/player message
[DEBUG] RECV: /meta/connect 
[DEBUG] RECV: /service/player message
[DEBUG] RECV: /meta/connect 
[DEBUG] RECV: /service/player message
[DEBUG] RECV: /meta/connect 
[DEBUG] RECV: /service/player message
[DEBUG] RECV: /meta/connect 
[DEBUG] RECV: /service/player message
[DEBUG] RECV: /meta/connect 
[DEBUG] RECV: /service/player message
[DEBUG] RECV: /meta/connect 
[DEBUG] RECV: /service/status status
[DEBUG] RECV: /meta/connect 
