
=== Kahoot Auto-Join ===
Game PIN: 5114254
Player: yousuck225-cre

[1/3] Getting session token...
[DEBUG] Session token (raw): eyY7XlZyZmorMiZYWFdZCTtaaXVdXiBFGmk9V1YOcgpTUXhbXGEeFy1mWl9ia0APanh8BQVjCgZxR24PTVQeVFhhDn8DWTxyfQlPeGcuKioJDl9+WSNnM0kdRTUsFA0A
[DEBUG] Session token length: 128
[DEBUG] Base64 decoded length: 96
   ✓ Got session token
[2/3] Decoding token...
[DEBUG] Challenge message length: 100
[DEBUG] Offset: 143710
[DEBUG] Decoded challenge length: 100
[DEBUG] Token bytes length: 96
[DEBUG] Final token length: 96
[DEBUG] Final token: 7addb409dca50111ce71f6a6c9e49134635ee2faa12c5940146a073d45664ffc87854ff917573baa8b596d7d1a2ffb7e
[DEBUG] Token: 7addb409dca50111ce71f6a6c9e49134635ee2faa12c5940146a073d45664ffc87854ff917573baa8b596d7d1a2ffb7e
   ✓ Token decoded (length: 96)
[3/3] Connecting...

[DEBUG] WebSocket URL: wss://kahoot.it/cometd/5114254/7addb409dca50111ce71f6a6c9e49134635ee2faa12c5940146a073d45664ffc87854ff917573baa8b596d7d1a2ffb7e
✓ Connected to WebSocket
[DEBUG] SEND handshake
[DEBUG] RECV: /meta/handshake 
✓ Handshake OK, clientId: bxlk11brgjgclnr0i13xoy6iulnayz
[DEBUG] SEND connect (first)
[DEBUG] RECV: /meta/connect 
[DEBUG] SEND connect (second)
[DEBUG] SEND login yousuck225-cre
[DEBUG] RECV: /service/controller loginResponse
✓ Login successful! CID: 2012423369
[DEBUG] SEND namerator message

=== SUCCESS ===
Listening for game events... (Ctrl+C to exit)

[DEBUG] RECV: /meta/connect 
[DEBUG] RECV: /service/controller 
[DEBUG] RECV: /service/controller 
[DEBUG] RECV: /service/status status
✓ Game is ACTIVE
[DEBUG] RECV: /service/player message

🎉 JOINED AS: SturdyUrchin79
   Player CID: 2012423369
[DEBUG] RECV: /service/player message
[DEBUG] RECV: /service/player message
[DEBUG] RECV: /meta/connect 
[DEBUG] RECV: /service/player message
[DEBUG] RECV: /meta/connect 
[DEBUG] RECV: /service/player message
[DEBUG] RECV: /meta/connect 
[DEBUG] RECV: /service/player message
[DEBUG] RECV: /meta/connect 
[DEBUG] RECV: /service/player message
[DEBUG] RECV: /meta/connect 
[DEBUG] RECV: /service/player message
[DEBUG] RECV: /meta/connect 
[DEBUG] RECV: /service/player message
[DEBUG] RECV: /meta/connect 
[DEBUG] RECV: /service/player message
[DEBUG] RECV: /meta/connect 
[DEBUG] RECV: /service/player message
[DEBUG] RECV: /meta/connect 
[DEBUG] RECV: /service/player message
[DEBUG] RECV: /meta/connect 
[DEBUG] RECV: /service/status status
[DEBUG] RECV: /meta/connect 
