
=== Kahoot Auto-Join ===
Game PIN: 4969059
Player: yousuck95-5h0

[1/3] Getting session token...
[DEBUG] Session token (raw): W1xuDWNJFm5HU1sPXXFYT3cLfysOeAVzIGYiSxB7Km5mP2JYF0EdFh8ECQd/CV1gHlwpBAINHUNvb2ALOg19WWVzeg0uVGlVGXNPdgEKX3VITnM2DngrV1hFDUdXfU14
[DEBUG] Session token length: 128
[DEBUG] Base64 decoded length: 96
   ✓ Got session token
[2/3] Decoding token...
[DEBUG] Challenge message length: 100
[DEBUG] Offset: 156400
[DEBUG] Decoded challenge length: 100
[DEBUG] Token bytes length: 96
[DEBUG] Final token length: 96
[DEBUG] Final token: fe8973e7368257e79e6d1381d3d0e9f56a0ec8acd44b7ba3e2abd9e76739c5573429ee0ac037e7e0028a81bde1622587
[DEBUG] Token: fe8973e7368257e79e6d1381d3d0e9f56a0ec8acd44b7ba3e2abd9e76739c5573429ee0ac037e7e0028a81bde1622587
   ✓ Token decoded (length: 96)
[3/3] Connecting...

[DEBUG] WebSocket URL: wss://kahoot.it/cometd/4969059/fe8973e7368257e79e6d1381d3d0e9f56a0ec8acd44b7ba3e2abd9e76739c5573429ee0ac037e7e0028a81bde1622587
✓ Connected to WebSocket
[DEBUG] SEND handshake
[DEBUG] RECV: /meta/handshake 
✓ Handshake OK, clientId: buqg1xswjd0y27nwg1wee98gbu1ga6
[DEBUG] SEND connect (first)
[DEBUG] RECV: /meta/connect 
[DEBUG] SEND connect (second)
[DEBUG] SEND login yousuck95-5h0
[DEBUG] RECV: /service/controller loginResponse
✓ Login successful! CID: 502358179
[DEBUG] SEND namerator message

=== SUCCESS ===
Listening for game events... (Ctrl+C to exit)

[DEBUG] RECV: /meta/connect 
[DEBUG] RECV: /service/controller 
[DEBUG] RECV: /service/controller 
[DEBUG] RECV: /service/status status
✓ Game is ACTIVE
[DEBUG] RECV: /service/player message

🎉 JOINED AS: SwiftJaguar5
   Player CID: 502358179
[DEBUG] RECV: /service/player message
[DEBUG] RECV: /service/player message
[DEBUG] RECV: /service/player message
[DEBUG] RECV: /service/player message
[DEBUG] RECV: /meta/connect 
[DEBUG] RECV: /service/status status
[DEBUG] RECV: /meta/connect 
