
=== Kahoot Auto-Join ===
Game PIN: 5114254
Player: yousuck694-h4d

[1/3] Getting session token...
[DEBUG] Session token (raw): QBMKA2d0f2JaB3cKYDJEFDEyQxIzcEMFWkpuYQZcXEcpfgMFYlEBTkIydVJmIVdLWUQMNHhFHlYOTzItDX99VhdYWi5XegkoNHoABhMXcm9mf0tQeV5HWTR8Xm1OUgNv
[DEBUG] Session token length: 128
[DEBUG] Base64 decoded length: 96
   ✓ Got session token
[2/3] Decoding token...
[DEBUG] Challenge message length: 100
[DEBUG] Offset: 1918
[DEBUG] Decoded challenge length: 100
[DEBUG] Token bytes length: 96
[DEBUG] Final token length: 96
[DEBUG] Final token: 6bc56928b3155e2bfb8bd55413186de3e4055fc55e053f6362de14eb06bee58ac31f38aec22eba8685745d6ba06741c8
[DEBUG] Token: 6bc56928b3155e2bfb8bd55413186de3e4055fc55e053f6362de14eb06bee58ac31f38aec22eba8685745d6ba06741c8
   ✓ Token decoded (length: 96)
[3/3] Connecting...

[DEBUG] WebSocket URL: wss://kahoot.it/cometd/5114254/6bc56928b3155e2bfb8bd55413186de3e4055fc55e053f6362de14eb06bee58ac31f38aec22eba8685745d6ba06741c8
✓ Connected to WebSocket
[DEBUG] SEND handshake
[DEBUG] RECV: /meta/handshake 
✓ Handshake OK, clientId: bxyk1eat5bn983jpvxa4s1zpdjwpw
[DEBUG] SEND connect (first)
[DEBUG] RECV: /meta/connect 
[DEBUG] SEND connect (second)
[DEBUG] SEND login yousuck694-h4d
[DEBUG] RECV: /service/controller loginResponse
✓ Login successful! CID: 149933488
[DEBUG] SEND namerator message

=== SUCCESS ===
Listening for game events... (Ctrl+C to exit)

[DEBUG] RECV: /meta/connect 
[DEBUG] RECV: /service/controller 
[DEBUG] RECV: /service/controller 
[DEBUG] RECV: /service/status status
✓ Game is ACTIVE
[DEBUG] RECV: /service/player message

🎉 JOINED AS: ChampionPuffin70
   Player CID: 149933488
[DEBUG] RECV: /service/player message
[DEBUG] RECV: /service/player message
[DEBUG] RECV: /meta/connect 
[DEBUG] RECV: /service/player message
[DEBUG] RECV: /meta/connect 
[DEBUG] RECV: /service/player message
[DEBUG] RECV: /meta/connect 
[DEBUG] RECV: /service/player message
[DEBUG] RECV: /meta/connect 
[DEBUG] RECV: /service/status status
[DEBUG] RECV: /meta/connect 
