
=== Kahoot Auto-Join ===
Game PIN: 5114254
Player: yousuck510-esp

[1/3] Getting session token...
[DEBUG] Session token (raw): ZwAncGJnVWxnYg1XbwoDbFFka0VXeFcHXw8mFVBxBA93Z11lcAAmA3ZWPAF5BnNMQB1+WV5+YkQqbG8tdDVhc3UOCW5WBU54RGNqMmc3JWkka1AGFH98QhMzClJtCDoE
[DEBUG] Session token length: 128
[DEBUG] Base64 decoded length: 96
   ✓ Got session token
[2/3] Decoding token...
[DEBUG] Challenge message length: 100
[DEBUG] Offset: 423
[DEBUG] Decoded challenge length: 100
[DEBUG] Token bytes length: 96
[DEBUG] Final token length: 96
[DEBUG] Final token: 16e025a160b67e92b729c7b5c4abc86a014355a349ad9d842d811763e81d6b620ee82876738a1ad4a9eff640de6654df
[DEBUG] Token: 16e025a160b67e92b729c7b5c4abc86a014355a349ad9d842d811763e81d6b620ee82876738a1ad4a9eff640de6654df
   ✓ Token decoded (length: 96)
[3/3] Connecting...

[DEBUG] WebSocket URL: wss://kahoot.it/cometd/5114254/16e025a160b67e92b729c7b5c4abc86a014355a349ad9d842d811763e81d6b620ee82876738a1ad4a9eff640de6654df
✓ Connected to WebSocket
[DEBUG] SEND handshake
[DEBUG] RECV: /meta/handshake 
✓ Handshake OK, clientId: bxtf7wut418x7bh41mvx8pl7vchoo
[DEBUG] SEND connect (first)
[DEBUG] RECV: /meta/connect 
[DEBUG] SEND connect (second)
[DEBUG] SEND login yousuck510-esp
[DEBUG] RECV: /service/controller loginResponse
✓ Login successful! CID: 830210419
[DEBUG] SEND namerator message

=== SUCCESS ===
Listening for game events... (Ctrl+C to exit)

[DEBUG] RECV: /meta/connect 
[DEBUG] RECV: /service/controller 
[DEBUG] RECV: /service/controller 
[DEBUG] RECV: /service/status status
✓ Game is ACTIVE
[DEBUG] RECV: /service/player message

🎉 JOINED AS: HelpfulFerret81
   Player CID: 830210419
[DEBUG] RECV: /service/player message
[DEBUG] RECV: /meta/connect 
[DEBUG] RECV: /service/player message
[DEBUG] RECV: /meta/connect 
[DEBUG] RECV: /service/player message
[DEBUG] RECV: /meta/connect 
[DEBUG] RECV: /service/player message
[DEBUG] RECV: /meta/connect 
[DEBUG] RECV: /service/player message
[DEBUG] RECV: /meta/connect 
[DEBUG] RECV: /service/player message
[DEBUG] RECV: /meta/connect 
[DEBUG] RECV: /service/player message
[DEBUG] RECV: /meta/connect 
[DEBUG] RECV: /service/status status
[DEBUG] RECV: /meta/connect 
