
=== Kahoot Auto-Join ===
Game PIN: 5114254
Player: yousuck652-zau

[1/3] Getting session token...
[DEBUG] Session token (raw): GR5rcDoACAxnBHcqVAYJXQEHQkdcI1IrZl8BbDgOWDgUcVU0AhI6AVBcSmJPdVI7Ry8pWlNyC1lsEFpRDgNZLDxRTDJ+BgkMZwcQZggaW15yDSA0Omo/TFtDfGNZTmNR
[DEBUG] Session token length: 128
[DEBUG] Base64 decoded length: 96
   ✓ Got session token
[2/3] Decoding token...
[DEBUG] Challenge message length: 100
[DEBUG] Offset: 2921
[DEBUG] Decoded challenge length: 100
[DEBUG] Token bytes length: 96
[DEBUG] Final token length: 96
[DEBUG] Final token: ad69c0a5651fbfc34c676d0d79a3d00af0fafcd99d27779a3acc48e40b91f27be04e77cf15f3cbce2cfef2a997763421
[DEBUG] Token: ad69c0a5651fbfc34c676d0d79a3d00af0fafcd99d27779a3acc48e40b91f27be04e77cf15f3cbce2cfef2a997763421
   ✓ Token decoded (length: 96)
[3/3] Connecting...

[DEBUG] WebSocket URL: wss://kahoot.it/cometd/5114254/ad69c0a5651fbfc34c676d0d79a3d00af0fafcd99d27779a3acc48e40b91f27be04e77cf15f3cbce2cfef2a997763421
✓ Connected to WebSocket
[DEBUG] SEND handshake
[DEBUG] RECV: /meta/handshake 
✓ Handshake OK, clientId: bxx815sd8ge63ghy7sy4qxuvrtbx0
[DEBUG] SEND connect (first)
[DEBUG] RECV: /meta/connect 
[DEBUG] SEND connect (second)
[DEBUG] SEND login yousuck652-zau
[DEBUG] RECV: /service/controller loginResponse
✓ Login successful! CID: 1287745156
[DEBUG] SEND namerator message

=== SUCCESS ===
Listening for game events... (Ctrl+C to exit)

[DEBUG] RECV: /meta/connect 
[DEBUG] RECV: /service/controller 
[DEBUG] RECV: /service/controller 
[DEBUG] RECV: /service/status status
✓ Game is ACTIVE
[DEBUG] RECV: /service/player message

🎉 JOINED AS: BoldBee2
   Player CID: 1287745156
[DEBUG] RECV: /service/player message
[DEBUG] RECV: /meta/connect 
[DEBUG] RECV: /service/player message
[DEBUG] RECV: /meta/connect 
[DEBUG] RECV: /service/player message
[DEBUG] RECV: /meta/connect 
[DEBUG] RECV: /service/player message
[DEBUG] RECV: /meta/connect 
[DEBUG] RECV: /service/player message
[DEBUG] RECV: /meta/connect 
[DEBUG] RECV: /service/status status
[DEBUG] RECV: /meta/connect 
