
=== Kahoot Auto-Join ===
Game PIN: 5114254
Player: yousuck119-h7n

[1/3] Getting session token...
[DEBUG] Session token (raw): D1tQAShrUER2FVIoUlhWY3QBBxFuVw4vGlE+SUxSWW8oWnhnWTU7ZgRlTnx0alhbHwtlZF4QXHMGdAATAWkAIitlLw4cVl0HW1A7AlQODUlSaS4MQT5WBXNfU3RWDgcG
[DEBUG] Session token length: 128
[DEBUG] Base64 decoded length: 96
   ✓ Got session token
[2/3] Decoding token...
[DEBUG] Challenge message length: 100
[DEBUG] Offset: 130136
[DEBUG] Decoded challenge length: 100
[DEBUG] Token bytes length: 96
[DEBUG] Final token length: 96
[DEBUG] Final token: 9803f7111f7de288569f19cfa9d19886d7350ef881208237e693aa5204bc74efa3cff43650dbd835d3dc4bd22270472f
[DEBUG] Token: 9803f7111f7de288569f19cfa9d19886d7350ef881208237e693aa5204bc74efa3cff43650dbd835d3dc4bd22270472f
   ✓ Token decoded (length: 96)
[3/3] Connecting...

[DEBUG] WebSocket URL: wss://kahoot.it/cometd/5114254/9803f7111f7de288569f19cfa9d19886d7350ef881208237e693aa5204bc74efa3cff43650dbd835d3dc4bd22270472f
✓ Connected to WebSocket
[DEBUG] SEND handshake
[DEBUG] RECV: /meta/handshake 
✓ Handshake OK, clientId: bxi71vya7cdde7e1wk6b6h6th2063
[DEBUG] SEND connect (first)
[DEBUG] RECV: /meta/connect 
[DEBUG] SEND connect (second)
[DEBUG] SEND login yousuck119-h7n
[DEBUG] RECV: /service/controller loginResponse
✓ Login successful! CID: 694501282
[DEBUG] SEND namerator message

=== SUCCESS ===
Listening for game events... (Ctrl+C to exit)

[DEBUG] RECV: /meta/connect 
[DEBUG] RECV: /service/controller 
[DEBUG] RECV: /service/controller 
[DEBUG] RECV: /service/status status
✓ Game is ACTIVE
[DEBUG] RECV: /service/player message

🎉 JOINED AS: RockstarPanda47
   Player CID: 694501282
[DEBUG] RECV: /service/player message
[DEBUG] RECV: /service/player message
[DEBUG] RECV: /service/player message
[DEBUG] RECV: /meta/connect 
[DEBUG] RECV: /service/player message
[DEBUG] RECV: /meta/connect 
[DEBUG] RECV: /service/player message
[DEBUG] RECV: /meta/connect 
[DEBUG] RECV: /service/player message
[DEBUG] RECV: /meta/connect 
[DEBUG] RECV: /service/player message
[DEBUG] RECV: /meta/connect 
[DEBUG] RECV: /service/player message
[DEBUG] RECV: /meta/connect 
[DEBUG] RECV: /service/player message
[DEBUG] RECV: /meta/connect 
[DEBUG] RECV: /service/player message
[DEBUG] RECV: /meta/connect 
[DEBUG] RECV: /service/player message
[DEBUG] RECV: /meta/connect 
[DEBUG] RECV: /service/player message
[DEBUG] RECV: /meta/connect 
[DEBUG] RECV: /service/player message
[DEBUG] RECV: /meta/connect 
[DEBUG] RECV: /service/player message
[DEBUG] RECV: /meta/connect 
[DEBUG] RECV: /service/status status
[DEBUG] RECV: /meta/connect 
