
=== Kahoot Auto-Join ===
Game PIN: 5732350
Player: yousuck9-94n

[1/3] Getting session token...
[DEBUG] Session token (raw): W3QPQCxpawMHWA1YewdpD1pgAFBnR1hSQQgLY1N6ZgIGVgJ7UzQmag0rDk9wdmgLDTEtRUkCA08PXgIiMA8MflFzUHdjCDgCf1JYX3tbe2sTTypze3gfVX9XZGQNDgFX
[DEBUG] Session token length: 128
[DEBUG] Base64 decoded length: 96
   ✓ Got session token
[2/3] Decoding token...
[DEBUG] Challenge message length: 100
[DEBUG] Offset: 2986
[DEBUG] Decoded challenge length: 100
[DEBUG] Token bytes length: 96
[DEBUG] Final token length: 96
[DEBUG] Final token: 7289a16832996473f779349f83f2633517021af8ddb804698af19ea8c27fadd7e3e56cf723397712f3b594e54b245df5
[DEBUG] Token: 7289a16832996473f779349f83f2633517021af8ddb804698af19ea8c27fadd7e3e56cf723397712f3b594e54b245df5
   ✓ Token decoded (length: 96)
[3/3] Connecting...

[DEBUG] WebSocket URL: wss://kahoot.it/cometd/5732350/7289a16832996473f779349f83f2633517021af8ddb804698af19ea8c27fadd7e3e56cf723397712f3b594e54b245df5
✓ Connected to WebSocket
[DEBUG] SEND handshake
[DEBUG] RECV: /meta/handshake 
✓ Handshake OK, clientId: bzof1t05ny8dd7j2e1qvuikg39ksgd
[DEBUG] SEND connect (first)
[DEBUG] RECV: /meta/connect 
[DEBUG] SEND connect (second)
[DEBUG] SEND login yousuck9-94n
[DEBUG] RECV: /service/controller loginResponse
✓ Login successful! CID: 991568841
[DEBUG] SEND namerator message

=== SUCCESS ===
Listening for game events... (Ctrl+C to exit)

[DEBUG] RECV: /meta/connect 
[DEBUG] RECV: /service/controller 
[DEBUG] RECV: /service/controller 
[DEBUG] RECV: /service/status status
✓ Game is ACTIVE
[DEBUG] RECV: /service/player message

🎉 JOINED AS: InspiredOtter40
   Player CID: 991568841
[DEBUG] RECV: /service/player message
[DEBUG] RECV: /meta/connect 
[DEBUG] RECV: /service/player message
[DEBUG] RECV: /meta/connect 
[DEBUG] RECV: /service/player message
[DEBUG] RECV: /meta/connect 
[DEBUG] RECV: /service/status status
[DEBUG] RECV: /meta/connect 
