
=== Kahoot Auto-Join ===
Game PIN: 5114254
Player: yousuck490-p6d

[1/3] Getting session token...
[DEBUG] Session token (raw): AVpTBHt+ChoABGtVXi4TRDlDTURgLAw9ejBAfUxLHlQxUlhFEy0MBXA0MFBYA1Y4CAIZTnQ6UQZ6YwYTZnoseF8sbn0oZllRXg1BEgIEAS5RFjlKYRcGUWY+CnpsewR4
[DEBUG] Session token length: 128
[DEBUG] Base64 decoded length: 96
   ✓ Got session token
[2/3] Decoding token...
[DEBUG] Challenge message length: 100
[DEBUG] Offset: 32728
[DEBUG] Decoded challenge length: 100
[DEBUG] Token bytes length: 96
[DEBUG] Final token length: 96
[DEBUG] Final token: 2faa091cb50f0ba7d3800cfd2e8253b5b867bbb49cfb274ab8a67a3824fd38c92d12d5c38a0d27bfacc07f749bf53925
[DEBUG] Token: 2faa091cb50f0ba7d3800cfd2e8253b5b867bbb49cfb274ab8a67a3824fd38c92d12d5c38a0d27bfacc07f749bf53925
   ✓ Token decoded (length: 96)
[3/3] Connecting...

[DEBUG] WebSocket URL: wss://kahoot.it/cometd/5114254/2faa091cb50f0ba7d3800cfd2e8253b5b867bbb49cfb274ab8a67a3824fd38c92d12d5c38a0d27bfacc07f749bf53925
✓ Connected to WebSocket
[DEBUG] SEND handshake
[DEBUG] RECV: /meta/handshake 
✓ Handshake OK, clientId: bxt7183lixj73uw8w9wxli4u92hf3
[DEBUG] SEND connect (first)
[DEBUG] RECV: /meta/connect 
[DEBUG] SEND connect (second)
[DEBUG] SEND login yousuck490-p6d
[DEBUG] RECV: /service/controller loginResponse
✓ Login successful! CID: 974582283
[DEBUG] SEND namerator message

=== SUCCESS ===
Listening for game events... (Ctrl+C to exit)

[DEBUG] RECV: /meta/connect 
[DEBUG] RECV: /service/controller 
[DEBUG] RECV: /service/controller 
[DEBUG] RECV: /service/status status
✓ Game is ACTIVE
[DEBUG] RECV: /service/player message

🎉 JOINED AS: SoaringFrog68
   Player CID: 974582283
[DEBUG] RECV: /service/player message
[DEBUG] RECV: /meta/connect 
[DEBUG] RECV: /service/player message
[DEBUG] RECV: /meta/connect 
[DEBUG] RECV: /service/player message
[DEBUG] RECV: /meta/connect 
[DEBUG] RECV: /service/player message
[DEBUG] RECV: /meta/connect 
[DEBUG] RECV: /service/player message
[DEBUG] RECV: /meta/connect 
[DEBUG] RECV: /service/player message
[DEBUG] RECV: /meta/connect 
[DEBUG] RECV: /service/player message
[DEBUG] RECV: /meta/connect 
[DEBUG] RECV: /service/status status
[DEBUG] RECV: /meta/connect 
