
=== Kahoot Auto-Join ===
Game PIN: 5732350
Player: yousuck87-xei

[1/3] Getting session token...
[DEBUG] Session token (raw): EUpcYEYcGj0GaGhfAUYUUwBtTQkFU1QiSmoEKXtfC1gPUXN0T2ZjHW57DAAuBl95ZloLXgpRfwFZWHZ3F3FYQgNCI11EURQ+BFhfQTRGay12BXoIBTpFGXBbYV49KwZr
[DEBUG] Session token length: 128
[DEBUG] Base64 decoded length: 96
   ✓ Got session token
[2/3] Decoding token...
[DEBUG] Challenge message length: 100
[DEBUG] Offset: 3921
[DEBUG] Decoded challenge length: 100
[DEBUG] Token bytes length: 96
[DEBUG] Final token length: 96
[DEBUG] Final token: f2857dcfd90336c56359abad602d63401002628f5832e93973b6c9640504f01244cd5cde19d3b18d643e4e5a088fac41
[DEBUG] Token: f2857dcfd90336c56359abad602d63401002628f5832e93973b6c9640504f01244cd5cde19d3b18d643e4e5a088fac41
   ✓ Token decoded (length: 96)
[3/3] Connecting...

[DEBUG] WebSocket URL: wss://kahoot.it/cometd/5732350/f2857dcfd90336c56359abad602d63401002628f5832e93973b6c9640504f01244cd5cde19d3b18d643e4e5a088fac41
✓ Connected to WebSocket
[DEBUG] SEND handshake
[DEBUG] RECV: /meta/handshake 
✓ Handshake OK, clientId: bzl2ulz9i49slh60r19ulhfmsk16
[DEBUG] SEND connect (first)
[DEBUG] RECV: /meta/connect 
[DEBUG] SEND connect (second)
[DEBUG] SEND login yousuck87-xei
[DEBUG] RECV: /service/controller loginResponse
✓ Login successful! CID: 844046533
[DEBUG] SEND namerator message

=== SUCCESS ===
Listening for game events... (Ctrl+C to exit)

[DEBUG] RECV: /meta/connect 
[DEBUG] RECV: /service/controller 
[DEBUG] RECV: /service/controller 
[DEBUG] RECV: /service/status status
✓ Game is ACTIVE
[DEBUG] RECV: /service/player message

🎉 JOINED AS: GivingSphinx59
   Player CID: 844046533
[DEBUG] RECV: /service/player message
[DEBUG] RECV: /service/player message
[DEBUG] RECV: /service/player message
[DEBUG] RECV: /meta/connect 
[DEBUG] RECV: /service/player message
[DEBUG] RECV: /meta/connect 
[DEBUG] RECV: /service/player message
[DEBUG] RECV: /meta/connect 
[DEBUG] RECV: /service/player message
[DEBUG] RECV: /meta/connect 
[DEBUG] RECV: /service/player message
[DEBUG] RECV: /meta/connect 
[DEBUG] RECV: /service/status status
[DEBUG] RECV: /meta/connect 
