
=== Kahoot Auto-Join ===
Game PIN: 4969059
Player: yousuck89-r12

[1/3] Getting session token...
[DEBUG] Session token (raw): RyRYaSx5ZGcFDGgHEXlYfwAmCV5fWwdVBCMGPhVtdW13ABpBcUJmYF93XAd4JnM9YDEPVXJXf11dCV5cWyQOIQN8U2hVWwYBBnw8DltOR1oFUXQDXHhVDlB/QFMHS3wD
[DEBUG] Session token length: 128
[DEBUG] Base64 decoded length: 96
   ✓ Got session token
[2/3] Decoding token...
[DEBUG] Challenge message length: 100
[DEBUG] Offset: 840448
[DEBUG] Decoded challenge length: 100
[DEBUG] Token bytes length: 96
[DEBUG] Final token length: 96
[DEBUG] Final token: 1ac8e7643818c6774ad0633fecbcc78824c7447122332e2f8b7c2a7bc93c5e5d4785746d50aad80df10d367d056c435c
[DEBUG] Token: 1ac8e7643818c6774ad0633fecbcc78824c7447122332e2f8b7c2a7bc93c5e5d4785746d50aad80df10d367d056c435c
   ✓ Token decoded (length: 96)
[3/3] Connecting...

[DEBUG] WebSocket URL: wss://kahoot.it/cometd/4969059/1ac8e7643818c6774ad0633fecbcc78824c7447122332e2f8b7c2a7bc93c5e5d4785746d50aad80df10d367d056c435c
✓ Connected to WebSocket
[DEBUG] SEND handshake
[DEBUG] RECV: /meta/handshake 
✓ Handshake OK, clientId: buq7y1mhj2ldq7bg2o62hstmsn20
[DEBUG] SEND connect (first)
[DEBUG] RECV: /meta/connect 
[DEBUG] SEND connect (second)
[DEBUG] SEND login yousuck89-r12
[DEBUG] RECV: /service/controller loginResponse
✓ Login successful! CID: 1620482281
[DEBUG] SEND namerator message

=== SUCCESS ===
Listening for game events... (Ctrl+C to exit)

[DEBUG] RECV: /meta/connect 
[DEBUG] RECV: /service/controller 
[DEBUG] RECV: /service/controller 
[DEBUG] RECV: /service/status status
✓ Game is ACTIVE
[DEBUG] RECV: /service/player message

🎉 JOINED AS: LivelySnail75
   Player CID: 1620482281
[DEBUG] RECV: /service/player message
[DEBUG] RECV: /service/player message
[DEBUG] RECV: /service/player message
[DEBUG] RECV: /service/player message
[DEBUG] RECV: /meta/connect 
[DEBUG] RECV: /service/status status
[DEBUG] RECV: /meta/connect 
