
=== Kahoot Auto-Join ===
Game PIN: 5114254
Player: yousuck726-r1s

[1/3] Getting session token...
[DEBUG] Session token (raw): ADsCLXxQBVdDATgYJlV2ZiEIagwABGE5bloNRHVlNQtnTwhaUTp3VAN/BWNeBA8MDgFNfGckU0ASUlQaWkJxZjw0TTg2fCQyBmMJAFABCVxVKAsfXGBrDXttK1YPEjde
[DEBUG] Session token length: 128
[DEBUG] Base64 decoded length: 96
   ✓ Got session token
[2/3] Decoding token...
[DEBUG] Challenge message length: 100
[DEBUG] Offset: 3472
[DEBUG] Decoded challenge length: 100
[DEBUG] Token bytes length: 96
[DEBUG] Final token length: 96
[DEBUG] Final token: 7aea13b852dae933bb84739b24a706f99692fe2fb3280475b1627c99d20be005bc4da6aab033a67a5fad332d92b91da8
[DEBUG] Token: 7aea13b852dae933bb84739b24a706f99692fe2fb3280475b1627c99d20be005bc4da6aab033a67a5fad332d92b91da8
   ✓ Token decoded (length: 96)
[3/3] Connecting...

[DEBUG] WebSocket URL: wss://kahoot.it/cometd/5114254/7aea13b852dae933bb84739b24a706f99692fe2fb3280475b1627c99d20be005bc4da6aab033a67a5fad332d92b91da8
✓ Connected to WebSocket
[DEBUG] SEND handshake
[DEBUG] RECV: /meta/handshake 
✓ Handshake OK, clientId: bxzm2pw8bq72r9dx1ov0klq4y5j88
[DEBUG] SEND connect (first)
[DEBUG] RECV: /meta/connect 
[DEBUG] SEND connect (second)
[DEBUG] SEND login yousuck726-r1s
[DEBUG] RECV: /service/controller loginResponse
✓ Login successful! CID: 2141665310
[DEBUG] SEND namerator message

=== SUCCESS ===
Listening for game events... (Ctrl+C to exit)

[DEBUG] RECV: /meta/connect 
[DEBUG] RECV: /service/controller 
[DEBUG] RECV: /service/controller 
[DEBUG] RECV: /service/status status
✓ Game is ACTIVE
[DEBUG] RECV: /service/player message

🎉 JOINED AS: RockstarSnail54
   Player CID: 2141665310
[DEBUG] RECV: /service/player message
[DEBUG] RECV: /service/player message
[DEBUG] RECV: /meta/connect 
[DEBUG] RECV: /service/player message
[DEBUG] RECV: /meta/connect 
[DEBUG] RECV: /service/player message
[DEBUG] RECV: /meta/connect 
[DEBUG] RECV: /service/status status
[DEBUG] RECV: /meta/connect 
