
=== Kahoot Auto-Join ===
Game PIN: 5114254
Player: yousuck465-dzg

[1/3] Getting session token...
[DEBUG] Session token (raw): WGdmTigYURchCwMiUS5eCV5xZzpnZFgHAiNCQS9aFnwBX1ZfZyNnCHIHQ3dTGm5PKgNCP1kiYWRfIl0PARxDVQNoanEIZQMIehpTUwcCdVh2DFBvYlQDYEFgNQgCB1d8
[DEBUG] Session token length: 128
[DEBUG] Base64 decoded length: 96
   ✓ Got session token
[2/3] Decoding token...
[DEBUG] Challenge message length: 100
[DEBUG] Offset: 21121650
[DEBUG] Decoded challenge length: 100
[DEBUG] Token bytes length: 96
[DEBUG] Final token length: 96
[DEBUG] Final token: c637abbde55d2fed994f94c13a24ffd758335a083792cf76d85c7e753c144d706864a58d5f5c89071f082a8833fda460
[DEBUG] Token: c637abbde55d2fed994f94c13a24ffd758335a083792cf76d85c7e753c144d706864a58d5f5c89071f082a8833fda460
   ✓ Token decoded (length: 96)
[3/3] Connecting...

[DEBUG] WebSocket URL: wss://kahoot.it/cometd/5114254/c637abbde55d2fed994f94c13a24ffd758335a083792cf76d85c7e753c144d706864a58d5f5c89071f082a8833fda460
✓ Connected to WebSocket
[DEBUG] SEND handshake
[DEBUG] RECV: /meta/handshake 
✓ Handshake OK, clientId: bxsb17janar6yc3pw1xszw38rfvo70
[DEBUG] SEND connect (first)
[DEBUG] RECV: /meta/connect 
[DEBUG] SEND connect (second)
[DEBUG] SEND login yousuck465-dzg
[DEBUG] RECV: /service/controller loginResponse
✓ Login successful! CID: 1394317132
[DEBUG] SEND namerator message

=== SUCCESS ===
Listening for game events... (Ctrl+C to exit)

[DEBUG] RECV: /meta/connect 
[DEBUG] RECV: /service/controller 
[DEBUG] RECV: /service/controller 
[DEBUG] RECV: /service/status status
✓ Game is ACTIVE
[DEBUG] RECV: /service/player message

🎉 JOINED AS: TropicalGator16
   Player CID: 1394317132
[DEBUG] RECV: /service/player message
[DEBUG] RECV: /meta/connect 
[DEBUG] RECV: /service/player message
[DEBUG] RECV: /meta/connect 
[DEBUG] RECV: /service/player message
[DEBUG] RECV: /meta/connect 
[DEBUG] RECV: /service/player message
[DEBUG] RECV: /meta/connect 
[DEBUG] RECV: /service/player message
[DEBUG] RECV: /meta/connect 
[DEBUG] RECV: /service/player message
[DEBUG] RECV: /meta/connect 
[DEBUG] RECV: /service/player message
[DEBUG] RECV: /meta/connect 
[DEBUG] RECV: /service/status status
[DEBUG] RECV: /meta/connect 
