
=== Kahoot Auto-Join ===
Game PIN: 4969059
Player: yousuck50-h8u

[1/3] Getting session token...
[DEBUG] Session token (raw): SRxhNxUPQG9naSgBWUc8fh5+ZTZgDXtbegBSXAcINkUQfFpwYQhWH2ATD1hRWxVmHWAQTnAjYAR0TEcIUAt1PXpdEVB/T2kJaWxdI2ofaEMEWFVkeA4DOVUjXG0IW1wF
[DEBUG] Session token length: 128
[DEBUG] Base64 decoded length: 96
   ✓ Got session token
[2/3] Decoding token...
[DEBUG] Challenge message length: 100
[DEBUG] Offset: 1307612
[DEBUG] Decoded challenge length: 100
[DEBUG] Token bytes length: 96
[DEBUG] Final token length: 96
[DEBUG] Final token: 2f0eae5000f835c2d12e684b8eb521a6e8b3311d7ebb4ae2a8b63e0a776af88e3caa751d543d3d277eb52c4c0fa50d94
[DEBUG] Token: 2f0eae5000f835c2d12e684b8eb521a6e8b3311d7ebb4ae2a8b63e0a776af88e3caa751d543d3d277eb52c4c0fa50d94
   ✓ Token decoded (length: 96)
[3/3] Connecting...

[DEBUG] WebSocket URL: wss://kahoot.it/cometd/4969059/2f0eae5000f835c2d12e684b8eb521a6e8b3311d7ebb4ae2a8b63e0a776af88e3caa751d543d3d277eb52c4c0fa50d94
✓ Connected to WebSocket
[DEBUG] SEND handshake
[DEBUG] RECV: /meta/handshake 
✓ Handshake OK, clientId: bup81dt33j96baph51bl4zyailzs9m
[DEBUG] SEND connect (first)
[DEBUG] RECV: /meta/connect 
[DEBUG] SEND connect (second)
[DEBUG] SEND login yousuck50-h8u
[DEBUG] RECV: /service/controller loginResponse
✓ Login successful! CID: 748957870
[DEBUG] SEND namerator message

=== SUCCESS ===
Listening for game events... (Ctrl+C to exit)

[DEBUG] RECV: /meta/connect 
[DEBUG] RECV: /service/controller 
[DEBUG] RECV: /service/controller 
[DEBUG] RECV: /service/status status
✓ Game is ACTIVE
[DEBUG] RECV: /service/player message

🎉 JOINED AS: FastCrane84
   Player CID: 748957870
[DEBUG] RECV: /service/player message
[DEBUG] RECV: /service/player message
[DEBUG] RECV: /service/player message
[DEBUG] RECV: /meta/connect 
[DEBUG] RECV: /service/player message
[DEBUG] RECV: /service/player message
[DEBUG] RECV: /service/player message
[DEBUG] RECV: /service/player message
[DEBUG] RECV: /meta/connect 
[DEBUG] RECV: /service/status status
[DEBUG] RECV: /meta/connect 
