
=== Kahoot Auto-Join ===
Game PIN: 5114254
Player: yousuck839-76w

[1/3] Getting session token...
[DEBUG] Session token (raw): CzlZVjIICVdMQwIwCHlMK2lMAXIEFm5pBE0tUzVAHllAUX16VzAHO1B5Qg1vfRklbTkMXQ0CaTEMUXdeVD87fUAxDApBFmgkYAZfMGheb2V7UE0BPGZePSMBelFaf2dB
[DEBUG] Session token length: 128
[DEBUG] Base64 decoded length: 96
   ✓ Got session token
[2/3] Decoding token...
[DEBUG] Challenge message length: 100
[DEBUG] Offset: 23497
[DEBUG] Decoded challenge length: 100
[DEBUG] Token bytes length: 96
[DEBUG] Final token length: 96
[DEBUG] Final token: 7bb5eaab566bc77d69d0ab3976e3d5b50969ee7cc09125af5afc9a4c96286cf76a095c0e2bfe0b654069c72bd327d309
[DEBUG] Token: 7bb5eaab566bc77d69d0ab3976e3d5b50969ee7cc09125af5afc9a4c96286cf76a095c0e2bfe0b654069c72bd327d309
   ✓ Token decoded (length: 96)
[3/3] Connecting...

[DEBUG] WebSocket URL: wss://kahoot.it/cometd/5114254/7bb5eaab566bc77d69d0ab3976e3d5b50969ee7cc09125af5afc9a4c96286cf76a095c0e2bfe0b654069c72bd327d309
✓ Connected to WebSocket
[DEBUG] SEND handshake
[DEBUG] RECV: /meta/handshake 
✓ Handshake OK, clientId: by2q1retyk1hqcbnpfi4bf3rbtv2
[DEBUG] SEND connect (first)
[DEBUG] RECV: /meta/connect 
[DEBUG] SEND connect (second)
[DEBUG] SEND login yousuck839-76w
[DEBUG] RECV: /service/controller loginResponse
✓ Login successful! CID: 2028905976
[DEBUG] SEND namerator message

=== SUCCESS ===
Listening for game events... (Ctrl+C to exit)

[DEBUG] RECV: /meta/connect 
[DEBUG] RECV: /service/controller 
[DEBUG] RECV: /service/controller 
[DEBUG] RECV: /service/status status
✓ Game is ACTIVE
[DEBUG] RECV: /service/player message

🎉 JOINED AS: StellarPenguin43
   Player CID: 2028905976
[DEBUG] RECV: /service/player message
[DEBUG] RECV: /meta/connect 
[DEBUG] RECV: /service/player message
[DEBUG] RECV: /meta/connect 
[DEBUG] RECV: /service/status status
[DEBUG] RECV: /meta/connect 
