
=== Kahoot Auto-Join ===
Game PIN: 5114254
Player: yousuck65-cuv

[1/3] Getting session token...
[DEBUG] Session token (raw): Vk5aDyx1UTVAdQh8CXJDD2FUU2pcVAotQVRceloPIBMrU2EkWAg1IXdgVQZLdD9TAFErBBdVdHsKR0ULaGoEdQQYdQdwKU9dGXwgXgFfeWdUa3MsAldie0g4V3BxO1Ve
[DEBUG] Session token length: 128
[DEBUG] Base64 decoded length: 96
   ✓ Got session token
[2/3] Decoding token...
[DEBUG] Challenge message length: 100
[DEBUG] Offset: 4606
[DEBUG] Decoded challenge length: 100
[DEBUG] Token bytes length: 96
[DEBUG] Final token length: 96
[DEBUG] Final token: 9587f8ef6312775b6283f52c69465cfbc72a23ad73e810b9a0c4f745413e06593a610f90b7f0d059825b28782ac50eac
[DEBUG] Token: 9587f8ef6312775b6283f52c69465cfbc72a23ad73e810b9a0c4f745413e06593a610f90b7f0d059825b28782ac50eac
   ✓ Token decoded (length: 96)
[3/3] Connecting...

[DEBUG] WebSocket URL: wss://kahoot.it/cometd/5114254/9587f8ef6312775b6283f52c69465cfbc72a23ad73e810b9a0c4f745413e06593a610f90b7f0d059825b28782ac50eac
✓ Connected to WebSocket
[DEBUG] SEND handshake
[DEBUG] RECV: /meta/handshake 
✓ Handshake OK, clientId: bxh114p7h5xs542za17wi0dk63t4h
[DEBUG] SEND connect (first)
[DEBUG] RECV: /meta/connect 
[DEBUG] SEND connect (second)
[DEBUG] SEND login yousuck65-cuv
[DEBUG] RECV: /service/controller 

⚠ Timeout - check if name appears in Kahoot lobby
[DEBUG] WebSocket closed: 1005

=== FAILED ===
Error: Connection closed (1005)
