
=== Kahoot Auto-Join ===
Game PIN: 5814465
Player: yousuck48-xgh

[1/3] Getting session token...
[DEBUG] Session token (raw): AiFNUStEUg8UKXFSeQUsAitOHSlaSgk2b1RfcRgMPjo6VHx9flILenoBPCpeWSomQ1ZpZWkGDgJhD0RfMnd0RABqa0wDHQRRDktCXVteDyZYYyUPZGJTA38MN0tEXAwI
[DEBUG] Session token length: 128
[DEBUG] Base64 decoded length: 96
   ✓ Got session token
[2/3] Decoding token...
[DEBUG] Challenge message length: 100
[DEBUG] Offset: 242
[DEBUG] Decoded challenge length: 100
[DEBUG] Token bytes length: 96
[DEBUG] Final token length: 96
[DEBUG] Final token: 9b45b194fc5b2feaa6fb909c7a15b2adf38493f798bbe2be5399184e6127f7973270eda51710ee5cb5a632db93b819b7
[DEBUG] Token: 9b45b194fc5b2feaa6fb909c7a15b2adf38493f798bbe2be5399184e6127f7973270eda51710ee5cb5a632db93b819b7
   ✓ Token decoded (length: 96)
[3/3] Connecting...

[DEBUG] WebSocket URL: wss://kahoot.it/cometd/5814465/9b45b194fc5b2feaa6fb909c7a15b2adf38493f798bbe2be5399184e6127f7973270eda51710ee5cb5a632db93b819b7
✓ Connected to WebSocket
[DEBUG] SEND handshake
[DEBUG] RECV: /meta/handshake 
✓ Handshake OK, clientId: 92uk1lrzmz9zpbf1c1nkjz9is0db6b
[DEBUG] SEND connect (first)
[DEBUG] RECV: /meta/connect 
[DEBUG] SEND connect (second)
[DEBUG] SEND login yousuck48-xgh
[DEBUG] RECV: /service/status status
[DEBUG] RECV: /meta/connect 
[DEBUG] RECV: /service/controller 

⚠ Timeout - check if name appears in Kahoot lobby
[DEBUG] WebSocket closed: 1005

=== FAILED ===
Error: Connection closed (1005)
