
=== Kahoot Auto-Join ===
Game PIN: 5814465
Player: yousuck38-tp1

[1/3] Getting session token...
[DEBUG] Session token (raw): ZGsoV18iNHltXWJBKlJiWwJpVFcMbgMsdUFoAghoGgZvdzcYB2dSeXguch5zTnFydzNDW0JLPlR5VGcicx9hXXJ/d3lpU1h1QBoTUQVhExNpQ0dGegtZB31oPmRdOHF2
[DEBUG] Session token length: 128
[DEBUG] Base64 decoded length: 96
   ✓ Got session token
[2/3] Decoding token...
[DEBUG] Challenge message length: 100
[DEBUG] Offset: 731
[DEBUG] Decoded challenge length: 100
[DEBUG] Token bytes length: 96
[DEBUG] Final token length: 96
[DEBUG] Final token: 28c23dd11116c14c306b83bc120729b927daa3293d3d89703e1c41a5880e6d46927925317bdd87df7434218e69c25a98
[DEBUG] Token: 28c23dd11116c14c306b83bc120729b927daa3293d3d89703e1c41a5880e6d46927925317bdd87df7434218e69c25a98
   ✓ Token decoded (length: 96)
[3/3] Connecting...

[DEBUG] WebSocket URL: wss://kahoot.it/cometd/5814465/28c23dd11116c14c306b83bc120729b927daa3293d3d89703e1c41a5880e6d46927925317bdd87df7434218e69c25a98
✓ Connected to WebSocket
[DEBUG] SEND handshake
[DEBUG] RECV: /meta/handshake 
✓ Handshake OK, clientId: 92ug1ebns1rayf4nl1tkn9u6w2ttf1
[DEBUG] SEND connect (first)
[DEBUG] RECV: /meta/connect 
[DEBUG] SEND connect (second)
[DEBUG] SEND login yousuck38-tp1
[DEBUG] RECV: /service/status status
[DEBUG] RECV: /meta/connect 
[DEBUG] RECV: /service/controller 

⚠ Timeout - check if name appears in Kahoot lobby
[DEBUG] WebSocket closed: 1005

=== FAILED ===
Error: Connection closed (1005)
