
=== Kahoot Auto-Join ===
Game PIN: 5114254
Player: yousuck697-da1

[1/3] Getting session token...
[DEBUG] Session token (raw): cQVrA18EAFEPZRVGfGg2I0ZbBVF8Wh5UXFBsXwwGcXdAYlJWZFhoQEkFdAcKSXRYD3BkSQJhAXBPczRVYk0gUA0yOGVhdFp5JSdBBwcja2tHBF57akh+WTEjf3lhX3Yo
[DEBUG] Session token length: 128
[DEBUG] Base64 decoded length: 96
   ✓ Got session token
[2/3] Decoding token...
[DEBUG] Challenge message length: 100
[DEBUG] Offset: 1946
[DEBUG] Decoded challenge length: 100
[DEBUG] Token bytes length: 96
[DEBUG] Final token length: 96
[DEBUG] Final token: 4f45d60af6c785ef346c82b40b4ccd8952b96a50861801467568a4b590e685b85dc36251ee74ff6911810406ac25734d
[DEBUG] Token: 4f45d60af6c785ef346c82b40b4ccd8952b96a50861801467568a4b590e685b85dc36251ee74ff6911810406ac25734d
   ✓ Token decoded (length: 96)
[3/3] Connecting...

[DEBUG] WebSocket URL: wss://kahoot.it/cometd/5114254/4f45d60af6c785ef346c82b40b4ccd8952b96a50861801467568a4b590e685b85dc36251ee74ff6911810406ac25734d
✓ Connected to WebSocket
[DEBUG] SEND handshake
[DEBUG] RECV: /meta/handshake 
✓ Handshake OK, clientId: bxyquaf4017bjeq0sd7zourd9hbg
[DEBUG] SEND connect (first)
[DEBUG] RECV: /meta/connect 
[DEBUG] SEND connect (second)
[DEBUG] SEND login yousuck697-da1
[DEBUG] RECV: /service/controller loginResponse
✓ Login successful! CID: 1184742595
[DEBUG] SEND namerator message

=== SUCCESS ===
Listening for game events... (Ctrl+C to exit)

[DEBUG] RECV: /meta/connect 
[DEBUG] RECV: /service/controller 
[DEBUG] RECV: /service/controller 
[DEBUG] RECV: /service/status status
✓ Game is ACTIVE
[DEBUG] RECV: /service/player message

🎉 JOINED AS: SmoothElephant13
   Player CID: 1184742595
[DEBUG] RECV: /service/player message
[DEBUG] RECV: /meta/connect 
[DEBUG] RECV: /service/player message
[DEBUG] RECV: /meta/connect 
[DEBUG] RECV: /service/player message
[DEBUG] RECV: /meta/connect 
[DEBUG] RECV: /service/player message
[DEBUG] RECV: /meta/connect 
[DEBUG] RECV: /service/status status
[DEBUG] RECV: /meta/connect 
