
=== Kahoot Auto-Join ===
Game PIN: 5732350
Player: yousuck7-9s8

[1/3] Getting session token...
[DEBUG] Session token (raw): QgRXAms4L3YEa3ZRfE1sSxABVyQGFj53DUdSbFlKYFNNWDl9JFZ9FQEEUQ44UwElZylXUFBTVGBoVl1aCVFeRXRXWm1cED4gMhdFXWRFXwhYBmUHYwV/bCcaECIKAVYC
[DEBUG] Session token length: 128
[DEBUG] Base64 decoded length: 96
   ✓ Got session token
[2/3] Decoding token...
[DEBUG] Challenge message length: 100
[DEBUG] Offset: 6534
[DEBUG] Decoded challenge length: 100
[DEBUG] Token bytes length: 96
[DEBUG] Final token length: 96
[DEBUG] Final token: 0bb69fd929464511b1aeadb1d03528169cd5c82a05bddf3b7a31e5d15c6461f739a2eecafe632736c3845310aaaca982
[DEBUG] Token: 0bb69fd929464511b1aeadb1d03528169cd5c82a05bddf3b7a31e5d15c6461f739a2eecafe632736c3845310aaaca982
   ✓ Token decoded (length: 96)
[3/3] Connecting...

[DEBUG] WebSocket URL: wss://kahoot.it/cometd/5732350/0bb69fd929464511b1aeadb1d03528169cd5c82a05bddf3b7a31e5d15c6461f739a2eecafe632736c3845310aaaca982
✓ Connected to WebSocket
[DEBUG] SEND handshake
[DEBUG] RECV: /meta/handshake 
✓ Handshake OK, clientId: bzo819nwxbxjraj016p6dj5px2hmo
[DEBUG] SEND connect (first)
[DEBUG] RECV: /meta/connect 
[DEBUG] SEND connect (second)
[DEBUG] SEND login yousuck7-9s8
[DEBUG] RECV: /service/controller loginResponse
✓ Login successful! CID: 1182521526
[DEBUG] SEND namerator message

=== SUCCESS ===
Listening for game events... (Ctrl+C to exit)

[DEBUG] RECV: /meta/connect 
[DEBUG] RECV: /service/controller 
[DEBUG] RECV: /service/controller 
[DEBUG] RECV: /service/status status
✓ Game is ACTIVE
[DEBUG] RECV: /service/player message

🎉 JOINED AS: ShiningYeti88
   Player CID: 1182521526
[DEBUG] RECV: /service/player message
[DEBUG] RECV: /meta/connect 
[DEBUG] RECV: /service/player message
[DEBUG] RECV: /meta/connect 
[DEBUG] RECV: /service/player message
[DEBUG] RECV: /meta/connect 
[DEBUG] RECV: /service/status status
[DEBUG] RECV: /meta/connect 
