
=== Kahoot Auto-Join ===
Game PIN: 5732350
Player: yousuck31-okq

[1/3] Getting session token...
[DEBUG] Session token (raw): cltWXmZJdSpnVRB3eG8MbGRZXFc9bFQfUEc0BgEMBlFYT2wFflI2bwFpUANPTUIQO01sDEhYWSljU3cuU3g+W3RSH1heZSh+AQ5NV3cmOQYJCDZOWVoJbEUOFVMhAiV/
[DEBUG] Session token length: 128
[DEBUG] Base64 decoded length: 96
   ✓ Got session token
[2/3] Decoding token...
[DEBUG] Challenge message length: 100
[DEBUG] Offset: 6488
[DEBUG] Decoded challenge length: 100
[DEBUG] Token bytes length: 96
[DEBUG] Final token length: 96
[DEBUG] Final token: 6bdc021a0bc80313860eb51f52d9f675645b91b9c407415ae8918c9f148de4c591d9e4c35f8e7bca65d4d92953a3fdd8
[DEBUG] Token: 6bdc021a0bc80313860eb51f52d9f675645b91b9c407415ae8918c9f148de4c591d9e4c35f8e7bca65d4d92953a3fdd8
   ✓ Token decoded (length: 96)
[3/3] Connecting...

[DEBUG] WebSocket URL: wss://kahoot.it/cometd/5732350/6bdc021a0bc80313860eb51f52d9f675645b91b9c407415ae8918c9f148de4c591d9e4c35f8e7bca65d4d92953a3fdd8
✓ Connected to WebSocket
[DEBUG] SEND handshake
[DEBUG] RECV: /meta/handshake 
✓ Handshake OK, clientId: bzpa1gu8vor1cmh4srz1eoo8sah0i
[DEBUG] SEND connect (first)
[DEBUG] RECV: /meta/connect 
[DEBUG] SEND connect (second)
[DEBUG] SEND login yousuck31-okq
[DEBUG] RECV: /service/controller loginResponse
✓ Login successful! CID: 554233376
[DEBUG] SEND namerator message

=== SUCCESS ===
Listening for game events... (Ctrl+C to exit)

[DEBUG] RECV: /meta/connect 
[DEBUG] RECV: /service/controller 
[DEBUG] RECV: /service/controller 
[DEBUG] RECV: /service/status status
✓ Game is ACTIVE
[DEBUG] RECV: /service/player message

🎉 JOINED AS: ZanyNewt53
   Player CID: 554233376
[DEBUG] RECV: /service/player message
[DEBUG] RECV: /meta/connect 
[DEBUG] RECV: /service/player message
[DEBUG] RECV: /meta/connect 
[DEBUG] RECV: /service/status status
[DEBUG] RECV: /meta/connect 
