
=== Kahoot Auto-Join ===
Game PIN: 5114254
Player: yousuck422-zfx

[1/3] Getting session token...
[DEBUG] Session token (raw): Cy1cEgoMAVMHWHclUQpaPE5sVFhQbGEHckYqJmpZcBFBbWMEXlMRVXpFXFNEFDxXNFd5M1ctM1pRVnsKMgYIPHYYSmcJbFNCWz8BeXAJEl1Va15Ab0UxBCNcfE90E3YN
[DEBUG] Session token length: 128
[DEBUG] Base64 decoded length: 96
   ✓ Got session token
[2/3] Decoding token...
[DEBUG] Challenge message length: 100
[DEBUG] Offset: 2520
[DEBUG] Decoded challenge length: 100
[DEBUG] Token bytes length: 96
[DEBUG] Final token length: 96
[DEBUG] Final token: cc6d2d72e25b535f54a1163517fd940c307418bc46ba7ed3b81f9ffff200a70f0c99f3c0cae76afa11c750c9d3694e54
[DEBUG] Token: cc6d2d72e25b535f54a1163517fd940c307418bc46ba7ed3b81f9ffff200a70f0c99f3c0cae76afa11c750c9d3694e54
   ✓ Token decoded (length: 96)
[3/3] Connecting...

[DEBUG] WebSocket URL: wss://kahoot.it/cometd/5114254/cc6d2d72e25b535f54a1163517fd940c307418bc46ba7ed3b81f9ffff200a70f0c99f3c0cae76afa11c750c9d3694e54
✓ Connected to WebSocket
[DEBUG] SEND handshake
[DEBUG] RECV: /meta/handshake 
✓ Handshake OK, clientId: bxr41wss6dgl4sdkuny6c0r935not
[DEBUG] SEND connect (first)
[DEBUG] RECV: /meta/connect 
[DEBUG] SEND connect (second)
[DEBUG] SEND login yousuck422-zfx
[DEBUG] RECV: /service/controller loginResponse
✓ Login successful! CID: 265068117
[DEBUG] SEND namerator message

=== SUCCESS ===
Listening for game events... (Ctrl+C to exit)

[DEBUG] RECV: /meta/connect 
[DEBUG] RECV: /service/controller 
[DEBUG] RECV: /service/controller 
[DEBUG] RECV: /service/status status
✓ Game is ACTIVE
[DEBUG] RECV: /service/player message

🎉 JOINED AS: PolitePony67
   Player CID: 265068117
[DEBUG] RECV: /service/player message
[DEBUG] RECV: /service/player message
[DEBUG] RECV: /meta/connect 
[DEBUG] RECV: /service/player message
[DEBUG] RECV: /meta/connect 
[DEBUG] RECV: /service/player message
[DEBUG] RECV: /meta/connect 
[DEBUG] RECV: /service/player message
[DEBUG] RECV: /meta/connect 
[DEBUG] RECV: /service/player message
[DEBUG] RECV: /meta/connect 
[DEBUG] RECV: /service/player message
[DEBUG] RECV: /meta/connect 
[DEBUG] RECV: /service/player message
[DEBUG] RECV: /meta/connect 
[DEBUG] RECV: /service/status status
[DEBUG] RECV: /meta/connect 
