
=== Kahoot Auto-Join ===
Game PIN: 4969059
Player: yousuck32-8b2

[1/3] Getting session token...
[DEBUG] Session token (raw): LlFWai14Q2J/OC5xATFWDV1aUmkOVQBXUE4gehVfEQl3Pg4HP10BPWFzY1wCFggXW1xTYDN9IyZYICdXIAJCbkZQPQ93V1lQQgwsK2p4AmAmUUENIAMFUy5RXWcaWlpl
[DEBUG] Session token length: 128
[DEBUG] Base64 decoded length: 96
   ✓ Got session token
[2/3] Decoding token...
[DEBUG] Challenge message length: 100
[DEBUG] Offset: 173664
[DEBUG] Decoded challenge length: 100
[DEBUG] Token bytes length: 96
[DEBUG] Final token length: 96
[DEBUG] Final token: cd33f1293bb3ed404e705d77c2e8e8c58f2eb95b09895b1dfc36c5cd1ca4ea8522e55b039bcd3577a592fbcbc303cfc6
[DEBUG] Token: cd33f1293bb3ed404e705d77c2e8e8c58f2eb95b09895b1dfc36c5cd1ca4ea8522e55b039bcd3577a592fbcbc303cfc6
   ✓ Token decoded (length: 96)
[3/3] Connecting...

[DEBUG] WebSocket URL: wss://kahoot.it/cometd/4969059/cd33f1293bb3ed404e705d77c2e8e8c58f2eb95b09895b1dfc36c5cd1ca4ea8522e55b039bcd3577a592fbcbc303cfc6
✓ Connected to WebSocket
[DEBUG] SEND handshake
[DEBUG] RECV: /meta/handshake 
✓ Handshake OK, clientId: buox1akzcrce48eaf1n0l5ls0hhgje
[DEBUG] SEND connect (first)
[DEBUG] RECV: /meta/connect 
[DEBUG] SEND connect (second)
[DEBUG] SEND login yousuck32-8b2
[DEBUG] RECV: /service/controller loginResponse
✓ Login successful! CID: 1522313886
[DEBUG] SEND namerator message

=== SUCCESS ===
Listening for game events... (Ctrl+C to exit)

[DEBUG] RECV: /meta/connect 
[DEBUG] RECV: /service/controller 
[DEBUG] RECV: /service/controller 
[DEBUG] RECV: /service/status status
✓ Game is ACTIVE
[DEBUG] RECV: /service/player message

🎉 JOINED AS: JoyfulImpala86
   Player CID: 1522313886
[DEBUG] RECV: /service/player message
[DEBUG] RECV: /service/player message
[DEBUG] RECV: /service/player message
[DEBUG] RECV: /service/player message
[DEBUG] RECV: /meta/connect 
[DEBUG] RECV: /service/player message
[DEBUG] RECV: /service/player message
[DEBUG] RECV: /meta/connect 
[DEBUG] RECV: /service/player message
[DEBUG] RECV: /service/player message
[DEBUG] RECV: /service/player message
[DEBUG] RECV: /meta/connect 
[DEBUG] RECV: /service/status status
[DEBUG] RECV: /meta/connect 
