
=== Kahoot Auto-Join ===
Game PIN: 4969059
Player: yousuck38-t29

[1/3] Getting session token...
[DEBUG] Session token (raw): d1RxOwJrJD8PVyALJiErUS1Nd1ZlI01GIH0SbC5WVxpzFlh3ZlVARSwOXFM7X1gCc3gGfA5eC0RzOXJNW1hbchNIHg5wAThSR28kA055KAogamkMc2JaBhkLBgMZdEVw
[DEBUG] Session token length: 128
[DEBUG] Base64 decoded length: 96
   ✓ Got session token
[2/3] Decoding token...
[DEBUG] Challenge message length: 100
[DEBUG] Offset: 634896
[DEBUG] Decoded challenge length: 100
[DEBUG] Token bytes length: 96
[DEBUG] Final token length: 96
[DEBUG] Final token: 899f45eb74d2eec4c72c8b60f2b0ac1b8f969405b986a98f792922142e49b293a4ee02ec21bc86d4d46a254eb8a9b124
[DEBUG] Token: 899f45eb74d2eec4c72c8b60f2b0ac1b8f969405b986a98f792922142e49b293a4ee02ec21bc86d4d46a254eb8a9b124
   ✓ Token decoded (length: 96)
[3/3] Connecting...

[DEBUG] WebSocket URL: wss://kahoot.it/cometd/4969059/899f45eb74d2eec4c72c8b60f2b0ac1b8f969405b986a98f792922142e49b293a4ee02ec21bc86d4d46a254eb8a9b124
✓ Connected to WebSocket
[DEBUG] SEND handshake
[DEBUG] RECV: /meta/handshake 
✓ Handshake OK, clientId: bupg5y8pqpd2eo6j17hbjnzog12y6
[DEBUG] SEND connect (first)
[DEBUG] RECV: /meta/connect 
[DEBUG] SEND connect (second)
[DEBUG] SEND login yousuck38-t29
[DEBUG] RECV: /service/controller loginResponse
✓ Login successful! CID: 819899941
[DEBUG] SEND namerator message

=== SUCCESS ===
Listening for game events... (Ctrl+C to exit)

[DEBUG] RECV: /meta/connect 
[DEBUG] RECV: /service/controller 
[DEBUG] RECV: /service/controller 
[DEBUG] RECV: /service/status status
✓ Game is ACTIVE
[DEBUG] RECV: /service/player message

🎉 JOINED AS: SocialGator70
   Player CID: 819899941
[DEBUG] RECV: /service/player message
[DEBUG] RECV: /service/player message
[DEBUG] RECV: /service/player message
[DEBUG] RECV: /meta/connect 
[DEBUG] RECV: /service/player message
[DEBUG] RECV: /service/player message
[DEBUG] RECV: /service/player message
[DEBUG] RECV: /service/player message
[DEBUG] RECV: /meta/connect 
[DEBUG] RECV: /service/status status
[DEBUG] RECV: /meta/connect 
