
=== Kahoot Auto-Join ===
Game PIN: 5114254
Player: yousuck475-76h

[1/3] Getting session token...
[DEBUG] Session token (raw): S1dYO2xsADteQmdVWXM0cWhcaGhgKwldZ29vYBZUCw1ablcXBT92akEHQ1xLEQpNU2Z9Vw0EbUVrNSdiBlFwJgoJWw4gKVkgfFIxDxAWLS8UTjx4bQ8GUVsLKwdbHS9h
[DEBUG] Session token length: 128
[DEBUG] Base64 decoded length: 96
   ✓ Got session token
[2/3] Decoding token...
[DEBUG] Challenge message length: 100
[DEBUG] Offset: 352551882
[DEBUG] Decoded challenge length: 100
[DEBUG] Token bytes length: 96
[DEBUG] Final token length: 96
[DEBUG] Final token: 8d8c655ea53da2d717568b5d8240e2b7733d7f4160048bf7787025665ec1e16d0f35dc5a4cfabeddf8a43b3636bb5fb1
[DEBUG] Token: 8d8c655ea53da2d717568b5d8240e2b7733d7f4160048bf7787025665ec1e16d0f35dc5a4cfabeddf8a43b3636bb5fb1
   ✓ Token decoded (length: 96)
[3/3] Connecting...

[DEBUG] WebSocket URL: wss://kahoot.it/cometd/5114254/8d8c655ea53da2d717568b5d8240e2b7733d7f4160048bf7787025665ec1e16d0f35dc5a4cfabeddf8a43b3636bb5fb1
✓ Connected to WebSocket
[DEBUG] SEND handshake
[DEBUG] RECV: /meta/handshake 
✓ Handshake OK, clientId: bxsk8qw1zxiluxxexos049riax9q
[DEBUG] SEND connect (first)
[DEBUG] RECV: /meta/connect 
[DEBUG] SEND connect (second)
[DEBUG] SEND login yousuck475-76h
[DEBUG] RECV: /service/controller loginResponse
✓ Login successful! CID: 423525586
[DEBUG] SEND namerator message

=== SUCCESS ===
Listening for game events... (Ctrl+C to exit)

[DEBUG] RECV: /meta/connect 
[DEBUG] RECV: /service/controller 
[DEBUG] RECV: /service/controller 
[DEBUG] RECV: /service/status status
✓ Game is ACTIVE
[DEBUG] RECV: /service/player message

🎉 JOINED AS: HelpfulCamel23
   Player CID: 423525586
[DEBUG] RECV: /service/player message
[DEBUG] RECV: /meta/connect 
[DEBUG] RECV: /service/player message
[DEBUG] RECV: /meta/connect 
[DEBUG] RECV: /service/player message
[DEBUG] RECV: /meta/connect 
[DEBUG] RECV: /service/player message
[DEBUG] RECV: /meta/connect 
[DEBUG] RECV: /service/player message
[DEBUG] RECV: /meta/connect 
[DEBUG] RECV: /service/player message
[DEBUG] RECV: /meta/connect 
[DEBUG] RECV: /service/player message
[DEBUG] RECV: /meta/connect 
[DEBUG] RECV: /service/status status
[DEBUG] RECV: /meta/connect 
