
=== Kahoot Auto-Join ===
Game PIN: 5114254
Player: yousuck234-hgq

[1/3] Getting session token...
[DEBUG] Session token (raw): IAZcNVR6V0NgWQg9WkUHBGp5BA9KSFhEXxcodQhkMwAAI3cAaXpfUBAGFkQ3Xys0ZAA7SghQZgt9dnxmEwYcYCwLQjp4dgw2W0giCl4gVStkbE54Lw5rXSQgQTJJVwAo
[DEBUG] Session token length: 128
[DEBUG] Base64 decoded length: 96
   ✓ Got session token
[2/3] Decoding token...
[DEBUG] Challenge message length: 100
[DEBUG] Offset: 22121
[DEBUG] Decoded challenge length: 100
[DEBUG] Token bytes length: 96
[DEBUG] Final token length: 96
[DEBUG] Final token: fabd5533284af3ee959d18c5feb104b6be1821eab3f6f9ec18f869000678c0f4c90d483d93e96fdc2561b84dba2f900f
[DEBUG] Token: fabd5533284af3ee959d18c5feb104b6be1821eab3f6f9ec18f869000678c0f4c90d483d93e96fdc2561b84dba2f900f
   ✓ Token decoded (length: 96)
[3/3] Connecting...

[DEBUG] WebSocket URL: wss://kahoot.it/cometd/5114254/fabd5533284af3ee959d18c5feb104b6be1821eab3f6f9ec18f869000678c0f4c90d483d93e96fdc2561b84dba2f900f
✓ Connected to WebSocket
[DEBUG] SEND handshake
[DEBUG] RECV: /meta/handshake 
✓ Handshake OK, clientId: bxlq1vfgtsgjchl8pm4dugdxjkl49
[DEBUG] SEND connect (first)
[DEBUG] RECV: /meta/connect 
[DEBUG] SEND connect (second)
[DEBUG] SEND login yousuck234-hgq
[DEBUG] RECV: /service/controller loginResponse
✓ Login successful! CID: 37548969
[DEBUG] SEND namerator message

=== SUCCESS ===
Listening for game events... (Ctrl+C to exit)

[DEBUG] RECV: /meta/connect 
[DEBUG] RECV: /service/controller 
[DEBUG] RECV: /service/controller 
[DEBUG] RECV: /service/status status
✓ Game is ACTIVE
[DEBUG] RECV: /service/player message

🎉 JOINED AS: AmiablePelican35
   Player CID: 37548969
[DEBUG] RECV: /service/player message
[DEBUG] RECV: /service/player message
[DEBUG] RECV: /meta/connect 
[DEBUG] RECV: /service/player message
[DEBUG] RECV: /meta/connect 
[DEBUG] RECV: /service/player message
[DEBUG] RECV: /meta/connect 
[DEBUG] RECV: /service/player message
[DEBUG] RECV: /meta/connect 
[DEBUG] RECV: /service/player message
[DEBUG] RECV: /meta/connect 
[DEBUG] RECV: /service/player message
[DEBUG] RECV: /meta/connect 
[DEBUG] RECV: /service/player message
[DEBUG] RECV: /meta/connect 
[DEBUG] RECV: /service/player message
[DEBUG] RECV: /meta/connect 
[DEBUG] RECV: /service/player message
[DEBUG] RECV: /meta/connect 
[DEBUG] RECV: /service/player message
[DEBUG] RECV: /meta/connect 
[DEBUG] RECV: /service/status status
[DEBUG] RECV: /meta/connect 
