
=== Kahoot Auto-Join ===
Game PIN: 5814465
Player: yousuck94-pyd

[1/3] Getting session token...
[DEBUG] Session token (raw): Y11tR2xPCHswFT1yUgtdCwt9NhdbAEUEBWsPO3hZUT4PVmRECHwkPkUHAxc/U0UiMGkDYggmAyA0VWxTGFdcdFcHZVJwUQRZCl52AmBoVQB3DWdUTAkTQWcBUEEsNUEc
[DEBUG] Session token length: 128
[DEBUG] Base64 decoded length: 96
   ✓ Got session token
[2/3] Decoding token...
[DEBUG] Challenge message length: 100
[DEBUG] Offset: 67407
[DEBUG] Decoded challenge length: 100
[DEBUG] Token bytes length: 96
[DEBUG] Final token length: 96
[DEBUG] Final token: 36667579cdd75c87f2ec544ff3ae176df02771db04fbda2ec9625a9ecf1bc7766c5e980fe1377801997369b07942bf1d
[DEBUG] Token: 36667579cdd75c87f2ec544ff3ae176df02771db04fbda2ec9625a9ecf1bc7766c5e980fe1377801997369b07942bf1d
   ✓ Token decoded (length: 96)
[3/3] Connecting...

[DEBUG] WebSocket URL: wss://kahoot.it/cometd/5814465/36667579cdd75c87f2ec544ff3ae176df02771db04fbda2ec9625a9ecf1bc7766c5e980fe1377801997369b07942bf1d
✓ Connected to WebSocket
[DEBUG] SEND handshake
[DEBUG] RECV: /meta/handshake 
✓ Handshake OK, clientId: 92vrq34uw9h6ib941dygxnvhq50x4
[DEBUG] SEND connect (first)
[DEBUG] RECV: /meta/connect 
[DEBUG] SEND connect (second)
[DEBUG] SEND login yousuck94-pyd
[DEBUG] RECV: /service/status status
[DEBUG] RECV: /meta/connect 
[DEBUG] RECV: /service/controller 

⚠ Timeout - check if name appears in Kahoot lobby
[DEBUG] WebSocket closed: 1005

=== FAILED ===
Error: Connection closed (1005)
