
=== Kahoot Auto-Join ===
Game PIN: 5114254
Player: yousuck117-hys

[1/3] Getting session token...
[DEBUG] Session token (raw): ThR5ew8pNl0TLCgORFBaCBx/Sz5fWEpAZzh/FzIQHEFPB2ANAVoKU2NST3EqDlZlTyhYcgxON3JIbxsjVl1ecQV9UlkrQiNrajYTc0RIOwcMeV1CaCFbeHlTDHsvZmBf
[DEBUG] Session token length: 128
[DEBUG] Base64 decoded length: 96
   ✓ Got session token
[2/3] Decoding token...
[DEBUG] Challenge message length: 100
[DEBUG] Offset: 1614
[DEBUG] Decoded challenge length: 100
[DEBUG] Token bytes length: 96
[DEBUG] Final token length: 96
[DEBUG] Final token: 4a82ebe8fdda40a2d98c9c025c9ebfd73c16425c9755deb19aa4c9a129cd50a8c166f9a41af012e239298dd27b62d89d
[DEBUG] Token: 4a82ebe8fdda40a2d98c9c025c9ebfd73c16425c9755deb19aa4c9a129cd50a8c166f9a41af012e239298dd27b62d89d
   ✓ Token decoded (length: 96)
[3/3] Connecting...

[DEBUG] WebSocket URL: wss://kahoot.it/cometd/5114254/4a82ebe8fdda40a2d98c9c025c9ebfd73c16425c9755deb19aa4c9a129cd50a8c166f9a41af012e239298dd27b62d89d
✓ Connected to WebSocket
[DEBUG] SEND handshake
[DEBUG] RECV: /meta/handshake 
✓ Handshake OK, clientId: bxi9cdzz3r267rdd1p538d74yyn4w
[DEBUG] SEND connect (first)
[DEBUG] RECV: /meta/connect 
[DEBUG] SEND connect (second)
[DEBUG] SEND login yousuck117-hys
[DEBUG] RECV: /service/controller loginResponse
✓ Login successful! CID: 1136977119
[DEBUG] SEND namerator message

=== SUCCESS ===
Listening for game events... (Ctrl+C to exit)

[DEBUG] RECV: /meta/connect 
[DEBUG] RECV: /service/controller 
[DEBUG] RECV: /service/controller 
[DEBUG] RECV: /service/status status
✓ Game is ACTIVE
[DEBUG] RECV: /service/player message

🎉 JOINED AS: MagicTurtle42
   Player CID: 1136977119
[DEBUG] RECV: /service/player message
[DEBUG] RECV: /service/player message
[DEBUG] RECV: /service/player message
[DEBUG] RECV: /meta/connect 
[DEBUG] RECV: /service/player message
[DEBUG] RECV: /meta/connect 
[DEBUG] RECV: /service/player message
[DEBUG] RECV: /meta/connect 
[DEBUG] RECV: /service/player message
[DEBUG] RECV: /meta/connect 
[DEBUG] RECV: /service/player message
[DEBUG] RECV: /meta/connect 
[DEBUG] RECV: /service/player message
[DEBUG] RECV: /meta/connect 
[DEBUG] RECV: /service/player message
[DEBUG] RECV: /meta/connect 
[DEBUG] RECV: /service/player message
[DEBUG] RECV: /meta/connect 
[DEBUG] RECV: /service/player message
[DEBUG] RECV: /meta/connect 
[DEBUG] RECV: /service/player message
[DEBUG] RECV: /meta/connect 
[DEBUG] RECV: /service/player message
[DEBUG] RECV: /meta/connect 
[DEBUG] RECV: /service/player message
[DEBUG] RECV: /meta/connect 
[DEBUG] RECV: /service/status status
[DEBUG] RECV: /meta/connect 
