
=== Kahoot Auto-Join ===
Game PIN: 5114254
Player: yousuck313-d6d

[1/3] Getting session token...
[DEBUG] Session token (raw): DlVaBg1UAkV0UE9bSAxnbWpkfAUNRAlSaBBRSDxxAXALcQ8tViUKZ1UCAWFHfUV5ExZ0BmQFNVABBEkTCQh4BgJyISp+I3cLew0CXicOeAIOGnIsdG8FU1Z3bAgLBE9k
[DEBUG] Session token length: 128
[DEBUG] Base64 decoded length: 96
   ✓ Got session token
[2/3] Decoding token...
[DEBUG] Challenge message length: 100
[DEBUG] Offset: 13258844
[DEBUG] Decoded challenge length: 100
[DEBUG] Token bytes length: 96
[DEBUG] Final token length: 96
[DEBUG] Final token: bf54bd964e870b95458037e80a24b272b1ad7ed983d20841be8d61d1d23e057ce5af6f5d4022cb9f3a2c622677238b89
[DEBUG] Token: bf54bd964e870b95458037e80a24b272b1ad7ed983d20841be8d61d1d23e057ce5af6f5d4022cb9f3a2c622677238b89
   ✓ Token decoded (length: 96)
[3/3] Connecting...

[DEBUG] WebSocket URL: wss://kahoot.it/cometd/5114254/bf54bd964e870b95458037e80a24b272b1ad7ed983d20841be8d61d1d23e057ce5af6f5d4022cb9f3a2c622677238b89
✓ Connected to WebSocket
[DEBUG] SEND handshake
[DEBUG] RECV: /meta/handshake 
✓ Handshake OK, clientId: bxo5ftrxywttm09z1nvpbtywk4tz5
[DEBUG] SEND connect (first)
[DEBUG] RECV: /meta/connect 
[DEBUG] SEND connect (second)
[DEBUG] SEND login yousuck313-d6d
[DEBUG] RECV: /service/controller loginResponse
✓ Login successful! CID: 1909425764
[DEBUG] SEND namerator message

=== SUCCESS ===
Listening for game events... (Ctrl+C to exit)

[DEBUG] RECV: /meta/connect 
[DEBUG] RECV: /service/controller 
[DEBUG] RECV: /service/controller 
[DEBUG] RECV: /service/status status
✓ Game is ACTIVE
[DEBUG] RECV: /service/player message

🎉 JOINED AS: AwesomeGazelle89
   Player CID: 1909425764
[DEBUG] RECV: /service/player message
[DEBUG] RECV: /meta/connect 
[DEBUG] RECV: /service/player message
[DEBUG] RECV: /meta/connect 
[DEBUG] RECV: /service/player message
[DEBUG] RECV: /meta/connect 
[DEBUG] RECV: /service/player message
[DEBUG] RECV: /meta/connect 
[DEBUG] RECV: /service/player message
[DEBUG] RECV: /meta/connect 
[DEBUG] RECV: /service/player message
[DEBUG] RECV: /meta/connect 
[DEBUG] RECV: /service/player message
[DEBUG] RECV: /meta/connect 
[DEBUG] RECV: /service/player message
[DEBUG] RECV: /meta/connect 
[DEBUG] RECV: /service/player message
[DEBUG] RECV: /meta/connect 
[DEBUG] RECV: /service/status status
[DEBUG] RECV: /meta/connect 
