
=== Kahoot Auto-Join ===
Game PIN: 5114254
Player: yousuck372-uua

[1/3] Getting session token...
[DEBUG] Session token (raw): OgVWXlsmUE1kDW4OEgtaOF1oNFhbEAReIQZ0dV0uZlkAXkcIWWBPGSUdBFN7LgdoAydUJGljTgUOCnA1UnJPdH4LWXwAPnQ8UmEmY1M6ckQ0U19ZV0JtJwgFCmlEfwUA
[DEBUG] Session token length: 128
[DEBUG] Base64 decoded length: 96
   ✓ Got session token
[2/3] Decoding token...
[DEBUG] Challenge message length: 100
[DEBUG] Offset: 437944322
[DEBUG] Decoded challenge length: 100
[DEBUG] Token bytes length: 96
[DEBUG] Final token length: 96
[DEBUG] Final token: d40a9c174a83fd6d09e3bc93ee671a10bc2d687cdea83a798e8f7688512c813688d0ac6a63e83d32a9a5c98bac170294
[DEBUG] Token: d40a9c174a83fd6d09e3bc93ee671a10bc2d687cdea83a798e8f7688512c813688d0ac6a63e83d32a9a5c98bac170294
   ✓ Token decoded (length: 96)
[3/3] Connecting...

[DEBUG] WebSocket URL: wss://kahoot.it/cometd/5114254/d40a9c174a83fd6d09e3bc93ee671a10bc2d687cdea83a798e8f7688512c813688d0ac6a63e83d32a9a5c98bac170294
✓ Connected to WebSocket
[DEBUG] SEND handshake
[DEBUG] RECV: /meta/handshake 
✓ Handshake OK, clientId: bxpla6ypjanwpf9sydsj3fslsmud
[DEBUG] SEND connect (first)
[DEBUG] RECV: /meta/connect 
[DEBUG] SEND connect (second)
[DEBUG] SEND login yousuck372-uua
[DEBUG] RECV: /service/controller loginResponse
✓ Login successful! CID: 1814420118
[DEBUG] SEND namerator message

=== SUCCESS ===
Listening for game events... (Ctrl+C to exit)

[DEBUG] RECV: /meta/connect 
[DEBUG] RECV: /service/controller 
[DEBUG] RECV: /service/controller 
[DEBUG] RECV: /service/status status
✓ Game is ACTIVE
[DEBUG] RECV: /service/player message

🎉 JOINED AS: ElatedHen78
   Player CID: 1814420118
[DEBUG] RECV: /service/player message
[DEBUG] RECV: /meta/connect 
[DEBUG] RECV: /service/player message
[DEBUG] RECV: /meta/connect 
[DEBUG] RECV: /service/player message
[DEBUG] RECV: /meta/connect 
[DEBUG] RECV: /service/player message
[DEBUG] RECV: /meta/connect 
[DEBUG] RECV: /service/player message
[DEBUG] RECV: /meta/connect 
[DEBUG] RECV: /service/player message
[DEBUG] RECV: /meta/connect 
[DEBUG] RECV: /service/player message
[DEBUG] RECV: /meta/connect 
[DEBUG] RECV: /service/player message
[DEBUG] RECV: /meta/connect 
[DEBUG] RECV: /service/status status
[DEBUG] RECV: /meta/connect 
