
=== Kahoot Auto-Join ===
Game PIN: 5114254
Player: yousuck953-suw

[1/3] Getting session token...
[DEBUG] Session token (raw): JXVPZAxjeVlAU1B1Ul5YNQ1XLFlKIUNiPnIGG1YQRB8BSFV6SmlZAgZnTGVuaw0CKG18Uk1GeF8ZEhx1F1UlZAYXEmh+AGZRBAsVck4lGA4GF35dF10PPCsrEkZaZlVT
[DEBUG] Session token length: 128
[DEBUG] Base64 decoded length: 96
   ✓ Got session token
[2/3] Decoding token...
[DEBUG] Challenge message length: 100
[DEBUG] Offset: 48915
[DEBUG] Decoded challenge length: 100
[DEBUG] Token bytes length: 96
[DEBUG] Final token length: 96
[DEBUG] Final token: a544e46d9571558c74ce8e39a52a1e1cd3112944d4014534c403778febd6fba63cb068471fc02ad98d0bb4dadfe3e13d
[DEBUG] Token: a544e46d9571558c74ce8e39a52a1e1cd3112944d4014534c403778febd6fba63cb068471fc02ad98d0bb4dadfe3e13d
   ✓ Token decoded (length: 96)
[3/3] Connecting...

[DEBUG] WebSocket URL: wss://kahoot.it/cometd/5114254/a544e46d9571558c74ce8e39a52a1e1cd3112944d4014534c403778febd6fba63cb068471fc02ad98d0bb4dadfe3e13d
✓ Connected to WebSocket
[DEBUG] SEND handshake
[DEBUG] RECV: /meta/handshake 
✓ Handshake OK, clientId: by5q14hrocwqff4zpsd08p8cjxsp1
[DEBUG] SEND connect (first)
[DEBUG] RECV: /meta/connect 
[DEBUG] SEND connect (second)
[DEBUG] SEND login yousuck953-suw
[DEBUG] RECV: /service/controller loginResponse
✓ Login successful! CID: 1405822607
[DEBUG] SEND namerator message

=== SUCCESS ===
Listening for game events... (Ctrl+C to exit)

[DEBUG] RECV: /meta/connect 
[DEBUG] RECV: /service/controller 
[DEBUG] RECV: /service/controller 
[DEBUG] RECV: /service/status status
✓ Game is ACTIVE
[DEBUG] RECV: /service/player message

🎉 JOINED AS: RapidBobcat59
   Player CID: 1405822607
[DEBUG] RECV: /service/player message
[DEBUG] RECV: /meta/connect 
[DEBUG] RECV: /service/status status
[DEBUG] RECV: /meta/connect 
