
=== Kahoot Auto-Join ===
Game PIN: 5732350
Player: yousuck64-zlj

[1/3] Getting session token...
[DEBUG] Session token (raw): e0IGMUxAVzVmX3gxVAh+MEJkGV59WFwuWH5EWAAsDllnZwAFD1xUdytkJFIWAgk8dmFtVAhHA295dgJQF2g5Z1IFWXMRES97AHZDRGN9MzcHbF5FGwYKB2luOV0wLFZi
[DEBUG] Session token length: 128
[DEBUG] Base64 decoded length: 96
   ✓ Got session token
[2/3] Decoding token...
[DEBUG] Challenge message length: 100
[DEBUG] Offset: 256
[DEBUG] Decoded challenge length: 100
[DEBUG] Token bytes length: 96
[DEBUG] Final token length: 96
[DEBUG] Final token: 298c584e6a2eda7c39bb546d327c4d181311d182b2ffc8ad064de660006cf1b9f435cdf3c37114fb0770adbe67f1cb39
[DEBUG] Token: 298c584e6a2eda7c39bb546d327c4d181311d182b2ffc8ad064de660006cf1b9f435cdf3c37114fb0770adbe67f1cb39
   ✓ Token decoded (length: 96)
[3/3] Connecting...

[DEBUG] WebSocket URL: wss://kahoot.it/cometd/5732350/298c584e6a2eda7c39bb546d327c4d181311d182b2ffc8ad064de660006cf1b9f435cdf3c37114fb0770adbe67f1cb39
✓ Connected to WebSocket
[DEBUG] SEND handshake
[DEBUG] RECV: /meta/handshake 
✓ Handshake OK, clientId: bzn8is9xqzyztmzo1fzdd9d3b1jpi
[DEBUG] SEND connect (first)
[DEBUG] RECV: /meta/connect 
[DEBUG] SEND connect (second)
[DEBUG] SEND login yousuck64-zlj
[DEBUG] RECV: /service/controller loginResponse
✓ Login successful! CID: 836099317
[DEBUG] SEND namerator message

=== SUCCESS ===
Listening for game events... (Ctrl+C to exit)

[DEBUG] RECV: /meta/connect 
[DEBUG] RECV: /service/controller 
[DEBUG] RECV: /service/controller 
[DEBUG] RECV: /service/status status
✓ Game is ACTIVE
[DEBUG] RECV: /service/player message

🎉 JOINED AS: ShiningDove94
   Player CID: 836099317
[DEBUG] RECV: /service/player message
[DEBUG] RECV: /meta/connect 
[DEBUG] RECV: /service/player message
[DEBUG] RECV: /meta/connect 
[DEBUG] RECV: /service/player message
[DEBUG] RECV: /meta/connect 
[DEBUG] RECV: /service/status status
[DEBUG] RECV: /meta/connect 
