
=== Kahoot Auto-Join ===
Game PIN: 5114254
Player: yousuck632-z6q

[1/3] Getting session token...
[DEBUG] Session token (raw): SjFbaFtFU39XRWh1UHY3c1pRD3cBe1JiBVhyCVdeaTdRb1dIH2EJBi8PRUAFA211VXlDUnwUDg1OWwU3dmgFCmkMDARZAl1mVyZmDCYRKjAYJ3NKME8CcyApR2oEXy8J
[DEBUG] Session token length: 128
[DEBUG] Base64 decoded length: 96
   ✓ Got session token
[2/3] Decoding token...
[DEBUG] Challenge message length: 100
[DEBUG] Offset: 13953696900
[DEBUG] Decoded challenge length: 100
[DEBUG] Token bytes length: 96
[DEBUG] Final token length: 96
[DEBUG] Final token: 8fc29627a03375a094c6e3b1b421d08f6301c299eb79bd63765f9ff67bec9749167e09946a2faccada20f704fc1748d8
[DEBUG] Token: 8fc29627a03375a094c6e3b1b421d08f6301c299eb79bd63765f9ff67bec9749167e09946a2faccada20f704fc1748d8
   ✓ Token decoded (length: 96)
[3/3] Connecting...

[DEBUG] WebSocket URL: wss://kahoot.it/cometd/5114254/8fc29627a03375a094c6e3b1b421d08f6301c299eb79bd63765f9ff67bec9749167e09946a2faccada20f704fc1748d8
✓ Connected to WebSocket
[DEBUG] SEND handshake
[DEBUG] RECV: /meta/handshake 
✓ Handshake OK, clientId: bxxf1xn3l4va1gnla1dsreizg6aq4b
[DEBUG] SEND connect (first)
[DEBUG] RECV: /meta/connect 
[DEBUG] SEND connect (second)
[DEBUG] SEND login yousuck632-z6q
[DEBUG] RECV: /service/controller loginResponse
✓ Login successful! CID: 150262035
[DEBUG] SEND namerator message

=== SUCCESS ===
Listening for game events... (Ctrl+C to exit)

[DEBUG] RECV: /meta/connect 
[DEBUG] RECV: /service/controller 
[DEBUG] RECV: /service/controller 
[DEBUG] RECV: /service/status status
✓ Game is ACTIVE
[DEBUG] RECV: /service/player message

🎉 JOINED AS: RadiantDeer42
   Player CID: 150262035
[DEBUG] RECV: /service/player message
[DEBUG] RECV: /meta/connect 
[DEBUG] RECV: /service/player message
[DEBUG] RECV: /meta/connect 
[DEBUG] RECV: /service/player message
[DEBUG] RECV: /meta/connect 
[DEBUG] RECV: /service/player message
[DEBUG] RECV: /meta/connect 
[DEBUG] RECV: /service/player message
[DEBUG] RECV: /meta/connect 
[DEBUG] RECV: /service/status status
[DEBUG] RECV: /meta/connect 
