
=== Kahoot Auto-Join ===
Game PIN: 5732350
Player: yousuck22-drl

[1/3] Getting session token...
[DEBUG] Session token (raw): a19LCABpUFUhfAl3RGZFa2shfmxXZmZrZgB8V1pkQjBgdwMWcV15W38JAHMMXnR5WAEDc1J0NGQJJRx+XRUuYX17Z1BFegFfCl1+H2ZqCwowQQhUC0g1WktvNmB0W0pP
[DEBUG] Session token length: 128
[DEBUG] Base64 decoded length: 96
   ✓ Got session token
[2/3] Decoding token...
[DEBUG] Challenge message length: 100
[DEBUG] Offset: 4654
[DEBUG] Decoded challenge length: 100
[DEBUG] Token bytes length: 96
[DEBUG] Final token length: 96
[DEBUG] Final token: 9377d402c16025065c90d4456e37456c004c0948126008617f0174e94ee8fdc309586079f69c182ed715e2cd88d24c65
[DEBUG] Token: 9377d402c16025065c90d4456e37456c004c0948126008617f0174e94ee8fdc309586079f69c182ed715e2cd88d24c65
   ✓ Token decoded (length: 96)
[3/3] Connecting...

[DEBUG] WebSocket URL: wss://kahoot.it/cometd/5732350/9377d402c16025065c90d4456e37456c004c0948126008617f0174e94ee8fdc309586079f69c182ed715e2cd88d24c65
✓ Connected to WebSocket
[DEBUG] SEND handshake
[DEBUG] RECV: /meta/handshake 
✓ Handshake OK, clientId: bzivry1qkmk3hmmj1w4qygyowp3wh
[DEBUG] SEND connect (first)
[DEBUG] RECV: /meta/connect 
[DEBUG] SEND connect (second)
[DEBUG] SEND login yousuck22-drl
[DEBUG] RECV: /service/controller loginResponse
✓ Login successful! CID: 1580237259
[DEBUG] SEND namerator message

=== SUCCESS ===
Listening for game events... (Ctrl+C to exit)

[DEBUG] RECV: /meta/connect 
[DEBUG] RECV: /service/controller 
[DEBUG] RECV: /service/controller 
[DEBUG] RECV: /service/status status
✓ Game is ACTIVE
[DEBUG] RECV: /service/player message

🎉 JOINED AS: LegendSnail18
   Player CID: 1580237259
[DEBUG] RECV: /service/player message
[DEBUG] RECV: /service/player message
[DEBUG] RECV: /service/player message
[DEBUG] RECV: /service/player message
[DEBUG] RECV: /meta/connect 
[DEBUG] RECV: /service/player message
[DEBUG] RECV: /meta/connect 
[DEBUG] RECV: /service/player message
[DEBUG] RECV: /service/player message
[DEBUG] RECV: /meta/connect 
[DEBUG] RECV: /service/player message
[DEBUG] RECV: /service/player message
[DEBUG] RECV: /meta/connect 
[DEBUG] RECV: /service/player message
[DEBUG] RECV: /meta/connect 
[DEBUG] RECV: /service/player message
[DEBUG] RECV: /meta/connect 
[DEBUG] RECV: /service/player message
[DEBUG] RECV: /meta/connect 
[DEBUG] RECV: /service/player message
[DEBUG] RECV: /meta/connect 
[DEBUG] RECV: /service/status status
[DEBUG] RECV: /meta/connect 
