
=== Kahoot Auto-Join ===
Game PIN: 5814465
Player: yousuck69-8mz

[1/3] Getting session token...
[DEBUG] Session token (raw): UVZQKENcDV9TfllCSVtRdmpbQgdrMmQIEgAAaRpNM29RbWJPLVoKUT1pfjZ9BCACEHkOYAcfXT5eTmh1dDUzOyUaDVlTVjkHf0ZBD0JSN3pnfhVIPjcMFnEDP3gEXCI1
[DEBUG] Session token length: 128
[DEBUG] Base64 decoded length: 96
   ✓ Got session token
[2/3] Decoding token...
[DEBUG] Challenge message length: 100
[DEBUG] Offset: 309825
[DEBUG] Decoded challenge length: 100
[DEBUG] Token bytes length: 96
[DEBUG] Final token length: 96
[DEBUG] Final token: 7d4b5712a54355d74b558c4be1e0a9f93684cb8de74b86add3d9bfbe32379fecec7433f2641a34f178c8aa0f44b2eecb
[DEBUG] Token: 7d4b5712a54355d74b558c4be1e0a9f93684cb8de74b86add3d9bfbe32379fecec7433f2641a34f178c8aa0f44b2eecb
   ✓ Token decoded (length: 96)
[3/3] Connecting...

[DEBUG] WebSocket URL: wss://kahoot.it/cometd/5814465/7d4b5712a54355d74b558c4be1e0a9f93684cb8de74b86add3d9bfbe32379fecec7433f2641a34f178c8aa0f44b2eecb
✓ Connected to WebSocket
[DEBUG] SEND handshake
[DEBUG] RECV: /meta/handshake 
✓ Handshake OK, clientId: 92rv1h7xl336rfw4d2uspvic7t005
[DEBUG] SEND connect (first)
[DEBUG] RECV: /meta/connect 
[DEBUG] SEND connect (second)
[DEBUG] SEND login yousuck69-8mz
[DEBUG] RECV: /service/controller loginResponse
✓ Login successful! CID: 1976623826
[DEBUG] SEND namerator message

=== SUCCESS ===
Listening for game events... (Ctrl+C to exit)

[DEBUG] RECV: /meta/connect 
[DEBUG] RECV: /service/controller 
[DEBUG] RECV: /service/controller 
[DEBUG] RECV: /meta/connect 
[DEBUG] RECV: /meta/connect 
[DEBUG] RECV: /meta/connect 
[DEBUG] RECV: /meta/connect 
[DEBUG] RECV: /meta/connect 
[DEBUG] RECV: /meta/connect 
[DEBUG] RECV: /meta/connect 
[DEBUG] RECV: /meta/connect 
[DEBUG] RECV: /meta/connect 
[DEBUG] RECV: /meta/connect 
[DEBUG] RECV: /meta/connect 
[DEBUG] RECV: /meta/connect 
[DEBUG] RECV: /meta/connect 
[DEBUG] RECV: /meta/connect 
[DEBUG] RECV: /meta/connect 
[DEBUG] RECV: /meta/connect 
[DEBUG] RECV: /meta/connect 
[DEBUG] RECV: /meta/connect 
[DEBUG] RECV: /meta/connect 
[DEBUG] RECV: /meta/connect 
[DEBUG] RECV: /meta/connect 
[DEBUG] RECV: /meta/connect 
[DEBUG] RECV: /meta/connect 
[DEBUG] RECV: /meta/connect 
[DEBUG] RECV: /meta/connect 
[DEBUG] RECV: /meta/connect 
[DEBUG] RECV: /meta/connect 
