
=== Kahoot Auto-Join ===
Game PIN: 5114254
Player: yousuck762-wty

[1/3] Getting session token...
[DEBUG] Session token (raw): Bi5+WnJUamtiDVwCUSAHH24le1sBF2JOSEoCSAcfGDgEbk5aSWlcchhcZAsIUUEWC0U7OVJaBRZYAgJDOiYEVlV8Zg0MLC4GUwguGCYGdnVnC01/WRJHQVQKQFM7MFIA
[DEBUG] Session token length: 128
[DEBUG] Base64 decoded length: 96
   ✓ Got session token
[2/3] Decoding token...
[DEBUG] Challenge message length: 100
[DEBUG] Offset: 6301680
[DEBUG] Decoded challenge length: 100
[DEBUG] Token bytes length: 96
[DEBUG] Final token length: 96
[DEBUG] Final token: 6d511e9831799dff0e415a3430c00fca22223632b27a845b43bfe7dd05e9df4f157c9eb2cbfca6016a426b33d86dfb6d
[DEBUG] Token: 6d511e9831799dff0e415a3430c00fca22223632b27a845b43bfe7dd05e9df4f157c9eb2cbfca6016a426b33d86dfb6d
   ✓ Token decoded (length: 96)
[3/3] Connecting...

[DEBUG] WebSocket URL: wss://kahoot.it/cometd/5114254/6d511e9831799dff0e415a3430c00fca22223632b27a845b43bfe7dd05e9df4f157c9eb2cbfca6016a426b33d86dfb6d
✓ Connected to WebSocket
[DEBUG] SEND handshake
[DEBUG] RECV: /meta/handshake 
✓ Handshake OK, clientId: by0s60elocdtyp8c5hz8fv36v287
[DEBUG] SEND connect (first)
[DEBUG] RECV: /meta/connect 
[DEBUG] SEND connect (second)
[DEBUG] SEND login yousuck762-wty
[DEBUG] RECV: /service/controller loginResponse
✓ Login successful! CID: 1743053638
[DEBUG] SEND namerator message

=== SUCCESS ===
Listening for game events... (Ctrl+C to exit)

[DEBUG] RECV: /meta/connect 
[DEBUG] RECV: /service/controller 
[DEBUG] RECV: /service/controller 
[DEBUG] RECV: /service/status status
✓ Game is ACTIVE
[DEBUG] RECV: /service/player message

🎉 JOINED AS: MelodicPanther8
   Player CID: 1743053638
[DEBUG] RECV: /service/player message
[DEBUG] RECV: /meta/connect 
[DEBUG] RECV: /service/player message
[DEBUG] RECV: /meta/connect 
[DEBUG] RECV: /service/player message
[DEBUG] RECV: /meta/connect 
[DEBUG] RECV: /service/status status
[DEBUG] RECV: /meta/connect 
