
=== Kahoot Auto-Join ===
Game PIN: 5114254
Player: yousuck181-3m5

[1/3] Getting session token...
[DEBUG] Session token (raw): EXgrelx8Vz5lMWoqMWgGe3YJbTEWeHhuYG1vWHNFTV4QDkFnV2kUPDgOMGsQWlFrJSdhF2AkX2siClZAcVNXVCpWDjVvJHMNWQV9CDhFCBZ/DDp7ZQJTa1FvV1N2AHhv
[DEBUG] Session token length: 128
[DEBUG] Base64 decoded length: 96
   ✓ Got session token
[2/3] Decoding token...
[DEBUG] Challenge message length: 100
[DEBUG] Offset: 9154
[DEBUG] Decoded challenge length: 100
[DEBUG] Token bytes length: 96
[DEBUG] Final token length: 96
[DEBUG] Final token: e5a4b89a9b1ba638317ac20073660665f356c3fdcca1d439bd2a2cb5a2e8091afd3b5a0e8d55a1ea91a8446583952251
[DEBUG] Token: e5a4b89a9b1ba638317ac20073660665f356c3fdcca1d439bd2a2cb5a2e8091afd3b5a0e8d55a1ea91a8446583952251
   ✓ Token decoded (length: 96)
[3/3] Connecting...

[DEBUG] WebSocket URL: wss://kahoot.it/cometd/5114254/e5a4b89a9b1ba638317ac20073660665f356c3fdcca1d439bd2a2cb5a2e8091afd3b5a0e8d55a1ea91a8446583952251
✓ Connected to WebSocket
[DEBUG] SEND handshake
[DEBUG] RECV: /meta/handshake 
✓ Handshake OK, clientId: bxkd102dij0lqgog2mnjp7qepddg5
[DEBUG] SEND connect (first)
[DEBUG] RECV: /meta/connect 
[DEBUG] SEND connect (second)
[DEBUG] SEND login yousuck181-3m5
[DEBUG] RECV: /service/controller loginResponse
✓ Login successful! CID: 1557227329
[DEBUG] SEND namerator message

=== SUCCESS ===
Listening for game events... (Ctrl+C to exit)

[DEBUG] RECV: /meta/connect 
[DEBUG] RECV: /service/controller 
[DEBUG] RECV: /service/controller 
[DEBUG] RECV: /service/status status
✓ Game is ACTIVE
[DEBUG] RECV: /service/player message

🎉 JOINED AS: RapidHare68
   Player CID: 1557227329
[DEBUG] RECV: /service/player message
[DEBUG] RECV: /meta/connect 
[DEBUG] RECV: /service/player message
[DEBUG] RECV: /meta/connect 
[DEBUG] RECV: /service/player message
[DEBUG] RECV: /meta/connect 
[DEBUG] RECV: /service/player message
[DEBUG] RECV: /meta/connect 
[DEBUG] RECV: /service/player message
[DEBUG] RECV: /meta/connect 
[DEBUG] RECV: /service/player message
[DEBUG] RECV: /meta/connect 
[DEBUG] RECV: /service/player message
[DEBUG] RECV: /meta/connect 
[DEBUG] RECV: /service/player message
[DEBUG] RECV: /meta/connect 
[DEBUG] RECV: /service/player message
[DEBUG] RECV: /meta/connect 
[DEBUG] RECV: /service/player message
[DEBUG] RECV: /meta/connect 
[DEBUG] RECV: /service/player message
[DEBUG] RECV: /meta/connect 
[DEBUG] RECV: /service/status status
[DEBUG] RECV: /meta/connect 
