
=== Kahoot Auto-Join ===
Game PIN: 5732350
Player: yousuck62-re1

[1/3] Getting session token...
[DEBUG] Session token (raw): cmAFBQo8elghHGBEfnBVXkEzUAdeW19YN2hZFk8KSFRWMQgnB0FPWQ8JDAlrcHdeVFQKIQxeX1toJCdeTkQUbgknFW8FAkEsDwEMcQhxZ1QmWhsWAwhOAGJGblxeFQUq
[DEBUG] Session token length: 128
[DEBUG] Base64 decoded length: 96
   ✓ Got session token
[2/3] Decoding token...
[DEBUG] Challenge message length: 100
[DEBUG] Offset: 1096018560
[DEBUG] Decoded challenge length: 100
[DEBUG] Token bytes length: 96
[DEBUG] Final token length: 96
[DEBUG] Final token: 72569e47cd9891ec0e6a2399c64c949b7a7bf974ee2903155c8b889a2cac54c4fbd10c7a83b2b482e2ccbd7025439d5b
[DEBUG] Token: 72569e47cd9891ec0e6a2399c64c949b7a7bf974ee2903155c8b889a2cac54c4fbd10c7a83b2b482e2ccbd7025439d5b
   ✓ Token decoded (length: 96)
[3/3] Connecting...

[DEBUG] WebSocket URL: wss://kahoot.it/cometd/5732350/72569e47cd9891ec0e6a2399c64c949b7a7bf974ee2903155c8b889a2cac54c4fbd10c7a83b2b482e2ccbd7025439d5b
✓ Connected to WebSocket
[DEBUG] SEND handshake
[DEBUG] RECV: /meta/handshake 
✓ Handshake OK, clientId: bzmt2bb7jc1k3s391wx2iarpb6taj
[DEBUG] SEND connect (first)
[DEBUG] RECV: /meta/connect 
[DEBUG] SEND connect (second)
[DEBUG] SEND login yousuck62-re1
[DEBUG] RECV: /service/controller loginResponse
✓ Login successful! CID: 749132720
[DEBUG] SEND namerator message

=== SUCCESS ===
Listening for game events... (Ctrl+C to exit)

[DEBUG] RECV: /meta/connect 
[DEBUG] RECV: /service/controller 
[DEBUG] RECV: /service/controller 
[DEBUG] RECV: /service/status status
✓ Game is ACTIVE
[DEBUG] RECV: /service/player message

🎉 JOINED AS: WittySloth71
   Player CID: 749132720
[DEBUG] RECV: /service/player message
[DEBUG] RECV: /service/player message
[DEBUG] RECV: /meta/connect 
[DEBUG] RECV: /service/player message
[DEBUG] RECV: /meta/connect 
[DEBUG] RECV: /service/player message
[DEBUG] RECV: /meta/connect 
[DEBUG] RECV: /service/status status
[DEBUG] RECV: /meta/connect 
