
=== Kahoot Auto-Join ===
Game PIN: 4969059
Player: yousuck72-i6z

[1/3] Getting session token...
[DEBUG] Session token (raw): PCFSVGIGVmEURloFChQfBHZDdTJ3dw0NARgncm8wZgYBCCdpX1IUWApdQlkOPlRvcGIAckByVmdDFU5xDHlqQXUuZHQ9cVYYViknZmxsRVQ1eyBEYmoaWgQEVDZTFgoU
[DEBUG] Session token length: 128
[DEBUG] Base64 decoded length: 96
   ✓ Got session token
[2/3] Decoding token...
[DEBUG] Challenge message length: 100
[DEBUG] Offset: 142057500
[DEBUG] Decoded challenge length: 100
[DEBUG] Token bytes length: 96
[DEBUG] Final token length: 96
[DEBUG] Final token: bff98bc6f6b75be2003e7506cbb31d5f25c77ff43b1d3d23223389390a2072128f76c33a8bd03233c3e721ce64df3bda
[DEBUG] Token: bff98bc6f6b75be2003e7506cbb31d5f25c77ff43b1d3d23223389390a2072128f76c33a8bd03233c3e721ce64df3bda
   ✓ Token decoded (length: 96)
[3/3] Connecting...

[DEBUG] WebSocket URL: wss://kahoot.it/cometd/4969059/bff98bc6f6b75be2003e7506cbb31d5f25c77ff43b1d3d23223389390a2072128f76c33a8bd03233c3e721ce64df3bda
✓ Connected to WebSocket
[DEBUG] SEND handshake
[DEBUG] RECV: /meta/handshake 
✓ Handshake OK, clientId: buqajbuzkd5w4k9qrsramcpnlzo1
[DEBUG] SEND connect (first)
[DEBUG] RECV: /meta/connect 
[DEBUG] SEND connect (second)
[DEBUG] SEND login yousuck72-i6z
[DEBUG] RECV: /service/controller loginResponse
✓ Login successful! CID: 1777534628
[DEBUG] SEND namerator message

=== SUCCESS ===
Listening for game events... (Ctrl+C to exit)

[DEBUG] RECV: /meta/connect 
[DEBUG] RECV: /service/controller 
[DEBUG] RECV: /service/controller 
[DEBUG] RECV: /service/status status
✓ Game is ACTIVE
[DEBUG] RECV: /service/player message

🎉 JOINED AS: ElatedRaven67
   Player CID: 1777534628
[DEBUG] RECV: /service/player message
[DEBUG] RECV: /service/player message
[DEBUG] RECV: /service/player message
[DEBUG] RECV: /service/player message
[DEBUG] RECV: /meta/connect 
[DEBUG] RECV: /service/status status
[DEBUG] RECV: /meta/connect 
