
=== Kahoot Auto-Join ===
Game PIN: 5114254
Player: yousuck472-2xk

[1/3] Getting session token...
[DEBUG] Session token (raw): UgNfBmhVTlgAUnUOXGEpTGJXeUoRdWAFYAEEMVpZXlRacTNCAWgtUwktFSdeeQB/UlsjHhQ0UTdfWWVRblIjXFhuZGEFWFoEaSoxaVxTfyJHZzEFCH5QYFlvJUEVDWJV
[DEBUG] Session token length: 128
[DEBUG] Base64 decoded length: 96
   ✓ Got session token
[2/3] Decoding token...
[DEBUG] Challenge message length: 100
[DEBUG] Offset: 336106
[DEBUG] Decoded challenge length: 100
[DEBUG] Token bytes length: 96
[DEBUG] Final token length: 96
[DEBUG] Final token: c4266681e29f93d56006e32330ec37b5a6c597f15cbb60a999cecb6e6b829ff57163b0b44cf65b7f17ed795012e6df67
[DEBUG] Token: c4266681e29f93d56006e32330ec37b5a6c597f15cbb60a999cecb6e6b829ff57163b0b44cf65b7f17ed795012e6df67
   ✓ Token decoded (length: 96)
[3/3] Connecting...

[DEBUG] WebSocket URL: wss://kahoot.it/cometd/5114254/c4266681e29f93d56006e32330ec37b5a6c597f15cbb60a999cecb6e6b829ff57163b0b44cf65b7f17ed795012e6df67
✓ Connected to WebSocket
[DEBUG] SEND handshake
[DEBUG] RECV: /meta/handshake 
✓ Handshake OK, clientId: bxsf9bx2gpde9sa5t4aauk1y3pby
[DEBUG] SEND connect (first)
[DEBUG] RECV: /meta/connect 
[DEBUG] SEND connect (second)
[DEBUG] SEND login yousuck472-2xk
[DEBUG] RECV: /service/controller loginResponse
✓ Login successful! CID: 317531350
[DEBUG] SEND namerator message

=== SUCCESS ===
Listening for game events... (Ctrl+C to exit)

[DEBUG] RECV: /meta/connect 
[DEBUG] RECV: /service/controller 
[DEBUG] RECV: /service/controller 
[DEBUG] RECV: /service/status status
✓ Game is ACTIVE
[DEBUG] RECV: /service/player message

🎉 JOINED AS: CuteLeopard23
   Player CID: 317531350
[DEBUG] RECV: /service/player message
[DEBUG] RECV: /meta/connect 
[DEBUG] RECV: /service/player message
[DEBUG] RECV: /meta/connect 
[DEBUG] RECV: /service/player message
[DEBUG] RECV: /meta/connect 
[DEBUG] RECV: /service/player message
[DEBUG] RECV: /meta/connect 
[DEBUG] RECV: /service/player message
[DEBUG] RECV: /meta/connect 
[DEBUG] RECV: /service/player message
[DEBUG] RECV: /meta/connect 
[DEBUG] RECV: /service/player message
[DEBUG] RECV: /meta/connect 
[DEBUG] RECV: /service/status status
[DEBUG] RECV: /meta/connect 
