
=== Kahoot Auto-Join ===
Game PIN: 5814465
Player: yousuck19-ipq

[1/3] Getting session token...
[DEBUG] Session token (raw): M1F/LwBTNAx1Qw5KKwN5UA9MOFhINAVWagELVmICRFJdQlI6bGZTMVNZaGBVZA1mCwtOAWlrXD9ZHwxTAVgfBFlBYW9zHWxSBC4ICwNod2NIXAIRL3AENwZxHzJXEWgr
[DEBUG] Session token length: 128
[DEBUG] Base64 decoded length: 96
   ✓ Got session token
[2/3] Decoding token...
[DEBUG] Challenge message length: 100
[DEBUG] Offset: 739233
[DEBUG] Decoded challenge length: 100
[DEBUG] Token bytes length: 96
[DEBUG] Final token length: 96
[DEBUG] Final token: b42d9ec99228ac3065bc4e5d79ef3137500b01ef6a71e6771f44823c4d1346fb21025e4e5c798908190ee38ca1dc8e8c
[DEBUG] Token: b42d9ec99228ac3065bc4e5d79ef3137500b01ef6a71e6771f44823c4d1346fb21025e4e5c798908190ee38ca1dc8e8c
   ✓ Token decoded (length: 96)
[3/3] Connecting...

[DEBUG] WebSocket URL: wss://kahoot.it/cometd/5814465/b42d9ec99228ac3065bc4e5d79ef3137500b01ef6a71e6771f44823c4d1346fb21025e4e5c798908190ee38ca1dc8e8c
✓ Connected to WebSocket
[DEBUG] SEND handshake
[DEBUG] RECV: /meta/handshake 
✓ Handshake OK, clientId: 92r61mmqmtogkd1k211codlsqzmvkf
[DEBUG] SEND connect (first)
[DEBUG] RECV: /meta/connect 
[DEBUG] SEND connect (second)
[DEBUG] SEND login yousuck19-ipq
[DEBUG] RECV: /service/controller loginResponse
✓ Login successful! CID: 1728424539
[DEBUG] SEND namerator message

=== SUCCESS ===
Listening for game events... (Ctrl+C to exit)

[DEBUG] RECV: /meta/connect 
[DEBUG] RECV: /service/controller 
[DEBUG] RECV: /service/controller 
[DEBUG] RECV: /meta/connect 
[DEBUG] RECV: /meta/connect 
[DEBUG] RECV: /meta/connect 
[DEBUG] RECV: /meta/connect 
[DEBUG] RECV: /meta/connect 
[DEBUG] RECV: /meta/connect 
[DEBUG] RECV: /meta/connect 
[DEBUG] RECV: /meta/connect 
[DEBUG] RECV: /meta/connect 
[DEBUG] RECV: /meta/connect 
[DEBUG] RECV: /meta/connect 
[DEBUG] RECV: /meta/connect 
[DEBUG] RECV: /meta/connect 
[DEBUG] RECV: /meta/connect 
[DEBUG] RECV: /meta/connect 
[DEBUG] RECV: /meta/connect 
[DEBUG] RECV: /meta/connect 
[DEBUG] RECV: /meta/connect 
[DEBUG] RECV: /meta/connect 
[DEBUG] RECV: /meta/connect 
[DEBUG] RECV: /meta/connect 
[DEBUG] RECV: /meta/connect 
[DEBUG] RECV: /meta/connect 
[DEBUG] RECV: /meta/connect 
[DEBUG] RECV: /meta/connect 
[DEBUG] RECV: /meta/connect 
[DEBUG] RECV: /meta/connect 
