
=== Kahoot Auto-Join ===
Game PIN: 5732350
Player: yousuck29-9ov

[1/3] Getting session token...
[DEBUG] Session token (raw): MmsnR1I5VF4PbjUwDlxTDG1FEUtiNF5YVTVXKQZ+aCYRX0AOInE7Vl4MC1FrZnkxDmxSQlpZGVVueV5bTnMHAWpJdUtYJTsKd1VeeGVmNi0NLDNYNWdLEgMZBQgEFSIR
[DEBUG] Session token length: 128
[DEBUG] Base64 decoded length: 96
   ✓ Got session token
[2/3] Decoding token...
[DEBUG] Challenge message length: 100
[DEBUG] Offset: 5960911
[DEBUG] Decoded challenge length: 100
[DEBUG] Token bytes length: 96
[DEBUG] Final token length: 96
[DEBUG] Final token: c8b26f78c2aa49f104c17ee9ec3e380ed892e4d7fdf0774b1455a8ae191e726489386fd1643937caaba5d88c3ea45cbe
[DEBUG] Token: c8b26f78c2aa49f104c17ee9ec3e380ed892e4d7fdf0774b1455a8ae191e726489386fd1643937caaba5d88c3ea45cbe
   ✓ Token decoded (length: 96)
[3/3] Connecting...

[DEBUG] WebSocket URL: wss://kahoot.it/cometd/5732350/c8b26f78c2aa49f104c17ee9ec3e380ed892e4d7fdf0774b1455a8ae191e726489386fd1643937caaba5d88c3ea45cbe
✓ Connected to WebSocket
[DEBUG] SEND handshake
[DEBUG] RECV: /meta/handshake 
✓ Handshake OK, clientId: bzqu1xwupriocsy7h9mk20y38nrcr
[DEBUG] SEND connect (first)
[DEBUG] RECV: /meta/connect 
[DEBUG] SEND connect (second)
[DEBUG] SEND login yousuck29-9ov
[DEBUG] RECV: /service/controller loginResponse
✓ Login successful! CID: 210156711
[DEBUG] SEND namerator message

=== SUCCESS ===
Listening for game events... (Ctrl+C to exit)

[DEBUG] RECV: /meta/connect 
[DEBUG] RECV: /service/controller 
[DEBUG] RECV: /service/controller 
[DEBUG] RECV: /service/status status
✓ Game is ACTIVE
[DEBUG] RECV: /service/player message
[DEBUG] RECV: /service/player message

🎉 JOINED AS: DiplomatBison85
   Player CID: 210156711
[DEBUG] RECV: /service/player message
[DEBUG] RECV: /meta/connect 
[DEBUG] RECV: /service/status status
[DEBUG] RECV: /meta/connect 
