
=== Kahoot Auto-Join ===
Game PIN: 5114254
Player: yousuck288-sbl

[1/3] Getting session token...
[DEBUG] Session token (raw): VR9/YlVWSlFaZwEsXQgpd2IANGVJb11HVwRwGlcvXj1gdEIDeAoEe0B/BjVcRwBQQA1YX1hSD3JfbRwBAENjYHN1ewcgU1BgRGsQVFYGUFE2Sj8lBz8NYF19BAoDAkFT
[DEBUG] Session token length: 128
[DEBUG] Base64 decoded length: 96
   ✓ Got session token
[2/3] Decoding token...
[DEBUG] Challenge message length: 100
[DEBUG] Offset: 294840
[DEBUG] Decoded challenge length: 100
[DEBUG] Token bytes length: 96
[DEBUG] Final token length: 96
[DEBUG] Final token: bc009d99e01ab0e51cb205322d7a6aca76740d61538d26e94314fb7074fb69031192d08256f321bfd3db7a49304e5f66
[DEBUG] Token: bc009d99e01ab0e51cb205322d7a6aca76740d61538d26e94314fb7074fb69031192d08256f321bfd3db7a49304e5f66
   ✓ Token decoded (length: 96)
[3/3] Connecting...

[DEBUG] WebSocket URL: wss://kahoot.it/cometd/5114254/bc009d99e01ab0e51cb205322d7a6aca76740d61538d26e94314fb7074fb69031192d08256f321bfd3db7a49304e5f66
✓ Connected to WebSocket
[DEBUG] SEND handshake
[DEBUG] RECV: /meta/handshake 
✓ Handshake OK, clientId: bxna32x5hiuvgbtx53s2dbxc5s60
[DEBUG] SEND connect (first)
[DEBUG] RECV: /meta/connect 
[DEBUG] SEND connect (second)
[DEBUG] SEND login yousuck288-sbl
[DEBUG] RECV: /service/controller loginResponse
✓ Login successful! CID: 2056703064
[DEBUG] SEND namerator message

=== SUCCESS ===
Listening for game events... (Ctrl+C to exit)

[DEBUG] RECV: /meta/connect 
[DEBUG] RECV: /service/controller 
[DEBUG] RECV: /service/controller 
[DEBUG] RECV: /service/status status
✓ Game is ACTIVE
[DEBUG] RECV: /service/player message

🎉 JOINED AS: WisePuffin15
   Player CID: 2056703064
[DEBUG] RECV: /service/player message
[DEBUG] RECV: /meta/connect 
[DEBUG] RECV: /service/player message
[DEBUG] RECV: /meta/connect 
[DEBUG] RECV: /service/player message
[DEBUG] RECV: /meta/connect 
[DEBUG] RECV: /service/player message
[DEBUG] RECV: /meta/connect 
[DEBUG] RECV: /service/player message
[DEBUG] RECV: /meta/connect 
[DEBUG] RECV: /service/player message
[DEBUG] RECV: /meta/connect 
[DEBUG] RECV: /service/player message
[DEBUG] RECV: /meta/connect 
[DEBUG] RECV: /service/player message
[DEBUG] RECV: /meta/connect 
[DEBUG] RECV: /service/player message
[DEBUG] RECV: /meta/connect 
[DEBUG] RECV: /service/status status
[DEBUG] RECV: /meta/connect 
