
=== Kahoot Auto-Join ===
Game PIN: 5814465
Player: yousuck79-gt3

[1/3] Getting session token...
[DEBUG] Session token (raw): c2wMcRRZNw9PUGkpX2pIejgIUV8OIldEYlEhdBFhAw1yO3cFI2tdWVgPDzdMb1VBC1d7EQZdaXYHUV1LK1tCFAgkKngpXg9FYFk1Wg1xfT45XkBCeXI+D3FCBmQPD3hU
[DEBUG] Session token length: 128
[DEBUG] Base64 decoded length: 96
   ✓ Got session token
[2/3] Decoding token...
[DEBUG] Challenge message length: 100
[DEBUG] Offset: 366694
[DEBUG] Decoded challenge length: 100
[DEBUG] Token bytes length: 96
[DEBUG] Final token length: 96
[DEBUG] Final token: 7579ead96b9fc046f11e0f2432f9d77d7a93e190ebad77c0071b5e521bf3ca1a5de6aa2405cbf55dcc4227d556a69a54
[DEBUG] Token: 7579ead96b9fc046f11e0f2432f9d77d7a93e190ebad77c0071b5e521bf3ca1a5de6aa2405cbf55dcc4227d556a69a54
   ✓ Token decoded (length: 96)
[3/3] Connecting...

[DEBUG] WebSocket URL: wss://kahoot.it/cometd/5814465/7579ead96b9fc046f11e0f2432f9d77d7a93e190ebad77c0071b5e521bf3ca1a5de6aa2405cbf55dcc4227d556a69a54
✓ Connected to WebSocket
[DEBUG] SEND handshake
[DEBUG] RECV: /meta/handshake 
✓ Handshake OK, clientId: 92sg16s4lowjmibw81wt982cnrxm0b
[DEBUG] SEND connect (first)
[DEBUG] RECV: /meta/connect 
[DEBUG] SEND connect (second)
[DEBUG] SEND login yousuck79-gt3
[DEBUG] RECV: /service/status status
[DEBUG] RECV: /meta/connect 
[DEBUG] RECV: /service/controller 

⚠ Timeout - check if name appears in Kahoot lobby
[DEBUG] WebSocket closed: 1005

=== FAILED ===
Error: Connection closed (1005)
