
=== Kahoot Auto-Join ===
Game PIN: 4969059
Player: yousuck63-hni

[1/3] Getting session token...
[DEBUG] Session token (raw): AwEBBFVkUDRCX0EDfyozPl4BdC1IfThBZ25xelkrUycmbV4RMkkFem1dbwBUQhUZeSEfC3sDcyNXAlFWUmURDwB2aioqZQASVWAECwINblx9fF1VCzY8BgJiE0JYRwcV
[DEBUG] Session token length: 128
[DEBUG] Base64 decoded length: 96
   ✓ Got session token
[2/3] Decoding token...
[DEBUG] Challenge message length: 100
[DEBUG] Offset: 513216
[DEBUG] Decoded challenge length: 100
[DEBUG] Token bytes length: 96
[DEBUG] Final token length: 96
[DEBUG] Final token: 89bd385d95283cdde69c24d01194bfdfa1dba041528037cb6cf5441ec22ba7cc936ea2ec5219068313630afce8f8577e
[DEBUG] Token: 89bd385d95283cdde69c24d01194bfdfa1dba041528037cb6cf5441ec22ba7cc936ea2ec5219068313630afce8f8577e
   ✓ Token decoded (length: 96)
[3/3] Connecting...

[DEBUG] WebSocket URL: wss://kahoot.it/cometd/4969059/89bd385d95283cdde69c24d01194bfdfa1dba041528037cb6cf5441ec22ba7cc936ea2ec5219068313630afce8f8577e
✓ Connected to WebSocket
[DEBUG] SEND handshake
[DEBUG] RECV: /meta/handshake 
✓ Handshake OK, clientId: bupvbcjkxzuwirjl1ehzq4n3mgvnx
[DEBUG] SEND connect (first)
[DEBUG] RECV: /meta/connect 
[DEBUG] SEND connect (second)
[DEBUG] SEND login yousuck63-hni
[DEBUG] RECV: /service/controller loginResponse
✓ Login successful! CID: 1001208400
[DEBUG] SEND namerator message

=== SUCCESS ===
Listening for game events... (Ctrl+C to exit)

[DEBUG] RECV: /meta/connect 
[DEBUG] RECV: /service/controller 
[DEBUG] RECV: /service/controller 
[DEBUG] RECV: /service/status status
✓ Game is ACTIVE
[DEBUG] RECV: /service/player message

🎉 JOINED AS: HappySphinx60
   Player CID: 1001208400
[DEBUG] RECV: /service/player message
[DEBUG] RECV: /service/player message
[DEBUG] RECV: /service/player message
[DEBUG] RECV: /service/player message
[DEBUG] RECV: /service/player message
[DEBUG] RECV: /service/player message
[DEBUG] RECV: /meta/connect 
[DEBUG] RECV: /service/status status
[DEBUG] RECV: /meta/connect 
