
=== Kahoot Auto-Join ===
Game PIN: 5114254
Player: yousuck80-68s

[1/3] Getting session token...
[DEBUG] Session token (raw): TSgDWVwPd1QAeF1NPnoPen0KCz4TT3k2VHw/cT1dBDx3cVYYLVhRT3gNCGwZWgtxQRlpMVtIBENWBSF9c1gUaRRqSWQjSiJdXAJMBmlMcWcpJzRnPmdTRUp1W3kVfm1v
[DEBUG] Session token length: 128
[DEBUG] Base64 decoded length: 96
   ✓ Got session token
[2/3] Decoding token...
[DEBUG] Challenge message length: 100
[DEBUG] Offset: 8930
[DEBUG] Decoded challenge length: 100
[DEBUG] Token bytes length: 96
[DEBUG] Final token length: 96
[DEBUG] Final token: 6e90d839b046d6b844bcc46f75f0b8dd550ce40581e7bc340b6b904804e430e1b490d1a94f536754ecd8f5f41083a125
[DEBUG] Token: 6e90d839b046d6b844bcc46f75f0b8dd550ce40581e7bc340b6b904804e430e1b490d1a94f536754ecd8f5f41083a125
   ✓ Token decoded (length: 96)
[3/3] Connecting...

[DEBUG] WebSocket URL: wss://kahoot.it/cometd/5114254/6e90d839b046d6b844bcc46f75f0b8dd550ce40581e7bc340b6b904804e430e1b490d1a94f536754ecd8f5f41083a125
✓ Connected to WebSocket
[DEBUG] SEND handshake
[DEBUG] RECV: /meta/handshake 
✓ Handshake OK, clientId: bxh81r6bjkiswcfd01vpy2yry5zwhi
[DEBUG] SEND connect (first)
[DEBUG] RECV: /meta/connect 
[DEBUG] SEND connect (second)
[DEBUG] SEND login yousuck80-68s
[DEBUG] RECV: /service/controller loginResponse
✓ Login successful! CID: 1073598489
[DEBUG] SEND namerator message

=== SUCCESS ===
Listening for game events... (Ctrl+C to exit)

[DEBUG] RECV: /meta/connect 
[DEBUG] RECV: /service/controller 
[DEBUG] RECV: /service/controller 
[DEBUG] RECV: /service/status status
✓ Game is ACTIVE
[DEBUG] RECV: /service/player message

🎉 JOINED AS: ChampionCrab76
   Player CID: 1073598489
[DEBUG] RECV: /service/player message
[DEBUG] RECV: /service/player message
[DEBUG] RECV: /service/player message
[DEBUG] RECV: /meta/connect 
[DEBUG] RECV: /service/player message
[DEBUG] RECV: /service/player message
[DEBUG] RECV: /service/player message
[DEBUG] RECV: /meta/connect 
[DEBUG] RECV: /service/player message
[DEBUG] RECV: /meta/connect 
[DEBUG] RECV: /service/player message
[DEBUG] RECV: /meta/connect 
[DEBUG] RECV: /service/player message
[DEBUG] RECV: /meta/connect 
[DEBUG] RECV: /service/player message
[DEBUG] RECV: /meta/connect 
[DEBUG] RECV: /service/player message
[DEBUG] RECV: /meta/connect 
[DEBUG] RECV: /service/player message
[DEBUG] RECV: /meta/connect 
[DEBUG] RECV: /service/player message
[DEBUG] RECV: /meta/connect 
[DEBUG] RECV: /service/player message
[DEBUG] RECV: /meta/connect 
[DEBUG] RECV: /service/player message
[DEBUG] RECV: /meta/connect 
[DEBUG] RECV: /service/player message
[DEBUG] RECV: /meta/connect 
[DEBUG] RECV: /service/player message
[DEBUG] RECV: /meta/connect 
[DEBUG] RECV: /service/status status
[DEBUG] RECV: /meta/connect 
