
=== Kahoot Auto-Join ===
Game PIN: 4969059
Player: yousuck30-f3o

[1/3] Getting session token...
[DEBUG] Session token (raw): H0FdJWgJQjQwWFxpV3JYKA9aCA16J3w+S1FCGHEWDWkMOHAGKmVvGHBlOQ4tIwV2b0JhfR1sBmwLYmBMcFwBW0NCaTI4IWhWUH5hI0JNRjRIJQlcOlAHAXVUAx41enFS
[DEBUG] Session token length: 128
[DEBUG] Base64 decoded length: 96
   ✓ Got session token
[2/3] Decoding token...
[DEBUG] Challenge message length: 100
[DEBUG] Offset: 198504
[DEBUG] Decoded challenge length: 100
[DEBUG] Token bytes length: 96
[DEBUG] Final token length: 96
[DEBUG] Final token: d16f0d1ec1f3c45ae0f79d8d0f0a2b519b83c10c47fbbbc97952a2a6f4280d46923cbf76198c266e0d4de24a169ec33f
[DEBUG] Token: d16f0d1ec1f3c45ae0f79d8d0f0a2b519b83c10c47fbbbc97952a2a6f4280d46923cbf76198c266e0d4de24a169ec33f
   ✓ Token decoded (length: 96)
[3/3] Connecting...

[DEBUG] WebSocket URL: wss://kahoot.it/cometd/4969059/d16f0d1ec1f3c45ae0f79d8d0f0a2b519b83c10c47fbbbc97952a2a6f4280d46923cbf76198c266e0d4de24a169ec33f
✓ Connected to WebSocket
[DEBUG] SEND handshake
[DEBUG] RECV: /meta/handshake 
✓ Handshake OK, clientId: buovxtlam80p5z0t8kiclx45os6s
[DEBUG] SEND connect (first)
[DEBUG] RECV: /meta/connect 
[DEBUG] SEND connect (second)
[DEBUG] SEND login yousuck30-f3o
[DEBUG] RECV: /service/controller loginResponse
✓ Login successful! CID: 631288960
[DEBUG] SEND namerator message

=== SUCCESS ===
Listening for game events... (Ctrl+C to exit)

[DEBUG] RECV: /meta/connect 
[DEBUG] RECV: /service/controller 
[DEBUG] RECV: /service/controller 
[DEBUG] RECV: /service/status status
✓ Game is ACTIVE
[DEBUG] RECV: /service/player message

🎉 JOINED AS: NobleGriffin61
   Player CID: 631288960
[DEBUG] RECV: /service/player message
[DEBUG] RECV: /service/player message
[DEBUG] RECV: /service/player message
[DEBUG] RECV: /service/player message
[DEBUG] RECV: /meta/connect 
[DEBUG] RECV: /service/player message
[DEBUG] RECV: /service/player message
[DEBUG] RECV: /meta/connect 
[DEBUG] RECV: /service/player message
[DEBUG] RECV: /service/player message
[DEBUG] RECV: /service/player message
[DEBUG] RECV: /meta/connect 
[DEBUG] RECV: /service/status status
[DEBUG] RECV: /meta/connect 
