
=== Kahoot Auto-Join ===
Game PIN: 5114254
Player: yousuck175-ui2

[1/3] Getting session token...
[DEBUG] Session token (raw): BBU4TTFdRlApVS1aSFtWNA8iDVhfEUQtdRAyewolPkUIAFRldQ0KDWcTcDNWBQ5KDDYZcXxHDzdmC08NRVcCY0RINggKRwwICz00e31XfzZRVyNeXFdVY0IFEBhsPARx
[DEBUG] Session token length: 128
[DEBUG] Base64 decoded length: 96
   ✓ Got session token
[2/3] Decoding token...
[DEBUG] Challenge message length: 100
[DEBUG] Offset: 3596520
[DEBUG] Decoded challenge length: 100
[DEBUG] Token bytes length: 96
[DEBUG] Final token length: 96
[DEBUG] Final token: 0ba7f555e5f1163f1d2bab2b3fc1fdd484f2672a2f9ebdd16fe770db154c426314cee58a3ab73c5c21aa065540eb9bc7
[DEBUG] Token: 0ba7f555e5f1163f1d2bab2b3fc1fdd484f2672a2f9ebdd16fe770db154c426314cee58a3ab73c5c21aa065540eb9bc7
   ✓ Token decoded (length: 96)
[3/3] Connecting...

[DEBUG] WebSocket URL: wss://kahoot.it/cometd/5114254/0ba7f555e5f1163f1d2bab2b3fc1fdd484f2672a2f9ebdd16fe770db154c426314cee58a3ab73c5c21aa065540eb9bc7
✓ Connected to WebSocket
[DEBUG] SEND handshake
[DEBUG] RECV: /meta/handshake 
✓ Handshake OK, clientId: bxk8r9x8eq5a60xqpnijm7j6amwt
[DEBUG] SEND connect (first)
[DEBUG] RECV: /meta/connect 
[DEBUG] SEND connect (second)
[DEBUG] SEND login yousuck175-ui2
[DEBUG] RECV: /service/controller loginResponse
✓ Login successful! CID: 1826707984
[DEBUG] SEND namerator message

=== SUCCESS ===
Listening for game events... (Ctrl+C to exit)

[DEBUG] RECV: /meta/connect 
[DEBUG] RECV: /service/controller 
[DEBUG] RECV: /service/controller 
[DEBUG] RECV: /service/status status
✓ Game is ACTIVE
[DEBUG] RECV: /service/player message

🎉 JOINED AS: DiligentEmu63
   Player CID: 1826707984
[DEBUG] RECV: /service/player message
[DEBUG] RECV: /service/player message
[DEBUG] RECV: /meta/connect 
[DEBUG] RECV: /service/player message
[DEBUG] RECV: /meta/connect 
[DEBUG] RECV: /service/player message
[DEBUG] RECV: /meta/connect 
[DEBUG] RECV: /service/player message
[DEBUG] RECV: /meta/connect 
[DEBUG] RECV: /service/player message
[DEBUG] RECV: /meta/connect 
[DEBUG] RECV: /service/player message
[DEBUG] RECV: /meta/connect 
[DEBUG] RECV: /service/player message
[DEBUG] RECV: /meta/connect 
[DEBUG] RECV: /service/player message
[DEBUG] RECV: /meta/connect 
[DEBUG] RECV: /service/player message
[DEBUG] RECV: /meta/connect 
[DEBUG] RECV: /service/player message
[DEBUG] RECV: /meta/connect 
[DEBUG] RECV: /service/player message
[DEBUG] RECV: /meta/connect 
[DEBUG] RECV: /service/status status
[DEBUG] RECV: /meta/connect 
