
=== Kahoot Auto-Join ===
Game PIN: 5814465
Player: yousuck72-yr3

[1/3] Getting session token...
[DEBUG] Session token (raw): KAQaDS1kD2h4MggJCnVcew9gfmsLVQA9VyFvbQQLHkUwFHhfUkIAQjRTVzdWc1sPcldtEGlARS8oe1ILYkp3BS1keGpEaXIMMmgBXzd7YwUITmBBZ21vMw9BWVAqVngc
[DEBUG] Session token length: 128
[DEBUG] Base64 decoded length: 96
   ✓ Got session token
[2/3] Decoding token...
[DEBUG] Challenge message length: 100
[DEBUG] Offset: 9331272
[DEBUG] Decoded challenge length: 100
[DEBUG] Token bytes length: 96
[DEBUG] Final token length: 96
[DEBUG] Final token: c4adb1310bce49a52882655e1b70dfb2bc3b2175c17cc65b799a780dc5ce6663f5364393f377b042b255576fc6a0d72e
[DEBUG] Token: c4adb1310bce49a52882655e1b70dfb2bc3b2175c17cc65b799a780dc5ce6663f5364393f377b042b255576fc6a0d72e
   ✓ Token decoded (length: 96)
[3/3] Connecting...

[DEBUG] WebSocket URL: wss://kahoot.it/cometd/5814465/c4adb1310bce49a52882655e1b70dfb2bc3b2175c17cc65b799a780dc5ce6663f5364393f377b042b255576fc6a0d72e
✓ Connected to WebSocket
[DEBUG] SEND handshake
[DEBUG] RECV: /meta/handshake 
✓ Handshake OK, clientId: 92t91v2ygwtzbmynafuewbry598od
[DEBUG] SEND connect (first)
[DEBUG] RECV: /meta/connect 
[DEBUG] SEND connect (second)
[DEBUG] SEND login yousuck72-yr3
[DEBUG] RECV: /service/status status
[DEBUG] RECV: /meta/connect 
[DEBUG] RECV: /service/controller 

⚠ Timeout - check if name appears in Kahoot lobby
[DEBUG] WebSocket closed: 1005

=== FAILED ===
Error: Connection closed (1005)
