
=== Kahoot Auto-Join ===
Game PIN: 5114254
Player: yousuck899-xi7

[1/3] Getting session token...
[DEBUG] Session token (raw): PXYNe2dPTlBQXh09Dk0YfF8+VHNPUQENXzkqQD48MgdhD2kzCmQIclRaCHAEWlt/d0pGUyZcXQ01BwN/eHFbVwt/BiFpeDJyZTRuFQ08O1U2emAVQmd3fk8xAmozcm1Y
[DEBUG] Session token length: 128
[DEBUG] Base64 decoded length: 96
   ✓ Got session token
[2/3] Decoding token...
[DEBUG] Challenge message length: 100
[DEBUG] Offset: 7971
[DEBUG] Decoded challenge length: 100
[DEBUG] Token bytes length: 96
[DEBUG] Final token length: 96
[DEBUG] Final token: e809188e19de98c47f25976c2fc1abb9889bd5d85fe13876211aa78cd0035281b71c73c18e7b5db6c79e67406ac5e037
[DEBUG] Token: e809188e19de98c47f25976c2fc1abb9889bd5d85fe13876211aa78cd0035281b71c73c18e7b5db6c79e67406ac5e037
   ✓ Token decoded (length: 96)
[3/3] Connecting...

[DEBUG] WebSocket URL: wss://kahoot.it/cometd/5114254/e809188e19de98c47f25976c2fc1abb9889bd5d85fe13876211aa78cd0035281b71c73c18e7b5db6c79e67406ac5e037
✓ Connected to WebSocket
[DEBUG] SEND handshake
[DEBUG] RECV: /meta/handshake 
✓ Handshake OK, clientId: by4f1ldsqricxgnk62o0srkzaay9j
[DEBUG] SEND connect (first)
[DEBUG] RECV: /meta/connect 
[DEBUG] SEND connect (second)
[DEBUG] SEND login yousuck899-xi7
[DEBUG] RECV: /service/controller loginResponse
✓ Login successful! CID: 1070609656
[DEBUG] SEND namerator message

=== SUCCESS ===
Listening for game events... (Ctrl+C to exit)

[DEBUG] RECV: /meta/connect 
[DEBUG] RECV: /service/controller 
[DEBUG] RECV: /service/controller 
[DEBUG] RECV: /service/status status
✓ Game is ACTIVE
[DEBUG] RECV: /service/player message

🎉 JOINED AS: SpeedyFinch73
   Player CID: 1070609656
[DEBUG] RECV: /service/player message
[DEBUG] RECV: /service/player message
[DEBUG] RECV: /meta/connect 
[DEBUG] RECV: /service/status status
[DEBUG] RECV: /meta/connect 
