
=== Kahoot Auto-Join ===
Game PIN: 5732350
Player: yousuck5-l8c

[1/3] Getting session token...
[DEBUG] Session token (raw): aAkrW3JZBHhnBHITTDc9Zy0NVz5lbl5bAAJcVFU4IGdZRXhXeQBDcStbVF49CzMHDGguCHFpZlBMT11uYhMLW1cBMFJGBQRVQQ4sClNjWX88CQ5VBzpUJnATH21XDWFe
[DEBUG] Session token length: 128
[DEBUG] Base64 decoded length: 96
   ✓ Got session token
[2/3] Decoding token...
[DEBUG] Challenge message length: 100
[DEBUG] Offset: 939510
[DEBUG] Decoded challenge length: 100
[DEBUG] Token bytes length: 96
[DEBUG] Final token length: 96
[DEBUG] Final token: 9cac0e82847a7ab3d20c66ebf62d3bb647110081f22ea0e1b9bb934788b42c8693a81bbf88f89201bd2aaebd6af23671
[DEBUG] Token: 9cac0e82847a7ab3d20c66ebf62d3bb647110081f22ea0e1b9bb934788b42c8693a81bbf88f89201bd2aaebd6af23671
   ✓ Token decoded (length: 96)
[3/3] Connecting...

[DEBUG] WebSocket URL: wss://kahoot.it/cometd/5732350/9cac0e82847a7ab3d20c66ebf62d3bb647110081f22ea0e1b9bb934788b42c8693a81bbf88f89201bd2aaebd6af23671
✓ Connected to WebSocket
[DEBUG] SEND handshake
[DEBUG] RECV: /meta/handshake 
✓ Handshake OK, clientId: bzo61aiy49i6989zv1dlzdcsk0fm6e
[DEBUG] SEND connect (first)
[DEBUG] RECV: /meta/connect 
[DEBUG] SEND connect (second)
[DEBUG] SEND login yousuck5-l8c
[DEBUG] RECV: /service/controller loginResponse
✓ Login successful! CID: 1465332105
[DEBUG] SEND namerator message

=== SUCCESS ===
Listening for game events... (Ctrl+C to exit)

[DEBUG] RECV: /meta/connect 
[DEBUG] RECV: /service/controller 
[DEBUG] RECV: /service/controller 
[DEBUG] RECV: /service/status status
✓ Game is ACTIVE
[DEBUG] RECV: /service/player message

🎉 JOINED AS: SturdyOwl56
   Player CID: 1465332105
[DEBUG] RECV: /service/player message
[DEBUG] RECV: /meta/connect 
[DEBUG] RECV: /service/player message
[DEBUG] RECV: /meta/connect 
[DEBUG] RECV: /service/player message
[DEBUG] RECV: /meta/connect 
[DEBUG] RECV: /service/status status
[DEBUG] RECV: /meta/connect 
