
=== Kahoot Auto-Join ===
Game PIN: 5114254
Player: yousuck91-o2t

[1/3] Getting session token...
[DEBUG] Session token (raw): U1B1YEBYRmsJWVQCPUwKBzsTQUMZXEFTC1gMa2pTFzUGbBdKfWIFbCdcBmYTXzVlHAdWS1IICgwLLQNAcHp0Wg9aYUNaDw47W2sGB1YCPQ5sQ31gWFZ4cHRYMFNtDjxl
[DEBUG] Session token length: 128
[DEBUG] Base64 decoded length: 96
   ✓ Got session token
[2/3] Decoding token...
[DEBUG] Challenge message length: 100
[DEBUG] Offset: 7370
[DEBUG] Decoded challenge length: 100
[DEBUG] Token bytes length: 96
[DEBUG] Final token length: 96
[DEBUG] Final token: 4b361a5984bea7dacc11a237d80183bc10e65705dd07a6d1e15384d7ed500784de09008db6bbdefb89578e572db49da4
[DEBUG] Token: 4b361a5984bea7dacc11a237d80183bc10e65705dd07a6d1e15384d7ed500784de09008db6bbdefb89578e572db49da4
   ✓ Token decoded (length: 96)
[3/3] Connecting...

[DEBUG] WebSocket URL: wss://kahoot.it/cometd/5114254/4b361a5984bea7dacc11a237d80183bc10e65705dd07a6d1e15384d7ed500784de09008db6bbdefb89578e572db49da4
✓ Connected to WebSocket
[DEBUG] SEND handshake
[DEBUG] RECV: /meta/handshake 
✓ Handshake OK, clientId: bxhm9rpkoz4iublbn14p4ud67l3b
[DEBUG] SEND connect (first)
[DEBUG] RECV: /meta/connect 
[DEBUG] SEND connect (second)
[DEBUG] SEND login yousuck91-o2t
[DEBUG] RECV: /service/controller loginResponse
✓ Login successful! CID: 881612091
[DEBUG] SEND namerator message

=== SUCCESS ===
Listening for game events... (Ctrl+C to exit)

[DEBUG] RECV: /meta/connect 
[DEBUG] RECV: /service/controller 
[DEBUG] RECV: /service/controller 
[DEBUG] RECV: /service/status status
✓ Game is ACTIVE
[DEBUG] RECV: /service/player message

🎉 JOINED AS: DazzledChicken40
   Player CID: 881612091
[DEBUG] RECV: /service/player message
[DEBUG] RECV: /service/player message
[DEBUG] RECV: /service/player message
[DEBUG] RECV: /service/player message
[DEBUG] RECV: /service/player message
[DEBUG] RECV: /meta/connect 
[DEBUG] RECV: /service/player message
[DEBUG] RECV: /meta/connect 
[DEBUG] RECV: /service/player message
[DEBUG] RECV: /meta/connect 
[DEBUG] RECV: /service/player message
[DEBUG] RECV: /meta/connect 
[DEBUG] RECV: /service/player message
[DEBUG] RECV: /meta/connect 
[DEBUG] RECV: /service/player message
[DEBUG] RECV: /meta/connect 
[DEBUG] RECV: /service/player message
[DEBUG] RECV: /meta/connect 
[DEBUG] RECV: /service/player message
[DEBUG] RECV: /meta/connect 
[DEBUG] RECV: /service/player message
[DEBUG] RECV: /meta/connect 
[DEBUG] RECV: /service/player message
[DEBUG] RECV: /meta/connect 
[DEBUG] RECV: /service/player message
[DEBUG] RECV: /meta/connect 
[DEBUG] RECV: /service/player message
[DEBUG] RECV: /meta/connect 
[DEBUG] RECV: /service/status status
[DEBUG] RECV: /meta/connect 
