
=== Kahoot Auto-Join ===
Game PIN: 5732350
Player: yousuck48-wlk

[1/3] Getting session token...
[DEBUG] Session token (raw): ZW1gIDpGA15fZ0UpW15UdwNWK3gLAX99BDtRQlgCGGZUeVAPQn9iBVJMX1wxVghbQFVzZlg1VylFUUM6JFACX2gQDHNJWntpXnEbOCdkeWZgImVvDlhPSgpxbRBeJWEo
[DEBUG] Session token length: 128
[DEBUG] Base64 decoded length: 96
   ✓ Got session token
[2/3] Decoding token...
[DEBUG] Challenge message length: 100
[DEBUG] Offset: 231420
[DEBUG] Decoded challenge length: 100
[DEBUG] Token bytes length: 96
[DEBUG] Final token length: 96
[DEBUG] Final token: 663bc4d1787a89d2bdc9f6739b020ad261c87129b000b01e7e692efa393cfea04de99a7924caa7520a619d51c16f1f8d
[DEBUG] Token: 663bc4d1787a89d2bdc9f6739b020ad261c87129b000b01e7e692efa393cfea04de99a7924caa7520a619d51c16f1f8d
   ✓ Token decoded (length: 96)
[3/3] Connecting...

[DEBUG] WebSocket URL: wss://kahoot.it/cometd/5732350/663bc4d1787a89d2bdc9f6739b020ad261c87129b000b01e7e692efa393cfea04de99a7924caa7520a619d51c16f1f8d
✓ Connected to WebSocket
[DEBUG] SEND handshake
[DEBUG] RECV: /meta/handshake 
✓ Handshake OK, clientId: bzjlh90ce7qsg1kgclow0uaud9ka
[DEBUG] SEND connect (first)
[DEBUG] RECV: /meta/connect 
[DEBUG] SEND connect (second)
[DEBUG] SEND login yousuck48-wlk
[DEBUG] RECV: /service/controller loginResponse
✓ Login successful! CID: 1444485176
[DEBUG] SEND namerator message

=== SUCCESS ===
Listening for game events... (Ctrl+C to exit)

[DEBUG] RECV: /meta/connect 
[DEBUG] RECV: /service/controller 
[DEBUG] RECV: /service/controller 
[DEBUG] RECV: /service/status status
✓ Game is ACTIVE
[DEBUG] RECV: /service/player message

🎉 JOINED AS: AquaticSphinx98
   Player CID: 1444485176
[DEBUG] RECV: /service/player message
[DEBUG] RECV: /service/player message
[DEBUG] RECV: /meta/connect 
[DEBUG] RECV: /service/player message
[DEBUG] RECV: /service/player message
[DEBUG] RECV: /meta/connect 
[DEBUG] RECV: /service/player message
[DEBUG] RECV: /service/player message
[DEBUG] RECV: /service/player message
[DEBUG] RECV: /meta/connect 
[DEBUG] RECV: /service/player message
[DEBUG] RECV: /meta/connect 
[DEBUG] RECV: /service/player message
[DEBUG] RECV: /meta/connect 
[DEBUG] RECV: /service/player message
[DEBUG] RECV: /meta/connect 
[DEBUG] RECV: /service/player message
[DEBUG] RECV: /meta/connect 
[DEBUG] RECV: /service/status status
[DEBUG] RECV: /meta/connect 
