
=== Kahoot Auto-Join ===
Game PIN: 5114254
Player: yousuck355-gnd

[1/3] Getting session token...
[DEBUG] Session token (raw): ZzA5ISZSPhcPYlhTLFhQRFYyKVwSbXNZWApiZV54VwIzUgwoX1JjKTp8f0JjPW9AAlo1HSY7YwN1NFEMXFkDIQQ1DHdeQjwKZw53OFppYRZ/OgtQQVlYDyALTBhjZkVf
[DEBUG] Session token length: 128
[DEBUG] Base64 decoded length: 96
   ✓ Got session token
[2/3] Decoding token...
[DEBUG] Challenge message length: 100
[DEBUG] Offset: 301796
[DEBUG] Decoded challenge length: 100
[DEBUG] Token bytes length: 96
[DEBUG] Final token length: 96
[DEBUG] Final token: 6fdbddcce76cad675fbbe2551e993323cbfbd83bc3512e73fffdea186d4af73b2c75b0c16d3a189d3bb759a0ff5c314e
[DEBUG] Token: 6fdbddcce76cad675fbbe2551e993323cbfbd83bc3512e73fffdea186d4af73b2c75b0c16d3a189d3bb759a0ff5c314e
   ✓ Token decoded (length: 96)
[3/3] Connecting...

[DEBUG] WebSocket URL: wss://kahoot.it/cometd/5114254/6fdbddcce76cad675fbbe2551e993323cbfbd83bc3512e73fffdea186d4af73b2c75b0c16d3a189d3bb759a0ff5c314e
✓ Connected to WebSocket
[DEBUG] SEND handshake
[DEBUG] RECV: /meta/handshake 
✓ Handshake OK, clientId: bxp4qac85g84jwja1wmpl0gp06vcv
[DEBUG] SEND connect (first)
[DEBUG] RECV: /meta/connect 
[DEBUG] SEND connect (second)
[DEBUG] SEND login yousuck355-gnd
[DEBUG] RECV: /service/controller loginResponse
✓ Login successful! CID: 179958621
[DEBUG] SEND namerator message

=== SUCCESS ===
Listening for game events... (Ctrl+C to exit)

[DEBUG] RECV: /meta/connect 
[DEBUG] RECV: /service/controller 
[DEBUG] RECV: /service/controller 
[DEBUG] RECV: /service/status status
✓ Game is ACTIVE
[DEBUG] RECV: /service/player message

🎉 JOINED AS: QuickGnu39
   Player CID: 179958621
[DEBUG] RECV: /service/player message
[DEBUG] RECV: /meta/connect 
[DEBUG] RECV: /service/player message
[DEBUG] RECV: /meta/connect 
[DEBUG] RECV: /service/player message
[DEBUG] RECV: /meta/connect 
[DEBUG] RECV: /service/player message
[DEBUG] RECV: /meta/connect 
[DEBUG] RECV: /service/player message
[DEBUG] RECV: /meta/connect 
[DEBUG] RECV: /service/player message
[DEBUG] RECV: /meta/connect 
[DEBUG] RECV: /service/player message
[DEBUG] RECV: /meta/connect 
[DEBUG] RECV: /service/player message
[DEBUG] RECV: /meta/connect 
[DEBUG] RECV: /service/status status
[DEBUG] RECV: /meta/connect 
