
=== Kahoot Auto-Join ===
Game PIN: 5114254
Player: yousuck769-bwj

[1/3] Getting session token...
[DEBUG] Session token (raw): AQ9BORsXOnxJVh95BQNjY1sDfAlxBnBQElwGTlwpLC8NXWA4EFpLAm4TQ1MgdkIKB10LXmEAHywCB20XMy5+QQFkYQoDUk5VZlY3LEgKWwpcdWZGJGo+J3cJXwFUeyt3
[DEBUG] Session token length: 128
[DEBUG] Base64 decoded length: 96
   ✓ Got session token
[2/3] Decoding token...
[DEBUG] Challenge message length: 100
[DEBUG] Offset: 14022
[DEBUG] Decoded challenge length: 100
[DEBUG] Token bytes length: 96
[DEBUG] Final token length: 96
[DEBUG] Final token: 989ebfa186d7bf84fd544d34af37cbce3e8cd50b9d4ec86ac4563afb389eec21358d529766da024d1281b3af9d0945b1
[DEBUG] Token: 989ebfa186d7bf84fd544d34af37cbce3e8cd50b9d4ec86ac4563afb389eec21358d529766da024d1281b3af9d0945b1
   ✓ Token decoded (length: 96)
[3/3] Connecting...

[DEBUG] WebSocket URL: wss://kahoot.it/cometd/5114254/989ebfa186d7bf84fd544d34af37cbce3e8cd50b9d4ec86ac4563afb389eec21358d529766da024d1281b3af9d0945b1
✓ Connected to WebSocket
[DEBUG] SEND handshake
[DEBUG] RECV: /meta/handshake 
✓ Handshake OK, clientId: by0h1vru8ldwxb5x31pz61d85kk9t
[DEBUG] SEND connect (first)
[DEBUG] RECV: /meta/connect 
[DEBUG] SEND connect (second)
[DEBUG] SEND login yousuck769-bwj
[DEBUG] RECV: /service/controller loginResponse
✓ Login successful! CID: 950678000
[DEBUG] SEND namerator message

=== SUCCESS ===
Listening for game events... (Ctrl+C to exit)

[DEBUG] RECV: /meta/connect 
[DEBUG] RECV: /service/controller 
[DEBUG] RECV: /service/controller 
[DEBUG] RECV: /service/status status
✓ Game is ACTIVE
[DEBUG] RECV: /service/player message

🎉 JOINED AS: HappyYeti27
   Player CID: 950678000
[DEBUG] RECV: /service/player message
[DEBUG] RECV: /meta/connect 
[DEBUG] RECV: /service/player message
[DEBUG] RECV: /meta/connect 
[DEBUG] RECV: /service/player message
[DEBUG] RECV: /meta/connect 
[DEBUG] RECV: /service/status status
[DEBUG] RECV: /meta/connect 
