
=== Kahoot Auto-Join ===
Game PIN: 5114254
Player: yousuck73-agd

[1/3] Getting session token...
[DEBUG] Session token (raw): ZRpDNlZEcRhYCQBkLjQpeCYQTy4HbVQ8C3YAHWgEcAc0RgdaTgkuDmN3QmYwD0YjUAhWURRkLGQCBV0NaFcbZBhODncgYldwDQt1M11ocQwQK3YFCAZLbG1afGU7XV5f
[DEBUG] Session token length: 128
[DEBUG] Base64 decoded length: 96
   ✓ Got session token
[2/3] Decoding token...
[DEBUG] Challenge message length: 100
[DEBUG] Offset: 19372
[DEBUG] Decoded challenge length: 100
[DEBUG] Token bytes length: 96
[DEBUG] Final token length: 96
[DEBUG] Final token: 8a0ce40a0276eaf8ff8d10eb922e5d98b5d142d82304ba3b4ca7d5f9104104a9c2f5d0d8767db562ce3c26340753e28e
[DEBUG] Token: 8a0ce40a0276eaf8ff8d10eb922e5d98b5d142d82304ba3b4ca7d5f9104104a9c2f5d0d8767db562ce3c26340753e28e
   ✓ Token decoded (length: 96)
[3/3] Connecting...

[DEBUG] WebSocket URL: wss://kahoot.it/cometd/5114254/8a0ce40a0276eaf8ff8d10eb922e5d98b5d142d82304ba3b4ca7d5f9104104a9c2f5d0d8767db562ce3c26340753e28e
✓ Connected to WebSocket
[DEBUG] SEND handshake
[DEBUG] RECV: /meta/handshake 
✓ Handshake OK, clientId: bxhhwor95f0xacdk1cu6tl9oex3ds
[DEBUG] SEND connect (first)
[DEBUG] RECV: /meta/connect 
[DEBUG] SEND connect (second)
[DEBUG] SEND login yousuck73-agd
[DEBUG] RECV: /service/controller loginResponse
✓ Login successful! CID: 1908788743
[DEBUG] SEND namerator message

=== SUCCESS ===
Listening for game events... (Ctrl+C to exit)

[DEBUG] RECV: /meta/connect 
[DEBUG] RECV: /service/controller 
[DEBUG] RECV: /service/controller 
[DEBUG] RECV: /service/status status
✓ Game is ACTIVE
[DEBUG] RECV: /service/player message
[DEBUG] RECV: /service/player message

🎉 JOINED AS: ChampionSable74
   Player CID: 1908788743
[DEBUG] RECV: /service/player message
[DEBUG] RECV: /service/player message
[DEBUG] RECV: /service/player message
[DEBUG] RECV: /meta/connect 
[DEBUG] RECV: /service/player message
[DEBUG] RECV: /service/player message
[DEBUG] RECV: /meta/connect 
[DEBUG] RECV: /service/player message
[DEBUG] RECV: /meta/connect 
[DEBUG] RECV: /service/player message
[DEBUG] RECV: /meta/connect 
[DEBUG] RECV: /service/player message
[DEBUG] RECV: /meta/connect 
[DEBUG] RECV: /service/player message
[DEBUG] RECV: /meta/connect 
[DEBUG] RECV: /service/player message
[DEBUG] RECV: /meta/connect 
[DEBUG] RECV: /service/player message
[DEBUG] RECV: /meta/connect 
[DEBUG] RECV: /service/player message
[DEBUG] RECV: /meta/connect 
[DEBUG] RECV: /service/player message
[DEBUG] RECV: /meta/connect 
[DEBUG] RECV: /service/player message
[DEBUG] RECV: /meta/connect 
[DEBUG] RECV: /service/player message
[DEBUG] RECV: /meta/connect 
[DEBUG] RECV: /service/player message
[DEBUG] RECV: /meta/connect 
[DEBUG] RECV: /service/status status
[DEBUG] RECV: /meta/connect 
