
=== Kahoot Auto-Join ===
Game PIN: 5114254
Player: yousuck566-4fc

[1/3] Getting session token...
[DEBUG] Session token (raw): AT9ZAHpoU0E4MFIAcGdac21Dd1J+YWhpCkosaQwMCBFlaANSQ2IiTgwNWQhiIhQVADlpJDZVY3dzdAUKJztYNwoMM1M5BQwfMA1WW0sHYBY5Dj5OOlRWUm5QT1BgVVNk
[DEBUG] Session token length: 128
[DEBUG] Base64 decoded length: 96
   ✓ Got session token
[2/3] Decoding token...
[DEBUG] Challenge message length: 100
[DEBUG] Offset: 683145
[DEBUG] Decoded challenge length: 100
[DEBUG] Token bytes length: 96
[DEBUG] Final token length: 96
[DEBUG] Final token: 0f5878a6adb124e8479b755166b9e6cb950011c455ff0cac7b6dfc005274fd0c0aa8d83eae4b861cfdc6a3073e3a9d94
[DEBUG] Token: 0f5878a6adb124e8479b755166b9e6cb950011c455ff0cac7b6dfc005274fd0c0aa8d83eae4b861cfdc6a3073e3a9d94
   ✓ Token decoded (length: 96)
[3/3] Connecting...

[DEBUG] WebSocket URL: wss://kahoot.it/cometd/5114254/0f5878a6adb124e8479b755166b9e6cb950011c455ff0cac7b6dfc005274fd0c0aa8d83eae4b861cfdc6a3073e3a9d94
✓ Connected to WebSocket
[DEBUG] SEND handshake
[DEBUG] RECV: /meta/handshake 
✓ Handshake OK, clientId: bxva1mr8wjsspqn4k1733pobg5w6uq
[DEBUG] SEND connect (first)
[DEBUG] RECV: /meta/connect 
[DEBUG] SEND connect (second)
[DEBUG] SEND login yousuck566-4fc
[DEBUG] RECV: /service/controller loginResponse
✓ Login successful! CID: 1272851463
[DEBUG] SEND namerator message

=== SUCCESS ===
Listening for game events... (Ctrl+C to exit)

[DEBUG] RECV: /meta/connect 
[DEBUG] RECV: /service/controller 
[DEBUG] RECV: /service/controller 
[DEBUG] RECV: /service/status status
✓ Game is ACTIVE
[DEBUG] RECV: /service/player message

🎉 JOINED AS: KnowingBear19
   Player CID: 1272851463
[DEBUG] RECV: /service/player message
[DEBUG] RECV: /meta/connect 
[DEBUG] RECV: /service/player message
[DEBUG] RECV: /meta/connect 
[DEBUG] RECV: /service/player message
[DEBUG] RECV: /meta/connect 
[DEBUG] RECV: /service/player message
[DEBUG] RECV: /meta/connect 
[DEBUG] RECV: /service/player message
[DEBUG] RECV: /meta/connect 
[DEBUG] RECV: /service/player message
[DEBUG] RECV: /meta/connect 
[DEBUG] RECV: /service/status status
[DEBUG] RECV: /meta/connect 
