
=== Kahoot Auto-Join ===
Game PIN: 5114254
Player: yousuck908-3go

[1/3] Getting session token...
[DEBUG] Session token (raw): A2UXCxBCDBZmXXtcEWtEM1QMbzkOWHsMBjt6THBreUtffS9NQzULCkIoBGRnSQwACANKRlICciVcXUZkKBIpPyBjDlJgewttAiJCU2ADcwgMUHwDXywMNXkEbVxOOjo8
[DEBUG] Session token length: 128
[DEBUG] Base64 decoded length: 96
   ✓ Got session token
[2/3] Decoding token...
[DEBUG] Challenge message length: 100
[DEBUG] Offset: 23920056
[DEBUG] Decoded challenge length: 100
[DEBUG] Token bytes length: 96
[DEBUG] Final token length: 96
[DEBUG] Final token: 51e2c0ac5b11b31faa8da8762f89469231d12bd85fd505b8a5217f2d2900cbafd0c03661cb381523b31f8e4f8b5a7bbf
[DEBUG] Token: 51e2c0ac5b11b31faa8da8762f89469231d12bd85fd505b8a5217f2d2900cbafd0c03661cb381523b31f8e4f8b5a7bbf
   ✓ Token decoded (length: 96)
[3/3] Connecting...

[DEBUG] WebSocket URL: wss://kahoot.it/cometd/5114254/51e2c0ac5b11b31faa8da8762f89469231d12bd85fd505b8a5217f2d2900cbafd0c03661cb381523b31f8e4f8b5a7bbf
✓ Connected to WebSocket
[DEBUG] SEND handshake
[DEBUG] RECV: /meta/handshake 
✓ Handshake OK, clientId: by541fk4wsck5jdcl13ldm65az7ouq
[DEBUG] SEND connect (first)
[DEBUG] RECV: /meta/connect 
[DEBUG] SEND connect (second)
[DEBUG] SEND login yousuck908-3go
[DEBUG] RECV: /service/controller loginResponse
✓ Login successful! CID: 1011022066
[DEBUG] SEND namerator message

=== SUCCESS ===
Listening for game events... (Ctrl+C to exit)

[DEBUG] RECV: /meta/connect 
[DEBUG] RECV: /service/controller 
[DEBUG] RECV: /service/controller 
[DEBUG] RECV: /service/status status
✓ Game is ACTIVE
[DEBUG] RECV: /service/player message

🎉 JOINED AS: BraveZebra84
   Player CID: 1011022066
[DEBUG] RECV: /service/player message
[DEBUG] RECV: /service/player message
[DEBUG] RECV: /meta/connect 
[DEBUG] RECV: /service/status status
[DEBUG] RECV: /meta/connect 
