
=== Kahoot Auto-Join ===
Game PIN: 5732350
Player: yousuck25-yy6

[1/3] Getting session token...
[DEBUG] Session token (raw): GHQFSXRXXmdUe1MoW2g6WQUVM2dab19wBlNDAw8DCFAQeFQyKHUHdgBdVnU/JEcxAEkeP38EVj1tCFxCeG8KBUUfXQkmEk8FWnhBBC8YAUd5YFwtRAY9OCoBbl1ubCUC
[DEBUG] Session token length: 128
[DEBUG] Base64 decoded length: 96
   ✓ Got session token
[2/3] Decoding token...
[DEBUG] Challenge message length: 100
[DEBUG] Offset: 4232
[DEBUG] Decoded challenge length: 100
[DEBUG] Token bytes length: 96
[DEBUG] Final token length: 96
[DEBUG] Final token: b9230d69d08f17d59be59109b32f42e4a60bf6f657b9fe5bc3ec441d3cc826f13fedcc5c1467bbc5925e75fcd85837cb
[DEBUG] Token: b9230d69d08f17d59be59109b32f42e4a60bf6f657b9fe5bc3ec441d3cc826f13fedcc5c1467bbc5925e75fcd85837cb
   ✓ Token decoded (length: 96)
[3/3] Connecting...

[DEBUG] WebSocket URL: wss://kahoot.it/cometd/5732350/b9230d69d08f17d59be59109b32f42e4a60bf6f657b9fe5bc3ec441d3cc826f13fedcc5c1467bbc5925e75fcd85837cb
✓ Connected to WebSocket
[DEBUG] SEND handshake
[DEBUG] RECV: /meta/handshake 
✓ Handshake OK, clientId: bzol11caekd6mngy61iwc6f59il5hg
[DEBUG] SEND connect (first)
[DEBUG] RECV: /meta/connect 
[DEBUG] SEND connect (second)
[DEBUG] SEND login yousuck25-yy6
[DEBUG] RECV: /service/controller loginResponse
✓ Login successful! CID: 152072417
[DEBUG] SEND namerator message

=== SUCCESS ===
Listening for game events... (Ctrl+C to exit)

[DEBUG] RECV: /meta/connect 
[DEBUG] RECV: /service/controller 
[DEBUG] RECV: /service/controller 
[DEBUG] RECV: /service/status status
✓ Game is ACTIVE
[DEBUG] RECV: /service/player message

🎉 JOINED AS: WiseHamster16
   Player CID: 152072417
[DEBUG] RECV: /service/player message
[DEBUG] RECV: /service/player message
[DEBUG] RECV: /meta/connect 
[DEBUG] RECV: /service/player message
[DEBUG] RECV: /meta/connect 
[DEBUG] RECV: /service/status status
[DEBUG] RECV: /meta/connect 
