
=== Kahoot Auto-Join ===
Game PIN: 5114254
Player: yousuck131-nv9

[1/3] Getting session token...
[DEBUG] Session token (raw): VCp9OlFiAg1WYw0OAHcWYksdEmlsDwMqWhI3FFVvLWJhNgxka3o4cgIKaUM7TX1UA3B1elVEYUdEMAJCBncIW1FUV29gP2M5Fm1bVD0AfkpfZUENXgBpKDhUX0RGLCZ/
[DEBUG] Session token length: 128
[DEBUG] Base64 decoded length: 96
   ✓ Got session token
[2/3] Decoding token...
[DEBUG] Challenge message length: 100
[DEBUG] Offset: 6161
[DEBUG] Decoded challenge length: 100
[DEBUG] Token bytes length: 96
[DEBUG] Final token length: 96
[DEBUG] Final token: ed6c3245b37227f13df07f2f5bcd76e71d6060c35421f777467483144b91b9bd22f63f7cf2c3b128f746762dec747ae0
[DEBUG] Token: ed6c3245b37227f13df07f2f5bcd76e71d6060c35421f777467483144b91b9bd22f63f7cf2c3b128f746762dec747ae0
   ✓ Token decoded (length: 96)
[3/3] Connecting...

[DEBUG] WebSocket URL: wss://kahoot.it/cometd/5114254/ed6c3245b37227f13df07f2f5bcd76e71d6060c35421f777467483144b91b9bd22f63f7cf2c3b128f746762dec747ae0
✓ Connected to WebSocket
[DEBUG] SEND handshake
[DEBUG] RECV: /meta/handshake 
✓ Handshake OK, clientId: bxiyv4gkb9s5lcidcwssgohtgote
[DEBUG] SEND connect (first)
[DEBUG] RECV: /meta/connect 
[DEBUG] SEND connect (second)
[DEBUG] SEND login yousuck131-nv9
[DEBUG] RECV: /service/controller loginResponse
✓ Login successful! CID: 419233821
[DEBUG] SEND namerator message

=== SUCCESS ===
Listening for game events... (Ctrl+C to exit)

[DEBUG] RECV: /meta/connect 
[DEBUG] RECV: /service/controller 
[DEBUG] RECV: /service/controller 
[DEBUG] RECV: /service/status status
✓ Game is ACTIVE
[DEBUG] RECV: /service/player message

🎉 JOINED AS: GladPanther10
   Player CID: 419233821
[DEBUG] RECV: /service/player message
[DEBUG] RECV: /meta/connect 
[DEBUG] RECV: /service/player message
[DEBUG] RECV: /meta/connect 
[DEBUG] RECV: /service/player message
[DEBUG] RECV: /meta/connect 
[DEBUG] RECV: /service/player message
[DEBUG] RECV: /meta/connect 
[DEBUG] RECV: /service/player message
[DEBUG] RECV: /meta/connect 
[DEBUG] RECV: /service/player message
[DEBUG] RECV: /meta/connect 
[DEBUG] RECV: /service/player message
[DEBUG] RECV: /meta/connect 
[DEBUG] RECV: /service/player message
[DEBUG] RECV: /meta/connect 
[DEBUG] RECV: /service/player message
[DEBUG] RECV: /meta/connect 
[DEBUG] RECV: /service/player message
[DEBUG] RECV: /meta/connect 
[DEBUG] RECV: /service/player message
[DEBUG] RECV: /meta/connect 
[DEBUG] RECV: /service/player message
[DEBUG] RECV: /meta/connect 
[DEBUG] RECV: /service/status status
[DEBUG] RECV: /meta/connect 
