
=== Kahoot Auto-Join ===
Game PIN: 5732350
Player: yousuck95-fpo

[1/3] Getting session token...
[DEBUG] Session token (raw): QBZbYFF/JVoucwl1YWwNUTRFdQlqawRWMmUKVwIia1kFBGtiBUhAVHQNLFNxUzNFMisAQH9qdwpnCxNCKBhZZ2RpBFVXWTRRaAUPXRBCF0swLmIIDChNH2UWeld+KnZ4
[DEBUG] Session token length: 128
[DEBUG] Base64 decoded length: 96
   ✓ Got session token
[2/3] Decoding token...
[DEBUG] Challenge message length: 100
[DEBUG] Offset: 9921055
[DEBUG] Decoded challenge length: 100
[DEBUG] Token bytes length: 96
[DEBUG] Final token length: 96
[DEBUG] Final token: 3a44a8d6e562679bb92c4587a2979e9a9805c29568e96df9eb06978b01a0fae72885c2c28334b1d8bd4e8c8c8e126b33
[DEBUG] Token: 3a44a8d6e562679bb92c4587a2979e9a9805c29568e96df9eb06978b01a0fae72885c2c28334b1d8bd4e8c8c8e126b33
   ✓ Token decoded (length: 96)
[3/3] Connecting...

[DEBUG] WebSocket URL: wss://kahoot.it/cometd/5732350/3a44a8d6e562679bb92c4587a2979e9a9805c29568e96df9eb06978b01a0fae72885c2c28334b1d8bd4e8c8c8e126b33
✓ Connected to WebSocket
[DEBUG] SEND handshake
[DEBUG] RECV: /meta/handshake 
✓ Handshake OK, clientId: bzkr34lg68fs1pob154kp97jic7e3
[DEBUG] SEND connect (first)
[DEBUG] RECV: /meta/connect 
[DEBUG] SEND connect (second)
[DEBUG] SEND login yousuck95-fpo
[DEBUG] RECV: /service/controller loginResponse
✓ Login successful! CID: 170074244
[DEBUG] SEND namerator message

=== SUCCESS ===
Listening for game events... (Ctrl+C to exit)

[DEBUG] RECV: /meta/connect 
[DEBUG] RECV: /service/controller 
[DEBUG] RECV: /service/controller 
[DEBUG] RECV: /service/status status
✓ Game is ACTIVE
[DEBUG] RECV: /service/player message

🎉 JOINED AS: PurpleGlider62
   Player CID: 170074244
[DEBUG] RECV: /service/player message
[DEBUG] RECV: /service/player message
[DEBUG] RECV: /service/player message
[DEBUG] RECV: /service/player message
[DEBUG] RECV: /meta/connect 
[DEBUG] RECV: /service/player message
[DEBUG] RECV: /meta/connect 
[DEBUG] RECV: /service/player message
[DEBUG] RECV: /meta/connect 
[DEBUG] RECV: /service/player message
[DEBUG] RECV: /meta/connect 
[DEBUG] RECV: /service/player message
[DEBUG] RECV: /meta/connect 
[DEBUG] RECV: /service/status status
[DEBUG] RECV: /meta/connect 
