
=== Kahoot Auto-Join ===
Game PIN: 5814465
Player: yousuck8-tkx

[1/3] Getting session token...
[DEBUG] Session token (raw): egkWCE06BQNLB0cxFV1oDwEMZA9qA0IGEnUYahI3aQIhTlRqS3wGSRQmeAlSR2FFOmgZMm5HUzRuVWxhbFVnfVtIX00EHUIxbystTX16UX9bCgBTOgIsWwlUAWc6Ty1S
[DEBUG] Session token length: 128
[DEBUG] Base64 decoded length: 96
   ✓ Got session token
[2/3] Decoding token...
[DEBUG] Challenge message length: 100
[DEBUG] Offset: 565
[DEBUG] Decoded challenge length: 100
[DEBUG] Token bytes length: 96
[DEBUG] Final token length: 96
[DEBUG] Final token: 0dd76d6e1e7db99b833f4e43e2c3fc26f8250112ca2cf462b9ee227a6e33872793414a6c4ef59028c153bbc062f8d9fb
[DEBUG] Token: 0dd76d6e1e7db99b833f4e43e2c3fc26f8250112ca2cf462b9ee227a6e33872793414a6c4ef59028c153bbc062f8d9fb
   ✓ Token decoded (length: 96)
[3/3] Connecting...

[DEBUG] WebSocket URL: wss://kahoot.it/cometd/5814465/0dd76d6e1e7db99b833f4e43e2c3fc26f8250112ca2cf462b9ee227a6e33872793414a6c4ef59028c153bbc062f8d9fb
✓ Connected to WebSocket
[DEBUG] SEND handshake
[DEBUG] RECV: /meta/handshake 
✓ Handshake OK, clientId: 92tj1807v65ye3t5jh5cvpm0gf6sy
[DEBUG] SEND connect (first)
[DEBUG] RECV: /meta/connect 
[DEBUG] SEND connect (second)
[DEBUG] SEND login yousuck8-tkx
[DEBUG] RECV: /service/status status
[DEBUG] RECV: /meta/connect 
[DEBUG] RECV: /service/controller 

⚠ Timeout - check if name appears in Kahoot lobby
[DEBUG] WebSocket closed: 1005

=== FAILED ===
Error: Connection closed (1005)
