
=== Kahoot Auto-Join ===
Game PIN: 5732350
Player: yousuck73-7f0

[1/3] Getting session token...
[DEBUG] Session token (raw): bAFQYjp5JHFxcF4NWRRGaQIDWElpCQFpNn5SNREBYA1lXWI+bhYMAQESWVwBZjF2PAAbRiEDP3F9dxNRAi0PBFkeYkBOIXBNBy8eWAg5dTcEUz9+dScCZWVPFUpXbwVq
[DEBUG] Session token length: 128
[DEBUG] Base64 decoded length: 96
   ✓ Got session token
[2/3] Decoding token...
[DEBUG] Challenge message length: 100
[DEBUG] Offset: 1508
[DEBUG] Decoded challenge length: 100
[DEBUG] Token bytes length: 96
[DEBUG] Final token length: 96
[DEBUG] Final token: 1408e3e987a11c46be802b07d18ac2035a2c6fb86ace07c1f3c2f5d628cd5b177b055d845db09d4b6ca34fb073f87144
[DEBUG] Token: 1408e3e987a11c46be802b07d18ac2035a2c6fb86ace07c1f3c2f5d628cd5b177b055d845db09d4b6ca34fb073f87144
   ✓ Token decoded (length: 96)
[3/3] Connecting...

[DEBUG] WebSocket URL: wss://kahoot.it/cometd/5732350/1408e3e987a11c46be802b07d18ac2035a2c6fb86ace07c1f3c2f5d628cd5b177b055d845db09d4b6ca34fb073f87144
✓ Connected to WebSocket
[DEBUG] SEND handshake
[DEBUG] RECV: /meta/handshake 
✓ Handshake OK, clientId: bznh8xukttpc4ze580shdaieiyw6
[DEBUG] SEND connect (first)
[DEBUG] RECV: /meta/connect 
[DEBUG] SEND connect (second)
[DEBUG] SEND login yousuck73-7f0
[DEBUG] RECV: /service/controller loginResponse
✓ Login successful! CID: 152352096
[DEBUG] SEND namerator message

=== SUCCESS ===
Listening for game events... (Ctrl+C to exit)

[DEBUG] RECV: /meta/connect 
[DEBUG] RECV: /service/controller 
[DEBUG] RECV: /service/controller 
[DEBUG] RECV: /service/status status
✓ Game is ACTIVE
[DEBUG] RECV: /service/player message
[DEBUG] RECV: /service/player message

🎉 JOINED AS: BrightHawk82
   Player CID: 152352096
[DEBUG] RECV: /service/player message
[DEBUG] RECV: /meta/connect 
[DEBUG] RECV: /service/player message
[DEBUG] RECV: /meta/connect 
[DEBUG] RECV: /service/player message
[DEBUG] RECV: /meta/connect 
[DEBUG] RECV: /service/status status
[DEBUG] RECV: /meta/connect 
