
=== Kahoot Auto-Join ===
Game PIN: 5732350
Player: yousuck96-0ls

[1/3] Getting session token...
[DEBUG] Session token (raw): CWJ1e2ZsOhBIHQA3WwV/HQMwUl5BBhQ3ew4IVDZfCEJtBWFYRl1ICWoSXgURVSJQUTVzAUZfSwhjb35dKG89Y3VrA1BTa2d8an4NZ10PDXYxEgoHDzx9WwJEUjRWBA02
[DEBUG] Session token length: 128
[DEBUG] Base64 decoded length: 96
   ✓ Got session token
[2/3] Decoding token...
[DEBUG] Challenge message length: 100
[DEBUG] Offset: 3737822
[DEBUG] Decoded challenge length: 100
[DEBUG] Token bytes length: 96
[DEBUG] Final token length: 96
[DEBUG] Final token: 221133cc0d8ff06f9e640cfb2f40aa807b5444812feec9b23b9679983570d8e4383df17128851471eff4ce2191ecb23d
[DEBUG] Token: 221133cc0d8ff06f9e640cfb2f40aa807b5444812feec9b23b9679983570d8e4383df17128851471eff4ce2191ecb23d
   ✓ Token decoded (length: 96)
[3/3] Connecting...

[DEBUG] WebSocket URL: wss://kahoot.it/cometd/5732350/221133cc0d8ff06f9e640cfb2f40aa807b5444812feec9b23b9679983570d8e4383df17128851471eff4ce2191ecb23d
✓ Connected to WebSocket
[DEBUG] SEND handshake
[DEBUG] RECV: /meta/handshake 
✓ Handshake OK, clientId: bzqs1je4ntzqo7u5d5n0yknmg2wzc
[DEBUG] SEND connect (first)
[DEBUG] RECV: /meta/connect 
[DEBUG] SEND connect (second)
[DEBUG] SEND login yousuck96-0ls
[DEBUG] RECV: /service/controller loginResponse
✓ Login successful! CID: 757485618
[DEBUG] SEND namerator message

=== SUCCESS ===
Listening for game events... (Ctrl+C to exit)

[DEBUG] RECV: /meta/connect 
[DEBUG] RECV: /service/controller 
[DEBUG] RECV: /service/controller 
[DEBUG] RECV: /service/status status
✓ Game is ACTIVE
[DEBUG] RECV: /service/player message

🎉 JOINED AS: BlueOtter34
   Player CID: 757485618
[DEBUG] RECV: /service/player message
[DEBUG] RECV: /service/player message
[DEBUG] RECV: /meta/connect 
[DEBUG] RECV: /service/status status
[DEBUG] RECV: /meta/connect 
