
=== Kahoot Auto-Join ===
Game PIN: 5114254
Player: yousuck968-90w

[1/3] Getting session token...
[DEBUG] Session token (raw): Z04FBzR/IFJqeGxQbFMFZ2RAPkAHDmcFAxQLCFpDSgpZeAgLBWAJRSQGCU0KNHMyE1RXUTRBZHFVLw4ZCXBdDAQ3YkNaA1MqDjFtDS9gXXMKVlcKKT1kA0AEDTxdLhQ/
[DEBUG] Session token length: 128
[DEBUG] Base64 decoded length: 96
   ✓ Got session token
[2/3] Decoding token...
[DEBUG] Challenge message length: 100
[DEBUG] Offset: 169050
[DEBUG] Decoded challenge length: 100
[DEBUG] Token bytes length: 96
[DEBUG] Final token length: 96
[DEBUG] Final token: 46fcb0bb199b06d921c3a9471e68d923202cb462cf757b2cfd22f859be0a399c6d1609da4d57b3d70db2ec844adf9eee
[DEBUG] Token: 46fcb0bb199b06d921c3a9471e68d923202cb462cf757b2cfd22f859be0a399c6d1609da4d57b3d70db2ec844adf9eee
   ✓ Token decoded (length: 96)
[3/3] Connecting...

[DEBUG] WebSocket URL: wss://kahoot.it/cometd/5114254/46fcb0bb199b06d921c3a9471e68d923202cb462cf757b2cfd22f859be0a399c6d1609da4d57b3d70db2ec844adf9eee
✓ Connected to WebSocket
[DEBUG] SEND handshake
[DEBUG] RECV: /meta/handshake 
✓ Handshake OK, clientId: by681w0j9t2wdw8kg15w9k2i398usm
[DEBUG] SEND connect (first)
[DEBUG] RECV: /meta/connect 
[DEBUG] SEND connect (second)
[DEBUG] SEND login yousuck968-90w
[DEBUG] RECV: /service/controller loginResponse
✓ Login successful! CID: 190300334
[DEBUG] SEND namerator message

=== SUCCESS ===
Listening for game events... (Ctrl+C to exit)

[DEBUG] RECV: /meta/connect 
[DEBUG] RECV: /service/controller 
[DEBUG] RECV: /service/controller 
[DEBUG] RECV: /service/status status
✓ Game is ACTIVE
[DEBUG] RECV: /service/player message

🎉 JOINED AS: ExcitedLeopard81
   Player CID: 190300334
[DEBUG] RECV: /service/player message
[DEBUG] RECV: /meta/connect 
[DEBUG] RECV: /service/status status
[DEBUG] RECV: /meta/connect 
