
=== Kahoot Auto-Join ===
Game PIN: 5114254
Player: yousuck846-ae9

[1/3] Getting session token...
[DEBUG] Session token (raw): EQETFWchUy5rBgR0XldwbAcCbHprRxRaAjgIXTh9XRd0OwBGcVgoBCQCRgsDWjRyXD5yB0pPQHJjCG9pEXVkQ109bAZ4MQEJaBtvASxBcl1CWxJQXUwNen1eFVkhRw4A
[DEBUG] Session token length: 128
[DEBUG] Base64 decoded length: 96
   ✓ Got session token
[2/3] Decoding token...
[DEBUG] Challenge message length: 100
[DEBUG] Offset: 4915
[DEBUG] Decoded challenge length: 100
[DEBUG] Token bytes length: 96
[DEBUG] Final token length: 96
[DEBUG] Final token: a9be3b7c2a004463536907de4e88c7ce4a2649b7bb65f6c8ae4c13168258a1939f604f9d4c7bd17651dd40f127dfa2ab
[DEBUG] Token: a9be3b7c2a004463536907de4e88c7ce4a2649b7bb65f6c8ae4c13168258a1939f604f9d4c7bd17651dd40f127dfa2ab
   ✓ Token decoded (length: 96)
[3/3] Connecting...

[DEBUG] WebSocket URL: wss://kahoot.it/cometd/5114254/a9be3b7c2a004463536907de4e88c7ce4a2649b7bb65f6c8ae4c13168258a1939f604f9d4c7bd17651dd40f127dfa2ab
✓ Connected to WebSocket
[DEBUG] SEND handshake
[DEBUG] RECV: /meta/handshake 
✓ Handshake OK, clientId: by3k12s16g4w2fgfwfppv939eswk4
[DEBUG] SEND connect (first)
[DEBUG] RECV: /meta/connect 
[DEBUG] SEND connect (second)
[DEBUG] SEND login yousuck846-ae9
[DEBUG] RECV: /service/controller loginResponse
✓ Login successful! CID: 1688179432
[DEBUG] SEND namerator message

=== SUCCESS ===
Listening for game events... (Ctrl+C to exit)

[DEBUG] RECV: /meta/connect 
[DEBUG] RECV: /service/controller 
[DEBUG] RECV: /service/controller 
[DEBUG] RECV: /service/status status
✓ Game is ACTIVE
[DEBUG] RECV: /service/player message

🎉 JOINED AS: LovelyPelican3
   Player CID: 1688179432
[DEBUG] RECV: /service/player message
[DEBUG] RECV: /meta/connect 
[DEBUG] RECV: /service/player message
[DEBUG] RECV: /meta/connect 
[DEBUG] RECV: /service/status status
[DEBUG] RECV: /meta/connect 
