
=== Kahoot Auto-Join ===
Game PIN: 5114254
Player: yousuck722-w45

[1/3] Getting session token...
[DEBUG] Session token (raw): NzJYX00DNW0EWi5ofQ0ABGlaHg9fbiAtJ14AbDNsZnpyJAFFPlRXPS8Sb1BgV14+JxlvUGAhDw9oCmxyfAE7CwwkdVxwFDlFYj8rQgUweWp/H1hwBQVpUHElAj1FXGgS
[DEBUG] Session token length: 128
[DEBUG] Base64 decoded length: 96
   ✓ Got session token
[2/3] Decoding token...
[DEBUG] Challenge message length: 100
[DEBUG] Offset: 3969075
[DEBUG] Decoded challenge length: 100
[DEBUG] Token bytes length: 96
[DEBUG] Final token length: 96
[DEBUG] Final token: fe285ed570d4905259e8e6fecb72b8574b71f16bea00118edb905f2499671adf1c338aa64fd61a599c279a667dbb311f
[DEBUG] Token: fe285ed570d4905259e8e6fecb72b8574b71f16bea00118edb905f2499671adf1c338aa64fd61a599c279a667dbb311f
   ✓ Token decoded (length: 96)
[3/3] Connecting...

[DEBUG] WebSocket URL: wss://kahoot.it/cometd/5114254/fe285ed570d4905259e8e6fecb72b8574b71f16bea00118edb905f2499671adf1c338aa64fd61a599c279a667dbb311f
✓ Connected to WebSocket
[DEBUG] SEND handshake
[DEBUG] RECV: /meta/handshake 
✓ Handshake OK, clientId: bxzg5a13gzutswpp1555orhpuo4ta
[DEBUG] SEND connect (first)
[DEBUG] RECV: /meta/connect 
[DEBUG] SEND connect (second)
[DEBUG] SEND login yousuck722-w45
[DEBUG] RECV: /service/controller loginResponse
✓ Login successful! CID: 1933178494
[DEBUG] SEND namerator message

=== SUCCESS ===
Listening for game events... (Ctrl+C to exit)

[DEBUG] RECV: /meta/connect 
[DEBUG] RECV: /service/controller 
[DEBUG] RECV: /service/controller 
[DEBUG] RECV: /service/status status
✓ Game is ACTIVE
[DEBUG] RECV: /service/player message

🎉 JOINED AS: DaringDog94
   Player CID: 1933178494
[DEBUG] RECV: /service/player message
[DEBUG] RECV: /service/player message
[DEBUG] RECV: /meta/connect 
[DEBUG] RECV: /service/player message
[DEBUG] RECV: /meta/connect 
[DEBUG] RECV: /service/player message
[DEBUG] RECV: /meta/connect 
[DEBUG] RECV: /service/status status
[DEBUG] RECV: /meta/connect 
