
=== Kahoot Auto-Join ===
Game PIN: 5732350
Player: yousuck35-p6i

[1/3] Getting session token...
[DEBUG] Session token (raw): flAlUnZKfXxgUl95MlsBS0JFfGdUZkRydiohBQVhHQkgb2Afd2xfeyozGXNuDSd3SWFZLEZVQQN9AStVaxRTSwpkCFBZf2IRAkpYDX5wKFQCAX4/cHJVAwo5UBENWF4e
[DEBUG] Session token length: 128
[DEBUG] Base64 decoded length: 96
   ✓ Got session token
[2/3] Decoding token...
[DEBUG] Challenge message length: 100
[DEBUG] Offset: 5030
[DEBUG] Decoded challenge length: 100
[DEBUG] Token bytes length: 96
[DEBUG] Final token length: 96
[DEBUG] Final token: 7dd838355a60b953911108166bac15a5e03e54a0bfc511d5810e19304bc15ad1c161652d033109eb364d97e54c7b225e
[DEBUG] Token: 7dd838355a60b953911108166bac15a5e03e54a0bfc511d5810e19304bc15ad1c161652d033109eb364d97e54c7b225e
   ✓ Token decoded (length: 96)
[3/3] Connecting...

[DEBUG] WebSocket URL: wss://kahoot.it/cometd/5732350/7dd838355a60b953911108166bac15a5e03e54a0bfc511d5810e19304bc15ad1c161652d033109eb364d97e54c7b225e
✓ Connected to WebSocket
[DEBUG] SEND handshake
[DEBUG] RECV: /meta/handshake 
✓ Handshake OK, clientId: bzjp1ds0agg3g39r6i87lu3fg5awd
[DEBUG] SEND connect (first)
[DEBUG] RECV: /meta/connect 
[DEBUG] SEND connect (second)
[DEBUG] SEND login yousuck35-p6i
[DEBUG] RECV: /service/controller loginResponse
✓ Login successful! CID: 742869346
[DEBUG] SEND namerator message

=== SUCCESS ===
Listening for game events... (Ctrl+C to exit)

[DEBUG] RECV: /meta/connect 
[DEBUG] RECV: /service/controller 
[DEBUG] RECV: /service/controller 
[DEBUG] RECV: /service/status status
✓ Game is ACTIVE
[DEBUG] RECV: /service/player message

🎉 JOINED AS: MelodicJaguar19
   Player CID: 742869346
[DEBUG] RECV: /service/player message
[DEBUG] RECV: /service/player message
[DEBUG] RECV: /meta/connect 
[DEBUG] RECV: /service/player message
[DEBUG] RECV: /service/player message
[DEBUG] RECV: /meta/connect 
[DEBUG] RECV: /service/player message
[DEBUG] RECV: /service/player message
[DEBUG] RECV: /meta/connect 
[DEBUG] RECV: /service/player message
[DEBUG] RECV: /meta/connect 
[DEBUG] RECV: /service/player message
[DEBUG] RECV: /meta/connect 
[DEBUG] RECV: /service/player message
[DEBUG] RECV: /meta/connect 
[DEBUG] RECV: /service/player message
[DEBUG] RECV: /meta/connect 
[DEBUG] RECV: /service/status status
[DEBUG] RECV: /meta/connect 
