
=== Kahoot Auto-Join ===
Game PIN: 5732350
Player: yousuck37-ti8

[1/3] Getting session token...
[DEBUG] Session token (raw): fHNmZwhUF2pefFVmfk87Wgp6NlsGEngPVS4pRAMOSlgVVVhaXQo7bA9HCQN1DA1ZBigJBlUidEp7ESBtDTNkYg9tcFtBIXQ5RHIDbmAuSVFdWVV1X0lMeGF6LTV3VAhm
[DEBUG] Session token length: 128
[DEBUG] Base64 decoded length: 96
   ✓ Got session token
[2/3] Decoding token...
[DEBUG] Challenge message length: 100
[DEBUG] Offset: 259
[DEBUG] Decoded challenge length: 100
[DEBUG] Token bytes length: 96
[DEBUG] Final token length: 96
[DEBUG] Final token: 070289d9b44156ae33dead4aaea34d2ec76d68b59496930d8d24bc627cc33d41d51f7e8c02265b179488014868cf0f43
[DEBUG] Token: 070289d9b44156ae33dead4aaea34d2ec76d68b59496930d8d24bc627cc33d41d51f7e8c02265b179488014868cf0f43
   ✓ Token decoded (length: 96)
[3/3] Connecting...

[DEBUG] WebSocket URL: wss://kahoot.it/cometd/5732350/070289d9b44156ae33dead4aaea34d2ec76d68b59496930d8d24bc627cc33d41d51f7e8c02265b179488014868cf0f43
✓ Connected to WebSocket
[DEBUG] SEND handshake
[DEBUG] RECV: /meta/handshake 
✓ Handshake OK, clientId: bzpl1lm3zia5wenmmeab16kwoju50
[DEBUG] SEND connect (first)
[DEBUG] RECV: /meta/connect 
[DEBUG] SEND connect (second)
[DEBUG] SEND login yousuck37-ti8
[DEBUG] RECV: /service/controller loginResponse
✓ Login successful! CID: 679244097
[DEBUG] SEND namerator message

=== SUCCESS ===
Listening for game events... (Ctrl+C to exit)

[DEBUG] RECV: /meta/connect 
[DEBUG] RECV: /service/controller 
[DEBUG] RECV: /service/controller 
[DEBUG] RECV: /service/status status
✓ Game is ACTIVE
[DEBUG] RECV: /service/player message

🎉 JOINED AS: GivingKitten21
   Player CID: 679244097
[DEBUG] RECV: /service/player message
[DEBUG] RECV: /meta/connect 
[DEBUG] RECV: /service/player message
[DEBUG] RECV: /meta/connect 
[DEBUG] RECV: /service/status status
[DEBUG] RECV: /meta/connect 
