
=== Kahoot Auto-Join ===
Game PIN: 5114254
Player: yousuck127-zm0

[1/3] Getting session token...
[DEBUG] Session token (raw): cw92HxEqb2IMCUhxdAtXAVNRV3N6AWRGexECMThVdHN+Jl57b3ZZfxxSVmFsFQ8wBWIRBWN1UQNaBl1TEQ9XfgEpCBJnOgIKBz1/eXl1GGZ0cE06blI0ehlDCVhrUig2
[DEBUG] Session token length: 128
[DEBUG] Base64 decoded length: 96
   ✓ Got session token
[2/3] Decoding token...
[DEBUG] Challenge message length: 100
[DEBUG] Offset: 10801
[DEBUG] Decoded challenge length: 100
[DEBUG] Token bytes length: 96
[DEBUG] Final token length: 96
[DEBUG] Final token: 6d7ffd4131145367de9061441eeeb4687cd770c9edf37c2b41f8449957c0ec72ec2b0d56ba3970b4838e42d2e2d935ee
[DEBUG] Token: 6d7ffd4131145367de9061441eeeb4687cd770c9edf37c2b41f8449957c0ec72ec2b0d56ba3970b4838e42d2e2d935ee
   ✓ Token decoded (length: 96)
[3/3] Connecting...

[DEBUG] WebSocket URL: wss://kahoot.it/cometd/5114254/6d7ffd4131145367de9061441eeeb4687cd770c9edf37c2b41f8449957c0ec72ec2b0d56ba3970b4838e42d2e2d935ee
✓ Connected to WebSocket
[DEBUG] SEND handshake
[DEBUG] RECV: /meta/handshake 
✓ Handshake OK, clientId: bxiu1wfaaw240jbps11zdwc2d7xfmu
[DEBUG] SEND connect (first)
[DEBUG] RECV: /meta/connect 
[DEBUG] SEND connect (second)
[DEBUG] SEND login yousuck127-zm0
[DEBUG] RECV: /service/controller 

⚠ Timeout - check if name appears in Kahoot lobby
[DEBUG] WebSocket closed: 1005

=== FAILED ===
Error: Connection closed (1005)
