
=== Kahoot Auto-Join ===
Game PIN: 5114254
Player: yousuck923-yu8

[1/3] Getting session token...
[DEBUG] Session token (raw): T31zBHFSHwxTC0dQAFcHOy19aF9HAg5lDnE8bEVSK3tKW1QCXnsORGwqBlJ+KVULKz83bGNQWk9heQMjSFxcA1dgQ2lbAwlwPFgfDm9BE1oWWiJ6bGBhFwd+W3wBIDh/
[DEBUG] Session token length: 128
[DEBUG] Base64 decoded length: 96
   ✓ Got session token
[2/3] Decoding token...
[DEBUG] Challenge message length: 100
[DEBUG] Offset: 93240
[DEBUG] Decoded challenge length: 100
[DEBUG] Token bytes length: 96
[DEBUG] Final token length: 96
[DEBUG] Final token: 922028dd8610980ba56f75e509e634e1806c94b60b814b89eea641a9298a4d44c4543af0b2e317e9d0c1622f36602ce5
[DEBUG] Token: 922028dd8610980ba56f75e509e634e1806c94b60b814b89eea641a9298a4d44c4543af0b2e317e9d0c1622f36602ce5
   ✓ Token decoded (length: 96)
[3/3] Connecting...

[DEBUG] WebSocket URL: wss://kahoot.it/cometd/5114254/922028dd8610980ba56f75e509e634e1806c94b60b814b89eea641a9298a4d44c4543af0b2e317e9d0c1622f36602ce5
✓ Connected to WebSocket
[DEBUG] SEND handshake
[DEBUG] RECV: /meta/handshake 
✓ Handshake OK, clientId: by561l2iulizeo13l1755ltnxnoe8f
[DEBUG] SEND connect (first)
[DEBUG] RECV: /meta/connect 
[DEBUG] SEND connect (second)
[DEBUG] SEND login yousuck923-yu8
[DEBUG] RECV: /service/controller loginResponse
✓ Login successful! CID: 417181676
[DEBUG] SEND namerator message

=== SUCCESS ===
Listening for game events... (Ctrl+C to exit)

[DEBUG] RECV: /meta/connect 
[DEBUG] RECV: /service/controller 
[DEBUG] RECV: /service/controller 
[DEBUG] RECV: /service/status status
✓ Game is ACTIVE
[DEBUG] RECV: /service/player message

🎉 JOINED AS: BraveBat49
   Player CID: 417181676
[DEBUG] RECV: /service/player message
[DEBUG] RECV: /service/player message
[DEBUG] RECV: /meta/connect 
[DEBUG] RECV: /service/status status
[DEBUG] RECV: /meta/connect 
