
=== Kahoot Auto-Join ===
Game PIN: 5114254
Player: yousuck723-554

[1/3] Getting session token...
[DEBUG] Session token (raw): X3ZSCUVJZgpZcnsCBkMGA0sAGGkqUwxuf1UvTgQZSjt2PkNWZBUEAnFbcnEuCWdYbgQjCQsAQFYPS0VQCApvHzRifGBQDncSAQJ3CXUPXVEjemRUaUoUc2ttBVBQcQ0T
[DEBUG] Session token length: 128
[DEBUG] Base64 decoded length: 96
   ✓ Got session token
[2/3] Decoding token...
[DEBUG] Challenge message length: 100
[DEBUG] Offset: 10765
[DEBUG] Decoded challenge length: 100
[DEBUG] Token bytes length: 96
[DEBUG] Final token length: 96
[DEBUG] Final token: 1585900dd05a96f088c8aeb080c79a8e7f884b578c92cc1e9dbe1c6aa060ee1cb415833a38878af6a81201f331bf32db
[DEBUG] Token: 1585900dd05a96f088c8aeb080c79a8e7f884b578c92cc1e9dbe1c6aa060ee1cb415833a38878af6a81201f331bf32db
   ✓ Token decoded (length: 96)
[3/3] Connecting...

[DEBUG] WebSocket URL: wss://kahoot.it/cometd/5114254/1585900dd05a96f088c8aeb080c79a8e7f884b578c92cc1e9dbe1c6aa060ee1cb415833a38878af6a81201f331bf32db
✓ Connected to WebSocket
[DEBUG] SEND handshake
[DEBUG] RECV: /meta/handshake 
✓ Handshake OK, clientId: bxzk3dmyw1lwjer317lz5wdrajrfq
[DEBUG] SEND connect (first)
[DEBUG] RECV: /meta/connect 
[DEBUG] SEND connect (second)
[DEBUG] SEND login yousuck723-554
[DEBUG] RECV: /service/controller loginResponse
✓ Login successful! CID: 102808326
[DEBUG] SEND namerator message

=== SUCCESS ===
Listening for game events... (Ctrl+C to exit)

[DEBUG] RECV: /meta/connect 
[DEBUG] RECV: /service/controller 
[DEBUG] RECV: /service/controller 
[DEBUG] RECV: /service/status status
✓ Game is ACTIVE
[DEBUG] RECV: /service/player message

🎉 JOINED AS: SnowyBobcat73
   Player CID: 102808326
[DEBUG] RECV: /service/player message
[DEBUG] RECV: /service/player message
[DEBUG] RECV: /meta/connect 
[DEBUG] RECV: /service/player message
[DEBUG] RECV: /meta/connect 
[DEBUG] RECV: /service/player message
[DEBUG] RECV: /meta/connect 
[DEBUG] RECV: /service/status status
[DEBUG] RECV: /meta/connect 
[DEBUG] RECV: /service/status status
[DEBUG] RECV: /meta/connect 
