
=== Kahoot Auto-Join ===
Game PIN: 5814465
Player: yousuck24-42c

[1/3] Getting session token...
[DEBUG] Session token (raw): ak1paXASYxdQeCNWAFYwZi9TZnUOUFVHKAZSZRcPe2oOA1NcBwIAXQgiE3dgClcjX1EkDRZyAUV9Ois3LzF7UmwHUlUQCk9HAwV+LXY6AWoAVVB2CAN7awZbOgFlQFpc
[DEBUG] Session token length: 128
[DEBUG] Base64 decoded length: 96
   ✓ Got session token
[2/3] Decoding token...
[DEBUG] Challenge message length: 100
[DEBUG] Offset: 7282
[DEBUG] Decoded challenge length: 100
[DEBUG] Token bytes length: 96
[DEBUG] Final token length: 96
[DEBUG] Final token: 61499d1f02df0be1fc369be4b555ff774d1e88869eb5132ddce7c4973abccf2805b4d275a23a2fa28ca71a32adab9871
[DEBUG] Token: 61499d1f02df0be1fc369be4b555ff774d1e88869eb5132ddce7c4973abccf2805b4d275a23a2fa28ca71a32adab9871
   ✓ Token decoded (length: 96)
[3/3] Connecting...

[DEBUG] WebSocket URL: wss://kahoot.it/cometd/5814465/61499d1f02df0be1fc369be4b555ff774d1e88869eb5132ddce7c4973abccf2805b4d275a23a2fa28ca71a32adab9871
✓ Connected to WebSocket
[DEBUG] SEND handshake
[DEBUG] RECV: /meta/handshake 
✓ Handshake OK, clientId: 92u11tiueup645tj5ojlyb8wwuu7z
[DEBUG] SEND connect (first)
[DEBUG] RECV: /meta/connect 
[DEBUG] SEND connect (second)
[DEBUG] SEND login yousuck24-42c
[DEBUG] RECV: /service/status status
[DEBUG] RECV: /meta/connect 
[DEBUG] RECV: /service/controller 

⚠ Timeout - check if name appears in Kahoot lobby
[DEBUG] WebSocket closed: 1005

=== FAILED ===
Error: Connection closed (1005)
