
=== Kahoot Auto-Join ===
Game PIN: 4969059
Player: yousuck47-a6b

[1/3] Getting session token...
[DEBUG] Session token (raw): Kyd7HQNODxkOImwEYE9SDQUiTyksbX9zFmxHA0IGCVlWK2NsBF0DV1NCH2UGUhUFa1h5XQ5TVm1hRlpeXAkAXWR0XkJrYnpTQw9tNRErDgBuRxRRD058VRNjW3hFLX9m
[DEBUG] Session token length: 128
[DEBUG] Base64 decoded length: 96
   ✓ Got session token
[2/3] Decoding token...
[DEBUG] Challenge message length: 100
[DEBUG] Offset: 1258
[DEBUG] Decoded challenge length: 100
[DEBUG] Token bytes length: 96
[DEBUG] Final token length: 96
[DEBUG] Final token: aa5ea87b3f000347ad6bb559d42c9af7ba84ecf5b4d1f5ac1d38bd38904bd46a11583503739daad296d53603e6426d23
[DEBUG] Token: aa5ea87b3f000347ad6bb559d42c9af7ba84ecf5b4d1f5ac1d38bd38904bd46a11583503739daad296d53603e6426d23
   ✓ Token decoded (length: 96)
[3/3] Connecting...

[DEBUG] WebSocket URL: wss://kahoot.it/cometd/4969059/aa5ea87b3f000347ad6bb559d42c9af7ba84ecf5b4d1f5ac1d38bd38904bd46a11583503739daad296d53603e6426d23
✓ Connected to WebSocket
[DEBUG] SEND handshake
[DEBUG] RECV: /meta/handshake 
✓ Handshake OK, clientId: bupig52ieyzcflvgiqiozra8cisj
[DEBUG] SEND connect (first)
[DEBUG] RECV: /meta/connect 
[DEBUG] SEND connect (second)
[DEBUG] SEND login yousuck47-a6b
[DEBUG] RECV: /service/controller loginResponse
✓ Login successful! CID: 815546764
[DEBUG] SEND namerator message

=== SUCCESS ===
Listening for game events... (Ctrl+C to exit)

[DEBUG] RECV: /meta/connect 
[DEBUG] RECV: /service/controller 
[DEBUG] RECV: /service/controller 
[DEBUG] RECV: /service/status status
✓ Game is ACTIVE
[DEBUG] RECV: /service/player message

🎉 JOINED AS: SilverCondor44
   Player CID: 815546764
[DEBUG] RECV: /service/player message
[DEBUG] RECV: /service/player message
[DEBUG] RECV: /service/player message
[DEBUG] RECV: /meta/connect 
[DEBUG] RECV: /service/player message
[DEBUG] RECV: /service/player message
[DEBUG] RECV: /service/player message
[DEBUG] RECV: /service/player message
[DEBUG] RECV: /meta/connect 
[DEBUG] RECV: /service/status status
[DEBUG] RECV: /meta/connect 
