
=== Kahoot Auto-Join ===
Game PIN: 5114254
Player: yousuck87-7pd

[1/3] Getting session token...
[DEBUG] Session token (raw): XhABO2QHZUQIdDFRQyBaOEI7RzZTYFhsUmowMUd/dARQRhAjAU0DRG8MD1RnYgt0KlopRxFRTTVHBg5RQGQJP1BbXHwITw54YFsHUiRRVUNEcBd9JANUD0JcO2MRCXMH
[DEBUG] Session token length: 128
[DEBUG] Base64 decoded length: 96
   ✓ Got session token
[2/3] Decoding token...
[DEBUG] Challenge message length: 100
[DEBUG] Offset: 108088
[DEBUG] Decoded challenge length: 100
[DEBUG] Token bytes length: 96
[DEBUG] Final token length: 96
[DEBUG] Final token: 7fdf587342ec8deb7f7c5415e4cf761262eec147957e46a7a3a0f15f7722375dd458261060ebf8f683e3bead6ac8a77b
[DEBUG] Token: 7fdf587342ec8deb7f7c5415e4cf761262eec147957e46a7a3a0f15f7722375dd458261060ebf8f683e3bead6ac8a77b
   ✓ Token decoded (length: 96)
[3/3] Connecting...

[DEBUG] WebSocket URL: wss://kahoot.it/cometd/5114254/7fdf587342ec8deb7f7c5415e4cf761262eec147957e46a7a3a0f15f7722375dd458261060ebf8f683e3bead6ac8a77b
✓ Connected to WebSocket
[DEBUG] SEND handshake
[DEBUG] RECV: /meta/handshake 
✓ Handshake OK, clientId: bxhomcu5vsx6w55gtqgbvm6enh8s
[DEBUG] SEND connect (first)
[DEBUG] RECV: /meta/connect 
[DEBUG] SEND connect (second)
[DEBUG] SEND login yousuck87-7pd
[DEBUG] RECV: /service/controller loginResponse
✓ Login successful! CID: 141050655
[DEBUG] SEND namerator message

=== SUCCESS ===
Listening for game events... (Ctrl+C to exit)

[DEBUG] RECV: /meta/connect 
[DEBUG] RECV: /service/controller 
[DEBUG] RECV: /service/controller 
[DEBUG] RECV: /service/status status
✓ Game is ACTIVE
[DEBUG] RECV: /service/player message

🎉 JOINED AS: MelodicFox22
   Player CID: 141050655
[DEBUG] RECV: /service/player message
[DEBUG] RECV: /service/player message
[DEBUG] RECV: /service/player message
[DEBUG] RECV: /service/player message
[DEBUG] RECV: /service/player message
[DEBUG] RECV: /meta/connect 
[DEBUG] RECV: /service/player message
[DEBUG] RECV: /meta/connect 
[DEBUG] RECV: /service/player message
[DEBUG] RECV: /meta/connect 
[DEBUG] RECV: /service/player message
[DEBUG] RECV: /meta/connect 
[DEBUG] RECV: /service/player message
[DEBUG] RECV: /meta/connect 
[DEBUG] RECV: /service/player message
[DEBUG] RECV: /meta/connect 
[DEBUG] RECV: /service/player message
[DEBUG] RECV: /meta/connect 
[DEBUG] RECV: /service/player message
[DEBUG] RECV: /meta/connect 
[DEBUG] RECV: /service/player message
[DEBUG] RECV: /meta/connect 
[DEBUG] RECV: /service/player message
[DEBUG] RECV: /meta/connect 
[DEBUG] RECV: /service/player message
[DEBUG] RECV: /meta/connect 
[DEBUG] RECV: /service/player message
[DEBUG] RECV: /meta/connect 
[DEBUG] RECV: /service/status status
[DEBUG] RECV: /meta/connect 
