
=== Kahoot Auto-Join ===
Game PIN: 5732350
Player: yousuck85-mxn

[1/3] Getting session token...
[DEBUG] Session token (raw): Aw9ZCwwsDANeA0R+XFgGe1pwdU9cXwJkawhvRV8NW2gLeXBWam4OUSB1VCpbTScMLQxWdHR3V0p+JFEAcwR6WlgnKwZQWgsMIW5yYnVVDDUWQC4dBkkqTnxVaAo/PkM/
[DEBUG] Session token length: 128
[DEBUG] Base64 decoded length: 96
   ✓ Got session token
[2/3] Decoding token...
[DEBUG] Challenge message length: 100
[DEBUG] Offset: 89159616
[DEBUG] Decoded challenge length: 100
[DEBUG] Token bytes length: 96
[DEBUG] Final token length: 96
[DEBUG] Final token: 442bdcab9463821264681aa522130775f499942ee4dc84a8f28637632d928a3d3dfd6557a1069b7ce8ca65f5148bea0e
[DEBUG] Token: 442bdcab9463821264681aa522130775f499942ee4dc84a8f28637632d928a3d3dfd6557a1069b7ce8ca65f5148bea0e
   ✓ Token decoded (length: 96)
[3/3] Connecting...

[DEBUG] WebSocket URL: wss://kahoot.it/cometd/5732350/442bdcab9463821264681aa522130775f499942ee4dc84a8f28637632d928a3d3dfd6557a1069b7ce8ca65f5148bea0e
✓ Connected to WebSocket
[DEBUG] SEND handshake
[DEBUG] RECV: /meta/handshake 
✓ Handshake OK, clientId: bznxi304iqes3floyv24mot5z81k
[DEBUG] SEND connect (first)
[DEBUG] RECV: /meta/connect 
[DEBUG] SEND connect (second)
[DEBUG] SEND login yousuck85-mxn
[DEBUG] RECV: /service/controller loginResponse
✓ Login successful! CID: 444303396
[DEBUG] SEND namerator message

=== SUCCESS ===
Listening for game events... (Ctrl+C to exit)

[DEBUG] RECV: /meta/connect 
[DEBUG] RECV: /service/controller 
[DEBUG] RECV: /service/controller 
[DEBUG] RECV: /service/status status
✓ Game is ACTIVE
[DEBUG] RECV: /service/player message
[DEBUG] RECV: /service/player message

🎉 JOINED AS: DecisiveWombat8
   Player CID: 444303396
[DEBUG] RECV: /service/player message
[DEBUG] RECV: /meta/connect 
[DEBUG] RECV: /service/player message
[DEBUG] RECV: /meta/connect 
[DEBUG] RECV: /service/player message
[DEBUG] RECV: /meta/connect 
[DEBUG] RECV: /service/status status
[DEBUG] RECV: /meta/connect 
