
=== Kahoot Auto-Join ===
Game PIN: 5732350
Player: yousuck28-hp8

[1/3] Getting session token...
[DEBUG] Session token (raw): eBZSaA5TM0BrEA0ABQJ7SD9WCQ8oQnwgNHQPH1ZUFGhgWwsJZQFxQ10OX2IFfm0aFnoqHwUwZwwMFwQMWkBGAEYuRRMFWWsLZhAOTgEvag0YGwQLWGYlZgRrZwpTAF9p
[DEBUG] Session token length: 128
[DEBUG] Base64 decoded length: 96
   ✓ Got session token
[2/3] Decoding token...
[DEBUG] Challenge message length: 100
[DEBUG] Offset: 329509
[DEBUG] Decoded challenge length: 100
[DEBUG] Token bytes length: 96
[DEBUG] Final token length: 96
[DEBUG] Final token: 2d9960a46d840481fc02c66ca8dd0cf27d4d511144c0164cc9be0f339ebc910f4f3f4d486b923e8bcac8d6d0d4267261
[DEBUG] Token: 2d9960a46d840481fc02c66ca8dd0cf27d4d511144c0164cc9be0f339ebc910f4f3f4d486b923e8bcac8d6d0d4267261
   ✓ Token decoded (length: 96)
[3/3] Connecting...

[DEBUG] WebSocket URL: wss://kahoot.it/cometd/5732350/2d9960a46d840481fc02c66ca8dd0cf27d4d511144c0164cc9be0f339ebc910f4f3f4d486b923e8bcac8d6d0d4267261
✓ Connected to WebSocket
[DEBUG] SEND handshake
[DEBUG] RECV: /meta/handshake 
✓ Handshake OK, clientId: bzn5r45n1q6f2rkn1wongm8j16wm7
[DEBUG] SEND connect (first)
[DEBUG] RECV: /meta/connect 
[DEBUG] SEND connect (second)
[DEBUG] SEND login yousuck28-hp8
[DEBUG] RECV: /service/controller loginResponse
✓ Login successful! CID: 1940496503
[DEBUG] SEND namerator message

=== SUCCESS ===
Listening for game events... (Ctrl+C to exit)

[DEBUG] RECV: /meta/connect 
[DEBUG] RECV: /service/controller 
[DEBUG] RECV: /service/controller 
[DEBUG] RECV: /service/status status
✓ Game is ACTIVE
[DEBUG] RECV: /service/player message

🎉 JOINED AS: DazzledGazelle9
   Player CID: 1940496503
[DEBUG] RECV: /service/player message
[DEBUG] RECV: /meta/connect 
[DEBUG] RECV: /service/player message
[DEBUG] RECV: /meta/connect 
[DEBUG] RECV: /service/player message
[DEBUG] RECV: /meta/connect 
[DEBUG] RECV: /service/status status
[DEBUG] RECV: /meta/connect 
