
=== Kahoot Auto-Join ===
Game PIN: 5732350
Player: yousuck86-edg

[1/3] Getting session token...
[DEBUG] Session token (raw): X2NlRA9hYARYAWoDU3Axfw1XAw8uOgZwAwUrCHFSBj1RQhFmXnR7VQJrGAEwU0c8ASsiN2RDZgUNdVZsMmQufUMPQm5KcA8KDHJKYiVeDgwFQFcLA1J4BQZZAWdnSAgE
[DEBUG] Session token length: 128
[DEBUG] Base64 decoded length: 96
   ✓ Got session token
[2/3] Decoding token...
[DEBUG] Challenge message length: 100
[DEBUG] Offset: 1197218880
[DEBUG] Decoded challenge length: 100
[DEBUG] Token bytes length: 96
[DEBUG] Final token length: 96
[DEBUG] Final token: d507d890063343f217c3ada6d5f33fbb30e8e45286b3a25aabdd255569c8c7e43900604d9961ae7e3053fe73ab50386a
[DEBUG] Token: d507d890063343f217c3ada6d5f33fbb30e8e45286b3a25aabdd255569c8c7e43900604d9961ae7e3053fe73ab50386a
   ✓ Token decoded (length: 96)
[3/3] Connecting...

[DEBUG] WebSocket URL: wss://kahoot.it/cometd/5732350/d507d890063343f217c3ada6d5f33fbb30e8e45286b3a25aabdd255569c8c7e43900604d9961ae7e3053fe73ab50386a
✓ Connected to WebSocket
[DEBUG] SEND handshake
[DEBUG] RECV: /meta/handshake 
✓ Handshake OK, clientId: bzns1mqxdlh6gs4891js6j4ibm5imh
[DEBUG] SEND connect (first)
[DEBUG] RECV: /meta/connect 
[DEBUG] SEND connect (second)
[DEBUG] SEND login yousuck86-edg
[DEBUG] RECV: /service/controller 
[DEBUG] RECV: /service/controller loginResponse
✓ Login successful! CID: 1437820633
[DEBUG] SEND namerator message

=== SUCCESS ===
Listening for game events... (Ctrl+C to exit)

[DEBUG] RECV: /meta/connect 
[DEBUG] RECV: /service/controller 
[DEBUG] RECV: /service/status status
✓ Game is ACTIVE
[DEBUG] RECV: /service/player message

🎉 JOINED AS: ZanyElk98
   Player CID: 1437820633
[DEBUG] RECV: /service/player message
[DEBUG] RECV: /meta/connect 
[DEBUG] RECV: /service/player message
[DEBUG] RECV: /meta/connect 
[DEBUG] RECV: /service/player message
[DEBUG] RECV: /meta/connect 
[DEBUG] RECV: /service/status status
[DEBUG] RECV: /meta/connect 
