
=== Kahoot Auto-Join ===
Game PIN: 5114254
Player: yousuck538-dg0

[1/3] Getting session token...
[DEBUG] Session token (raw): WXMHaHcjGEVwUgsOA1MpE3d9AXNcP0B/JgUyAGVVNHN1DB58UQxRfWE+W1sKVWF9ZywfLl0rD11QDwMEMlwBTl1XUyM6QgJmLiFXOEIOAEtdY3hhWQRBPgUDB0sNCnst
[DEBUG] Session token length: 128
[DEBUG] Base64 decoded length: 96
   ✓ Got session token
[2/3] Decoding token...
[DEBUG] Challenge message length: 100
[DEBUG] Offset: 2215
[DEBUG] Decoded challenge length: 100
[DEBUG] Token bytes length: 96
[DEBUG] Final token length: 96
[DEBUG] Final token: 27f01db7327194fa10b03b62a3bc3ed413e40bb90f0aaf809dcf5e26c62efce71d3ea885ef8c0ea23671cc7a1d426a7e
[DEBUG] Token: 27f01db7327194fa10b03b62a3bc3ed413e40bb90f0aaf809dcf5e26c62efce71d3ea885ef8c0ea23671cc7a1d426a7e
   ✓ Token decoded (length: 96)
[3/3] Connecting...

[DEBUG] WebSocket URL: wss://kahoot.it/cometd/5114254/27f01db7327194fa10b03b62a3bc3ed413e40bb90f0aaf809dcf5e26c62efce71d3ea885ef8c0ea23671cc7a1d426a7e
✓ Connected to WebSocket
[DEBUG] SEND handshake
[DEBUG] RECV: /meta/handshake 
✓ Handshake OK, clientId: bxu91rt3dh1pjdnpx78gyvhkh89xr
[DEBUG] SEND connect (first)
[DEBUG] RECV: /meta/connect 
[DEBUG] SEND connect (second)
[DEBUG] SEND login yousuck538-dg0
[DEBUG] RECV: /service/controller loginResponse
✓ Login successful! CID: 583919024
[DEBUG] SEND namerator message

=== SUCCESS ===
Listening for game events... (Ctrl+C to exit)

[DEBUG] RECV: /meta/connect 
[DEBUG] RECV: /service/controller 
[DEBUG] RECV: /service/controller 
[DEBUG] RECV: /service/status status
✓ Game is ACTIVE
[DEBUG] RECV: /service/player message

🎉 JOINED AS: EpicCheetah3
   Player CID: 583919024
[DEBUG] RECV: /service/player message
[DEBUG] RECV: /meta/connect 
[DEBUG] RECV: /service/player message
[DEBUG] RECV: /meta/connect 
[DEBUG] RECV: /service/player message
[DEBUG] RECV: /meta/connect 
[DEBUG] RECV: /service/player message
[DEBUG] RECV: /meta/connect 
[DEBUG] RECV: /service/player message
[DEBUG] RECV: /meta/connect 
[DEBUG] RECV: /service/player message
[DEBUG] RECV: /meta/connect 
[DEBUG] RECV: /service/status status
[DEBUG] RECV: /meta/connect 
