
=== Kahoot Auto-Join ===
Game PIN: 4969059
Player: yousuck91-08w

[1/3] Getting session token...
[DEBUG] Session token (raw): OlxPbDtxMFl0Ckw1DQVDX1cCcgoOQCF3TAdXBkhiA3dHbVAFZBZoJTw6YndYd1QqAzp+QTJTYzgIUFtLcDFjVlsBT2FNLn97YhIFAwI+aS5yVQ9abSQ1V15faFkITwoq
[DEBUG] Session token length: 128
[DEBUG] Base64 decoded length: 96
   ✓ Got session token
[2/3] Decoding token...
[DEBUG] Challenge message length: 100
[DEBUG] Offset: 19755
[DEBUG] Decoded challenge length: 100
[DEBUG] Token bytes length: 96
[DEBUG] Final token length: 96
[DEBUG] Final token: ac31f9f07b5e083b433c97d105a8806106f44c1bdb97b00dfa70d85c7dd30b2449319d948cb0de3a4c199bc8d850036e
[DEBUG] Token: ac31f9f07b5e083b433c97d105a8806106f44c1bdb97b00dfa70d85c7dd30b2449319d948cb0de3a4c199bc8d850036e
   ✓ Token decoded (length: 96)
[3/3] Connecting...

[DEBUG] WebSocket URL: wss://kahoot.it/cometd/4969059/ac31f9f07b5e083b433c97d105a8806106f44c1bdb97b00dfa70d85c7dd30b2449319d948cb0de3a4c199bc8d850036e
✓ Connected to WebSocket
[DEBUG] SEND handshake
[DEBUG] RECV: /meta/handshake 
✓ Handshake OK, clientId: buqijwnlmi2n9foevx8vo0kyzuq
[DEBUG] SEND connect (first)
[DEBUG] RECV: /meta/connect 
[DEBUG] SEND connect (second)
[DEBUG] SEND login yousuck91-08w
[DEBUG] RECV: /service/controller loginResponse
✓ Login successful! CID: 244582738
[DEBUG] SEND namerator message

=== SUCCESS ===
Listening for game events... (Ctrl+C to exit)

[DEBUG] RECV: /meta/connect 
[DEBUG] RECV: /service/controller 
[DEBUG] RECV: /service/controller 
[DEBUG] RECV: /service/status status
✓ Game is ACTIVE
[DEBUG] RECV: /service/player message
[DEBUG] RECV: /service/player message

🎉 JOINED AS: FuzzyGlider29
   Player CID: 244582738
[DEBUG] RECV: /service/player message
[DEBUG] RECV: /service/player message
[DEBUG] RECV: /service/player message
[DEBUG] RECV: /meta/connect 
[DEBUG] RECV: /service/status status
[DEBUG] RECV: /meta/connect 
