
=== Kahoot Auto-Join ===
Game PIN: 5114254
Player: yousuck92-los

[1/3] Getting session token...
[DEBUG] Session token (raw): YQcDe2MYWQFSFQJHXEY4fVwNLWBWWl9VNnxbe1gPJxc6PkADeFVTSxECQU1TdW48eDZbdElSIzh5Wy8pQAUCL1YBNHhUQGJSVkxrUXFoAHgMbwUJM0ETMCcRBXosB1c5
[DEBUG] Session token length: 128
[DEBUG] Base64 decoded length: 96
   ✓ Got session token
[2/3] Decoding token...
[DEBUG] Challenge message length: 100
[DEBUG] Offset: 25006706
[DEBUG] Decoded challenge length: 100
[DEBUG] Token bytes length: 96
[DEBUG] Final token length: 96
[DEBUG] Final token: 11c38b257a06e5f3dbd60a99a41743dfee1f8269cc29545b4ae307fc0fab286f71d7f654149d78d7d15cd1beba93e4df
[DEBUG] Token: 11c38b257a06e5f3dbd60a99a41743dfee1f8269cc29545b4ae307fc0fab286f71d7f654149d78d7d15cd1beba93e4df
   ✓ Token decoded (length: 96)
[3/3] Connecting...

[DEBUG] WebSocket URL: wss://kahoot.it/cometd/5114254/11c38b257a06e5f3dbd60a99a41743dfee1f8269cc29545b4ae307fc0fab286f71d7f654149d78d7d15cd1beba93e4df
✓ Connected to WebSocket
[DEBUG] SEND handshake
[DEBUG] RECV: /meta/handshake 
✓ Handshake OK, clientId: bxhtmvdfkhqlsl8n1v79b53vsz5rf
[DEBUG] SEND connect (first)
[DEBUG] RECV: /meta/connect 
[DEBUG] SEND connect (second)
[DEBUG] SEND login yousuck92-los
[DEBUG] RECV: /service/controller loginResponse
✓ Login successful! CID: 162572825
[DEBUG] SEND namerator message

=== SUCCESS ===
Listening for game events... (Ctrl+C to exit)

[DEBUG] RECV: /meta/connect 
[DEBUG] RECV: /service/controller 
[DEBUG] RECV: /service/controller 
[DEBUG] RECV: /service/status status
✓ Game is ACTIVE
[DEBUG] RECV: /service/player message

🎉 JOINED AS: RockstarIbex95
   Player CID: 162572825
[DEBUG] RECV: /service/player message
[DEBUG] RECV: /service/player message
[DEBUG] RECV: /service/player message
[DEBUG] RECV: /service/player message
[DEBUG] RECV: /service/player message
[DEBUG] RECV: /meta/connect 
[DEBUG] RECV: /service/player message
[DEBUG] RECV: /meta/connect 
[DEBUG] RECV: /service/player message
[DEBUG] RECV: /meta/connect 
[DEBUG] RECV: /service/player message
[DEBUG] RECV: /meta/connect 
[DEBUG] RECV: /service/player message
[DEBUG] RECV: /meta/connect 
[DEBUG] RECV: /service/player message
[DEBUG] RECV: /meta/connect 
[DEBUG] RECV: /service/player message
[DEBUG] RECV: /meta/connect 
[DEBUG] RECV: /service/player message
[DEBUG] RECV: /meta/connect 
[DEBUG] RECV: /service/player message
[DEBUG] RECV: /meta/connect 
[DEBUG] RECV: /service/player message
[DEBUG] RECV: /meta/connect 
[DEBUG] RECV: /service/player message
[DEBUG] RECV: /meta/connect 
[DEBUG] RECV: /service/player message
[DEBUG] RECV: /meta/connect 
[DEBUG] RECV: /service/status status
[DEBUG] RECV: /meta/connect 
