
=== Kahoot Auto-Join ===
Game PIN: 5114254
Player: yousuck896-urr

[1/3] Getting session token...
[DEBUG] Session token (raw): ZFAxAAtIDw0JX15TZzNZYFt+RFxwZBcTNVlxMkF4DD5pVx4lUx9JYzUHbwgAdGALUQZQcGg0DHIGOU8GWXsmX0INPVcmWFUKcQcMAQ5oGwV4G0EOKFQMQGlrbHNSUW4d
[DEBUG] Session token length: 128
[DEBUG] Base64 decoded length: 96
   ✓ Got session token
[2/3] Decoding token...
[DEBUG] Challenge message length: 100
[DEBUG] Offset: 660
[DEBUG] Decoded challenge length: 100
[DEBUG] Token bytes length: 96
[DEBUG] Final token length: 96
[DEBUG] Final token: 88cb40b4d75c5b35d91088ecea4f94fc60eb4e88f83007804ef26d644c8eb1df6da4e863352634a75b44fbe15503fa1f
[DEBUG] Token: 88cb40b4d75c5b35d91088ecea4f94fc60eb4e88f83007804ef26d644c8eb1df6da4e863352634a75b44fbe15503fa1f
   ✓ Token decoded (length: 96)
[3/3] Connecting...

[DEBUG] WebSocket URL: wss://kahoot.it/cometd/5114254/88cb40b4d75c5b35d91088ecea4f94fc60eb4e88f83007804ef26d644c8eb1df6da4e863352634a75b44fbe15503fa1f
✓ Connected to WebSocket
[DEBUG] SEND handshake
[DEBUG] RECV: /meta/handshake 
✓ Handshake OK, clientId: by41qssklbnd0jlr184qpv7fhfgyo
[DEBUG] SEND connect (first)
[DEBUG] RECV: /meta/connect 
[DEBUG] SEND connect (second)
[DEBUG] SEND login yousuck896-urr
[DEBUG] RECV: /service/controller loginResponse
✓ Login successful! CID: 319931223
[DEBUG] SEND namerator message

=== SUCCESS ===
Listening for game events... (Ctrl+C to exit)

[DEBUG] RECV: /meta/connect 
[DEBUG] RECV: /service/controller 
[DEBUG] RECV: /service/controller 
[DEBUG] RECV: /service/status status
✓ Game is ACTIVE
[DEBUG] RECV: /service/player message

🎉 JOINED AS: AdorableBison83
   Player CID: 319931223
[DEBUG] RECV: /service/player message
[DEBUG] RECV: /service/player message
[DEBUG] RECV: /meta/connect 
[DEBUG] RECV: /service/status status
[DEBUG] RECV: /meta/connect 
