
=== Kahoot Auto-Join ===
Game PIN: 5114254
Player: yousuck236-ibl

[1/3] Getting session token...
[DEBUG] Session token (raw): ZnlqewFvQmZZb1w3S1kXVUl9XToEICxcJ2F1DGkPcXwpWCB6K05oXR4iCmpfMyl1AAhxfEVvRm8Fd1s5ZiN1VV9AXVBFbigCQD5ebXc3YiN4V2wGNRoXNFBTXlhzF1IO
[DEBUG] Session token length: 128
[DEBUG] Base64 decoded length: 96
   ✓ Got session token
[2/3] Decoding token...
[DEBUG] Challenge message length: 100
[DEBUG] Offset: 182525
[DEBUG] Decoded challenge length: 100
[DEBUG] Token bytes length: 96
[DEBUG] Final token length: 96
[DEBUG] Final token: 57775335510d3aa0934daed3a9043f82e1f6e47fdab06eb0f867934153ed4c04414d59d57cd71d3e9009ffbb96f70b8d
[DEBUG] Token: 57775335510d3aa0934daed3a9043f82e1f6e47fdab06eb0f867934153ed4c04414d59d57cd71d3e9009ffbb96f70b8d
   ✓ Token decoded (length: 96)
[3/3] Connecting...

[DEBUG] WebSocket URL: wss://kahoot.it/cometd/5114254/57775335510d3aa0934daed3a9043f82e1f6e47fdab06eb0f867934153ed4c04414d59d57cd71d3e9009ffbb96f70b8d
✓ Connected to WebSocket
[DEBUG] SEND handshake
[DEBUG] RECV: /meta/handshake 
✓ Handshake OK, clientId: bxm0p4d2b5f22tmd1wa3vy2l5wadj
[DEBUG] SEND connect (first)
[DEBUG] RECV: /meta/connect 
[DEBUG] SEND connect (second)
[DEBUG] SEND login yousuck236-ibl
[DEBUG] RECV: /service/controller loginResponse
✓ Login successful! CID: 660599487
[DEBUG] SEND namerator message

=== SUCCESS ===
Listening for game events... (Ctrl+C to exit)

[DEBUG] RECV: /meta/connect 
[DEBUG] RECV: /service/controller 
[DEBUG] RECV: /service/controller 
[DEBUG] RECV: /service/status status
✓ Game is ACTIVE
[DEBUG] RECV: /service/player message

🎉 JOINED AS: AmazonRaven71
   Player CID: 660599487
[DEBUG] RECV: /service/player message
[DEBUG] RECV: /meta/connect 
[DEBUG] RECV: /service/player message
[DEBUG] RECV: /meta/connect 
[DEBUG] RECV: /service/player message
[DEBUG] RECV: /meta/connect 
[DEBUG] RECV: /service/player message
[DEBUG] RECV: /meta/connect 
[DEBUG] RECV: /service/player message
[DEBUG] RECV: /meta/connect 
[DEBUG] RECV: /service/player message
[DEBUG] RECV: /meta/connect 
[DEBUG] RECV: /service/player message
[DEBUG] RECV: /meta/connect 
[DEBUG] RECV: /service/player message
[DEBUG] RECV: /meta/connect 
[DEBUG] RECV: /service/player message
[DEBUG] RECV: /meta/connect 
[DEBUG] RECV: /service/player message
[DEBUG] RECV: /meta/connect 
[DEBUG] RECV: /service/player message
[DEBUG] RECV: /meta/connect 
[DEBUG] RECV: /service/status status
[DEBUG] RECV: /meta/connect 
