
=== Kahoot Auto-Join ===
Game PIN: 5814465
Player: yousuck2-w5f

[1/3] Getting session token...
[DEBUG] Session token (raw): QQ5QQXEET2RTQFBaLkwHXWFkLSB/Cw4TBDwhDQpkCXpTTgpbORlOBkcOAw5TQHMEAwdJalQvawdYYQB5RzsIPA40KFY8VwkyYA4+SGRBTFJsXkxYBwt0Qn1YeF8oCm87
[DEBUG] Session token length: 128
[DEBUG] Base64 decoded length: 96
   ✓ Got session token
[2/3] Decoding token...
[DEBUG] Challenge message length: 100
[DEBUG] Offset: 3304
[DEBUG] Decoded challenge length: 100
[DEBUG] Token bytes length: 96
[DEBUG] Final token length: 96
[DEBUG] Final token: 78a71d97b60ec77213af8ced2ba2e4f3e81ede737f4e304007589a7396500c8f0ab7a27f2bd18707207579937e7ad52c
[DEBUG] Token: 78a71d97b60ec77213af8ced2ba2e4f3e81ede737f4e304007589a7396500c8f0ab7a27f2bd18707207579937e7ad52c
   ✓ Token decoded (length: 96)
[3/3] Connecting...

[DEBUG] WebSocket URL: wss://kahoot.it/cometd/5814465/78a71d97b60ec77213af8ced2ba2e4f3e81ede737f4e304007589a7396500c8f0ab7a27f2bd18707207579937e7ad52c
✓ Connected to WebSocket
[DEBUG] SEND handshake
[DEBUG] RECV: /meta/handshake 
✓ Handshake OK, clientId: 92qj1buuxg7qufewz1djeswd0ycptb
[DEBUG] SEND connect (first)
[DEBUG] RECV: /meta/connect 
[DEBUG] SEND connect (second)
[DEBUG] SEND login yousuck2-w5f
[DEBUG] RECV: /service/controller loginResponse
✓ Login successful! CID: 588153822
[DEBUG] SEND namerator message

=== SUCCESS ===
Listening for game events... (Ctrl+C to exit)

[DEBUG] RECV: /meta/connect 
[DEBUG] RECV: /service/controller 
[DEBUG] RECV: /service/controller 
[DEBUG] RECV: /meta/connect 
[DEBUG] RECV: /meta/connect 
[DEBUG] RECV: /meta/connect 
[DEBUG] RECV: /meta/connect 
[DEBUG] RECV: /meta/connect 
[DEBUG] RECV: /meta/connect 
[DEBUG] RECV: /meta/connect 
[DEBUG] RECV: /meta/connect 
[DEBUG] RECV: /meta/connect 
[DEBUG] RECV: /meta/connect 
[DEBUG] RECV: /meta/connect 
[DEBUG] RECV: /meta/connect 
[DEBUG] RECV: /meta/connect 
[DEBUG] RECV: /meta/connect 
[DEBUG] RECV: /meta/connect 
[DEBUG] RECV: /meta/connect 
[DEBUG] RECV: /meta/connect 
[DEBUG] RECV: /meta/connect 
[DEBUG] RECV: /meta/connect 
[DEBUG] RECV: /meta/connect 
[DEBUG] RECV: /meta/connect 
[DEBUG] RECV: /meta/connect 
[DEBUG] RECV: /meta/connect 
[DEBUG] RECV: /meta/connect 
[DEBUG] RECV: /meta/connect 
[DEBUG] RECV: /meta/connect 
[DEBUG] RECV: /meta/connect 
