
=== Kahoot Auto-Join ===
Game PIN: 5814465
Player: yousuck20-ytx

[1/3] Getting session token...
[DEBUG] Session token (raw): FlsGU14TABU7UxdQO1VbU3oFKGMHdUE0C1o3DSMDZEQMXGxsOg9Seh5ARk13E2pFFWVEWX1RVhkBUW5bdxJtWzdiWzdTBQtbVHFCNhNBGnEFYSlmQSNgbHwAAFJjGGBd
[DEBUG] Session token length: 128
[DEBUG] Base64 decoded length: 96
   ✓ Got session token
[2/3] Decoding token...
[DEBUG] Challenge message length: 100
[DEBUG] Offset: 27245
[DEBUG] Decoded challenge length: 100
[DEBUG] Token bytes length: 96
[DEBUG] Final token length: 96
[DEBUG] Final token: fdd6ce4bb0e5c1cb99d1b81bf4b5e9460978a563f7643a55b12d283bcd527b9ce8bd9245e09cf1a970d56a0239007c7c
[DEBUG] Token: fdd6ce4bb0e5c1cb99d1b81bf4b5e9460978a563f7643a55b12d283bcd527b9ce8bd9245e09cf1a970d56a0239007c7c
   ✓ Token decoded (length: 96)
[3/3] Connecting...

[DEBUG] WebSocket URL: wss://kahoot.it/cometd/5814465/fdd6ce4bb0e5c1cb99d1b81bf4b5e9460978a563f7643a55b12d283bcd527b9ce8bd9245e09cf1a970d56a0239007c7c
✓ Connected to WebSocket
[DEBUG] SEND handshake
[DEBUG] RECV: /meta/handshake 
✓ Handshake OK, clientId: 92r51gu35csayctiuucodzmcdmtrb
[DEBUG] SEND connect (first)
[DEBUG] RECV: /meta/connect 
[DEBUG] SEND connect (second)
[DEBUG] SEND login yousuck20-ytx
[DEBUG] RECV: /service/controller loginResponse
✓ Login successful! CID: 682519014
[DEBUG] SEND namerator message

=== SUCCESS ===
Listening for game events... (Ctrl+C to exit)

[DEBUG] RECV: /meta/connect 
[DEBUG] RECV: /service/controller 
[DEBUG] RECV: /service/controller 
[DEBUG] RECV: /meta/connect 
[DEBUG] RECV: /meta/connect 
[DEBUG] RECV: /meta/connect 
[DEBUG] RECV: /meta/connect 
[DEBUG] RECV: /meta/connect 
[DEBUG] RECV: /meta/connect 
[DEBUG] RECV: /meta/connect 
[DEBUG] RECV: /meta/connect 
[DEBUG] RECV: /meta/connect 
[DEBUG] RECV: /meta/connect 
[DEBUG] RECV: /meta/connect 
[DEBUG] RECV: /meta/connect 
[DEBUG] RECV: /meta/connect 
[DEBUG] RECV: /meta/connect 
[DEBUG] RECV: /meta/connect 
[DEBUG] RECV: /meta/connect 
[DEBUG] RECV: /meta/connect 
[DEBUG] RECV: /meta/connect 
[DEBUG] RECV: /meta/connect 
[DEBUG] RECV: /meta/connect 
[DEBUG] RECV: /meta/connect 
[DEBUG] RECV: /meta/connect 
[DEBUG] RECV: /meta/connect 
[DEBUG] RECV: /meta/connect 
[DEBUG] RECV: /meta/connect 
[DEBUG] RECV: /meta/connect 
[DEBUG] RECV: /meta/connect 
