
=== Kahoot Auto-Join ===
Game PIN: 5814465
Player: yousuck53-7om

[1/3] Getting session token...
[DEBUG] Session token (raw): BXJaCRkAXCFXHwNwAgUGUkFoDk8FBUksAwRaZ25rIHlzGGIQYiwLImlnawsYOF88V1R5CUF2UQVYdxBjdAQXeTcFJCMRKld6AgBOZ1oGGEZqFglVGlo+f1pbdwlNWxRB
[DEBUG] Session token length: 128
[DEBUG] Base64 decoded length: 96
   ✓ Got session token
[2/3] Decoding token...
[DEBUG] Challenge message length: 100
[DEBUG] Offset: 2284
[DEBUG] Decoded challenge length: 100
[DEBUG] Token bytes length: 96
[DEBUG] Final token length: 96
[DEBUG] Final token: f162b1dfcc4290ed02171f0db07121c31a3a6a5e6275aabc371e67e221f894d9a0ffbfe77f894eb77ddebaf29d6045a5
[DEBUG] Token: f162b1dfcc4290ed02171f0db07121c31a3a6a5e6275aabc371e67e221f894d9a0ffbfe77f894eb77ddebaf29d6045a5
   ✓ Token decoded (length: 96)
[3/3] Connecting...

[DEBUG] WebSocket URL: wss://kahoot.it/cometd/5814465/f162b1dfcc4290ed02171f0db07121c31a3a6a5e6275aabc371e67e221f894d9a0ffbfe77f894eb77ddebaf29d6045a5
✓ Connected to WebSocket
[DEBUG] SEND handshake
[DEBUG] RECV: /meta/handshake 
✓ Handshake OK, clientId: 92vq1pq4mel24p80xndxbkajqewrv
[DEBUG] SEND connect (first)
[DEBUG] RECV: /meta/connect 
[DEBUG] SEND connect (second)
[DEBUG] SEND login yousuck53-7om
[DEBUG] RECV: /service/status status
[DEBUG] RECV: /meta/connect 
[DEBUG] RECV: /service/controller 

⚠ Timeout - check if name appears in Kahoot lobby
[DEBUG] WebSocket closed: 1005

=== FAILED ===
Error: Connection closed (1005)
