
=== Kahoot Auto-Join ===
Game PIN: 4969059
Player: yousuck83-0q5

[1/3] Getting session token...
[DEBUG] Session token (raw): IyxMBgUIewMkU1MDGAZRelVYFBoFbjwHAXFQfVZ2cnoDa3hRUCQ6A0g0EGM7WnggUHlDUwRVVFkOWRY6UXccWlhfDQRiCmtXd2B1BgZxay9cDGxdHCFHfG1cbRcWBHYN
[DEBUG] Session token length: 128
[DEBUG] Base64 decoded length: 96
   ✓ Got session token
[2/3] Decoding token...
[DEBUG] Challenge message length: 100
[DEBUG] Offset: 326
[DEBUG] Decoded challenge length: 100
[DEBUG] Token bytes length: 96
[DEBUG] Final token length: 96
[DEBUG] Final token: ad006938f804aa4916cfd0d510a939635364cfbf0fc8c97eb03d016755ddd3ea2fca67536941135d727afc58531dc357
[DEBUG] Token: ad006938f804aa4916cfd0d510a939635364cfbf0fc8c97eb03d016755ddd3ea2fca67536941135d727afc58531dc357
   ✓ Token decoded (length: 96)
[3/3] Connecting...

[DEBUG] WebSocket URL: wss://kahoot.it/cometd/4969059/ad006938f804aa4916cfd0d510a939635364cfbf0fc8c97eb03d016755ddd3ea2fca67536941135d727afc58531dc357
✓ Connected to WebSocket
[DEBUG] SEND handshake
[DEBUG] RECV: /meta/handshake 
✓ Handshake OK, clientId: buqkoajqlah0ikxkutsm7cht58sp
[DEBUG] SEND connect (first)
[DEBUG] RECV: /meta/connect 
[DEBUG] SEND connect (second)
[DEBUG] SEND login yousuck83-0q5
[DEBUG] RECV: /service/controller loginResponse
✓ Login successful! CID: 897274112
[DEBUG] SEND namerator message

=== SUCCESS ===
Listening for game events... (Ctrl+C to exit)

[DEBUG] RECV: /meta/connect 
[DEBUG] RECV: /service/controller 
[DEBUG] RECV: /service/controller 
[DEBUG] RECV: /service/status status
✓ Game is ACTIVE
[DEBUG] RECV: /service/player message
[DEBUG] RECV: /service/player message
[DEBUG] RECV: /service/player message

🎉 JOINED AS: SmoothTurtle88
   Player CID: 897274112
[DEBUG] RECV: /service/player message
[DEBUG] RECV: /service/player message
[DEBUG] RECV: /meta/connect 
[DEBUG] RECV: /service/status status
[DEBUG] RECV: /meta/connect 
