
=== Kahoot Auto-Join ===
Game PIN: 4969059
Player: yousuck9-u75

[1/3] Getting session token...
[DEBUG] Session token (raw): LlhwKm0WFAk9Ul4oZkknPi4fBQU+dVpEOFgpYwVpaypdQkJbImVaa20jTWxyaSIAZEsiT10ZXkF2fStvGkguMVldQV9IY0RyBHJvYE8pU1wjJ1UAUxZcMXAOW2U1QVQi
[DEBUG] Session token length: 128
[DEBUG] Base64 decoded length: 96
   ✓ Got session token
[2/3] Decoding token...
[DEBUG] Challenge message length: 100
[DEBUG] Offset: 15427
[DEBUG] Decoded challenge length: 100
[DEBUG] Token bytes length: 96
[DEBUG] Final token length: 96
[DEBUG] Final token: e21d6df4d36c59ccdd77c165fef9337f554ff4e32c1628fe97d97ab626a5c2ec8061181536875b0eabb73a0e0f57c4bf
[DEBUG] Token: e21d6df4d36c59ccdd77c165fef9337f554ff4e32c1628fe97d97ab626a5c2ec8061181536875b0eabb73a0e0f57c4bf
   ✓ Token decoded (length: 96)
[3/3] Connecting...

[DEBUG] WebSocket URL: wss://kahoot.it/cometd/4969059/e21d6df4d36c59ccdd77c165fef9337f554ff4e32c1628fe97d97ab626a5c2ec8061181536875b0eabb73a0e0f57c4bf
✓ Connected to WebSocket
[DEBUG] SEND handshake
[DEBUG] RECV: /meta/handshake 
✓ Handshake OK, clientId: buocirgskgsfe963aur82uwhe6yn
[DEBUG] SEND connect (first)
[DEBUG] RECV: /meta/connect 
[DEBUG] SEND connect (second)
[DEBUG] SEND login yousuck9-u75
[DEBUG] RECV: /service/controller loginResponse
✓ Login successful! CID: 1579076789
[DEBUG] SEND namerator message

=== SUCCESS ===
Listening for game events... (Ctrl+C to exit)

[DEBUG] RECV: /meta/connect 
[DEBUG] RECV: /service/controller 
[DEBUG] RECV: /service/controller 
[DEBUG] RECV: /service/status status
✓ Game is ACTIVE
[DEBUG] RECV: /service/player message
[DEBUG] RECV: /service/player message

🎉 JOINED AS: CharmingEgret39
   Player CID: 1579076789
[DEBUG] RECV: /service/player message
[DEBUG] RECV: /service/player message
[DEBUG] RECV: /meta/connect 
[DEBUG] RECV: /service/player message
[DEBUG] RECV: /service/player message
[DEBUG] RECV: /service/player message
[DEBUG] RECV: /meta/connect 
[DEBUG] RECV: /service/player message
[DEBUG] RECV: /service/player message
[DEBUG] RECV: /meta/connect 
[DEBUG] RECV: /service/player message
[DEBUG] RECV: /service/player message
[DEBUG] RECV: /service/player message
[DEBUG] RECV: /meta/connect 
[DEBUG] RECV: /service/status status
[DEBUG] RECV: /meta/connect 
