
=== Kahoot Auto-Join ===
Game PIN: 5114254
Player: yousuck552-w17

[1/3] Getting session token...
[DEBUG] Session token (raw): Y0V4OgpYf20IRF1aAm1bDSU1fwARVRMLUBRdWGIWRFYcRkkzWGB4VFMMAVNTPWBRagh9N0JYUwYTb2w/cHcEJgxbWy81Lj82CHlTAis2BHR9X1k2EjQvBU4EeQFXDA0H
[DEBUG] Session token length: 128
[DEBUG] Base64 decoded length: 96
   ✓ Got session token
[2/3] Decoding token...
[DEBUG] Challenge message length: 100
[DEBUG] Offset: 191
[DEBUG] Decoded challenge length: 100
[DEBUG] Token bytes length: 96
[DEBUG] Final token length: 96
[DEBUG] Final token: 625c0591a04e5186ba0ca6e6fe847c46d03f657a4a8b3a9d811f998fb78e38fae0deebcbe03eec98183acbe6883b9217
[DEBUG] Token: 625c0591a04e5186ba0ca6e6fe847c46d03f657a4a8b3a9d811f998fb78e38fae0deebcbe03eec98183acbe6883b9217
   ✓ Token decoded (length: 96)
[3/3] Connecting...

[DEBUG] WebSocket URL: wss://kahoot.it/cometd/5114254/625c0591a04e5186ba0ca6e6fe847c46d03f657a4a8b3a9d811f998fb78e38fae0deebcbe03eec98183acbe6883b9217
✓ Connected to WebSocket
[DEBUG] SEND handshake
[DEBUG] RECV: /meta/handshake 
✓ Handshake OK, clientId: bxun195ot6mxdwc5p1lq5khgvmwf0t
[DEBUG] SEND connect (first)
[DEBUG] RECV: /meta/connect 
[DEBUG] SEND connect (second)
[DEBUG] SEND login yousuck552-w17
[DEBUG] RECV: /service/controller loginResponse
✓ Login successful! CID: 10035980
[DEBUG] SEND namerator message

=== SUCCESS ===
Listening for game events... (Ctrl+C to exit)

[DEBUG] RECV: /meta/connect 
[DEBUG] RECV: /service/controller 
[DEBUG] RECV: /service/controller 
[DEBUG] RECV: /service/status status
✓ Game is ACTIVE
[DEBUG] RECV: /service/player message

🎉 JOINED AS: AgentElk90
   Player CID: 10035980
[DEBUG] RECV: /service/player message
[DEBUG] RECV: /meta/connect 
[DEBUG] RECV: /service/player message
[DEBUG] RECV: /meta/connect 
[DEBUG] RECV: /service/player message
[DEBUG] RECV: /meta/connect 
[DEBUG] RECV: /service/player message
[DEBUG] RECV: /meta/connect 
[DEBUG] RECV: /service/player message
[DEBUG] RECV: /meta/connect 
[DEBUG] RECV: /service/player message
[DEBUG] RECV: /meta/connect 
[DEBUG] RECV: /service/status status
[DEBUG] RECV: /meta/connect 
