
=== Kahoot Auto-Join ===
Game PIN: 5114254
Player: yousuck68-sf3

[1/3] Getting session token...
[DEBUG] Session token (raw): USRsA0RJClZUU35hf34PVH1kDjYFDg5ZUG8DcGxZdmVRQmg9LjgoPFR+BGsrSwdQDgUCCXBWNChyYQpgPSJ7BVhUEEpeAgJVCVwEZXkEM1oFAwlRAlQeKgIoWBgzLSNz
[DEBUG] Session token length: 128
[DEBUG] Base64 decoded length: 96
   ✓ Got session token
[2/3] Decoding token...
[DEBUG] Challenge message length: 100
[DEBUG] Offset: 5053
[DEBUG] Decoded challenge length: 100
[DEBUG] Token bytes length: 96
[DEBUG] Final token length: 96
[DEBUG] Final token: 1a5d63688134442157ac23e6c0a35305e41dbdbae7c4a2bade6a1fbb9266bf7e52f8964b68b70dd27521efdc6a1deef5
[DEBUG] Token: 1a5d63688134442157ac23e6c0a35305e41dbdbae7c4a2bade6a1fbb9266bf7e52f8964b68b70dd27521efdc6a1deef5
   ✓ Token decoded (length: 96)
[3/3] Connecting...

[DEBUG] WebSocket URL: wss://kahoot.it/cometd/5114254/1a5d63688134442157ac23e6c0a35305e41dbdbae7c4a2bade6a1fbb9266bf7e52f8964b68b70dd27521efdc6a1deef5
✓ Connected to WebSocket
[DEBUG] SEND handshake
[DEBUG] RECV: /meta/handshake 
✓ Handshake OK, clientId: bxhaukhba3yflydc1uo0gdkinoax2
[DEBUG] SEND connect (first)
[DEBUG] RECV: /meta/connect 
[DEBUG] SEND connect (second)
[DEBUG] SEND login yousuck68-sf3
[DEBUG] RECV: /service/controller loginResponse
✓ Login successful! CID: 738782159
[DEBUG] SEND namerator message

=== SUCCESS ===
Listening for game events... (Ctrl+C to exit)

[DEBUG] RECV: /meta/connect 
[DEBUG] RECV: /service/controller 
[DEBUG] RECV: /service/controller 
[DEBUG] RECV: /service/status status
✓ Game is ACTIVE
[DEBUG] RECV: /service/player message

🎉 JOINED AS: AmazingHen60
   Player CID: 738782159
[DEBUG] RECV: /service/player message
[DEBUG] RECV: /service/player message
[DEBUG] RECV: /service/player message
[DEBUG] RECV: /meta/connect 
[DEBUG] RECV: /service/player message
[DEBUG] RECV: /service/player message
[DEBUG] RECV: /service/player message
[DEBUG] RECV: /meta/connect 
[DEBUG] RECV: /service/player message
[DEBUG] RECV: /meta/connect 
[DEBUG] RECV: /service/player message
[DEBUG] RECV: /meta/connect 
[DEBUG] RECV: /service/player message
[DEBUG] RECV: /meta/connect 
[DEBUG] RECV: /service/player message
[DEBUG] RECV: /meta/connect 
[DEBUG] RECV: /service/player message
[DEBUG] RECV: /meta/connect 
[DEBUG] RECV: /service/player message
[DEBUG] RECV: /meta/connect 
[DEBUG] RECV: /service/player message
[DEBUG] RECV: /meta/connect 
[DEBUG] RECV: /service/player message
[DEBUG] RECV: /meta/connect 
[DEBUG] RECV: /service/player message
[DEBUG] RECV: /meta/connect 
[DEBUG] RECV: /service/player message
[DEBUG] RECV: /meta/connect 
[DEBUG] RECV: /service/player message
[DEBUG] RECV: /meta/connect 
[DEBUG] RECV: /service/status status
[DEBUG] RECV: /meta/connect 
