
=== Kahoot Auto-Join ===
Game PIN: 5114254
Player: yousuck307-nmp

[1/3] Getting session token...
[DEBUG] Session token (raw): CEpYDExtRV9XMWwCVxNheWYBAwhDEg1nb2gFC1I4ZzBBDD4HBlkYQyEMUUUBV0YpXAYBdHxZcVNcClQ6cHpwcn4KEA1+XihLZzZMVlAEfUVcUGQhA2lbcmd/f1snb1pU
[DEBUG] Session token length: 128
[DEBUG] Base64 decoded length: 96
   ✓ Got session token
[2/3] Decoding token...
[DEBUG] Challenge message length: 100
[DEBUG] Offset: 3080000
[DEBUG] Decoded challenge length: 100
[DEBUG] Token bytes length: 96
[DEBUG] Final token length: 96
[DEBUG] Final token: 824f66178e19fa225ee40d664370ee8c87bfdfa8fa93ff3ce183027439fd72073fbf86d92a8ae455730d3733606ea59c
[DEBUG] Token: 824f66178e19fa225ee40d664370ee8c87bfdfa8fa93ff3ce183027439fd72073fbf86d92a8ae455730d3733606ea59c
   ✓ Token decoded (length: 96)
[3/3] Connecting...

[DEBUG] WebSocket URL: wss://kahoot.it/cometd/5114254/824f66178e19fa225ee40d664370ee8c87bfdfa8fa93ff3ce183027439fd72073fbf86d92a8ae455730d3733606ea59c
✓ Connected to WebSocket
[DEBUG] SEND handshake
[DEBUG] RECV: /meta/handshake 
✓ Handshake OK, clientId: bxnu1w0sacm357wnu2un1y2n07ma2
[DEBUG] SEND connect (first)
[DEBUG] RECV: /meta/connect 
[DEBUG] SEND connect (second)
[DEBUG] SEND login yousuck307-nmp
[DEBUG] RECV: /service/controller loginResponse
✓ Login successful! CID: 1513771489
[DEBUG] SEND namerator message

=== SUCCESS ===
Listening for game events... (Ctrl+C to exit)

[DEBUG] RECV: /meta/connect 
[DEBUG] RECV: /service/controller 
[DEBUG] RECV: /service/controller 
[DEBUG] RECV: /service/status status
✓ Game is ACTIVE
[DEBUG] RECV: /service/player message

🎉 JOINED AS: InspiredCamel72
   Player CID: 1513771489
[DEBUG] RECV: /service/player message
[DEBUG] RECV: /meta/connect 
[DEBUG] RECV: /service/player message
[DEBUG] RECV: /meta/connect 
[DEBUG] RECV: /service/player message
[DEBUG] RECV: /meta/connect 
[DEBUG] RECV: /service/player message
[DEBUG] RECV: /meta/connect 
[DEBUG] RECV: /service/player message
[DEBUG] RECV: /meta/connect 
[DEBUG] RECV: /service/player message
[DEBUG] RECV: /meta/connect 
[DEBUG] RECV: /service/player message
[DEBUG] RECV: /meta/connect 
[DEBUG] RECV: /service/player message
[DEBUG] RECV: /meta/connect 
[DEBUG] RECV: /service/player message
[DEBUG] RECV: /meta/connect 
[DEBUG] RECV: /service/status status
[DEBUG] RECV: /meta/connect 
