
=== Kahoot Auto-Join ===
Game PIN: 5114254
Player: yousuck305-zxn

[1/3] Getting session token...
[DEBUG] Session token (raw): LxQfb1UECi14fCQIdwpifjNqDitWZgdvHn4HQEduWVdoVUQENCYIFiY+H2RSE1h9aFcJZhJSLWxBOBx5BV8vABBpLy9GY1VMfUFTDxErfnMoIltiBiFIemZdZg1gbisg
[DEBUG] Session token length: 128
[DEBUG] Base64 decoded length: 96
   ✓ Got session token
[2/3] Decoding token...
[DEBUG] Challenge message length: 100
[DEBUG] Offset: 189214
[DEBUG] Decoded challenge length: 100
[DEBUG] Token bytes length: 96
[DEBUG] Final token length: 96
[DEBUG] Final token: fed00c9d60fb6150d4cdc840b50249698f60eabccfe58a5602c3d3a32cf60afec9fe35974782eb24fcd9ce30946608aa
[DEBUG] Token: fed00c9d60fb6150d4cdc840b50249698f60eabccfe58a5602c3d3a32cf60afec9fe35974782eb24fcd9ce30946608aa
   ✓ Token decoded (length: 96)
[3/3] Connecting...

[DEBUG] WebSocket URL: wss://kahoot.it/cometd/5114254/fed00c9d60fb6150d4cdc840b50249698f60eabccfe58a5602c3d3a32cf60afec9fe35974782eb24fcd9ce30946608aa
✓ Connected to WebSocket
[DEBUG] SEND handshake
[DEBUG] RECV: /meta/handshake 
✓ Handshake OK, clientId: bxnvnmqgbjrcwqcbbwxq7imrr6sj
[DEBUG] SEND connect (first)
[DEBUG] RECV: /meta/connect 
[DEBUG] SEND connect (second)
[DEBUG] SEND login yousuck305-zxn
[DEBUG] RECV: /service/controller loginResponse
✓ Login successful! CID: 225950639
[DEBUG] SEND namerator message

=== SUCCESS ===
Listening for game events... (Ctrl+C to exit)

[DEBUG] RECV: /meta/connect 
[DEBUG] RECV: /service/controller 
[DEBUG] RECV: /service/controller 
[DEBUG] RECV: /service/status status
✓ Game is ACTIVE
[DEBUG] RECV: /service/player message

🎉 JOINED AS: MightyBuffalo82
   Player CID: 225950639
[DEBUG] RECV: /service/player message
[DEBUG] RECV: /meta/connect 
[DEBUG] RECV: /service/player message
[DEBUG] RECV: /meta/connect 
[DEBUG] RECV: /service/player message
[DEBUG] RECV: /meta/connect 
[DEBUG] RECV: /service/player message
[DEBUG] RECV: /meta/connect 
[DEBUG] RECV: /service/player message
[DEBUG] RECV: /meta/connect 
[DEBUG] RECV: /service/player message
[DEBUG] RECV: /meta/connect 
[DEBUG] RECV: /service/player message
[DEBUG] RECV: /meta/connect 
[DEBUG] RECV: /service/player message
[DEBUG] RECV: /meta/connect 
[DEBUG] RECV: /service/player message
[DEBUG] RECV: /meta/connect 
[DEBUG] RECV: /service/status status
[DEBUG] RECV: /meta/connect 
