
=== Kahoot Auto-Join ===
Game PIN: 5114254
Player: yousuck653-ibk

[1/3] Getting session token...
[DEBUG] Session token (raw): AGQcXVd6C0cCCwsEB1F1B2VwG3BreVBdd18tVAp3O1NeC2hpMioIO3dIBD9BBGRdPWgOXXdmXFxIQ0sPVFNaNgMHFw86CR5RLFlVcwQKLxoHVSc2WlA7XnsORAtARU1A
[DEBUG] Session token length: 128
[DEBUG] Base64 decoded length: 96
   ✓ Got session token
[2/3] Decoding token...
[DEBUG] Challenge message length: 100
[DEBUG] Offset: 5700
[DEBUG] Decoded challenge length: 100
[DEBUG] Token bytes length: 96
[DEBUG] Final token length: 96
[DEBUG] Final token: 21e444b645f6445406a309b876b987fe1945deed386c5d13f45d92c59627e1dcefcda6fea91738ab73ad0eaa3f790784
[DEBUG] Token: 21e444b645f6445406a309b876b987fe1945deed386c5d13f45d92c59627e1dcefcda6fea91738ab73ad0eaa3f790784
   ✓ Token decoded (length: 96)
[3/3] Connecting...

[DEBUG] WebSocket URL: wss://kahoot.it/cometd/5114254/21e444b645f6445406a309b876b987fe1945deed386c5d13f45d92c59627e1dcefcda6fea91738ab73ad0eaa3f790784
✓ Connected to WebSocket
[DEBUG] SEND handshake
[DEBUG] RECV: /meta/handshake 
✓ Handshake OK, clientId: bxx1qnd7i1536ulkiti1t763mvv7
[DEBUG] SEND connect (first)
[DEBUG] RECV: /meta/connect 
[DEBUG] SEND connect (second)
[DEBUG] SEND login yousuck653-ibk
[DEBUG] RECV: /service/controller loginResponse
✓ Login successful! CID: 1629015280
[DEBUG] SEND namerator message

=== SUCCESS ===
Listening for game events... (Ctrl+C to exit)

[DEBUG] RECV: /meta/connect 
[DEBUG] RECV: /service/controller 
[DEBUG] RECV: /service/controller 
[DEBUG] RECV: /service/status status
✓ Game is ACTIVE
[DEBUG] RECV: /service/player message

🎉 JOINED AS: GroovySquid35
   Player CID: 1629015280
[DEBUG] RECV: /service/player message
[DEBUG] RECV: /meta/connect 
[DEBUG] RECV: /service/player message
[DEBUG] RECV: /meta/connect 
[DEBUG] RECV: /service/player message
[DEBUG] RECV: /meta/connect 
[DEBUG] RECV: /service/player message
[DEBUG] RECV: /meta/connect 
[DEBUG] RECV: /service/player message
[DEBUG] RECV: /meta/connect 
[DEBUG] RECV: /service/status status
[DEBUG] RECV: /meta/connect 
