
=== Kahoot Auto-Join ===
Game PIN: 5114254
Player: yousuck498-mo1

[1/3] Getting session token...
[DEBUG] Session token (raw): AEsVUEEdAUgDU3FeEDoNXnkGMhxTQQctFWMGDFwCNkIGUk0LWwUPVVcGf1lOCUtkan9dfkobASt3B0tDFldSBEVqb3kLFXxAWksXcQFaUDYkOEV9QDRPT35IZWIIXW4q
[DEBUG] Session token length: 128
[DEBUG] Base64 decoded length: 96
   ✓ Got session token
[2/3] Decoding token...
[DEBUG] Challenge message length: 100
[DEBUG] Offset: 18180
[DEBUG] Decoded challenge length: 100
[DEBUG] Token bytes length: 96
[DEBUG] Final token length: 96
[DEBUG] Final token: 87ed3dc8f83fab599eed21cbb036d3b226642dbbca2c418682a78a0e1f71b12f1162ac1748d51b8eae047e550886098e
[DEBUG] Token: 87ed3dc8f83fab599eed21cbb036d3b226642dbbca2c418682a78a0e1f71b12f1162ac1748d51b8eae047e550886098e
   ✓ Token decoded (length: 96)
[3/3] Connecting...

[DEBUG] WebSocket URL: wss://kahoot.it/cometd/5114254/87ed3dc8f83fab599eed21cbb036d3b226642dbbca2c418682a78a0e1f71b12f1162ac1748d51b8eae047e550886098e
✓ Connected to WebSocket
[DEBUG] SEND handshake
[DEBUG] RECV: /meta/handshake 
✓ Handshake OK, clientId: bxsy14ynxa4wb094i1lg9hfi57ub0a
[DEBUG] SEND connect (first)
[DEBUG] RECV: /meta/connect 
[DEBUG] SEND connect (second)
[DEBUG] SEND login yousuck498-mo1
[DEBUG] RECV: /service/controller loginResponse
✓ Login successful! CID: 1913709095
[DEBUG] SEND namerator message

=== SUCCESS ===
Listening for game events... (Ctrl+C to exit)

[DEBUG] RECV: /meta/connect 
[DEBUG] RECV: /service/controller 
[DEBUG] RECV: /service/controller 
[DEBUG] RECV: /service/status status
✓ Game is ACTIVE
[DEBUG] RECV: /service/player message

🎉 JOINED AS: BronzeLeopard70
   Player CID: 1913709095
[DEBUG] RECV: /service/player message
[DEBUG] RECV: /meta/connect 
[DEBUG] RECV: /service/player message
[DEBUG] RECV: /meta/connect 
[DEBUG] RECV: /service/player message
[DEBUG] RECV: /meta/connect 
[DEBUG] RECV: /service/player message
[DEBUG] RECV: /meta/connect 
[DEBUG] RECV: /service/player message
[DEBUG] RECV: /meta/connect 
[DEBUG] RECV: /service/player message
[DEBUG] RECV: /meta/connect 
[DEBUG] RECV: /service/player message
[DEBUG] RECV: /meta/connect 
[DEBUG] RECV: /service/status status
[DEBUG] RECV: /meta/connect 
