
=== Kahoot Auto-Join ===
Game PIN: 5114254
Player: yousuck359-qxx

[1/3] Getting session token...
[DEBUG] Session token (raw): flQ+K2tYWXxicyRdSjx7SnkTcGBwJV4wM1k3B0MvbXkcCBVIVQQVfwwEDgZaAFFCYiZYPwICNWtAV2IIXl0Hbn9fa2JwBQEIIlsIdk8mQhZfV1gJVg0tIgMNBSZWU1UM
[DEBUG] Session token length: 128
[DEBUG] Base64 decoded length: 96
   ✓ Got session token
[2/3] Decoding token...
[DEBUG] Challenge message length: 100
[DEBUG] Offset: 51382
[DEBUG] Decoded challenge length: 100
[DEBUG] Token bytes length: 96
[DEBUG] Final token length: 96
[DEBUG] Final token: 95ce931212ba9d593d390e6fd2a02c89d4a9cbe5bbd7fc068a0e60b98811aa3245912a3bc3713a9a411859ae204aeb83
[DEBUG] Token: 95ce931212ba9d593d390e6fd2a02c89d4a9cbe5bbd7fc068a0e60b98811aa3245912a3bc3713a9a411859ae204aeb83
   ✓ Token decoded (length: 96)
[3/3] Connecting...

[DEBUG] WebSocket URL: wss://kahoot.it/cometd/5114254/95ce931212ba9d593d390e6fd2a02c89d4a9cbe5bbd7fc068a0e60b98811aa3245912a3bc3713a9a411859ae204aeb83
✓ Connected to WebSocket
[DEBUG] SEND handshake
[DEBUG] RECV: /meta/handshake 
✓ Handshake OK, clientId: bxp9acld6hcnqz4zhwsrulpvewcd
[DEBUG] SEND connect (first)
[DEBUG] RECV: /meta/connect 
[DEBUG] SEND connect (second)
[DEBUG] SEND login yousuck359-qxx
[DEBUG] RECV: /service/controller loginResponse
✓ Login successful! CID: 654280226
[DEBUG] SEND namerator message

=== SUCCESS ===
Listening for game events... (Ctrl+C to exit)

[DEBUG] RECV: /meta/connect 
[DEBUG] RECV: /service/controller 
[DEBUG] RECV: /service/controller 
[DEBUG] RECV: /service/status status
✓ Game is ACTIVE
[DEBUG] RECV: /service/player message

🎉 JOINED AS: CheerfulAlpaca42
   Player CID: 654280226
[DEBUG] RECV: /service/player message
[DEBUG] RECV: /meta/connect 
[DEBUG] RECV: /service/player message
[DEBUG] RECV: /meta/connect 
[DEBUG] RECV: /service/player message
[DEBUG] RECV: /meta/connect 
[DEBUG] RECV: /service/player message
[DEBUG] RECV: /meta/connect 
[DEBUG] RECV: /service/player message
[DEBUG] RECV: /meta/connect 
[DEBUG] RECV: /service/player message
[DEBUG] RECV: /meta/connect 
[DEBUG] RECV: /service/player message
[DEBUG] RECV: /meta/connect 
[DEBUG] RECV: /service/player message
[DEBUG] RECV: /meta/connect 
[DEBUG] RECV: /service/status status
[DEBUG] RECV: /meta/connect 
