
=== Kahoot Auto-Join ===
Game PIN: 5114254
Player: yousuck662-s3d

[1/3] Getting session token...
[DEBUG] Session token (raw): AE0JD39bOFwgOAVjBhlgAFNnM1R7C1ZACC4HDy8UPl4vUX90VnxiB2JDTgIHdzUObmYHUEwpRzldUDdeTWl3Fw4jQB4zdnwzVXwAM25TVXoUOgMPAzALXnYucT49AABL
[DEBUG] Session token length: 128
[DEBUG] Base64 decoded length: 96
   ✓ Got session token
[2/3] Decoding token...
[DEBUG] Challenge message length: 100
[DEBUG] Offset: 13698946800
[DEBUG] Decoded challenge length: 100
[DEBUG] Token bytes length: 96
[DEBUG] Final token length: 96
[DEBUG] Final token: 04907eb4ec72bb3dc7f63c151dfaccc2fa581851708a73d0255a0a5ec7aa465a6b2bb50ea6ef1c17aff13a420f9dd038
[DEBUG] Token: 04907eb4ec72bb3dc7f63c151dfaccc2fa581851708a73d0255a0a5ec7aa465a6b2bb50ea6ef1c17aff13a420f9dd038
   ✓ Token decoded (length: 96)
[3/3] Connecting...

[DEBUG] WebSocket URL: wss://kahoot.it/cometd/5114254/04907eb4ec72bb3dc7f63c151dfaccc2fa581851708a73d0255a0a5ec7aa465a6b2bb50ea6ef1c17aff13a420f9dd038
✓ Connected to WebSocket
[DEBUG] SEND handshake
[DEBUG] RECV: /meta/handshake 
✓ Handshake OK, clientId: bxxs11jkveg9fb8c11pj02gz8jj152
[DEBUG] SEND connect (first)
[DEBUG] RECV: /meta/connect 
[DEBUG] SEND connect (second)
[DEBUG] SEND login yousuck662-s3d
[DEBUG] RECV: /service/controller loginResponse
✓ Login successful! CID: 1244302452
[DEBUG] SEND namerator message

=== SUCCESS ===
Listening for game events... (Ctrl+C to exit)

[DEBUG] RECV: /meta/connect 
[DEBUG] RECV: /service/controller 
[DEBUG] RECV: /service/controller 
[DEBUG] RECV: /service/status status
✓ Game is ACTIVE
[DEBUG] RECV: /service/player message

🎉 JOINED AS: CaringZebra16
   Player CID: 1244302452
[DEBUG] RECV: /service/player message
[DEBUG] RECV: /meta/connect 
[DEBUG] RECV: /service/player message
[DEBUG] RECV: /meta/connect 
[DEBUG] RECV: /service/player message
[DEBUG] RECV: /meta/connect 
[DEBUG] RECV: /service/player message
[DEBUG] RECV: /meta/connect 
[DEBUG] RECV: /service/player message
[DEBUG] RECV: /meta/connect 
[DEBUG] RECV: /service/status status
[DEBUG] RECV: /meta/connect 
