
=== Kahoot Auto-Join ===
Game PIN: 5114254
Player: yousuck642-51x

[1/3] Getting session token...
[DEBUG] Session token (raw): RjNWBX8nLQVCDlYGH19IGENlTQUMDTdCb3M/IGF3CGE8NRRHCTVpR2hdUDdoUT9fClkDB10Ac1J7BgYDX10xBTx5XXgBXAdkXVYyUDgUZ09iX2tzeQcVegp+PFJmaU4P
[DEBUG] Session token length: 128
[DEBUG] Base64 decoded length: 96
   ✓ Got session token
[2/3] Decoding token...
[DEBUG] Challenge message length: 100
[DEBUG] Offset: 291896
[DEBUG] Decoded challenge length: 100
[DEBUG] Token bytes length: 96
[DEBUG] Final token length: 96
[DEBUG] Final token: 4b0a4fca810aeb1d46707ff203df70a0bdf55a640fcd9dc4f2f46d55448058cac3f0a2c8eedbaf93684463e713f90647
[DEBUG] Token: 4b0a4fca810aeb1d46707ff203df70a0bdf55a640fcd9dc4f2f46d55448058cac3f0a2c8eedbaf93684463e713f90647
   ✓ Token decoded (length: 96)
[3/3] Connecting...

[DEBUG] WebSocket URL: wss://kahoot.it/cometd/5114254/4b0a4fca810aeb1d46707ff203df70a0bdf55a640fcd9dc4f2f46d55448058cac3f0a2c8eedbaf93684463e713f90647
✓ Connected to WebSocket
[DEBUG] SEND handshake
[DEBUG] RECV: /meta/handshake 
✓ Handshake OK, clientId: bxx21h10wvwtwyuhe1lpi3iap7xo6m
[DEBUG] SEND connect (first)
[DEBUG] RECV: /meta/connect 
[DEBUG] SEND connect (second)
[DEBUG] SEND login yousuck642-51x
[DEBUG] RECV: /service/controller loginResponse
✓ Login successful! CID: 966348101
[DEBUG] SEND namerator message

=== SUCCESS ===
Listening for game events... (Ctrl+C to exit)

[DEBUG] RECV: /meta/connect 
[DEBUG] RECV: /service/controller 
[DEBUG] RECV: /service/controller 
[DEBUG] RECV: /service/status status
✓ Game is ACTIVE
[DEBUG] RECV: /service/player message

🎉 JOINED AS: GivingDingo20
   Player CID: 966348101
[DEBUG] RECV: /service/player message
[DEBUG] RECV: /meta/connect 
[DEBUG] RECV: /service/player message
[DEBUG] RECV: /meta/connect 
[DEBUG] RECV: /service/player message
[DEBUG] RECV: /meta/connect 
[DEBUG] RECV: /service/player message
[DEBUG] RECV: /meta/connect 
[DEBUG] RECV: /service/player message
[DEBUG] RECV: /meta/connect 
[DEBUG] RECV: /service/status status
[DEBUG] RECV: /meta/connect 
