
=== Kahoot Auto-Join ===
Game PIN: 5114254
Player: yousuck813-0nr

[1/3] Getting session token...
[DEBUG] Session token (raw): ZVR8EmUDXhcEFwFWbjYvL1EGAG8vdjMDNgJ/ZGVVFDlfVXotOQBZF0UCUn9bAlESDFExc2pDGFN2cV4Dd15Rc093NmRwfwsKCXRpUVltEgpcdwEDG2EAdVocRSRWCQMX
[DEBUG] Session token length: 128
[DEBUG] Base64 decoded length: 96
   ✓ Got session token
[2/3] Decoding token...
[DEBUG] Challenge message length: 100
[DEBUG] Offset: 5350
[DEBUG] Decoded challenge length: 100
[DEBUG] Token bytes length: 96
[DEBUG] Final token length: 96
[DEBUG] Final token: 098f455f2bf67ead3219e6f8f48296ed2a5cb25f1113d98d12a667c3616465b373c16723e64928dcc45dc3541e5d267f
[DEBUG] Token: 098f455f2bf67ead3219e6f8f48296ed2a5cb25f1113d98d12a667c3616465b373c16723e64928dcc45dc3541e5d267f
   ✓ Token decoded (length: 96)
[3/3] Connecting...

[DEBUG] WebSocket URL: wss://kahoot.it/cometd/5114254/098f455f2bf67ead3219e6f8f48296ed2a5cb25f1113d98d12a667c3616465b373c16723e64928dcc45dc3541e5d267f
✓ Connected to WebSocket
[DEBUG] SEND handshake
[DEBUG] RECV: /meta/handshake 
✓ Handshake OK, clientId: by1yfj7ayt0bsujl1vr3qur94hne6
[DEBUG] SEND connect (first)
[DEBUG] RECV: /meta/connect 
[DEBUG] SEND connect (second)
[DEBUG] SEND login yousuck813-0nr
[DEBUG] RECV: /service/controller loginResponse
✓ Login successful! CID: 373414135
[DEBUG] SEND namerator message

=== SUCCESS ===
Listening for game events... (Ctrl+C to exit)

[DEBUG] RECV: /meta/connect 
[DEBUG] RECV: /service/controller 
[DEBUG] RECV: /service/controller 
[DEBUG] RECV: /service/status status
✓ Game is ACTIVE
[DEBUG] RECV: /service/player message

🎉 JOINED AS: HeroBuffalo94
   Player CID: 373414135
[DEBUG] RECV: /service/player message
[DEBUG] RECV: /meta/connect 
[DEBUG] RECV: /service/player message
[DEBUG] RECV: /meta/connect 
[DEBUG] RECV: /service/player message
[DEBUG] RECV: /meta/connect 
[DEBUG] RECV: /service/status status
[DEBUG] RECV: /meta/connect 
