
=== Kahoot Auto-Join ===
Game PIN: 5114254
Player: yousuck327-j6x

[1/3] Getting session token...
[DEBUG] Session token (raw): XWEHVUAEYClPfTAgf3cQDAcBIw16Dwl2GAkiekYQfFs9AQQJRXZ1eAIGFQtJN1oJWnoTc10IZUhWL1FZMwVUCWNeDmhdWSAKZCRZBG0NBVINVTocIA4udV0udCd1TlUN
[DEBUG] Session token length: 128
[DEBUG] Base64 decoded length: 96
   ✓ Got session token
[2/3] Decoding token...
[DEBUG] Challenge message length: 100
[DEBUG] Offset: 164304
[DEBUG] Decoded challenge length: 100
[DEBUG] Token bytes length: 96
[DEBUG] Final token length: 96
[DEBUG] Final token: 29b15b1e46dc93fdfce82818bba80f61e91f380637c83dc0a6d7de829b62e40a45a622ee3a467b3561ade7b09a7b44b2
[DEBUG] Token: 29b15b1e46dc93fdfce82818bba80f61e91f380637c83dc0a6d7de829b62e40a45a622ee3a467b3561ade7b09a7b44b2
   ✓ Token decoded (length: 96)
[3/3] Connecting...

[DEBUG] WebSocket URL: wss://kahoot.it/cometd/5114254/29b15b1e46dc93fdfce82818bba80f61e91f380637c83dc0a6d7de829b62e40a45a622ee3a467b3561ade7b09a7b44b2
✓ Connected to WebSocket
[DEBUG] SEND handshake
[DEBUG] RECV: /meta/handshake 
✓ Handshake OK, clientId: bxoh1eichafnp3yhaqt3wuzhbgfkt
[DEBUG] SEND connect (first)
[DEBUG] RECV: /meta/connect 
[DEBUG] SEND connect (second)
[DEBUG] SEND login yousuck327-j6x
[DEBUG] RECV: /service/controller loginResponse
✓ Login successful! CID: 199385535
[DEBUG] SEND namerator message

=== SUCCESS ===
Listening for game events... (Ctrl+C to exit)

[DEBUG] RECV: /meta/connect 
[DEBUG] RECV: /service/controller 
[DEBUG] RECV: /service/controller 
[DEBUG] RECV: /service/status status
✓ Game is ACTIVE
[DEBUG] RECV: /service/player message

🎉 JOINED AS: GreenCamel86
   Player CID: 199385535
[DEBUG] RECV: /service/player message
[DEBUG] RECV: /service/player message
[DEBUG] RECV: /meta/connect 
[DEBUG] RECV: /service/player message
[DEBUG] RECV: /meta/connect 
[DEBUG] RECV: /service/player message
[DEBUG] RECV: /meta/connect 
[DEBUG] RECV: /service/player message
[DEBUG] RECV: /meta/connect 
[DEBUG] RECV: /service/player message
[DEBUG] RECV: /meta/connect 
[DEBUG] RECV: /service/player message
[DEBUG] RECV: /meta/connect 
[DEBUG] RECV: /service/player message
[DEBUG] RECV: /meta/connect 
[DEBUG] RECV: /service/player message
[DEBUG] RECV: /meta/connect 
[DEBUG] RECV: /service/status status
[DEBUG] RECV: /meta/connect 
