
=== Kahoot Auto-Join ===
Game PIN: 5114254
Player: yousuck452-m5p

[1/3] Getting session token...
[DEBUG] Session token (raw): YhpzNUhtSFsPEXgxAQAIXxBVE25cXG1fAmYrCUENVykvR1oAUjIlZwdpAWZZNxwtNBRNSxEJRGFzZlYYXFd3DRUGUnNsLiNAdwIIAAZkOQtjGFBfC0EmbWN2d3hYf0tE
[DEBUG] Session token length: 128
[DEBUG] Base64 decoded length: 96
   ✓ Got session token
[2/3] Decoding token...
[DEBUG] Challenge message length: 100
[DEBUG] Offset: 158734
[DEBUG] Decoded challenge length: 100
[DEBUG] Token bytes length: 96
[DEBUG] Final token length: 96
[DEBUG] Final token: 7c2d860b6a2d931fcab2a68f60a3067cc159adf514b89cdbee97fa4432ab3364f8f26cc136fc41fd4b4298f56396d677
[DEBUG] Token: 7c2d860b6a2d931fcab2a68f60a3067cc159adf514b89cdbee97fa4432ab3364f8f26cc136fc41fd4b4298f56396d677
   ✓ Token decoded (length: 96)
[3/3] Connecting...

[DEBUG] WebSocket URL: wss://kahoot.it/cometd/5114254/7c2d860b6a2d931fcab2a68f60a3067cc159adf514b89cdbee97fa4432ab3364f8f26cc136fc41fd4b4298f56396d677
✓ Connected to WebSocket
[DEBUG] SEND handshake
[DEBUG] RECV: /meta/handshake 
✓ Handshake OK, clientId: bxs01fxebl8kd8aqe1wg7k0p642xvf
[DEBUG] SEND connect (first)
[DEBUG] RECV: /meta/connect 
[DEBUG] SEND connect (second)
[DEBUG] SEND login yousuck452-m5p
[DEBUG] RECV: /service/controller loginResponse
✓ Login successful! CID: 264365283
[DEBUG] SEND namerator message

=== SUCCESS ===
Listening for game events... (Ctrl+C to exit)

[DEBUG] RECV: /meta/connect 
[DEBUG] RECV: /service/controller 
[DEBUG] RECV: /service/controller 
[DEBUG] RECV: /service/status status
✓ Game is ACTIVE
[DEBUG] RECV: /service/player message

🎉 JOINED AS: AmusingHare84
   Player CID: 264365283
[DEBUG] RECV: /service/player message
[DEBUG] RECV: /meta/connect 
[DEBUG] RECV: /service/player message
[DEBUG] RECV: /meta/connect 
[DEBUG] RECV: /service/player message
[DEBUG] RECV: /meta/connect 
[DEBUG] RECV: /service/player message
[DEBUG] RECV: /meta/connect 
[DEBUG] RECV: /service/player message
[DEBUG] RECV: /meta/connect 
[DEBUG] RECV: /service/player message
[DEBUG] RECV: /meta/connect 
[DEBUG] RECV: /service/player message
[DEBUG] RECV: /meta/connect 
[DEBUG] RECV: /service/status status
[DEBUG] RECV: /meta/connect 
