
=== Kahoot Auto-Join ===
Game PIN: 5114254
Player: yousuck157-5f5

[1/3] Getting session token...
[DEBUG] Session token (raw): HltReCl5QhhiVDNYdwsBVStcZV9+UHZwXxlgQyVqdW5Ee1FFVSZRYGZbJ3V/PC8xTjkVWRULYlE3dQcHPBdZQlsPUARSSj5YVXggQzgYKwJGQl1BXlcoDjgqeA15fHQE
[DEBUG] Session token length: 128
[DEBUG] Base64 decoded length: 96
   ✓ Got session token
[2/3] Decoding token...
[DEBUG] Challenge message length: 100
[DEBUG] Offset: 538228
[DEBUG] Decoded challenge length: 100
[DEBUG] Token bytes length: 96
[DEBUG] Final token length: 96
[DEBUG] Final token: e879d53c69fa9d4fa5217629cc40f04364815b198ed30dae9fc5bd74f070aad6595bb6feb5c8ecf421c081f3ba586788
[DEBUG] Token: e879d53c69fa9d4fa5217629cc40f04364815b198ed30dae9fc5bd74f070aad6595bb6feb5c8ecf421c081f3ba586788
   ✓ Token decoded (length: 96)
[3/3] Connecting...

[DEBUG] WebSocket URL: wss://kahoot.it/cometd/5114254/e879d53c69fa9d4fa5217629cc40f04364815b198ed30dae9fc5bd74f070aad6595bb6feb5c8ecf421c081f3ba586788
✓ Connected to WebSocket
[DEBUG] SEND handshake
[DEBUG] RECV: /meta/handshake 
✓ Handshake OK, clientId: bxji18zkzko0l28rij27endqmv78o
[DEBUG] SEND connect (first)
[DEBUG] RECV: /meta/connect 
[DEBUG] SEND connect (second)
[DEBUG] SEND login yousuck157-5f5
[DEBUG] RECV: /service/controller loginResponse
✓ Login successful! CID: 872588232
[DEBUG] SEND namerator message

=== SUCCESS ===
Listening for game events... (Ctrl+C to exit)

[DEBUG] RECV: /meta/connect 
[DEBUG] RECV: /service/controller 
[DEBUG] RECV: /service/controller 
[DEBUG] RECV: /service/status status
✓ Game is ACTIVE
[DEBUG] RECV: /service/player message

🎉 JOINED AS: NimbleUnicorn21
   Player CID: 872588232
[DEBUG] RECV: /service/player message
[DEBUG] RECV: /meta/connect 
[DEBUG] RECV: /service/player message
[DEBUG] RECV: /meta/connect 
[DEBUG] RECV: /service/player message
[DEBUG] RECV: /meta/connect 
[DEBUG] RECV: /service/player message
[DEBUG] RECV: /meta/connect 
[DEBUG] RECV: /service/player message
[DEBUG] RECV: /meta/connect 
[DEBUG] RECV: /service/player message
[DEBUG] RECV: /meta/connect 
[DEBUG] RECV: /service/player message
[DEBUG] RECV: /meta/connect 
[DEBUG] RECV: /service/player message
[DEBUG] RECV: /meta/connect 
[DEBUG] RECV: /service/player message
[DEBUG] RECV: /meta/connect 
[DEBUG] RECV: /service/player message
[DEBUG] RECV: /meta/connect 
[DEBUG] RECV: /service/player message
[DEBUG] RECV: /meta/connect 
[DEBUG] RECV: /service/player message
[DEBUG] RECV: /meta/connect 
[DEBUG] RECV: /service/status status
[DEBUG] RECV: /meta/connect 
