
=== Kahoot Auto-Join ===
Game PIN: 5814465
Player: yousuck65-epr

[1/3] Getting session token...
[DEBUG] Session token (raw): TA0OYlYRdmdDcVYoWjNsbA16EV9YGVJNNVYAV0sSBGtSTCUGdF5iB1B6QXJACnh9YkFbdgVeVXw2L3AKe0JuHW1wD2MAWgtfUwNdOAocdH5VQAYQL08tdw9VCQBBDWFA
[DEBUG] Session token length: 128
[DEBUG] Base64 decoded length: 96
   ✓ Got session token
[2/3] Decoding token...
[DEBUG] Challenge message length: 100
[DEBUG] Offset: 1997
[DEBUG] Decoded challenge length: 100
[DEBUG] Token bytes length: 96
[DEBUG] Final token length: 96
[DEBUG] Final token: 4cb8dc52613d6d90f7a98a01ddba3e60c4e46b5cd50986403075c8b0cb90381e3293b79916aa9d90c1fea7c3b8320474
[DEBUG] Token: 4cb8dc52613d6d90f7a98a01ddba3e60c4e46b5cd50986403075c8b0cb90381e3293b79916aa9d90c1fea7c3b8320474
   ✓ Token decoded (length: 96)
[3/3] Connecting...

[DEBUG] WebSocket URL: wss://kahoot.it/cometd/5814465/4cb8dc52613d6d90f7a98a01ddba3e60c4e46b5cd50986403075c8b0cb90381e3293b79916aa9d90c1fea7c3b8320474
✓ Connected to WebSocket
[DEBUG] SEND handshake
[DEBUG] RECV: /meta/handshake 
✓ Handshake OK, clientId: 92rnbmucpnky05yicysjmqsi9lpv
[DEBUG] SEND connect (first)
[DEBUG] RECV: /meta/connect 
[DEBUG] SEND connect (second)
[DEBUG] SEND login yousuck65-epr
[DEBUG] RECV: /service/controller loginResponse
✓ Login successful! CID: 128774345
[DEBUG] SEND namerator message

=== SUCCESS ===
Listening for game events... (Ctrl+C to exit)

[DEBUG] RECV: /meta/connect 
[DEBUG] RECV: /service/controller 
[DEBUG] RECV: /service/controller 
[DEBUG] RECV: /meta/connect 
[DEBUG] RECV: /meta/connect 
[DEBUG] RECV: /meta/connect 
[DEBUG] RECV: /meta/connect 
[DEBUG] RECV: /meta/connect 
[DEBUG] RECV: /meta/connect 
[DEBUG] RECV: /meta/connect 
[DEBUG] RECV: /meta/connect 
[DEBUG] RECV: /meta/connect 
[DEBUG] RECV: /meta/connect 
[DEBUG] RECV: /meta/connect 
[DEBUG] RECV: /meta/connect 
[DEBUG] RECV: /meta/connect 
[DEBUG] RECV: /meta/connect 
[DEBUG] RECV: /meta/connect 
[DEBUG] RECV: /meta/connect 
[DEBUG] RECV: /meta/connect 
[DEBUG] RECV: /meta/connect 
[DEBUG] RECV: /meta/connect 
[DEBUG] RECV: /meta/connect 
[DEBUG] RECV: /meta/connect 
[DEBUG] RECV: /meta/connect 
[DEBUG] RECV: /meta/connect 
[DEBUG] RECV: /meta/connect 
[DEBUG] RECV: /meta/connect 
[DEBUG] RECV: /meta/connect 
[DEBUG] RECV: /meta/connect 
