
=== Kahoot Auto-Join ===
Game PIN: 5114254
Player: yousuck898-vto

[1/3] Getting session token...
[DEBUG] Session token (raw): BkpVKQZTDyY8U1xHdUVEEXFUN1FwGVRYKF9ifiF2EmVdNAJiKFJkBAdRejRjCyoYX20EL350R1BXO2cBGAxrRnspBFBXRhYEVkBCQ2xVIU50clQSSX05ZUsOBQEtcAgr
[DEBUG] Session token length: 128
[DEBUG] Base64 decoded length: 96
   ✓ Got session token
[2/3] Decoding token...
[DEBUG] Challenge message length: 100
[DEBUG] Offset: 6523
[DEBUG] Decoded challenge length: 100
[DEBUG] Token bytes length: 96
[DEBUG] Final token length: 96
[DEBUG] Final token: a17a302bdfa5168c82b70e3fb225e9f73ec0ad01e51e2abb143f46577a6ece631ccef3c6167362a754dd52a99257c25f
[DEBUG] Token: a17a302bdfa5168c82b70e3fb225e9f73ec0ad01e51e2abb143f46577a6ece631ccef3c6167362a754dd52a99257c25f
   ✓ Token decoded (length: 96)
[3/3] Connecting...

[DEBUG] WebSocket URL: wss://kahoot.it/cometd/5114254/a17a302bdfa5168c82b70e3fb225e9f73ec0ad01e51e2abb143f46577a6ece631ccef3c6167362a754dd52a99257c25f
✓ Connected to WebSocket
[DEBUG] SEND handshake
[DEBUG] RECV: /meta/handshake 
✓ Handshake OK, clientId: by4g1seexrh6j3ytm5awzz702wgxs
[DEBUG] SEND connect (first)
[DEBUG] RECV: /meta/connect 
[DEBUG] SEND connect (second)
[DEBUG] SEND login yousuck898-vto
[DEBUG] RECV: /service/controller loginResponse
✓ Login successful! CID: 1925041605
[DEBUG] SEND namerator message

=== SUCCESS ===
Listening for game events... (Ctrl+C to exit)

[DEBUG] RECV: /meta/connect 
[DEBUG] RECV: /service/controller 
[DEBUG] RECV: /service/controller 
[DEBUG] RECV: /service/status status
✓ Game is ACTIVE
[DEBUG] RECV: /service/player message

🎉 JOINED AS: BalancedSquid51
   Player CID: 1925041605
[DEBUG] RECV: /service/player message
[DEBUG] RECV: /service/player message
[DEBUG] RECV: /meta/connect 
[DEBUG] RECV: /service/status status
[DEBUG] RECV: /meta/connect 
