
=== Kahoot Auto-Join ===
Game PIN: 4969059
Player: yousuck10-43r

[1/3] Getting session token...
[DEBUG] Session token (raw): DQMxeHpKbg1yL0lfVQERaUJUCGpmXmdCXGpEYw5EEHsRTSNaYFwPMANYBnl6P2wCDlMMbVM9XlBUC2J/cAk/YXhbOFl2eVRPU0AOXQ5cLHg5AQA7BAB8NwdAPTNhKzIM
[DEBUG] Session token length: 128
[DEBUG] Base64 decoded length: 96
   ✓ Got session token
[2/3] Decoding token...
[DEBUG] Challenge message length: 100
[DEBUG] Offset: 31275
[DEBUG] Decoded challenge length: 100
[DEBUG] Token bytes length: 96
[DEBUG] Final token length: 96
[DEBUG] Final token: 01d611703d86e7d486d15992658733f6d9e4303c1b002e8db4088b8b3c891ff819f10143a87a2af3aaca205a58ea8fff
[DEBUG] Token: 01d611703d86e7d486d15992658733f6d9e4303c1b002e8db4088b8b3c891ff819f10143a87a2af3aaca205a58ea8fff
   ✓ Token decoded (length: 96)
[3/3] Connecting...

[DEBUG] WebSocket URL: wss://kahoot.it/cometd/4969059/01d611703d86e7d486d15992658733f6d9e4303c1b002e8db4088b8b3c891ff819f10143a87a2af3aaca205a58ea8fff
✓ Connected to WebSocket
[DEBUG] SEND handshake
[DEBUG] RECV: /meta/handshake 
✓ Handshake OK, clientId: buo82ar9j9omko2u1ap71e3hn2el7
[DEBUG] SEND connect (first)
[DEBUG] RECV: /meta/connect 
[DEBUG] SEND connect (second)
[DEBUG] SEND login yousuck10-43r
[DEBUG] RECV: /service/controller loginResponse
✓ Login successful! CID: 1398823204
[DEBUG] SEND namerator message

=== SUCCESS ===
Listening for game events... (Ctrl+C to exit)

[DEBUG] RECV: /meta/connect 
[DEBUG] RECV: /service/controller 
[DEBUG] RECV: /service/controller 
[DEBUG] RECV: /service/status status
✓ Game is ACTIVE
[DEBUG] RECV: /service/player message

🎉 JOINED AS: InspiredBison94
   Player CID: 1398823204
[DEBUG] RECV: /service/player message
[DEBUG] RECV: /service/player message
[DEBUG] RECV: /service/player message
[DEBUG] RECV: /meta/connect 
[DEBUG] RECV: /service/player message
[DEBUG] RECV: /service/player message
[DEBUG] RECV: /meta/connect 
[DEBUG] RECV: /service/player message
[DEBUG] RECV: /service/player message
[DEBUG] RECV: /service/player message
[DEBUG] RECV: /meta/connect 
[DEBUG] RECV: /service/player message
[DEBUG] RECV: /service/player message
[DEBUG] RECV: /service/player message
[DEBUG] RECV: /meta/connect 
[DEBUG] RECV: /service/status status
[DEBUG] RECV: /meta/connect 
