
=== Kahoot Auto-Join ===
Game PIN: 5114254
Player: yousuck608-1ui

[1/3] Getting session token...
[DEBUG] Session token (raw): CWNUYmMDBEU9QXoyASlfdwd0aV9hX2B5CQ5rdW4QYih4JB4+CWomfghSVFMJEDAhd3RdV20Ca1E+MEpRLAYIbDUkCXp0Xwtkdm5kNGxVPEF9Xgo5O1lCaDp0IVoUBVJb
[DEBUG] Session token length: 128
[DEBUG] Base64 decoded length: 96
   ✓ Got session token
[2/3] Decoding token...
[DEBUG] Challenge message length: 100
[DEBUG] Offset: 2438916480
[DEBUG] Decoded challenge length: 100
[DEBUG] Token bytes length: 96
[DEBUG] Final token length: 96
[DEBUG] Final token: 96a57553d14cfa06b80c6011bc054c4b9bbdc9b815cb9aaa78933206db0dc996cf216759572a8ee62fdea407f6dddc9c
[DEBUG] Token: 96a57553d14cfa06b80c6011bc054c4b9bbdc9b815cb9aaa78933206db0dc996cf216759572a8ee62fdea407f6dddc9c
   ✓ Token decoded (length: 96)
[3/3] Connecting...

[DEBUG] WebSocket URL: wss://kahoot.it/cometd/5114254/96a57553d14cfa06b80c6011bc054c4b9bbdc9b815cb9aaa78933206db0dc996cf216759572a8ee62fdea407f6dddc9c
✓ Connected to WebSocket
[DEBUG] SEND handshake
[DEBUG] RECV: /meta/handshake 
✓ Handshake OK, clientId: bxwaeamdsovioc0z19sb4nlh2p5f
[DEBUG] SEND connect (first)
[DEBUG] RECV: /meta/connect 
[DEBUG] SEND connect (second)
[DEBUG] SEND login yousuck608-1ui
[DEBUG] RECV: /service/controller loginResponse
✓ Login successful! CID: 1702898302
[DEBUG] SEND namerator message

=== SUCCESS ===
Listening for game events... (Ctrl+C to exit)

[DEBUG] RECV: /meta/connect 
[DEBUG] RECV: /service/controller 
[DEBUG] RECV: /service/controller 
[DEBUG] RECV: /service/status status
✓ Game is ACTIVE
[DEBUG] RECV: /service/player message

🎉 JOINED AS: SillyBee14
   Player CID: 1702898302
[DEBUG] RECV: /service/player message
[DEBUG] RECV: /meta/connect 
[DEBUG] RECV: /service/player message
[DEBUG] RECV: /meta/connect 
[DEBUG] RECV: /service/player message
[DEBUG] RECV: /meta/connect 
[DEBUG] RECV: /service/player message
[DEBUG] RECV: /meta/connect 
[DEBUG] RECV: /service/player message
[DEBUG] RECV: /meta/connect 
[DEBUG] RECV: /service/player message
[DEBUG] RECV: /meta/connect 
[DEBUG] RECV: /service/status status
[DEBUG] RECV: /meta/connect 
