
=== Kahoot Auto-Join ===
Game PIN: 5114254
Player: yousuck140-gp8

[1/3] Getting session token...
[DEBUG] Session token (raw): EVl/OGEFXRVPD3k/QQxCVFx6CXR4MHt5U25nPlQ+Y0QLURgpDzR6PUl0KQpuLAkXYEZmIFstIEYBemElLXAwE1YNB3duU0gIbSYfBlpHCGpaCmIdT3daDi5Yf14WdCo8
[DEBUG] Session token length: 128
[DEBUG] Base64 decoded length: 96
   ✓ Got session token
[2/3] Decoding token...
[DEBUG] Challenge message length: 100
[DEBUG] Offset: 785772
[DEBUG] Decoded challenge length: 100
[DEBUG] Token bytes length: 96
[DEBUG] Final token length: 96
[DEBUG] Final token: a47b67ee833e402033732d48761eed3034ddbf0c81d84cbe917d6ab6911ae4fc27b849801bc1d7a12d6e80d2ac7ff6de
[DEBUG] Token: a47b67ee833e402033732d48761eed3034ddbf0c81d84cbe917d6ab6911ae4fc27b849801bc1d7a12d6e80d2ac7ff6de
   ✓ Token decoded (length: 96)
[3/3] Connecting...

[DEBUG] WebSocket URL: wss://kahoot.it/cometd/5114254/a47b67ee833e402033732d48761eed3034ddbf0c81d84cbe917d6ab6911ae4fc27b849801bc1d7a12d6e80d2ac7ff6de
✓ Connected to WebSocket
[DEBUG] SEND handshake
[DEBUG] RECV: /meta/handshake 
✓ Handshake OK, clientId: bxj6wnx8kk45qs6qowy0rzr9nger
[DEBUG] SEND connect (first)
[DEBUG] RECV: /meta/connect 
[DEBUG] SEND connect (second)
[DEBUG] SEND login yousuck140-gp8
[DEBUG] RECV: /service/controller loginResponse
✓ Login successful! CID: 1389930111
[DEBUG] SEND namerator message

=== SUCCESS ===
Listening for game events... (Ctrl+C to exit)

[DEBUG] RECV: /meta/connect 
[DEBUG] RECV: /service/controller 
[DEBUG] RECV: /service/controller 
[DEBUG] RECV: /service/status status
✓ Game is ACTIVE
[DEBUG] RECV: /service/player message

🎉 JOINED AS: BluePenguin87
   Player CID: 1389930111
[DEBUG] RECV: /service/player message
[DEBUG] RECV: /meta/connect 
[DEBUG] RECV: /service/player message
[DEBUG] RECV: /meta/connect 
[DEBUG] RECV: /service/player message
[DEBUG] RECV: /meta/connect 
[DEBUG] RECV: /service/player message
[DEBUG] RECV: /meta/connect 
[DEBUG] RECV: /service/player message
[DEBUG] RECV: /meta/connect 
[DEBUG] RECV: /service/player message
[DEBUG] RECV: /meta/connect 
[DEBUG] RECV: /service/player message
[DEBUG] RECV: /meta/connect 
[DEBUG] RECV: /service/player message
[DEBUG] RECV: /meta/connect 
[DEBUG] RECV: /service/player message
[DEBUG] RECV: /meta/connect 
[DEBUG] RECV: /service/player message
[DEBUG] RECV: /meta/connect 
[DEBUG] RECV: /service/player message
[DEBUG] RECV: /meta/connect 
[DEBUG] RECV: /service/player message
[DEBUG] RECV: /meta/connect 
[DEBUG] RECV: /service/status status
[DEBUG] RECV: /meta/connect 
