
=== Kahoot Auto-Join ===
Game PIN: 5732350
Player: yousuck95-pf3

[1/3] Getting session token...
[DEBUG] Session token (raw): W3BcOhFNCAsERVonN0Z7UAZ9bWFXAFwNXHYJXV92dnxfAA8kf3JQAnoUXH9sCgQMY0E8UjA4fGl+SVELBQ5jagkCPQUfa3ZSCw8EUFZXCS8xPwB2ZncjBhtWBncPYF9n
[DEBUG] Session token length: 128
[DEBUG] Base64 decoded length: 96
   ✓ Got session token
[2/3] Decoding token...
[DEBUG] Challenge message length: 100
[DEBUG] Offset: 220271
[DEBUG] Decoded challenge length: 100
[DEBUG] Token bytes length: 96
[DEBUG] Final token length: 96
[DEBUG] Final token: 838df90ad6aef45f4754c2296526f085277d27328ae7431b99dabf4102a160061ae4f013c868a46aac9334c4b2104679
[DEBUG] Token: 838df90ad6aef45f4754c2296526f085277d27328ae7431b99dabf4102a160061ae4f013c868a46aac9334c4b2104679
   ✓ Token decoded (length: 96)
[3/3] Connecting...

[DEBUG] WebSocket URL: wss://kahoot.it/cometd/5732350/838df90ad6aef45f4754c2296526f085277d27328ae7431b99dabf4102a160061ae4f013c868a46aac9334c4b2104679
✓ Connected to WebSocket
[DEBUG] SEND handshake
[DEBUG] RECV: /meta/handshake 
✓ Handshake OK, clientId: bznqbiqy4wm1g9q2wywyu1a5p3gh
[DEBUG] SEND connect (first)
[DEBUG] RECV: /meta/connect 
[DEBUG] SEND connect (second)
[DEBUG] SEND login yousuck95-pf3
[DEBUG] RECV: /service/controller loginResponse
✓ Login successful! CID: 1020371104
[DEBUG] SEND namerator message

=== SUCCESS ===
Listening for game events... (Ctrl+C to exit)

[DEBUG] RECV: /meta/connect 
[DEBUG] RECV: /service/controller 
[DEBUG] RECV: /service/controller 
[DEBUG] RECV: /service/status status
✓ Game is ACTIVE
[DEBUG] RECV: /service/player message
[DEBUG] RECV: /service/player message

🎉 JOINED AS: CharmingPigeon51
   Player CID: 1020371104
[DEBUG] RECV: /service/player message
[DEBUG] RECV: /meta/connect 
[DEBUG] RECV: /service/player message
[DEBUG] RECV: /meta/connect 
[DEBUG] RECV: /service/player message
[DEBUG] RECV: /meta/connect 
[DEBUG] RECV: /service/status status
[DEBUG] RECV: /meta/connect 
