
=== Kahoot Auto-Join ===
Game PIN: 5814465
Player: yousuck94-gm3

[1/3] Getting session token...
[DEBUG] Session token (raw): WQcDajpwd3gPWQo2VTZvX1hfchMvNC9eaFg9KQ9SDGJVBjkzAGlVWBMCUkA9WAR+LmZZWgoEPUQmYRclQGIJCEtTABV7aEVMNlBaYTNbWQgrWX0ZY1YRXnolJh1pVAZC
[DEBUG] Session token length: 128
[DEBUG] Base64 decoded length: 96
   ✓ Got session token
[2/3] Decoding token...
[DEBUG] Challenge message length: 100
[DEBUG] Offset: 64199
[DEBUG] Decoded challenge length: 100
[DEBUG] Token bytes length: 96
[DEBUG] Final token length: 96
[DEBUG] Final token: 3d91b6987f2b4f31294dcafa13cde4c835bf1283a113ba77d37755b1a3db07e1813f1144a347a1c0e13c6cab3cfe6dc6
[DEBUG] Token: 3d91b6987f2b4f31294dcafa13cde4c835bf1283a113ba77d37755b1a3db07e1813f1144a347a1c0e13c6cab3cfe6dc6
   ✓ Token decoded (length: 96)
[3/3] Connecting...

[DEBUG] WebSocket URL: wss://kahoot.it/cometd/5814465/3d91b6987f2b4f31294dcafa13cde4c835bf1283a113ba77d37755b1a3db07e1813f1144a347a1c0e13c6cab3cfe6dc6
✓ Connected to WebSocket
[DEBUG] SEND handshake
[DEBUG] RECV: /meta/handshake 
✓ Handshake OK, clientId: 92sz1g9eaan7wh1ck157o7dw4a310b
[DEBUG] SEND connect (first)
[DEBUG] RECV: /meta/connect 
[DEBUG] SEND connect (second)
[DEBUG] SEND login yousuck94-gm3
[DEBUG] RECV: /service/status status
[DEBUG] RECV: /meta/connect 
[DEBUG] RECV: /service/controller 

⚠ Timeout - check if name appears in Kahoot lobby
[DEBUG] WebSocket closed: 1005

=== FAILED ===
Error: Connection closed (1005)
