
=== Kahoot Auto-Join ===
Game PIN: 5814465
Player: yousuck81-aso

[1/3] Getting session token...
[DEBUG] Session token (raw): AEVuU1d0QXUYEw5jalZ1XgopEU53MkJ2J1BVHiZbWSkvUwYBBGd4TUp4ZmswCkYAPzUJNAYJbjBlXXBLeg4yWA0BD31EQA1WLyxQGygAdkZIVVxFQC8Eeg9POlVZRHJR
[DEBUG] Session token length: 128
[DEBUG] Base64 decoded length: 96
   ✓ Got session token
[2/3] Decoding token...
[DEBUG] Challenge message length: 100
[DEBUG] Offset: 276701040
[DEBUG] Decoded challenge length: 100
[DEBUG] Token bytes length: 96
[DEBUG] Final token length: 96
[DEBUG] Final token: 07462969da120c0ceec51a04e89ec8cfb461e1961350ab6cdf6b208a64110bc0364946e6cb8cb0142a626f4149f46687
[DEBUG] Token: 07462969da120c0ceec51a04e89ec8cfb461e1961350ab6cdf6b208a64110bc0364946e6cb8cb0142a626f4149f46687
   ✓ Token decoded (length: 96)
[3/3] Connecting...

[DEBUG] WebSocket URL: wss://kahoot.it/cometd/5814465/07462969da120c0ceec51a04e89ec8cfb461e1961350ab6cdf6b208a64110bc0364946e6cb8cb0142a626f4149f46687
✓ Connected to WebSocket
[DEBUG] SEND handshake
[DEBUG] RECV: /meta/handshake 
✓ Handshake OK, clientId: 92si3q6n4d7vap671r6a1zsp51xoe
[DEBUG] SEND connect (first)
[DEBUG] RECV: /meta/connect 
[DEBUG] SEND connect (second)
[DEBUG] SEND login yousuck81-aso
[DEBUG] RECV: /service/status status
[DEBUG] RECV: /meta/connect 
[DEBUG] RECV: /service/controller 

⚠ Timeout - check if name appears in Kahoot lobby
[DEBUG] WebSocket closed: 1005

=== FAILED ===
Error: Connection closed (1005)
