
=== Kahoot Auto-Join ===
Game PIN: 5732350
Player: yousuck66-ma6

[1/3] Getting session token...
[DEBUG] Session token (raw): cmVQek8YDARHIm9DBx5YDwJeemt5DlVXd2MNFHc9P24yAFRNUS09Q1IfCxJzAiIPJVUWDkVEV0MlWmYgV0g/fwJFV2JhVRpyDUtnUTJ/DglTCgovKUl2QgdNGHVgeTJD
[DEBUG] Session token length: 128
[DEBUG] Base64 decoded length: 96
   ✓ Got session token
[2/3] Decoding token...
[DEBUG] Challenge message length: 100
[DEBUG] Offset: 6700336
[DEBUG] Decoded challenge length: 100
[DEBUG] Token bytes length: 96
[DEBUG] Final token length: 96
[DEBUG] Final token: 92396ccd0b14ed621e12489b927e3cf3dab8ebd27fee8ee1eca52724a55fc1e479b555f79360b4d257fab10229a185d3
[DEBUG] Token: 92396ccd0b14ed621e12489b927e3cf3dab8ebd27fee8ee1eca52724a55fc1e479b555f79360b4d257fab10229a185d3
   ✓ Token decoded (length: 96)
[3/3] Connecting...

[DEBUG] WebSocket URL: wss://kahoot.it/cometd/5732350/92396ccd0b14ed621e12489b927e3cf3dab8ebd27fee8ee1eca52724a55fc1e479b555f79360b4d257fab10229a185d3
✓ Connected to WebSocket
[DEBUG] SEND handshake
[DEBUG] RECV: /meta/handshake 
✓ Handshake OK, clientId: bzk81tsunyk9d4i3ca5k61axsy35w
[DEBUG] SEND connect (first)
[DEBUG] RECV: /meta/connect 
[DEBUG] SEND connect (second)
[DEBUG] SEND login yousuck66-ma6
[DEBUG] RECV: /service/controller loginResponse
✓ Login successful! CID: 363973542
[DEBUG] SEND namerator message

=== SUCCESS ===
Listening for game events... (Ctrl+C to exit)

[DEBUG] RECV: /meta/connect 
[DEBUG] RECV: /service/controller 
[DEBUG] RECV: /service/controller 
[DEBUG] RECV: /service/status status
✓ Game is ACTIVE
[DEBUG] RECV: /service/player message

🎉 JOINED AS: LovelyGazelle50
   Player CID: 363973542
[DEBUG] RECV: /service/player message
[DEBUG] RECV: /service/player message
[DEBUG] RECV: /service/player message
[DEBUG] RECV: /meta/connect 
[DEBUG] RECV: /service/player message
[DEBUG] RECV: /service/player message
[DEBUG] RECV: /meta/connect 
[DEBUG] RECV: /service/player message
[DEBUG] RECV: /meta/connect 
[DEBUG] RECV: /service/player message
[DEBUG] RECV: /meta/connect 
[DEBUG] RECV: /service/player message
[DEBUG] RECV: /meta/connect 
[DEBUG] RECV: /service/player message
[DEBUG] RECV: /meta/connect 
[DEBUG] RECV: /service/status status
[DEBUG] RECV: /meta/connect 
