
=== Kahoot Auto-Join ===
Game PIN: 5114254
Player: yousuck279-eu5

[1/3] Getting session token...
[DEBUG] Session token (raw): BmoRXmwCAgkJWQgyNngHfzpNWBEKLVYUCRd3FltZLHp8QQxSX1h3W1UteGFmWktvfVdCQQoBVAs1DDZCOFxQNEBOCE9edzhgVQhYDCkLA1koAmwUQSNNJkZvQXZRZmoK
[DEBUG] Session token length: 128
[DEBUG] Base64 decoded length: 96
   ✓ Got session token
[2/3] Decoding token...
[DEBUG] Challenge message length: 100
[DEBUG] Offset: 311
[DEBUG] Decoded challenge length: 100
[DEBUG] Token bytes length: 96
[DEBUG] Final token length: 96
[DEBUG] Final token: 54be1f5bce4ff6c0b97d3eebfe1aa7e7440a12828f92231423130928c6e9cdab17b968e4085aa851f29a3a7c3267f010
[DEBUG] Token: 54be1f5bce4ff6c0b97d3eebfe1aa7e7440a12828f92231423130928c6e9cdab17b968e4085aa851f29a3a7c3267f010
   ✓ Token decoded (length: 96)
[3/3] Connecting...

[DEBUG] WebSocket URL: wss://kahoot.it/cometd/5114254/54be1f5bce4ff6c0b97d3eebfe1aa7e7440a12828f92231423130928c6e9cdab17b968e4085aa851f29a3a7c3267f010
✓ Connected to WebSocket
[DEBUG] SEND handshake
[DEBUG] RECV: /meta/handshake 
✓ Handshake OK, clientId: bxn61fid9xjrjxs431j13ii7ld95ho
[DEBUG] SEND connect (first)
[DEBUG] RECV: /meta/connect 
[DEBUG] SEND connect (second)
[DEBUG] SEND login yousuck279-eu5
[DEBUG] RECV: /service/controller loginResponse
✓ Login successful! CID: 371933037
[DEBUG] SEND namerator message

=== SUCCESS ===
Listening for game events... (Ctrl+C to exit)

[DEBUG] RECV: /meta/connect 
[DEBUG] RECV: /service/controller 
[DEBUG] RECV: /service/controller 
[DEBUG] RECV: /service/status status
✓ Game is ACTIVE
[DEBUG] RECV: /service/player message

🎉 JOINED AS: BlueYeti42
   Player CID: 371933037
[DEBUG] RECV: /service/player message
[DEBUG] RECV: /service/player message
[DEBUG] RECV: /meta/connect 
[DEBUG] RECV: /service/player message
[DEBUG] RECV: /meta/connect 
[DEBUG] RECV: /service/player message
[DEBUG] RECV: /meta/connect 
[DEBUG] RECV: /service/player message
[DEBUG] RECV: /meta/connect 
[DEBUG] RECV: /service/player message
[DEBUG] RECV: /meta/connect 
[DEBUG] RECV: /service/player message
[DEBUG] RECV: /meta/connect 
[DEBUG] RECV: /service/player message
[DEBUG] RECV: /meta/connect 
[DEBUG] RECV: /service/player message
[DEBUG] RECV: /meta/connect 
[DEBUG] RECV: /service/player message
[DEBUG] RECV: /meta/connect 
[DEBUG] RECV: /service/status status
[DEBUG] RECV: /meta/connect 
