
=== Kahoot Auto-Join ===
Game PIN: 5114254
Player: yousuck706-yc7

[1/3] Getting session token...
[DEBUG] Session token (raw): PgNuDk4BQWl7UXd/YG8aOG9xelsudQJVamNhAhZnbTRTLklWQEh4DwEuZztOXUdccV9bXkhPBFNkVw5WEW0+Bn1bS1kKC2lSO0V5QUNsQWsjKQFQVFFDVnVBfVd4aQce
[DEBUG] Session token length: 128
[DEBUG] Base64 decoded length: 96
   ✓ Got session token
[2/3] Decoding token...
[DEBUG] Challenge message length: 100
[DEBUG] Offset: 1305806
[DEBUG] Decoded challenge length: 100
[DEBUG] Token bytes length: 96
[DEBUG] Final token length: 96
[DEBUG] Final token: f25d2858728273ae2258a659627fb01bec1024078b8a7f1f7289140d5a08f0a3802cf26ec7587456ad3898298601306f
[DEBUG] Token: f25d2858728273ae2258a659627fb01bec1024078b8a7f1f7289140d5a08f0a3802cf26ec7587456ad3898298601306f
   ✓ Token decoded (length: 96)
[3/3] Connecting...

[DEBUG] WebSocket URL: wss://kahoot.it/cometd/5114254/f25d2858728273ae2258a659627fb01bec1024078b8a7f1f7289140d5a08f0a3802cf26ec7587456ad3898298601306f
✓ Connected to WebSocket
[DEBUG] SEND handshake
[DEBUG] RECV: /meta/handshake 
✓ Handshake OK, clientId: bxywm9pwmyu6y4rwk1dzyka77x1e
[DEBUG] SEND connect (first)
[DEBUG] RECV: /meta/connect 
[DEBUG] SEND connect (second)
[DEBUG] SEND login yousuck706-yc7
[DEBUG] RECV: /service/controller loginResponse
✓ Login successful! CID: 495883673
[DEBUG] SEND namerator message

=== SUCCESS ===
Listening for game events... (Ctrl+C to exit)

[DEBUG] RECV: /meta/connect 
[DEBUG] RECV: /service/controller 
[DEBUG] RECV: /service/controller 
[DEBUG] RECV: /service/status status
✓ Game is ACTIVE
[DEBUG] RECV: /service/player message

🎉 JOINED AS: DecisiveSable64
   Player CID: 495883673
[DEBUG] RECV: /service/player message
[DEBUG] RECV: /meta/connect 
[DEBUG] RECV: /service/player message
[DEBUG] RECV: /meta/connect 
[DEBUG] RECV: /service/player message
[DEBUG] RECV: /meta/connect 
[DEBUG] RECV: /service/player message
[DEBUG] RECV: /meta/connect 
[DEBUG] RECV: /service/status status
[DEBUG] RECV: /meta/connect 
