
=== Kahoot Auto-Join ===
Game PIN: 5114254
Player: yousuck484-7m6

[1/3] Getting session token...
[DEBUG] Session token (raw): YQw/V1UJAGJafx19UVd3Yll1a3UkAg8EeAkoXVNlaXYheF00WxFZPgcVRB9UeGskYjcEEQtVXww3QnBnX1FkUAcaCgFsewVpDwMCDFtnVWg2A3p6ODYeWHhkFC5aIG4E
[DEBUG] Session token length: 128
[DEBUG] Base64 decoded length: 96
   ✓ Got session token
[2/3] Decoding token...
[DEBUG] Challenge message length: 100
[DEBUG] Offset: 346
[DEBUG] Decoded challenge length: 100
[DEBUG] Token bytes length: 96
[DEBUG] Final token length: 96
[DEBUG] Final token: 79b9be2430a6d965a014e8cf37c88929a3abcd9e7d6fa95e7a3a5ad9a50874247cf061629f8d01d3a610eed139caaf58
[DEBUG] Token: 79b9be2430a6d965a014e8cf37c88929a3abcd9e7d6fa95e7a3a5ad9a50874247cf061629f8d01d3a610eed139caaf58
   ✓ Token decoded (length: 96)
[3/3] Connecting...

[DEBUG] WebSocket URL: wss://kahoot.it/cometd/5114254/79b9be2430a6d965a014e8cf37c88929a3abcd9e7d6fa95e7a3a5ad9a50874247cf061629f8d01d3a610eed139caaf58
✓ Connected to WebSocket
[DEBUG] SEND handshake
[DEBUG] RECV: /meta/handshake 
✓ Handshake OK, clientId: bxsq1vwv0a4d8yft96dpsaj31hr0e
[DEBUG] SEND connect (first)
[DEBUG] RECV: /meta/connect 
[DEBUG] SEND connect (second)
[DEBUG] SEND login yousuck484-7m6
[DEBUG] RECV: /service/controller loginResponse
✓ Login successful! CID: 835830307
[DEBUG] SEND namerator message

=== SUCCESS ===
Listening for game events... (Ctrl+C to exit)

[DEBUG] RECV: /meta/connect 
[DEBUG] RECV: /service/controller 
[DEBUG] RECV: /service/controller 
[DEBUG] RECV: /service/status status
✓ Game is ACTIVE
[DEBUG] RECV: /service/player message

🎉 JOINED AS: BrightBuffalo26
   Player CID: 835830307
[DEBUG] RECV: /service/player message
[DEBUG] RECV: /meta/connect 
[DEBUG] RECV: /service/player message
[DEBUG] RECV: /meta/connect 
[DEBUG] RECV: /service/player message
[DEBUG] RECV: /meta/connect 
[DEBUG] RECV: /service/player message
[DEBUG] RECV: /meta/connect 
[DEBUG] RECV: /service/player message
[DEBUG] RECV: /meta/connect 
[DEBUG] RECV: /service/player message
[DEBUG] RECV: /meta/connect 
[DEBUG] RECV: /service/player message
[DEBUG] RECV: /meta/connect 
[DEBUG] RECV: /service/status status
[DEBUG] RECV: /meta/connect 
