
=== Kahoot Auto-Join ===
Game PIN: 5114254
Player: yousuck479-a0n

[1/3] Getting session token...
[DEBUG] Session token (raw): Ux8DX1MHbgB6BBc9eU1UVWA5WkxdCiFrWR1SUEFMeQMIeFZ0SS88dwtKUlkdXBJPFjlhFA8jUhwHW29YfAksYDJ+cQteWx4ETmcwL1wFC1Vcfgg9CjdFCy8MHB5XQggB
[DEBUG] Session token length: 128
[DEBUG] Base64 decoded length: 96
   ✓ Got session token
[2/3] Decoding token...
[DEBUG] Challenge message length: 100
[DEBUG] Offset: 16186996800
[DEBUG] Decoded challenge length: 100
[DEBUG] Token bytes length: 96
[DEBUG] Final token length: 96
[DEBUG] Final token: 0cf0d86c11ce55748b4838c55fab097425240eb7a985dea8ce9e5acedb645bd5f830effe53ba6fe5926d8c4cbaefa010
[DEBUG] Token: 0cf0d86c11ce55748b4838c55fab097425240eb7a985dea8ce9e5acedb645bd5f830effe53ba6fe5926d8c4cbaefa010
   ✓ Token decoded (length: 96)
[3/3] Connecting...

[DEBUG] WebSocket URL: wss://kahoot.it/cometd/5114254/0cf0d86c11ce55748b4838c55fab097425240eb7a985dea8ce9e5acedb645bd5f830effe53ba6fe5926d8c4cbaefa010
✓ Connected to WebSocket
[DEBUG] SEND handshake
[DEBUG] RECV: /meta/handshake 
✓ Handshake OK, clientId: bxsi1e2nousm740dn1t38heafetbgm
[DEBUG] SEND connect (first)
[DEBUG] RECV: /meta/connect 
[DEBUG] SEND connect (second)
[DEBUG] SEND login yousuck479-a0n
[DEBUG] RECV: /service/controller loginResponse
✓ Login successful! CID: 507848706
[DEBUG] SEND namerator message

=== SUCCESS ===
Listening for game events... (Ctrl+C to exit)

[DEBUG] RECV: /meta/connect 
[DEBUG] RECV: /service/controller 
[DEBUG] RECV: /service/controller 
[DEBUG] RECV: /service/status status
✓ Game is ACTIVE
[DEBUG] RECV: /service/player message

🎉 JOINED AS: HeroWildcat13
   Player CID: 507848706
[DEBUG] RECV: /service/player message
[DEBUG] RECV: /meta/connect 
[DEBUG] RECV: /service/player message
[DEBUG] RECV: /meta/connect 
[DEBUG] RECV: /service/player message
[DEBUG] RECV: /meta/connect 
[DEBUG] RECV: /service/player message
[DEBUG] RECV: /meta/connect 
[DEBUG] RECV: /service/player message
[DEBUG] RECV: /meta/connect 
[DEBUG] RECV: /service/player message
[DEBUG] RECV: /meta/connect 
[DEBUG] RECV: /service/player message
[DEBUG] RECV: /meta/connect 
[DEBUG] RECV: /service/status status
[DEBUG] RECV: /meta/connect 
