
=== Kahoot Auto-Join ===
Game PIN: 5114254
Player: yousuck296-r3o

[1/3] Getting session token...
[DEBUG] Session token (raw): SX9WXUJWP2IBUV8PEmFQQmw9aFQTCjoUe3sdAWQZbw8IT3RKClEEAnxvanxSVH5ePjdgA1lafgUBCSQCDFQCF3xKDwR7F0QkLmZVRFBKL3tPcVE6GwAjDXU1B1t9CQ82
[DEBUG] Session token length: 128
[DEBUG] Base64 decoded length: 96
   ✓ Got session token
[2/3] Decoding token...
[DEBUG] Challenge message length: 100
[DEBUG] Offset: 13317
[DEBUG] Decoded challenge length: 100
[DEBUG] Token bytes length: 96
[DEBUG] Final token length: 96
[DEBUG] Final token: 095616c4d01aa7437f0ea9ba49f92a65d658f6d257791845fa9b03422be68c3e10a27f6fe93233d477dbb7e48e8013cc
[DEBUG] Token: 095616c4d01aa7437f0ea9ba49f92a65d658f6d257791845fa9b03422be68c3e10a27f6fe93233d477dbb7e48e8013cc
   ✓ Token decoded (length: 96)
[3/3] Connecting...

[DEBUG] WebSocket URL: wss://kahoot.it/cometd/5114254/095616c4d01aa7437f0ea9ba49f92a65d658f6d257791845fa9b03422be68c3e10a27f6fe93233d477dbb7e48e8013cc
✓ Connected to WebSocket
[DEBUG] SEND handshake
[DEBUG] RECV: /meta/handshake 
✓ Handshake OK, clientId: bxnkfruyxlpkiter15p6wkghzftmz
[DEBUG] SEND connect (first)
[DEBUG] RECV: /meta/connect 
[DEBUG] SEND connect (second)
[DEBUG] SEND login yousuck296-r3o
[DEBUG] RECV: /service/controller loginResponse
✓ Login successful! CID: 2084834722
[DEBUG] SEND namerator message

=== SUCCESS ===
Listening for game events... (Ctrl+C to exit)

[DEBUG] RECV: /meta/connect 
[DEBUG] RECV: /service/controller 
[DEBUG] RECV: /service/controller 
[DEBUG] RECV: /service/status status
✓ Game is ACTIVE
[DEBUG] RECV: /service/player message

🎉 JOINED AS: NimbleMacaw47
   Player CID: 2084834722
[DEBUG] RECV: /service/player message
[DEBUG] RECV: /meta/connect 
[DEBUG] RECV: /service/player message
[DEBUG] RECV: /meta/connect 
[DEBUG] RECV: /service/player message
[DEBUG] RECV: /meta/connect 
[DEBUG] RECV: /service/player message
[DEBUG] RECV: /meta/connect 
[DEBUG] RECV: /service/player message
[DEBUG] RECV: /meta/connect 
[DEBUG] RECV: /service/player message
[DEBUG] RECV: /meta/connect 
[DEBUG] RECV: /service/player message
[DEBUG] RECV: /meta/connect 
[DEBUG] RECV: /service/player message
[DEBUG] RECV: /meta/connect 
[DEBUG] RECV: /service/player message
[DEBUG] RECV: /meta/connect 
[DEBUG] RECV: /service/status status
[DEBUG] RECV: /meta/connect 
