
=== Kahoot Auto-Join ===
Game PIN: 5114254
Player: yousuck954-8f8

[1/3] Getting session token...
[DEBUG] Session token (raw): FWNaOHQ7TVVlbwxgOW08DgcKRHMJVGBvfy1PQnRCU1oTFVQSUSpzAjYSX1MVW2c8QjkxUXpjS35GNFYVBQJrUwwQAjk0AgdxY1xfP2sQcSp0VTJUbjQLSV01Cw19SEpn
[DEBUG] Session token length: 128
[DEBUG] Base64 decoded length: 96
   ✓ Got session token
[2/3] Decoding token...
[DEBUG] Challenge message length: 100
[DEBUG] Offset: 6787620
[DEBUG] Decoded challenge length: 100
[DEBUG] Token bytes length: 96
[DEBUG] Final token length: 96
[DEBUG] Final token: c30c9e7b8365c6fafd44ac582e861081cc6dac9ddc02c74c2cf155340e9d0b2cfe6ba2978a7b2f9b33bf4e916ca36880
[DEBUG] Token: c30c9e7b8365c6fafd44ac582e861081cc6dac9ddc02c74c2cf155340e9d0b2cfe6ba2978a7b2f9b33bf4e916ca36880
   ✓ Token decoded (length: 96)
[3/3] Connecting...

[DEBUG] WebSocket URL: wss://kahoot.it/cometd/5114254/c30c9e7b8365c6fafd44ac582e861081cc6dac9ddc02c74c2cf155340e9d0b2cfe6ba2978a7b2f9b33bf4e916ca36880
✓ Connected to WebSocket
[DEBUG] SEND handshake
[DEBUG] RECV: /meta/handshake 
✓ Handshake OK, clientId: by5sagu3mdioj2h73ekz1nblv051
[DEBUG] SEND connect (first)
[DEBUG] RECV: /meta/connect 
[DEBUG] SEND connect (second)
[DEBUG] SEND login yousuck954-8f8
[DEBUG] RECV: /service/controller loginResponse
✓ Login successful! CID: 682793229
[DEBUG] SEND namerator message

=== SUCCESS ===
Listening for game events... (Ctrl+C to exit)

[DEBUG] RECV: /meta/connect 
[DEBUG] RECV: /service/controller 
[DEBUG] RECV: /service/controller 
[DEBUG] RECV: /service/status status
✓ Game is ACTIVE
[DEBUG] RECV: /service/player message

🎉 JOINED AS: ExcitedCat17
   Player CID: 682793229
[DEBUG] RECV: /service/player message
[DEBUG] RECV: /meta/connect 
[DEBUG] RECV: /service/status status
[DEBUG] RECV: /meta/connect 
