
=== Kahoot Auto-Join ===
Game PIN: 5732350
Player: yousuck15-21l

[1/3] Getting session token...
[DEBUG] Session token (raw): Um97MBR7OkxcfDBZQ0UMI0h2aQR+XVMPN3YGF3dbRk4MTmhZdGQBOTFpbB9kZ00QTglRJStQM14OLxwCdy4QZQNcU1llHANbK3UvUFYBPgpRHQB4B34zWQRhX38LP2dw
[DEBUG] Session token length: 128
[DEBUG] Base64 decoded length: 96
   ✓ Got session token
[2/3] Decoding token...
[DEBUG] Challenge message length: 100
[DEBUG] Offset: 6472
[DEBUG] Decoded challenge length: 100
[DEBUG] Token bytes length: 96
[DEBUG] Final token length: 96
[DEBUG] Final token: f91eb5e6f0ef907f10009887b39e5c02380b70ded42e185c6e7cbfca5ad88bc27e841e7fc8b415a34d4233a60546da46
[DEBUG] Token: f91eb5e6f0ef907f10009887b39e5c02380b70ded42e185c6e7cbfca5ad88bc27e841e7fc8b415a34d4233a60546da46
   ✓ Token decoded (length: 96)
[3/3] Connecting...

[DEBUG] WebSocket URL: wss://kahoot.it/cometd/5732350/f91eb5e6f0ef907f10009887b39e5c02380b70ded42e185c6e7cbfca5ad88bc27e841e7fc8b415a34d4233a60546da46
✓ Connected to WebSocket
[DEBUG] SEND handshake
[DEBUG] RECV: /meta/handshake 
✓ Handshake OK, clientId: bzj14q9q0tdb1uto1in064q8a3peb
[DEBUG] SEND connect (first)
[DEBUG] RECV: /meta/connect 
[DEBUG] SEND connect (second)
[DEBUG] SEND login yousuck15-21l
[DEBUG] RECV: /service/controller loginResponse
✓ Login successful! CID: 206623058
[DEBUG] SEND namerator message

=== SUCCESS ===
Listening for game events... (Ctrl+C to exit)

[DEBUG] RECV: /meta/connect 
[DEBUG] RECV: /service/controller 
[DEBUG] RECV: /service/controller 
[DEBUG] RECV: /service/status status
✓ Game is ACTIVE
[DEBUG] RECV: /service/player message

🎉 JOINED AS: DoctorKitten45
   Player CID: 206623058
[DEBUG] RECV: /service/player message
[DEBUG] RECV: /service/player message
[DEBUG] RECV: /service/player message
[DEBUG] RECV: /meta/connect 
[DEBUG] RECV: /service/player message
[DEBUG] RECV: /service/player message
[DEBUG] RECV: /meta/connect 
[DEBUG] RECV: /service/player message
[DEBUG] RECV: /service/player message
[DEBUG] RECV: /meta/connect 
[DEBUG] RECV: /service/player message
[DEBUG] RECV: /meta/connect 
[DEBUG] RECV: /service/player message
[DEBUG] RECV: /meta/connect 
[DEBUG] RECV: /service/player message
[DEBUG] RECV: /meta/connect 
[DEBUG] RECV: /service/player message
[DEBUG] RECV: /meta/connect 
[DEBUG] RECV: /service/player message
[DEBUG] RECV: /meta/connect 
[DEBUG] RECV: /service/status status
[DEBUG] RECV: /meta/connect 
