
=== Kahoot Auto-Join ===
Game PIN: 5114254
Player: yousuck153-tn8

[1/3] Getting session token...
[DEBUG] Session token (raw): AHpFACdeRUZVeQANYkFaenEbDVIuOlcMTgoCVTYJLCcNAAxmCBJ7XBMFNnkmbE5GaktbbA03X30rbwQ7dlAND14HXDNdW0oIXQpTD1dSIFMFTw9BEFlTfAA1AFRIJ0MS
[DEBUG] Session token length: 128
[DEBUG] Base64 decoded length: 96
   ✓ Got session token
[2/3] Decoding token...
[DEBUG] Challenge message length: 100
[DEBUG] Offset: 996433
[DEBUG] Decoded challenge length: 100
[DEBUG] Token bytes length: 96
[DEBUG] Final token length: 96
[DEBUG] Final token: e42ada5597f480a56bd4ad255d2faffb2ec6bf89d2f7b78298c67fc2b49e4014ad9c1207f4e227a14327cae19d611c8d
[DEBUG] Token: e42ada5597f480a56bd4ad255d2faffb2ec6bf89d2f7b78298c67fc2b49e4014ad9c1207f4e227a14327cae19d611c8d
   ✓ Token decoded (length: 96)
[3/3] Connecting...

[DEBUG] WebSocket URL: wss://kahoot.it/cometd/5114254/e42ada5597f480a56bd4ad255d2faffb2ec6bf89d2f7b78298c67fc2b49e4014ad9c1207f4e227a14327cae19d611c8d
✓ Connected to WebSocket
[DEBUG] SEND handshake
[DEBUG] RECV: /meta/handshake 
✓ Handshake OK, clientId: bxjmqos2u6qvrp241ass4gr993wrp
[DEBUG] SEND connect (first)
[DEBUG] RECV: /meta/connect 
[DEBUG] SEND connect (second)
[DEBUG] SEND login yousuck153-tn8
[DEBUG] RECV: /service/controller loginResponse
✓ Login successful! CID: 458954525
[DEBUG] SEND namerator message

=== SUCCESS ===
Listening for game events... (Ctrl+C to exit)

[DEBUG] RECV: /meta/connect 
[DEBUG] RECV: /service/controller 
[DEBUG] RECV: /service/controller 
[DEBUG] RECV: /service/status status
✓ Game is ACTIVE
[DEBUG] RECV: /service/player message

🎉 JOINED AS: ProudChicken85
   Player CID: 458954525
[DEBUG] RECV: /service/player message
[DEBUG] RECV: /meta/connect 
[DEBUG] RECV: /service/player message
[DEBUG] RECV: /meta/connect 
[DEBUG] RECV: /service/player message
[DEBUG] RECV: /meta/connect 
[DEBUG] RECV: /service/player message
[DEBUG] RECV: /meta/connect 
[DEBUG] RECV: /service/player message
[DEBUG] RECV: /meta/connect 
[DEBUG] RECV: /service/player message
[DEBUG] RECV: /meta/connect 
[DEBUG] RECV: /service/player message
[DEBUG] RECV: /meta/connect 
[DEBUG] RECV: /service/player message
[DEBUG] RECV: /meta/connect 
[DEBUG] RECV: /service/player message
[DEBUG] RECV: /meta/connect 
[DEBUG] RECV: /service/player message
[DEBUG] RECV: /meta/connect 
[DEBUG] RECV: /service/player message
[DEBUG] RECV: /meta/connect 
[DEBUG] RECV: /service/player message
[DEBUG] RECV: /meta/connect 
[DEBUG] RECV: /service/status status
[DEBUG] RECV: /meta/connect 
