
=== Kahoot Auto-Join ===
Game PIN: 4969059
Player: yousuck98-i6k

[1/3] Getting session token...
[DEBUG] Session token (raw): AAF/QCcFKE1aYB5bLFFKSUNPAxAEVm0ccwg5U0coYSZGZ2lUbkJuDFpWAmxCcisURm8HRmMLCl4mXndZHS1dEQNUQBUOAD0yeAgkWgoAcW1TBXhACm9gU0J+Vl5nFRBv
[DEBUG] Session token length: 128
[DEBUG] Base64 decoded length: 96
   ✓ Got session token
[2/3] Decoding token...
[DEBUG] Challenge message length: 100
[DEBUG] Offset: 3211
[DEBUG] Decoded challenge length: 100
[DEBUG] Token bytes length: 96
[DEBUG] Final token length: 96
[DEBUG] Final token: fd08f5b951daa115645b5c6d22a23d3c574a25605ad730bb60b154dde978fd3efb1be5ee24f98f719601641f334b0ba4
[DEBUG] Token: fd08f5b951daa115645b5c6d22a23d3c574a25605ad730bb60b154dde978fd3efb1be5ee24f98f719601641f334b0ba4
   ✓ Token decoded (length: 96)
[3/3] Connecting...

[DEBUG] WebSocket URL: wss://kahoot.it/cometd/4969059/fd08f5b951daa115645b5c6d22a23d3c574a25605ad730bb60b154dde978fd3efb1be5ee24f98f719601641f334b0ba4
✓ Connected to WebSocket
[DEBUG] SEND handshake
[DEBUG] RECV: /meta/handshake 
✓ Handshake OK, clientId: buqu1m6trhfxmoi7a79n4ahmjlevx
[DEBUG] SEND connect (first)
[DEBUG] RECV: /meta/connect 
[DEBUG] SEND connect (second)
[DEBUG] SEND login yousuck98-i6k
[DEBUG] RECV: /service/controller loginResponse
✓ Login successful! CID: 39657784
[DEBUG] SEND namerator message

=== SUCCESS ===
Listening for game events... (Ctrl+C to exit)

[DEBUG] RECV: /meta/connect 
[DEBUG] RECV: /service/controller 
[DEBUG] RECV: /service/controller 
[DEBUG] RECV: /service/status status
✓ Game is ACTIVE
[DEBUG] RECV: /service/player message

🎉 JOINED AS: CharmingPiranha96
   Player CID: 39657784
[DEBUG] RECV: /service/player message
[DEBUG] RECV: /meta/connect 
[DEBUG] RECV: /service/status status
[DEBUG] RECV: /meta/connect 
