
=== Kahoot Auto-Join ===
Game PIN: 5114254
Player: yousuck859-kkj

[1/3] Getting session token...
[DEBUG] Session token (raw): d0BKewBbUU8mRWtUXm53WXQqFTclCgUnVWolfwkofgJULUt5egJXVyMnbA9/XkRwCRJDAEQPdgp6X1dYPlxPdnwadhQlXmkoZmktFWIjJAVyMyNlfH1cAwc2RjYHekMN
[DEBUG] Session token length: 128
[DEBUG] Base64 decoded length: 96
   ✓ Got session token
[2/3] Decoding token...
[DEBUG] Challenge message length: 100
[DEBUG] Offset: 247
[DEBUG] Decoded challenge length: 100
[DEBUG] Token bytes length: 96
[DEBUG] Final token length: 96
[DEBUG] Final token: 7988c6e7b24ae7706aacb8dea6b1ce314f8995a4ad914a29bc90426f43d4b1610c6de25a93ff6ca60ef82246fb5cd91a
[DEBUG] Token: 7988c6e7b24ae7706aacb8dea6b1ce314f8995a4ad914a29bc90426f43d4b1610c6de25a93ff6ca60ef82246fb5cd91a
   ✓ Token decoded (length: 96)
[3/3] Connecting...

[DEBUG] WebSocket URL: wss://kahoot.it/cometd/5114254/7988c6e7b24ae7706aacb8dea6b1ce314f8995a4ad914a29bc90426f43d4b1610c6de25a93ff6ca60ef82246fb5cd91a
✓ Connected to WebSocket
[DEBUG] SEND handshake
[DEBUG] RECV: /meta/handshake 
✓ Handshake OK, clientId: by311odzpzn26ae111hju1te649gl
[DEBUG] SEND connect (first)
[DEBUG] RECV: /meta/connect 
[DEBUG] SEND connect (second)
[DEBUG] SEND login yousuck859-kkj
[DEBUG] RECV: /service/controller loginResponse
✓ Login successful! CID: 1039809123
[DEBUG] SEND namerator message

=== SUCCESS ===
Listening for game events... (Ctrl+C to exit)

[DEBUG] RECV: /meta/connect 
[DEBUG] RECV: /service/controller 
[DEBUG] RECV: /service/controller 
[DEBUG] RECV: /service/status status
✓ Game is ACTIVE
[DEBUG] RECV: /service/player message

🎉 JOINED AS: RoyalStork60
   Player CID: 1039809123
[DEBUG] RECV: /service/player message
[DEBUG] RECV: /meta/connect 
[DEBUG] RECV: /service/player message
[DEBUG] RECV: /meta/connect 
[DEBUG] RECV: /service/status status
[DEBUG] RECV: /meta/connect 
