
=== Kahoot Auto-Join ===
Game PIN: 5732350
Player: yousuck59-qlg

[1/3] Getting session token...
[DEBUG] Session token (raw): a1E/XBlSIQojCxNIVyBwXgRwAVMkCi1CYlkmAUdGWDtjcBQHOx1STyUTbGQ8bAklUwRdXHd4bgFheDFgVQZ9Ew1sS2A1W24JQhh0DglqYwVODSMzW3woXCsDYzVoBHJD
[DEBUG] Session token length: 128
[DEBUG] Base64 decoded length: 96
   ✓ Got session token
[2/3] Decoding token...
[DEBUG] Challenge message length: 100
[DEBUG] Offset: 2044
[DEBUG] Decoded challenge length: 100
[DEBUG] Token bytes length: 96
[DEBUG] Final token length: 96
[DEBUG] Final token: 12e3c6ebe1b3bb5036efc4b231d517fa04e0af69fa67f40fe4c5552821c6727e2809f4469a3df07c6aeae7eed41f4674
[DEBUG] Token: 12e3c6ebe1b3bb5036efc4b231d517fa04e0af69fa67f40fe4c5552821c6727e2809f4469a3df07c6aeae7eed41f4674
   ✓ Token decoded (length: 96)
[3/3] Connecting...

[DEBUG] WebSocket URL: wss://kahoot.it/cometd/5732350/12e3c6ebe1b3bb5036efc4b231d517fa04e0af69fa67f40fe4c5552821c6727e2809f4469a3df07c6aeae7eed41f4674
✓ Connected to WebSocket
[DEBUG] SEND handshake
[DEBUG] RECV: /meta/handshake 
✓ Handshake OK, clientId: bzk213ng4emv1knuy4idfmjo3pu92
[DEBUG] SEND connect (first)
[DEBUG] RECV: /meta/connect 
[DEBUG] SEND connect (second)
[DEBUG] SEND login yousuck59-qlg
[DEBUG] RECV: /service/controller loginResponse
✓ Login successful! CID: 1872891648
[DEBUG] SEND namerator message

=== SUCCESS ===
Listening for game events... (Ctrl+C to exit)

[DEBUG] RECV: /meta/connect 
[DEBUG] RECV: /service/controller 
[DEBUG] RECV: /service/controller 
[DEBUG] RECV: /service/status status
✓ Game is ACTIVE
[DEBUG] RECV: /service/player message

🎉 JOINED AS: GentleFerret59
   Player CID: 1872891648
[DEBUG] RECV: /service/player message
[DEBUG] RECV: /service/player message
[DEBUG] RECV: /service/player message
[DEBUG] RECV: /meta/connect 
[DEBUG] RECV: /service/player message
[DEBUG] RECV: /service/player message
[DEBUG] RECV: /meta/connect 
[DEBUG] RECV: /service/player message
[DEBUG] RECV: /meta/connect 
[DEBUG] RECV: /service/player message
[DEBUG] RECV: /meta/connect 
[DEBUG] RECV: /service/player message
[DEBUG] RECV: /meta/connect 
[DEBUG] RECV: /service/player message
[DEBUG] RECV: /meta/connect 
[DEBUG] RECV: /service/status status
[DEBUG] RECV: /meta/connect 
