
=== Kahoot Auto-Join ===
Game PIN: 4969059
Player: yousuck87-vmz

[1/3] Getting session token...
[DEBUG] Session token (raw): Txduem5MamZUaG0OfAhjJlYAH1t1ZzhTCzVjUxgVXnxwWlJmWFoIS2VNZlgLCFQDUzhZUXFBRQE2cF1JU1wKIWNDTAgKGAFcAGRvEUMfVwAJBHN0Sl9dd3QECgR5dEMG
[DEBUG] Session token length: 128
[DEBUG] Base64 decoded length: 96
   ✓ Got session token
[2/3] Decoding token...
[DEBUG] Challenge message length: 100
[DEBUG] Offset: 104101
[DEBUG] Decoded challenge length: 100
[DEBUG] Token bytes length: 96
[DEBUG] Final token length: 96
[DEBUG] Final token: 5b3397316536544fadde99aacf36bc5235213d70791b3c4ebf73003ea89867bc096c7bd7c40c5e713509005472508991
[DEBUG] Token: 5b3397316536544fadde99aacf36bc5235213d70791b3c4ebf73003ea89867bc096c7bd7c40c5e713509005472508991
   ✓ Token decoded (length: 96)
[3/3] Connecting...

[DEBUG] WebSocket URL: wss://kahoot.it/cometd/4969059/5b3397316536544fadde99aacf36bc5235213d70791b3c4ebf73003ea89867bc096c7bd7c40c5e713509005472508991
✓ Connected to WebSocket
[DEBUG] SEND handshake
[DEBUG] RECV: /meta/handshake 
✓ Handshake OK, clientId: buq9oygsodhp8jgi1b3fw1fr9fg11
[DEBUG] SEND connect (first)
[DEBUG] RECV: /meta/connect 
[DEBUG] SEND connect (second)
[DEBUG] SEND login yousuck87-vmz
[DEBUG] RECV: /service/controller loginResponse
✓ Login successful! CID: 1963512707
[DEBUG] SEND namerator message

=== SUCCESS ===
Listening for game events... (Ctrl+C to exit)

[DEBUG] RECV: /meta/connect 
[DEBUG] RECV: /service/controller 
[DEBUG] RECV: /service/controller 
[DEBUG] RECV: /service/status status
✓ Game is ACTIVE
[DEBUG] RECV: /service/player message

🎉 JOINED AS: SpaceDragon37
   Player CID: 1963512707
[DEBUG] RECV: /service/player message
[DEBUG] RECV: /service/player message
[DEBUG] RECV: /service/player message
[DEBUG] RECV: /service/player message
[DEBUG] RECV: /meta/connect 
[DEBUG] RECV: /service/status status
[DEBUG] RECV: /meta/connect 
