
=== Kahoot Auto-Join ===
Game PIN: 5114254
Player: yousuck371-kxv

[1/3] Getting session token...
[DEBUG] Session token (raw): T1ILBRZnBkABCXtfeUVwU1wzAlgUEWx5X2RLFTZMD2dVXiBnOwFeHzxffAVZDn9UaWteEFIzAlsnNTZja11EIDsGdmIhNFYfbBw4KQtMARBmal9AUHh+KFdVA1lbGXZ4
[DEBUG] Session token length: 128
[DEBUG] Base64 decoded length: 96
   ✓ Got session token
[2/3] Decoding token...
[DEBUG] Challenge message length: 100
[DEBUG] Offset: 52896
[DEBUG] Decoded challenge length: 100
[DEBUG] Token bytes length: 96
[DEBUG] Final token length: 96
[DEBUG] Final token: 50fbe0b3dd704392cd6bdb59652ca8b62ff0cb8fbf5f678785fc2d74edb9264bc980cfbe8dcc96be9385d56f32a5de98
[DEBUG] Token: 50fbe0b3dd704392cd6bdb59652ca8b62ff0cb8fbf5f678785fc2d74edb9264bc980cfbe8dcc96be9385d56f32a5de98
   ✓ Token decoded (length: 96)
[3/3] Connecting...

[DEBUG] WebSocket URL: wss://kahoot.it/cometd/5114254/50fbe0b3dd704392cd6bdb59652ca8b62ff0cb8fbf5f678785fc2d74edb9264bc980cfbe8dcc96be9385d56f32a5de98
✓ Connected to WebSocket
[DEBUG] SEND handshake
[DEBUG] RECV: /meta/handshake 
✓ Handshake OK, clientId: bxpfond4v4hs5d90u1lcr258bsxw
[DEBUG] SEND connect (first)
[DEBUG] RECV: /meta/connect 
[DEBUG] SEND connect (second)
[DEBUG] SEND login yousuck371-kxv
[DEBUG] RECV: /service/controller loginResponse
✓ Login successful! CID: 1904068896
[DEBUG] SEND namerator message

=== SUCCESS ===
Listening for game events... (Ctrl+C to exit)

[DEBUG] RECV: /meta/connect 
[DEBUG] RECV: /service/controller 
[DEBUG] RECV: /service/controller 
[DEBUG] RECV: /service/status status
✓ Game is ACTIVE
[DEBUG] RECV: /service/player message

🎉 JOINED AS: CaringBoa6
   Player CID: 1904068896
[DEBUG] RECV: /service/player message
[DEBUG] RECV: /meta/connect 
[DEBUG] RECV: /service/player message
[DEBUG] RECV: /meta/connect 
[DEBUG] RECV: /service/player message
[DEBUG] RECV: /meta/connect 
[DEBUG] RECV: /service/player message
[DEBUG] RECV: /meta/connect 
[DEBUG] RECV: /service/player message
[DEBUG] RECV: /meta/connect 
[DEBUG] RECV: /service/player message
[DEBUG] RECV: /meta/connect 
[DEBUG] RECV: /service/player message
[DEBUG] RECV: /meta/connect 
[DEBUG] RECV: /service/player message
[DEBUG] RECV: /meta/connect 
[DEBUG] RECV: /service/status status
[DEBUG] RECV: /meta/connect 
