
=== Kahoot Auto-Join ===
Game PIN: 5114254
Player: yousuck583-y0u

[1/3] Getting session token...
[DEBUG] Session token (raw): VQ5QECQ/TEhDX2RmOGdVfl9mcwp3Fn5KPAQ8BmxgEwEodnVoV11BQVYoVChUQVBramwFC2BUdQ4gSFI4PkoOXQI8c3YHBgVcU1N4NAlYZWUhBg0QBQJhXwFdDQw8VkFA
[DEBUG] Session token length: 128
[DEBUG] Base64 decoded length: 96
   ✓ Got session token
[2/3] Decoding token...
[DEBUG] Challenge message length: 100
[DEBUG] Offset: 3141
[DEBUG] Decoded challenge length: 100
[DEBUG] Token bytes length: 96
[DEBUG] Final token length: 96
[DEBUG] Final token: 83beca431981b283116a6b20cff440a8c700da867a9b984153098a88c29cb2f0ff29120ae97da512e40cc73c78dafd71
[DEBUG] Token: 83beca431981b283116a6b20cff440a8c700da867a9b984153098a88c29cb2f0ff29120ae97da512e40cc73c78dafd71
   ✓ Token decoded (length: 96)
[3/3] Connecting...

[DEBUG] WebSocket URL: wss://kahoot.it/cometd/5114254/83beca431981b283116a6b20cff440a8c700da867a9b984153098a88c29cb2f0ff29120ae97da512e40cc73c78dafd71
✓ Connected to WebSocket
[DEBUG] SEND handshake
[DEBUG] RECV: /meta/handshake 
✓ Handshake OK, clientId: bxvk11xw69r142cd9n56i1569hvzd
[DEBUG] SEND connect (first)
[DEBUG] RECV: /meta/connect 
[DEBUG] SEND connect (second)
[DEBUG] SEND login yousuck583-y0u
[DEBUG] RECV: /service/controller loginResponse
✓ Login successful! CID: 409278992
[DEBUG] SEND namerator message

=== SUCCESS ===
Listening for game events... (Ctrl+C to exit)

[DEBUG] RECV: /meta/connect 
[DEBUG] RECV: /service/controller 
[DEBUG] RECV: /service/controller 
[DEBUG] RECV: /service/status status
✓ Game is ACTIVE
[DEBUG] RECV: /service/player message

🎉 JOINED AS: BronzeImpala53
   Player CID: 409278992
[DEBUG] RECV: /service/player message
[DEBUG] RECV: /meta/connect 
[DEBUG] RECV: /service/player message
[DEBUG] RECV: /meta/connect 
[DEBUG] RECV: /service/player message
[DEBUG] RECV: /meta/connect 
[DEBUG] RECV: /service/player message
[DEBUG] RECV: /meta/connect 
[DEBUG] RECV: /service/player message
[DEBUG] RECV: /meta/connect 
[DEBUG] RECV: /service/player message
[DEBUG] RECV: /meta/connect 
[DEBUG] RECV: /service/status status
[DEBUG] RECV: /meta/connect 
