
=== Kahoot Auto-Join ===
Game PIN: 5814465
Player: yousuck80-13r

[1/3] Getting session token...
[DEBUG] Session token (raw): R2wVAhl+DTcMQA9aajENWWJsB1FdDSlIWRRpYgx1aDgyDAoEVBAeXk5RcjJ4MVQNfVpoFHkDfV4AUFEJFTogTlpSZFx4DgokCzETEgBCWEVudlYOWANmbFwbTAhkA1ZX
[DEBUG] Session token length: 128
[DEBUG] Base64 decoded length: 96
   ✓ Got session token
[2/3] Decoding token...
[DEBUG] Challenge message length: 100
[DEBUG] Offset: 2072
[DEBUG] Decoded challenge length: 100
[DEBUG] Token bytes length: 96
[DEBUG] Final token length: 96
[DEBUG] Final token: 12cee89dc8f15d3f53085bc2fb42c24eb854dcf24e7d2ecd621b3d157cf3fad87818904e8deea46607549677cc8612ab
[DEBUG] Token: 12cee89dc8f15d3f53085bc2fb42c24eb854dcf24e7d2ecd621b3d157cf3fad87818904e8deea46607549677cc8612ab
   ✓ Token decoded (length: 96)
[3/3] Connecting...

[DEBUG] WebSocket URL: wss://kahoot.it/cometd/5814465/12cee89dc8f15d3f53085bc2fb42c24eb854dcf24e7d2ecd621b3d157cf3fad87818904e8deea46607549677cc8612ab
✓ Connected to WebSocket
[DEBUG] SEND handshake
[DEBUG] RECV: /meta/handshake 
✓ Handshake OK, clientId: 92shdkf3qf0xsbva41zg3lazku08
[DEBUG] SEND connect (first)
[DEBUG] RECV: /meta/connect 
[DEBUG] SEND connect (second)
[DEBUG] SEND login yousuck80-13r
[DEBUG] RECV: /service/status status
[DEBUG] RECV: /meta/connect 
[DEBUG] RECV: /service/controller 

⚠ Timeout - check if name appears in Kahoot lobby
[DEBUG] WebSocket closed: 1005

=== FAILED ===
Error: Connection closed (1005)
