
=== Kahoot Auto-Join ===
Game PIN: 5114254
Player: yousuck284-sy8

[1/3] Getting session token...
[DEBUG] Session token (raw): WUpRVlp4XAYNAnQMKSQCaHdUWVdZW1gAUFlsGjN/IhdmeGlbP3UGN09RIgJfRHM4RQUIXHsHO3xqUGIEBFkHUwNReSJeBxBRDSE+XQRfVg4DBTg+QAkWcHhxYUJgfFJp
[DEBUG] Session token length: 128
[DEBUG] Base64 decoded length: 96
   ✓ Got session token
[2/3] Decoding token...
[DEBUG] Challenge message length: 100
[DEBUG] Offset: 9068
[DEBUG] Decoded challenge length: 100
[DEBUG] Token bytes length: 96
[DEBUG] Final token length: 96
[DEBUG] Final token: 28c4c3fbc283fa158461f038f13ce4bc7260f18a3ec4451f76609ed67239dd57ec3b8db7bbe1c45e73bb92d029309134
[DEBUG] Token: 28c4c3fbc283fa158461f038f13ce4bc7260f18a3ec4451f76609ed67239dd57ec3b8db7bbe1c45e73bb92d029309134
   ✓ Token decoded (length: 96)
[3/3] Connecting...

[DEBUG] WebSocket URL: wss://kahoot.it/cometd/5114254/28c4c3fbc283fa158461f038f13ce4bc7260f18a3ec4451f76609ed67239dd57ec3b8db7bbe1c45e73bb92d029309134
✓ Connected to WebSocket
[DEBUG] SEND handshake
[DEBUG] RECV: /meta/handshake 
✓ Handshake OK, clientId: bxn36bw8tm74lz6p1e3abvdpyysod
[DEBUG] SEND connect (first)
[DEBUG] RECV: /meta/connect 
[DEBUG] SEND connect (second)
[DEBUG] SEND login yousuck284-sy8
[DEBUG] RECV: /service/controller loginResponse
✓ Login successful! CID: 1081508509
[DEBUG] SEND namerator message

=== SUCCESS ===
Listening for game events... (Ctrl+C to exit)

[DEBUG] RECV: /meta/connect 
[DEBUG] RECV: /service/controller 
[DEBUG] RECV: /service/controller 
[DEBUG] RECV: /service/status status
✓ Game is ACTIVE
[DEBUG] RECV: /service/player message

🎉 JOINED AS: WiseSloth21
   Player CID: 1081508509
[DEBUG] RECV: /service/player message
[DEBUG] RECV: /service/player message
[DEBUG] RECV: /meta/connect 
[DEBUG] RECV: /service/player message
[DEBUG] RECV: /meta/connect 
[DEBUG] RECV: /service/player message
[DEBUG] RECV: /meta/connect 
[DEBUG] RECV: /service/player message
[DEBUG] RECV: /meta/connect 
[DEBUG] RECV: /service/player message
[DEBUG] RECV: /meta/connect 
[DEBUG] RECV: /service/player message
[DEBUG] RECV: /meta/connect 
[DEBUG] RECV: /service/player message
[DEBUG] RECV: /meta/connect 
[DEBUG] RECV: /service/player message
[DEBUG] RECV: /meta/connect 
[DEBUG] RECV: /service/player message
[DEBUG] RECV: /meta/connect 
[DEBUG] RECV: /service/status status
[DEBUG] RECV: /meta/connect 
