
=== Kahoot Auto-Join ===
Game PIN: 5732350
Player: yousuck61-v7k

[1/3] Getting session token...
[DEBUG] Session token (raw): eANUHltTRGIDUFkEWGF7UBQKX1Jxa1VlDVZeVUtsBBIWMwl+LgobRgBBZFAeTgV/K3EhWQI/XXE0AG4HYDlmRhBYfihxAhdvIGIrEwVxT157AkobDlQna1JMYiRMaEwA
[DEBUG] Session token length: 128
[DEBUG] Base64 decoded length: 96
   ✓ Got session token
[2/3] Decoding token...
[DEBUG] Challenge message length: 100
[DEBUG] Offset: 3482
[DEBUG] Decoded challenge length: 100
[DEBUG] Token bytes length: 96
[DEBUG] Final token length: 96
[DEBUG] Final token: 9c2b64347e2fe642ff6826c1e47f91bfcd01b2b5552ef696b0a5cf20b0022f84f72b6ce8a9ab1087972aefd3065e496e
[DEBUG] Token: 9c2b64347e2fe642ff6826c1e47f91bfcd01b2b5552ef696b0a5cf20b0022f84f72b6ce8a9ab1087972aefd3065e496e
   ✓ Token decoded (length: 96)
[3/3] Connecting...

[DEBUG] WebSocket URL: wss://kahoot.it/cometd/5732350/9c2b64347e2fe642ff6826c1e47f91bfcd01b2b5552ef696b0a5cf20b0022f84f72b6ce8a9ab1087972aefd3065e496e
✓ Connected to WebSocket
[DEBUG] SEND handshake
[DEBUG] RECV: /meta/handshake 
✓ Handshake OK, clientId: bzk13xd80r90aabkwfmx5pzgafb9
[DEBUG] SEND connect (first)
[DEBUG] RECV: /meta/connect 
[DEBUG] SEND connect (second)
[DEBUG] SEND login yousuck61-v7k
[DEBUG] RECV: /service/controller loginResponse
✓ Login successful! CID: 929301391
[DEBUG] SEND namerator message

=== SUCCESS ===
Listening for game events... (Ctrl+C to exit)

[DEBUG] RECV: /meta/connect 
[DEBUG] RECV: /service/controller 
[DEBUG] RECV: /service/controller 
[DEBUG] RECV: /service/status status
✓ Game is ACTIVE
[DEBUG] RECV: /service/player message

🎉 JOINED AS: SilverSnail90
   Player CID: 929301391
[DEBUG] RECV: /service/player message
[DEBUG] RECV: /service/player message
[DEBUG] RECV: /service/player message
[DEBUG] RECV: /meta/connect 
[DEBUG] RECV: /service/player message
[DEBUG] RECV: /service/player message
[DEBUG] RECV: /meta/connect 
[DEBUG] RECV: /service/player message
[DEBUG] RECV: /meta/connect 
[DEBUG] RECV: /service/player message
[DEBUG] RECV: /meta/connect 
[DEBUG] RECV: /service/player message
[DEBUG] RECV: /meta/connect 
[DEBUG] RECV: /service/player message
[DEBUG] RECV: /meta/connect 
[DEBUG] RECV: /service/status status
[DEBUG] RECV: /meta/connect 
