
=== Kahoot Auto-Join ===
Game PIN: 5114254
Player: yousuck121-ai0

[1/3] Getting session token...
[DEBUG] Session token (raw): Rw0Ha2oCWHx7BAgNYm9VWTpVDHEJKgcnb3p0ZVYAZj0MBhZlDwZMURECBw0MIA9NZHdDYTYBfw5VQmdROgUHVEADF0EJdQEUQmN7NnhFAAB0WDgGUVtAA1JXZANTawFZ
[DEBUG] Session token length: 128
[DEBUG] Base64 decoded length: 96
   ✓ Got session token
[2/3] Decoding token...
[DEBUG] Challenge message length: 100
[DEBUG] Offset: 2836669752
[DEBUG] Decoded challenge length: 100
[DEBUG] Token bytes length: 96
[DEBUG] Final token length: 96
[DEBUG] Final token: 13000cb9692f19bdd4c4af8b6521770af2e6d90df3983cd48282a80e401bfd7d47a6b86a305e73a56da1a241f48b100e
[DEBUG] Token: 13000cb9692f19bdd4c4af8b6521770af2e6d90df3983cd48282a80e401bfd7d47a6b86a305e73a56da1a241f48b100e
   ✓ Token decoded (length: 96)
[3/3] Connecting...

[DEBUG] WebSocket URL: wss://kahoot.it/cometd/5114254/13000cb9692f19bdd4c4af8b6521770af2e6d90df3983cd48282a80e401bfd7d47a6b86a305e73a56da1a241f48b100e
✓ Connected to WebSocket
[DEBUG] SEND handshake
[DEBUG] RECV: /meta/handshake 
✓ Handshake OK, clientId: bxir175rdvs50rbor4cuv09djw8np
[DEBUG] SEND connect (first)
[DEBUG] RECV: /meta/connect 
[DEBUG] SEND connect (second)
[DEBUG] SEND login yousuck121-ai0
[DEBUG] RECV: /service/controller 

⚠ Timeout - check if name appears in Kahoot lobby
[DEBUG] WebSocket closed: 1005

=== FAILED ===
Error: Connection closed (1005)
