
=== Kahoot Auto-Join ===
Game PIN: 5114254
Player: yousuck462-xga

[1/3] Getting session token...
[DEBUG] Session token (raw): QH5Pa3lGLzhzCAsYdyNbXVxaBU0FSHwZVRBSVFoECyduRQNZDClacw1gVBksTT4vA10Ff0hUahM6AUcHUxdJbkIQa10MDUVTfl4MYxEURQ4+W2pEDXBYals+GWEGUWQl
[DEBUG] Session token length: 128
[DEBUG] Base64 decoded length: 96
   ✓ Got session token
[2/3] Decoding token...
[DEBUG] Challenge message length: 100
[DEBUG] Offset: 291448452
[DEBUG] Decoded challenge length: 100
[DEBUG] Token bytes length: 96
[DEBUG] Final token length: 96
[DEBUG] Final token: 039626cc3a4c5a987c44788aae3b356c156a2d54486ac4fecb423f2ca5189a252a1622210322ad7ff3872142bde5090f
[DEBUG] Token: 039626cc3a4c5a987c44788aae3b356c156a2d54486ac4fecb423f2ca5189a252a1622210322ad7ff3872142bde5090f
   ✓ Token decoded (length: 96)
[3/3] Connecting...

[DEBUG] WebSocket URL: wss://kahoot.it/cometd/5114254/039626cc3a4c5a987c44788aae3b356c156a2d54486ac4fecb423f2ca5189a252a1622210322ad7ff3872142bde5090f
✓ Connected to WebSocket
[DEBUG] SEND handshake
[DEBUG] RECV: /meta/handshake 
✓ Handshake OK, clientId: bxs41oy1i226a4cq51uyoe949o8bp7
[DEBUG] SEND connect (first)
[DEBUG] RECV: /meta/connect 
[DEBUG] SEND connect (second)
[DEBUG] SEND login yousuck462-xga
[DEBUG] RECV: /service/controller loginResponse
✓ Login successful! CID: 688668019
[DEBUG] SEND namerator message

=== SUCCESS ===
Listening for game events... (Ctrl+C to exit)

[DEBUG] RECV: /meta/connect 
[DEBUG] RECV: /service/controller 
[DEBUG] RECV: /service/controller 
[DEBUG] RECV: /service/status status
✓ Game is ACTIVE
[DEBUG] RECV: /service/player message

🎉 JOINED AS: RationalFerret80
   Player CID: 688668019
[DEBUG] RECV: /service/player message
[DEBUG] RECV: /meta/connect 
[DEBUG] RECV: /service/player message
[DEBUG] RECV: /meta/connect 
[DEBUG] RECV: /service/player message
[DEBUG] RECV: /meta/connect 
[DEBUG] RECV: /service/player message
[DEBUG] RECV: /meta/connect 
[DEBUG] RECV: /service/player message
[DEBUG] RECV: /meta/connect 
[DEBUG] RECV: /service/player message
[DEBUG] RECV: /meta/connect 
[DEBUG] RECV: /service/player message
[DEBUG] RECV: /meta/connect 
[DEBUG] RECV: /service/status status
[DEBUG] RECV: /meta/connect 
