
=== Kahoot Auto-Join ===
Game PIN: 5114254
Player: yousuck681-wxb

[1/3] Getting session token...
[DEBUG] Session token (raw): eVtsW1c6fQMsXlxYP3N8RRZabnVoUQJXDj5wIFkaAwshe3lUaF87Uxo7QlxyEHJ/DB1Wan8idiRiVHJbfn13GCZAY14ISFB2ZA1VC156VAYOSUdicUBGWH1fPH9nOVwB
[DEBUG] Session token length: 128
[DEBUG] Base64 decoded length: 96
   ✓ Got session token
[2/3] Decoding token...
[DEBUG] Challenge message length: 100
[DEBUG] Offset: 11500
[DEBUG] Decoded challenge length: 100
[DEBUG] Token bytes length: 96
[DEBUG] Final token length: 96
[DEBUG] Final token: 2481ce4cd754b085cc3626c40c0eda79d0832cbabf7f2d074ab79e7d0b09267df35470775c95814eb037522164e45ab8
[DEBUG] Token: 2481ce4cd754b085cc3626c40c0eda79d0832cbabf7f2d074ab79e7d0b09267df35470775c95814eb037522164e45ab8
   ✓ Token decoded (length: 96)
[3/3] Connecting...

[DEBUG] WebSocket URL: wss://kahoot.it/cometd/5114254/2481ce4cd754b085cc3626c40c0eda79d0832cbabf7f2d074ab79e7d0b09267df35470775c95814eb037522164e45ab8
✓ Connected to WebSocket
[DEBUG] SEND handshake
[DEBUG] RECV: /meta/handshake 
✓ Handshake OK, clientId: bxyc59y6aoqnrqst3awqra97y4ng
[DEBUG] SEND connect (first)
[DEBUG] RECV: /meta/connect 
[DEBUG] SEND connect (second)
[DEBUG] SEND login yousuck681-wxb
[DEBUG] RECV: /service/controller loginResponse
✓ Login successful! CID: 616355454
[DEBUG] SEND namerator message

=== SUCCESS ===
Listening for game events... (Ctrl+C to exit)

[DEBUG] RECV: /meta/connect 
[DEBUG] RECV: /service/controller 
[DEBUG] RECV: /service/controller 
[DEBUG] RECV: /service/status status
✓ Game is ACTIVE
[DEBUG] RECV: /service/player message

🎉 JOINED AS: PowerDeer20
   Player CID: 616355454
[DEBUG] RECV: /service/player message
[DEBUG] RECV: /service/player message
[DEBUG] RECV: /meta/connect 
[DEBUG] RECV: /service/player message
[DEBUG] RECV: /meta/connect 
[DEBUG] RECV: /service/player message
[DEBUG] RECV: /meta/connect 
[DEBUG] RECV: /service/player message
[DEBUG] RECV: /meta/connect 
[DEBUG] RECV: /service/status status
[DEBUG] RECV: /meta/connect 
