
=== Kahoot Auto-Join ===
Game PIN: 5114254
Player: yousuck94-gkg

[1/3] Getting session token...
[DEBUG] Session token (raw): SloJSHJeZl8iAVZAYlx5R05BXQwGfVo5LD82Cl8AaWV1XzVmPWgAb2ZBe1dTZ3cWBlYLS3ZYUgVuHkZcY0FefVtbS1A4WFVaLTdsQDBJJG1tDXZ3f144Gls8BWh8MwIE
[DEBUG] Session token length: 128
[DEBUG] Base64 decoded length: 96
   ✓ Got session token
[2/3] Decoding token...
[DEBUG] Challenge message length: 100
[DEBUG] Offset: 73
[DEBUG] Decoded challenge length: 100
[DEBUG] Token bytes length: 96
[DEBUG] Final token length: 96
[DEBUG] Final token: 3ce01c84f1399a8049c4124dadbfe97651c0b2900848d52b62c74db23b720565be2dc119ac65e0e1310575af5fd59e60
[DEBUG] Token: 3ce01c84f1399a8049c4124dadbfe97651c0b2900848d52b62c74db23b720565be2dc119ac65e0e1310575af5fd59e60
   ✓ Token decoded (length: 96)
[3/3] Connecting...

[DEBUG] WebSocket URL: wss://kahoot.it/cometd/5114254/3ce01c84f1399a8049c4124dadbfe97651c0b2900848d52b62c74db23b720565be2dc119ac65e0e1310575af5fd59e60
✓ Connected to WebSocket
[DEBUG] SEND handshake
[DEBUG] RECV: /meta/handshake 
✓ Handshake OK, clientId: bxhv6gpy1dfu2px0geahbiefmhwl
[DEBUG] SEND connect (first)
[DEBUG] RECV: /meta/connect 
[DEBUG] SEND connect (second)
[DEBUG] SEND login yousuck94-gkg
[DEBUG] RECV: /service/controller loginResponse
✓ Login successful! CID: 427343758
[DEBUG] SEND namerator message

=== SUCCESS ===
Listening for game events... (Ctrl+C to exit)

[DEBUG] RECV: /meta/connect 
[DEBUG] RECV: /service/controller 
[DEBUG] RECV: /service/controller 
[DEBUG] RECV: /service/status status
✓ Game is ACTIVE
[DEBUG] RECV: /service/player message
[DEBUG] RECV: /service/player message

🎉 JOINED AS: DynamicStork83
   Player CID: 427343758
[DEBUG] RECV: /service/player message
[DEBUG] RECV: /service/player message
[DEBUG] RECV: /service/player message
[DEBUG] RECV: /meta/connect 
[DEBUG] RECV: /service/player message
[DEBUG] RECV: /meta/connect 
[DEBUG] RECV: /service/player message
[DEBUG] RECV: /meta/connect 
[DEBUG] RECV: /service/player message
[DEBUG] RECV: /meta/connect 
[DEBUG] RECV: /service/player message
[DEBUG] RECV: /meta/connect 
[DEBUG] RECV: /service/player message
[DEBUG] RECV: /meta/connect 
[DEBUG] RECV: /service/player message
[DEBUG] RECV: /meta/connect 
[DEBUG] RECV: /service/player message
[DEBUG] RECV: /meta/connect 
[DEBUG] RECV: /service/player message
[DEBUG] RECV: /meta/connect 
[DEBUG] RECV: /service/player message
[DEBUG] RECV: /meta/connect 
[DEBUG] RECV: /service/player message
[DEBUG] RECV: /meta/connect 
[DEBUG] RECV: /service/player message
[DEBUG] RECV: /meta/connect 
[DEBUG] RECV: /service/status status
[DEBUG] RECV: /meta/connect 
