
=== Kahoot Auto-Join ===
Game PIN: 5114254
Player: yousuck809-wv1

[1/3] Getting session token...
[DEBUG] Session token (raw): XllaKGZ7CDoUJggPQmkLeUwPbnc2Bw9SOAkrZxxTBHZmUDYzEFd+ACdYdmxnTlcmUFh/dltkXVtrQFBbOUF8QDJ2C3R2BFMVA15JYExYJwVRPTVQWVU4aX1pMGlbTEdI
[DEBUG] Session token length: 128
[DEBUG] Base64 decoded length: 96
   ✓ Got session token
[2/3] Decoding token...
[DEBUG] Challenge message length: 100
[DEBUG] Offset: 8297
[DEBUG] Decoded challenge length: 100
[DEBUG] Token bytes length: 96
[DEBUG] Final token length: 96
[DEBUG] Final token: 4eda04cfea3e16a27626dd14c9b4d6b27cefd178c888358d1223306178abf931d4875b0e3a8482d7beb533e446b52849
[DEBUG] Token: 4eda04cfea3e16a27626dd14c9b4d6b27cefd178c888358d1223306178abf931d4875b0e3a8482d7beb533e446b52849
   ✓ Token decoded (length: 96)
[3/3] Connecting...

[DEBUG] WebSocket URL: wss://kahoot.it/cometd/5114254/4eda04cfea3e16a27626dd14c9b4d6b27cefd178c888358d1223306178abf931d4875b0e3a8482d7beb533e446b52849
✓ Connected to WebSocket
[DEBUG] SEND handshake
[DEBUG] RECV: /meta/handshake 
✓ Handshake OK, clientId: by201t07npn8ulku0auz7eq2zxbr7
[DEBUG] SEND connect (first)
[DEBUG] RECV: /meta/connect 
[DEBUG] SEND connect (second)
[DEBUG] SEND login yousuck809-wv1
[DEBUG] RECV: /service/controller loginResponse
✓ Login successful! CID: 574158050
[DEBUG] SEND namerator message

=== SUCCESS ===
Listening for game events... (Ctrl+C to exit)

[DEBUG] RECV: /meta/connect 
[DEBUG] RECV: /service/controller 
[DEBUG] RECV: /service/controller 
[DEBUG] RECV: /service/status status
✓ Game is ACTIVE
[DEBUG] RECV: /service/player message

🎉 JOINED AS: SwiftHen52
   Player CID: 574158050
[DEBUG] RECV: /service/player message
[DEBUG] RECV: /meta/connect 
[DEBUG] RECV: /service/player message
[DEBUG] RECV: /meta/connect 
[DEBUG] RECV: /service/player message
[DEBUG] RECV: /meta/connect 
[DEBUG] RECV: /service/status status
[DEBUG] RECV: /meta/connect 
