
=== Kahoot Auto-Join ===
Game PIN: 5114254
Player: yousuck461-04y

[1/3] Getting session token...
[DEBUG] Session token (raw): aGoJNnpaQghKUWQtVk5vX0sWXzMVBHVCOAEJaSp5JWQOQzYOHAomCCAmJmgOSyMPCwRSDloPJDsPBlRjQ2BjCHp9C38lQgB1DW5jKSBrSWtsbywgWFpnT1BTPl5yPG5s
[DEBUG] Session token length: 128
[DEBUG] Base64 decoded length: 96
   ✓ Got session token
[2/3] Decoding token...
[DEBUG] Challenge message length: 100
[DEBUG] Offset: 987105
[DEBUG] Decoded challenge length: 100
[DEBUG] Token bytes length: 96
[DEBUG] Final token length: 96
[DEBUG] Final token: 20ff5208099b37532bcbd310d8c2f6c7a8dfe9a8fec070bff3a989fa1c0930664521d5a0c64ce11383ff08285ad68f53
[DEBUG] Token: 20ff5208099b37532bcbd310d8c2f6c7a8dfe9a8fec070bff3a989fa1c0930664521d5a0c64ce11383ff08285ad68f53
   ✓ Token decoded (length: 96)
[3/3] Connecting...

[DEBUG] WebSocket URL: wss://kahoot.it/cometd/5114254/20ff5208099b37532bcbd310d8c2f6c7a8dfe9a8fec070bff3a989fa1c0930664521d5a0c64ce11383ff08285ad68f53
✓ Connected to WebSocket
[DEBUG] SEND handshake
[DEBUG] RECV: /meta/handshake 
✓ Handshake OK, clientId: bxs91lzwjrg9byzua14cyq1j74tsck
[DEBUG] SEND connect (first)
[DEBUG] RECV: /meta/connect 
[DEBUG] SEND connect (second)
[DEBUG] SEND login yousuck461-04y
[DEBUG] RECV: /service/controller loginResponse
✓ Login successful! CID: 1171476783
[DEBUG] SEND namerator message

=== SUCCESS ===
Listening for game events... (Ctrl+C to exit)

[DEBUG] RECV: /meta/connect 
[DEBUG] RECV: /service/controller 
[DEBUG] RECV: /service/controller 
[DEBUG] RECV: /service/status status
✓ Game is ACTIVE
[DEBUG] RECV: /service/player message

🎉 JOINED AS: SpaceMacaw56
   Player CID: 1171476783
[DEBUG] RECV: /service/player message
[DEBUG] RECV: /meta/connect 
[DEBUG] RECV: /service/player message
[DEBUG] RECV: /meta/connect 
[DEBUG] RECV: /service/player message
[DEBUG] RECV: /meta/connect 
[DEBUG] RECV: /service/player message
[DEBUG] RECV: /meta/connect 
[DEBUG] RECV: /service/player message
[DEBUG] RECV: /meta/connect 
[DEBUG] RECV: /service/player message
[DEBUG] RECV: /meta/connect 
[DEBUG] RECV: /service/player message
[DEBUG] RECV: /meta/connect 
[DEBUG] RECV: /service/status status
[DEBUG] RECV: /meta/connect 
