
=== Kahoot Auto-Join ===
Game PIN: 5114254
Player: yousuck559-jvn

[1/3] Getting session token...
[DEBUG] Session token (raw): cHFpK0EJOyt1Wl8AMHcXZSFBDW5NM3BGeU4SZH9GViJvcSNpBFdPX18zAEsMXgkpUABQfA00VVMjUk95QldUW1UaNDo4PG15YQl4WFwmOVULARlYXVp5RSNvanJCBGYj
[DEBUG] Session token length: 128
[DEBUG] Base64 decoded length: 96
   ✓ Got session token
[2/3] Decoding token...
[DEBUG] Challenge message length: 100
[DEBUG] Offset: 5599533
[DEBUG] Decoded challenge length: 100
[DEBUG] Token bytes length: 96
[DEBUG] Final token length: 96
[DEBUG] Final token: 086e38fe39d5f0f9b5806f0518d3874d71e57b724e93982cbce71b52c53998bb0cbfcc819046afbc08c8d722c1725a0d
[DEBUG] Token: 086e38fe39d5f0f9b5806f0518d3874d71e57b724e93982cbce71b52c53998bb0cbfcc819046afbc08c8d722c1725a0d
   ✓ Token decoded (length: 96)
[3/3] Connecting...

[DEBUG] WebSocket URL: wss://kahoot.it/cometd/5114254/086e38fe39d5f0f9b5806f0518d3874d71e57b724e93982cbce71b52c53998bb0cbfcc819046afbc08c8d722c1725a0d
✓ Connected to WebSocket
[DEBUG] SEND handshake
[DEBUG] RECV: /meta/handshake 
✓ Handshake OK, clientId: bxutex0hs2l4socvqob1csfs6bow
[DEBUG] SEND connect (first)
[DEBUG] RECV: /meta/connect 
[DEBUG] SEND connect (second)
[DEBUG] SEND login yousuck559-jvn
[DEBUG] RECV: /service/controller loginResponse
✓ Login successful! CID: 1070156208
[DEBUG] SEND namerator message

=== SUCCESS ===
Listening for game events... (Ctrl+C to exit)

[DEBUG] RECV: /meta/connect 
[DEBUG] RECV: /service/controller 
[DEBUG] RECV: /service/controller 
[DEBUG] RECV: /service/status status
✓ Game is ACTIVE
[DEBUG] RECV: /service/player message

🎉 JOINED AS: AmazonSable91
   Player CID: 1070156208
[DEBUG] RECV: /service/player message
[DEBUG] RECV: /meta/connect 
[DEBUG] RECV: /service/player message
[DEBUG] RECV: /meta/connect 
[DEBUG] RECV: /service/player message
[DEBUG] RECV: /meta/connect 
[DEBUG] RECV: /service/player message
[DEBUG] RECV: /meta/connect 
[DEBUG] RECV: /service/player message
[DEBUG] RECV: /meta/connect 
[DEBUG] RECV: /service/player message
[DEBUG] RECV: /meta/connect 
[DEBUG] RECV: /service/status status
[DEBUG] RECV: /meta/connect 
