
=== Kahoot Auto-Join ===
Game PIN: 5114254
Player: yousuck375-owk

[1/3] Getting session token...
[DEBUG] Session token (raw): WXlsCFgLWgcBUil5K2BZS1sCb0BWd0I6dB0DbQUNWwsrPQYPVgh2CWdXbVwBAytlDGJPNgVSHA0HVAILaVUVeFREC0NUUCVpVi9ODm5bWVYpRlRFDk94bmANYkR8RwEH
[DEBUG] Session token length: 128
[DEBUG] Base64 decoded length: 96
   ✓ Got session token
[2/3] Decoding token...
[DEBUG] Challenge message length: 100
[DEBUG] Offset: 2012634
[DEBUG] Decoded challenge length: 100
[DEBUG] Token bytes length: 96
[DEBUG] Final token length: 96
[DEBUG] Final token: a47092a64fe7e6f29297218d4aa1450dedcfcf945b6d9fd1968e5cf5e4ce0ea5f0d736c3ee594c80b5f2174092140745
[DEBUG] Token: a47092a64fe7e6f29297218d4aa1450dedcfcf945b6d9fd1968e5cf5e4ce0ea5f0d736c3ee594c80b5f2174092140745
   ✓ Token decoded (length: 96)
[3/3] Connecting...

[DEBUG] WebSocket URL: wss://kahoot.it/cometd/5114254/a47092a64fe7e6f29297218d4aa1450dedcfcf945b6d9fd1968e5cf5e4ce0ea5f0d736c3ee594c80b5f2174092140745
✓ Connected to WebSocket
[DEBUG] SEND handshake
[DEBUG] RECV: /meta/handshake 
✓ Handshake OK, clientId: bxppnignundrtcb214sga64fji62b
[DEBUG] SEND connect (first)
[DEBUG] RECV: /meta/connect 
[DEBUG] SEND connect (second)
[DEBUG] SEND login yousuck375-owk
[DEBUG] RECV: /service/controller loginResponse
✓ Login successful! CID: 588779022
[DEBUG] SEND namerator message

=== SUCCESS ===
Listening for game events... (Ctrl+C to exit)

[DEBUG] RECV: /meta/connect 
[DEBUG] RECV: /service/controller 
[DEBUG] RECV: /service/controller 
[DEBUG] RECV: /service/status status
✓ Game is ACTIVE
[DEBUG] RECV: /service/player message

🎉 JOINED AS: CharmingHawk36
   Player CID: 588779022
[DEBUG] RECV: /service/player message
[DEBUG] RECV: /meta/connect 
[DEBUG] RECV: /service/player message
[DEBUG] RECV: /meta/connect 
[DEBUG] RECV: /service/player message
[DEBUG] RECV: /meta/connect 
[DEBUG] RECV: /service/player message
[DEBUG] RECV: /meta/connect 
[DEBUG] RECV: /service/player message
[DEBUG] RECV: /meta/connect 
[DEBUG] RECV: /service/player message
[DEBUG] RECV: /meta/connect 
[DEBUG] RECV: /service/player message
[DEBUG] RECV: /meta/connect 
[DEBUG] RECV: /service/player message
[DEBUG] RECV: /meta/connect 
[DEBUG] RECV: /service/status status
[DEBUG] RECV: /meta/connect 
