
=== Kahoot Auto-Join ===
Game PIN: 5732350
Player: yousuck32-kw9

[1/3] Getting session token...
[DEBUG] Session token (raw): fAdMBw9QDWVcJl9WFmdBXQUCG3BrEXQ4XQ44WX8qSFp1K2s9Qw0vQzZxEht5XhZFRxFmeVVUbCxdRUkNMjxeCVBqWXoBO2ZMAXg7LHx8enZjBlMOVX1WXg8rDwt/QnVS
[DEBUG] Session token length: 128
[DEBUG] Base64 decoded length: 96
   ✓ Got session token
[2/3] Decoding token...
[DEBUG] Challenge message length: 100
[DEBUG] Offset: 1311570
[DEBUG] Decoded challenge length: 100
[DEBUG] Token bytes length: 96
[DEBUG] Final token length: 96
[DEBUG] Final token: 10526d516bcaf96ffab51f9e2cd72d407f5f0db7f2bc4be60f86ea5ae90dcd281370cc2602dc312604b17376afd4990c
[DEBUG] Token: 10526d516bcaf96ffab51f9e2cd72d407f5f0db7f2bc4be60f86ea5ae90dcd281370cc2602dc312604b17376afd4990c
   ✓ Token decoded (length: 96)
[3/3] Connecting...

[DEBUG] WebSocket URL: wss://kahoot.it/cometd/5732350/10526d516bcaf96ffab51f9e2cd72d407f5f0db7f2bc4be60f86ea5ae90dcd281370cc2602dc312604b17376afd4990c
✓ Connected to WebSocket
[DEBUG] SEND handshake
[DEBUG] RECV: /meta/handshake 
✓ Handshake OK, clientId: bzpgomy05aohtihe1opvh0h4h930v
[DEBUG] SEND connect (first)
[DEBUG] RECV: /meta/connect 
[DEBUG] SEND connect (second)
[DEBUG] SEND login yousuck32-kw9
[DEBUG] RECV: /service/controller loginResponse
✓ Login successful! CID: 2123617538
[DEBUG] SEND namerator message

=== SUCCESS ===
Listening for game events... (Ctrl+C to exit)

[DEBUG] RECV: /meta/connect 
[DEBUG] RECV: /service/controller 
[DEBUG] RECV: /service/controller 
[DEBUG] RECV: /service/status status
✓ Game is ACTIVE
[DEBUG] RECV: /service/player message

🎉 JOINED AS: CreativeUnicorn61
   Player CID: 2123617538
[DEBUG] RECV: /service/player message
[DEBUG] RECV: /meta/connect 
[DEBUG] RECV: /service/player message
[DEBUG] RECV: /meta/connect 
[DEBUG] RECV: /service/status status
[DEBUG] RECV: /meta/connect 
