
=== Kahoot Auto-Join ===
Game PIN: 5114254
Player: yousuck747-v27

[1/3] Getting session token...
[DEBUG] Session token (raw): eAoTEQVlcU9edn4qBQ1efkBTAwEOAgEXAXkxDS9QECxbaiQkaj8JfQ1RIywOcAU6eRt0cgE8FmNHZGVxKlp3BwcNMVZDMAp7Uj5dCCNxc24JQwINMgQHXn11BHxCFktR
[DEBUG] Session token length: 128
[DEBUG] Base64 decoded length: 96
   ✓ Got session token
[2/3] Decoding token...
[DEBUG] Challenge message length: 100
[DEBUG] Offset: 1270602
[DEBUG] Decoded challenge length: 100
[DEBUG] Token bytes length: 96
[DEBUG] Final token length: 96
[DEBUG] Final token: 1abec645666cbb27769de62e70f1ffada5bf0d813aadd61b4a45feb74015fa230ae47d16df79a840c080bb4644f50a82
[DEBUG] Token: 1abec645666cbb27769de62e70f1ffada5bf0d813aadd61b4a45feb74015fa230ae47d16df79a840c080bb4644f50a82
   ✓ Token decoded (length: 96)
[3/3] Connecting...

[DEBUG] WebSocket URL: wss://kahoot.it/cometd/5114254/1abec645666cbb27769de62e70f1ffada5bf0d813aadd61b4a45feb74015fa230ae47d16df79a840c080bb4644f50a82
✓ Connected to WebSocket
[DEBUG] SEND handshake
[DEBUG] RECV: /meta/handshake 
✓ Handshake OK, clientId: by00l986jtihq37uqydif859s1qv
[DEBUG] SEND connect (first)
[DEBUG] RECV: /meta/connect 
[DEBUG] SEND connect (second)
[DEBUG] SEND login yousuck747-v27
[DEBUG] RECV: /service/controller loginResponse
✓ Login successful! CID: 347224108
[DEBUG] SEND namerator message

=== SUCCESS ===
Listening for game events... (Ctrl+C to exit)

[DEBUG] RECV: /meta/connect 
[DEBUG] RECV: /service/controller 
[DEBUG] RECV: /service/controller 
[DEBUG] RECV: /service/status status
✓ Game is ACTIVE
[DEBUG] RECV: /service/player message

🎉 JOINED AS: WonderFinch11
   Player CID: 347224108
[DEBUG] RECV: /service/player message
[DEBUG] RECV: /meta/connect 
[DEBUG] RECV: /service/player message
[DEBUG] RECV: /meta/connect 
[DEBUG] RECV: /service/player message
[DEBUG] RECV: /meta/connect 
[DEBUG] RECV: /service/status status
[DEBUG] RECV: /meta/connect 
