
=== Kahoot Auto-Join ===
Game PIN: 5114254
Player: yousuck267-h3s

[1/3] Getting session token...
[DEBUG] Session token (raw): Xg5iR2ZfW2hQAnBgBVlycw9SWzFQXWtdClM5GQgTIGg6EFMTXXc1XEY6SV5cWV4JXDYHQwQSaAxnRytJdidaBBY+F2JTL1MKCkpOQWoMAgRtN1QAIhZsW0QwMUhTckMv
[DEBUG] Session token length: 128
[DEBUG] Base64 decoded length: 96
   ✓ Got session token
[2/3] Decoding token...
[DEBUG] Challenge message length: 100
[DEBUG] Offset: 6756
[DEBUG] Decoded challenge length: 100
[DEBUG] Token bytes length: 96
[DEBUG] Final token length: 96
[DEBUG] Final token: 70073a53e6636d444aaeb45371ebaca9ed1c15eb3d9a53654b94cd4134b20adfcfc15fbe86597e169fd0da6f0aa8938d
[DEBUG] Token: 70073a53e6636d444aaeb45371ebaca9ed1c15eb3d9a53654b94cd4134b20adfcfc15fbe86597e169fd0da6f0aa8938d
   ✓ Token decoded (length: 96)
[3/3] Connecting...

[DEBUG] WebSocket URL: wss://kahoot.it/cometd/5114254/70073a53e6636d444aaeb45371ebaca9ed1c15eb3d9a53654b94cd4134b20adfcfc15fbe86597e169fd0da6f0aa8938d
✓ Connected to WebSocket
[DEBUG] SEND handshake
[DEBUG] RECV: /meta/handshake 
✓ Handshake OK, clientId: bxmnbjfczo7p4fhei7bkm8gpklv8
[DEBUG] SEND connect (first)
[DEBUG] RECV: /meta/connect 
[DEBUG] SEND connect (second)
[DEBUG] SEND login yousuck267-h3s
[DEBUG] RECV: /service/controller loginResponse
✓ Login successful! CID: 844205288
[DEBUG] SEND namerator message

=== SUCCESS ===
Listening for game events... (Ctrl+C to exit)

[DEBUG] RECV: /meta/connect 
[DEBUG] RECV: /service/controller 
[DEBUG] RECV: /service/controller 
[DEBUG] RECV: /service/status status
✓ Game is ACTIVE
[DEBUG] RECV: /service/player message

🎉 JOINED AS: KindFrog97
   Player CID: 844205288
[DEBUG] RECV: /service/player message
[DEBUG] RECV: /meta/connect 
[DEBUG] RECV: /service/player message
[DEBUG] RECV: /meta/connect 
[DEBUG] RECV: /service/player message
[DEBUG] RECV: /meta/connect 
[DEBUG] RECV: /service/player message
[DEBUG] RECV: /meta/connect 
[DEBUG] RECV: /service/player message
[DEBUG] RECV: /meta/connect 
[DEBUG] RECV: /service/player message
[DEBUG] RECV: /meta/connect 
[DEBUG] RECV: /service/player message
[DEBUG] RECV: /meta/connect 
[DEBUG] RECV: /service/player message
[DEBUG] RECV: /meta/connect 
[DEBUG] RECV: /service/player message
[DEBUG] RECV: /meta/connect 
[DEBUG] RECV: /service/player message
[DEBUG] RECV: /meta/connect 
[DEBUG] RECV: /service/status status
[DEBUG] RECV: /meta/connect 
