
=== Kahoot Auto-Join ===
Game PIN: 5732350
Player: yousuck58-nbn

[1/3] Getting session token...
[DEBUG] Session token (raw): IxIkBw9TZgZRP1MVDC0KbVJUZFJ3QzkNYwdaeys8BypgdFZAW3gHAFAJZAleDFABIml/XwcyBA1zVi5aQghUWGsGCXtdaHwBDTdeaA91CHFGFwEgW1hlXkttSQkQDVR3
[DEBUG] Session token length: 128
[DEBUG] Base64 decoded length: 96
   ✓ Got session token
[2/3] Decoding token...
[DEBUG] Challenge message length: 100
[DEBUG] Offset: 3796
[DEBUG] Decoded challenge length: 100
[DEBUG] Token bytes length: 96
[DEBUG] Final token length: 96
[DEBUG] Final token: debdd5146d5f7b37c56612d98994eb8d6378682b1017bd0fd56ecca137d9817a7781a628aee432984afa865c8480d939
[DEBUG] Token: debdd5146d5f7b37c56612d98994eb8d6378682b1017bd0fd56ecca137d9817a7781a628aee432984afa865c8480d939
   ✓ Token decoded (length: 96)
[3/3] Connecting...

[DEBUG] WebSocket URL: wss://kahoot.it/cometd/5732350/debdd5146d5f7b37c56612d98994eb8d6378682b1017bd0fd56ecca137d9817a7781a628aee432984afa865c8480d939
✓ Connected to WebSocket
[DEBUG] SEND handshake
[DEBUG] RECV: /meta/handshake 
✓ Handshake OK, clientId: bzpo12nhj57d79ub21lrjzr6d2sedz
[DEBUG] SEND connect (first)
[DEBUG] RECV: /meta/connect 
[DEBUG] SEND connect (second)
[DEBUG] SEND login yousuck58-nbn
[DEBUG] RECV: /service/controller loginResponse
✓ Login successful! CID: 649211966
[DEBUG] SEND namerator message

=== SUCCESS ===
Listening for game events... (Ctrl+C to exit)

[DEBUG] RECV: /meta/connect 
[DEBUG] RECV: /service/controller 
[DEBUG] RECV: /service/controller 
[DEBUG] RECV: /service/status status
✓ Game is ACTIVE
[DEBUG] RECV: /service/player message

🎉 JOINED AS: DecisiveDragon17
   Player CID: 649211966
[DEBUG] RECV: /service/player message
[DEBUG] RECV: /meta/connect 
[DEBUG] RECV: /service/player message
[DEBUG] RECV: /meta/connect 
[DEBUG] RECV: /service/status status
[DEBUG] RECV: /meta/connect 
