
=== Kahoot Auto-Join ===
Game PIN: 5732350
Player: yousuck14-0on

[1/3] Getting session token...
[DEBUG] Session token (raw): bFlaVAgBa05MAAwWNw1MEhl7NmtuDnd7cVpof2tYbAhLBGgKNAMCDD8jOSJVWEdEVWN5PQ4FYxJaQVV3D19VZ0FhWFRhN3V/WnprEgU7cwhrH1FFZlMyNmtLVyoIUigC
[DEBUG] Session token length: 128
[DEBUG] Base64 decoded length: 96
   ✓ Got session token
[2/3] Decoding token...
[DEBUG] Challenge message length: 100
[DEBUG] Offset: 1431
[DEBUG] Decoded challenge length: 100
[DEBUG] Token bytes length: 96
[DEBUG] Final token length: 96
[DEBUG] Final token: 1e2091477dcef15ac3c03e019c306c912829e7cdcbdfdf06259b3b3a16b5b30120025e47288f1f7c6c3603cc995e10ec
[DEBUG] Token: 1e2091477dcef15ac3c03e019c306c912829e7cdcbdfdf06259b3b3a16b5b30120025e47288f1f7c6c3603cc995e10ec
   ✓ Token decoded (length: 96)
[3/3] Connecting...

[DEBUG] WebSocket URL: wss://kahoot.it/cometd/5732350/1e2091477dcef15ac3c03e019c306c912829e7cdcbdfdf06259b3b3a16b5b30120025e47288f1f7c6c3603cc995e10ec
✓ Connected to WebSocket
[DEBUG] SEND handshake
[DEBUG] RECV: /meta/handshake 
✓ Handshake OK, clientId: bziwph2mklh14zpc1ef6c5xo7wovz
[DEBUG] SEND connect (first)
[DEBUG] RECV: /meta/connect 
[DEBUG] SEND connect (second)
[DEBUG] SEND login yousuck14-0on
[DEBUG] RECV: /service/controller loginResponse
✓ Login successful! CID: 184074811
[DEBUG] SEND namerator message

=== SUCCESS ===
Listening for game events... (Ctrl+C to exit)

[DEBUG] RECV: /meta/connect 
[DEBUG] RECV: /service/controller 
[DEBUG] RECV: /service/controller 
[DEBUG] RECV: /service/status status
✓ Game is ACTIVE
[DEBUG] RECV: /service/player message

🎉 JOINED AS: NimbleIguana46
   Player CID: 184074811
[DEBUG] RECV: /service/player message
[DEBUG] RECV: /service/player message
[DEBUG] RECV: /service/player message
[DEBUG] RECV: /service/player message
[DEBUG] RECV: /meta/connect 
[DEBUG] RECV: /service/player message
[DEBUG] RECV: /meta/connect 
[DEBUG] RECV: /service/player message
[DEBUG] RECV: /service/player message
[DEBUG] RECV: /meta/connect 
[DEBUG] RECV: /service/player message
[DEBUG] RECV: /service/player message
[DEBUG] RECV: /meta/connect 
[DEBUG] RECV: /service/player message
[DEBUG] RECV: /meta/connect 
[DEBUG] RECV: /service/player message
[DEBUG] RECV: /meta/connect 
[DEBUG] RECV: /service/player message
[DEBUG] RECV: /meta/connect 
[DEBUG] RECV: /service/player message
[DEBUG] RECV: /meta/connect 
[DEBUG] RECV: /service/status status
[DEBUG] RECV: /meta/connect 
