
=== Kahoot Auto-Join ===
Game PIN: 5114254
Player: yousuck482-0e0

[1/3] Getting session token...
[DEBUG] Session token (raw): QzoARVt9P2tRME1BMw91DTl8CQJaQQ5Pf0UhNxZUR3B2NAxFIWR0Cl5GIlUAcwpeW3QFWVwyQ3V2ShBGBGt4WQhjNQdDY3tAN3ALAXVEBncDIAx5a0kOOwMOIENjQlo3
[DEBUG] Session token length: 128
[DEBUG] Base64 decoded length: 96
   ✓ Got session token
[2/3] Decoding token...
[DEBUG] Challenge message length: 100
[DEBUG] Offset: 405168
[DEBUG] Decoded challenge length: 100
[DEBUG] Token bytes length: 96
[DEBUG] Final token length: 96
[DEBUG] Final token: 4ad783c02d56e833e455e1b869faa9218b72d784f4d452b9e271ca3503d7a07004c54462f8263320ed47036ebdc4504e
[DEBUG] Token: 4ad783c02d56e833e455e1b869faa9218b72d784f4d452b9e271ca3503d7a07004c54462f8263320ed47036ebdc4504e
   ✓ Token decoded (length: 96)
[3/3] Connecting...

[DEBUG] WebSocket URL: wss://kahoot.it/cometd/5114254/4ad783c02d56e833e455e1b869faa9218b72d784f4d452b9e271ca3503d7a07004c54462f8263320ed47036ebdc4504e
✓ Connected to WebSocket
[DEBUG] SEND handshake
[DEBUG] RECV: /meta/handshake 
✓ Handshake OK, clientId: bxt411scd1pq4urrc1r27o35n27lf4
[DEBUG] SEND connect (first)
[DEBUG] RECV: /meta/connect 
[DEBUG] SEND connect (second)
[DEBUG] SEND login yousuck482-0e0
[DEBUG] RECV: /service/controller loginResponse
✓ Login successful! CID: 1055986297
[DEBUG] SEND namerator message

=== SUCCESS ===
Listening for game events... (Ctrl+C to exit)

[DEBUG] RECV: /meta/connect 
[DEBUG] RECV: /service/controller 
[DEBUG] RECV: /service/controller 
[DEBUG] RECV: /service/status status
✓ Game is ACTIVE
[DEBUG] RECV: /service/player message

🎉 JOINED AS: LegendOtter40
   Player CID: 1055986297
[DEBUG] RECV: /service/player message
[DEBUG] RECV: /meta/connect 
[DEBUG] RECV: /service/player message
[DEBUG] RECV: /meta/connect 
[DEBUG] RECV: /service/player message
[DEBUG] RECV: /meta/connect 
[DEBUG] RECV: /service/player message
[DEBUG] RECV: /meta/connect 
[DEBUG] RECV: /service/player message
[DEBUG] RECV: /meta/connect 
[DEBUG] RECV: /service/player message
[DEBUG] RECV: /meta/connect 
[DEBUG] RECV: /service/player message
[DEBUG] RECV: /meta/connect 
[DEBUG] RECV: /service/status status
[DEBUG] RECV: /meta/connect 
