
=== Kahoot Auto-Join ===
Game PIN: 5732350
Player: yousuck86-27p

[1/3] Getting session token...
[DEBUG] Session token (raw): DQ1mDDIXAnBvBEZCPgtTDU1cbApaYCNWAFB9eisKAB9XDVZHWA4NQF9iOSkXbQBhAxVODlNRawt6OhQDQ21ABHVcXQ8jVWgKGl8HCzQJUnRUWmddIRhtViRRUwQyIHpC
[DEBUG] Session token length: 128
[DEBUG] Base64 decoded length: 96
   ✓ Got session token
[2/3] Decoding token...
[DEBUG] Challenge message length: 100
[DEBUG] Offset: 253419
[DEBUG] Decoded challenge length: 100
[DEBUG] Token bytes length: 96
[DEBUG] Final token length: 96
[DEBUG] Final token: 1827be836771c1f56036f1d07e28a69c5183fe0693fbd4c01a950c179ade048851a6df95c94dc570c07cbc7fc718bd88
[DEBUG] Token: 1827be836771c1f56036f1d07e28a69c5183fe0693fbd4c01a950c179ade048851a6df95c94dc570c07cbc7fc718bd88
   ✓ Token decoded (length: 96)
[3/3] Connecting...

[DEBUG] WebSocket URL: wss://kahoot.it/cometd/5732350/1827be836771c1f56036f1d07e28a69c5183fe0693fbd4c01a950c179ade048851a6df95c94dc570c07cbc7fc718bd88
✓ Connected to WebSocket
[DEBUG] SEND handshake
[DEBUG] RECV: /meta/handshake 
✓ Handshake OK, clientId: bzqlokn709i8lk78y2p8u7q0lluf
[DEBUG] SEND connect (first)
[DEBUG] RECV: /meta/connect 
[DEBUG] SEND connect (second)
[DEBUG] SEND login yousuck86-27p
[DEBUG] RECV: /service/controller loginResponse
✓ Login successful! CID: 1606439491
[DEBUG] SEND namerator message

=== SUCCESS ===
Listening for game events... (Ctrl+C to exit)

[DEBUG] RECV: /meta/connect 
[DEBUG] RECV: /service/controller 
[DEBUG] RECV: /service/controller 
[DEBUG] RECV: /service/status status
✓ Game is ACTIVE
[DEBUG] RECV: /service/player message

🎉 JOINED AS: SpacePelican23
   Player CID: 1606439491
[DEBUG] RECV: /meta/connect 
[DEBUG] RECV: /service/player message
[DEBUG] RECV: /meta/connect 
[DEBUG] RECV: /service/status status
[DEBUG] RECV: /meta/connect 
