
=== Kahoot Auto-Join ===
Game PIN: 5814465
Player: yousuck27-f4y

[1/3] Getting session token...
[DEBUG] Session token (raw): OActXVtFQyIpTAFWQXxna0d6TV5BWkEUb1RLa0BUbQ0icw0BQ3ccAmh3RhBoDXcBFgsNLBBqWUtQLnB8CQVvD2ZYVEIkam0AT0sDaCZqM2pNeEcrBWgEK3V4JAlAUyNR
[DEBUG] Session token length: 128
[DEBUG] Base64 decoded length: 96
   ✓ Got session token
[2/3] Decoding token...
[DEBUG] Challenge message length: 100
[DEBUG] Offset: 32234400
[DEBUG] Decoded challenge length: 100
[DEBUG] Token bytes length: 96
[DEBUG] Final token length: 96
[DEBUG] Final token: d0a2140ed04f8327605b893e0983134fd5b849d3927e4741b98bc489ba757d660e39b38630b3d6f9605c73dc32f00fc1
[DEBUG] Token: d0a2140ed04f8327605b893e0983134fd5b849d3927e4741b98bc489ba757d660e39b38630b3d6f9605c73dc32f00fc1
   ✓ Token decoded (length: 96)
[3/3] Connecting...

[DEBUG] WebSocket URL: wss://kahoot.it/cometd/5814465/d0a2140ed04f8327605b893e0983134fd5b849d3927e4741b98bc489ba757d660e39b38630b3d6f9605c73dc32f00fc1
✓ Connected to WebSocket
[DEBUG] SEND handshake
[DEBUG] RECV: /meta/handshake 
✓ Handshake OK, clientId: 92qz11i2mva2x0llo1m3unbqn6u7ic
[DEBUG] SEND connect (first)
[DEBUG] RECV: /meta/connect 
[DEBUG] SEND connect (second)
[DEBUG] SEND login yousuck27-f4y
[DEBUG] RECV: /service/controller loginResponse
✓ Login successful! CID: 918417740
[DEBUG] SEND namerator message

=== SUCCESS ===
Listening for game events... (Ctrl+C to exit)

[DEBUG] RECV: /meta/connect 
[DEBUG] RECV: /service/controller 
[DEBUG] RECV: /service/controller 
[DEBUG] RECV: /meta/connect 
[DEBUG] RECV: /meta/connect 
[DEBUG] RECV: /meta/connect 
[DEBUG] RECV: /meta/connect 
[DEBUG] RECV: /meta/connect 
[DEBUG] RECV: /meta/connect 
[DEBUG] RECV: /meta/connect 
[DEBUG] RECV: /meta/connect 
[DEBUG] RECV: /meta/connect 
[DEBUG] RECV: /meta/connect 
[DEBUG] RECV: /meta/connect 
[DEBUG] RECV: /meta/connect 
[DEBUG] RECV: /meta/connect 
[DEBUG] RECV: /meta/connect 
[DEBUG] RECV: /meta/connect 
[DEBUG] RECV: /meta/connect 
[DEBUG] RECV: /meta/connect 
[DEBUG] RECV: /meta/connect 
[DEBUG] RECV: /meta/connect 
[DEBUG] RECV: /meta/connect 
[DEBUG] RECV: /meta/connect 
[DEBUG] RECV: /meta/connect 
[DEBUG] RECV: /meta/connect 
[DEBUG] RECV: /meta/connect 
[DEBUG] RECV: /meta/connect 
[DEBUG] RECV: /meta/connect 
[DEBUG] RECV: /meta/connect 
