
=== Kahoot Auto-Join ===
Game PIN: 5732350
Player: yousuck76-cb3

[1/3] Getting session token...
[DEBUG] Session token (raw): IhVZNgtSYEg3VFF+JQNXD2d+Z2dCOHw/N09YFA4rQm4+R05nEQlpeFd0BUI+Y1IzFERgMFUFQ3FKQEkBQUBdfCgGQmtbVFRcP0ICZRFzHlVwWBo3ckF+Fy4MQVQFW0d+
[DEBUG] Session token length: 128
[DEBUG] Base64 decoded length: 96
   ✓ Got session token
[2/3] Decoding token...
[DEBUG] Challenge message length: 100
[DEBUG] Offset: 1021
[DEBUG] Decoded challenge length: 100
[DEBUG] Token bytes length: 96
[DEBUG] Final token length: 96
[DEBUG] Final token: fbaa6234d1a1e40946420a8ab49f3a57f755f192a889d8dad86e7185621032a7d691dab7c283e7ba00aa696fa42bc743
[DEBUG] Token: fbaa6234d1a1e40946420a8ab49f3a57f755f192a889d8dad86e7185621032a7d691dab7c283e7ba00aa696fa42bc743
   ✓ Token decoded (length: 96)
[3/3] Connecting...

[DEBUG] WebSocket URL: wss://kahoot.it/cometd/5732350/fbaa6234d1a1e40946420a8ab49f3a57f755f192a889d8dad86e7185621032a7d691dab7c283e7ba00aa696fa42bc743
✓ Connected to WebSocket
[DEBUG] SEND handshake
[DEBUG] RECV: /meta/handshake 
✓ Handshake OK, clientId: bzq4mrcabf7lipa51rzxxhzofsb7h
[DEBUG] SEND connect (first)
[DEBUG] RECV: /meta/connect 
[DEBUG] SEND connect (second)
[DEBUG] SEND login yousuck76-cb3
[DEBUG] RECV: /service/controller loginResponse
✓ Login successful! CID: 726526780
[DEBUG] SEND namerator message

=== SUCCESS ===
Listening for game events... (Ctrl+C to exit)

[DEBUG] RECV: /meta/connect 
[DEBUG] RECV: /service/controller 
[DEBUG] RECV: /service/controller 
[DEBUG] RECV: /service/status status
✓ Game is ACTIVE
[DEBUG] RECV: /service/player message

🎉 JOINED AS: NimbleUrchin30
   Player CID: 726526780
[DEBUG] RECV: /meta/connect 
[DEBUG] RECV: /service/player message
[DEBUG] RECV: /meta/connect 
[DEBUG] RECV: /service/status status
[DEBUG] RECV: /meta/connect 
