
=== Kahoot Auto-Join ===
Game PIN: 5114254
Player: yousuck842-fuc

[1/3] Getting session token...
[DEBUG] Session token (raw): VVNrbCUCWhgKNXoLXgFqXh9tO38BV1VUTmJZASpUAGlMFi4MbAhVMm4aTDhkCxhTXFk8QFw/AWpePS5mAmwhAispZHA3Y1RLcBNKeQUFUwILdX8pUQI9A19YYUQiAFEF
[DEBUG] Session token length: 128
[DEBUG] Base64 decoded length: 96
   ✓ Got session token
[2/3] Decoding token...
[DEBUG] Challenge message length: 100
[DEBUG] Offset: 364496
[DEBUG] Decoded challenge length: 100
[DEBUG] Token bytes length: 96
[DEBUG] Final token length: 96
[DEBUG] Final token: 2689ce7d4b007939e6c5302643ecae436db13dca2f9f8ed71dd7db769cf790f4ba85e3397b91db13781e6df08b01ff6b
[DEBUG] Token: 2689ce7d4b007939e6c5302643ecae436db13dca2f9f8ed71dd7db769cf790f4ba85e3397b91db13781e6df08b01ff6b
   ✓ Token decoded (length: 96)
[3/3] Connecting...

[DEBUG] WebSocket URL: wss://kahoot.it/cometd/5114254/2689ce7d4b007939e6c5302643ecae436db13dca2f9f8ed71dd7db769cf790f4ba85e3397b91db13781e6df08b01ff6b
✓ Connected to WebSocket
[DEBUG] SEND handshake
[DEBUG] RECV: /meta/handshake 
✓ Handshake OK, clientId: by2u1mgesi00lff3k163bn8baj5wbh
[DEBUG] SEND connect (first)
[DEBUG] RECV: /meta/connect 
[DEBUG] SEND connect (second)
[DEBUG] SEND login yousuck842-fuc
[DEBUG] RECV: /service/controller loginResponse
✓ Login successful! CID: 1655070408
[DEBUG] SEND namerator message

=== SUCCESS ===
Listening for game events... (Ctrl+C to exit)

[DEBUG] RECV: /meta/connect 
[DEBUG] RECV: /service/controller 
[DEBUG] RECV: /service/controller 
[DEBUG] RECV: /service/status status
✓ Game is ACTIVE
[DEBUG] RECV: /service/player message

🎉 JOINED AS: CleverUrchin48
   Player CID: 1655070408
[DEBUG] RECV: /service/player message
[DEBUG] RECV: /meta/connect 
[DEBUG] RECV: /service/player message
[DEBUG] RECV: /meta/connect 
[DEBUG] RECV: /service/status status
[DEBUG] RECV: /meta/connect 
