
=== Kahoot Auto-Join ===
Game PIN: 5814465
Player: yousuck13-w4d

[1/3] Getting session token...
[DEBUG] Session token (raw): BlV/REQMCgEAADYAbwx5PAANQ01nPnFpC3Q/a1tCWwp0WgBnfXJFZWMvHAFVW1lfNiw5HnlxX0ZJAzVvfAA7eWEsPHlICFcAWComFwYLaz4HC2YZeAprXF9KOwpCAEUn
[DEBUG] Session token length: 128
[DEBUG] Base64 decoded length: 96
   ✓ Got session token
[2/3] Decoding token...
[DEBUG] Challenge message length: 100
[DEBUG] Offset: 6555552
[DEBUG] Decoded challenge length: 100
[DEBUG] Token bytes length: 96
[DEBUG] Final token length: 96
[DEBUG] Final token: 5d754f3221e34d1a0c247c8870b002a28d9130593cedfbb6ecdb286302a455f83fc14cd6fccac86a920e7a0ba3a9363b
[DEBUG] Token: 5d754f3221e34d1a0c247c8870b002a28d9130593cedfbb6ecdb286302a455f83fc14cd6fccac86a920e7a0ba3a9363b
   ✓ Token decoded (length: 96)
[3/3] Connecting...

[DEBUG] WebSocket URL: wss://kahoot.it/cometd/5814465/5d754f3221e34d1a0c247c8870b002a28d9130593cedfbb6ecdb286302a455f83fc14cd6fccac86a920e7a0ba3a9363b
✓ Connected to WebSocket
[DEBUG] SEND handshake
[DEBUG] RECV: /meta/handshake 
✓ Handshake OK, clientId: 92tmpjyfjjjftf5st56qxopg352l
[DEBUG] SEND connect (first)
[DEBUG] RECV: /meta/connect 
[DEBUG] SEND connect (second)
[DEBUG] SEND login yousuck13-w4d
[DEBUG] RECV: /service/status status
[DEBUG] RECV: /meta/connect 
[DEBUG] RECV: /service/controller 

⚠ Timeout - check if name appears in Kahoot lobby
[DEBUG] WebSocket closed: 1005

=== FAILED ===
Error: Connection closed (1005)
