
=== Kahoot Auto-Join ===
Game PIN: 5114254
Player: yousuck801-cyv

[1/3] Getting session token...
[DEBUG] Session token (raw): AlJrL1wPUA1IcQwONGQXUlB8Ch4JZmR/bn4IVnopU1IDFWkHfiw+FQ9ASg9gWDZdTxVfTmklUnRPQFBnSwVUAhsEClVRfD1eUC1Ycwtfa1JoIAkIOxkqQD9uAQANVmpb
[DEBUG] Session token length: 128
[DEBUG] Base64 decoded length: 96
   ✓ Got session token
[2/3] Decoding token...
[DEBUG] Challenge message length: 100
[DEBUG] Offset: 208
[DEBUG] Decoded challenge length: 100
[DEBUG] Token bytes length: 96
[DEBUG] Final token length: 96
[DEBUG] Final token: db4ef0789234a6c750cf974044f10c16ed4a7fee31120dcd7a921e61469802bdaa0c86e2dc34494d9e57dbd8d7af160b
[DEBUG] Token: db4ef0789234a6c750cf974044f10c16ed4a7fee31120dcd7a921e61469802bdaa0c86e2dc34494d9e57dbd8d7af160b
   ✓ Token decoded (length: 96)
[3/3] Connecting...

[DEBUG] WebSocket URL: wss://kahoot.it/cometd/5114254/db4ef0789234a6c750cf974044f10c16ed4a7fee31120dcd7a921e61469802bdaa0c86e2dc34494d9e57dbd8d7af160b
✓ Connected to WebSocket
[DEBUG] SEND handshake
[DEBUG] RECV: /meta/handshake 
✓ Handshake OK, clientId: by1l12wfcdh6rht049by84666kv9
[DEBUG] SEND connect (first)
[DEBUG] RECV: /meta/connect 
[DEBUG] SEND connect (second)
[DEBUG] SEND login yousuck801-cyv
[DEBUG] RECV: /service/controller loginResponse
✓ Login successful! CID: 185690163
[DEBUG] SEND namerator message

=== SUCCESS ===
Listening for game events... (Ctrl+C to exit)

[DEBUG] RECV: /meta/connect 
[DEBUG] RECV: /service/controller 
[DEBUG] RECV: /service/controller 
[DEBUG] RECV: /service/status status
✓ Game is ACTIVE
[DEBUG] RECV: /service/player message

🎉 JOINED AS: SturdyGator67
   Player CID: 185690163
[DEBUG] RECV: /service/player message
[DEBUG] RECV: /meta/connect 
[DEBUG] RECV: /service/player message
[DEBUG] RECV: /meta/connect 
[DEBUG] RECV: /service/player message
[DEBUG] RECV: /meta/connect 
[DEBUG] RECV: /service/status status
[DEBUG] RECV: /meta/connect 
