
=== Kahoot Auto-Join ===
Game PIN: 5114254
Player: yousuck221-8wv

[1/3] Getting session token...
[DEBUG] Session token (raw): YURvTFB6WDsuC1x3DwNKPTUuW0dfFw5uWV09UGUICg0MBmgRUA1QGUdCS3dMAFQZUwxsfE0kC1dXWUZVTBA8bXNIaFRHQEx3MXB0A1o9dX9DBwhTewJKCQIIMEhQCkNT
[DEBUG] Session token length: 128
[DEBUG] Base64 decoded length: 96
   ✓ Got session token
[2/3] Decoding token...
[DEBUG] Challenge message length: 100
[DEBUG] Offset: 565990
[DEBUG] Decoded challenge length: 100
[DEBUG] Token bytes length: 96
[DEBUG] Final token length: 96
[DEBUG] Final token: 9798791cf335611acd839c9220f94c2e3e0e3f8e0406583ce9674c19b75e6bf2810b7783b54c5e443a2f1296a7d3f298
[DEBUG] Token: 9798791cf335611acd839c9220f94c2e3e0e3f8e0406583ce9674c19b75e6bf2810b7783b54c5e443a2f1296a7d3f298
   ✓ Token decoded (length: 96)
[3/3] Connecting...

[DEBUG] WebSocket URL: wss://kahoot.it/cometd/5114254/9798791cf335611acd839c9220f94c2e3e0e3f8e0406583ce9674c19b75e6bf2810b7783b54c5e443a2f1296a7d3f298
✓ Connected to WebSocket
[DEBUG] SEND handshake
[DEBUG] RECV: /meta/handshake 
✓ Handshake OK, clientId: bxlh1914ew2rsdjk1161ymabj1hr4m
[DEBUG] SEND connect (first)
[DEBUG] RECV: /meta/connect 
[DEBUG] SEND connect (second)
[DEBUG] SEND login yousuck221-8wv
[DEBUG] RECV: /service/controller loginResponse
✓ Login successful! CID: 1869298223
[DEBUG] SEND namerator message

=== SUCCESS ===
Listening for game events... (Ctrl+C to exit)

[DEBUG] RECV: /meta/connect 
[DEBUG] RECV: /service/controller 
[DEBUG] RECV: /service/controller 
[DEBUG] RECV: /service/status status
✓ Game is ACTIVE
[DEBUG] RECV: /service/player message

🎉 JOINED AS: SocialEchidna89
   Player CID: 1869298223
[DEBUG] RECV: /service/player message
[DEBUG] RECV: /service/player message
[DEBUG] RECV: /meta/connect 
[DEBUG] RECV: /service/player message
[DEBUG] RECV: /meta/connect 
[DEBUG] RECV: /service/player message
[DEBUG] RECV: /meta/connect 
[DEBUG] RECV: /service/player message
[DEBUG] RECV: /meta/connect 
[DEBUG] RECV: /service/player message
[DEBUG] RECV: /meta/connect 
[DEBUG] RECV: /service/player message
[DEBUG] RECV: /meta/connect 
[DEBUG] RECV: /service/player message
[DEBUG] RECV: /meta/connect 
[DEBUG] RECV: /service/player message
[DEBUG] RECV: /meta/connect 
[DEBUG] RECV: /service/player message
[DEBUG] RECV: /meta/connect 
[DEBUG] RECV: /service/player message
[DEBUG] RECV: /meta/connect 
[DEBUG] RECV: /service/status status
[DEBUG] RECV: /meta/connect 
