
=== Kahoot Auto-Join ===
Game PIN: 5114254
Player: yousuck435-3e1

[1/3] Getting session token...
[DEBUG] Session token (raw): UwVXYW1nJlEUTmFcUXgDKVtcYWpiCCJ9bm1EDUdDd0NoAz5VfAtmXAtpDV5zXAlYX3ZfNhxOXSJUTEoiY3JUJwcvWD1YCwhUDW4EAk0BbFlOB2kLe2U0cV9zA289Kwpz
[DEBUG] Session token length: 128
[DEBUG] Base64 decoded length: 96
   ✓ Got session token
[2/3] Decoding token...
[DEBUG] Challenge message length: 100
[DEBUG] Offset: 26797
[DEBUG] Decoded challenge length: 100
[DEBUG] Token bytes length: 96
[DEBUG] Final token length: 96
[DEBUG] Final token: b09462c3d624672deb8769e54180792082dd8f0263df442a300dd5cee89a53bacf0eeea0699c60125b2068a5c164ad59
[DEBUG] Token: b09462c3d624672deb8769e54180792082dd8f0263df442a300dd5cee89a53bacf0eeea0699c60125b2068a5c164ad59
   ✓ Token decoded (length: 96)
[3/3] Connecting...

[DEBUG] WebSocket URL: wss://kahoot.it/cometd/5114254/b09462c3d624672deb8769e54180792082dd8f0263df442a300dd5cee89a53bacf0eeea0699c60125b2068a5c164ad59
✓ Connected to WebSocket
[DEBUG] SEND handshake
[DEBUG] RECV: /meta/handshake 
✓ Handshake OK, clientId: bxrk1h74x9odiwlnp1cjwwv5xrkcki
[DEBUG] SEND connect (first)
[DEBUG] RECV: /meta/connect 
[DEBUG] SEND connect (second)
[DEBUG] SEND login yousuck435-3e1
[DEBUG] RECV: /service/controller loginResponse
✓ Login successful! CID: 443463678
[DEBUG] SEND namerator message

=== SUCCESS ===
Listening for game events... (Ctrl+C to exit)

[DEBUG] RECV: /meta/connect 
[DEBUG] RECV: /service/controller 
[DEBUG] RECV: /service/controller 
[DEBUG] RECV: /service/status status
✓ Game is ACTIVE
[DEBUG] RECV: /service/player message

🎉 JOINED AS: RockstarLark2
   Player CID: 443463678
[DEBUG] RECV: /service/player message
[DEBUG] RECV: /meta/connect 
[DEBUG] RECV: /service/player message
[DEBUG] RECV: /meta/connect 
[DEBUG] RECV: /service/player message
[DEBUG] RECV: /meta/connect 
[DEBUG] RECV: /service/player message
[DEBUG] RECV: /meta/connect 
[DEBUG] RECV: /service/player message
[DEBUG] RECV: /meta/connect 
[DEBUG] RECV: /service/player message
[DEBUG] RECV: /meta/connect 
[DEBUG] RECV: /service/player message
[DEBUG] RECV: /meta/connect 
[DEBUG] RECV: /service/status status
[DEBUG] RECV: /meta/connect 
