
=== Kahoot Auto-Join ===
Game PIN: 5114254
Player: yousuck432-bul

[1/3] Getting session token...
[DEBUG] Session token (raw): LFdTcxICJ31mMgJWe3RYXS4TdHVgAlgnVwd0aHsze1xjXjoIARV/NQlYUWIEOF0EXyxIXAMYYQwdXDEIAFxpFz5kVxh+CExLawUfWAcpZlZXAFZvQQcSIDcuCEMGLV8c
[DEBUG] Session token length: 128
[DEBUG] Base64 decoded length: 96
   ✓ Got session token
[2/3] Decoding token...
[DEBUG] Challenge message length: 100
[DEBUG] Offset: 14964
[DEBUG] Decoded challenge length: 100
[DEBUG] Token bytes length: 96
[DEBUG] Final token length: 96
[DEBUG] Final token: fb29cac70bab12dcca795d8aec341c9e25ee3c9e0a71dbbbef002b83f5be3e8ca3cd8b703fdd9c91e30554ccbba87dbf
[DEBUG] Token: fb29cac70bab12dcca795d8aec341c9e25ee3c9e0a71dbbbef002b83f5be3e8ca3cd8b703fdd9c91e30554ccbba87dbf
   ✓ Token decoded (length: 96)
[3/3] Connecting...

[DEBUG] WebSocket URL: wss://kahoot.it/cometd/5114254/fb29cac70bab12dcca795d8aec341c9e25ee3c9e0a71dbbbef002b83f5be3e8ca3cd8b703fdd9c91e30554ccbba87dbf
✓ Connected to WebSocket
[DEBUG] SEND handshake
[DEBUG] RECV: /meta/handshake 
✓ Handshake OK, clientId: bxrg13ixu5tpga2j9ah39zbgxy62o
[DEBUG] SEND connect (first)
[DEBUG] RECV: /meta/connect 
[DEBUG] SEND connect (second)
[DEBUG] SEND login yousuck432-bul
[DEBUG] RECV: /service/controller loginResponse
✓ Login successful! CID: 140367321
[DEBUG] SEND namerator message

=== SUCCESS ===
Listening for game events... (Ctrl+C to exit)

[DEBUG] RECV: /meta/connect 
[DEBUG] RECV: /service/controller 
[DEBUG] RECV: /service/controller 
[DEBUG] RECV: /service/status status
✓ Game is ACTIVE
[DEBUG] RECV: /service/player message

🎉 JOINED AS: HonestGator92
   Player CID: 140367321
[DEBUG] RECV: /service/player message
[DEBUG] RECV: /meta/connect 
[DEBUG] RECV: /service/player message
[DEBUG] RECV: /meta/connect 
[DEBUG] RECV: /service/player message
[DEBUG] RECV: /meta/connect 
[DEBUG] RECV: /service/player message
[DEBUG] RECV: /meta/connect 
[DEBUG] RECV: /service/player message
[DEBUG] RECV: /meta/connect 
[DEBUG] RECV: /service/player message
[DEBUG] RECV: /meta/connect 
[DEBUG] RECV: /service/player message
[DEBUG] RECV: /meta/connect 
[DEBUG] RECV: /service/status status
[DEBUG] RECV: /meta/connect 
