
=== Kahoot Auto-Join ===
Game PIN: 5814465
Player: yousuck27-7p4

[1/3] Getting session token...
[DEBUG] Session token (raw): DVJrUHJeWQB1cj5yXAB0B2pASkk9BllgBWRdCi1Uag9VfAcMUVxRcVkPWG9sGVxfT0dWD11NdCo+d1RhWG5WDGMkXV0Ab1x2W39aDUxdDVoVa2IbPGZQWnVdYwhbSAcA
[DEBUG] Session token length: 128
[DEBUG] Base64 decoded length: 96
   ✓ Got session token
[2/3] Decoding token...
[DEBUG] Challenge message length: 100
[DEBUG] Offset: 9688
[DEBUG] Decoded challenge length: 100
[DEBUG] Token bytes length: 96
[DEBUG] Final token length: 96
[DEBUG] Final token: b75575a032b16a8d2420e164e30aae47b25d5cd568f75be23121b49dd32232421e9cd93048b25262d92cf0a9699803ef
[DEBUG] Token: b75575a032b16a8d2420e164e30aae47b25d5cd568f75be23121b49dd32232421e9cd93048b25262d92cf0a9699803ef
   ✓ Token decoded (length: 96)
[3/3] Connecting...

[DEBUG] WebSocket URL: wss://kahoot.it/cometd/5814465/b75575a032b16a8d2420e164e30aae47b25d5cd568f75be23121b49dd32232421e9cd93048b25262d92cf0a9699803ef
✓ Connected to WebSocket
[DEBUG] SEND handshake
[DEBUG] RECV: /meta/handshake 
✓ Handshake OK, clientId: 92tq15rt5gxuuekmd47638m2mxvw
[DEBUG] SEND connect (first)
[DEBUG] RECV: /meta/connect 
[DEBUG] SEND connect (second)
[DEBUG] SEND login yousuck27-7p4
[DEBUG] RECV: /service/status status
[DEBUG] RECV: /meta/connect 
[DEBUG] RECV: /service/controller 

⚠ Timeout - check if name appears in Kahoot lobby
[DEBUG] WebSocket closed: 1005

=== FAILED ===
Error: Connection closed (1005)
