
=== Kahoot Auto-Join ===
Game PIN: 5732350
Player: yousuck61-jyy

[1/3] Getting session token...
[DEBUG] Session token (raw): AWZfEQd7dgdpZEULBiEGBlF3AggEBXcBWGxECHtseClnOFcED215SW9zLiIDKQgPGQtmTSxiBF8PWz9kEVkIXF9jYU8hD204WwpMCw9SBncmNHBARwpzczErPQJUB3V/
[DEBUG] Session token length: 128
[DEBUG] Base64 decoded length: 96
   ✓ Got session token
[2/3] Decoding token...
[DEBUG] Challenge message length: 100
[DEBUG] Offset: 5514664
[DEBUG] Decoded challenge length: 100
[DEBUG] Token bytes length: 96
[DEBUG] Final token length: 96
[DEBUG] Final token: 063bb2380767fa7bf186440e7646660b5effd68590cc2af3bb89a18c74e1d6dcf334de9c4b946c56ec750d07cda38022
[DEBUG] Token: 063bb2380767fa7bf186440e7646660b5effd68590cc2af3bb89a18c74e1d6dcf334de9c4b946c56ec750d07cda38022
   ✓ Token decoded (length: 96)
[3/3] Connecting...

[DEBUG] WebSocket URL: wss://kahoot.it/cometd/5732350/063bb2380767fa7bf186440e7646660b5effd68590cc2af3bb89a18c74e1d6dcf334de9c4b946c56ec750d07cda38022
✓ Connected to WebSocket
[DEBUG] SEND handshake
[DEBUG] RECV: /meta/handshake 
✓ Handshake OK, clientId: bzn21bpoyku1fo1623c6wvh2bqyre
[DEBUG] SEND connect (first)
[DEBUG] RECV: /meta/connect 
[DEBUG] SEND connect (second)
[DEBUG] SEND login yousuck61-jyy
[DEBUG] RECV: /service/controller loginResponse
✓ Login successful! CID: 398308483
[DEBUG] SEND namerator message

=== SUCCESS ===
Listening for game events... (Ctrl+C to exit)

[DEBUG] RECV: /meta/connect 
[DEBUG] RECV: /service/controller 
[DEBUG] RECV: /service/controller 
[DEBUG] RECV: /service/status status
✓ Game is ACTIVE
[DEBUG] RECV: /service/player message

🎉 JOINED AS: MountainMacaw59
   Player CID: 398308483
[DEBUG] RECV: /service/player message
[DEBUG] RECV: /meta/connect 
[DEBUG] RECV: /service/player message
[DEBUG] RECV: /meta/connect 
[DEBUG] RECV: /service/player message
[DEBUG] RECV: /meta/connect 
[DEBUG] RECV: /service/status status
[DEBUG] RECV: /meta/connect 
