
=== Kahoot Auto-Join ===
Game PIN: 4969059
Player: yousuck4-6ju

[1/3] Getting session token...
[DEBUG] Session token (raw): IX0PLVZqBCdbVSQCWypHMHsvXARsRXESPnM2L2d3DUJeTHADIQRIeyENcGZ0AyN7Qlh/U2pbUmgcVVx6MjZnaF1/aV5LVSRbZk8/X1gnRQAJDAYXWU4UEXdCBmExeFl7
[DEBUG] Session token length: 128
[DEBUG] Base64 decoded length: 96
   ✓ Got session token
[2/3] Decoding token...
[DEBUG] Challenge message length: 100
[DEBUG] Offset: 164028
[DEBUG] Decoded challenge length: 100
[DEBUG] Token bytes length: 96
[DEBUG] Final token length: 96
[DEBUG] Final token: c79b818e89aaab4f9d09863ed3bb9552b548f943f82496a97c975040fd30ea9810143afb66b10e28cb2db9bf59b1c803
[DEBUG] Token: c79b818e89aaab4f9d09863ed3bb9552b548f943f82496a97c975040fd30ea9810143afb66b10e28cb2db9bf59b1c803
   ✓ Token decoded (length: 96)
[3/3] Connecting...

[DEBUG] WebSocket URL: wss://kahoot.it/cometd/4969059/c79b818e89aaab4f9d09863ed3bb9552b548f943f82496a97c975040fd30ea9810143afb66b10e28cb2db9bf59b1c803
✓ Connected to WebSocket
[DEBUG] SEND handshake
[DEBUG] RECV: /meta/handshake 
✓ Handshake OK, clientId: buob1slq9s9sfre4v1f00vsy7kjclf
[DEBUG] SEND connect (first)
[DEBUG] RECV: /meta/connect 
[DEBUG] SEND connect (second)
[DEBUG] SEND login yousuck4-6ju
[DEBUG] RECV: /service/controller loginResponse
✓ Login successful! CID: 266967630
[DEBUG] SEND namerator message

=== SUCCESS ===
Listening for game events... (Ctrl+C to exit)

[DEBUG] RECV: /meta/connect 
[DEBUG] RECV: /service/controller 
[DEBUG] RECV: /service/controller 
[DEBUG] RECV: /service/status status
✓ Game is ACTIVE
[DEBUG] RECV: /service/player message

🎉 JOINED AS: WiseBuffalo96
   Player CID: 266967630
[DEBUG] RECV: /service/player message
[DEBUG] RECV: /service/player message
[DEBUG] RECV: /service/player message
[DEBUG] RECV: /meta/connect 
[DEBUG] RECV: /service/player message
[DEBUG] RECV: /service/player message
[DEBUG] RECV: /service/player message
[DEBUG] RECV: /meta/connect 
[DEBUG] RECV: /service/player message
[DEBUG] RECV: /service/player message
[DEBUG] RECV: /meta/connect 
[DEBUG] RECV: /service/player message
[DEBUG] RECV: /service/player message
[DEBUG] RECV: /service/player message
[DEBUG] RECV: /meta/connect 
[DEBUG] RECV: /service/status status
[DEBUG] RECV: /meta/connect 
