
=== Kahoot Auto-Join ===
Game PIN: 5114254
Player: yousuck276-fsd

[1/3] Getting session token...
[DEBUG] Session token (raw): X0BrUwMJCCdvVQlfWkQIVEsoLXMPZAUJACkfJS1zTBcCXz0BZlZSYg0CHTtoMmFiQ0UKZVMNXjJkaxgIXHRZcBxMNEZLUVVSDngyMndQZBQIdlJUBlsMBzguB0sWE3UO
[DEBUG] Session token length: 128
[DEBUG] Base64 decoded length: 96
   ✓ Got session token
[2/3] Decoding token...
[DEBUG] Challenge message length: 100
[DEBUG] Offset: 294426
[DEBUG] Decoded challenge length: 100
[DEBUG] Token bytes length: 96
[DEBUG] Final token length: 96
[DEBUG] Final token: 8422b22c0f18a1578cb406bfdbfef36ed8cf7290cead4f2610f0172c63c3e864f0e7225c84db279a02a8a976df87cf3d
[DEBUG] Token: 8422b22c0f18a1578cb406bfdbfef36ed8cf7290cead4f2610f0172c63c3e864f0e7225c84db279a02a8a976df87cf3d
   ✓ Token decoded (length: 96)
[3/3] Connecting...

[DEBUG] WebSocket URL: wss://kahoot.it/cometd/5114254/8422b22c0f18a1578cb406bfdbfef36ed8cf7290cead4f2610f0172c63c3e864f0e7225c84db279a02a8a976df87cf3d
✓ Connected to WebSocket
[DEBUG] SEND handshake
[DEBUG] RECV: /meta/handshake 
✓ Handshake OK, clientId: bxn0milsp6vbdzqtoa0pfkt2h53z
[DEBUG] SEND connect (first)
[DEBUG] RECV: /meta/connect 
[DEBUG] SEND connect (second)
[DEBUG] SEND login yousuck276-fsd
[DEBUG] RECV: /service/controller loginResponse
✓ Login successful! CID: 1958401796
[DEBUG] SEND namerator message

=== SUCCESS ===
Listening for game events... (Ctrl+C to exit)

[DEBUG] RECV: /meta/connect 
[DEBUG] RECV: /service/controller 
[DEBUG] RECV: /service/controller 
[DEBUG] RECV: /service/status status
✓ Game is ACTIVE
[DEBUG] RECV: /service/player message

🎉 JOINED AS: BraveLeopard97
   Player CID: 1958401796
[DEBUG] RECV: /service/player message
[DEBUG] RECV: /service/player message
[DEBUG] RECV: /meta/connect 
[DEBUG] RECV: /service/player message
[DEBUG] RECV: /meta/connect 
[DEBUG] RECV: /service/player message
[DEBUG] RECV: /meta/connect 
[DEBUG] RECV: /service/player message
[DEBUG] RECV: /meta/connect 
[DEBUG] RECV: /service/player message
[DEBUG] RECV: /meta/connect 
[DEBUG] RECV: /service/player message
[DEBUG] RECV: /meta/connect 
[DEBUG] RECV: /service/player message
[DEBUG] RECV: /meta/connect 
[DEBUG] RECV: /service/player message
[DEBUG] RECV: /meta/connect 
[DEBUG] RECV: /service/player message
[DEBUG] RECV: /meta/connect 
[DEBUG] RECV: /service/status status
[DEBUG] RECV: /meta/connect 
