
=== Kahoot Auto-Join ===
Game PIN: 5814465
Player: yousuck37-jxe

[1/3] Getting session token...
[DEBUG] Session token (raw): B1lQM1FtFw17EVtkdmp7MAJmBQdiWm9ZV3oBF0dVV3Ydc1RyWkQVBnZRYB9dbAF1Fy4wDFRWIAUHGXoMAgxSUW4hFD1SLFF2bF1gAUAGPF1DInBRUwojCGtieQ0HDWsL
[DEBUG] Session token length: 128
[DEBUG] Base64 decoded length: 96
   ✓ Got session token
[2/3] Decoding token...
[DEBUG] Challenge message length: 100
[DEBUG] Offset: 308
[DEBUG] Decoded challenge length: 100
[DEBUG] Token bytes length: 96
[DEBUG] Final token length: 96
[DEBUG] Final token: 7cebe7cb6e55767be8d9653e96dd1f44d5e7a3e0803cf7d4dbcfc8fb7c1130c00cfb1d033a6056f62b6adbf478132051
[DEBUG] Token: 7cebe7cb6e55767be8d9653e96dd1f44d5e7a3e0803cf7d4dbcfc8fb7c1130c00cfb1d033a6056f62b6adbf478132051
   ✓ Token decoded (length: 96)
[3/3] Connecting...

[DEBUG] WebSocket URL: wss://kahoot.it/cometd/5814465/7cebe7cb6e55767be8d9653e96dd1f44d5e7a3e0803cf7d4dbcfc8fb7c1130c00cfb1d033a6056f62b6adbf478132051
✓ Connected to WebSocket
[DEBUG] SEND handshake
[DEBUG] RECV: /meta/handshake 
✓ Handshake OK, clientId: 92ril1vvtwv8qyhdcq1wwney2szj
[DEBUG] SEND connect (first)
[DEBUG] RECV: /meta/connect 
[DEBUG] SEND connect (second)
[DEBUG] SEND login yousuck37-jxe
[DEBUG] RECV: /service/status status
[DEBUG] RECV: /meta/connect 
[DEBUG] RECV: /service/controller 

⚠ Timeout - check if name appears in Kahoot lobby
[DEBUG] WebSocket closed: 1005

=== FAILED ===
Error: Connection closed (1005)
