
=== Kahoot Auto-Join ===
Game PIN: 5114254
Player: yousuck655-6qi

[1/3] Getting session token...
[DEBUG] Session token (raw): CVpPSHdqMD4/UVJYCV4NdBA7f1pBZEsRbBkjZlxUSUQfJgdZDiM/PXNOBVceUlocF1ZrVSpSbnYOcFoDCXh0CXEwSQI6TyBhSwJzcREJShYKNzpfD1dbP1kFcg4MZFln
[DEBUG] Session token length: 128
[DEBUG] Base64 decoded length: 96
   ✓ Got session token
[2/3] Decoding token...
[DEBUG] Challenge message length: 100
[DEBUG] Offset: 1141588
[DEBUG] Decoded challenge length: 100
[DEBUG] Token bytes length: 96
[DEBUG] Final token length: 96
[DEBUG] Final token: f67385ddea57a0e3dc47071e2cf53137de464caf0727dacdc941e345939cf61f1b35b9e53244ff6b8aa9843aa13f4305
[DEBUG] Token: f67385ddea57a0e3dc47071e2cf53137de464caf0727dacdc941e345939cf61f1b35b9e53244ff6b8aa9843aa13f4305
   ✓ Token decoded (length: 96)
[3/3] Connecting...

[DEBUG] WebSocket URL: wss://kahoot.it/cometd/5114254/f67385ddea57a0e3dc47071e2cf53137de464caf0727dacdc941e345939cf61f1b35b9e53244ff6b8aa9843aa13f4305
✓ Connected to WebSocket
[DEBUG] SEND handshake
[DEBUG] RECV: /meta/handshake 
✓ Handshake OK, clientId: bxx5cgfqicbxl3sp1djrnyzit6mwt
[DEBUG] SEND connect (first)
[DEBUG] RECV: /meta/connect 
[DEBUG] SEND connect (second)
[DEBUG] SEND login yousuck655-6qi
[DEBUG] RECV: /service/controller loginResponse
✓ Login successful! CID: 132982986
[DEBUG] SEND namerator message

=== SUCCESS ===
Listening for game events... (Ctrl+C to exit)

[DEBUG] RECV: /meta/connect 
[DEBUG] RECV: /service/controller 
[DEBUG] RECV: /service/controller 
[DEBUG] RECV: /service/status status
✓ Game is ACTIVE
[DEBUG] RECV: /service/player message

🎉 JOINED AS: SilverRooster76
   Player CID: 132982986
[DEBUG] RECV: /service/player message
[DEBUG] RECV: /meta/connect 
[DEBUG] RECV: /service/player message
[DEBUG] RECV: /meta/connect 
[DEBUG] RECV: /service/player message
[DEBUG] RECV: /meta/connect 
[DEBUG] RECV: /service/player message
[DEBUG] RECV: /meta/connect 
[DEBUG] RECV: /service/player message
[DEBUG] RECV: /meta/connect 
[DEBUG] RECV: /service/status status
[DEBUG] RECV: /meta/connect 
