
=== Kahoot Auto-Join ===
Game PIN: 5114254
Player: yousuck977-hc4

[1/3] Getting session token...
[DEBUG] Session token (raw): XABdXSg/QA1SQHIATgMHBVVbVg8LIS9AVjdUA2cgLVZMXXkGBBBZB3gLa3VYBQNWXg0EOAdbWA8IdkIMfFUZVkVLX2lwZFYGRQgsDAcMRkRWHntbXDkEX21QZilvbk5b
[DEBUG] Session token length: 128
[DEBUG] Base64 decoded length: 96
   ✓ Got session token
[2/3] Decoding token...
[DEBUG] Challenge message length: 100
[DEBUG] Offset: 2535624
[DEBUG] Decoded challenge length: 100
[DEBUG] Token bytes length: 96
[DEBUG] Final token length: 96
[DEBUG] Final token: b9a4ae7e4483840288535df48bb14eb49c313a664982f9e1ab2bc94e67418aa973a806fb6dad12261e45bfc9960e1076
[DEBUG] Token: b9a4ae7e4483840288535df48bb14eb49c313a664982f9e1ab2bc94e67418aa973a806fb6dad12261e45bfc9960e1076
   ✓ Token decoded (length: 96)
[3/3] Connecting...

[DEBUG] WebSocket URL: wss://kahoot.it/cometd/5114254/b9a4ae7e4483840288535df48bb14eb49c313a664982f9e1ab2bc94e67418aa973a806fb6dad12261e45bfc9960e1076
✓ Connected to WebSocket
[DEBUG] SEND handshake
[DEBUG] RECV: /meta/handshake 
✓ Handshake OK, clientId: by6m1eu5x62nlb8vszzts69itx6rp
[DEBUG] SEND connect (first)
[DEBUG] RECV: /meta/connect 
[DEBUG] SEND connect (second)
[DEBUG] SEND login yousuck977-hc4
[DEBUG] RECV: /service/controller loginResponse
✓ Login successful! CID: 699622509
[DEBUG] SEND namerator message

=== SUCCESS ===
Listening for game events... (Ctrl+C to exit)

[DEBUG] RECV: /meta/connect 
[DEBUG] RECV: /service/controller 
[DEBUG] RECV: /service/controller 
[DEBUG] RECV: /service/status status
✓ Game is ACTIVE
[DEBUG] RECV: /service/player message

🎉 JOINED AS: MagicJaguar81
   Player CID: 699622509
[DEBUG] RECV: /service/player message
[DEBUG] RECV: /meta/connect 
[DEBUG] RECV: /service/status status
[DEBUG] RECV: /meta/connect 
