
=== Kahoot Auto-Join ===
Game PIN: 5114254
Player: yousuck93-yrq

[1/3] Getting session token...
[DEBUG] Session token (raw): U0J+LgB0MARjKV0IdhtoESFIAywWWnJHKENBMh58ZHA2CGUESGheREIzCxYNeVp/D1MqQEpwJiZXFANwXxRDLBVLFQBSDE12eHYENy1UWwRXXyRYPnIEBTJybEMXElxf
[DEBUG] Session token length: 128
[DEBUG] Base64 decoded length: 96
   ✓ Got session token
[2/3] Decoding token...
[DEBUG] Challenge message length: 100
[DEBUG] Offset: 60576
[DEBUG] Decoded challenge length: 100
[DEBUG] Token bytes length: 96
[DEBUG] Final token length: 96
[DEBUG] Final token: 525c13fb4b624c9ff0deaf71a89be910f23b86e85afc79f465c224dc1e465c1fa1dca66876caf2efc5fca2e7b627fe96
[DEBUG] Token: 525c13fb4b624c9ff0deaf71a89be910f23b86e85afc79f465c224dc1e465c1fa1dca66876caf2efc5fca2e7b627fe96
   ✓ Token decoded (length: 96)
[3/3] Connecting...

[DEBUG] WebSocket URL: wss://kahoot.it/cometd/5114254/525c13fb4b624c9ff0deaf71a89be910f23b86e85afc79f465c224dc1e465c1fa1dca66876caf2efc5fca2e7b627fe96
✓ Connected to WebSocket
[DEBUG] SEND handshake
[DEBUG] RECV: /meta/handshake 
✓ Handshake OK, clientId: bxi0ad8pfsk9mmeu12xlfwkepiubq
[DEBUG] SEND connect (first)
[DEBUG] RECV: /meta/connect 
[DEBUG] SEND connect (second)
[DEBUG] SEND login yousuck93-yrq
[DEBUG] RECV: /service/controller loginResponse
✓ Login successful! CID: 757694604
[DEBUG] SEND namerator message

=== SUCCESS ===
Listening for game events... (Ctrl+C to exit)

[DEBUG] RECV: /meta/connect 
[DEBUG] RECV: /service/controller 
[DEBUG] RECV: /service/controller 
[DEBUG] RECV: /service/status status
✓ Game is ACTIVE
[DEBUG] RECV: /service/player message
[DEBUG] RECV: /service/player message

🎉 JOINED AS: ProudRabbit34
   Player CID: 757694604
[DEBUG] RECV: /service/player message
[DEBUG] RECV: /service/player message
[DEBUG] RECV: /service/player message
[DEBUG] RECV: /service/player message
[DEBUG] RECV: /meta/connect 
[DEBUG] RECV: /service/player message
[DEBUG] RECV: /meta/connect 
[DEBUG] RECV: /service/player message
[DEBUG] RECV: /meta/connect 
[DEBUG] RECV: /service/player message
[DEBUG] RECV: /meta/connect 
[DEBUG] RECV: /service/player message
[DEBUG] RECV: /meta/connect 
[DEBUG] RECV: /service/player message
[DEBUG] RECV: /meta/connect 
[DEBUG] RECV: /service/player message
[DEBUG] RECV: /meta/connect 
[DEBUG] RECV: /service/player message
[DEBUG] RECV: /meta/connect 
[DEBUG] RECV: /service/player message
[DEBUG] RECV: /meta/connect 
[DEBUG] RECV: /service/player message
[DEBUG] RECV: /meta/connect 
[DEBUG] RECV: /service/player message
[DEBUG] RECV: /meta/connect 
[DEBUG] RECV: /service/player message
[DEBUG] RECV: /meta/connect 
[DEBUG] RECV: /service/status status
[DEBUG] RECV: /meta/connect 
