
=== Kahoot Auto-Join ===
Game PIN: 5114254
Player: yousuck823-a8g

[1/3] Getting session token...
[DEBUG] Session token (raw): CHpbRkV5EAADahBWXXonQ0hSZHFkUwwlZlAMMnNmESdrEF5ZAno5VB1dWhUiCGgiTX8CBnBURCRjFn5GB1w5b2oDAxFfalBQazQETB9TQFZoZgcNDlVfV3EDDlAzKlQw
[DEBUG] Session token length: 128
[DEBUG] Base64 decoded length: 96
   ✓ Got session token
[2/3] Decoding token...
[DEBUG] Challenge message length: 100
[DEBUG] Offset: 68508440
[DEBUG] Decoded challenge length: 100
[DEBUG] Token bytes length: 96
[DEBUG] Final token length: 96
[DEBUG] Final token: 811103a0d0a178b23a40527a737b69ea9b08f9c5a42bdd9f43d5485b0d73f9f596dbf7123a14cc2a199d9e9e78b8ce7c
[DEBUG] Token: 811103a0d0a178b23a40527a737b69ea9b08f9c5a42bdd9f43d5485b0d73f9f596dbf7123a14cc2a199d9e9e78b8ce7c
   ✓ Token decoded (length: 96)
[3/3] Connecting...

[DEBUG] WebSocket URL: wss://kahoot.it/cometd/5114254/811103a0d0a178b23a40527a737b69ea9b08f9c5a42bdd9f43d5485b0d73f9f596dbf7123a14cc2a199d9e9e78b8ce7c
✓ Connected to WebSocket
[DEBUG] SEND handshake
[DEBUG] RECV: /meta/handshake 
✓ Handshake OK, clientId: by2m13vhyjnm74lgk1b2jfyxu3lv2a
[DEBUG] SEND connect (first)
[DEBUG] RECV: /meta/connect 
[DEBUG] SEND connect (second)
[DEBUG] SEND login yousuck823-a8g
[DEBUG] RECV: /service/controller loginResponse
✓ Login successful! CID: 580546081
[DEBUG] SEND namerator message

=== SUCCESS ===
Listening for game events... (Ctrl+C to exit)

[DEBUG] RECV: /meta/connect 
[DEBUG] RECV: /service/controller 
[DEBUG] RECV: /service/controller 
[DEBUG] RECV: /service/status status
✓ Game is ACTIVE
[DEBUG] RECV: /service/player message

🎉 JOINED AS: FlyingFalcon70
   Player CID: 580546081
[DEBUG] RECV: /service/player message
[DEBUG] RECV: /meta/connect 
[DEBUG] RECV: /service/player message
[DEBUG] RECV: /meta/connect 
[DEBUG] RECV: /service/status status
[DEBUG] RECV: /meta/connect 
