
=== Kahoot Auto-Join ===
Game PIN: 5114254
Player: yousuck548-g6f

[1/3] Getting session token...
[DEBUG] Session token (raw): Ug8RHgZAEGJVQGEMYVB3VVomLhJcWW9bdQxfVll1BHoyCFVNdyMNaik+TQ1wfgtwXwNfZz5CdVQSLlo0XzJXGgtXNFdVeG9sWFIGIV4HXERKBitaWF1EITkLVUR4QSxr
[DEBUG] Session token length: 128
[DEBUG] Base64 decoded length: 96
   ✓ Got session token
[2/3] Decoding token...
[DEBUG] Challenge message length: 100
[DEBUG] Offset: 3904
[DEBUG] Decoded challenge length: 100
[DEBUG] Token bytes length: 96
[DEBUG] Final token length: 96
[DEBUG] Final token: 42bef4a333163443ccee5440097841b9d2169c48ed9356c81653c432fe3a0c4a3fd830742bdfbae697c5521ab50004a0
[DEBUG] Token: 42bef4a333163443ccee5440097841b9d2169c48ed9356c81653c432fe3a0c4a3fd830742bdfbae697c5521ab50004a0
   ✓ Token decoded (length: 96)
[3/3] Connecting...

[DEBUG] WebSocket URL: wss://kahoot.it/cometd/5114254/42bef4a333163443ccee5440097841b9d2169c48ed9356c81653c432fe3a0c4a3fd830742bdfbae697c5521ab50004a0
✓ Connected to WebSocket
[DEBUG] SEND handshake
[DEBUG] RECV: /meta/handshake 
✓ Handshake OK, clientId: bxuehnasp6luouuc14g99jkl2sj4
[DEBUG] SEND connect (first)
[DEBUG] RECV: /meta/connect 
[DEBUG] SEND connect (second)
[DEBUG] SEND login yousuck548-g6f
[DEBUG] RECV: /service/controller loginResponse
✓ Login successful! CID: 723681811
[DEBUG] SEND namerator message

=== SUCCESS ===
Listening for game events... (Ctrl+C to exit)

[DEBUG] RECV: /meta/connect 
[DEBUG] RECV: /service/controller 
[DEBUG] RECV: /service/controller 
[DEBUG] RECV: /service/status status
✓ Game is ACTIVE
[DEBUG] RECV: /service/player message

🎉 JOINED AS: AgentChicken10
   Player CID: 723681811
[DEBUG] RECV: /service/player message
[DEBUG] RECV: /meta/connect 
[DEBUG] RECV: /service/player message
[DEBUG] RECV: /meta/connect 
[DEBUG] RECV: /service/player message
[DEBUG] RECV: /meta/connect 
[DEBUG] RECV: /service/player message
[DEBUG] RECV: /meta/connect 
[DEBUG] RECV: /service/player message
[DEBUG] RECV: /meta/connect 
[DEBUG] RECV: /service/player message
[DEBUG] RECV: /meta/connect 
[DEBUG] RECV: /service/status status
[DEBUG] RECV: /meta/connect 
