
=== Kahoot Auto-Join ===
Game PIN: 5114254
Player: yousuck264-cxh

[1/3] Getting session token...
[DEBUG] Session token (raw): GQsLUyBaUm5ZARxaA2YPYD4ydl8ZMloCWHNQakZJBFQEEjk7Xn8saDpDRVxAB1FWDFgAUWFNT05qRnV8ChZZdl1DCXMJES4LPStGVw1JaVQaAmh7F2xSfwQqUy54RAZJ
[DEBUG] Session token length: 128
[DEBUG] Base64 decoded length: 96
   ✓ Got session token
[2/3] Decoding token...
[DEBUG] Challenge message length: 100
[DEBUG] Offset: 306
[DEBUG] Decoded challenge length: 100
[DEBUG] Token bytes length: 96
[DEBUG] Final token length: 96
[DEBUG] Final token: b9cfa7d665fcd2b6ea1cecc738f529d5fbec04b7b8140edded7c465524969eb51400ddd4ee2e8219bf97c290ae2d04a8
[DEBUG] Token: b9cfa7d665fcd2b6ea1cecc738f529d5fbec04b7b8140edded7c465524969eb51400ddd4ee2e8219bf97c290ae2d04a8
   ✓ Token decoded (length: 96)
[3/3] Connecting...

[DEBUG] WebSocket URL: wss://kahoot.it/cometd/5114254/b9cfa7d665fcd2b6ea1cecc738f529d5fbec04b7b8140edded7c465524969eb51400ddd4ee2e8219bf97c290ae2d04a8
✓ Connected to WebSocket
[DEBUG] SEND handshake
[DEBUG] RECV: /meta/handshake 
✓ Handshake OK, clientId: bxmowsezof82ifoh1bf8i1w800ido
[DEBUG] SEND connect (first)
[DEBUG] RECV: /meta/connect 
[DEBUG] SEND connect (second)
[DEBUG] SEND login yousuck264-cxh
[DEBUG] RECV: /service/controller loginResponse
✓ Login successful! CID: 175668971
[DEBUG] SEND namerator message

=== SUCCESS ===
Listening for game events... (Ctrl+C to exit)

[DEBUG] RECV: /meta/connect 
[DEBUG] RECV: /service/controller 
[DEBUG] RECV: /service/controller 
[DEBUG] RECV: /service/status status
✓ Game is ACTIVE
[DEBUG] RECV: /service/player message

🎉 JOINED AS: DynamicEgret89
   Player CID: 175668971
[DEBUG] RECV: /service/player message
[DEBUG] RECV: /meta/connect 
[DEBUG] RECV: /service/player message
[DEBUG] RECV: /meta/connect 
[DEBUG] RECV: /service/player message
[DEBUG] RECV: /meta/connect 
[DEBUG] RECV: /service/player message
[DEBUG] RECV: /meta/connect 
[DEBUG] RECV: /service/player message
[DEBUG] RECV: /meta/connect 
[DEBUG] RECV: /service/player message
[DEBUG] RECV: /meta/connect 
[DEBUG] RECV: /service/player message
[DEBUG] RECV: /meta/connect 
[DEBUG] RECV: /service/player message
[DEBUG] RECV: /meta/connect 
[DEBUG] RECV: /service/player message
[DEBUG] RECV: /meta/connect 
[DEBUG] RECV: /service/player message
[DEBUG] RECV: /meta/connect 
[DEBUG] RECV: /service/status status
[DEBUG] RECV: /meta/connect 
