
=== Kahoot Auto-Join ===
Game PIN: 5114254
Player: yousuck202-g6k

[1/3] Getting session token...
[DEBUG] Session token (raw): RihcdTgIfFBoUih3EHEDE1xSMnxdRH0TB0IoT2x1AgJ1fgVwDiQJOktqT1VPAT5nM1JeckwOR00FQVJMf10mASBtKlZeVAVJCCNFSgFDcwhkf1grRwtuB3V/e1ozQVwl
[DEBUG] Session token length: 128
[DEBUG] Base64 decoded length: 96
   ✓ Got session token
[2/3] Decoding token...
[DEBUG] Challenge message length: 100
[DEBUG] Offset: 4810023
[DEBUG] Decoded challenge length: 100
[DEBUG] Token bytes length: 96
[DEBUG] Final token length: 96
[DEBUG] Final token: 6de2d5598ea8a22cc0d3749bb0b7810101f66cfd94834ea1e0b7750641065fb9f1ed0e403f61d380524a0b57170bf0da
[DEBUG] Token: 6de2d5598ea8a22cc0d3749bb0b7810101f66cfd94834ea1e0b7750641065fb9f1ed0e403f61d380524a0b57170bf0da
   ✓ Token decoded (length: 96)
[3/3] Connecting...

[DEBUG] WebSocket URL: wss://kahoot.it/cometd/5114254/6de2d5598ea8a22cc0d3749bb0b7810101f66cfd94834ea1e0b7750641065fb9f1ed0e403f61d380524a0b57170bf0da
✓ Connected to WebSocket
[DEBUG] SEND handshake
[DEBUG] RECV: /meta/handshake 
✓ Handshake OK, clientId: bxkw105xj6h9lvkjq1s2z0yhhnriel
[DEBUG] SEND connect (first)
[DEBUG] RECV: /meta/connect 
[DEBUG] SEND connect (second)
[DEBUG] SEND login yousuck202-g6k
[DEBUG] RECV: /service/controller loginResponse
✓ Login successful! CID: 1936965512
[DEBUG] SEND namerator message

=== SUCCESS ===
Listening for game events... (Ctrl+C to exit)

[DEBUG] RECV: /meta/connect 
[DEBUG] RECV: /service/controller 
[DEBUG] RECV: /service/controller 
[DEBUG] RECV: /service/status status
✓ Game is ACTIVE
[DEBUG] RECV: /service/player message

🎉 JOINED AS: RockyPony44
   Player CID: 1936965512
[DEBUG] RECV: /service/player message
[DEBUG] RECV: /meta/connect 
[DEBUG] RECV: /service/player message
[DEBUG] RECV: /meta/connect 
[DEBUG] RECV: /service/player message
[DEBUG] RECV: /meta/connect 
[DEBUG] RECV: /service/player message
[DEBUG] RECV: /meta/connect 
[DEBUG] RECV: /service/player message
[DEBUG] RECV: /meta/connect 
[DEBUG] RECV: /service/player message
[DEBUG] RECV: /meta/connect 
[DEBUG] RECV: /service/player message
[DEBUG] RECV: /meta/connect 
[DEBUG] RECV: /service/player message
[DEBUG] RECV: /meta/connect 
[DEBUG] RECV: /service/player message
[DEBUG] RECV: /meta/connect 
[DEBUG] RECV: /service/player message
[DEBUG] RECV: /meta/connect 
[DEBUG] RECV: /service/player message
[DEBUG] RECV: /meta/connect 
[DEBUG] RECV: /service/status status
[DEBUG] RECV: /meta/connect 
