
=== Kahoot Auto-Join ===
Game PIN: 5114254
Player: yousuck62-4wx

[1/3] Getting session token...
[DEBUG] Session token (raw): eToADEhNcSRRVXRIC1ouMlQAaiwTBWc7a0VeDj4GB0dfMwx6bVF7JFR5OShAU1gXXWQtcWlVUH0fUgMRLw5adVthUnc/aiRyCQUPD1h2WxpERgUzfncPUnonNgcDUzlN
[DEBUG] Session token length: 128
[DEBUG] Base64 decoded length: 96
   ✓ Got session token
[2/3] Decoding token...
[DEBUG] Challenge message length: 100
[DEBUG] Offset: 556
[DEBUG] Decoded challenge length: 100
[DEBUG] Token bytes length: 96
[DEBUG] Final token length: 96
[DEBUG] Final token: 8a7d888e777074abac8bd60b2768c5b0dda28d0e65de819d89f98781fddcb0d42703c4e6f019375a750e121b6dec50f5
[DEBUG] Token: 8a7d888e777074abac8bd60b2768c5b0dda28d0e65de819d89f98781fddcb0d42703c4e6f019375a750e121b6dec50f5
   ✓ Token decoded (length: 96)
[3/3] Connecting...

[DEBUG] WebSocket URL: wss://kahoot.it/cometd/5114254/8a7d888e777074abac8bd60b2768c5b0dda28d0e65de819d89f98781fddcb0d42703c4e6f019375a750e121b6dec50f5
✓ Connected to WebSocket
[DEBUG] SEND handshake
[DEBUG] RECV: /meta/handshake 
✓ Handshake OK, clientId: bxh0crjaftlzbpmtdziqte7tsm6c
[DEBUG] SEND connect (first)
[DEBUG] RECV: /meta/connect 
[DEBUG] SEND connect (second)
[DEBUG] SEND login yousuck62-4wx
[DEBUG] RECV: /service/controller 

⚠ Timeout - check if name appears in Kahoot lobby
[DEBUG] WebSocket closed: 1005

=== FAILED ===
Error: Connection closed (1005)
