
=== Kahoot Auto-Join ===
Game PIN: 5114254
Player: yousuck428-zno

[1/3] Getting session token...
[DEBUG] Session token (raw): N0sGQ31VBApTQmpYe2BbclR9VwEaRldtIVEwVGsCRVFRCjdYO1BNUUNgWwM1XEJsXT4gY3lRTw1YUn4FDmRZaUNVe1QDLlFgdTItRVljc3h9I2QKYXhuWAYrM1MWBCoe
[DEBUG] Session token length: 128
[DEBUG] Base64 decoded length: 96
   ✓ Got session token
[2/3] Decoding token...
[DEBUG] Challenge message length: 100
[DEBUG] Offset: 2400510
[DEBUG] Decoded challenge length: 100
[DEBUG] Token bytes length: 96
[DEBUG] Final token length: 96
[DEBUG] Final token: d0062fcb814e573512a4f0e0a8b88b1c78d9d45768e2f5192df0239d792ad9837d331e920ee710856c8123764dadb9bf
[DEBUG] Token: d0062fcb814e573512a4f0e0a8b88b1c78d9d45768e2f5192df0239d792ad9837d331e920ee710856c8123764dadb9bf
   ✓ Token decoded (length: 96)
[3/3] Connecting...

[DEBUG] WebSocket URL: wss://kahoot.it/cometd/5114254/d0062fcb814e573512a4f0e0a8b88b1c78d9d45768e2f5192df0239d792ad9837d331e920ee710856c8123764dadb9bf
✓ Connected to WebSocket
[DEBUG] SEND handshake
[DEBUG] RECV: /meta/handshake 
✓ Handshake OK, clientId: bxr71fe300crcoqbi166jpls0tq521
[DEBUG] SEND connect (first)
[DEBUG] RECV: /meta/connect 
[DEBUG] SEND connect (second)
[DEBUG] SEND login yousuck428-zno
[DEBUG] RECV: /service/controller loginResponse
✓ Login successful! CID: 729900890
[DEBUG] SEND namerator message

=== SUCCESS ===
Listening for game events... (Ctrl+C to exit)

[DEBUG] RECV: /meta/connect 
[DEBUG] RECV: /service/controller 
[DEBUG] RECV: /service/controller 
[DEBUG] RECV: /service/status status
✓ Game is ACTIVE
[DEBUG] RECV: /service/player message

🎉 JOINED AS: DandyDeer8
   Player CID: 729900890
[DEBUG] RECV: /service/player message
[DEBUG] RECV: /service/player message
[DEBUG] RECV: /meta/connect 
[DEBUG] RECV: /service/player message
[DEBUG] RECV: /meta/connect 
[DEBUG] RECV: /service/player message
[DEBUG] RECV: /meta/connect 
[DEBUG] RECV: /service/player message
[DEBUG] RECV: /meta/connect 
[DEBUG] RECV: /service/player message
[DEBUG] RECV: /meta/connect 
[DEBUG] RECV: /service/player message
[DEBUG] RECV: /meta/connect 
[DEBUG] RECV: /service/player message
[DEBUG] RECV: /meta/connect 
[DEBUG] RECV: /service/status status
[DEBUG] RECV: /meta/connect 
