
=== Kahoot Auto-Join ===
Game PIN: 5732350
Player: yousuck39-5mi

[1/3] Getting session token...
[DEBUG] Session token (raw): cwsdKXkFWXY3JS04YGpYPAxTW2poJxBdGyFVTVYkf1hPYlY1fFEzfGMBBWMMVGFTUlkNHyEvM1QXeXEGUl9Od3VHa2shCEdTfmldDwogcncmW1wKW09+WWBfGgUWIkA1
[DEBUG] Session token length: 128
[DEBUG] Base64 decoded length: 96
   ✓ Got session token
[2/3] Decoding token...
[DEBUG] Challenge message length: 100
[DEBUG] Offset: 4872
[DEBUG] Decoded challenge length: 100
[DEBUG] Token bytes length: 96
[DEBUG] Final token length: 96
[DEBUG] Final token: 62aa1473bbcc079d36443ba6cbf4fd6c79bf67f42c27651e488dfba2a14985726507de1849f05e98ab03e6620fc5dd0f
[DEBUG] Token: 62aa1473bbcc079d36443ba6cbf4fd6c79bf67f42c27651e488dfba2a14985726507de1849f05e98ab03e6620fc5dd0f
   ✓ Token decoded (length: 96)
[3/3] Connecting...

[DEBUG] WebSocket URL: wss://kahoot.it/cometd/5732350/62aa1473bbcc079d36443ba6cbf4fd6c79bf67f42c27651e488dfba2a14985726507de1849f05e98ab03e6620fc5dd0f
✓ Connected to WebSocket
[DEBUG] SEND handshake
[DEBUG] RECV: /meta/handshake 
✓ Handshake OK, clientId: bzjo1j431flo8mwoc3ypkgkq0ky9s
[DEBUG] SEND connect (first)
[DEBUG] RECV: /meta/connect 
[DEBUG] SEND connect (second)
[DEBUG] SEND login yousuck39-5mi
[DEBUG] RECV: /service/controller loginResponse
✓ Login successful! CID: 1852921345
[DEBUG] SEND namerator message

=== SUCCESS ===
Listening for game events... (Ctrl+C to exit)

[DEBUG] RECV: /meta/connect 
[DEBUG] RECV: /service/controller 
[DEBUG] RECV: /service/controller 
[DEBUG] RECV: /service/status status
✓ Game is ACTIVE
[DEBUG] RECV: /service/player message

🎉 JOINED AS: SmartEgret91
   Player CID: 1852921345
[DEBUG] RECV: /service/player message
[DEBUG] RECV: /service/player message
[DEBUG] RECV: /meta/connect 
[DEBUG] RECV: /service/player message
[DEBUG] RECV: /service/player message
[DEBUG] RECV: /meta/connect 
[DEBUG] RECV: /service/player message
[DEBUG] RECV: /service/player message
[DEBUG] RECV: /meta/connect 
[DEBUG] RECV: /service/player message
[DEBUG] RECV: /meta/connect 
[DEBUG] RECV: /service/player message
[DEBUG] RECV: /meta/connect 
[DEBUG] RECV: /service/player message
[DEBUG] RECV: /meta/connect 
[DEBUG] RECV: /service/player message
[DEBUG] RECV: /meta/connect 
[DEBUG] RECV: /service/status status
[DEBUG] RECV: /meta/connect 
