
=== Kahoot Auto-Join ===
Game PIN: 5114254
Player: yousuck326-b4w

[1/3] Getting session token...
[DEBUG] Session token (raw): b2hBD212B2hdPkNHDwAmHnEBHy8SOmgzDlplA18HBUNEOFsCCTAgc1MTXwUFCiUpR0lsdAIHczQkS3QqDlNrfytTaQV7BAY5ATUUVQdtXnJPcUVwQTNDRV9SYksIditF
[DEBUG] Session token length: 128
[DEBUG] Base64 decoded length: 96
   ✓ Got session token
[2/3] Decoding token...
[DEBUG] Challenge message length: 100
[DEBUG] Offset: 222393600
[DEBUG] Decoded challenge length: 100
[DEBUG] Token bytes length: 96
[DEBUG] Final token length: 96
[DEBUG] Final token: 331454842d9585ad7eeabf9cb64bffa24dcacac67ef850ae5825801ed06ad801e28874ef6efab1e883579e848b3304c1
[DEBUG] Token: 331454842d9585ad7eeabf9cb64bffa24dcacac67ef850ae5825801ed06ad801e28874ef6efab1e883579e848b3304c1
   ✓ Token decoded (length: 96)
[3/3] Connecting...

[DEBUG] WebSocket URL: wss://kahoot.it/cometd/5114254/331454842d9585ad7eeabf9cb64bffa24dcacac67ef850ae5825801ed06ad801e28874ef6efab1e883579e848b3304c1
✓ Connected to WebSocket
[DEBUG] SEND handshake
[DEBUG] RECV: /meta/handshake 
✓ Handshake OK, clientId: bxofx2axh6h9ez2tvxw5srt4jwid
[DEBUG] SEND connect (first)
[DEBUG] RECV: /meta/connect 
[DEBUG] SEND connect (second)
[DEBUG] SEND login yousuck326-b4w
[DEBUG] RECV: /service/controller loginResponse
✓ Login successful! CID: 224105310
[DEBUG] SEND namerator message

=== SUCCESS ===
Listening for game events... (Ctrl+C to exit)

[DEBUG] RECV: /meta/connect 
[DEBUG] RECV: /service/controller 
[DEBUG] RECV: /service/controller 
[DEBUG] RECV: /service/status status
✓ Game is ACTIVE
[DEBUG] RECV: /service/player message

🎉 JOINED AS: SoaringNewt84
   Player CID: 224105310
[DEBUG] RECV: /service/player message
[DEBUG] RECV: /service/player message
[DEBUG] RECV: /meta/connect 
[DEBUG] RECV: /service/player message
[DEBUG] RECV: /meta/connect 
[DEBUG] RECV: /service/player message
[DEBUG] RECV: /meta/connect 
[DEBUG] RECV: /service/player message
[DEBUG] RECV: /meta/connect 
[DEBUG] RECV: /service/player message
[DEBUG] RECV: /meta/connect 
[DEBUG] RECV: /service/player message
[DEBUG] RECV: /meta/connect 
[DEBUG] RECV: /service/player message
[DEBUG] RECV: /meta/connect 
[DEBUG] RECV: /service/player message
[DEBUG] RECV: /meta/connect 
[DEBUG] RECV: /service/status status
[DEBUG] RECV: /meta/connect 
