
=== Kahoot Auto-Join ===
Game PIN: 5114254
Player: yousuck269-9yy

[1/3] Getting session token...
[DEBUG] Session token (raw): BiRhDmFZaH0qXSwaewtvEjZWXVp6cVFbWHpeN21Qb396VwJ2QmVEGzpWYkwxBVZfZSBhLUh0dA4NPlQLJFVAAFNWWwFcBUJYaHRRUX8EJTdzUhBgSHAoTlVFSzB0DmFV
[DEBUG] Session token length: 128
[DEBUG] Base64 decoded length: 96
   ✓ Got session token
[2/3] Decoding token...
[DEBUG] Challenge message length: 100
[DEBUG] Offset: 11364480
[DEBUG] Decoded challenge length: 100
[DEBUG] Token bytes length: 96
[DEBUG] Final token length: 96
[DEBUG] Final token: dc541c60e6bb404aa1314731e3ca6f522520311acb96ffbc8f5a34985f1fd561e96b165606432fef27a981b6833d115c
[DEBUG] Token: dc541c60e6bb404aa1314731e3ca6f522520311acb96ffbc8f5a34985f1fd561e96b165606432fef27a981b6833d115c
   ✓ Token decoded (length: 96)
[3/3] Connecting...

[DEBUG] WebSocket URL: wss://kahoot.it/cometd/5114254/dc541c60e6bb404aa1314731e3ca6f522520311acb96ffbc8f5a34985f1fd561e96b165606432fef27a981b6833d115c
✓ Connected to WebSocket
[DEBUG] SEND handshake
[DEBUG] RECV: /meta/handshake 
✓ Handshake OK, clientId: bxmp1sqt4t7zp97up5kv7sh3jlg1e
[DEBUG] SEND connect (first)
[DEBUG] RECV: /meta/connect 
[DEBUG] SEND connect (second)
[DEBUG] SEND login yousuck269-9yy
[DEBUG] RECV: /service/controller loginResponse
✓ Login successful! CID: 1625396910
[DEBUG] SEND namerator message

=== SUCCESS ===
Listening for game events... (Ctrl+C to exit)

[DEBUG] RECV: /meta/connect 
[DEBUG] RECV: /service/controller 
[DEBUG] RECV: /service/controller 
[DEBUG] RECV: /service/status status
✓ Game is ACTIVE
[DEBUG] RECV: /service/player message

🎉 JOINED AS: SpaceIguana24
   Player CID: 1625396910
[DEBUG] RECV: /service/player message
[DEBUG] RECV: /meta/connect 
[DEBUG] RECV: /service/player message
[DEBUG] RECV: /meta/connect 
[DEBUG] RECV: /service/player message
[DEBUG] RECV: /meta/connect 
[DEBUG] RECV: /service/player message
[DEBUG] RECV: /meta/connect 
[DEBUG] RECV: /service/player message
[DEBUG] RECV: /meta/connect 
[DEBUG] RECV: /service/player message
[DEBUG] RECV: /meta/connect 
[DEBUG] RECV: /service/player message
[DEBUG] RECV: /meta/connect 
[DEBUG] RECV: /service/player message
[DEBUG] RECV: /meta/connect 
[DEBUG] RECV: /service/player message
[DEBUG] RECV: /meta/connect 
[DEBUG] RECV: /service/player message
[DEBUG] RECV: /meta/connect 
[DEBUG] RECV: /service/status status
[DEBUG] RECV: /meta/connect 
