
=== Kahoot Auto-Join ===
Game PIN: 4969059
Player: yousuck19-sqq

[1/3] Getting session token...
[DEBUG] Session token (raw): YVIBbwFXAG9hB0RfJGwdAxcDWjwBXg5tUV0HVRhkFGFQAChKOQ4PZydeGQgQHlN9fmc0aUMuUgJmVF4VdWBVVnATF0QrWV9VLkE1cldoUgdhOxlYQzkFC3NEZSUVY0UM
[DEBUG] Session token length: 128
[DEBUG] Base64 decoded length: 96
   ✓ Got session token
[2/3] Decoding token...
[DEBUG] Challenge message length: 100
[DEBUG] Offset: 187
[DEBUG] Decoded challenge length: 100
[DEBUG] Token bytes length: 96
[DEBUG] Final token length: 96
[DEBUG] Final token: 0ef662377d88e3f2c46c8b51551dc0b950c1bec8a9bdbf3306a16fd976fd119c6ae0fbc5b2a1d9d76bc07a56503fc04a
[DEBUG] Token: 0ef662377d88e3f2c46c8b51551dc0b950c1bec8a9bdbf3306a16fd976fd119c6ae0fbc5b2a1d9d76bc07a56503fc04a
   ✓ Token decoded (length: 96)
[3/3] Connecting...

[DEBUG] WebSocket URL: wss://kahoot.it/cometd/4969059/0ef662377d88e3f2c46c8b51551dc0b950c1bec8a9bdbf3306a16fd976fd119c6ae0fbc5b2a1d9d76bc07a56503fc04a
✓ Connected to WebSocket
[DEBUG] SEND handshake
[DEBUG] RECV: /meta/handshake 
✓ Handshake OK, clientId: buoj9txna6ievgt7dow75lwk1ifd
[DEBUG] SEND connect (first)
[DEBUG] RECV: /meta/connect 
[DEBUG] SEND connect (second)
[DEBUG] SEND login yousuck19-sqq
[DEBUG] RECV: /service/controller loginResponse
✓ Login successful! CID: 1277722967
[DEBUG] SEND namerator message

=== SUCCESS ===
Listening for game events... (Ctrl+C to exit)

[DEBUG] RECV: /meta/connect 
[DEBUG] RECV: /service/controller 
[DEBUG] RECV: /service/controller 
[DEBUG] RECV: /service/status status
✓ Game is ACTIVE
[DEBUG] RECV: /service/player message

🎉 JOINED AS: NobleLark94
   Player CID: 1277722967
[DEBUG] RECV: /service/player message
[DEBUG] RECV: /service/player message
[DEBUG] RECV: /service/player message
[DEBUG] RECV: /service/player message
[DEBUG] RECV: /meta/connect 
[DEBUG] RECV: /service/player message
[DEBUG] RECV: /meta/connect 
[DEBUG] RECV: /service/player message
[DEBUG] RECV: /service/player message
[DEBUG] RECV: /service/player message
[DEBUG] RECV: /meta/connect 
[DEBUG] RECV: /service/player message
[DEBUG] RECV: /service/player message
[DEBUG] RECV: /meta/connect 
[DEBUG] RECV: /service/status status
[DEBUG] RECV: /meta/connect 
