
=== Kahoot Auto-Join ===
Game PIN: 5114254
Player: yousuck271-uv0

[1/3] Getting session token...
[DEBUG] Session token (raw): UQppSwJeeCUFUg0BYGVafgNDe2lFZyEDFFNTDgpUXwISVXxbS0wHW0pvbAtxLH15K3dcBWtZenRtaT9nWndECjBiSwVJPggDcmFVC2NTJVQ6d305DGB9cWwLDg1ZEypq
[DEBUG] Session token length: 128
[DEBUG] Base64 decoded length: 96
   ✓ Got session token
[2/3] Decoding token...
[DEBUG] Challenge message length: 100
[DEBUG] Offset: 4203250
[DEBUG] Decoded challenge length: 100
[DEBUG] Token bytes length: 96
[DEBUG] Final token length: 96
[DEBUG] Final token: 2b804a0ba7162209478312c3b694891aeb3106b3870d3f87b9471d2985e52703d1218a1059bc90f0e00bf7274004ace3
[DEBUG] Token: 2b804a0ba7162209478312c3b694891aeb3106b3870d3f87b9471d2985e52703d1218a1059bc90f0e00bf7274004ace3
   ✓ Token decoded (length: 96)
[3/3] Connecting...

[DEBUG] WebSocket URL: wss://kahoot.it/cometd/5114254/2b804a0ba7162209478312c3b694891aeb3106b3870d3f87b9471d2985e52703d1218a1059bc90f0e00bf7274004ace3
✓ Connected to WebSocket
[DEBUG] SEND handshake
[DEBUG] RECV: /meta/handshake 
✓ Handshake OK, clientId: bxmu1gmiw7d12o5bfydj0bx12o29z
[DEBUG] SEND connect (first)
[DEBUG] RECV: /meta/connect 
[DEBUG] SEND connect (second)
[DEBUG] SEND login yousuck271-uv0
[DEBUG] RECV: /service/controller loginResponse
✓ Login successful! CID: 1259613912
[DEBUG] SEND namerator message

=== SUCCESS ===
Listening for game events... (Ctrl+C to exit)

[DEBUG] RECV: /meta/connect 
[DEBUG] RECV: /service/controller 
[DEBUG] RECV: /service/controller 
[DEBUG] RECV: /service/status status
✓ Game is ACTIVE
[DEBUG] RECV: /service/player message

🎉 JOINED AS: ChampionOwl29
   Player CID: 1259613912
[DEBUG] RECV: /service/player message
[DEBUG] RECV: /meta/connect 
[DEBUG] RECV: /service/player message
[DEBUG] RECV: /meta/connect 
[DEBUG] RECV: /service/player message
[DEBUG] RECV: /meta/connect 
[DEBUG] RECV: /service/player message
[DEBUG] RECV: /meta/connect 
[DEBUG] RECV: /service/player message
[DEBUG] RECV: /meta/connect 
[DEBUG] RECV: /service/player message
[DEBUG] RECV: /meta/connect 
[DEBUG] RECV: /service/player message
[DEBUG] RECV: /meta/connect 
[DEBUG] RECV: /service/player message
[DEBUG] RECV: /meta/connect 
[DEBUG] RECV: /service/player message
[DEBUG] RECV: /meta/connect 
[DEBUG] RECV: /service/player message
[DEBUG] RECV: /meta/connect 
[DEBUG] RECV: /service/status status
[DEBUG] RECV: /meta/connect 
