
=== Kahoot Auto-Join ===
Game PIN: 5732350
Player: yousuck55-6ki

[1/3] Getting session token...
[DEBUG] Session token (raw): DWpFW3d9CAMAXRA0b3tMYBMHBBR+Zn1zfVxPU0VeE1oOf0sJLGotUAIPdlIVAlVwfmtBEllfBXMEe1cOaEITeBo4LxcJBDkZD0hTQSwBPQsHVlJnbkZSIFUMAwhqcg8U
[DEBUG] Session token length: 128
[DEBUG] Base64 decoded length: 96
   ✓ Got session token
[2/3] Decoding token...
[DEBUG] Challenge message length: 100
[DEBUG] Offset: 273894
[DEBUG] Decoded challenge length: 100
[DEBUG] Token bytes length: 96
[DEBUG] Final token length: 96
[DEBUG] Final token: 8218799e4efb1970af1d1967799212fd5425f6ae0d54bfd8536d92d8b2c101d2fbda74aa62e7b4e8a564125f982e836c
[DEBUG] Token: 8218799e4efb1970af1d1967799212fd5425f6ae0d54bfd8536d92d8b2c101d2fbda74aa62e7b4e8a564125f982e836c
   ✓ Token decoded (length: 96)
[3/3] Connecting...

[DEBUG] WebSocket URL: wss://kahoot.it/cometd/5732350/8218799e4efb1970af1d1967799212fd5425f6ae0d54bfd8536d92d8b2c101d2fbda74aa62e7b4e8a564125f982e836c
✓ Connected to WebSocket
[DEBUG] SEND handshake
[DEBUG] RECV: /meta/handshake 
✓ Handshake OK, clientId: bznae0rk4pe4yeu51nrl14b1if0r3
[DEBUG] SEND connect (first)
[DEBUG] RECV: /meta/connect 
[DEBUG] SEND connect (second)
[DEBUG] SEND login yousuck55-6ki
[DEBUG] RECV: /service/controller loginResponse
✓ Login successful! CID: 58947324
[DEBUG] SEND namerator message

=== SUCCESS ===
Listening for game events... (Ctrl+C to exit)

[DEBUG] RECV: /meta/connect 
[DEBUG] RECV: /service/controller 
[DEBUG] RECV: /service/controller 
[DEBUG] RECV: /service/status status
✓ Game is ACTIVE
[DEBUG] RECV: /service/player message

🎉 JOINED AS: MelodicWombat47
   Player CID: 58947324
[DEBUG] RECV: /service/player message
[DEBUG] RECV: /meta/connect 
[DEBUG] RECV: /service/player message
[DEBUG] RECV: /meta/connect 
[DEBUG] RECV: /service/player message
[DEBUG] RECV: /meta/connect 
[DEBUG] RECV: /service/status status
[DEBUG] RECV: /meta/connect 
