
=== Kahoot Auto-Join ===
Game PIN: 5732350
Player: yousuck14-7f8

[1/3] Getting session token...
[DEBUG] Session token (raw): WSYuBVlSEwBaXC1TeAJDUVUDFWdiVFMHBjB8SFtFH2sGcHkOD0AxNwFNCV0hYwdUKj9sBn1aBEdRf1cDXFVjVgdZB34NeVpaEBYCJSsAUEQwZlU0Cy4+RHlkBFUNWlUC
[DEBUG] Session token length: 128
[DEBUG] Base64 decoded length: 96
   ✓ Got session token
[2/3] Decoding token...
[DEBUG] Challenge message length: 100
[DEBUG] Offset: 973
[DEBUG] Decoded challenge length: 100
[DEBUG] Token bytes length: 96
[DEBUG] Final token length: 96
[DEBUG] Final token: 8ceeb8da81a25a5b20f72cff8c59e0d2003078cc3176a34ace4d55f0f49e5647ee20b05edbeaba08e7da5ef1203409fd
[DEBUG] Token: 8ceeb8da81a25a5b20f72cff8c59e0d2003078cc3176a34ace4d55f0f49e5647ee20b05edbeaba08e7da5ef1203409fd
   ✓ Token decoded (length: 96)
[3/3] Connecting...

[DEBUG] WebSocket URL: wss://kahoot.it/cometd/5732350/8ceeb8da81a25a5b20f72cff8c59e0d2003078cc3176a34ace4d55f0f49e5647ee20b05edbeaba08e7da5ef1203409fd
✓ Connected to WebSocket
[DEBUG] SEND handshake
[DEBUG] RECV: /meta/handshake 
✓ Handshake OK, clientId: bzou102eo1qnlng4aierwcu9veb1g
[DEBUG] SEND connect (first)
[DEBUG] RECV: /meta/connect 
[DEBUG] SEND connect (second)
[DEBUG] SEND login yousuck14-7f8
[DEBUG] RECV: /service/controller loginResponse
✓ Login successful! CID: 289124484
[DEBUG] SEND namerator message

=== SUCCESS ===
Listening for game events... (Ctrl+C to exit)

[DEBUG] RECV: /meta/connect 
[DEBUG] RECV: /service/controller 
[DEBUG] RECV: /service/controller 
[DEBUG] RECV: /service/status status
✓ Game is ACTIVE
[DEBUG] RECV: /service/player message

🎉 JOINED AS: GivingDove86
   Player CID: 289124484
[DEBUG] RECV: /service/player message
[DEBUG] RECV: /service/player message
[DEBUG] RECV: /meta/connect 
[DEBUG] RECV: /service/player message
[DEBUG] RECV: /meta/connect 
[DEBUG] RECV: /service/status status
[DEBUG] RECV: /meta/connect 
