
=== Kahoot Auto-Join ===
Game PIN: 5114254
Player: yousuck441-07c

[1/3] Getting session token...
[DEBUG] Session token (raw): FAYMDhJ1ayd6LSYNUAoGL1BnUUQ1V0dmYn0eUwt+Q1dCdmNjUGFcVDAqFRE1dwI6dl4JDHhXeBIJXTJsFQc8USFaQlYHOUQTCF4PIWVCMV58Xjl0MlErB1MLZSRyMlUy
[DEBUG] Session token length: 128
[DEBUG] Base64 decoded length: 96
   ✓ Got session token
[2/3] Decoding token...
[DEBUG] Challenge message length: 100
[DEBUG] Offset: 687
[DEBUG] Decoded challenge length: 100
[DEBUG] Token bytes length: 96
[DEBUG] Final token length: 96
[DEBUG] Final token: c8a6e02a9ec8f7df95b1c50314d2b50d8687a17ddaeac0ed9f5a221e1db0dfe3d6561e4b66ad25ad5fe3f6afff2b1f7e
[DEBUG] Token: c8a6e02a9ec8f7df95b1c50314d2b50d8687a17ddaeac0ed9f5a221e1db0dfe3d6561e4b66ad25ad5fe3f6afff2b1f7e
   ✓ Token decoded (length: 96)
[3/3] Connecting...

[DEBUG] WebSocket URL: wss://kahoot.it/cometd/5114254/c8a6e02a9ec8f7df95b1c50314d2b50d8687a17ddaeac0ed9f5a221e1db0dfe3d6561e4b66ad25ad5fe3f6afff2b1f7e
✓ Connected to WebSocket
[DEBUG] SEND handshake
[DEBUG] RECV: /meta/handshake 
✓ Handshake OK, clientId: bxrh9y6sn3mcbk1b1eivmaoyblybn
[DEBUG] SEND connect (first)
[DEBUG] RECV: /meta/connect 
[DEBUG] SEND connect (second)
[DEBUG] SEND login yousuck441-07c
[DEBUG] RECV: /service/controller loginResponse
✓ Login successful! CID: 1519537814
[DEBUG] SEND namerator message

=== SUCCESS ===
Listening for game events... (Ctrl+C to exit)

[DEBUG] RECV: /meta/connect 
[DEBUG] RECV: /service/controller 
[DEBUG] RECV: /service/controller 
[DEBUG] RECV: /service/status status
✓ Game is ACTIVE
[DEBUG] RECV: /service/player message

🎉 JOINED AS: RapidCrane82
   Player CID: 1519537814
[DEBUG] RECV: /service/player message
[DEBUG] RECV: /meta/connect 
[DEBUG] RECV: /service/player message
[DEBUG] RECV: /meta/connect 
[DEBUG] RECV: /service/player message
[DEBUG] RECV: /meta/connect 
[DEBUG] RECV: /service/player message
[DEBUG] RECV: /meta/connect 
[DEBUG] RECV: /service/player message
[DEBUG] RECV: /meta/connect 
[DEBUG] RECV: /service/player message
[DEBUG] RECV: /meta/connect 
[DEBUG] RECV: /service/player message
[DEBUG] RECV: /meta/connect 
[DEBUG] RECV: /service/status status
[DEBUG] RECV: /meta/connect 
