
=== Kahoot Auto-Join ===
Game PIN: 5814465
Player: yousuck37-nbz

[1/3] Getting session token...
[DEBUG] Session token (raw): UWIEP2U0Ln1QVz4MW1dbbghTf3lWKg1QXjQOKlJnP3wnBwd9YA0JNV03V0ZbfjFkAAU9VHo+O0difAcec2Q9aEkRDG4CWVcKZgpaAzpZRwoCbVJYbQ9KB3lJDz82IwVA
[DEBUG] Session token length: 128
[DEBUG] Base64 decoded length: 96
   ✓ Got session token
[2/3] Decoding token...
[DEBUG] Challenge message length: 100
[DEBUG] Offset: 6978
[DEBUG] Decoded challenge length: 100
[DEBUG] Token bytes length: 96
[DEBUG] Final token length: 96
[DEBUG] Final token: 19ac9af69ef3705097731a940ccc57b6d8496b5a9a0708c878fb1ce1068f97f10d33fe753e81f92790994c0d351feca1
[DEBUG] Token: 19ac9af69ef3705097731a940ccc57b6d8496b5a9a0708c878fb1ce1068f97f10d33fe753e81f92790994c0d351feca1
   ✓ Token decoded (length: 96)
[3/3] Connecting...

[DEBUG] WebSocket URL: wss://kahoot.it/cometd/5814465/19ac9af69ef3705097731a940ccc57b6d8496b5a9a0708c878fb1ce1068f97f10d33fe753e81f92790994c0d351feca1
✓ Connected to WebSocket
[DEBUG] SEND handshake
[DEBUG] RECV: /meta/handshake 
✓ Handshake OK, clientId: 92uj1wfc1rqb919nakc240lqhqbt1
[DEBUG] SEND connect (first)
[DEBUG] RECV: /meta/connect 
[DEBUG] SEND connect (second)
[DEBUG] SEND login yousuck37-nbz
[DEBUG] RECV: /service/status status
[DEBUG] RECV: /meta/connect 
[DEBUG] RECV: /service/controller 

⚠ Timeout - check if name appears in Kahoot lobby
[DEBUG] WebSocket closed: 1005

=== FAILED ===
Error: Connection closed (1005)
