
=== Kahoot Auto-Join ===
Game PIN: 5114254
Player: yousuck534-yfu

[1/3] Getting session token...
[DEBUG] Session token (raw): dnJZcgEyCC9iKSJ6CUM0XAV/floWVA8ZdAJWUmBDAF5QczEmT1oAIwp8BDgYGikEVQwBf0V5Z2l3WVFpfnkPOVZcXV8CdTpRaAIFKwgmTh4iWxkLYFV+F1Qual1nViwJ
[DEBUG] Session token length: 128
[DEBUG] Base64 decoded length: 96
   ✓ Got session token
[2/3] Decoding token...
[DEBUG] Challenge message length: 100
[DEBUG] Offset: 169650
[DEBUG] Decoded challenge length: 100
[DEBUG] Token bytes length: 96
[DEBUG] Final token length: 96
[DEBUG] Final token: 54e9ca2e0fb980e71633d97c232b830140ee546bd68abcc620456320475701dfce9e11ec518d4e6fdde8117b0b7a9ce5
[DEBUG] Token: 54e9ca2e0fb980e71633d97c232b830140ee546bd68abcc620456320475701dfce9e11ec518d4e6fdde8117b0b7a9ce5
   ✓ Token decoded (length: 96)
[3/3] Connecting...

[DEBUG] WebSocket URL: wss://kahoot.it/cometd/5114254/54e9ca2e0fb980e71633d97c232b830140ee546bd68abcc620456320475701dfce9e11ec518d4e6fdde8117b0b7a9ce5
✓ Connected to WebSocket
[DEBUG] SEND handshake
[DEBUG] RECV: /meta/handshake 
✓ Handshake OK, clientId: bxu71lj1john08uf78f8nwzmji5ip
[DEBUG] SEND connect (first)
[DEBUG] RECV: /meta/connect 
[DEBUG] SEND connect (second)
[DEBUG] SEND login yousuck534-yfu
[DEBUG] RECV: /service/controller loginResponse
✓ Login successful! CID: 1006539122
[DEBUG] SEND namerator message

=== SUCCESS ===
Listening for game events... (Ctrl+C to exit)

[DEBUG] RECV: /meta/connect 
[DEBUG] RECV: /service/controller 
[DEBUG] RECV: /service/controller 
[DEBUG] RECV: /service/status status
✓ Game is ACTIVE
[DEBUG] RECV: /service/player message

🎉 JOINED AS: RoyalZebra25
   Player CID: 1006539122
[DEBUG] RECV: /service/player message
[DEBUG] RECV: /meta/connect 
[DEBUG] RECV: /service/player message
[DEBUG] RECV: /meta/connect 
[DEBUG] RECV: /service/player message
[DEBUG] RECV: /meta/connect 
[DEBUG] RECV: /service/player message
[DEBUG] RECV: /meta/connect 
[DEBUG] RECV: /service/player message
[DEBUG] RECV: /meta/connect 
[DEBUG] RECV: /service/player message
[DEBUG] RECV: /meta/connect 
[DEBUG] RECV: /service/status status
[DEBUG] RECV: /meta/connect 
