
=== Kahoot Auto-Join ===
Game PIN: 4969059
Player: yousuck6-zvp

[1/3] Getting session token...
[DEBUG] Session token (raw): WlRSU3ElFlASNzhgYkNiSVZwDHJ2Am1yA14ib11bdg8jQStVbQdcYnYGAVZ1ST4ODVoBG1tgQSsmInMPemYCCiljVyURG3xpIj49UAFdQlQ7JFQ1WlItB3lwRWFjDWdT
[DEBUG] Session token length: 128
[DEBUG] Base64 decoded length: 96
   ✓ Got session token
[2/3] Decoding token...
[DEBUG] Challenge message length: 100
[DEBUG] Offset: 11842200
[DEBUG] Decoded challenge length: 100
[DEBUG] Token bytes length: 96
[DEBUG] Final token length: 96
[DEBUG] Final token: 41e18db7cdb84808d9873b58faf83e7bb8f26a361aa588a4845a799fbb4e87a7e19acb79fff1c352fffe48f240637100
[DEBUG] Token: 41e18db7cdb84808d9873b58faf83e7bb8f26a361aa588a4845a799fbb4e87a7e19acb79fff1c352fffe48f240637100
   ✓ Token decoded (length: 96)
[3/3] Connecting...

[DEBUG] WebSocket URL: wss://kahoot.it/cometd/4969059/41e18db7cdb84808d9873b58faf83e7bb8f26a361aa588a4845a799fbb4e87a7e19acb79fff1c352fffe48f240637100
✓ Connected to WebSocket
[DEBUG] SEND handshake
[DEBUG] RECV: /meta/handshake 
✓ Handshake OK, clientId: buo91ddvwah2vkha6h711532j25c
[DEBUG] SEND connect (first)
[DEBUG] RECV: /meta/connect 
[DEBUG] SEND connect (second)
[DEBUG] SEND login yousuck6-zvp
[DEBUG] RECV: /service/controller loginResponse
✓ Login successful! CID: 1434411239
[DEBUG] SEND namerator message

=== SUCCESS ===
Listening for game events... (Ctrl+C to exit)

[DEBUG] RECV: /meta/connect 
[DEBUG] RECV: /service/controller 
[DEBUG] RECV: /service/controller 
[DEBUG] RECV: /service/status status
✓ Game is ACTIVE
[DEBUG] RECV: /service/player message

🎉 JOINED AS: RedElephant97
   Player CID: 1434411239
[DEBUG] RECV: /service/player message
[DEBUG] RECV: /service/player message
[DEBUG] RECV: /service/player message
[DEBUG] RECV: /meta/connect 
[DEBUG] RECV: /service/player message
[DEBUG] RECV: /service/player message
[DEBUG] RECV: /service/player message
[DEBUG] RECV: /meta/connect 
[DEBUG] RECV: /service/player message
[DEBUG] RECV: /service/player message
[DEBUG] RECV: /meta/connect 
[DEBUG] RECV: /service/player message
[DEBUG] RECV: /service/player message
[DEBUG] RECV: /service/player message
[DEBUG] RECV: /meta/connect 
[DEBUG] RECV: /service/status status
[DEBUG] RECV: /meta/connect 
