
=== Kahoot Auto-Join ===
Game PIN: 5814465
Player: yousuck80-ekb

[1/3] Getting session token...
[DEBUG] Session token (raw): dTV2M2IHUwRLTW1oZUEGUmoZfFFZV3VcAk5vCS5WYFhlc1peLAAldRY6VFVIZ1sZcBNJCAt1JAFKDgFOFG0ja39uQX1/HnNZNysxCS59WThxOBdGQw0LIl9MAhgDDWIK
[DEBUG] Session token length: 128
[DEBUG] Base64 decoded length: 96
   ✓ Got session token
[2/3] Decoding token...
[DEBUG] Challenge message length: 100
[DEBUG] Offset: 251
[DEBUG] Decoded challenge length: 100
[DEBUG] Token bytes length: 96
[DEBUG] Final token length: 96
[DEBUG] Final token: 1e1a4182092208039e04c01fd227e0812729bff0dd33838e0f3525b86b66c1a973119d73cda9e91d6db3696ef94d149d
[DEBUG] Token: 1e1a4182092208039e04c01fd227e0812729bff0dd33838e0f3525b86b66c1a973119d73cda9e91d6db3696ef94d149d
   ✓ Token decoded (length: 96)
[3/3] Connecting...

[DEBUG] WebSocket URL: wss://kahoot.it/cometd/5814465/1e1a4182092208039e04c01fd227e0812729bff0dd33838e0f3525b86b66c1a973119d73cda9e91d6db3696ef94d149d
✓ Connected to WebSocket
[DEBUG] SEND handshake
[DEBUG] RECV: /meta/handshake 
✓ Handshake OK, clientId: 92v9cwffoq27q9vpyeu1elde295s
[DEBUG] SEND connect (first)
[DEBUG] RECV: /meta/connect 
[DEBUG] SEND connect (second)
[DEBUG] SEND login yousuck80-ekb
[DEBUG] RECV: /service/status status
[DEBUG] RECV: /meta/connect 
[DEBUG] RECV: /service/controller 

⚠ Timeout - check if name appears in Kahoot lobby
[DEBUG] WebSocket closed: 1005

=== FAILED ===
Error: Connection closed (1005)
