
=== Kahoot Auto-Join ===
Game PIN: 5732350
Player: yousuck82-2mo

[1/3] Getting session token...
[DEBUG] Session token (raw): VQVAcGgGBAFbawdoflF4BixYDnINCxMKTFxXHVRqR1ANBUIQWDZUXnsNYAVtAn4ifi9Sa2YLNGYUG1BFbwZvXwVVBVlQCng7dgkid1EDa0VTB18ABBkmAlFAf1woNAlq
[DEBUG] Session token length: 128
[DEBUG] Base64 decoded length: 96
   ✓ Got session token
[2/3] Decoding token...
[DEBUG] Challenge message length: 100
[DEBUG] Offset: 159791940
[DEBUG] Decoded challenge length: 100
[DEBUG] Token bytes length: 96
[DEBUG] Final token length: 96
[DEBUG] Final token: e6550da165796f4afa036da5955f52307b2f4ba6483a164a0c514cf7ba47237052bcee4b2ca8a33987734ed36094db13
[DEBUG] Token: e6550da165796f4afa036da5955f52307b2f4ba6483a164a0c514cf7ba47237052bcee4b2ca8a33987734ed36094db13
   ✓ Token decoded (length: 96)
[3/3] Connecting...

[DEBUG] WebSocket URL: wss://kahoot.it/cometd/5732350/e6550da165796f4afa036da5955f52307b2f4ba6483a164a0c514cf7ba47237052bcee4b2ca8a33987734ed36094db13
✓ Connected to WebSocket
[DEBUG] SEND handshake
[DEBUG] RECV: /meta/handshake 
✓ Handshake OK, clientId: bzo0x2pxbkbssjj8prra5rerri71
[DEBUG] SEND connect (first)
[DEBUG] RECV: /meta/connect 
[DEBUG] SEND connect (second)
[DEBUG] SEND login yousuck82-2mo
[DEBUG] RECV: /service/controller loginResponse
✓ Login successful! CID: 639918560
[DEBUG] SEND namerator message

=== SUCCESS ===
Listening for game events... (Ctrl+C to exit)

[DEBUG] RECV: /meta/connect 
[DEBUG] RECV: /service/controller 
[DEBUG] RECV: /service/controller 
[DEBUG] RECV: /service/status status
✓ Game is ACTIVE
[DEBUG] RECV: /service/player message
[DEBUG] RECV: /service/player message

🎉 JOINED AS: AgileRaven21
   Player CID: 639918560
[DEBUG] RECV: /service/player message
[DEBUG] RECV: /meta/connect 
[DEBUG] RECV: /service/player message
[DEBUG] RECV: /meta/connect 
[DEBUG] RECV: /service/player message
[DEBUG] RECV: /meta/connect 
[DEBUG] RECV: /service/status status
[DEBUG] RECV: /meta/connect 
