
=== Kahoot Auto-Join ===
Game PIN: 5732350
Player: yousuck37-ava

[1/3] Getting session token...
[DEBUG] Session token (raw): cBtQaChXdk1aBVZ7PhkadWgJVEZhSXdIGDc4BQRwRH4mdAwZTA5WKw07CVZaRFhFUAE1fj5Be2oLWn9+SGJmbEl3ADxsWmxVMFwvXEByJwF5F2xsTgA7BCtYBDxWBWNY
[DEBUG] Session token length: 128
[DEBUG] Base64 decoded length: 96
   ✓ Got session token
[2/3] Decoding token...
[DEBUG] Challenge message length: 100
[DEBUG] Offset: 1328
[DEBUG] Decoded challenge length: 100
[DEBUG] Token bytes length: 96
[DEBUG] Final token length: 96
[DEBUG] Final token: 3c60f8269db5dba218415241dcc8b064c70b54fcca53b7c7c4c2d0637621229398dc4b43b9b461b74a1254c8e6adfe6c
[DEBUG] Token: 3c60f8269db5dba218415241dcc8b064c70b54fcca53b7c7c4c2d0637621229398dc4b43b9b461b74a1254c8e6adfe6c
   ✓ Token decoded (length: 96)
[3/3] Connecting...

[DEBUG] WebSocket URL: wss://kahoot.it/cometd/5732350/3c60f8269db5dba218415241dcc8b064c70b54fcca53b7c7c4c2d0637621229398dc4b43b9b461b74a1254c8e6adfe6c
✓ Connected to WebSocket
[DEBUG] SEND handshake
[DEBUG] RECV: /meta/handshake 
✓ Handshake OK, clientId: bzluk5zm3uqaqz0carqcebi5pxtf
[DEBUG] SEND connect (first)
[DEBUG] RECV: /meta/connect 
[DEBUG] SEND connect (second)
[DEBUG] SEND login yousuck37-ava
[DEBUG] RECV: /service/controller loginResponse
✓ Login successful! CID: 1060385725
[DEBUG] SEND namerator message

=== SUCCESS ===
Listening for game events... (Ctrl+C to exit)

[DEBUG] RECV: /meta/connect 
[DEBUG] RECV: /service/controller 
[DEBUG] RECV: /service/controller 
[DEBUG] RECV: /service/status status
✓ Game is ACTIVE
[DEBUG] RECV: /service/player message

🎉 JOINED AS: RockstarGriffin9
   Player CID: 1060385725
[DEBUG] RECV: /service/player message
[DEBUG] RECV: /meta/connect 
[DEBUG] RECV: /service/player message
[DEBUG] RECV: /meta/connect 
[DEBUG] RECV: /service/player message
[DEBUG] RECV: /meta/connect 
[DEBUG] RECV: /service/player message
[DEBUG] RECV: /meta/connect 
[DEBUG] RECV: /service/status status
[DEBUG] RECV: /meta/connect 
