
=== Kahoot Auto-Join ===
Game PIN: 5732350
Player: yousuck38-5f4

[1/3] Getting session token...
[DEBUG] Session token (raw): GA9Pb3prZwtGdAp7MABJAhZpUVohJyxpPVNxag9WYVpBUlcLUVxjDg5TG1RZXAdNf3wJTSIUTQJWPgIQSm9uC3NYVXRqaUMPCkhyU1hNbktxJmA4fgkUHQJSWi0KDQMJ
[DEBUG] Session token length: 128
[DEBUG] Base64 decoded length: 96
   ✓ Got session token
[2/3] Decoding token...
[DEBUG] Challenge message length: 100
[DEBUG] Offset: 170628
[DEBUG] Decoded challenge length: 100
[DEBUG] Token bytes length: 96
[DEBUG] Final token length: 96
[DEBUG] Final token: aa38599800e9a70ab4cfbfa0e287df357e687179c6b971640374fa15efbf95715ab12215b97d64900f9f63df55cb016b
[DEBUG] Token: aa38599800e9a70ab4cfbfa0e287df357e687179c6b971640374fa15efbf95715ab12215b97d64900f9f63df55cb016b
   ✓ Token decoded (length: 96)
[3/3] Connecting...

[DEBUG] WebSocket URL: wss://kahoot.it/cometd/5732350/aa38599800e9a70ab4cfbfa0e287df357e687179c6b971640374fa15efbf95715ab12215b97d64900f9f63df55cb016b
✓ Connected to WebSocket
[DEBUG] SEND handshake
[DEBUG] RECV: /meta/handshake 
✓ Handshake OK, clientId: bzpjs5pov33ay6entbafoec4mwl1
[DEBUG] SEND connect (first)
[DEBUG] RECV: /meta/connect 
[DEBUG] SEND connect (second)
[DEBUG] SEND login yousuck38-5f4
[DEBUG] RECV: /service/controller loginResponse
✓ Login successful! CID: 1664543857
[DEBUG] SEND namerator message

=== SUCCESS ===
Listening for game events... (Ctrl+C to exit)

[DEBUG] RECV: /meta/connect 
[DEBUG] RECV: /service/controller 
[DEBUG] RECV: /service/controller 
[DEBUG] RECV: /service/status status
✓ Game is ACTIVE
[DEBUG] RECV: /service/player message

🎉 JOINED AS: AmiableGriffin98
   Player CID: 1664543857
[DEBUG] RECV: /service/player message
[DEBUG] RECV: /meta/connect 
[DEBUG] RECV: /service/player message
[DEBUG] RECV: /meta/connect 
[DEBUG] RECV: /service/status status
[DEBUG] RECV: /meta/connect 
