
=== Kahoot Auto-Join ===
Game PIN: 5114254
Player: yousuck684-ki8

[1/3] Getting session token...
[DEBUG] Session token (raw): OUVaV1gzBzk9DmkKTTN6CQBpO14AfhRQQA5ACl9meRtIZFweMQx+WARpV0BaeGdWUlRqZVUJCwslU1FYJW5+Y1QFZwMIbTxFXX5SOVNuJVcmUFUEO2JnOWoJYXpNUAZi
[DEBUG] Session token length: 128
[DEBUG] Base64 decoded length: 96
   ✓ Got session token
[2/3] Decoding token...
[DEBUG] Challenge message length: 100
[DEBUG] Offset: 859444
[DEBUG] Decoded challenge length: 100
[DEBUG] Token bytes length: 96
[DEBUG] Final token length: 96
[DEBUG] Final token: f968bbfaca191e0357c8b4ad3c96c02c30cea64ad619d664ea3552aafb86e222c236c3d4b59c31a2be01c25a56604267
[DEBUG] Token: f968bbfaca191e0357c8b4ad3c96c02c30cea64ad619d664ea3552aafb86e222c236c3d4b59c31a2be01c25a56604267
   ✓ Token decoded (length: 96)
[3/3] Connecting...

[DEBUG] WebSocket URL: wss://kahoot.it/cometd/5114254/f968bbfaca191e0357c8b4ad3c96c02c30cea64ad619d664ea3552aafb86e222c236c3d4b59c31a2be01c25a56604267
✓ Connected to WebSocket
[DEBUG] SEND handshake
[DEBUG] RECV: /meta/handshake 
✓ Handshake OK, clientId: bxydugrjck5yltmz1hv4um354g5p5
[DEBUG] SEND connect (first)
[DEBUG] RECV: /meta/connect 
[DEBUG] SEND connect (second)
[DEBUG] SEND login yousuck684-ki8
[DEBUG] RECV: /service/controller loginResponse
✓ Login successful! CID: 1942979093
[DEBUG] SEND namerator message

=== SUCCESS ===
Listening for game events... (Ctrl+C to exit)

[DEBUG] RECV: /meta/connect 
[DEBUG] RECV: /service/controller 
[DEBUG] RECV: /service/controller 
[DEBUG] RECV: /service/status status
✓ Game is ACTIVE
[DEBUG] RECV: /service/player message

🎉 JOINED AS: CaptainSable52
   Player CID: 1942979093
[DEBUG] RECV: /service/player message
[DEBUG] RECV: /service/player message
[DEBUG] RECV: /meta/connect 
[DEBUG] RECV: /service/player message
[DEBUG] RECV: /meta/connect 
[DEBUG] RECV: /service/player message
[DEBUG] RECV: /meta/connect 
[DEBUG] RECV: /service/player message
[DEBUG] RECV: /meta/connect 
[DEBUG] RECV: /service/status status
[DEBUG] RECV: /meta/connect 
