
=== Kahoot Auto-Join ===
Game PIN: 5732350
Player: yousuck44-csl

[1/3] Getting session token...
[DEBUG] Session token (raw): WCVaBmNVIlweXnwiWAAGA3VUX0d9VwxUbn8kIFh1HgEyNmFQAFdyWERQaFtZWglNQGRdClUKdHENWwpKAkhOXFoBAVcFV3UWA3wiJlVZIVR3Vl0kXGMqdAlrE1tMXFMG
[DEBUG] Session token length: 128
[DEBUG] Base64 decoded length: 96
   ✓ Got session token
[2/3] Decoding token...
[DEBUG] Challenge message length: 100
[DEBUG] Offset: 553686
[DEBUG] Decoded challenge length: 100
[DEBUG] Token bytes length: 96
[DEBUG] Final token length: 96
[DEBUG] Final token: 0f7d2ecbf09ec38b0fe638dd56ce91e2ad98c9620025e23567499e16343080749a084d9aa1df61eb3edbb3b850ce6f19
[DEBUG] Token: 0f7d2ecbf09ec38b0fe638dd56ce91e2ad98c9620025e23567499e16343080749a084d9aa1df61eb3edbb3b850ce6f19
   ✓ Token decoded (length: 96)
[3/3] Connecting...

[DEBUG] WebSocket URL: wss://kahoot.it/cometd/5732350/0f7d2ecbf09ec38b0fe638dd56ce91e2ad98c9620025e23567499e16343080749a084d9aa1df61eb3edbb3b850ce6f19
✓ Connected to WebSocket
[DEBUG] SEND handshake
[DEBUG] RECV: /meta/handshake 
✓ Handshake OK, clientId: bzjco3d61bkx3w2a13vm545xxgsl0
[DEBUG] SEND connect (first)
[DEBUG] RECV: /meta/connect 
[DEBUG] SEND connect (second)
[DEBUG] SEND login yousuck44-csl
[DEBUG] RECV: /service/controller loginResponse
✓ Login successful! CID: 1171144293
[DEBUG] SEND namerator message

=== SUCCESS ===
Listening for game events... (Ctrl+C to exit)

[DEBUG] RECV: /meta/connect 
[DEBUG] RECV: /service/controller 
[DEBUG] RECV: /service/controller 
[DEBUG] RECV: /service/status status
✓ Game is ACTIVE
[DEBUG] RECV: /service/player message

🎉 JOINED AS: LegendLemming37
   Player CID: 1171144293
[DEBUG] RECV: /service/player message
[DEBUG] RECV: /service/player message
[DEBUG] RECV: /meta/connect 
[DEBUG] RECV: /service/player message
[DEBUG] RECV: /service/player message
[DEBUG] RECV: /meta/connect 
[DEBUG] RECV: /service/player message
[DEBUG] RECV: /service/player message
[DEBUG] RECV: /service/player message
[DEBUG] RECV: /meta/connect 
[DEBUG] RECV: /service/player message
[DEBUG] RECV: /meta/connect 
[DEBUG] RECV: /service/player message
[DEBUG] RECV: /meta/connect 
[DEBUG] RECV: /service/player message
[DEBUG] RECV: /meta/connect 
[DEBUG] RECV: /service/player message
[DEBUG] RECV: /meta/connect 
[DEBUG] RECV: /service/status status
[DEBUG] RECV: /meta/connect 
