
=== Kahoot Auto-Join ===
Game PIN: 4969059
Player: yousuck1-pz0

[1/3] Getting session token...
[DEBUG] Session token (raw): eW0EZkQ7NH5eeGVVUQdsNXcDAlEoRHVQeX8uFXd7cm9/LypYHgBKX1J6KhVQA3RmB1QSAUZfLUM2AnNRXnkKOw5yWgB6YF4FFE4PAzYuPlMsBkVQYQ5GRFNAY14PWXZq
[DEBUG] Session token length: 128
[DEBUG] Base64 decoded length: 96
   ✓ Got session token
[2/3] Decoding token...
[DEBUG] Challenge message length: 100
[DEBUG] Offset: 1277534
[DEBUG] Decoded challenge length: 100
[DEBUG] Token bytes length: 96
[DEBUG] Final token length: 96
[DEBUG] Final token: 22303dc5a824b85e24a0d85e18ff35998dceb59071ab1f6803e20ed4dd70e94bb1608003e2c2bef1e37f3e07f8493077
[DEBUG] Token: 22303dc5a824b85e24a0d85e18ff35998dceb59071ab1f6803e20ed4dd70e94bb1608003e2c2bef1e37f3e07f8493077
   ✓ Token decoded (length: 96)
[3/3] Connecting...

[DEBUG] WebSocket URL: wss://kahoot.it/cometd/4969059/22303dc5a824b85e24a0d85e18ff35998dceb59071ab1f6803e20ed4dd70e94bb1608003e2c2bef1e37f3e07f8493077
✓ Connected to WebSocket
[DEBUG] SEND handshake
[DEBUG] RECV: /meta/handshake 
✓ Handshake OK, clientId: buoo17itiddvpfs1c13lxk43y2xxj7
[DEBUG] SEND connect (first)
[DEBUG] RECV: /meta/connect 
[DEBUG] SEND connect (second)
[DEBUG] SEND login yousuck1-pz0
[DEBUG] RECV: /service/controller loginResponse
✓ Login successful! CID: 1777233497
[DEBUG] SEND namerator message

=== SUCCESS ===
Listening for game events... (Ctrl+C to exit)

[DEBUG] RECV: /meta/connect 
[DEBUG] RECV: /service/controller 
[DEBUG] RECV: /service/controller 
[DEBUG] RECV: /service/status status
✓ Game is ACTIVE
[DEBUG] RECV: /service/player message

🎉 JOINED AS: RoyalWombat2
   Player CID: 1777233497
[DEBUG] RECV: /service/player message
[DEBUG] RECV: /service/player message
[DEBUG] RECV: /service/player message
[DEBUG] RECV: /meta/connect 
[DEBUG] RECV: /service/player message
[DEBUG] RECV: /meta/connect 
[DEBUG] RECV: /service/player message
[DEBUG] RECV: /service/player message
[DEBUG] RECV: /service/player message
[DEBUG] RECV: /service/player message
[DEBUG] RECV: /service/player message
[DEBUG] RECV: /meta/connect 
[DEBUG] RECV: /service/status status
[DEBUG] RECV: /meta/connect 
