
=== Kahoot Auto-Join ===
Game PIN: 5114254
Player: yousuck847-n7i

[1/3] Getting session token...
[DEBUG] Session token (raw): VSpgE0F6dWd1SlBrcB0FAx5WCFVGNEkMCU8KewhZDExlbW56C3cIcUN2FwkTcQQsDkJ3fTonW0J7Sy0KVEIFa2Z4CVYgajlVBF4HU0FTWFRQREgLBiUBHSYxVGpCXx4M
[DEBUG] Session token length: 128
[DEBUG] Base64 decoded length: 96
   ✓ Got session token
[2/3] Decoding token...
[DEBUG] Challenge message length: 100
[DEBUG] Offset: 11142
[DEBUG] Decoded challenge length: 100
[DEBUG] Token bytes length: 96
[DEBUG] Final token length: 96
[DEBUG] Final token: 3c2b700870f09acffce31e5129c4e0888689336341cab78ad686db1312ef41c42732e9a44de635bb149d3e2fcce56cd0
[DEBUG] Token: 3c2b700870f09acffce31e5129c4e0888689336341cab78ad686db1312ef41c42732e9a44de635bb149d3e2fcce56cd0
   ✓ Token decoded (length: 96)
[3/3] Connecting...

[DEBUG] WebSocket URL: wss://kahoot.it/cometd/5114254/3c2b700870f09acffce31e5129c4e0888689336341cab78ad686db1312ef41c42732e9a44de635bb149d3e2fcce56cd0
✓ Connected to WebSocket
[DEBUG] SEND handshake
[DEBUG] RECV: /meta/handshake 
✓ Handshake OK, clientId: by2n1xwq3mrb9xp0nxy2efkdh97dp
[DEBUG] SEND connect (first)
[DEBUG] RECV: /meta/connect 
[DEBUG] SEND connect (second)
[DEBUG] SEND login yousuck847-n7i
[DEBUG] RECV: /service/controller loginResponse
✓ Login successful! CID: 684436166
[DEBUG] SEND namerator message

=== SUCCESS ===
Listening for game events... (Ctrl+C to exit)

[DEBUG] RECV: /meta/connect 
[DEBUG] RECV: /service/controller 
[DEBUG] RECV: /service/controller 
[DEBUG] RECV: /service/status status
✓ Game is ACTIVE
[DEBUG] RECV: /service/player message

🎉 JOINED AS: LuckyDingo69
   Player CID: 684436166
[DEBUG] RECV: /service/player message
[DEBUG] RECV: /meta/connect 
[DEBUG] RECV: /service/player message
[DEBUG] RECV: /meta/connect 
[DEBUG] RECV: /service/status status
[DEBUG] RECV: /meta/connect 
