
=== Kahoot Auto-Join ===
Game PIN: 5114254
Player: yousuck733-afw

[1/3] Getting session token...
[DEBUG] Session token (raw): TgxIMXNlBStrfW57W2d6f3hTNEAFUHRZYAA3A3YRKmQ6AlBXK29fHnd9aXEGXgFZMHE5Mj1SeQF5BAAaJm0LBgF8GiZsGA5vbkZVUEcYOkB/XklQUFxbB1lvB1IPZFAN
[DEBUG] Session token length: 128
[DEBUG] Base64 decoded length: 96
   ✓ Got session token
[2/3] Decoding token...
[DEBUG] Challenge message length: 100
[DEBUG] Offset: 4154
[DEBUG] Decoded challenge length: 100
[DEBUG] Token bytes length: 96
[DEBUG] Final token length: 96
[DEBUG] Final token: 751b17ad2766632011a1349b0af37cf5ba43e7be13471a4cd0acd48b1eecc94bf2ca4a43435b7af94a04c16173daa078
[DEBUG] Token: 751b17ad2766632011a1349b0af37cf5ba43e7be13471a4cd0acd48b1eecc94bf2ca4a43435b7af94a04c16173daa078
   ✓ Token decoded (length: 96)
[3/3] Connecting...

[DEBUG] WebSocket URL: wss://kahoot.it/cometd/5114254/751b17ad2766632011a1349b0af37cf5ba43e7be13471a4cd0acd48b1eecc94bf2ca4a43435b7af94a04c16173daa078
✓ Connected to WebSocket
[DEBUG] SEND handshake
[DEBUG] RECV: /meta/handshake 
✓ Handshake OK, clientId: bxzq16zotl012f57ef4ycqrm2jkun
[DEBUG] SEND connect (first)
[DEBUG] RECV: /meta/connect 
[DEBUG] SEND connect (second)
[DEBUG] SEND login yousuck733-afw
[DEBUG] RECV: /service/controller loginResponse
✓ Login successful! CID: 31226044
[DEBUG] SEND namerator message

=== SUCCESS ===
Listening for game events... (Ctrl+C to exit)

[DEBUG] RECV: /meta/connect 
[DEBUG] RECV: /service/controller 
[DEBUG] RECV: /service/controller 
[DEBUG] RECV: /service/status status
✓ Game is ACTIVE
[DEBUG] RECV: /service/player message

🎉 JOINED AS: YellowElk5
   Player CID: 31226044
[DEBUG] RECV: /service/player message
[DEBUG] RECV: /meta/connect 
[DEBUG] RECV: /service/player message
[DEBUG] RECV: /meta/connect 
[DEBUG] RECV: /service/player message
[DEBUG] RECV: /meta/connect 
[DEBUG] RECV: /service/status status
[DEBUG] RECV: /meta/connect 
