
=== Kahoot Auto-Join ===
Game PIN: 5732350
Player: yousuck26-l8l

[1/3] Getting session token...
[DEBUG] Session token (raw): Twd1ADo1IQNFLThgbgFcCwE/XGYEZRpeBWlMU2ppBhtpG1laIlJXfm5dKldjYXk+XyJeIklUUlNxXUdSDlMgVBtVf3QJWHxDXjU/XGsaAA8BAj4NXAhhM3QFY2JDVA9j
[DEBUG] Session token length: 128
[DEBUG] Base64 decoded length: 96
   ✓ Got session token
[2/3] Decoding token...
[DEBUG] Challenge message length: 100
[DEBUG] Offset: 2301987
[DEBUG] Decoded challenge length: 100
[DEBUG] Token bytes length: 96
[DEBUG] Final token length: 96
[DEBUG] Final token: 7162ecb15dd7956bcc5210b6a55d65eb1c50a6204ed9483bbb7e8cde126511ffc937eb27aac44b6a27c26e6d55572bd0
[DEBUG] Token: 7162ecb15dd7956bcc5210b6a55d65eb1c50a6204ed9483bbb7e8cde126511ffc937eb27aac44b6a27c26e6d55572bd0
   ✓ Token decoded (length: 96)
[3/3] Connecting...

[DEBUG] WebSocket URL: wss://kahoot.it/cometd/5732350/7162ecb15dd7956bcc5210b6a55d65eb1c50a6204ed9483bbb7e8cde126511ffc937eb27aac44b6a27c26e6d55572bd0
✓ Connected to WebSocket
[DEBUG] SEND handshake
[DEBUG] RECV: /meta/handshake 
✓ Handshake OK, clientId: bzmh40f3c3pqedmr1eogg3e3gemi
[DEBUG] SEND connect (first)
[DEBUG] RECV: /meta/connect 
[DEBUG] SEND connect (second)
[DEBUG] SEND login yousuck26-l8l
[DEBUG] RECV: /service/controller loginResponse
✓ Login successful! CID: 1813094067
[DEBUG] SEND namerator message

=== SUCCESS ===
Listening for game events... (Ctrl+C to exit)

[DEBUG] RECV: /meta/connect 
[DEBUG] RECV: /service/controller 
[DEBUG] RECV: /service/controller 
[DEBUG] RECV: /service/status status
✓ Game is ACTIVE
[DEBUG] RECV: /service/player message

🎉 JOINED AS: ZanyCheetah7
   Player CID: 1813094067
[DEBUG] RECV: /service/player message
[DEBUG] RECV: /service/player message
[DEBUG] RECV: /meta/connect 
[DEBUG] RECV: /service/player message
[DEBUG] RECV: /meta/connect 
[DEBUG] RECV: /service/player message
[DEBUG] RECV: /meta/connect 
[DEBUG] RECV: /service/status status
[DEBUG] RECV: /meta/connect 
