
=== Kahoot Auto-Join ===
Game PIN: 5114254
Player: yousuck338-608

[1/3] Getting session token...
[DEBUG] Session token (raw): HS8BbitaCiVXLXBCXFYKO2MOBjUPYn1dNlldXCkGPmYwDQIXcmVLdE1SOgVPA2JnDAN2A38PVB4lOzoFc1cFWgIkNV9VHktZWFQIBzJEZhU/YkJjEw1nLWt4eAoWK21V
[DEBUG] Session token length: 128
[DEBUG] Base64 decoded length: 96
   ✓ Got session token
[2/3] Decoding token...
[DEBUG] Challenge message length: 100
[DEBUG] Offset: 230
[DEBUG] Decoded challenge length: 100
[DEBUG] Token bytes length: 96
[DEBUG] Final token length: 96
[DEBUG] Final token: ab43a72a7b43677e1d1e5087bdf2bdd8f77b370576c93229050130ebacd05ed48ce9ae79fe27d83de231fb1a078daf0e
[DEBUG] Token: ab43a72a7b43677e1d1e5087bdf2bdd8f77b370576c93229050130ebacd05ed48ce9ae79fe27d83de231fb1a078daf0e
   ✓ Token decoded (length: 96)
[3/3] Connecting...

[DEBUG] WebSocket URL: wss://kahoot.it/cometd/5114254/ab43a72a7b43677e1d1e5087bdf2bdd8f77b370576c93229050130ebacd05ed48ce9ae79fe27d83de231fb1a078daf0e
✓ Connected to WebSocket
[DEBUG] SEND handshake
[DEBUG] RECV: /meta/handshake 
✓ Handshake OK, clientId: bxoqgboej4nka3grte87eb9p9lh4
[DEBUG] SEND connect (first)
[DEBUG] RECV: /meta/connect 
[DEBUG] SEND connect (second)
[DEBUG] SEND login yousuck338-608
[DEBUG] RECV: /service/controller loginResponse
✓ Login successful! CID: 1050353974
[DEBUG] SEND namerator message

=== SUCCESS ===
Listening for game events... (Ctrl+C to exit)

[DEBUG] RECV: /meta/connect 
[DEBUG] RECV: /service/controller 
[DEBUG] RECV: /service/controller 
[DEBUG] RECV: /service/status status
✓ Game is ACTIVE
[DEBUG] RECV: /service/player message

🎉 JOINED AS: GreenOctopus14
   Player CID: 1050353974
[DEBUG] RECV: /service/player message
[DEBUG] RECV: /meta/connect 
[DEBUG] RECV: /service/player message
[DEBUG] RECV: /meta/connect 
[DEBUG] RECV: /service/player message
[DEBUG] RECV: /meta/connect 
[DEBUG] RECV: /service/player message
[DEBUG] RECV: /meta/connect 
[DEBUG] RECV: /service/player message
[DEBUG] RECV: /meta/connect 
[DEBUG] RECV: /service/player message
[DEBUG] RECV: /meta/connect 
[DEBUG] RECV: /service/player message
[DEBUG] RECV: /meta/connect 
[DEBUG] RECV: /service/player message
[DEBUG] RECV: /meta/connect 
[DEBUG] RECV: /service/status status
[DEBUG] RECV: /meta/connect 
