
=== Kahoot Auto-Join ===
Game PIN: 5814465
Player: yousuck18-kfj

[1/3] Getting session token...
[DEBUG] Session token (raw): JxQPfCBdSlVuAw9aVHIlSw5SRHljJ0thNH02fhAwDGFyb1ZSAX4re3UORmhDMjBKNUxTUX8GUFINF0lYVBNVTgVfCgxXJQINCSpWDFJ8SXVcQhI+D10fDQF0WiVXCA5g
[DEBUG] Session token length: 128
[DEBUG] Base64 decoded length: 96
   ✓ Got session token
[2/3] Decoding token...
[DEBUG] Challenge message length: 100
[DEBUG] Offset: 1098
[DEBUG] Decoded challenge length: 100
[DEBUG] Token bytes length: 96
[DEBUG] Final token length: 96
[DEBUG] Final token: ce09db124aec36a0d7634c08a6c1ec1905fd66b56a398fc6f02843370a853fa238365fe76f555882c6ff2ef8843ad2a7
[DEBUG] Token: ce09db124aec36a0d7634c08a6c1ec1905fd66b56a398fc6f02843370a853fa238365fe76f555882c6ff2ef8843ad2a7
   ✓ Token decoded (length: 96)
[3/3] Connecting...

[DEBUG] WebSocket URL: wss://kahoot.it/cometd/5814465/ce09db124aec36a0d7634c08a6c1ec1905fd66b56a398fc6f02843370a853fa238365fe76f555882c6ff2ef8843ad2a7
✓ Connected to WebSocket
[DEBUG] SEND handshake
[DEBUG] RECV: /meta/handshake 
✓ Handshake OK, clientId: 92r91tfqggo8ou8i0z9h4iwjb0ack
[DEBUG] SEND connect (first)
[DEBUG] RECV: /meta/connect 
[DEBUG] SEND connect (second)
[DEBUG] SEND login yousuck18-kfj
[DEBUG] RECV: /service/controller loginResponse
✓ Login successful! CID: 1516374396
[DEBUG] SEND namerator message

=== SUCCESS ===
Listening for game events... (Ctrl+C to exit)

[DEBUG] RECV: /meta/connect 
[DEBUG] RECV: /service/controller 
[DEBUG] RECV: /service/controller 
[DEBUG] RECV: /meta/connect 
[DEBUG] RECV: /meta/connect 
[DEBUG] RECV: /meta/connect 
[DEBUG] RECV: /meta/connect 
[DEBUG] RECV: /meta/connect 
[DEBUG] RECV: /meta/connect 
[DEBUG] RECV: /meta/connect 
[DEBUG] RECV: /meta/connect 
[DEBUG] RECV: /meta/connect 
[DEBUG] RECV: /meta/connect 
[DEBUG] RECV: /meta/connect 
[DEBUG] RECV: /meta/connect 
[DEBUG] RECV: /meta/connect 
[DEBUG] RECV: /meta/connect 
[DEBUG] RECV: /meta/connect 
[DEBUG] RECV: /meta/connect 
[DEBUG] RECV: /meta/connect 
[DEBUG] RECV: /meta/connect 
[DEBUG] RECV: /meta/connect 
[DEBUG] RECV: /meta/connect 
[DEBUG] RECV: /meta/connect 
[DEBUG] RECV: /meta/connect 
[DEBUG] RECV: /meta/connect 
[DEBUG] RECV: /meta/connect 
[DEBUG] RECV: /meta/connect 
[DEBUG] RECV: /meta/connect 
[DEBUG] RECV: /meta/connect 
