
=== Kahoot Auto-Join ===
Game PIN: 5114254
Player: yousuck210-vix

[1/3] Getting session token...
[DEBUG] Session token (raw): R25SZggwAGocUA9adS8JBnpCXEUpBBJmDwQLC0V4AV1vCkJzCTcjGSleLltcXmFxBVtCCwsuEw1jCGBgWVANDSklDDgfbG0hY1QKUyFGUkAEeQoqW1s/UQhiDEJ2AXhs
[DEBUG] Session token length: 128
[DEBUG] Base64 decoded length: 96
   ✓ Got session token
[2/3] Decoding token...
[DEBUG] Challenge message length: 100
[DEBUG] Offset: 10619
[DEBUG] Decoded challenge length: 100
[DEBUG] Token bytes length: 96
[DEBUG] Final token length: 96
[DEBUG] Final token: 13a7da19e6012c9f0012ded0080b39639576cebebab679384e479bb20c61bcdbfd8ed77d1e9ee0c239fc40d674743b87
[DEBUG] Token: 13a7da19e6012c9f0012ded0080b39639576cebebab679384e479bb20c61bcdbfd8ed77d1e9ee0c239fc40d674743b87
   ✓ Token decoded (length: 96)
[3/3] Connecting...

[DEBUG] WebSocket URL: wss://kahoot.it/cometd/5114254/13a7da19e6012c9f0012ded0080b39639576cebebab679384e479bb20c61bcdbfd8ed77d1e9ee0c239fc40d674743b87
✓ Connected to WebSocket
[DEBUG] SEND handshake
[DEBUG] RECV: /meta/handshake 
✓ Handshake OK, clientId: bxl6f3y11ssxy55vkl8hodk2x1x4
[DEBUG] SEND connect (first)
[DEBUG] RECV: /meta/connect 
[DEBUG] SEND connect (second)
[DEBUG] SEND login yousuck210-vix
[DEBUG] RECV: /service/controller loginResponse
✓ Login successful! CID: 1907255982
[DEBUG] SEND namerator message

=== SUCCESS ===
Listening for game events... (Ctrl+C to exit)

[DEBUG] RECV: /meta/connect 
[DEBUG] RECV: /service/controller 
[DEBUG] RECV: /service/controller 
[DEBUG] RECV: /service/status status
✓ Game is ACTIVE
[DEBUG] RECV: /service/player message

🎉 JOINED AS: GoldenPelican35
   Player CID: 1907255982
[DEBUG] RECV: /service/player message
[DEBUG] RECV: /meta/connect 
[DEBUG] RECV: /service/player message
[DEBUG] RECV: /meta/connect 
[DEBUG] RECV: /service/player message
[DEBUG] RECV: /meta/connect 
[DEBUG] RECV: /service/player message
[DEBUG] RECV: /meta/connect 
[DEBUG] RECV: /service/player message
[DEBUG] RECV: /meta/connect 
[DEBUG] RECV: /service/player message
[DEBUG] RECV: /meta/connect 
[DEBUG] RECV: /service/player message
[DEBUG] RECV: /meta/connect 
[DEBUG] RECV: /service/player message
[DEBUG] RECV: /meta/connect 
[DEBUG] RECV: /service/player message
[DEBUG] RECV: /meta/connect 
[DEBUG] RECV: /service/player message
[DEBUG] RECV: /meta/connect 
[DEBUG] RECV: /service/player message
[DEBUG] RECV: /meta/connect 
[DEBUG] RECV: /service/status status
[DEBUG] RECV: /meta/connect 
