
=== Kahoot Auto-Join ===
Game PIN: 5814465
Player: yousuck4-wuo

[1/3] Getting session token...
[DEBUG] Session token (raw): XGgMCFMtWHwSCkQ7ZEVgPXoGDn9aakMRDmFVajd7SQNdAQ9XW10KMBFPXVddXmcmHQ1eRkl/XAJ2KFpqLgBFRkQZDVVYdgQUV1xTRXBdXXttOgMnBFEJMAxCS3lCXhEI
[DEBUG] Session token length: 128
[DEBUG] Base64 decoded length: 96
   ✓ Got session token
[2/3] Decoding token...
[DEBUG] Challenge message length: 100
[DEBUG] Offset: 11914
[DEBUG] Decoded challenge length: 100
[DEBUG] Token bytes length: 96
[DEBUG] Final token length: 96
[DEBUG] Final token: 47b71a10e40f733a4b60890b32c0d70d108631afa42fa56aeea087433be0b8902becf53f084035920f9ce25bd8755bb3
[DEBUG] Token: 47b71a10e40f733a4b60890b32c0d70d108631afa42fa56aeea087433be0b8902becf53f084035920f9ce25bd8755bb3
   ✓ Token decoded (length: 96)
[3/3] Connecting...

[DEBUG] WebSocket URL: wss://kahoot.it/cometd/5814465/47b71a10e40f733a4b60890b32c0d70d108631afa42fa56aeea087433be0b8902becf53f084035920f9ce25bd8755bb3
✓ Connected to WebSocket
[DEBUG] SEND handshake
[DEBUG] RECV: /meta/handshake 
✓ Handshake OK, clientId: 92qnj83ouub5vrp7q8h2apy77r60
[DEBUG] SEND connect (first)
[DEBUG] RECV: /meta/connect 
[DEBUG] SEND connect (second)
[DEBUG] SEND login yousuck4-wuo
[DEBUG] RECV: /service/controller loginResponse
✓ Login successful! CID: 1928258191
[DEBUG] SEND namerator message

=== SUCCESS ===
Listening for game events... (Ctrl+C to exit)

[DEBUG] RECV: /meta/connect 
[DEBUG] RECV: /service/controller 
[DEBUG] RECV: /service/controller 
[DEBUG] RECV: /meta/connect 
[DEBUG] RECV: /meta/connect 
[DEBUG] RECV: /meta/connect 
[DEBUG] RECV: /meta/connect 
[DEBUG] RECV: /meta/connect 
[DEBUG] RECV: /meta/connect 
[DEBUG] RECV: /meta/connect 
[DEBUG] RECV: /meta/connect 
[DEBUG] RECV: /meta/connect 
[DEBUG] RECV: /meta/connect 
[DEBUG] RECV: /meta/connect 
[DEBUG] RECV: /meta/connect 
[DEBUG] RECV: /meta/connect 
[DEBUG] RECV: /meta/connect 
[DEBUG] RECV: /meta/connect 
[DEBUG] RECV: /meta/connect 
[DEBUG] RECV: /meta/connect 
[DEBUG] RECV: /meta/connect 
[DEBUG] RECV: /meta/connect 
[DEBUG] RECV: /meta/connect 
[DEBUG] RECV: /meta/connect 
[DEBUG] RECV: /meta/connect 
[DEBUG] RECV: /meta/connect 
[DEBUG] RECV: /meta/connect 
[DEBUG] RECV: /meta/connect 
[DEBUG] RECV: /meta/connect 
[DEBUG] RECV: /meta/connect 
