
=== Kahoot Auto-Join ===
Game PIN: 4969059
Player: yousuck42-v71

[1/3] Getting session token...
[DEBUG] Session token (raw): XnVRXgIdAHJcSV9kWHZIOwdXAy5ZU34rNXhOTwFbbAwIbxVXfwEQdQhpWUsMEwRaE1MBNEhnE2BoCyMNZ1kzC0pycjUNPBg1DA5ta0oEYl9fKzsERAxQP2wZQmwhGjdg
[DEBUG] Session token length: 128
[DEBUG] Base64 decoded length: 96
   ✓ Got session token
[2/3] Decoding token...
[DEBUG] Challenge message length: 100
[DEBUG] Offset: 17368560
[DEBUG] Decoded challenge length: 100
[DEBUG] Token bytes length: 96
[DEBUG] Final token length: 96
[DEBUG] Final token: 90e50f567985a44afcdc4e8cd8857345a3c71ae819997b99c4bb33d116dc1ab6164c0dde3a899c04fbf61b5d0e45ccd9
[DEBUG] Token: 90e50f567985a44afcdc4e8cd8857345a3c71ae819997b99c4bb33d116dc1ab6164c0dde3a899c04fbf61b5d0e45ccd9
   ✓ Token decoded (length: 96)
[3/3] Connecting...

[DEBUG] WebSocket URL: wss://kahoot.it/cometd/4969059/90e50f567985a44afcdc4e8cd8857345a3c71ae819997b99c4bb33d116dc1ab6164c0dde3a899c04fbf61b5d0e45ccd9
✓ Connected to WebSocket
[DEBUG] SEND handshake
[DEBUG] RECV: /meta/handshake 
✓ Handshake OK, clientId: bupe1e6pp84xrt3rqg4d4q0nbaqsj
[DEBUG] SEND connect (first)
[DEBUG] RECV: /meta/connect 
[DEBUG] SEND connect (second)
[DEBUG] SEND login yousuck42-v71
[DEBUG] RECV: /service/controller loginResponse
✓ Login successful! CID: 787455409
[DEBUG] SEND namerator message

=== SUCCESS ===
Listening for game events... (Ctrl+C to exit)

[DEBUG] RECV: /meta/connect 
[DEBUG] RECV: /service/controller 
[DEBUG] RECV: /service/controller 
[DEBUG] RECV: /service/status status
✓ Game is ACTIVE
[DEBUG] RECV: /service/player message

🎉 JOINED AS: AmiableDingo26
   Player CID: 787455409
[DEBUG] RECV: /service/player message
[DEBUG] RECV: /service/player message
[DEBUG] RECV: /service/player message
[DEBUG] RECV: /service/player message
[DEBUG] RECV: /meta/connect 
[DEBUG] RECV: /service/player message
[DEBUG] RECV: /service/player message
[DEBUG] RECV: /service/player message
[DEBUG] RECV: /meta/connect 
[DEBUG] RECV: /service/status status
[DEBUG] RECV: /meta/connect 
