
=== Kahoot Auto-Join ===
Game PIN: 5732350
Player: yousuck32-10a

[1/3] Getting session token...
[DEBUG] Session token (raw): Um0kYQxaCFNQWhwQAQlzV1cpWXFmKWcKSQpHWCRAbRdiW3gpWAcKWX5iWm1+UWMDYwQIRABoAltrSyZoA0QUVwh2bWxQaRMIY15XPQYKUw4BAg4Ken0LcmBuCmAqWlVj
[DEBUG] Session token length: 128
[DEBUG] Base64 decoded length: 96
   ✓ Got session token
[2/3] Decoding token...
[DEBUG] Challenge message length: 100
[DEBUG] Offset: 1928
[DEBUG] Decoded challenge length: 100
[DEBUG] Token bytes length: 96
[DEBUG] Final token length: 96
[DEBUG] Final token: a1c957578deef62dde983a872629e23e3e6a3cd218137e484772188e67b506ed332719ab300b09488fcf57524516c791
[DEBUG] Token: a1c957578deef62dde983a872629e23e3e6a3cd218137e484772188e67b506ed332719ab300b09488fcf57524516c791
   ✓ Token decoded (length: 96)
[3/3] Connecting...

[DEBUG] WebSocket URL: wss://kahoot.it/cometd/5732350/a1c957578deef62dde983a872629e23e3e6a3cd218137e484772188e67b506ed332719ab300b09488fcf57524516c791
✓ Connected to WebSocket
[DEBUG] SEND handshake
[DEBUG] RECV: /meta/handshake 
✓ Handshake OK, clientId: bzm0y4kc1c38s4je1m9r21jg7zhy5
[DEBUG] SEND connect (first)
[DEBUG] RECV: /meta/connect 
[DEBUG] SEND connect (second)
[DEBUG] SEND login yousuck32-10a
[DEBUG] RECV: /service/controller loginResponse
✓ Login successful! CID: 1041264550
[DEBUG] SEND namerator message

=== SUCCESS ===
Listening for game events... (Ctrl+C to exit)

[DEBUG] RECV: /meta/connect 
[DEBUG] RECV: /service/controller 
[DEBUG] RECV: /service/controller 
[DEBUG] RECV: /service/status status
✓ Game is ACTIVE
[DEBUG] RECV: /service/player message

🎉 JOINED AS: RockySphinx53
   Player CID: 1041264550
[DEBUG] RECV: /service/player message
[DEBUG] RECV: /meta/connect 
[DEBUG] RECV: /service/player message
[DEBUG] RECV: /meta/connect 
[DEBUG] RECV: /service/player message
[DEBUG] RECV: /meta/connect 
[DEBUG] RECV: /service/player message
[DEBUG] RECV: /meta/connect 
[DEBUG] RECV: /service/status status
[DEBUG] RECV: /meta/connect 
