
=== Kahoot Auto-Join ===
Game PIN: 5114254
Player: yousuck431-5j8

[1/3] Getting session token...
[DEBUG] Session token (raw): dQs+Z0BcDFxUYRQ2Y3hvEWBADTVJHWV3Y1ExYDhfbg1nDWRRF2ROYmJRISVaaRIXU1ALSE0IdUYlUVYHAhVSVnZWcVcPQCFbe2pLdwJ1dnt3PBlPezEKdHUeQi9bHTx3
[DEBUG] Session token length: 128
[DEBUG] Base64 decoded length: 96
   ✓ Got session token
[2/3] Decoding token...
[DEBUG] Challenge message length: 100
[DEBUG] Offset: 12728
[DEBUG] Decoded challenge length: 100
[DEBUG] Token bytes length: 96
[DEBUG] Final token length: 96
[DEBUG] Final token: 2ee052d673cd133d867a8e8368e0da475e42e14698fdf1eef3c85735e4ac3a95166cf7f26172c2432fa65d002b4acdb7
[DEBUG] Token: 2ee052d673cd133d867a8e8368e0da475e42e14698fdf1eef3c85735e4ac3a95166cf7f26172c2432fa65d002b4acdb7
   ✓ Token decoded (length: 96)
[3/3] Connecting...

[DEBUG] WebSocket URL: wss://kahoot.it/cometd/5114254/2ee052d673cd133d867a8e8368e0da475e42e14698fdf1eef3c85735e4ac3a95166cf7f26172c2432fa65d002b4acdb7
✓ Connected to WebSocket
[DEBUG] SEND handshake
[DEBUG] RECV: /meta/handshake 
✓ Handshake OK, clientId: bxrmdid0794kym4zaiing2b602og
[DEBUG] SEND connect (first)
[DEBUG] RECV: /meta/connect 
[DEBUG] SEND connect (second)
[DEBUG] SEND login yousuck431-5j8
[DEBUG] RECV: /service/controller loginResponse
✓ Login successful! CID: 1730134747
[DEBUG] SEND namerator message

=== SUCCESS ===
Listening for game events... (Ctrl+C to exit)

[DEBUG] RECV: /meta/connect 
[DEBUG] RECV: /service/controller 
[DEBUG] RECV: /service/controller 
[DEBUG] RECV: /service/status status
✓ Game is ACTIVE
[DEBUG] RECV: /service/player message

🎉 JOINED AS: JoyfulEgret3
   Player CID: 1730134747
[DEBUG] RECV: /service/player message
[DEBUG] RECV: /meta/connect 
[DEBUG] RECV: /service/player message
[DEBUG] RECV: /meta/connect 
[DEBUG] RECV: /service/player message
[DEBUG] RECV: /meta/connect 
[DEBUG] RECV: /service/player message
[DEBUG] RECV: /meta/connect 
[DEBUG] RECV: /service/player message
[DEBUG] RECV: /meta/connect 
[DEBUG] RECV: /service/player message
[DEBUG] RECV: /meta/connect 
[DEBUG] RECV: /service/player message
[DEBUG] RECV: /meta/connect 
[DEBUG] RECV: /service/status status
[DEBUG] RECV: /meta/connect 
