
=== Kahoot Auto-Join ===
Game PIN: 5114254
Player: yousuck357-xj5

[1/3] Getting session token...
[DEBUG] Session token (raw): WQsJXGQ7aRM9XltfVUMAAnMDUV8FDHoCd1FOJFVqES8mZmAIByRIfiISRQ1xZQcyUAYFWQ0MCjQHUSBneWonWXVkIUckSwV6A1BsA3ZWGVYPXSw+Y1B+AnR3WH5gXjkp
[DEBUG] Session token length: 128
[DEBUG] Base64 decoded length: 96
   ✓ Got session token
[2/3] Decoding token...
[DEBUG] Challenge message length: 100
[DEBUG] Offset: 10213
[DEBUG] Decoded challenge length: 100
[DEBUG] Token bytes length: 96
[DEBUG] Final token length: 96
[DEBUG] Final token: 88721f1edc1361077f812d1c3e6e49abf016cd10eb31106f116759fb00b034d118a4e329bf0d07c0c5dc0b62497271dc
[DEBUG] Token: 88721f1edc1361077f812d1c3e6e49abf016cd10eb31106f116759fb00b034d118a4e329bf0d07c0c5dc0b62497271dc
   ✓ Token decoded (length: 96)
[3/3] Connecting...

[DEBUG] WebSocket URL: wss://kahoot.it/cometd/5114254/88721f1edc1361077f812d1c3e6e49abf016cd10eb31106f116759fb00b034d118a4e329bf0d07c0c5dc0b62497271dc
✓ Connected to WebSocket
[DEBUG] SEND handshake
[DEBUG] RECV: /meta/handshake 
✓ Handshake OK, clientId: bxp71uz135v7l1fln9ip81g2ex0u8
[DEBUG] SEND connect (first)
[DEBUG] RECV: /meta/connect 
[DEBUG] SEND connect (second)
[DEBUG] SEND login yousuck357-xj5
[DEBUG] RECV: /service/controller loginResponse
✓ Login successful! CID: 255468164
[DEBUG] SEND namerator message

=== SUCCESS ===
Listening for game events... (Ctrl+C to exit)

[DEBUG] RECV: /meta/connect 
[DEBUG] RECV: /service/controller 
[DEBUG] RECV: /service/controller 
[DEBUG] RECV: /service/status status
✓ Game is ACTIVE
[DEBUG] RECV: /service/player message

🎉 JOINED AS: HappyLeopard79
   Player CID: 255468164
[DEBUG] RECV: /service/player message
[DEBUG] RECV: /meta/connect 
[DEBUG] RECV: /service/player message
[DEBUG] RECV: /meta/connect 
[DEBUG] RECV: /service/player message
[DEBUG] RECV: /meta/connect 
[DEBUG] RECV: /service/player message
[DEBUG] RECV: /meta/connect 
[DEBUG] RECV: /service/player message
[DEBUG] RECV: /meta/connect 
[DEBUG] RECV: /service/player message
[DEBUG] RECV: /meta/connect 
[DEBUG] RECV: /service/player message
[DEBUG] RECV: /meta/connect 
[DEBUG] RECV: /service/player message
[DEBUG] RECV: /meta/connect 
[DEBUG] RECV: /service/status status
[DEBUG] RECV: /meta/connect 
