
=== Kahoot Auto-Join ===
Game PIN: 5814465
Player: yousuck32-555

[1/3] Getting session token...
[DEBUG] Session token (raw): X35uQgZyDlkqHHoLaVclYjw9KQtPa1B2B1FReFxXQQQbXHp7cwZkCEBpYR9aQiAuPGZfIVQ6Kw1uHzp3DWsCVHcGBhNAZwEoekBTUlRSDFwFNk4KBlZ5CAYhUgBcf1xU
[DEBUG] Session token length: 128
[DEBUG] Base64 decoded length: 96
   ✓ Got session token
[2/3] Decoding token...
[DEBUG] Challenge message length: 100
[DEBUG] Offset: 94384
[DEBUG] Decoded challenge length: 100
[DEBUG] Token bytes length: 96
[DEBUG] Final token length: 96
[DEBUG] Final token: 486178f2af6437d0fbef56074552f180c7337b92777ee6fcd05f3daf3ea583909e9c77eb36279951ec705d469aada0f5
[DEBUG] Token: 486178f2af6437d0fbef56074552f180c7337b92777ee6fcd05f3daf3ea583909e9c77eb36279951ec705d469aada0f5
   ✓ Token decoded (length: 96)
[3/3] Connecting...

[DEBUG] WebSocket URL: wss://kahoot.it/cometd/5814465/486178f2af6437d0fbef56074552f180c7337b92777ee6fcd05f3daf3ea583909e9c77eb36279951ec705d469aada0f5
✓ Connected to WebSocket
[DEBUG] SEND handshake
[DEBUG] RECV: /meta/handshake 
✓ Handshake OK, clientId: 92uil19xjmi62tgvs4qfdtuejsk
[DEBUG] SEND connect (first)
[DEBUG] RECV: /meta/connect 
[DEBUG] SEND connect (second)
[DEBUG] SEND login yousuck32-555
[DEBUG] RECV: /service/status status
[DEBUG] RECV: /meta/connect 
[DEBUG] RECV: /service/controller 

⚠ Timeout - check if name appears in Kahoot lobby
[DEBUG] WebSocket closed: 1005

=== FAILED ===
Error: Connection closed (1005)
