
=== Kahoot Auto-Join ===
Game PIN: 5814465
Player: yousuck51-3tp

[1/3] Getting session token...
[DEBUG] Session token (raw): WlgKLk9Vb0ZfWV9nVy0AYwE7ekJJYmEPXAFTTwh/bQluXkQxCktNNmRrIA4MNWYGbGFNPx4vXkJcYj5SHhVcYlVHCCx3YRRXfQYPNF8OBkpzYQJeIgwFAlBeI0V2ZTAv
[DEBUG] Session token length: 128
[DEBUG] Base64 decoded length: 96
   ✓ Got session token
[2/3] Decoding token...
[DEBUG] Challenge message length: 100
[DEBUG] Offset: 29121
[DEBUG] Decoded challenge length: 100
[DEBUG] Token bytes length: 96
[DEBUG] Final token length: 96
[DEBUG] Final token: e7ce568191827c121a83864ecb1573767a6e235d77fd8b1f056cebf452d6ddd9d37e97c19b2fa111148ed034d3d582ac
[DEBUG] Token: e7ce568191827c121a83864ecb1573767a6e235d77fd8b1f056cebf452d6ddd9d37e97c19b2fa111148ed034d3d582ac
   ✓ Token decoded (length: 96)
[3/3] Connecting...

[DEBUG] WebSocket URL: wss://kahoot.it/cometd/5814465/e7ce568191827c121a83864ecb1573767a6e235d77fd8b1f056cebf452d6ddd9d37e97c19b2fa111148ed034d3d582ac
✓ Connected to WebSocket
[DEBUG] SEND handshake
[DEBUG] RECV: /meta/handshake 
✓ Handshake OK, clientId: 92sszn3f30qrg6p9egv4jpfilxgy
[DEBUG] SEND connect (first)
[DEBUG] RECV: /meta/connect 
[DEBUG] SEND connect (second)
[DEBUG] SEND login yousuck51-3tp
[DEBUG] RECV: /service/status status
[DEBUG] RECV: /meta/connect 
[DEBUG] RECV: /service/controller 

⚠ Timeout - check if name appears in Kahoot lobby
[DEBUG] WebSocket closed: 1005

=== FAILED ===
Error: Connection closed (1005)
