
=== Kahoot Auto-Join ===
Game PIN: 5114254
Player: yousuck771-g4z

[1/3] Getting session token...
[DEBUG] Session token (raw): HA0gOkkBGE5ucANrAQNIWw1qCUVHZw9ZOiI2fyEBODs+dnRyVhl2AglWZ2AoBgg9QX1lUWVYCQhdc1IIcV1YBgNRQykGS2I7X1pcWAJDKUZcOWp7c3p1a1UfYVtRDWph
[DEBUG] Session token length: 128
[DEBUG] Base64 decoded length: 96
   ✓ Got session token
[2/3] Decoding token...
[DEBUG] Challenge message length: 100
[DEBUG] Offset: 550624
[DEBUG] Decoded challenge length: 100
[DEBUG] Token bytes length: 96
[DEBUG] Final token length: 96
[DEBUG] Final token: f5ab36b43342792602510976adb1c0dfd8600a109179f74d243560a0f08d9c4c549e985afee709c25a0311321d378473
[DEBUG] Token: f5ab36b43342792602510976adb1c0dfd8600a109179f74d243560a0f08d9c4c549e985afee709c25a0311321d378473
   ✓ Token decoded (length: 96)
[3/3] Connecting...

[DEBUG] WebSocket URL: wss://kahoot.it/cometd/5114254/f5ab36b43342792602510976adb1c0dfd8600a109179f74d243560a0f08d9c4c549e985afee709c25a0311321d378473
✓ Connected to WebSocket
[DEBUG] SEND handshake
[DEBUG] RECV: /meta/handshake 
✓ Handshake OK, clientId: by0w1sr8t4hp2crblmo5tan7e3dqn
[DEBUG] SEND connect (first)
[DEBUG] RECV: /meta/connect 
[DEBUG] SEND connect (second)
[DEBUG] SEND login yousuck771-g4z
[DEBUG] RECV: /service/controller loginResponse
✓ Login successful! CID: 1653919680
[DEBUG] SEND namerator message

=== SUCCESS ===
Listening for game events... (Ctrl+C to exit)

[DEBUG] RECV: /meta/connect 
[DEBUG] RECV: /service/controller 
[DEBUG] RECV: /service/controller 
[DEBUG] RECV: /service/status status
✓ Game is ACTIVE
[DEBUG] RECV: /service/player message

🎉 JOINED AS: WonderHorse0
   Player CID: 1653919680
[DEBUG] RECV: /service/player message
[DEBUG] RECV: /meta/connect 
[DEBUG] RECV: /service/player message
[DEBUG] RECV: /meta/connect 
[DEBUG] RECV: /service/player message
[DEBUG] RECV: /meta/connect 
[DEBUG] RECV: /service/status status
[DEBUG] RECV: /meta/connect 
