
=== Kahoot Auto-Join ===
Game PIN: 5732350
Player: yousuck78-zn4

[1/3] Getting session token...
[DEBUG] Session token (raw): QFJMRwtfAiEDZT9eL2FoUF89cTxXLWNVBAxPJkRGDEBfeQ8NGXBVRTFXXhVjBBV3d10vCHoRVloAVgltdAcQCFs9LycheHxbTjVbLEISTX0OegcVMklpcXwMBFtTIAta
[DEBUG] Session token length: 128
[DEBUG] Base64 decoded length: 96
   ✓ Got session token
[2/3] Decoding token...
[DEBUG] Challenge message length: 100
[DEBUG] Offset: 107331
[DEBUG] Decoded challenge length: 100
[DEBUG] Token bytes length: 96
[DEBUG] Final token length: 96
[DEBUG] Final token: 62917edd98dae1225b7a7a62908d238643d3b939f21e6cb295e48b517ed50bf65deea9965b8d1d67753fa28869439a6e
[DEBUG] Token: 62917edd98dae1225b7a7a62908d238643d3b939f21e6cb295e48b517ed50bf65deea9965b8d1d67753fa28869439a6e
   ✓ Token decoded (length: 96)
[3/3] Connecting...

[DEBUG] WebSocket URL: wss://kahoot.it/cometd/5732350/62917edd98dae1225b7a7a62908d238643d3b939f21e6cb295e48b517ed50bf65deea9965b8d1d67753fa28869439a6e
✓ Connected to WebSocket
[DEBUG] SEND handshake
[DEBUG] RECV: /meta/handshake 
✓ Handshake OK, clientId: bzo44uo4gth92y1e1cjh64npo2860
[DEBUG] SEND connect (first)
[DEBUG] RECV: /meta/connect 
[DEBUG] SEND connect (second)
[DEBUG] SEND login yousuck78-zn4
[DEBUG] RECV: /service/controller loginResponse
✓ Login successful! CID: 1912572344
[DEBUG] SEND namerator message

=== SUCCESS ===
Listening for game events... (Ctrl+C to exit)

[DEBUG] RECV: /meta/connect 
[DEBUG] RECV: /service/controller 
[DEBUG] RECV: /service/controller 
[DEBUG] RECV: /service/status status
✓ Game is ACTIVE
[DEBUG] RECV: /service/player message

🎉 JOINED AS: RockstarEgret56
   Player CID: 1912572344
[DEBUG] RECV: /service/player message
[DEBUG] RECV: /meta/connect 
[DEBUG] RECV: /service/player message
[DEBUG] RECV: /meta/connect 
[DEBUG] RECV: /service/player message
[DEBUG] RECV: /meta/connect 
[DEBUG] RECV: /service/status status
[DEBUG] RECV: /meta/connect 
