
=== Kahoot Auto-Join ===
Game PIN: 5114254
Player: yousuck398-uzc

[1/3] Getting session token...
[DEBUG] Session token (raw): ZBRWX2xbUXYkZURTQEY+VFgrVg9QBjAaXVANUHVbdAZEBBVkSFRFWQpUKBFED1F3AEksDBBVWFZTJw9tURBuXEVBXzk/FT0HGQgCM1k/DRc+ClJCUlouZUpMckdaNwwB
[DEBUG] Session token length: 128
[DEBUG] Base64 decoded length: 96
   ✓ Got session token
[2/3] Decoding token...
[DEBUG] Challenge message length: 100
[DEBUG] Offset: 4202
[DEBUG] Decoded challenge length: 100
[DEBUG] Token bytes length: 96
[DEBUG] Final token length: 96
[DEBUG] Final token: 8a0391d1d08c40b0ad4c5eafbc6128241cd8163c03ff66c591b8d9410fe91a3e748dcaaeafcaec5ba73211b184567abb
[DEBUG] Token: 8a0391d1d08c40b0ad4c5eafbc6128241cd8163c03ff66c591b8d9410fe91a3e748dcaaeafcaec5ba73211b184567abb
   ✓ Token decoded (length: 96)
[3/3] Connecting...

[DEBUG] WebSocket URL: wss://kahoot.it/cometd/5114254/8a0391d1d08c40b0ad4c5eafbc6128241cd8163c03ff66c591b8d9410fe91a3e748dcaaeafcaec5ba73211b184567abb
✓ Connected to WebSocket
[DEBUG] SEND handshake
[DEBUG] RECV: /meta/handshake 
✓ Handshake OK, clientId: bxq54aay9by2pswg1lozkcv6hvyiu
[DEBUG] SEND connect (first)
[DEBUG] RECV: /meta/connect 
[DEBUG] SEND connect (second)
[DEBUG] SEND login yousuck398-uzc
[DEBUG] RECV: /service/controller loginResponse
✓ Login successful! CID: 1697593956
[DEBUG] SEND namerator message

=== SUCCESS ===
Listening for game events... (Ctrl+C to exit)

[DEBUG] RECV: /meta/connect 
[DEBUG] RECV: /service/controller 
[DEBUG] RECV: /service/controller 
[DEBUG] RECV: /service/status status
✓ Game is ACTIVE
[DEBUG] RECV: /service/player message

🎉 JOINED AS: KnowingPigeon92
   Player CID: 1697593956
[DEBUG] RECV: /service/player message
[DEBUG] RECV: /meta/connect 
[DEBUG] RECV: /service/player message
[DEBUG] RECV: /meta/connect 
[DEBUG] RECV: /service/player message
[DEBUG] RECV: /meta/connect 
[DEBUG] RECV: /service/player message
[DEBUG] RECV: /meta/connect 
[DEBUG] RECV: /service/player message
[DEBUG] RECV: /meta/connect 
[DEBUG] RECV: /service/player message
[DEBUG] RECV: /meta/connect 
[DEBUG] RECV: /service/player message
[DEBUG] RECV: /meta/connect 
[DEBUG] RECV: /service/player message
[DEBUG] RECV: /meta/connect 
[DEBUG] RECV: /service/status status
[DEBUG] RECV: /meta/connect 
