
=== Kahoot Auto-Join ===
Game PIN: 5114254
Player: yousuck178-170

[1/3] Getting session token...
[DEBUG] Session token (raw): W1M1LUY6EHlhQkAoCgADEAgILQZwdF12AHkKAQ1zPFthOwgKBw0mBQMOWAFjBgcuU2YHfFxdDxdRUXpfHw4ICicAYVBAMlBbCwJOB3dfDUIAEmUGAFgJdg1PewBAQXAv
[DEBUG] Session token length: 128
[DEBUG] Base64 decoded length: 96
   ✓ Got session token
[2/3] Decoding token...
[DEBUG] Challenge message length: 100
[DEBUG] Offset: 4557
[DEBUG] Decoded challenge length: 100
[DEBUG] Token bytes length: 96
[DEBUG] Final token length: 96
[DEBUG] Final token: e3dc3fd5568a0d3e19a228c5085738e53d7be6f9b09c78bfc511791b9b51ee9bac564d8056222af52e8a7c233960517e
[DEBUG] Token: e3dc3fd5568a0d3e19a228c5085738e53d7be6f9b09c78bfc511791b9b51ee9bac564d8056222af52e8a7c233960517e
   ✓ Token decoded (length: 96)
[3/3] Connecting...

[DEBUG] WebSocket URL: wss://kahoot.it/cometd/5114254/e3dc3fd5568a0d3e19a228c5085738e53d7be6f9b09c78bfc511791b9b51ee9bac564d8056222af52e8a7c233960517e
✓ Connected to WebSocket
[DEBUG] SEND handshake
[DEBUG] RECV: /meta/handshake 
✓ Handshake OK, clientId: bxka1ou779s9nyfvymevb4x3nfu29
[DEBUG] SEND connect (first)
[DEBUG] RECV: /meta/connect 
[DEBUG] SEND connect (second)
[DEBUG] SEND login yousuck178-170
[DEBUG] RECV: /service/controller loginResponse
✓ Login successful! CID: 1741636933
[DEBUG] SEND namerator message

=== SUCCESS ===
Listening for game events... (Ctrl+C to exit)

[DEBUG] RECV: /meta/connect 
[DEBUG] RECV: /service/controller 
[DEBUG] RECV: /service/controller 
[DEBUG] RECV: /service/status status
✓ Game is ACTIVE
[DEBUG] RECV: /service/player message

🎉 JOINED AS: ArcticPigeon44
   Player CID: 1741636933
[DEBUG] RECV: /service/player message
[DEBUG] RECV: /service/player message
[DEBUG] RECV: /meta/connect 
[DEBUG] RECV: /service/player message
[DEBUG] RECV: /meta/connect 
[DEBUG] RECV: /service/player message
[DEBUG] RECV: /meta/connect 
[DEBUG] RECV: /service/player message
[DEBUG] RECV: /meta/connect 
[DEBUG] RECV: /service/player message
[DEBUG] RECV: /meta/connect 
[DEBUG] RECV: /service/player message
[DEBUG] RECV: /meta/connect 
[DEBUG] RECV: /service/player message
[DEBUG] RECV: /meta/connect 
[DEBUG] RECV: /service/player message
[DEBUG] RECV: /meta/connect 
[DEBUG] RECV: /service/player message
[DEBUG] RECV: /meta/connect 
[DEBUG] RECV: /service/player message
[DEBUG] RECV: /meta/connect 
[DEBUG] RECV: /service/player message
[DEBUG] RECV: /meta/connect 
[DEBUG] RECV: /service/status status
[DEBUG] RECV: /meta/connect 
