
=== Kahoot Auto-Join ===
Game PIN: 5814465
Player: yousuck10-07k

[1/3] Getting session token...
[DEBUG] Session token (raw): UCI6AVATK1FzalQHWAFmJzV+XANQUQJpChAIJ1ZuM0UsWFspEzoMf1dwUSt2AHtBMmF+Wk9iPWFdOGsdBV8BUHhzch8HYzlXFkRXDGFTDGwLbVcEVWMNZVZzC1IPAxAu
[DEBUG] Session token length: 128
[DEBUG] Base64 decoded length: 96
   ✓ Got session token
[2/3] Decoding token...
[DEBUG] Challenge message length: 100
[DEBUG] Offset: 819
[DEBUG] Decoded challenge length: 100
[DEBUG] Token bytes length: 96
[DEBUG] Final token length: 96
[DEBUG] Final token: 1dc17dfa74d2965cd9432f713a6e96d2f9eeeb64789d6193a25332a7cf0e5dc8662c59c2f53972d1a265b63173f3cdcf
[DEBUG] Token: 1dc17dfa74d2965cd9432f713a6e96d2f9eeeb64789d6193a25332a7cf0e5dc8662c59c2f53972d1a265b63173f3cdcf
   ✓ Token decoded (length: 96)
[3/3] Connecting...

[DEBUG] WebSocket URL: wss://kahoot.it/cometd/5814465/1dc17dfa74d2965cd9432f713a6e96d2f9eeeb64789d6193a25332a7cf0e5dc8662c59c2f53972d1a265b63173f3cdcf
✓ Connected to WebSocket
[DEBUG] SEND handshake
[DEBUG] RECV: /meta/handshake 
✓ Handshake OK, clientId: 92qt1pgzluc6dk2y110r73qsercxyo
[DEBUG] SEND connect (first)
[DEBUG] RECV: /meta/connect 
[DEBUG] SEND connect (second)
[DEBUG] SEND login yousuck10-07k
[DEBUG] RECV: /service/controller loginResponse
✓ Login successful! CID: 1525656828
[DEBUG] SEND namerator message

=== SUCCESS ===
Listening for game events... (Ctrl+C to exit)

[DEBUG] RECV: /meta/connect 
[DEBUG] RECV: /service/controller 
[DEBUG] RECV: /service/controller 
[DEBUG] RECV: /meta/connect 
[DEBUG] RECV: /meta/connect 
[DEBUG] RECV: /meta/connect 
[DEBUG] RECV: /meta/connect 
[DEBUG] RECV: /meta/connect 
[DEBUG] RECV: /meta/connect 
[DEBUG] RECV: /meta/connect 
[DEBUG] RECV: /meta/connect 
[DEBUG] RECV: /meta/connect 
[DEBUG] RECV: /meta/connect 
[DEBUG] RECV: /meta/connect 
[DEBUG] RECV: /meta/connect 
[DEBUG] RECV: /meta/connect 
[DEBUG] RECV: /meta/connect 
[DEBUG] RECV: /meta/connect 
[DEBUG] RECV: /meta/connect 
[DEBUG] RECV: /meta/connect 
[DEBUG] RECV: /meta/connect 
[DEBUG] RECV: /meta/connect 
[DEBUG] RECV: /meta/connect 
[DEBUG] RECV: /meta/connect 
[DEBUG] RECV: /meta/connect 
[DEBUG] RECV: /meta/connect 
[DEBUG] RECV: /meta/connect 
[DEBUG] RECV: /meta/connect 
[DEBUG] RECV: /meta/connect 
[DEBUG] RECV: /meta/connect 
