
=== Kahoot Auto-Join ===
Game PIN: 5732350
Player: yousuck23-xda

[1/3] Getting session token...
[DEBUG] Session token (raw): CVFRVRdZPgZfbFkBcFx4QnBlfCoIB1IJDl5aLVQtWHpebjRaflIEXm07LVwJZW1ETmIpCW1YYH53UgUqcQ87LhgJVnwLCw0kTzs7S2BVB0QjDVUOfD0SbAQ1Dw4YAXVV
[DEBUG] Session token length: 128
[DEBUG] Base64 decoded length: 96
   ✓ Got session token
[2/3] Decoding token...
[DEBUG] Challenge message length: 100
[DEBUG] Offset: 0
[DEBUG] Decoded challenge length: 100
[DEBUG] Token bytes length: 96
[DEBUG] Final token length: 96
[DEBUG] Final token: 9852a1d1263f5540520d6051588acc70b2ed26747ba1282121fe9d182d9c53ebac119eeb7cd84ee6ebe70cb1cd8faa2f
[DEBUG] Token: 9852a1d1263f5540520d6051588acc70b2ed26747ba1282121fe9d182d9c53ebac119eeb7cd84ee6ebe70cb1cd8faa2f
   ✓ Token decoded (length: 96)
[3/3] Connecting...

[DEBUG] WebSocket URL: wss://kahoot.it/cometd/5732350/9852a1d1263f5540520d6051588acc70b2ed26747ba1282121fe9d182d9c53ebac119eeb7cd84ee6ebe70cb1cd8faa2f
✓ Connected to WebSocket
[DEBUG] SEND handshake
[DEBUG] RECV: /meta/handshake 
✓ Handshake OK, clientId: bzj243kj7zf36srmhkhm1imwc2g
[DEBUG] SEND connect (first)
[DEBUG] RECV: /meta/connect 
[DEBUG] SEND connect (second)
[DEBUG] SEND login yousuck23-xda
[DEBUG] RECV: /service/controller loginResponse
✓ Login successful! CID: 81720684
[DEBUG] SEND namerator message

=== SUCCESS ===
Listening for game events... (Ctrl+C to exit)

[DEBUG] RECV: /meta/connect 
[DEBUG] RECV: /service/controller 
[DEBUG] RECV: /service/controller 
[DEBUG] RECV: /service/status status
✓ Game is ACTIVE
[DEBUG] RECV: /service/player message

🎉 JOINED AS: SpeedyHorse46
   Player CID: 81720684
[DEBUG] RECV: /service/player message
[DEBUG] RECV: /service/player message
[DEBUG] RECV: /service/player message
[DEBUG] RECV: /meta/connect 
[DEBUG] RECV: /service/player message
[DEBUG] RECV: /service/player message
[DEBUG] RECV: /meta/connect 
[DEBUG] RECV: /service/player message
[DEBUG] RECV: /service/player message
[DEBUG] RECV: /meta/connect 
[DEBUG] RECV: /service/player message
[DEBUG] RECV: /meta/connect 
[DEBUG] RECV: /service/player message
[DEBUG] RECV: /meta/connect 
[DEBUG] RECV: /service/player message
[DEBUG] RECV: /meta/connect 
[DEBUG] RECV: /service/player message
[DEBUG] RECV: /meta/connect 
[DEBUG] RECV: /service/player message
[DEBUG] RECV: /meta/connect 
[DEBUG] RECV: /service/status status
[DEBUG] RECV: /meta/connect 
