
=== Kahoot Auto-Join ===
Game PIN: 5114254
Player: yousuck129-y3q

[1/3] Getting session token...
[DEBUG] Session token (raw): aV0iG3Baf3QPCS1pTCFfCyhlUmIiDgIHZHdMbDkIX1wBaUgQEX5fV1ldTBxDWQRdQFN4ViIAFD1XEVMnDVsJQjZxQi9+VjBZclkoC2o3UUt9NXJIOShOUwI7OmRRDxgg
[DEBUG] Session token length: 128
[DEBUG] Base64 decoded length: 96
   ✓ Got session token
[2/3] Decoding token...
[DEBUG] Challenge message length: 100
[DEBUG] Offset: 1086729600
[DEBUG] Decoded challenge length: 100
[DEBUG] Token bytes length: 96
[DEBUG] Final token length: 96
[DEBUG] Final token: 86cc5307c2c59dc5a1b9d22d1105a309654db1dfde7f166f2502ddfa1eadb6b9d10c8da053b08f720d99ff759fc5d5dd
[DEBUG] Token: 86cc5307c2c59dc5a1b9d22d1105a309654db1dfde7f166f2502ddfa1eadb6b9d10c8da053b08f720d99ff759fc5d5dd
   ✓ Token decoded (length: 96)
[3/3] Connecting...

[DEBUG] WebSocket URL: wss://kahoot.it/cometd/5114254/86cc5307c2c59dc5a1b9d22d1105a309654db1dfde7f166f2502ddfa1eadb6b9d10c8da053b08f720d99ff759fc5d5dd
✓ Connected to WebSocket
[DEBUG] SEND handshake
[DEBUG] RECV: /meta/handshake 
✓ Handshake OK, clientId: bxit13net5ya5rrz21qvo9hs4a4gd7
[DEBUG] SEND connect (first)
[DEBUG] RECV: /meta/connect 
[DEBUG] SEND connect (second)
[DEBUG] SEND login yousuck129-y3q
[DEBUG] RECV: /service/controller 

⚠ Timeout - check if name appears in Kahoot lobby
[DEBUG] WebSocket closed: 1005

=== FAILED ===
Error: Connection closed (1005)
