
=== Kahoot Auto-Join ===
Game PIN: 5732350
Player: yousuck75-ihp

[1/3] Getting session token...
[DEBUG] Session token (raw): dyIFOA5/AwQneExPCC18PBpTCA5VRl5TWwxADgheZGwHSjkDZngjMCJ+AixWAEQjDQ4TCXpQeiRGXX8QOCwHIBAPbQVDFlVaAWJ8XXUjajVTDxFQcwsHcDZXaT5haxB2
[DEBUG] Session token length: 128
[DEBUG] Base64 decoded length: 96
   ✓ Got session token
[2/3] Decoding token...
[DEBUG] Challenge message length: 100
[DEBUG] Offset: 10932096
[DEBUG] Decoded challenge length: 100
[DEBUG] Token bytes length: 96
[DEBUG] Final token length: 96
[DEBUG] Final token: 2c0e5143a4832c9ea2aca08c395b826326e326fff32b026dbfa27f4a0b1dcc4ee26b1e42050e5f6d24b86b68ff2d66a0
[DEBUG] Token: 2c0e5143a4832c9ea2aca08c395b826326e326fff32b026dbfa27f4a0b1dcc4ee26b1e42050e5f6d24b86b68ff2d66a0
   ✓ Token decoded (length: 96)
[3/3] Connecting...

[DEBUG] WebSocket URL: wss://kahoot.it/cometd/5732350/2c0e5143a4832c9ea2aca08c395b826326e326fff32b026dbfa27f4a0b1dcc4ee26b1e42050e5f6d24b86b68ff2d66a0
✓ Connected to WebSocket
[DEBUG] SEND handshake
[DEBUG] RECV: /meta/handshake 
✓ Handshake OK, clientId: bzq275tdiyazr8yv1h1ik28lgogcv
[DEBUG] SEND connect (first)
[DEBUG] RECV: /meta/connect 
[DEBUG] SEND connect (second)
[DEBUG] SEND login yousuck75-ihp
[DEBUG] RECV: /service/controller loginResponse
✓ Login successful! CID: 123295920
[DEBUG] SEND namerator message

=== SUCCESS ===
Listening for game events... (Ctrl+C to exit)

[DEBUG] RECV: /meta/connect 
[DEBUG] RECV: /service/controller 
[DEBUG] RECV: /service/controller 
[DEBUG] RECV: /service/status status
✓ Game is ACTIVE
[DEBUG] RECV: /service/player message

🎉 JOINED AS: PrairiePigeon30
   Player CID: 123295920
[DEBUG] RECV: /meta/connect 
[DEBUG] RECV: /service/player message
[DEBUG] RECV: /meta/connect 
[DEBUG] RECV: /service/status status
[DEBUG] RECV: /meta/connect 
