
=== Kahoot Auto-Join ===
Game PIN: 5114254
Player: yousuck752-e5j

[1/3] Getting session token...
[DEBUG] Session token (raw): VjkLWEsEQg5QBmVzWW1ODQcaB3UlVV1NMQwgZVkAEV0/ZmZXDlxdUw5Pd3cnbEBDDmthWX5ZDjIJaA0PDG0PRyplal1PHndEMSBlbykIVAIPCm9cVhEsNFhsCU57XiAs
[DEBUG] Session token length: 128
[DEBUG] Base64 decoded length: 96
   ✓ Got session token
[2/3] Decoding token...
[DEBUG] Challenge message length: 100
[DEBUG] Offset: 42688800
[DEBUG] Decoded challenge length: 100
[DEBUG] Token bytes length: 96
[DEBUG] Final token length: 96
[DEBUG] Final token: fa02117a0b45b7868c74abf9d7c484e1d788230b7825a18198849fcc93e42751d56a6b21ad45e8d70a227cbdc91853ef
[DEBUG] Token: fa02117a0b45b7868c74abf9d7c484e1d788230b7825a18198849fcc93e42751d56a6b21ad45e8d70a227cbdc91853ef
   ✓ Token decoded (length: 96)
[3/3] Connecting...

[DEBUG] WebSocket URL: wss://kahoot.it/cometd/5114254/fa02117a0b45b7868c74abf9d7c484e1d788230b7825a18198849fcc93e42751d56a6b21ad45e8d70a227cbdc91853ef
✓ Connected to WebSocket
[DEBUG] SEND handshake
[DEBUG] RECV: /meta/handshake 
✓ Handshake OK, clientId: by0613h91ocaq2x40ssislb9frmxi
[DEBUG] SEND connect (first)
[DEBUG] RECV: /meta/connect 
[DEBUG] SEND connect (second)
[DEBUG] SEND login yousuck752-e5j
[DEBUG] RECV: /service/controller loginResponse
✓ Login successful! CID: 230019051
[DEBUG] SEND namerator message

=== SUCCESS ===
Listening for game events... (Ctrl+C to exit)

[DEBUG] RECV: /meta/connect 
[DEBUG] RECV: /service/controller 
[DEBUG] RECV: /service/controller 
[DEBUG] RECV: /service/status status
✓ Game is ACTIVE
[DEBUG] RECV: /service/player message

🎉 JOINED AS: PowerCondor99
   Player CID: 230019051
[DEBUG] RECV: /service/player message
[DEBUG] RECV: /meta/connect 
[DEBUG] RECV: /service/player message
[DEBUG] RECV: /meta/connect 
[DEBUG] RECV: /service/player message
[DEBUG] RECV: /meta/connect 
[DEBUG] RECV: /service/status status
[DEBUG] RECV: /meta/connect 
