
=== Kahoot Auto-Join ===
Game PIN: 5732350
Player: yousuck96-th3

[1/3] Getting session token...
[DEBUG] Session token (raw): VFglOSF7D1kHDAMGVQpdXn9dR0Q/Fm54HFFdIg8OXgdAbw1vB11TOm4YOGoCChpdBgd8cFwKJDsBRwUCaWV5RV0lN0J0fEMCNBx3cwgID0ILJlZ9aVBZWAo2EDcDUSxF
[DEBUG] Session token length: 128
[DEBUG] Base64 decoded length: 96
   ✓ Got session token
[2/3] Decoding token...
[DEBUG] Challenge message length: 100
[DEBUG] Offset: 1310
[DEBUG] Decoded challenge length: 100
[DEBUG] Token bytes length: 96
[DEBUG] Final token length: 96
[DEBUG] Final token: eddea23a09c7e5402132da35eaeff4b112343a1f3dc83df666277eef961298457de7543bcd41b9754b982f546dec57c1
[DEBUG] Token: eddea23a09c7e5402132da35eaeff4b112343a1f3dc83df666277eef961298457de7543bcd41b9754b982f546dec57c1
   ✓ Token decoded (length: 96)
[3/3] Connecting...

[DEBUG] WebSocket URL: wss://kahoot.it/cometd/5732350/eddea23a09c7e5402132da35eaeff4b112343a1f3dc83df666277eef961298457de7543bcd41b9754b982f546dec57c1
✓ Connected to WebSocket
[DEBUG] SEND handshake
[DEBUG] RECV: /meta/handshake 
✓ Handshake OK, clientId: bzks1t3tpclpppsr1fmenpp42u1ef
[DEBUG] SEND connect (first)
[DEBUG] RECV: /meta/connect 
[DEBUG] SEND connect (second)
[DEBUG] SEND login yousuck96-th3
[DEBUG] RECV: /service/controller loginResponse
✓ Login successful! CID: 291998171
[DEBUG] SEND namerator message

=== SUCCESS ===
Listening for game events... (Ctrl+C to exit)

[DEBUG] RECV: /meta/connect 
[DEBUG] RECV: /service/controller 
[DEBUG] RECV: /service/controller 
[DEBUG] RECV: /service/status status
✓ Game is ACTIVE
[DEBUG] RECV: /service/player message
[DEBUG] RECV: /service/player message

🎉 JOINED AS: MajesticYeti53
   Player CID: 291998171
[DEBUG] RECV: /service/player message
[DEBUG] RECV: /service/player message
[DEBUG] RECV: /service/player message
[DEBUG] RECV: /meta/connect 
[DEBUG] RECV: /service/player message
[DEBUG] RECV: /meta/connect 
[DEBUG] RECV: /service/player message
[DEBUG] RECV: /meta/connect 
[DEBUG] RECV: /service/player message
[DEBUG] RECV: /meta/connect 
[DEBUG] RECV: /service/player message
[DEBUG] RECV: /meta/connect 
[DEBUG] RECV: /service/status status
[DEBUG] RECV: /meta/connect 
