
=== Kahoot Auto-Join ===
Game PIN: 5814465
Player: yousuck6-dxs

[1/3] Getting session token...
[DEBUG] Session token (raw): ClZgTF9rU1heGXJvBn0INXhFaSlkWw0jXit8GD9TBjUPUz8sSm1MDE11AAxRXBV4GRAMLH0CdkokT3hABDp+dlVdd1xHECF0XEYNAkFaPwpBCFoCDWd1PAcVA2tgPQ93
[DEBUG] Session token length: 128
[DEBUG] Base64 decoded length: 96
   ✓ Got session token
[2/3] Decoding token...
[DEBUG] Challenge message length: 100
[DEBUG] Offset: 6092
[DEBUG] Decoded challenge length: 100
[DEBUG] Token bytes length: 96
[DEBUG] Final token length: 96
[DEBUG] Final token: 3709633adb45a01b007e314fbb9cc23fe6eb287758c346d7aa2f6f01c338ed18153b6ff186473cfd2538438cbce78b03
[DEBUG] Token: 3709633adb45a01b007e314fbb9cc23fe6eb287758c346d7aa2f6f01c338ed18153b6ff186473cfd2538438cbce78b03
   ✓ Token decoded (length: 96)
[3/3] Connecting...

[DEBUG] WebSocket URL: wss://kahoot.it/cometd/5814465/3709633adb45a01b007e314fbb9cc23fe6eb287758c346d7aa2f6f01c338ed18153b6ff186473cfd2538438cbce78b03
✓ Connected to WebSocket
[DEBUG] SEND handshake
[DEBUG] RECV: /meta/handshake 
✓ Handshake OK, clientId: 92qmpycqznuqcwz3cty2lvdq1g5m
[DEBUG] SEND connect (first)
[DEBUG] RECV: /meta/connect 
[DEBUG] SEND connect (second)
[DEBUG] SEND login yousuck6-dxs
[DEBUG] RECV: /service/controller loginResponse
✓ Login successful! CID: 1363444333
[DEBUG] SEND namerator message

=== SUCCESS ===
Listening for game events... (Ctrl+C to exit)

[DEBUG] RECV: /meta/connect 
[DEBUG] RECV: /service/controller 
[DEBUG] RECV: /service/controller 
[DEBUG] RECV: /meta/connect 
[DEBUG] RECV: /meta/connect 
[DEBUG] RECV: /meta/connect 
[DEBUG] RECV: /meta/connect 
[DEBUG] RECV: /meta/connect 
[DEBUG] RECV: /meta/connect 
[DEBUG] RECV: /meta/connect 
[DEBUG] RECV: /meta/connect 
[DEBUG] RECV: /meta/connect 
[DEBUG] RECV: /meta/connect 
[DEBUG] RECV: /meta/connect 
[DEBUG] RECV: /meta/connect 
[DEBUG] RECV: /meta/connect 
[DEBUG] RECV: /meta/connect 
[DEBUG] RECV: /meta/connect 
[DEBUG] RECV: /meta/connect 
[DEBUG] RECV: /meta/connect 
[DEBUG] RECV: /meta/connect 
[DEBUG] RECV: /meta/connect 
[DEBUG] RECV: /meta/connect 
[DEBUG] RECV: /meta/connect 
[DEBUG] RECV: /meta/connect 
[DEBUG] RECV: /meta/connect 
[DEBUG] RECV: /meta/connect 
[DEBUG] RECV: /meta/connect 
[DEBUG] RECV: /meta/connect 
[DEBUG] RECV: /meta/connect 
