
=== Kahoot Auto-Join ===
Game PIN: 5114254
Player: yousuck822-mp1

[1/3] Getting session token...
[DEBUG] Session token (raw): Ln1yZ15sC2dAXncjWFp+CQF0UFYUbQBDDFwuGFoiCw5KCDdRbhQPDQZVBChNCF9fDBJ+Lg8WWlNTc0E9CSxNf3ECVENYdwtQSwsMAlopDmkNWGIsUVgvYXNXZXNCRmJB
[DEBUG] Session token length: 128
[DEBUG] Base64 decoded length: 96
   ✓ Got session token
[2/3] Decoding token...
[DEBUG] Challenge message length: 100
[DEBUG] Offset: 14042
[DEBUG] Decoded challenge length: 100
[DEBUG] Token bytes length: 96
[DEBUG] Final token length: 96
[DEBUG] Final token: b968b9045a2b9e2cc72df7b601ebde301eca9f7c5fec5d250d4a9a41d20fdb435895715a827b7ea0ee3afee729467007
[DEBUG] Token: b968b9045a2b9e2cc72df7b601ebde301eca9f7c5fec5d250d4a9a41d20fdb435895715a827b7ea0ee3afee729467007
   ✓ Token decoded (length: 96)
[3/3] Connecting...

[DEBUG] WebSocket URL: wss://kahoot.it/cometd/5114254/b968b9045a2b9e2cc72df7b601ebde301eca9f7c5fec5d250d4a9a41d20fdb435895715a827b7ea0ee3afee729467007
✓ Connected to WebSocket
[DEBUG] SEND handshake
[DEBUG] RECV: /meta/handshake 
✓ Handshake OK, clientId: by281ltzd8gfo57wivov77qwnw1fe
[DEBUG] SEND connect (first)
[DEBUG] RECV: /meta/connect 
[DEBUG] SEND connect (second)
[DEBUG] SEND login yousuck822-mp1
[DEBUG] RECV: /service/controller loginResponse
✓ Login successful! CID: 455325678
[DEBUG] SEND namerator message

=== SUCCESS ===
Listening for game events... (Ctrl+C to exit)

[DEBUG] RECV: /meta/connect 
[DEBUG] RECV: /service/controller 
[DEBUG] RECV: /service/controller 
[DEBUG] RECV: /service/status status
✓ Game is ACTIVE
[DEBUG] RECV: /service/player message

🎉 JOINED AS: RockstarRhino39
   Player CID: 455325678
[DEBUG] RECV: /service/player message
[DEBUG] RECV: /service/player message
[DEBUG] RECV: /meta/connect 
[DEBUG] RECV: /service/player message
[DEBUG] RECV: /meta/connect 
[DEBUG] RECV: /service/status status
[DEBUG] RECV: /meta/connect 
