
=== Kahoot Auto-Join ===
Game PIN: 5732350
Player: yousuck93-ph8

[1/3] Getting session token...
[DEBUG] Session token (raw): A3cVUVYZIAgLKRllXF5CXElvUkETDAJeCzNqfRAUfntccTgATwIMeF5TJ2hSOlpvdHtZfjcqelUDX1FnVDYpZxVrSjB7YmdDF2sFBGhaekoCUWBUUFpnKzgBHTJtBX9C
[DEBUG] Session token length: 128
[DEBUG] Base64 decoded length: 96
   ✓ Got session token
[2/3] Decoding token...
[DEBUG] Challenge message length: 100
[DEBUG] Offset: 97878
[DEBUG] Decoded challenge length: 100
[DEBUG] Token bytes length: 96
[DEBUG] Final token length: 96
[DEBUG] Final token: 87b3aef3bae4a1170297d7ed0a24ca7807be3d345be9bae819f0df1e8be92fe0b18a6875e9985a986793586cdefe8b48
[DEBUG] Token: 87b3aef3bae4a1170297d7ed0a24ca7807be3d345be9bae819f0df1e8be92fe0b18a6875e9985a986793586cdefe8b48
   ✓ Token decoded (length: 96)
[3/3] Connecting...

[DEBUG] WebSocket URL: wss://kahoot.it/cometd/5732350/87b3aef3bae4a1170297d7ed0a24ca7807be3d345be9bae819f0df1e8be92fe0b18a6875e9985a986793586cdefe8b48
✓ Connected to WebSocket
[DEBUG] SEND handshake
[DEBUG] RECV: /meta/handshake 
✓ Handshake OK, clientId: bzkm15it74e54xhzd198wy7g2ok57g
[DEBUG] SEND connect (first)
[DEBUG] RECV: /meta/connect 
[DEBUG] SEND connect (second)
[DEBUG] SEND login yousuck93-ph8
[DEBUG] RECV: /service/controller loginResponse
✓ Login successful! CID: 1486653491
[DEBUG] SEND namerator message

=== SUCCESS ===
Listening for game events... (Ctrl+C to exit)

[DEBUG] RECV: /meta/connect 
[DEBUG] RECV: /service/controller 
[DEBUG] RECV: /service/controller 
[DEBUG] RECV: /service/status status
✓ Game is ACTIVE
[DEBUG] RECV: /service/player message

🎉 JOINED AS: FlyingLion92
   Player CID: 1486653491
[DEBUG] RECV: /service/player message
[DEBUG] RECV: /service/player message
[DEBUG] RECV: /service/player message
[DEBUG] RECV: /service/player message
[DEBUG] RECV: /meta/connect 
[DEBUG] RECV: /service/player message
[DEBUG] RECV: /meta/connect 
[DEBUG] RECV: /service/player message
[DEBUG] RECV: /meta/connect 
[DEBUG] RECV: /service/player message
[DEBUG] RECV: /meta/connect 
[DEBUG] RECV: /service/player message
[DEBUG] RECV: /meta/connect 
[DEBUG] RECV: /service/status status
[DEBUG] RECV: /meta/connect 
