
=== Kahoot Auto-Join ===
Game PIN: 5114254
Player: yousuck220-3tv

[1/3] Getting session token...
[DEBUG] Session token (raw): aXsEFD8KO1Jbe1xMUAtLDnlXFwx6DVp1KS9+PX9FZGcICg1tXyNRFg8Oaw5rFw1RXjtieD9EaW8bAGJYCQh7bVIienkAJQ5YAglabGJoNFtDRFA7aFdiWDh0ZBd2QVN3
[DEBUG] Session token length: 128
[DEBUG] Base64 decoded length: 96
   ✓ Got session token
[2/3] Decoding token...
[DEBUG] Challenge message length: 100
[DEBUG] Offset: 4820
[DEBUG] Decoded challenge length: 100
[DEBUG] Token bytes length: 96
[DEBUG] Final token length: 96
[DEBUG] Final token: 72ebe5e76418db876ccb9a33be6c604938d3cc2ab6548b278e74a201a5611b43ee202cb50d8706c570ae6f0ef16d99b5
[DEBUG] Token: 72ebe5e76418db876ccb9a33be6c604938d3cc2ab6548b278e74a201a5611b43ee202cb50d8706c570ae6f0ef16d99b5
   ✓ Token decoded (length: 96)
[3/3] Connecting...

[DEBUG] WebSocket URL: wss://kahoot.it/cometd/5114254/72ebe5e76418db876ccb9a33be6c604938d3cc2ab6548b278e74a201a5611b43ee202cb50d8706c570ae6f0ef16d99b5
✓ Connected to WebSocket
[DEBUG] SEND handshake
[DEBUG] RECV: /meta/handshake 
✓ Handshake OK, clientId: bxle11l64tbqwe3hququ3snre60qu
[DEBUG] SEND connect (first)
[DEBUG] RECV: /meta/connect 
[DEBUG] SEND connect (second)
[DEBUG] SEND login yousuck220-3tv
[DEBUG] RECV: /service/controller loginResponse
✓ Login successful! CID: 1541229341
[DEBUG] SEND namerator message

=== SUCCESS ===
Listening for game events... (Ctrl+C to exit)

[DEBUG] RECV: /meta/connect 
[DEBUG] RECV: /service/controller 
[DEBUG] RECV: /service/controller 
[DEBUG] RECV: /service/status status
✓ Game is ACTIVE
[DEBUG] RECV: /service/player message

🎉 JOINED AS: AquaticUrchin98
   Player CID: 1541229341
[DEBUG] RECV: /service/player message
[DEBUG] RECV: /service/player message
[DEBUG] RECV: /meta/connect 
[DEBUG] RECV: /service/player message
[DEBUG] RECV: /meta/connect 
[DEBUG] RECV: /service/player message
[DEBUG] RECV: /meta/connect 
[DEBUG] RECV: /service/player message
[DEBUG] RECV: /meta/connect 
[DEBUG] RECV: /service/player message
[DEBUG] RECV: /meta/connect 
[DEBUG] RECV: /service/player message
[DEBUG] RECV: /meta/connect 
[DEBUG] RECV: /service/player message
[DEBUG] RECV: /meta/connect 
[DEBUG] RECV: /service/player message
[DEBUG] RECV: /meta/connect 
[DEBUG] RECV: /service/player message
[DEBUG] RECV: /meta/connect 
[DEBUG] RECV: /service/player message
[DEBUG] RECV: /meta/connect 
[DEBUG] RECV: /service/status status
[DEBUG] RECV: /meta/connect 
