
=== Kahoot Auto-Join ===
Game PIN: 5732350
Player: yousuck40-uu3

[1/3] Getting session token...
[DEBUG] Session token (raw): QGlYAS1iUwBReFdiaF0KalRVBkVfJA0CBwNbWCFzDWMRU3AIKXtbJGAfcywOQhkXdQcNC0JwfUlbGg9SPQJiIlxIP2UsZjFWblhOJFRDcTttWFJHf3QXdRAJBAteXkIv
[DEBUG] Session token length: 128
[DEBUG] Base64 decoded length: 96
   ✓ Got session token
[2/3] Decoding token...
[DEBUG] Challenge message length: 100
[DEBUG] Offset: 22046166
[DEBUG] Decoded challenge length: 100
[DEBUG] Token bytes length: 96
[DEBUG] Final token length: 96
[DEBUG] Final token: 15f2d3c225a25438f6c7fc7c6ea7f4c8e541c1ab0c4a40bd8dd785358a22e05b93d6c4d3078e926e572418f0a1a9c73a
[DEBUG] Token: 15f2d3c225a25438f6c7fc7c6ea7f4c8e541c1ab0c4a40bd8dd785358a22e05b93d6c4d3078e926e572418f0a1a9c73a
   ✓ Token decoded (length: 96)
[3/3] Connecting...

[DEBUG] WebSocket URL: wss://kahoot.it/cometd/5732350/15f2d3c225a25438f6c7fc7c6ea7f4c8e541c1ab0c4a40bd8dd785358a22e05b93d6c4d3078e926e572418f0a1a9c73a
✓ Connected to WebSocket
[DEBUG] SEND handshake
[DEBUG] RECV: /meta/handshake 
✓ Handshake OK, clientId: bzlx1e9hwgbpltul83mjh53zazijx
[DEBUG] SEND connect (first)
[DEBUG] RECV: /meta/connect 
[DEBUG] SEND connect (second)
[DEBUG] SEND login yousuck40-uu3
[DEBUG] RECV: /service/controller loginResponse
✓ Login successful! CID: 1872487030
[DEBUG] SEND namerator message

=== SUCCESS ===
Listening for game events... (Ctrl+C to exit)

[DEBUG] RECV: /meta/connect 
[DEBUG] RECV: /service/controller 
[DEBUG] RECV: /service/controller 
[DEBUG] RECV: /service/status status
✓ Game is ACTIVE
[DEBUG] RECV: /service/player message

🎉 JOINED AS: SwiftFinch57
   Player CID: 1872487030
[DEBUG] RECV: /service/player message
[DEBUG] RECV: /meta/connect 
[DEBUG] RECV: /service/player message
[DEBUG] RECV: /meta/connect 
[DEBUG] RECV: /service/player message
[DEBUG] RECV: /meta/connect 
[DEBUG] RECV: /service/player message
[DEBUG] RECV: /meta/connect 
[DEBUG] RECV: /service/status status
[DEBUG] RECV: /meta/connect 
