
=== Kahoot Auto-Join ===
Game PIN: 5814465
Player: yousuck34-ckg

[1/3] Getting session token...
[DEBUG] Session token (raw): e3BvVxQUBloAWW8vVU0HVV5OWA9aHQ4IWAdmCQBkLAoJAVtSU2ZfRBEBSWdbA0cbEyNqcwc+b1QdT1ZQWip2dwxeWQBzJF99VGQHSkMoQgwEXEFXJFFGXF0+ZC83GipR
[DEBUG] Session token length: 128
[DEBUG] Base64 decoded length: 96
   ✓ Got session token
[2/3] Decoding token...
[DEBUG] Challenge message length: 100
[DEBUG] Offset: 1028211
[DEBUG] Decoded challenge length: 100
[DEBUG] Token bytes length: 96
[DEBUG] Final token length: 96
[DEBUG] Final token: 5374afb90f4a58dea4de7e6da67420ba2e117993cb12c20bbd45ee70e756dc007ea70a5900568f0ee905d44d2a0aead8
[DEBUG] Token: 5374afb90f4a58dea4de7e6da67420ba2e117993cb12c20bbd45ee70e756dc007ea70a5900568f0ee905d44d2a0aead8
   ✓ Token decoded (length: 96)
[3/3] Connecting...

[DEBUG] WebSocket URL: wss://kahoot.it/cometd/5814465/5374afb90f4a58dea4de7e6da67420ba2e117993cb12c20bbd45ee70e756dc007ea70a5900568f0ee905d44d2a0aead8
✓ Connected to WebSocket
[DEBUG] SEND handshake
[DEBUG] RECV: /meta/handshake 
✓ Handshake OK, clientId: 92qx1so3lgwrz6las1pluvtmz70oi7
[DEBUG] SEND connect (first)
[DEBUG] RECV: /meta/connect 
[DEBUG] SEND connect (second)
[DEBUG] SEND login yousuck34-ckg
[DEBUG] RECV: /service/controller loginResponse
✓ Login successful! CID: 116686330
[DEBUG] SEND namerator message

=== SUCCESS ===
Listening for game events... (Ctrl+C to exit)

[DEBUG] RECV: /meta/connect 
[DEBUG] RECV: /service/controller 
[DEBUG] RECV: /service/controller 
[DEBUG] RECV: /meta/connect 
[DEBUG] RECV: /meta/connect 
[DEBUG] RECV: /meta/connect 
[DEBUG] RECV: /meta/connect 
[DEBUG] RECV: /meta/connect 
[DEBUG] RECV: /meta/connect 
[DEBUG] RECV: /meta/connect 
[DEBUG] RECV: /meta/connect 
[DEBUG] RECV: /meta/connect 
[DEBUG] RECV: /meta/connect 
[DEBUG] RECV: /meta/connect 
[DEBUG] RECV: /meta/connect 
[DEBUG] RECV: /meta/connect 
[DEBUG] RECV: /meta/connect 
[DEBUG] RECV: /meta/connect 
[DEBUG] RECV: /meta/connect 
[DEBUG] RECV: /meta/connect 
[DEBUG] RECV: /meta/connect 
[DEBUG] RECV: /meta/connect 
[DEBUG] RECV: /meta/connect 
[DEBUG] RECV: /meta/connect 
[DEBUG] RECV: /meta/connect 
[DEBUG] RECV: /meta/connect 
[DEBUG] RECV: /meta/connect 
[DEBUG] RECV: /meta/connect 
[DEBUG] RECV: /meta/connect 
[DEBUG] RECV: /meta/connect 
