
=== Kahoot Auto-Join ===
Game PIN: 5114254
Player: yousuck147-z1w

[1/3] Getting session token...
[DEBUG] Session token (raw): AEYJVhEEelYsS2tYWVcBW1hSPFQHVRR1AXMvYnocUgpIITdEU2BWbCEvQ2pGRw8hWhJpKUUwBAkgWDdTVQ0ODVVHV3JAbztmcUsAU3BXCQN/bQptA306CXFaBQAJCm11
[DEBUG] Session token length: 128
[DEBUG] Base64 decoded length: 96
   ✓ Got session token
[2/3] Decoding token...
[DEBUG] Challenge message length: 100
[DEBUG] Offset: 30083
[DEBUG] Decoded challenge length: 100
[DEBUG] Token bytes length: 96
[DEBUG] Final token length: 96
[DEBUG] Final token: e6b6da9bd18ac6daefb949d4b6f23e7f4ec789f9ce97623ffa3f5cd0bfcba49a422638e1383b929c024178d45bb4e319
[DEBUG] Token: e6b6da9bd18ac6daefb949d4b6f23e7f4ec789f9ce97623ffa3f5cd0bfcba49a422638e1383b929c024178d45bb4e319
   ✓ Token decoded (length: 96)
[3/3] Connecting...

[DEBUG] WebSocket URL: wss://kahoot.it/cometd/5114254/e6b6da9bd18ac6daefb949d4b6f23e7f4ec789f9ce97623ffa3f5cd0bfcba49a422638e1383b929c024178d45bb4e319
✓ Connected to WebSocket
[DEBUG] SEND handshake
[DEBUG] RECV: /meta/handshake 
✓ Handshake OK, clientId: bxjg14ebqm2k0svje1kvsdesecjc64
[DEBUG] SEND connect (first)
[DEBUG] RECV: /meta/connect 
[DEBUG] SEND connect (second)
[DEBUG] SEND login yousuck147-z1w
[DEBUG] RECV: /service/controller loginResponse
✓ Login successful! CID: 760657078
[DEBUG] SEND namerator message

=== SUCCESS ===
Listening for game events... (Ctrl+C to exit)

[DEBUG] RECV: /meta/connect 
[DEBUG] RECV: /service/controller 
[DEBUG] RECV: /service/controller 
[DEBUG] RECV: /service/status status
✓ Game is ACTIVE
[DEBUG] RECV: /service/player message

🎉 JOINED AS: RoyalKitten28
   Player CID: 760657078
[DEBUG] RECV: /service/player message
[DEBUG] RECV: /meta/connect 
[DEBUG] RECV: /service/player message
[DEBUG] RECV: /meta/connect 
[DEBUG] RECV: /service/player message
[DEBUG] RECV: /meta/connect 
[DEBUG] RECV: /service/player message
[DEBUG] RECV: /meta/connect 
[DEBUG] RECV: /service/player message
[DEBUG] RECV: /meta/connect 
[DEBUG] RECV: /service/player message
[DEBUG] RECV: /meta/connect 
[DEBUG] RECV: /service/player message
[DEBUG] RECV: /meta/connect 
[DEBUG] RECV: /service/player message
[DEBUG] RECV: /meta/connect 
[DEBUG] RECV: /service/player message
[DEBUG] RECV: /meta/connect 
[DEBUG] RECV: /service/player message
[DEBUG] RECV: /meta/connect 
[DEBUG] RECV: /service/player message
[DEBUG] RECV: /meta/connect 
[DEBUG] RECV: /service/player message
[DEBUG] RECV: /meta/connect 
[DEBUG] RECV: /service/status status
[DEBUG] RECV: /meta/connect 
