
=== Kahoot Auto-Join ===
Game PIN: 5814465
Player: yousuck5-kua

[1/3] Getting session token...
[DEBUG] Session token (raw): flIrAn8ZVFlAHXVeeiBfTThFczhCC3FQeylLNX1MDARzAk4xPi4rUEtbVlwEEgh+bwMqLldMSXsveEJrVQwHF3xkdA4uJFgOY1NjdlMpKngAbA1RP20yD1JpSxQKWHBk
[DEBUG] Session token length: 128
[DEBUG] Base64 decoded length: 96
   ✓ Got session token
[2/3] Decoding token...
[DEBUG] Challenge message length: 100
[DEBUG] Offset: 10374341544
[DEBUG] Decoded challenge length: 100
[DEBUG] Token bytes length: 96
[DEBUG] Final token length: 96
[DEBUG] Final token: 20a43a713e637a71f63a4d0f5e7a8401344baef419fe2eb683dbc037c923ce7a195efd7334800eb5e2cfe7aad61b5100
[DEBUG] Token: 20a43a713e637a71f63a4d0f5e7a8401344baef419fe2eb683dbc037c923ce7a195efd7334800eb5e2cfe7aad61b5100
   ✓ Token decoded (length: 96)
[3/3] Connecting...

[DEBUG] WebSocket URL: wss://kahoot.it/cometd/5814465/20a43a713e637a71f63a4d0f5e7a8401344baef419fe2eb683dbc037c923ce7a195efd7334800eb5e2cfe7aad61b5100
✓ Connected to WebSocket
[DEBUG] SEND handshake
[DEBUG] RECV: /meta/handshake 
✓ Handshake OK, clientId: 92thgq1c6mvswqq51qjknvs9se4er
[DEBUG] SEND connect (first)
[DEBUG] RECV: /meta/connect 
[DEBUG] SEND connect (second)
[DEBUG] SEND login yousuck5-kua
[DEBUG] RECV: /service/status status
[DEBUG] RECV: /meta/connect 
[DEBUG] RECV: /service/controller 

⚠ Timeout - check if name appears in Kahoot lobby
[DEBUG] WebSocket closed: 1005

=== FAILED ===
Error: Connection closed (1005)
