
=== Kahoot Auto-Join ===
Game PIN: 5114254
Player: yousuck168-cs4

[1/3] Getting session token...
[DEBUG] Session token (raw): cQdHQScJYScsXQhmOkELXxoqGlBnewtXEwNpMUVICWd5BlBZMGVraFIzBFZoCUFXCQILXAoXN2ZechA2WgQvDVxcaSINQW8/IA1cZlJ8UWJ+J20DVmtyVlQCfFxbGEUd
[DEBUG] Session token length: 128
[DEBUG] Base64 decoded length: 96
   ✓ Got session token
[2/3] Decoding token...
[DEBUG] Challenge message length: 100
[DEBUG] Offset: 12960
[DEBUG] Decoded challenge length: 100
[DEBUG] Token bytes length: 96
[DEBUG] Final token length: 96
[DEBUG] Final token: 9517e32fc435e416bcbf83b5e10d736584b2b9020d74607708967ef559ad93cf3d7d999bc4c7c4401e07273cff67cb1e
[DEBUG] Token: 9517e32fc435e416bcbf83b5e10d736584b2b9020d74607708967ef559ad93cf3d7d999bc4c7c4401e07273cff67cb1e
   ✓ Token decoded (length: 96)
[3/3] Connecting...

[DEBUG] WebSocket URL: wss://kahoot.it/cometd/5114254/9517e32fc435e416bcbf83b5e10d736584b2b9020d74607708967ef559ad93cf3d7d999bc4c7c4401e07273cff67cb1e
✓ Connected to WebSocket
[DEBUG] SEND handshake
[DEBUG] RECV: /meta/handshake 
✓ Handshake OK, clientId: bxjw1881jt0f2a6fhln86ztkg7xy2
[DEBUG] SEND connect (first)
[DEBUG] RECV: /meta/connect 
[DEBUG] SEND connect (second)
[DEBUG] SEND login yousuck168-cs4
[DEBUG] RECV: /service/controller loginResponse
✓ Login successful! CID: 653626811
[DEBUG] SEND namerator message

=== SUCCESS ===
Listening for game events... (Ctrl+C to exit)

[DEBUG] RECV: /meta/connect 
[DEBUG] RECV: /service/controller 
[DEBUG] RECV: /service/controller 
[DEBUG] RECV: /service/status status
✓ Game is ACTIVE
[DEBUG] RECV: /service/player message

🎉 JOINED AS: StellarGoat69
   Player CID: 653626811
[DEBUG] RECV: /service/player message
[DEBUG] RECV: /meta/connect 
[DEBUG] RECV: /service/player message
[DEBUG] RECV: /meta/connect 
[DEBUG] RECV: /service/player message
[DEBUG] RECV: /meta/connect 
[DEBUG] RECV: /service/player message
[DEBUG] RECV: /meta/connect 
[DEBUG] RECV: /service/player message
[DEBUG] RECV: /meta/connect 
[DEBUG] RECV: /service/player message
[DEBUG] RECV: /meta/connect 
[DEBUG] RECV: /service/player message
[DEBUG] RECV: /meta/connect 
[DEBUG] RECV: /service/player message
[DEBUG] RECV: /meta/connect 
[DEBUG] RECV: /service/player message
[DEBUG] RECV: /meta/connect 
[DEBUG] RECV: /service/player message
[DEBUG] RECV: /meta/connect 
[DEBUG] RECV: /service/player message
[DEBUG] RECV: /meta/connect 
[DEBUG] RECV: /service/player message
[DEBUG] RECV: /meta/connect 
[DEBUG] RECV: /service/status status
[DEBUG] RECV: /meta/connect 
