
=== Kahoot Auto-Join ===
Game PIN: 5114254
Player: yousuck411-jyr

[1/3] Getting session token...
[DEBUG] Session token (raw): ClpWfHVLBQMlCD1cWyEtORVxTgx5OHQLc1NROAZCCwFmf1F4S14Pby5ADVMgNQB/VGdodG5CXwoCcCFuY10tCHJxJVJLJwkLQAxRCVFaby9aAn0GU2hRX1oMM1wrV2R1
[DEBUG] Session token length: 128
[DEBUG] Base64 decoded length: 96
   ✓ Got session token
[2/3] Decoding token...
[DEBUG] Challenge message length: 100
[DEBUG] Offset: 44030
[DEBUG] Decoded challenge length: 100
[DEBUG] Token bytes length: 96
[DEBUG] Final token length: 96
[DEBUG] Final token: e4b86144f5d33badb8222b76875a62f651449311d9e7cb001400084226c971a826fa8ff19e16258adf8ac9ea58dbff79
[DEBUG] Token: e4b86144f5d33badb8222b76875a62f651449311d9e7cb001400084226c971a826fa8ff19e16258adf8ac9ea58dbff79
   ✓ Token decoded (length: 96)
[3/3] Connecting...

[DEBUG] WebSocket URL: wss://kahoot.it/cometd/5114254/e4b86144f5d33badb8222b76875a62f651449311d9e7cb001400084226c971a826fa8ff19e16258adf8ac9ea58dbff79
✓ Connected to WebSocket
[DEBUG] SEND handshake
[DEBUG] RECV: /meta/handshake 
✓ Handshake OK, clientId: bxqr1f7i8uftqf8mm1boqveftfrur0
[DEBUG] SEND connect (first)
[DEBUG] RECV: /meta/connect 
[DEBUG] SEND connect (second)
[DEBUG] SEND login yousuck411-jyr
[DEBUG] RECV: /service/controller loginResponse
✓ Login successful! CID: 632920392
[DEBUG] SEND namerator message

=== SUCCESS ===
Listening for game events... (Ctrl+C to exit)

[DEBUG] RECV: /meta/connect 
[DEBUG] RECV: /service/controller 
[DEBUG] RECV: /service/controller 
[DEBUG] RECV: /service/status status
✓ Game is ACTIVE
[DEBUG] RECV: /service/player message

🎉 JOINED AS: GivingRooster56
   Player CID: 632920392
[DEBUG] RECV: /service/player message
[DEBUG] RECV: /meta/connect 
[DEBUG] RECV: /service/player message
[DEBUG] RECV: /meta/connect 
[DEBUG] RECV: /service/player message
[DEBUG] RECV: /meta/connect 
[DEBUG] RECV: /service/player message
[DEBUG] RECV: /meta/connect 
[DEBUG] RECV: /service/player message
[DEBUG] RECV: /meta/connect 
[DEBUG] RECV: /service/player message
[DEBUG] RECV: /meta/connect 
[DEBUG] RECV: /service/player message
[DEBUG] RECV: /meta/connect 
[DEBUG] RECV: /service/player message
[DEBUG] RECV: /meta/connect 
[DEBUG] RECV: /service/status status
[DEBUG] RECV: /meta/connect 
