
=== Kahoot Auto-Join ===
Game PIN: 5814465
Player: yousuck66-uhe

[1/3] Getting session token...
[DEBUG] Session token (raw): TnMZXQRYXgtaDw5LCiw3WnRAZi9ld0xYbAptAVNIQ0ZwdWE0HFxmEQAEDG4ZD2EDTCUWA0cDVwd3UgoJXERBFGpRVVVUSSQvBm9XAnMeXFsxMk47Cw1pSVkLWQtkXRQh
[DEBUG] Session token length: 128
[DEBUG] Base64 decoded length: 96
   ✓ Got session token
[2/3] Decoding token...
[DEBUG] Challenge message length: 100
[DEBUG] Offset: 4923
[DEBUG] Decoded challenge length: 100
[DEBUG] Token bytes length: 96
[DEBUG] Final token length: 96
[DEBUG] Final token: 68ccb4621803dfbc448f2949286b0886442ade1b9d58a33a8ee4377e9d78710e04c8f5ca91221fdbcc6f2712484a31fc
[DEBUG] Token: 68ccb4621803dfbc448f2949286b0886442ade1b9d58a33a8ee4377e9d78710e04c8f5ca91221fdbcc6f2712484a31fc
   ✓ Token decoded (length: 96)
[3/3] Connecting...

[DEBUG] WebSocket URL: wss://kahoot.it/cometd/5814465/68ccb4621803dfbc448f2949286b0886442ade1b9d58a33a8ee4377e9d78710e04c8f5ca91221fdbcc6f2712484a31fc
✓ Connected to WebSocket
[DEBUG] SEND handshake
[DEBUG] RECV: /meta/handshake 
✓ Handshake OK, clientId: 92v01nw7vhjzyr11s1ffwx9hsamnbe
[DEBUG] SEND connect (first)
[DEBUG] RECV: /meta/connect 
[DEBUG] SEND connect (second)
[DEBUG] SEND login yousuck66-uhe
[DEBUG] RECV: /service/status status
[DEBUG] RECV: /meta/connect 
[DEBUG] RECV: /service/controller 

⚠ Timeout - check if name appears in Kahoot lobby
[DEBUG] WebSocket closed: 1005

=== FAILED ===
Error: Connection closed (1005)
