
=== Kahoot Auto-Join ===
Game PIN: 5114254
Player: yousuck304-exu

[1/3] Getting session token...
[DEBUG] Session token (raw): WG1DQlFbUgtKaAxUFAFcbQ0GLlJeFREOBkRdMFVQDn1DYFlpdlN+LAA4UUsNDGQEXlAPaD1FMlZ1TAgDCx4ncFo3flIjByR7clNUPj1Ve1BYSFMrU1RNF0RoeFRuQQZX
[DEBUG] Session token length: 128
[DEBUG] Base64 decoded length: 96
   ✓ Got session token
[2/3] Decoding token...
[DEBUG] Challenge message length: 100
[DEBUG] Offset: 474831
[DEBUG] Decoded challenge length: 100
[DEBUG] Token bytes length: 96
[DEBUG] Final token length: 96
[DEBUG] Final token: 9602b0553508e330daa2ecf5968fe02526836a9b7bf0ad019869b6d794f6efd53b5da6a4360bc40748ffd48d395535b5
[DEBUG] Token: 9602b0553508e330daa2ecf5968fe02526836a9b7bf0ad019869b6d794f6efd53b5da6a4360bc40748ffd48d395535b5
   ✓ Token decoded (length: 96)
[3/3] Connecting...

[DEBUG] WebSocket URL: wss://kahoot.it/cometd/5114254/9602b0553508e330daa2ecf5968fe02526836a9b7bf0ad019869b6d794f6efd53b5da6a4360bc40748ffd48d395535b5
✓ Connected to WebSocket
[DEBUG] SEND handshake
[DEBUG] RECV: /meta/handshake 
✓ Handshake OK, clientId: bxnq687n2kcpm2xqnx37ksghkszn
[DEBUG] SEND connect (first)
[DEBUG] RECV: /meta/connect 
[DEBUG] SEND connect (second)
[DEBUG] SEND login yousuck304-exu
[DEBUG] RECV: /service/controller loginResponse
✓ Login successful! CID: 1088867819
[DEBUG] SEND namerator message

=== SUCCESS ===
Listening for game events... (Ctrl+C to exit)

[DEBUG] RECV: /meta/connect 
[DEBUG] RECV: /service/controller 
[DEBUG] RECV: /service/controller 
[DEBUG] RECV: /service/status status
✓ Game is ACTIVE
[DEBUG] RECV: /service/player message

🎉 JOINED AS: SillyDeer95
   Player CID: 1088867819
[DEBUG] RECV: /service/player message
[DEBUG] RECV: /meta/connect 
[DEBUG] RECV: /service/player message
[DEBUG] RECV: /meta/connect 
[DEBUG] RECV: /service/player message
[DEBUG] RECV: /meta/connect 
[DEBUG] RECV: /service/player message
[DEBUG] RECV: /meta/connect 
[DEBUG] RECV: /service/player message
[DEBUG] RECV: /meta/connect 
[DEBUG] RECV: /service/player message
[DEBUG] RECV: /meta/connect 
[DEBUG] RECV: /service/player message
[DEBUG] RECV: /meta/connect 
[DEBUG] RECV: /service/player message
[DEBUG] RECV: /meta/connect 
[DEBUG] RECV: /service/player message
[DEBUG] RECV: /meta/connect 
[DEBUG] RECV: /service/status status
[DEBUG] RECV: /meta/connect 
