
=== Kahoot Auto-Join ===
Game PIN: 5114254
Player: yousuck197-8dm

[1/3] Getting session token...
[DEBUG] Session token (raw): aGY0Qhd6FnNlYHcKRFxiYn89X38OBDF1DHBBBHFQWRRJXzFhcFtbDFxIM1IRVh0ILnoHBFMAVl9tam9FfXlhDRUxX2pYVwQ+Qwl4eE8/QWF9AUFxUAEsFHFMCGNTWGdb
[DEBUG] Session token length: 128
[DEBUG] Base64 decoded length: 96
   ✓ Got session token
[2/3] Decoding token...
[DEBUG] Challenge message length: 100
[DEBUG] Offset: 41934
[DEBUG] Decoded challenge length: 100
[DEBUG] Token bytes length: 96
[DEBUG] Final token length: 96
[DEBUG] Final token: 69b8f4f1211c40557be530b95470379f36b14d2494d9e7f9b36ac3db32137659dc631aaf70365a678c01d3cc98633316
[DEBUG] Token: 69b8f4f1211c40557be530b95470379f36b14d2494d9e7f9b36ac3db32137659dc631aaf70365a678c01d3cc98633316
   ✓ Token decoded (length: 96)
[3/3] Connecting...

[DEBUG] WebSocket URL: wss://kahoot.it/cometd/5114254/69b8f4f1211c40557be530b95470379f36b14d2494d9e7f9b36ac3db32137659dc631aaf70365a678c01d3cc98633316
✓ Connected to WebSocket
[DEBUG] SEND handshake
[DEBUG] RECV: /meta/handshake 
✓ Handshake OK, clientId: bxkuhydg6blxuib81sk5eatp64act
[DEBUG] SEND connect (first)
[DEBUG] RECV: /meta/connect 
[DEBUG] SEND connect (second)
[DEBUG] SEND login yousuck197-8dm
[DEBUG] RECV: /service/controller loginResponse
✓ Login successful! CID: 502807904
[DEBUG] SEND namerator message

=== SUCCESS ===
Listening for game events... (Ctrl+C to exit)

[DEBUG] RECV: /meta/connect 
[DEBUG] RECV: /service/controller 
[DEBUG] RECV: /service/controller 
[DEBUG] RECV: /service/status status
✓ Game is ACTIVE
[DEBUG] RECV: /service/player message

🎉 JOINED AS: AquaticBison53
   Player CID: 502807904
[DEBUG] RECV: /service/player message
[DEBUG] RECV: /meta/connect 
[DEBUG] RECV: /service/player message
[DEBUG] RECV: /meta/connect 
[DEBUG] RECV: /service/player message
[DEBUG] RECV: /meta/connect 
[DEBUG] RECV: /service/player message
[DEBUG] RECV: /meta/connect 
[DEBUG] RECV: /service/player message
[DEBUG] RECV: /meta/connect 
[DEBUG] RECV: /service/player message
[DEBUG] RECV: /meta/connect 
[DEBUG] RECV: /service/player message
[DEBUG] RECV: /meta/connect 
[DEBUG] RECV: /service/player message
[DEBUG] RECV: /meta/connect 
[DEBUG] RECV: /service/player message
[DEBUG] RECV: /meta/connect 
[DEBUG] RECV: /service/player message
[DEBUG] RECV: /meta/connect 
[DEBUG] RECV: /service/player message
[DEBUG] RECV: /meta/connect 
[DEBUG] RECV: /service/status status
[DEBUG] RECV: /meta/connect 
