
=== Kahoot Auto-Join ===
Game PIN: 5732350
Player: yousuck56-4ib

[1/3] Getting session token...
[DEBUG] Session token (raw): d10tLFJgfHwrWgEtVQ9ZOVVOMHkNBgBuMlJebFYuRB1valF5UnJ9PEcKfDhGT1tQOQhIckNhIksMfXBdXUYLfhsWaSZnLW5Jc20AUlApfUhFLX1rDz5OLhYtDj4ldwl5
[DEBUG] Session token length: 128
[DEBUG] Base64 decoded length: 96
   ✓ Got session token
[2/3] Decoding token...
[DEBUG] Challenge message length: 100
[DEBUG] Offset: 3014966
[DEBUG] Decoded challenge length: 100
[DEBUG] Token bytes length: 96
[DEBUG] Final token length: 96
[DEBUG] Final token: 8ecb7954a30bbf2e85c68be4a5c32f1d4071826c463c66a8f21196a061719601bd3b6d8122e8df386b74df7ffeaca782
[DEBUG] Token: 8ecb7954a30bbf2e85c68be4a5c32f1d4071826c463c66a8f21196a061719601bd3b6d8122e8df386b74df7ffeaca782
   ✓ Token decoded (length: 96)
[3/3] Connecting...

[DEBUG] WebSocket URL: wss://kahoot.it/cometd/5732350/8ecb7954a30bbf2e85c68be4a5c32f1d4071826c463c66a8f21196a061719601bd3b6d8122e8df386b74df7ffeaca782
✓ Connected to WebSocket
[DEBUG] SEND handshake
[DEBUG] RECV: /meta/handshake 
✓ Handshake OK, clientId: bzpy2j0djsq6mumglejf7x32cmsn
[DEBUG] SEND connect (first)
[DEBUG] RECV: /meta/connect 
[DEBUG] SEND connect (second)
[DEBUG] SEND login yousuck56-4ib
[DEBUG] RECV: /service/controller loginResponse
✓ Login successful! CID: 1961871549
[DEBUG] SEND namerator message

=== SUCCESS ===
Listening for game events... (Ctrl+C to exit)

[DEBUG] RECV: /meta/connect 
[DEBUG] RECV: /service/controller 
[DEBUG] RECV: /service/controller 
[DEBUG] RECV: /service/status status
✓ Game is ACTIVE
[DEBUG] RECV: /service/player message

🎉 JOINED AS: GreatKitten28
   Player CID: 1961871549
[DEBUG] RECV: /meta/connect 
[DEBUG] RECV: /service/player message
[DEBUG] RECV: /meta/connect 
[DEBUG] RECV: /service/status status
[DEBUG] RECV: /meta/connect 
