
=== Kahoot Auto-Join ===
Game PIN: 5114254
Player: yousuck448-rhn

[1/3] Getting session token...
[DEBUG] Session token (raw): U2gDfG46Dls3VQE6egEOZSBtdRlSOC5UCQwZRXQGUTBcSkQxAT9pWH5uXwNOR2lEUT91DwFdFDwDaXUjYQVpADQsU157Yz4CPVlZKH1TWjcCQ10FElFdOFUfO1hlYw0O
[DEBUG] Session token length: 128
[DEBUG] Base64 decoded length: 96
   ✓ Got session token
[2/3] Decoding token...
[DEBUG] Challenge message length: 100
[DEBUG] Offset: 161
[DEBUG] Decoded challenge length: 100
[DEBUG] Token bytes length: 96
[DEBUG] Final token length: 96
[DEBUG] Final token: d9855d1eef7b2c94e36afbc15ee6817a833bde4460af77213e5f99fd425b9f67ebdd64d4f85d1d3a2798d74b6ebf7421
[DEBUG] Token: d9855d1eef7b2c94e36afbc15ee6817a833bde4460af77213e5f99fd425b9f67ebdd64d4f85d1d3a2798d74b6ebf7421
   ✓ Token decoded (length: 96)
[3/3] Connecting...

[DEBUG] WebSocket URL: wss://kahoot.it/cometd/5114254/d9855d1eef7b2c94e36afbc15ee6817a833bde4460af77213e5f99fd425b9f67ebdd64d4f85d1d3a2798d74b6ebf7421
✓ Connected to WebSocket
[DEBUG] SEND handshake
[DEBUG] RECV: /meta/handshake 
✓ Handshake OK, clientId: bxrt1410bljkgjocj1e44xsjjp9khe
[DEBUG] SEND connect (first)
[DEBUG] RECV: /meta/connect 
[DEBUG] SEND connect (second)
[DEBUG] SEND login yousuck448-rhn
[DEBUG] RECV: /service/controller loginResponse
✓ Login successful! CID: 57649197
[DEBUG] SEND namerator message

=== SUCCESS ===
Listening for game events... (Ctrl+C to exit)

[DEBUG] RECV: /meta/connect 
[DEBUG] RECV: /service/controller 
[DEBUG] RECV: /service/controller 
[DEBUG] RECV: /service/status status
✓ Game is ACTIVE
[DEBUG] RECV: /service/player message

🎉 JOINED AS: RedEmu73
   Player CID: 57649197
[DEBUG] RECV: /service/player message
[DEBUG] RECV: /meta/connect 
[DEBUG] RECV: /service/player message
[DEBUG] RECV: /meta/connect 
[DEBUG] RECV: /service/player message
[DEBUG] RECV: /meta/connect 
[DEBUG] RECV: /service/player message
[DEBUG] RECV: /meta/connect 
[DEBUG] RECV: /service/player message
[DEBUG] RECV: /meta/connect 
[DEBUG] RECV: /service/player message
[DEBUG] RECV: /meta/connect 
[DEBUG] RECV: /service/player message
[DEBUG] RECV: /meta/connect 
[DEBUG] RECV: /service/status status
[DEBUG] RECV: /meta/connect 
