
=== Kahoot Auto-Join ===
Game PIN: 5732350
Player: yousuck51-o95

[1/3] Getting session token...
[DEBUG] Session token (raw): AlxvMzQFelZAMhF6cGgjY28HFDt2UQIDd3p2NltxDVBsCHACB3YKBk9oUlMrV1VnUyECCBchOFZcJ2UfLjhIWjBMDSdhPAtCfkFaeBMGAQFYESYOAUs7VQo6QFFkP1JW
[DEBUG] Session token length: 128
[DEBUG] Base64 decoded length: 96
   ✓ Got session token
[2/3] Decoding token...
[DEBUG] Challenge message length: 100
[DEBUG] Offset: 538610772
[DEBUG] Decoded challenge length: 100
[DEBUG] Token bytes length: 96
[DEBUG] Final token length: 96
[DEBUG] Final token: 5d0eef575bc731f45aff6aa6136d33119f85e4e571b2f386bd52dac5be5eff82f8cd5cc60156c12feaa113c2df3a3bd7
[DEBUG] Token: 5d0eef575bc731f45aff6aa6136d33119f85e4e571b2f386bd52dac5be5eff82f8cd5cc60156c12feaa113c2df3a3bd7
   ✓ Token decoded (length: 96)
[3/3] Connecting...

[DEBUG] WebSocket URL: wss://kahoot.it/cometd/5732350/5d0eef575bc731f45aff6aa6136d33119f85e4e571b2f386bd52dac5be5eff82f8cd5cc60156c12feaa113c2df3a3bd7
✓ Connected to WebSocket
[DEBUG] SEND handshake
[DEBUG] RECV: /meta/handshake 
✓ Handshake OK, clientId: bzpcpr30lwgqf1pz39lebeo9d72h
[DEBUG] SEND connect (first)
[DEBUG] RECV: /meta/connect 
[DEBUG] SEND connect (second)
[DEBUG] SEND login yousuck51-o95
[DEBUG] RECV: /service/controller loginResponse
✓ Login successful! CID: 846098250
[DEBUG] SEND namerator message

=== SUCCESS ===
Listening for game events... (Ctrl+C to exit)

[DEBUG] RECV: /meta/connect 
[DEBUG] RECV: /service/controller 
[DEBUG] RECV: /service/controller 
[DEBUG] RECV: /service/status status
✓ Game is ACTIVE
[DEBUG] RECV: /service/player message

🎉 JOINED AS: GoldenSphinx8
   Player CID: 846098250
[DEBUG] RECV: /service/player message
[DEBUG] RECV: /meta/connect 
[DEBUG] RECV: /service/player message
[DEBUG] RECV: /meta/connect 
[DEBUG] RECV: /service/status status
[DEBUG] RECV: /meta/connect 
