
=== Kahoot Auto-Join ===
Game PIN: 5114254
Player: yousuck649-z09

[1/3] Getting session token...
[DEBUG] Session token (raw): TmIAcAp8BV4qYVFxCXhaL2sBQARHYVRXC2cZbVphAUFVV2YOTQALHyFQVRcDZww2XgFxTlldcAF0XykPAj5gUGRZS1QIZhNuLQp4XR0acUdhDW0Kck8DcgxcBnk0BltR
[DEBUG] Session token length: 128
[DEBUG] Base64 decoded length: 96
   ✓ Got session token
[2/3] Decoding token...
[DEBUG] Challenge message length: 100
[DEBUG] Offset: 145217
[DEBUG] Decoded challenge length: 100
[DEBUG] Token bytes length: 96
[DEBUG] Final token length: 96
[DEBUG] Final token: 6589f384c6c0840d8097546261e6c5d6d5377a7ecf6f51bbe898dc0734ec1c6b983237b6ff25ab82570127a2aad7d708
[DEBUG] Token: 6589f384c6c0840d8097546261e6c5d6d5377a7ecf6f51bbe898dc0734ec1c6b983237b6ff25ab82570127a2aad7d708
   ✓ Token decoded (length: 96)
[3/3] Connecting...

[DEBUG] WebSocket URL: wss://kahoot.it/cometd/5114254/6589f384c6c0840d8097546261e6c5d6d5377a7ecf6f51bbe898dc0734ec1c6b983237b6ff25ab82570127a2aad7d708
✓ Connected to WebSocket
[DEBUG] SEND handshake
[DEBUG] RECV: /meta/handshake 
✓ Handshake OK, clientId: bxx41v028dogog67u1gkxiu07id4z0
[DEBUG] SEND connect (first)
[DEBUG] RECV: /meta/connect 
[DEBUG] SEND connect (second)
[DEBUG] SEND login yousuck649-z09
[DEBUG] RECV: /service/controller loginResponse
✓ Login successful! CID: 921248554
[DEBUG] SEND namerator message

=== SUCCESS ===
Listening for game events... (Ctrl+C to exit)

[DEBUG] RECV: /meta/connect 
[DEBUG] RECV: /service/controller 
[DEBUG] RECV: /service/controller 
[DEBUG] RECV: /service/status status
✓ Game is ACTIVE
[DEBUG] RECV: /service/player message

🎉 JOINED AS: CaptainPigeon89
   Player CID: 921248554
[DEBUG] RECV: /service/player message
[DEBUG] RECV: /meta/connect 
[DEBUG] RECV: /service/player message
[DEBUG] RECV: /meta/connect 
[DEBUG] RECV: /service/player message
[DEBUG] RECV: /meta/connect 
[DEBUG] RECV: /service/player message
[DEBUG] RECV: /meta/connect 
[DEBUG] RECV: /service/player message
[DEBUG] RECV: /meta/connect 
[DEBUG] RECV: /service/status status
[DEBUG] RECV: /meta/connect 
