
=== Kahoot Auto-Join ===
Game PIN: 5114254
Player: yousuck173-dr5

[1/3] Getting session token...
[DEBUG] Session token (raw): YhxMeENmFWMFDQsld39geEN/W14BfyljT1k4YEsBbHBDZwZhe1RSMmtRVVYDXwBUCGVZCAdVV0gKWnkXA1ddCwE0W1tkcXFNRX1ZAkdlEldbBz0GVyk6HGIJAVQERDAL
[DEBUG] Session token length: 128
[DEBUG] Base64 decoded length: 96
   ✓ Got session token
[2/3] Decoding token...
[DEBUG] Challenge message length: 100
[DEBUG] Offset: 4024983
[DEBUG] Decoded challenge length: 100
[DEBUG] Token bytes length: 96
[DEBUG] Final token length: 96
[DEBUG] Final token: 5d6315a4a83d567205f376e047a21431901184bf34a45a3fb2e81110f17bd8704a965937414f72a4d8a62eaf52b1a0b3
[DEBUG] Token: 5d6315a4a83d567205f376e047a21431901184bf34a45a3fb2e81110f17bd8704a965937414f72a4d8a62eaf52b1a0b3
   ✓ Token decoded (length: 96)
[3/3] Connecting...

[DEBUG] WebSocket URL: wss://kahoot.it/cometd/5114254/5d6315a4a83d567205f376e047a21431901184bf34a45a3fb2e81110f17bd8704a965937414f72a4d8a62eaf52b1a0b3
✓ Connected to WebSocket
[DEBUG] SEND handshake
[DEBUG] RECV: /meta/handshake 
✓ Handshake OK, clientId: bxk4cisevdo9oqvk1ujy7v13wga8s
[DEBUG] SEND connect (first)
[DEBUG] RECV: /meta/connect 
[DEBUG] SEND connect (second)
[DEBUG] SEND login yousuck173-dr5
[DEBUG] RECV: /service/controller loginResponse
✓ Login successful! CID: 1387485268
[DEBUG] SEND namerator message

=== SUCCESS ===
Listening for game events... (Ctrl+C to exit)

[DEBUG] RECV: /meta/connect 
[DEBUG] RECV: /service/controller 
[DEBUG] RECV: /service/controller 
[DEBUG] RECV: /service/status status
✓ Game is ACTIVE
[DEBUG] RECV: /service/player message

🎉 JOINED AS: FriendlyHawk88
   Player CID: 1387485268
[DEBUG] RECV: /service/player message
[DEBUG] RECV: /service/player message
[DEBUG] RECV: /meta/connect 
[DEBUG] RECV: /service/player message
[DEBUG] RECV: /meta/connect 
[DEBUG] RECV: /service/player message
[DEBUG] RECV: /meta/connect 
[DEBUG] RECV: /service/player message
[DEBUG] RECV: /meta/connect 
[DEBUG] RECV: /service/player message
[DEBUG] RECV: /meta/connect 
[DEBUG] RECV: /service/player message
[DEBUG] RECV: /meta/connect 
[DEBUG] RECV: /service/player message
[DEBUG] RECV: /meta/connect 
[DEBUG] RECV: /service/player message
[DEBUG] RECV: /meta/connect 
[DEBUG] RECV: /service/player message
[DEBUG] RECV: /meta/connect 
[DEBUG] RECV: /service/player message
[DEBUG] RECV: /meta/connect 
[DEBUG] RECV: /service/player message
[DEBUG] RECV: /meta/connect 
[DEBUG] RECV: /service/status status
[DEBUG] RECV: /meta/connect 
