
=== Kahoot Auto-Join ===
Game PIN: 4969059
Player: yousuck64-pzw

[1/3] Getting session token...
[DEBUG] Session token (raw): VVEtCTMBMXZ+Lj0CXmIxOwgQDgYCSwJXZFAxQGx3fgwkWl9bZFAoWlppdlleUVNQC0ZhDwBsQixxUA9jMCBbAAVYVmwsUTd8RSkUJFZVVFdRTABQAVxTfnsFQS9mYAcB
[DEBUG] Session token length: 128
[DEBUG] Base64 decoded length: 96
   ✓ Got session token
[2/3] Decoding token...
[DEBUG] Challenge message length: 100
[DEBUG] Offset: 51
[DEBUG] Decoded challenge length: 100
[DEBUG] Token bytes length: 96
[DEBUG] Final token length: 96
[DEBUG] Final token: 6feab3d69cea48dbed1213a01ee29031a4313bf5f16c0c0bb736451a1508ebe2d784ceb53eeb36f9666830b1920a22c0
[DEBUG] Token: 6feab3d69cea48dbed1213a01ee29031a4313bf5f16c0c0bb736451a1508ebe2d784ceb53eeb36f9666830b1920a22c0
   ✓ Token decoded (length: 96)
[3/3] Connecting...

[DEBUG] WebSocket URL: wss://kahoot.it/cometd/4969059/6feab3d69cea48dbed1213a01ee29031a4313bf5f16c0c0bb736451a1508ebe2d784ceb53eeb36f9666830b1920a22c0
✓ Connected to WebSocket
[DEBUG] SEND handshake
[DEBUG] RECV: /meta/handshake 
✓ Handshake OK, clientId: bupzn2bktr10snrb1lnlxao3mh5l4
[DEBUG] SEND connect (first)
[DEBUG] RECV: /meta/connect 
[DEBUG] SEND connect (second)
[DEBUG] SEND login yousuck64-pzw
[DEBUG] RECV: /service/controller loginResponse
✓ Login successful! CID: 1123917368
[DEBUG] SEND namerator message

=== SUCCESS ===
Listening for game events... (Ctrl+C to exit)

[DEBUG] RECV: /meta/connect 
[DEBUG] RECV: /service/controller 
[DEBUG] RECV: /service/controller 
[DEBUG] RECV: /service/status status
✓ Game is ACTIVE
[DEBUG] RECV: /service/player message

🎉 JOINED AS: AquaticGoose44
   Player CID: 1123917368
[DEBUG] RECV: /service/player message
[DEBUG] RECV: /service/player message
[DEBUG] RECV: /service/player message
[DEBUG] RECV: /service/player message
[DEBUG] RECV: /service/player message
[DEBUG] RECV: /service/player message
[DEBUG] RECV: /meta/connect 
[DEBUG] RECV: /service/status status
[DEBUG] RECV: /meta/connect 
