
=== Kahoot Auto-Join ===
Game PIN: 5114254
Player: yousuck849-85p

[1/3] Getting session token...
[DEBUG] Session token (raw): XVQ7bWgPbAREXAphfnYmIgI8VSt4MlZtUggFWG8vWFlDFDJqBllkdhYwGGYRAFhndGpYdwtFCQIFCEc3Zmh5PUUkURdvUyRfIUh8G3FfWBMFcXFWS29sbWIucltlHCI4
[DEBUG] Session token length: 128
[DEBUG] Base64 decoded length: 96
   ✓ Got session token
[2/3] Decoding token...
[DEBUG] Challenge message length: 100
[DEBUG] Offset: 155215
[DEBUG] Decoded challenge length: 100
[DEBUG] Token bytes length: 96
[DEBUG] Final token length: 96
[DEBUG] Final token: 17e9099a652771dfdc8c5b7951028dc41cd40174adb6fb5664360067114e822c7c0f3df3b48b339f234582824e075ece
[DEBUG] Token: 17e9099a652771dfdc8c5b7951028dc41cd40174adb6fb5664360067114e822c7c0f3df3b48b339f234582824e075ece
   ✓ Token decoded (length: 96)
[3/3] Connecting...

[DEBUG] WebSocket URL: wss://kahoot.it/cometd/5114254/17e9099a652771dfdc8c5b7951028dc41cd40174adb6fb5664360067114e822c7c0f3df3b48b339f234582824e075ece
✓ Connected to WebSocket
[DEBUG] SEND handshake
[DEBUG] RECV: /meta/handshake 
✓ Handshake OK, clientId: by2t1mamn2bj0kbz51lr85oerivh10
[DEBUG] SEND connect (first)
[DEBUG] RECV: /meta/connect 
[DEBUG] SEND connect (second)
[DEBUG] SEND login yousuck849-85p
[DEBUG] RECV: /service/controller loginResponse
✓ Login successful! CID: 944719471
[DEBUG] SEND namerator message

=== SUCCESS ===
Listening for game events... (Ctrl+C to exit)

[DEBUG] RECV: /meta/connect 
[DEBUG] RECV: /service/controller 
[DEBUG] RECV: /service/controller 
[DEBUG] RECV: /service/status status
✓ Game is ACTIVE
[DEBUG] RECV: /service/player message

🎉 JOINED AS: ShiningSwan79
   Player CID: 944719471
[DEBUG] RECV: /service/player message
[DEBUG] RECV: /meta/connect 
[DEBUG] RECV: /service/player message
[DEBUG] RECV: /meta/connect 
[DEBUG] RECV: /service/status status
[DEBUG] RECV: /meta/connect 
