
=== Kahoot Auto-Join ===
Game PIN: 5114254
Player: yousuck527-d0s

[1/3] Getting session token...
[DEBUG] Session token (raw): A1N6RX1jDV8gBiM9PidxUgoxWlNCQll8TmxSQwwMBjVEcUFlcVNbcVxKZEMCWwo1VnF4bnQ9ZHUIVSReYEJ+OQZ1CwIuZjhfC2l3IEFZA1tzOldhDFF2QEQ5YCdRFQ9O
[DEBUG] Session token length: 128
[DEBUG] Base64 decoded length: 96
   ✓ Got session token
[2/3] Decoding token...
[DEBUG] Challenge message length: 100
[DEBUG] Offset: 4643418
[DEBUG] Decoded challenge length: 100
[DEBUG] Token bytes length: 96
[DEBUG] Final token length: 96
[DEBUG] Final token: 980141feeeffde9d7e9220c1244762ad444833b9a627d5bdb9811b20cef5479da91ba4e3c03e1c5e3c9568638c5f9b98
[DEBUG] Token: 980141feeeffde9d7e9220c1244762ad444833b9a627d5bdb9811b20cef5479da91ba4e3c03e1c5e3c9568638c5f9b98
   ✓ Token decoded (length: 96)
[3/3] Connecting...

[DEBUG] WebSocket URL: wss://kahoot.it/cometd/5114254/980141feeeffde9d7e9220c1244762ad444833b9a627d5bdb9811b20cef5479da91ba4e3c03e1c5e3c9568638c5f9b98
✓ Connected to WebSocket
[DEBUG] SEND handshake
[DEBUG] RECV: /meta/handshake 
✓ Handshake OK, clientId: bxtx1ffipwmbamlck2nyb926n4zro
[DEBUG] SEND connect (first)
[DEBUG] RECV: /meta/connect 
[DEBUG] SEND connect (second)
[DEBUG] SEND login yousuck527-d0s
[DEBUG] RECV: /service/controller loginResponse
✓ Login successful! CID: 31510282
[DEBUG] SEND namerator message

=== SUCCESS ===
Listening for game events... (Ctrl+C to exit)

[DEBUG] RECV: /meta/connect 
[DEBUG] RECV: /service/controller 
[DEBUG] RECV: /service/controller 
[DEBUG] RECV: /service/status status
✓ Game is ACTIVE
[DEBUG] RECV: /service/player message

🎉 JOINED AS: CheerfulLobster80
   Player CID: 31510282
[DEBUG] RECV: /service/player message
[DEBUG] RECV: /service/player message
[DEBUG] RECV: /meta/connect 
[DEBUG] RECV: /service/player message
[DEBUG] RECV: /meta/connect 
[DEBUG] RECV: /service/player message
[DEBUG] RECV: /meta/connect 
[DEBUG] RECV: /service/player message
[DEBUG] RECV: /meta/connect 
[DEBUG] RECV: /service/player message
[DEBUG] RECV: /meta/connect 
[DEBUG] RECV: /service/player message
[DEBUG] RECV: /meta/connect 
[DEBUG] RECV: /service/status status
[DEBUG] RECV: /meta/connect 
