
=== Kahoot Auto-Join ===
Game PIN: 5814465
Player: yousuck13-mpa

[1/3] Getting session token...
[DEBUG] Session token (raw): FgEUSTV4YDoABWsGWWBtWFJkS3J4XWJ2DCBdL0B0bwVWeTgMcm1bZH1xWyMpZAVeBFQCEQpbDzAGFlcHAxAHRVVDXWtSMSRvawM8JHURYD1NQ2UMQy1aDS4GUFwPFQ17
[DEBUG] Session token length: 128
[DEBUG] Base64 decoded length: 96
   ✓ Got session token
[2/3] Decoding token...
[DEBUG] Challenge message length: 100
[DEBUG] Offset: 4229
[DEBUG] Decoded challenge length: 100
[DEBUG] Token bytes length: 96
[DEBUG] Final token length: 96
[DEBUG] Final token: a1e8c11a5473f66d367444429e2d043572e44797392ab170467ac20fdab3aaf275198cb871dd1f3e46344e64eea52c53
[DEBUG] Token: a1e8c11a5473f66d367444429e2d043572e44797392ab170467ac20fdab3aaf275198cb871dd1f3e46344e64eea52c53
   ✓ Token decoded (length: 96)
[3/3] Connecting...

[DEBUG] WebSocket URL: wss://kahoot.it/cometd/5814465/a1e8c11a5473f66d367444429e2d043572e44797392ab170467ac20fdab3aaf275198cb871dd1f3e46344e64eea52c53
✓ Connected to WebSocket
[DEBUG] SEND handshake
[DEBUG] RECV: /meta/handshake 
✓ Handshake OK, clientId: 92qq11r76c0me26w81vn8duo31lbfq
[DEBUG] SEND connect (first)
[DEBUG] RECV: /meta/connect 
[DEBUG] SEND connect (second)
[DEBUG] SEND login yousuck13-mpa
[DEBUG] RECV: /service/controller loginResponse
✓ Login successful! CID: 1767674983
[DEBUG] SEND namerator message

=== SUCCESS ===
Listening for game events... (Ctrl+C to exit)

[DEBUG] RECV: /meta/connect 
[DEBUG] RECV: /service/controller 
[DEBUG] RECV: /service/controller 
[DEBUG] RECV: /meta/connect 
[DEBUG] RECV: /meta/connect 
[DEBUG] RECV: /meta/connect 
[DEBUG] RECV: /meta/connect 
[DEBUG] RECV: /meta/connect 
[DEBUG] RECV: /meta/connect 
[DEBUG] RECV: /meta/connect 
[DEBUG] RECV: /meta/connect 
[DEBUG] RECV: /meta/connect 
[DEBUG] RECV: /meta/connect 
[DEBUG] RECV: /meta/connect 
[DEBUG] RECV: /meta/connect 
[DEBUG] RECV: /meta/connect 
[DEBUG] RECV: /meta/connect 
[DEBUG] RECV: /meta/connect 
[DEBUG] RECV: /meta/connect 
[DEBUG] RECV: /meta/connect 
[DEBUG] RECV: /meta/connect 
[DEBUG] RECV: /meta/connect 
[DEBUG] RECV: /meta/connect 
[DEBUG] RECV: /meta/connect 
[DEBUG] RECV: /meta/connect 
[DEBUG] RECV: /meta/connect 
[DEBUG] RECV: /meta/connect 
[DEBUG] RECV: /meta/connect 
[DEBUG] RECV: /meta/connect 
[DEBUG] RECV: /meta/connect 
