
=== Kahoot Auto-Join ===
Game PIN: 5114254
Player: yousuck885-uv6

[1/3] Getting session token...
[DEBUG] Session token (raw): Mjw/OwpTFW9YG15OLFpxJXkIACBbLAM6NVthZQkybyAITRlaCFhLfGskTXokXW5sWktgdFpQFAMSZ3pFB14CcDVtHRAFC2BfVVNcWUQzL1ZRUX4OWkcuFCBzN2V1BAxo
[DEBUG] Session token length: 128
[DEBUG] Base64 decoded length: 96
   ✓ Got session token
[2/3] Decoding token...
[DEBUG] Challenge message length: 100
[DEBUG] Offset: 166044
[DEBUG] Decoded challenge length: 100
[DEBUG] Token bytes length: 96
[DEBUG] Final token length: 96
[DEBUG] Final token: beca73c1aab2c88c213f1eeeb3182f7ab1b656268b72af02d806a5cea1469632c6aee80aa73b5cf5d59fa6cde4c51a85
[DEBUG] Token: beca73c1aab2c88c213f1eeeb3182f7ab1b656268b72af02d806a5cea1469632c6aee80aa73b5cf5d59fa6cde4c51a85
   ✓ Token decoded (length: 96)
[3/3] Connecting...

[DEBUG] WebSocket URL: wss://kahoot.it/cometd/5114254/beca73c1aab2c88c213f1eeeb3182f7ab1b656268b72af02d806a5cea1469632c6aee80aa73b5cf5d59fa6cde4c51a85
✓ Connected to WebSocket
[DEBUG] SEND handshake
[DEBUG] RECV: /meta/handshake 
✓ Handshake OK, clientId: by3xzve23juvr1zut1zy5vsmicgo
[DEBUG] SEND connect (first)
[DEBUG] RECV: /meta/connect 
[DEBUG] SEND connect (second)
[DEBUG] SEND login yousuck885-uv6
[DEBUG] RECV: /service/controller loginResponse
✓ Login successful! CID: 544410781
[DEBUG] SEND namerator message

=== SUCCESS ===
Listening for game events... (Ctrl+C to exit)

[DEBUG] RECV: /meta/connect 
[DEBUG] RECV: /service/controller 
[DEBUG] RECV: /service/controller 
[DEBUG] RECV: /service/status status
✓ Game is ACTIVE
[DEBUG] RECV: /service/player message

🎉 JOINED AS: DecisiveRooster87
   Player CID: 544410781
[DEBUG] RECV: /service/player message
[DEBUG] RECV: /meta/connect 
[DEBUG] RECV: /service/player message
[DEBUG] RECV: /meta/connect 
[DEBUG] RECV: /service/status status
[DEBUG] RECV: /meta/connect 
