
=== Kahoot Auto-Join ===
Game PIN: 5114254
Player: yousuck597-59l

[1/3] Getting session token...
[DEBUG] Session token (raw): Uw4MVz85YR5fOllZYQZsdVAdDnc/YX55dAV5KGgkDXMzA2leTFUrAxEMNxpHDCwjegRzJnwKWClLcxhac2QHO181ZnFzDw1CO0s9LTlQCQ0GUgAzA3ZBfXN3AWMEUxRm
[DEBUG] Session token length: 128
[DEBUG] Base64 decoded length: 96
   ✓ Got session token
[2/3] Decoding token...
[DEBUG] Challenge message length: 100
[DEBUG] Offset: 2700
[DEBUG] Decoded challenge length: 100
[DEBUG] Token bytes length: 96
[DEBUG] Final token length: 96
[DEBUG] Final token: f783dc6e5f582b46fd47a0590f1b9c77a61b8ba5abfa05ef780f18db04b5101d7f036a18f8ceee6737bde584374284d3
[DEBUG] Token: f783dc6e5f582b46fd47a0590f1b9c77a61b8ba5abfa05ef780f18db04b5101d7f036a18f8ceee6737bde584374284d3
   ✓ Token decoded (length: 96)
[3/3] Connecting...

[DEBUG] WebSocket URL: wss://kahoot.it/cometd/5114254/f783dc6e5f582b46fd47a0590f1b9c77a61b8ba5abfa05ef780f18db04b5101d7f036a18f8ceee6737bde584374284d3
✓ Connected to WebSocket
[DEBUG] SEND handshake
[DEBUG] RECV: /meta/handshake 
✓ Handshake OK, clientId: bxvt152xc3c2p6uouqp5enjuf7np9
[DEBUG] SEND connect (first)
[DEBUG] RECV: /meta/connect 
[DEBUG] SEND connect (second)
[DEBUG] SEND login yousuck597-59l
[DEBUG] RECV: /service/controller loginResponse
✓ Login successful! CID: 5644049
[DEBUG] SEND namerator message

=== SUCCESS ===
Listening for game events... (Ctrl+C to exit)

[DEBUG] RECV: /meta/connect 
[DEBUG] RECV: /service/controller 
[DEBUG] RECV: /service/controller 
[DEBUG] RECV: /service/status status
✓ Game is ACTIVE
[DEBUG] RECV: /service/player message

🎉 JOINED AS: YellowSwan68
   Player CID: 5644049
[DEBUG] RECV: /service/player message
[DEBUG] RECV: /meta/connect 
[DEBUG] RECV: /service/player message
[DEBUG] RECV: /meta/connect 
[DEBUG] RECV: /service/player message
[DEBUG] RECV: /meta/connect 
[DEBUG] RECV: /service/player message
[DEBUG] RECV: /meta/connect 
[DEBUG] RECV: /service/player message
[DEBUG] RECV: /meta/connect 
[DEBUG] RECV: /service/player message
[DEBUG] RECV: /meta/connect 
[DEBUG] RECV: /service/status status
[DEBUG] RECV: /meta/connect 
