
=== Kahoot Auto-Join ===
Game PIN: 5814465
Player: yousuck22-wtx

[1/3] Getting session token...
[DEBUG] Session token (raw): WGsCX1wIUl0bMw1jCDtfClEQNFYwAVpmaVFdcAYnZEpWRmVUHgVnBFIQCnoMQQwJXVJhTHFrHg48W10Lc0A6UHo2S35DCTkKQVgGX3JQUWUFBw01amBpdDZYBlR3KU5P
[DEBUG] Session token length: 128
[DEBUG] Base64 decoded length: 96
   ✓ Got session token
[2/3] Decoding token...
[DEBUG] Challenge message length: 100
[DEBUG] Offset: 22485904
[DEBUG] Decoded challenge length: 100
[DEBUG] Token bytes length: 96
[DEBUG] Final token length: 96
[DEBUG] Final token: 08ce6602baf1fd736fb7d6294f828b70e525fc143ce5d9485b2680fff96232b81d8102cb2e0a58d7c6cc9969d66d0b45
[DEBUG] Token: 08ce6602baf1fd736fb7d6294f828b70e525fc143ce5d9485b2680fff96232b81d8102cb2e0a58d7c6cc9969d66d0b45
   ✓ Token decoded (length: 96)
[3/3] Connecting...

[DEBUG] WebSocket URL: wss://kahoot.it/cometd/5814465/08ce6602baf1fd736fb7d6294f828b70e525fc143ce5d9485b2680fff96232b81d8102cb2e0a58d7c6cc9969d66d0b45
✓ Connected to WebSocket
[DEBUG] SEND handshake
[DEBUG] RECV: /meta/handshake 
✓ Handshake OK, clientId: 92r0vf0ln8xikex6qntm1l0pzbsx
[DEBUG] SEND connect (first)
[DEBUG] RECV: /meta/connect 
[DEBUG] SEND connect (second)
[DEBUG] SEND login yousuck22-wtx
[DEBUG] RECV: /service/controller loginResponse
✓ Login successful! CID: 1973719803
[DEBUG] SEND namerator message

=== SUCCESS ===
Listening for game events... (Ctrl+C to exit)

[DEBUG] RECV: /meta/connect 
[DEBUG] RECV: /service/controller 
[DEBUG] RECV: /service/controller 
[DEBUG] RECV: /meta/connect 
[DEBUG] RECV: /meta/connect 
[DEBUG] RECV: /meta/connect 
[DEBUG] RECV: /meta/connect 
[DEBUG] RECV: /meta/connect 
[DEBUG] RECV: /meta/connect 
[DEBUG] RECV: /meta/connect 
[DEBUG] RECV: /meta/connect 
[DEBUG] RECV: /meta/connect 
[DEBUG] RECV: /meta/connect 
[DEBUG] RECV: /meta/connect 
[DEBUG] RECV: /meta/connect 
[DEBUG] RECV: /meta/connect 
[DEBUG] RECV: /meta/connect 
[DEBUG] RECV: /meta/connect 
[DEBUG] RECV: /meta/connect 
[DEBUG] RECV: /meta/connect 
[DEBUG] RECV: /meta/connect 
[DEBUG] RECV: /meta/connect 
[DEBUG] RECV: /meta/connect 
[DEBUG] RECV: /meta/connect 
[DEBUG] RECV: /meta/connect 
[DEBUG] RECV: /meta/connect 
[DEBUG] RECV: /meta/connect 
[DEBUG] RECV: /meta/connect 
[DEBUG] RECV: /meta/connect 
[DEBUG] RECV: /meta/connect 
