
=== Kahoot Auto-Join ===
Game PIN: 5114254
Player: yousuck89-ky7

[1/3] Getting session token...
[DEBUG] Session token (raw): OBUmITUDcSNSCyhVHWIwRgIQbmlfbHZHNks7dQBHD1BIBRMAT1EGaChVWyFFABZZeXsIVG47MGlEcFpOGW5maTFlUToMLlggMQZlKVVpOwtkV3IJUwd8XCIBagtRYWVc
[DEBUG] Session token length: 128
[DEBUG] Base64 decoded length: 96
   ✓ Got session token
[2/3] Decoding token...
[DEBUG] Challenge message length: 100
[DEBUG] Offset: 74967552
[DEBUG] Decoded challenge length: 100
[DEBUG] Token bytes length: 96
[DEBUG] Final token length: 96
[DEBUG] Final token: dfaad91cd2eee4e60a87a904a7a0c1fc0bb26424f48a76fe15f19da85425b885a1afdeabb49f05fe71019424d22ac39c
[DEBUG] Token: dfaad91cd2eee4e60a87a904a7a0c1fc0bb26424f48a76fe15f19da85425b885a1afdeabb49f05fe71019424d22ac39c
   ✓ Token decoded (length: 96)
[3/3] Connecting...

[DEBUG] WebSocket URL: wss://kahoot.it/cometd/5114254/dfaad91cd2eee4e60a87a904a7a0c1fc0bb26424f48a76fe15f19da85425b885a1afdeabb49f05fe71019424d22ac39c
✓ Connected to WebSocket
[DEBUG] SEND handshake
[DEBUG] RECV: /meta/handshake 
✓ Handshake OK, clientId: bxi2nnshx15qgxuwhualq8w0diru
[DEBUG] SEND connect (first)
[DEBUG] RECV: /meta/connect 
[DEBUG] SEND connect (second)
[DEBUG] SEND login yousuck89-ky7
[DEBUG] RECV: /service/controller loginResponse
✓ Login successful! CID: 1155323368
[DEBUG] SEND namerator message

=== SUCCESS ===
Listening for game events... (Ctrl+C to exit)

[DEBUG] RECV: /meta/connect 
[DEBUG] RECV: /service/controller 
[DEBUG] RECV: /service/controller 
[DEBUG] RECV: /service/status status
✓ Game is ACTIVE
[DEBUG] RECV: /service/player message
[DEBUG] RECV: /service/player message

🎉 JOINED AS: QuickGator52
   Player CID: 1155323368
[DEBUG] RECV: /service/player message
[DEBUG] RECV: /service/player message
[DEBUG] RECV: /service/player message
[DEBUG] RECV: /service/player message
[DEBUG] RECV: /meta/connect 
[DEBUG] RECV: /service/player message
[DEBUG] RECV: /meta/connect 
[DEBUG] RECV: /service/player message
[DEBUG] RECV: /meta/connect 
[DEBUG] RECV: /service/player message
[DEBUG] RECV: /meta/connect 
[DEBUG] RECV: /service/player message
[DEBUG] RECV: /meta/connect 
[DEBUG] RECV: /service/player message
[DEBUG] RECV: /meta/connect 
[DEBUG] RECV: /service/player message
[DEBUG] RECV: /meta/connect 
[DEBUG] RECV: /service/player message
[DEBUG] RECV: /meta/connect 
[DEBUG] RECV: /service/player message
[DEBUG] RECV: /meta/connect 
[DEBUG] RECV: /service/player message
[DEBUG] RECV: /meta/connect 
[DEBUG] RECV: /service/player message
[DEBUG] RECV: /meta/connect 
[DEBUG] RECV: /service/player message
[DEBUG] RECV: /meta/connect 
[DEBUG] RECV: /service/status status
[DEBUG] RECV: /meta/connect 
