
=== Kahoot Auto-Join ===
Game PIN: 5814465
Player: yousuck23-51y

[1/3] Getting session token...
[DEBUG] Session token (raw): cCB+BiRADnAKA38PAmBzIg13OwdpQ0M8WQ9UM2c0Vmx7U2MyMUlSXSgDRUw6VmUoAmhoC3B4Zkh8dy1PbE96ckMGCmUdDEw0AFBuXlB3WScHX31yO10HAwFAOmh3GG5c
[DEBUG] Session token length: 128
[DEBUG] Base64 decoded length: 96
   ✓ Got session token
[2/3] Decoding token...
[DEBUG] Challenge message length: 100
[DEBUG] Offset: 9336
[DEBUG] Decoded challenge length: 100
[DEBUG] Token bytes length: 96
[DEBUG] Final token length: 96
[DEBUG] Final token: 3a01b6d32a97c60db7f2989b0f0e8a10475ce5c4c317c58c8717225265f735211521ec8c350d443ef006cac1e2d74c2d
[DEBUG] Token: 3a01b6d32a97c60db7f2989b0f0e8a10475ce5c4c317c58c8717225265f735211521ec8c350d443ef006cac1e2d74c2d
   ✓ Token decoded (length: 96)
[3/3] Connecting...

[DEBUG] WebSocket URL: wss://kahoot.it/cometd/5814465/3a01b6d32a97c60db7f2989b0f0e8a10475ce5c4c317c58c8717225265f735211521ec8c350d443ef006cac1e2d74c2d
✓ Connected to WebSocket
[DEBUG] SEND handshake
[DEBUG] RECV: /meta/handshake 
✓ Handshake OK, clientId: 92s61dn98x58dvehh8cug7gbja6sz
[DEBUG] SEND connect (first)
[DEBUG] RECV: /meta/connect 
[DEBUG] SEND connect (second)
[DEBUG] SEND login yousuck23-51y
[DEBUG] RECV: /service/status status
[DEBUG] RECV: /meta/connect 
[DEBUG] RECV: /service/controller 

⚠ Timeout - check if name appears in Kahoot lobby
[DEBUG] WebSocket closed: 1005

=== FAILED ===
Error: Connection closed (1005)
