
=== Kahoot Auto-Join ===
Game PIN: 5814465
Player: yousuck15-3m6

[1/3] Getting session token...
[DEBUG] Session token (raw): OWBQEgt/C0QfSQs+ZFMFHA46UkENZgNqVVt6R1laD3IHKQd8dWsQX2g2XkcUB2AgeAZsCA1vB0oJKj5UFxJaPmZqagdWYQl9QlBZQgRpA1Q7eFgAAmpfCQglB08lDC0P
[DEBUG] Session token length: 128
[DEBUG] Base64 decoded length: 96
   ✓ Got session token
[2/3] Decoding token...
[DEBUG] Challenge message length: 100
[DEBUG] Offset: 8957760
[DEBUG] Decoded challenge length: 100
[DEBUG] Token bytes length: 96
[DEBUG] Final token length: 96
[DEBUG] Final token: c96d3862d2dd482e5c79d5f53a918db83fb940d73e11d38e789c73d1aef0ffad540d78978d25d3f2e6c3c3f51b59e1d3
[DEBUG] Token: c96d3862d2dd482e5c79d5f53a918db83fb940d73e11d38e789c73d1aef0ffad540d78978d25d3f2e6c3c3f51b59e1d3
   ✓ Token decoded (length: 96)
[3/3] Connecting...

[DEBUG] WebSocket URL: wss://kahoot.it/cometd/5814465/c96d3862d2dd482e5c79d5f53a918db83fb940d73e11d38e789c73d1aef0ffad540d78978d25d3f2e6c3c3f51b59e1d3
✓ Connected to WebSocket
[DEBUG] SEND handshake
[DEBUG] RECV: /meta/handshake 
✓ Handshake OK, clientId: 92ragsu69zovfm9i1mce348r9m0ky
[DEBUG] SEND connect (first)
[DEBUG] RECV: /meta/connect 
[DEBUG] SEND connect (second)
[DEBUG] SEND login yousuck15-3m6
[DEBUG] RECV: /service/controller loginResponse
✓ Login successful! CID: 149799585
[DEBUG] SEND namerator message

=== SUCCESS ===
Listening for game events... (Ctrl+C to exit)

[DEBUG] RECV: /meta/connect 
[DEBUG] RECV: /service/controller 
[DEBUG] RECV: /service/controller 
[DEBUG] RECV: /meta/connect 
[DEBUG] RECV: /meta/connect 
[DEBUG] RECV: /meta/connect 
[DEBUG] RECV: /meta/connect 
[DEBUG] RECV: /meta/connect 
[DEBUG] RECV: /meta/connect 
[DEBUG] RECV: /meta/connect 
[DEBUG] RECV: /meta/connect 
[DEBUG] RECV: /meta/connect 
[DEBUG] RECV: /meta/connect 
[DEBUG] RECV: /meta/connect 
[DEBUG] RECV: /meta/connect 
[DEBUG] RECV: /meta/connect 
[DEBUG] RECV: /meta/connect 
[DEBUG] RECV: /meta/connect 
[DEBUG] RECV: /meta/connect 
[DEBUG] RECV: /meta/connect 
[DEBUG] RECV: /meta/connect 
[DEBUG] RECV: /meta/connect 
[DEBUG] RECV: /meta/connect 
[DEBUG] RECV: /meta/connect 
[DEBUG] RECV: /meta/connect 
[DEBUG] RECV: /meta/connect 
[DEBUG] RECV: /meta/connect 
[DEBUG] RECV: /meta/connect 
[DEBUG] RECV: /meta/connect 
[DEBUG] RECV: /meta/connect 
