
=== Kahoot Auto-Join ===
Game PIN: 5114254
Player: yousuck735-nmh

[1/3] Getting session token...
[DEBUG] Session token (raw): DB9PF1VjU1kKTw9FCnlIIS4GFgAoZld2OlEqVWVxUEAvajZwakdWBA4eBUZDSy1RIVYWQQ4kfwRNeAVVAwxcCAEHQGsAdndBX30LWgYMAkgHQzY+Pm1ZGVt5DSkLB1E5
[DEBUG] Session token length: 128
[DEBUG] Base64 decoded length: 96
   ✓ Got session token
[2/3] Decoding token...
[DEBUG] Challenge message length: 100
[DEBUG] Offset: 661440
[DEBUG] Decoded challenge length: 100
[DEBUG] Token bytes length: 96
[DEBUG] Final token length: 96
[DEBUG] Final token: 6c9a92bcb5e4421ea9fff010c8ce3168a1e1925d2da229efc2c40f2b45eef4b279181064e12b16d3a2cdc51aa3cfe8ab
[DEBUG] Token: 6c9a92bcb5e4421ea9fff010c8ce3168a1e1925d2da229efc2c40f2b45eef4b279181064e12b16d3a2cdc51aa3cfe8ab
   ✓ Token decoded (length: 96)
[3/3] Connecting...

[DEBUG] WebSocket URL: wss://kahoot.it/cometd/5114254/6c9a92bcb5e4421ea9fff010c8ce3168a1e1925d2da229efc2c40f2b45eef4b279181064e12b16d3a2cdc51aa3cfe8ab
✓ Connected to WebSocket
[DEBUG] SEND handshake
[DEBUG] RECV: /meta/handshake 
✓ Handshake OK, clientId: bxzzqh790c76f1uo1879s0ecwulev
[DEBUG] SEND connect (first)
[DEBUG] RECV: /meta/connect 
[DEBUG] SEND connect (second)
[DEBUG] SEND login yousuck735-nmh
[DEBUG] RECV: /service/controller loginResponse
✓ Login successful! CID: 1328674393
[DEBUG] SEND namerator message

=== SUCCESS ===
Listening for game events... (Ctrl+C to exit)

[DEBUG] RECV: /meta/connect 
[DEBUG] RECV: /service/controller 
[DEBUG] RECV: /service/controller 
[DEBUG] RECV: /service/status status
✓ Game is ACTIVE
[DEBUG] RECV: /service/player message

🎉 JOINED AS: FabulousGlider47
   Player CID: 1328674393
[DEBUG] RECV: /service/player message
[DEBUG] RECV: /meta/connect 
[DEBUG] RECV: /service/player message
[DEBUG] RECV: /meta/connect 
[DEBUG] RECV: /service/player message
[DEBUG] RECV: /meta/connect 
[DEBUG] RECV: /service/status status
[DEBUG] RECV: /meta/connect 
