
=== Kahoot Auto-Join ===
Game PIN: 5114254
Player: yousuck227-inx

[1/3] Getting session token...
[DEBUG] Session token (raw): XAwXP0Y6SwgHXHlAXgF4VmBYOU0MJB1NPVV7YRVCAVIZQWI4X0N0D2teByhocFZVBlMAOA04QBR3AnIkV3pHXH9JEjwyP1w1RmQATWAOdEFCBzJkWD0HLmIJDnw+bgxW
[DEBUG] Session token length: 128
[DEBUG] Base64 decoded length: 96
   ✓ Got session token
[2/3] Decoding token...
[DEBUG] Challenge message length: 100
[DEBUG] Offset: 334266
[DEBUG] Decoded challenge length: 100
[DEBUG] Token bytes length: 96
[DEBUG] Final token length: 96
[DEBUG] Final token: e9ce2d119020d36c43e67cf4e934d2c7b11dc80d395c23c7203b7c6d0a7e135e39beea6b781437288ce32efc8162e817
[DEBUG] Token: e9ce2d119020d36c43e67cf4e934d2c7b11dc80d395c23c7203b7c6d0a7e135e39beea6b781437288ce32efc8162e817
   ✓ Token decoded (length: 96)
[3/3] Connecting...

[DEBUG] WebSocket URL: wss://kahoot.it/cometd/5114254/e9ce2d119020d36c43e67cf4e934d2c7b11dc80d395c23c7203b7c6d0a7e135e39beea6b781437288ce32efc8162e817
✓ Connected to WebSocket
[DEBUG] SEND handshake
[DEBUG] RECV: /meta/handshake 
✓ Handshake OK, clientId: bxlm105016f8bq0w71idvqa9pd5w2t
[DEBUG] SEND connect (first)
[DEBUG] RECV: /meta/connect 
[DEBUG] SEND connect (second)
[DEBUG] SEND login yousuck227-inx
[DEBUG] RECV: /service/controller loginResponse
✓ Login successful! CID: 2086433432
[DEBUG] SEND namerator message

=== SUCCESS ===
Listening for game events... (Ctrl+C to exit)

[DEBUG] RECV: /meta/connect 
[DEBUG] RECV: /service/controller 
[DEBUG] RECV: /service/controller 
[DEBUG] RECV: /service/status status
✓ Game is ACTIVE
[DEBUG] RECV: /service/player message

🎉 JOINED AS: DandyKoala89
   Player CID: 2086433432
[DEBUG] RECV: /service/player message
[DEBUG] RECV: /service/player message
[DEBUG] RECV: /meta/connect 
[DEBUG] RECV: /service/player message
[DEBUG] RECV: /meta/connect 
[DEBUG] RECV: /service/player message
[DEBUG] RECV: /meta/connect 
[DEBUG] RECV: /service/player message
[DEBUG] RECV: /meta/connect 
[DEBUG] RECV: /service/player message
[DEBUG] RECV: /meta/connect 
[DEBUG] RECV: /service/player message
[DEBUG] RECV: /meta/connect 
[DEBUG] RECV: /service/player message
[DEBUG] RECV: /meta/connect 
[DEBUG] RECV: /service/player message
[DEBUG] RECV: /meta/connect 
[DEBUG] RECV: /service/player message
[DEBUG] RECV: /meta/connect 
[DEBUG] RECV: /service/player message
[DEBUG] RECV: /meta/connect 
[DEBUG] RECV: /service/status status
[DEBUG] RECV: /meta/connect 
