
=== Kahoot Auto-Join ===
Game PIN: 5114254
Player: yousuck844-m3t

[1/3] Getting session token...
[DEBUG] Session token (raw): EAFnZUEHdTYlSmgIMGcGZCYPWDMLU21CRXMrNCF+BkN6UldMJmtsOn9KV296BFwMX19WCElXaA8dEV5rCH9eA0RFDG1zWjQQUjgCDAxEcDgxLg0EVVAKKVEIYQoyRk85
[DEBUG] Session token length: 128
[DEBUG] Base64 decoded length: 96
   ✓ Got session token
[2/3] Decoding token...
[DEBUG] Challenge message length: 100
[DEBUG] Offset: 223
[DEBUG] Decoded challenge length: 100
[DEBUG] Token bytes length: 96
[DEBUG] Final token length: 96
[DEBUG] Final token: ea824c1dd166a8a7b72b232300bfe7d43890b96c46993671a190501eadb476fc21238bfdff01c18bacfdc1efbf4dd45d
[DEBUG] Token: ea824c1dd166a8a7b72b232300bfe7d43890b96c46993671a190501eadb476fc21238bfdff01c18bacfdc1efbf4dd45d
   ✓ Token decoded (length: 96)
[3/3] Connecting...

[DEBUG] WebSocket URL: wss://kahoot.it/cometd/5114254/ea824c1dd166a8a7b72b232300bfe7d43890b96c46993671a190501eadb476fc21238bfdff01c18bacfdc1efbf4dd45d
✓ Connected to WebSocket
[DEBUG] SEND handshake
[DEBUG] RECV: /meta/handshake 
✓ Handshake OK, clientId: by3lh4p97vdyc57nqddwmexa843d
[DEBUG] SEND connect (first)
[DEBUG] RECV: /meta/connect 
[DEBUG] SEND connect (second)
[DEBUG] SEND login yousuck844-m3t
[DEBUG] RECV: /service/controller loginResponse
✓ Login successful! CID: 1681019700
[DEBUG] SEND namerator message

=== SUCCESS ===
Listening for game events... (Ctrl+C to exit)

[DEBUG] RECV: /meta/connect 
[DEBUG] RECV: /service/controller 
[DEBUG] RECV: /service/controller 
[DEBUG] RECV: /service/status status
✓ Game is ACTIVE
[DEBUG] RECV: /service/player message

🎉 JOINED AS: WingedLark79
   Player CID: 1681019700
[DEBUG] RECV: /service/player message
[DEBUG] RECV: /meta/connect 
[DEBUG] RECV: /service/player message
[DEBUG] RECV: /meta/connect 
[DEBUG] RECV: /service/status status
[DEBUG] RECV: /meta/connect 
