
=== Kahoot Auto-Join ===
Game PIN: 5814465
Player: yousuck93-cyy

[1/3] Getting session token...
[DEBUG] Session token (raw): EGoBRD8rQHFkYz4wAwAOQl4KWx8ZXVNWaFQHYEJTd0p4DHpKVgIEL2t+f3w9fghjVW0JXXNcZXRWCF9qZQFxLi8gYEhXDUFAbBJGc15LQE9uCUZWDXYwdwcWFlVRU3dZ
[DEBUG] Session token length: 128
[DEBUG] Base64 decoded length: 96
   ✓ Got session token
[2/3] Decoding token...
[DEBUG] Challenge message length: 100
[DEBUG] Offset: 350262
[DEBUG] Decoded challenge length: 100
[DEBUG] Token bytes length: 96
[DEBUG] Final token length: 96
[DEBUG] Final token: b011ef3968aaee44860db9cb9b9607993753e31f2874a948108f4332e8f04e6feb1918378f1349768654f8b77baf9c48
[DEBUG] Token: b011ef3968aaee44860db9cb9b9607993753e31f2874a948108f4332e8f04e6feb1918378f1349768654f8b77baf9c48
   ✓ Token decoded (length: 96)
[3/3] Connecting...

[DEBUG] WebSocket URL: wss://kahoot.it/cometd/5814465/b011ef3968aaee44860db9cb9b9607993753e31f2874a948108f4332e8f04e6feb1918378f1349768654f8b77baf9c48
✓ Connected to WebSocket
[DEBUG] SEND handshake
[DEBUG] RECV: /meta/handshake 
✓ Handshake OK, clientId: 92sx6sbj7s832ogl1g251vq5y7tlz
[DEBUG] SEND connect (first)
[DEBUG] RECV: /meta/connect 
[DEBUG] SEND connect (second)
[DEBUG] SEND login yousuck93-cyy
[DEBUG] RECV: /service/status status
[DEBUG] RECV: /meta/connect 
[DEBUG] RECV: /service/controller 

⚠ Timeout - check if name appears in Kahoot lobby
[DEBUG] WebSocket closed: 1005

=== FAILED ===
Error: Connection closed (1005)
