
=== Kahoot Auto-Join ===
Game PIN: 5732350
Player: yousuck48-5uo

[1/3] Getting session token...
[DEBUG] Session token (raw): UUw6IV5bFFhAOQReZ1A8UxUjexRVCF4say8JGg4ECgBmcwluVyhABgNXWHgDLRVBR3Q5XwISUSAmfXtFHg4IBAEDYQ5WQFgDOkwjA3pTB0N+OW5zWQ1lawU8UwYJUw9Z
[DEBUG] Session token length: 128
[DEBUG] Base64 decoded length: 96
   ✓ Got session token
[2/3] Decoding token...
[DEBUG] Challenge message length: 100
[DEBUG] Offset: 1386
[DEBUG] Decoded challenge length: 100
[DEBUG] Token bytes length: 96
[DEBUG] Final token length: 96
[DEBUG] Final token: a8bb41c09d594df1fe1ed6ef5aefa3ed95347d39e3093ca211e29d3fc377bfded907e5f9f7f86c156b378388bb71c31a
[DEBUG] Token: a8bb41c09d594df1fe1ed6ef5aefa3ed95347d39e3093ca211e29d3fc377bfded907e5f9f7f86c156b378388bb71c31a
   ✓ Token decoded (length: 96)
[3/3] Connecting...

[DEBUG] WebSocket URL: wss://kahoot.it/cometd/5732350/a8bb41c09d594df1fe1ed6ef5aefa3ed95347d39e3093ca211e29d3fc377bfded907e5f9f7f86c156b378388bb71c31a
✓ Connected to WebSocket
[DEBUG] SEND handshake
[DEBUG] RECV: /meta/handshake 
✓ Handshake OK, clientId: bzmpymkeb6kv5xbtqywek2dih9j0
[DEBUG] SEND connect (first)
[DEBUG] RECV: /meta/connect 
[DEBUG] SEND connect (second)
[DEBUG] SEND login yousuck48-5uo
[DEBUG] RECV: /service/controller loginResponse
✓ Login successful! CID: 708054641
[DEBUG] SEND namerator message

=== SUCCESS ===
Listening for game events... (Ctrl+C to exit)

[DEBUG] RECV: /meta/connect 
[DEBUG] RECV: /service/controller 
[DEBUG] RECV: /service/controller 
[DEBUG] RECV: /service/status status
✓ Game is ACTIVE
[DEBUG] RECV: /service/player message

🎉 JOINED AS: DynamicSquid12
   Player CID: 708054641
[DEBUG] RECV: /service/player message
[DEBUG] RECV: /service/player message
[DEBUG] RECV: /meta/connect 
[DEBUG] RECV: /service/player message
[DEBUG] RECV: /meta/connect 
[DEBUG] RECV: /service/player message
[DEBUG] RECV: /meta/connect 
[DEBUG] RECV: /service/status status
[DEBUG] RECV: /meta/connect 
