
=== Kahoot Auto-Join ===
Game PIN: 5114254
Player: yousuck450-mno

[1/3] Getting session token...
[DEBUG] Session token (raw): BylOC18lPAhuRigoUVMGAGlBbHVPf1sFDiJnXAIAVW0ecyVpTgg5GHF3aTEqe2wuXmNVUQFsbFFHCzloDgFYfFsZVUVud1FTCzIqKnNSZUgIa058VS9pSx1qCk5dQUNZ
[DEBUG] Session token length: 128
[DEBUG] Base64 decoded length: 96
   ✓ Got session token
[2/3] Decoding token...
[DEBUG] Challenge message length: 100
[DEBUG] Offset: 526807
[DEBUG] Decoded challenge length: 100
[DEBUG] Token bytes length: 96
[DEBUG] Final token length: 96
[DEBUG] Final token: eb2d3ce792cd9472161362612d163b95f2c294fb792cf75c18e0381374a2e9a1cbc314320fce2094e8677d00e119e046
[DEBUG] Token: eb2d3ce792cd9472161362612d163b95f2c294fb792cf75c18e0381374a2e9a1cbc314320fce2094e8677d00e119e046
   ✓ Token decoded (length: 96)
[3/3] Connecting...

[DEBUG] WebSocket URL: wss://kahoot.it/cometd/5114254/eb2d3ce792cd9472161362612d163b95f2c294fb792cf75c18e0381374a2e9a1cbc314320fce2094e8677d00e119e046
✓ Connected to WebSocket
[DEBUG] SEND handshake
[DEBUG] RECV: /meta/handshake 
✓ Handshake OK, clientId: bxrr1qw1tme8urpq311yh8qtt1n3wf
[DEBUG] SEND connect (first)
[DEBUG] RECV: /meta/connect 
[DEBUG] SEND connect (second)
[DEBUG] SEND login yousuck450-mno
[DEBUG] RECV: /service/controller loginResponse
✓ Login successful! CID: 789923579
[DEBUG] SEND namerator message

=== SUCCESS ===
Listening for game events... (Ctrl+C to exit)

[DEBUG] RECV: /meta/connect 
[DEBUG] RECV: /service/controller 
[DEBUG] RECV: /service/controller 
[DEBUG] RECV: /service/status status
✓ Game is ACTIVE
[DEBUG] RECV: /service/player message

🎉 JOINED AS: SmoothBuffalo81
   Player CID: 789923579
[DEBUG] RECV: /service/player message
[DEBUG] RECV: /meta/connect 
[DEBUG] RECV: /service/player message
[DEBUG] RECV: /meta/connect 
[DEBUG] RECV: /service/player message
[DEBUG] RECV: /meta/connect 
[DEBUG] RECV: /service/player message
[DEBUG] RECV: /meta/connect 
[DEBUG] RECV: /service/player message
[DEBUG] RECV: /meta/connect 
[DEBUG] RECV: /service/player message
[DEBUG] RECV: /meta/connect 
[DEBUG] RECV: /service/player message
[DEBUG] RECV: /meta/connect 
[DEBUG] RECV: /service/status status
[DEBUG] RECV: /meta/connect 
