
=== Kahoot Auto-Join ===
Game PIN: 4969059
Player: yousuck29-xxp

[1/3] Getting session token...
[DEBUG] Session token (raw): AXwIM19dBDNrWwdSDg4BVjxgOgkQHnJCbGVjAQV3GmhAQlB1aH5Qdxw8U29TNjdnBFYCbTQsZhA2BwRdZA8RW1wNAiYIJEpndVcACl5WL2YEexcAAVt4e0ANfxFYE3U7
[DEBUG] Session token length: 128
[DEBUG] Base64 decoded length: 96
   ✓ Got session token
[2/3] Decoding token...
[DEBUG] Challenge message length: 100
[DEBUG] Offset: 163680
[DEBUG] Decoded challenge length: 100
[DEBUG] Token bytes length: 96
[DEBUG] Final token length: 96
[DEBUG] Final token: f8aa0e0a456bc4fee1b9ab48355fb4a560518871ede1cee10620cf2bdafe89b554ef7f696a9761d570eead69221d4a1c
[DEBUG] Token: f8aa0e0a456bc4fee1b9ab48355fb4a560518871ede1cee10620cf2bdafe89b554ef7f696a9761d570eead69221d4a1c
   ✓ Token decoded (length: 96)
[3/3] Connecting...

[DEBUG] WebSocket URL: wss://kahoot.it/cometd/4969059/f8aa0e0a456bc4fee1b9ab48355fb4a560518871ede1cee10620cf2bdafe89b554ef7f696a9761d570eead69221d4a1c
✓ Connected to WebSocket
[DEBUG] SEND handshake
[DEBUG] RECV: /meta/handshake 
✓ Handshake OK, clientId: buoz60to2d0ui8vjnan70p597848
[DEBUG] SEND connect (first)
[DEBUG] RECV: /meta/connect 
[DEBUG] SEND connect (second)
[DEBUG] SEND login yousuck29-xxp
[DEBUG] RECV: /service/controller loginResponse
✓ Login successful! CID: 709350959
[DEBUG] SEND namerator message

=== SUCCESS ===
Listening for game events... (Ctrl+C to exit)

[DEBUG] RECV: /meta/connect 
[DEBUG] RECV: /service/controller 
[DEBUG] RECV: /service/controller 
[DEBUG] RECV: /service/status status
✓ Game is ACTIVE
[DEBUG] RECV: /service/player message

🎉 JOINED AS: HelpfulPanda84
   Player CID: 709350959
[DEBUG] RECV: /service/player message
[DEBUG] RECV: /service/player message
[DEBUG] RECV: /service/player message
[DEBUG] RECV: /service/player message
[DEBUG] RECV: /meta/connect 
[DEBUG] RECV: /service/player message
[DEBUG] RECV: /service/player message
[DEBUG] RECV: /meta/connect 
[DEBUG] RECV: /service/player message
[DEBUG] RECV: /service/player message
[DEBUG] RECV: /service/player message
[DEBUG] RECV: /meta/connect 
[DEBUG] RECV: /service/status status
[DEBUG] RECV: /meta/connect 
