
=== Kahoot Auto-Join ===
Game PIN: 4969059
Player: yousuck61-0h9

[1/3] Getting session token...
[DEBUG] Session token (raw): XCxMaQhaRFhUSk0ERwApLk4hNQhQPwtvd155LF1fX1QpZBE/V1xURAIOCg4LElRbNF90C3VWURYNWwRJACdsUlAyXSYGX1wDZX8uVEZYfXVDZjZTcwB9M1gdeGpZCycD
[DEBUG] Session token length: 128
[DEBUG] Base64 decoded length: 96
   ✓ Got session token
[2/3] Decoding token...
[DEBUG] Challenge message length: 100
[DEBUG] Offset: 736365
[DEBUG] Decoded challenge length: 100
[DEBUG] Token bytes length: 96
[DEBUG] Final token length: 96
[DEBUG] Final token: be082670c97732ec5fb47e817c3f2a55b0eecf108d4eae59d03b921ce3a0ef1badcc6a3191ad3f9404d2666cfd40dfe9
[DEBUG] Token: be082670c97732ec5fb47e817c3f2a55b0eecf108d4eae59d03b921ce3a0ef1badcc6a3191ad3f9404d2666cfd40dfe9
   ✓ Token decoded (length: 96)
[3/3] Connecting...

[DEBUG] WebSocket URL: wss://kahoot.it/cometd/4969059/be082670c97732ec5fb47e817c3f2a55b0eecf108d4eae59d03b921ce3a0ef1badcc6a3191ad3f9404d2666cfd40dfe9
✓ Connected to WebSocket
[DEBUG] SEND handshake
[DEBUG] RECV: /meta/handshake 
✓ Handshake OK, clientId: bupohbn15fkn4mbn1kyzncsauam5x
[DEBUG] SEND connect (first)
[DEBUG] RECV: /meta/connect 
[DEBUG] SEND connect (second)
[DEBUG] SEND login yousuck61-0h9
[DEBUG] RECV: /service/controller loginResponse
✓ Login successful! CID: 1251840571
[DEBUG] SEND namerator message

=== SUCCESS ===
Listening for game events... (Ctrl+C to exit)

[DEBUG] RECV: /meta/connect 
[DEBUG] RECV: /service/controller 
[DEBUG] RECV: /service/controller 
[DEBUG] RECV: /service/status status
✓ Game is ACTIVE
[DEBUG] RECV: /service/player message

🎉 JOINED AS: CuteBuffalo85
   Player CID: 1251840571
[DEBUG] RECV: /service/player message
[DEBUG] RECV: /service/player message
[DEBUG] RECV: /service/player message
[DEBUG] RECV: /service/player message
[DEBUG] RECV: /service/player message
[DEBUG] RECV: /service/player message
[DEBUG] RECV: /meta/connect 
[DEBUG] RECV: /service/status status
[DEBUG] RECV: /meta/connect 
