
=== Kahoot Auto-Join ===
Game PIN: 5814465
Player: yousuck55-u79

[1/3] Getting session token...
[DEBUG] Session token (raw): VFlZAXh/Wk9CKiBoQ0JjE1Zkc3V/eD9nOwVfPG0AYVZrfApmX15oQg4qDGEHVFxFC1dbSAU5WVcJCnIlbBl0AgENb1EOeUI9NSpQA14ABVlKPXgBSVISLWkbYhUUBX5v
[DEBUG] Session token length: 128
[DEBUG] Base64 decoded length: 96
   ✓ Got session token
[2/3] Decoding token...
[DEBUG] Challenge message length: 100
[DEBUG] Offset: 224046
[DEBUG] Decoded challenge length: 100
[DEBUG] Token bytes length: 96
[DEBUG] Final token length: 96
[DEBUG] Final token: 192555c50db2354c673441e4b58f3d6748613a882c83b1d6e258abc2276a4c368451b51bec2b8e098b8539cc3c2fbf67
[DEBUG] Token: 192555c50db2354c673441e4b58f3d6748613a882c83b1d6e258abc2276a4c368451b51bec2b8e098b8539cc3c2fbf67
   ✓ Token decoded (length: 96)
[3/3] Connecting...

[DEBUG] WebSocket URL: wss://kahoot.it/cometd/5814465/192555c50db2354c673441e4b58f3d6748613a882c83b1d6e258abc2276a4c368451b51bec2b8e098b8539cc3c2fbf67
✓ Connected to WebSocket
[DEBUG] SEND handshake
[DEBUG] RECV: /meta/handshake 
✓ Handshake OK, clientId: 92upfwcfe2rjrsrh11oosy6feouub
[DEBUG] SEND connect (first)
[DEBUG] RECV: /meta/connect 
[DEBUG] SEND connect (second)
[DEBUG] SEND login yousuck55-u79
[DEBUG] RECV: /service/status status
[DEBUG] RECV: /meta/connect 
[DEBUG] RECV: /service/controller 

⚠ Timeout - check if name appears in Kahoot lobby
[DEBUG] WebSocket closed: 1005

=== FAILED ===
Error: Connection closed (1005)
