
=== Kahoot Auto-Join ===
Game PIN: 5114254
Player: yousuck708-eam

[1/3] Getting session token...
[DEBUG] Session token (raw): BFMLD2MzdTtgUSRbAn1QKwIofhMFThsGel0mXRRSX2QAISICSQEAPWZcAiEEXgFYU1ZhUV1/dAJTW28OB1dRVg8BTH9rDUALZ1trUDkHAlw2chVNR3EKbBsOGFIOC2QT
[DEBUG] Session token length: 128
[DEBUG] Base64 decoded length: 96
   ✓ Got session token
[2/3] Decoding token...
[DEBUG] Challenge message length: 100
[DEBUG] Offset: 27679428
[DEBUG] Decoded challenge length: 100
[DEBUG] Token bytes length: 96
[DEBUG] Final token length: 96
[DEBUG] Final token: 3e388a2a85b8218aae7be8b68ea8b513acec5dbb20cf31fcdf33e475d922bbca0c56616a679cd0f3d8d515f4b1ae5b5e
[DEBUG] Token: 3e388a2a85b8218aae7be8b68ea8b513acec5dbb20cf31fcdf33e475d922bbca0c56616a679cd0f3d8d515f4b1ae5b5e
   ✓ Token decoded (length: 96)
[3/3] Connecting...

[DEBUG] WebSocket URL: wss://kahoot.it/cometd/5114254/3e388a2a85b8218aae7be8b68ea8b513acec5dbb20cf31fcdf33e475d922bbca0c56616a679cd0f3d8d515f4b1ae5b5e
✓ Connected to WebSocket
[DEBUG] SEND handshake
[DEBUG] RECV: /meta/handshake 
✓ Handshake OK, clientId: bxyz1t30sicaju9qyzovtjdlyz05i
[DEBUG] SEND connect (first)
[DEBUG] RECV: /meta/connect 
[DEBUG] SEND connect (second)
[DEBUG] SEND login yousuck708-eam
[DEBUG] RECV: /service/controller loginResponse
✓ Login successful! CID: 1701031180
[DEBUG] SEND namerator message

=== SUCCESS ===
Listening for game events... (Ctrl+C to exit)

[DEBUG] RECV: /meta/connect 
[DEBUG] RECV: /service/controller 
[DEBUG] RECV: /service/controller 
[DEBUG] RECV: /service/status status
✓ Game is ACTIVE
[DEBUG] RECV: /service/player message

🎉 JOINED AS: SpeedyLion50
   Player CID: 1701031180
[DEBUG] RECV: /service/player message
[DEBUG] RECV: /meta/connect 
[DEBUG] RECV: /service/player message
[DEBUG] RECV: /meta/connect 
[DEBUG] RECV: /service/player message
[DEBUG] RECV: /meta/connect 
[DEBUG] RECV: /service/player message
[DEBUG] RECV: /meta/connect 
[DEBUG] RECV: /service/status status
[DEBUG] RECV: /meta/connect 
