
=== Kahoot Auto-Join ===
Game PIN: 5114254
Player: yousuck447-umj

[1/3] Getting session token...
[DEBUG] Session token (raw): Tkd8FwNwWhB9UBFKDjkMCmBaXgoESmVZDHF+aE45XWFaQTdhJg1DD18GEXcKCF4IWlVKLx5jXhIBCBAHb1ldJwYQZlgNUGV+V3xpXjIdBA1nM1wKWyt3PGxAb1UOUFAL
[DEBUG] Session token length: 128
[DEBUG] Base64 decoded length: 96
   ✓ Got session token
[2/3] Decoding token...
[DEBUG] Challenge message length: 100
[DEBUG] Offset: 73919
[DEBUG] Decoded challenge length: 100
[DEBUG] Token bytes length: 96
[DEBUG] Final token length: 96
[DEBUG] Final token: 222f151e91a6ffb418b19655a0522e0410f8b02da9d808f4629cf39c79d4576c5b61a1746181aaa29c585c6e70954d8f
[DEBUG] Token: 222f151e91a6ffb418b19655a0522e0410f8b02da9d808f4629cf39c79d4576c5b61a1746181aaa29c585c6e70954d8f
   ✓ Token decoded (length: 96)
[3/3] Connecting...

[DEBUG] WebSocket URL: wss://kahoot.it/cometd/5114254/222f151e91a6ffb418b19655a0522e0410f8b02da9d808f4629cf39c79d4576c5b61a1746181aaa29c585c6e70954d8f
✓ Connected to WebSocket
[DEBUG] SEND handshake
[DEBUG] RECV: /meta/handshake 
✓ Handshake OK, clientId: bxru9u90av5kway4r2ymke4v1qfn
[DEBUG] SEND connect (first)
[DEBUG] RECV: /meta/connect 
[DEBUG] SEND connect (second)
[DEBUG] SEND login yousuck447-umj
[DEBUG] RECV: /service/controller loginResponse
✓ Login successful! CID: 1439444408
[DEBUG] SEND namerator message

=== SUCCESS ===
Listening for game events... (Ctrl+C to exit)

[DEBUG] RECV: /meta/connect 
[DEBUG] RECV: /service/controller 
[DEBUG] RECV: /service/controller 
[DEBUG] RECV: /service/status status
✓ Game is ACTIVE
[DEBUG] RECV: /service/player message

🎉 JOINED AS: LuckyFerret71
   Player CID: 1439444408
[DEBUG] RECV: /service/player message
[DEBUG] RECV: /meta/connect 
[DEBUG] RECV: /service/player message
[DEBUG] RECV: /meta/connect 
[DEBUG] RECV: /service/player message
[DEBUG] RECV: /meta/connect 
[DEBUG] RECV: /service/player message
[DEBUG] RECV: /meta/connect 
[DEBUG] RECV: /service/player message
[DEBUG] RECV: /meta/connect 
[DEBUG] RECV: /service/player message
[DEBUG] RECV: /meta/connect 
[DEBUG] RECV: /service/player message
[DEBUG] RECV: /meta/connect 
[DEBUG] RECV: /service/status status
[DEBUG] RECV: /meta/connect 
