
=== Kahoot Auto-Join ===
Game PIN: 5732350
Player: yousuck70-hj2

[1/3] Getting session token...
[DEBUG] Session token (raw): FkRFJGgBD3UNdD5NCkI9NVJFChUYBgprHXMuQTdbaDoICQgYEk1aeg8zGAdCWlEDTWY0DQUABAlVI0cLWW5EUDJcYj1NVUNxewwTE0dDeDUPaX9XKWltblg0WQI7dUhj
[DEBUG] Session token length: 128
[DEBUG] Base64 decoded length: 96
   ✓ Got session token
[2/3] Decoding token...
[DEBUG] Challenge message length: 100
[DEBUG] Offset: 3380
[DEBUG] Decoded challenge length: 100
[DEBUG] Token bytes length: 96
[DEBUG] Final token length: 96
[DEBUG] Final token: c15d026118b878dd235edf46d9a8e53f672db6353bd0747b14ad5adc5a15176ffb6c616852bd563cb99db6602e14d694
[DEBUG] Token: c15d026118b878dd235edf46d9a8e53f672db6353bd0747b14ad5adc5a15176ffb6c616852bd563cb99db6602e14d694
   ✓ Token decoded (length: 96)
[3/3] Connecting...

[DEBUG] WebSocket URL: wss://kahoot.it/cometd/5732350/c15d026118b878dd235edf46d9a8e53f672db6353bd0747b14ad5adc5a15176ffb6c616852bd563cb99db6602e14d694
✓ Connected to WebSocket
[DEBUG] SEND handshake
[DEBUG] RECV: /meta/handshake 
✓ Handshake OK, clientId: bzkhq11e78z45gw4gfx924fhvxax
[DEBUG] SEND connect (first)
[DEBUG] RECV: /meta/connect 
[DEBUG] SEND connect (second)
[DEBUG] SEND login yousuck70-hj2
[DEBUG] RECV: /service/controller loginResponse
✓ Login successful! CID: 172438318
[DEBUG] SEND namerator message

=== SUCCESS ===
Listening for game events... (Ctrl+C to exit)

[DEBUG] RECV: /meta/connect 
[DEBUG] RECV: /service/controller 
[DEBUG] RECV: /service/controller 
[DEBUG] RECV: /service/status status
✓ Game is ACTIVE
[DEBUG] RECV: /service/player message

🎉 JOINED AS: GentleSquid83
   Player CID: 172438318
[DEBUG] RECV: /service/player message
[DEBUG] RECV: /service/player message
[DEBUG] RECV: /service/player message
[DEBUG] RECV: /meta/connect 
[DEBUG] RECV: /service/player message
[DEBUG] RECV: /service/player message
[DEBUG] RECV: /meta/connect 
[DEBUG] RECV: /service/player message
[DEBUG] RECV: /meta/connect 
[DEBUG] RECV: /service/player message
[DEBUG] RECV: /meta/connect 
[DEBUG] RECV: /service/player message
[DEBUG] RECV: /meta/connect 
[DEBUG] RECV: /service/player message
[DEBUG] RECV: /meta/connect 
[DEBUG] RECV: /service/status status
[DEBUG] RECV: /meta/connect 
