
=== Kahoot Auto-Join ===
Game PIN: 5114254
Player: yousuck104-m7q

[1/3] Getting session token...
[DEBUG] Session token (raw): YzZ3DQwEUQcjWidIWnxiEWBKQm0iIUg+SE0uTFllXiheKgo8YE9nDCVWU3cKfUduCUMKZwsJD11yUwNjf3pdUn9XB1YMaAxeJ1pyFjc4DhVFeg5TA3ReclMJaVJFei9a
[DEBUG] Session token length: 128
[DEBUG] Base64 decoded length: 96
   ✓ Got session token
[2/3] Decoding token...
[DEBUG] Challenge message length: 100
[DEBUG] Offset: 1913284800
[DEBUG] Decoded challenge length: 100
[DEBUG] Token bytes length: 96
[DEBUG] Final token length: 96
[DEBUG] Final token: 9a038959dcd8811f7224ad8f34d9181cfecf340bf8d63948c5506b1874b768e346bfe3daca8deb3a765db144676b56b9
[DEBUG] Token: 9a038959dcd8811f7224ad8f34d9181cfecf340bf8d63948c5506b1874b768e346bfe3daca8deb3a765db144676b56b9
   ✓ Token decoded (length: 96)
[3/3] Connecting...

[DEBUG] WebSocket URL: wss://kahoot.it/cometd/5114254/9a038959dcd8811f7224ad8f34d9181cfecf340bf8d63948c5506b1874b768e346bfe3daca8deb3a765db144676b56b9
✓ Connected to WebSocket
[DEBUG] SEND handshake
[DEBUG] RECV: /meta/handshake 
✓ Handshake OK, clientId: bxil1ejimmj6ii1qlrv7tdu8xiahq
[DEBUG] SEND connect (first)
[DEBUG] RECV: /meta/connect 
[DEBUG] SEND connect (second)
[DEBUG] SEND login yousuck104-m7q
[DEBUG] RECV: /service/controller loginResponse
✓ Login successful! CID: 1808745996
[DEBUG] SEND namerator message

=== SUCCESS ===
Listening for game events... (Ctrl+C to exit)

[DEBUG] RECV: /meta/connect 
[DEBUG] RECV: /service/controller 
[DEBUG] RECV: /service/controller 
[DEBUG] RECV: /service/status status
✓ Game is ACTIVE
[DEBUG] RECV: /service/player message
[DEBUG] RECV: /service/player message

🎉 JOINED AS: MelodicQuail36
   Player CID: 1808745996
[DEBUG] RECV: /service/player message
[DEBUG] RECV: /meta/connect 
[DEBUG] RECV: /service/player message
[DEBUG] RECV: /meta/connect 
[DEBUG] RECV: /service/player message
[DEBUG] RECV: /meta/connect 
[DEBUG] RECV: /service/player message
[DEBUG] RECV: /meta/connect 
[DEBUG] RECV: /service/player message
[DEBUG] RECV: /meta/connect 
[DEBUG] RECV: /service/player message
[DEBUG] RECV: /meta/connect 
[DEBUG] RECV: /service/player message
[DEBUG] RECV: /meta/connect 
[DEBUG] RECV: /service/player message
[DEBUG] RECV: /meta/connect 
[DEBUG] RECV: /service/player message
[DEBUG] RECV: /meta/connect 
[DEBUG] RECV: /service/player message
[DEBUG] RECV: /meta/connect 
[DEBUG] RECV: /service/player message
[DEBUG] RECV: /meta/connect 
[DEBUG] RECV: /service/player message
[DEBUG] RECV: /meta/connect 
[DEBUG] RECV: /service/status status
[DEBUG] RECV: /meta/connect 
