
=== Kahoot Auto-Join ===
Game PIN: 5732350
Player: yousuck26-5ww

[1/3] Getting session token...
[DEBUG] Session token (raw): aG53WEJmYzwrRmFoNg0jBA5ZAl80ahYkC00NXAJJfWQFQAh2WwlrOwhONUI4QnEGaFsqfQp5C3EDIg9QWAI0AF1KLlhjUUdwZjQOfkZsO18/BCddWGs6DF1ofwBHWGZT
[DEBUG] Session token length: 128
[DEBUG] Base64 decoded length: 96
   ✓ Got session token
[2/3] Decoding token...
[DEBUG] Challenge message length: 100
[DEBUG] Offset: 424697
[DEBUG] Decoded challenge length: 100
[DEBUG] Token bytes length: 96
[DEBUG] Final token length: 96
[DEBUG] Final token: 2569837fd622b8f37ac0e0fc0744c8189013402a32f6b64963c263f54da381d7d6a44c106b8466fbb3f804eed4372a41
[DEBUG] Token: 2569837fd622b8f37ac0e0fc0744c8189013402a32f6b64963c263f54da381d7d6a44c106b8466fbb3f804eed4372a41
   ✓ Token decoded (length: 96)
[3/3] Connecting...

[DEBUG] WebSocket URL: wss://kahoot.it/cometd/5732350/2569837fd622b8f37ac0e0fc0744c8189013402a32f6b64963c263f54da381d7d6a44c106b8466fbb3f804eed4372a41
✓ Connected to WebSocket
[DEBUG] SEND handshake
[DEBUG] RECV: /meta/handshake 
✓ Handshake OK, clientId: bzoy1ja0e95okhton15lsfg61o3t6g
[DEBUG] SEND connect (first)
[DEBUG] RECV: /meta/connect 
[DEBUG] SEND connect (second)
[DEBUG] SEND login yousuck26-5ww
[DEBUG] RECV: /service/controller loginResponse
✓ Login successful! CID: 1834680524
[DEBUG] SEND namerator message

=== SUCCESS ===
Listening for game events... (Ctrl+C to exit)

[DEBUG] RECV: /meta/connect 
[DEBUG] RECV: /service/controller 
[DEBUG] RECV: /service/controller 
[DEBUG] RECV: /service/status status
✓ Game is ACTIVE
[DEBUG] RECV: /service/player message

🎉 JOINED AS: SuperFrog46
   Player CID: 1834680524
[DEBUG] RECV: /service/player message
[DEBUG] RECV: /meta/connect 
[DEBUG] RECV: /service/player message
[DEBUG] RECV: /meta/connect 
[DEBUG] RECV: /service/status status
[DEBUG] RECV: /meta/connect 
