
=== Kahoot Auto-Join ===
Game PIN: 5814465
Player: yousuck49-jnb

[1/3] Getting session token...
[DEBUG] Session token (raw): AwF7S3tQQ0sATAl1awQEWAFSY0ZzNW9fX0hKLmZXRVlaBHNjAAEMAFs2SFwNbkJ8bWF9VwBGDmRZDXpYf1NYQwg8UXxWU1VzRURoSFFZCA5oOC1qCkouWz0AAk9tUitR
[DEBUG] Session token length: 128
[DEBUG] Base64 decoded length: 96
   ✓ Got session token
[2/3] Decoding token...
[DEBUG] Challenge message length: 100
[DEBUG] Offset: 1211760
[DEBUG] Decoded challenge length: 100
[DEBUG] Token bytes length: 96
[DEBUG] Final token length: 96
[DEBUG] Final token: 8239160147f33fab03259b35606b1b17b423a90bac2a632716596305b6314ed93d6677091488db429db416f4a37591d1
[DEBUG] Token: 8239160147f33fab03259b35606b1b17b423a90bac2a632716596305b6314ed93d6677091488db429db416f4a37591d1
   ✓ Token decoded (length: 96)
[3/3] Connecting...

[DEBUG] WebSocket URL: wss://kahoot.it/cometd/5814465/8239160147f33fab03259b35606b1b17b423a90bac2a632716596305b6314ed93d6677091488db429db416f4a37591d1
✓ Connected to WebSocket
[DEBUG] SEND handshake
[DEBUG] RECV: /meta/handshake 
✓ Handshake OK, clientId: 92v5gbj82vbbl67810xdcxaqa0qwx
[DEBUG] SEND connect (first)
[DEBUG] RECV: /meta/connect 
[DEBUG] SEND connect (second)
[DEBUG] SEND login yousuck49-jnb
[DEBUG] RECV: /service/status status
[DEBUG] RECV: /meta/connect 
[DEBUG] RECV: /service/controller 

⚠ Timeout - check if name appears in Kahoot lobby
[DEBUG] WebSocket closed: 1005

=== FAILED ===
Error: Connection closed (1005)
