
=== Kahoot Auto-Join ===
Game PIN: 5114254
Player: yousuck758-1dq

[1/3] Getting session token...
[DEBUG] Session token (raw): N1hoOV0fbwsHKRB/LzFVQgoOPRpZAywOMVgGWgYBaRRaUUZOUU5WZklSCm4FUyEoYXpBOV0KJloPJwUFYXl7d1hcVgErUHpJfykoJX1rPDlWAQ9FDE8CekYkLQJhVAF+
[DEBUG] Session token length: 128
[DEBUG] Base64 decoded length: 96
   ✓ Got session token
[2/3] Decoding token...
[DEBUG] Challenge message length: 100
[DEBUG] Offset: 193228
[DEBUG] Decoded challenge length: 100
[DEBUG] Token bytes length: 96
[DEBUG] Final token length: 96
[DEBUG] Final token: d44a7e151ed7ede1a3cc7bd6db6d8b2bcc18449116b78bcf967f54a31ca58852c3dfe3636aff48bb624523012bac2df0
[DEBUG] Token: d44a7e151ed7ede1a3cc7bd6db6d8b2bcc18449116b78bcf967f54a31ca58852c3dfe3636aff48bb624523012bac2df0
   ✓ Token decoded (length: 96)
[3/3] Connecting...

[DEBUG] WebSocket URL: wss://kahoot.it/cometd/5114254/d44a7e151ed7ede1a3cc7bd6db6d8b2bcc18449116b78bcf967f54a31ca58852c3dfe3636aff48bb624523012bac2df0
✓ Connected to WebSocket
[DEBUG] SEND handshake
[DEBUG] RECV: /meta/handshake 
✓ Handshake OK, clientId: by0c3vgzfkm99yvqy8cgbn8y2oe9
[DEBUG] SEND connect (first)
[DEBUG] RECV: /meta/connect 
[DEBUG] SEND connect (second)
[DEBUG] SEND login yousuck758-1dq
[DEBUG] RECV: /service/controller loginResponse
✓ Login successful! CID: 1930804046
[DEBUG] SEND namerator message

=== SUCCESS ===
Listening for game events... (Ctrl+C to exit)

[DEBUG] RECV: /meta/connect 
[DEBUG] RECV: /service/controller 
[DEBUG] RECV: /service/controller 
[DEBUG] RECV: /service/status status
✓ Game is ACTIVE
[DEBUG] RECV: /service/player message

🎉 JOINED AS: SuperHare96
   Player CID: 1930804046
[DEBUG] RECV: /service/player message
[DEBUG] RECV: /meta/connect 
[DEBUG] RECV: /service/player message
[DEBUG] RECV: /meta/connect 
[DEBUG] RECV: /service/player message
[DEBUG] RECV: /meta/connect 
[DEBUG] RECV: /service/status status
[DEBUG] RECV: /meta/connect 
