
=== Kahoot Auto-Join ===
Game PIN: 5814465
Player: yousuck60-fvu

[1/3] Getting session token...
[DEBUG] Session token (raw): fGNcb1BFDndGcxEAA1JkLAA3ZVRsZAxxdgkCfXgIIngLS1lCblc1VVMDaEtbT3QrLX19Z1gjbx4acX9MURhqOG1dYFV2CA0mGW9SC1MqKAF4V1wGd1V/Z3VWTFYJDg9r
[DEBUG] Session token length: 128
[DEBUG] Base64 decoded length: 96
   ✓ Got session token
[2/3] Decoding token...
[DEBUG] Challenge message length: 100
[DEBUG] Offset: 4034
[DEBUG] Decoded challenge length: 100
[DEBUG] Token bytes length: 96
[DEBUG] Final token length: 96
[DEBUG] Final token: 25d550a721e8901acc3f78476ee368a9311356ef4a42c51ee3526c8db4248d4d2e9b3e4bb2127de84aa17782686dae87
[DEBUG] Token: 25d550a721e8901acc3f78476ee368a9311356ef4a42c51ee3526c8db4248d4d2e9b3e4bb2127de84aa17782686dae87
   ✓ Token decoded (length: 96)
[3/3] Connecting...

[DEBUG] WebSocket URL: wss://kahoot.it/cometd/5814465/25d550a721e8901acc3f78476ee368a9311356ef4a42c51ee3526c8db4248d4d2e9b3e4bb2127de84aa17782686dae87
✓ Connected to WebSocket
[DEBUG] SEND handshake
[DEBUG] RECV: /meta/handshake 
✓ Handshake OK, clientId: 92ul1wq54uiggq2j4ivmpp55z9djt
[DEBUG] SEND connect (first)
[DEBUG] RECV: /meta/connect 
[DEBUG] SEND connect (second)
[DEBUG] SEND login yousuck60-fvu
[DEBUG] RECV: /service/status status
[DEBUG] RECV: /meta/connect 
[DEBUG] RECV: /service/controller 

⚠ Timeout - check if name appears in Kahoot lobby
[DEBUG] WebSocket closed: 1005

=== FAILED ===
Error: Connection closed (1005)
