
=== Kahoot Auto-Join ===
Game PIN: 5114254
Player: yousuck292-jva

[1/3] Getting session token...
[DEBUG] Session token (raw): Plk9UU0kbgtDAmBFFlsmNQIrRR4qQURTagpfSnkXdlEdcWJbWV1hE3w2fEIJemNeZHAQEgtAVFY5LTVSb31VREJtd1ULJWkqXmIBbBQ+QSFXMTIbBGJhD29kS19kCH8U
[DEBUG] Session token length: 128
[DEBUG] Base64 decoded length: 96
   ✓ Got session token
[2/3] Decoding token...
[DEBUG] Challenge message length: 100
[DEBUG] Offset: 41239
[DEBUG] Decoded challenge length: 100
[DEBUG] Token bytes length: 96
[DEBUG] Final token length: 96
[DEBUG] Final token: bcf76b8a2097d0abee9df96264f19c72e76bdc6b5a26911750ce89d1ebe9425547119a5d97f0db5eaceb692b37255b7b
[DEBUG] Token: bcf76b8a2097d0abee9df96264f19c72e76bdc6b5a26911750ce89d1ebe9425547119a5d97f0db5eaceb692b37255b7b
   ✓ Token decoded (length: 96)
[3/3] Connecting...

[DEBUG] WebSocket URL: wss://kahoot.it/cometd/5114254/bcf76b8a2097d0abee9df96264f19c72e76bdc6b5a26911750ce89d1ebe9425547119a5d97f0db5eaceb692b37255b7b
✓ Connected to WebSocket
[DEBUG] SEND handshake
[DEBUG] RECV: /meta/handshake 
✓ Handshake OK, clientId: bxnfgkji8kqep2g11ooffrbfg55lj
[DEBUG] SEND connect (first)
[DEBUG] RECV: /meta/connect 
[DEBUG] SEND connect (second)
[DEBUG] SEND login yousuck292-jva
[DEBUG] RECV: /service/controller loginResponse
✓ Login successful! CID: 1346911191
[DEBUG] SEND namerator message

=== SUCCESS ===
Listening for game events... (Ctrl+C to exit)

[DEBUG] RECV: /meta/connect 
[DEBUG] RECV: /service/controller 
[DEBUG] RECV: /service/controller 
[DEBUG] RECV: /service/status status
✓ Game is ACTIVE
[DEBUG] RECV: /service/player message

🎉 JOINED AS: AwesomeLark46
   Player CID: 1346911191
[DEBUG] RECV: /service/player message
[DEBUG] RECV: /meta/connect 
[DEBUG] RECV: /service/player message
[DEBUG] RECV: /meta/connect 
[DEBUG] RECV: /service/player message
[DEBUG] RECV: /meta/connect 
[DEBUG] RECV: /service/player message
[DEBUG] RECV: /meta/connect 
[DEBUG] RECV: /service/player message
[DEBUG] RECV: /meta/connect 
[DEBUG] RECV: /service/player message
[DEBUG] RECV: /meta/connect 
[DEBUG] RECV: /service/player message
[DEBUG] RECV: /meta/connect 
[DEBUG] RECV: /service/player message
[DEBUG] RECV: /meta/connect 
[DEBUG] RECV: /service/player message
[DEBUG] RECV: /meta/connect 
[DEBUG] RECV: /service/status status
[DEBUG] RECV: /meta/connect 
