
=== Kahoot Auto-Join ===
Game PIN: 5732350
Player: yousuck71-m4o

[1/3] Getting session token...
[DEBUG] Session token (raw): RXFzVV4MKQIrYnAZR1hIawg4GjkwBTkDKDpaAl8JUVs5SAM8VlUreV4uBg4Zc0VpGVJEdgYPJA9XVndDYA0IRltufGddJw1QMk18Gj4aYBBQLW1aZAMPOmgnMVdoV0h6
[DEBUG] Session token length: 128
[DEBUG] Base64 decoded length: 96
   ✓ Got session token
[2/3] Decoding token...
[DEBUG] Challenge message length: 100
[DEBUG] Offset: 8854
[DEBUG] Decoded challenge length: 100
[DEBUG] Token bytes length: 96
[DEBUG] Final token length: 96
[DEBUG] Final token: 982e09dbd58e5647dcfeceb4da1db4e7b46eb7c20ba9e545a241fcf598785c7386988dc6c17acf4d7d8d6fbd8df92711
[DEBUG] Token: 982e09dbd58e5647dcfeceb4da1db4e7b46eb7c20ba9e545a241fcf598785c7386988dc6c17acf4d7d8d6fbd8df92711
   ✓ Token decoded (length: 96)
[3/3] Connecting...

[DEBUG] WebSocket URL: wss://kahoot.it/cometd/5732350/982e09dbd58e5647dcfeceb4da1db4e7b46eb7c20ba9e545a241fcf598785c7386988dc6c17acf4d7d8d6fbd8df92711
✓ Connected to WebSocket
[DEBUG] SEND handshake
[DEBUG] RECV: /meta/handshake 
✓ Handshake OK, clientId: bzpq1lxua5bb8m8e1vjneeaj0mb96
[DEBUG] SEND connect (first)
[DEBUG] RECV: /meta/connect 
[DEBUG] SEND connect (second)
[DEBUG] SEND login yousuck71-m4o
[DEBUG] RECV: /service/controller loginResponse
✓ Login successful! CID: 394009722
[DEBUG] SEND namerator message

=== SUCCESS ===
Listening for game events... (Ctrl+C to exit)

[DEBUG] RECV: /meta/connect 
[DEBUG] RECV: /service/controller 
[DEBUG] RECV: /service/controller 
[DEBUG] RECV: /service/status status
✓ Game is ACTIVE
[DEBUG] RECV: /service/player message

🎉 JOINED AS: SwiftGecko40
   Player CID: 394009722
[DEBUG] RECV: /service/player message
[DEBUG] RECV: /meta/connect 
[DEBUG] RECV: /service/player message
[DEBUG] RECV: /meta/connect 
[DEBUG] RECV: /service/status status
[DEBUG] RECV: /meta/connect 
