
=== Kahoot Auto-Join ===
Game PIN: 5114254
Player: yousuck493-2hq

[1/3] Getting session token...
[DEBUG] Session token (raw): UlVNCk9xWQEAXwBzdlAJWF4+amYJUUZaKQQCfFpCMXoGIBBrcAVdchsXDwMDA1F0XFhzRgErCFNCdlk7Dl10C1hzFHljAUNlL0BXVhICK1BmaCQZEwV/V2pxMz5uUiFb
[DEBUG] Session token length: 128
[DEBUG] Base64 decoded length: 96
   ✓ Got session token
[2/3] Decoding token...
[DEBUG] Challenge message length: 100
[DEBUG] Offset: 2638944
[DEBUG] Decoded challenge length: 100
[DEBUG] Token bytes length: 96
[DEBUG] Final token length: 96
[DEBUG] Final token: b21946c646558e752c536f4baea050a84fc11f22ab81dd22b963dc3c463f882d63f05958e752e2c984eced0e61fd52e4
[DEBUG] Token: b21946c646558e752c536f4baea050a84fc11f22ab81dd22b963dc3c463f882d63f05958e752e2c984eced0e61fd52e4
   ✓ Token decoded (length: 96)
[3/3] Connecting...

[DEBUG] WebSocket URL: wss://kahoot.it/cometd/5114254/b21946c646558e752c536f4baea050a84fc11f22ab81dd22b963dc3c463f882d63f05958e752e2c984eced0e61fd52e4
✓ Connected to WebSocket
[DEBUG] SEND handshake
[DEBUG] RECV: /meta/handshake 
✓ Handshake OK, clientId: bxt68nkdkro5hl1w61fn5g1ymw1z
[DEBUG] SEND connect (first)
[DEBUG] RECV: /meta/connect 
[DEBUG] SEND connect (second)
[DEBUG] SEND login yousuck493-2hq
[DEBUG] RECV: /service/controller loginResponse
✓ Login successful! CID: 1882203377
[DEBUG] SEND namerator message

=== SUCCESS ===
Listening for game events... (Ctrl+C to exit)

[DEBUG] RECV: /meta/connect 
[DEBUG] RECV: /service/controller 
[DEBUG] RECV: /service/controller 
[DEBUG] RECV: /service/status status
✓ Game is ACTIVE
[DEBUG] RECV: /service/player message

🎉 JOINED AS: NimbleBoa62
   Player CID: 1882203377
[DEBUG] RECV: /service/player message
[DEBUG] RECV: /meta/connect 
[DEBUG] RECV: /service/player message
[DEBUG] RECV: /meta/connect 
[DEBUG] RECV: /service/player message
[DEBUG] RECV: /meta/connect 
[DEBUG] RECV: /service/player message
[DEBUG] RECV: /meta/connect 
[DEBUG] RECV: /service/player message
[DEBUG] RECV: /meta/connect 
[DEBUG] RECV: /service/player message
[DEBUG] RECV: /meta/connect 
[DEBUG] RECV: /service/player message
[DEBUG] RECV: /meta/connect 
[DEBUG] RECV: /service/status status
[DEBUG] RECV: /meta/connect 
