
=== Kahoot Auto-Join ===
Game PIN: 5114254
Player: yousuck819-d4t

[1/3] Getting session token...
[DEBUG] Session token (raw): NmY0e3luAQgjWFBie310CAdfWlxUQg8vcgB7GgUPSw9sB11HdmMjAx4vQAUKAHB6djkJSwlrCQIwdntrbX4uRgAEBUA8SUczUX4PUlNgUD5xeHEHZABSVXB9I25bCydi
[DEBUG] Session token length: 128
[DEBUG] Base64 decoded length: 96
   ✓ Got session token
[2/3] Decoding token...
[DEBUG] Challenge message length: 100
[DEBUG] Offset: 47699
[DEBUG] Decoded challenge length: 100
[DEBUG] Token bytes length: 96
[DEBUG] Final token length: 96
[DEBUG] Final token: b2c8900ada564091d57d851e4d0b4c7e64d756bddb744e364bc2d4f1d45319a1aa63d20ef819c4df285103eb91b551c6
[DEBUG] Token: b2c8900ada564091d57d851e4d0b4c7e64d756bddb744e364bc2d4f1d45319a1aa63d20ef819c4df285103eb91b551c6
   ✓ Token decoded (length: 96)
[3/3] Connecting...

[DEBUG] WebSocket URL: wss://kahoot.it/cometd/5114254/b2c8900ada564091d57d851e4d0b4c7e64d756bddb744e364bc2d4f1d45319a1aa63d20ef819c4df285103eb91b551c6
✓ Connected to WebSocket
[DEBUG] SEND handshake
[DEBUG] RECV: /meta/handshake 
✓ Handshake OK, clientId: by24u7pqk212ohabnzhs9mgthft1
[DEBUG] SEND connect (first)
[DEBUG] RECV: /meta/connect 
[DEBUG] SEND connect (second)
[DEBUG] SEND login yousuck819-d4t
[DEBUG] RECV: /service/controller loginResponse
✓ Login successful! CID: 1739113852
[DEBUG] SEND namerator message

=== SUCCESS ===
Listening for game events... (Ctrl+C to exit)

[DEBUG] RECV: /meta/connect 
[DEBUG] RECV: /service/controller 
[DEBUG] RECV: /service/controller 
[DEBUG] RECV: /service/status status
✓ Game is ACTIVE
[DEBUG] RECV: /service/player message

🎉 JOINED AS: HonestSquid83
   Player CID: 1739113852
[DEBUG] RECV: /service/player message
[DEBUG] RECV: /service/player message
[DEBUG] RECV: /meta/connect 
[DEBUG] RECV: /service/player message
[DEBUG] RECV: /meta/connect 
[DEBUG] RECV: /service/status status
[DEBUG] RECV: /meta/connect 
