
=== Kahoot Auto-Join ===
Game PIN: 5114254
Player: yousuck667-s49

[1/3] Getting session token...
[DEBUG] Session token (raw): V2tYbFUEcQxacWNQOH83BxteXkJZCEg1BnlWbjFbbgFsVgVecUNvVSg1dwwOLlADVXpmUywrJRhiLwhlZn5ODXt2Xm5FLwI9R3dVDisMQlEKXmMCaQp6Ul0qCFgubQF6
[DEBUG] Session token length: 128
[DEBUG] Base64 decoded length: 96
   ✓ Got session token
[2/3] Decoding token...
[DEBUG] Challenge message length: 100
[DEBUG] Offset: 2067975
[DEBUG] Decoded challenge length: 100
[DEBUG] Token bytes length: 96
[DEBUG] Final token length: 96
[DEBUG] Final token: 8306e52c5254c5d9ab55a62e4703b27c9911520bab2bafa4366aaaab1f56648e12f87e2e31b8fc0a2f76391c9a4fc859
[DEBUG] Token: 8306e52c5254c5d9ab55a62e4703b27c9911520bab2bafa4366aaaab1f56648e12f87e2e31b8fc0a2f76391c9a4fc859
   ✓ Token decoded (length: 96)
[3/3] Connecting...

[DEBUG] WebSocket URL: wss://kahoot.it/cometd/5114254/8306e52c5254c5d9ab55a62e4703b27c9911520bab2bafa4366aaaab1f56648e12f87e2e31b8fc0a2f76391c9a4fc859
✓ Connected to WebSocket
[DEBUG] SEND handshake
[DEBUG] RECV: /meta/handshake 
✓ Handshake OK, clientId: bxxx1onr9karvqhk61264yp6pyavjp
[DEBUG] SEND connect (first)
[DEBUG] RECV: /meta/connect 
[DEBUG] SEND connect (second)
[DEBUG] SEND login yousuck667-s49
[DEBUG] RECV: /service/controller loginResponse
✓ Login successful! CID: 133277758
[DEBUG] SEND namerator message

=== SUCCESS ===
Listening for game events... (Ctrl+C to exit)

[DEBUG] RECV: /meta/connect 
[DEBUG] RECV: /service/controller 
[DEBUG] RECV: /service/controller 
[DEBUG] RECV: /service/status status
✓ Game is ACTIVE
[DEBUG] RECV: /service/player message

🎉 JOINED AS: AquaticGoose19
   Player CID: 133277758
[DEBUG] RECV: /service/player message
[DEBUG] RECV: /meta/connect 
[DEBUG] RECV: /service/player message
[DEBUG] RECV: /meta/connect 
[DEBUG] RECV: /service/player message
[DEBUG] RECV: /meta/connect 
[DEBUG] RECV: /service/player message
[DEBUG] RECV: /meta/connect 
[DEBUG] RECV: /service/player message
[DEBUG] RECV: /meta/connect 
[DEBUG] RECV: /service/status status
[DEBUG] RECV: /meta/connect 
