
=== Kahoot Auto-Join ===
Game PIN: 5732350
Player: yousuck98-6fs

[1/3] Getting session token...
[DEBUG] Session token (raw): DzkFCSkAF2t3XzMlEwhCCF5jc3t4GFMFFS90VwwgJgAvBE5QIQ1BUncyZntmEnwqaAw5T1Yia3BECQpRcExvGWwKXUFITE1UDApRD2cKUi4EX3stA3oICQ0NdFENFiJl
[DEBUG] Session token length: 128
[DEBUG] Base64 decoded length: 96
   ✓ Got session token
[2/3] Decoding token...
[DEBUG] Challenge message length: 100
[DEBUG] Offset: 13255
[DEBUG] Decoded challenge length: 100
[DEBUG] Token bytes length: 96
[DEBUG] Final token length: 96
[DEBUG] Final token: 4d06b5c54fccb81997421b4dbb818bc2dc6dcf308d847c0e37a70b067534975c56f514709ab4013e407af81268842fd7
[DEBUG] Token: 4d06b5c54fccb81997421b4dbb818bc2dc6dcf308d847c0e37a70b067534975c56f514709ab4013e407af81268842fd7
   ✓ Token decoded (length: 96)
[3/3] Connecting...

[DEBUG] WebSocket URL: wss://kahoot.it/cometd/5732350/4d06b5c54fccb81997421b4dbb818bc2dc6dcf308d847c0e37a70b067534975c56f514709ab4013e407af81268842fd7
✓ Connected to WebSocket
[DEBUG] SEND handshake
[DEBUG] RECV: /meta/handshake 
✓ Handshake OK, clientId: bzqvy40jaepy5dki19exxeaaaouuh
[DEBUG] SEND connect (first)
[DEBUG] RECV: /meta/connect 
[DEBUG] SEND connect (second)
[DEBUG] SEND login yousuck98-6fs
[DEBUG] RECV: /service/controller loginResponse
✓ Login successful! CID: 1289162845
[DEBUG] SEND namerator message

=== SUCCESS ===
Listening for game events... (Ctrl+C to exit)

[DEBUG] RECV: /meta/connect 
[DEBUG] RECV: /service/controller 
[DEBUG] RECV: /service/controller 
[DEBUG] RECV: /service/status status
✓ Game is ACTIVE
[DEBUG] RECV: /service/player message

🎉 JOINED AS: RockyGoat60
   Player CID: 1289162845
[DEBUG] RECV: /service/player message
[DEBUG] RECV: /meta/connect 
[DEBUG] RECV: /service/status status
[DEBUG] RECV: /meta/connect 
