
=== Kahoot Auto-Join ===
Game PIN: 5732350
Player: yousuck63-upt

[1/3] Getting session token...
[DEBUG] Session token (raw): YjEFQnU2VA1cWlFTFEQIA2AUCF9wVT06PlA/b20qaFMGCDZnOmgvAgJ5Cmg8SFE4GnUNARBVDQkCQVZbDXVoOFwPBAoHXy0BT1hfYAQyaDoxWFleB3dbBRIXB21EdgIr
[DEBUG] Session token length: 128
[DEBUG] Base64 decoded length: 96
   ✓ Got session token
[2/3] Decoding token...
[DEBUG] Challenge message length: 100
[DEBUG] Offset: 2191
[DEBUG] Decoded challenge length: 100
[DEBUG] Token bytes length: 96
[DEBUG] Final token length: 96
[DEBUG] Final token: 1d774ed3081ab5834bc65ecab1c67e664ac4d6a552b4b49df0c6a464c91f905b046d30af91950a9cadab03ebff4720ae
[DEBUG] Token: 1d774ed3081ab5834bc65ecab1c67e664ac4d6a552b4b49df0c6a464c91f905b046d30af91950a9cadab03ebff4720ae
   ✓ Token decoded (length: 96)
[3/3] Connecting...

[DEBUG] WebSocket URL: wss://kahoot.it/cometd/5732350/1d774ed3081ab5834bc65ecab1c67e664ac4d6a552b4b49df0c6a464c91f905b046d30af91950a9cadab03ebff4720ae
✓ Connected to WebSocket
[DEBUG] SEND handshake
[DEBUG] RECV: /meta/handshake 
✓ Handshake OK, clientId: bzqa1s3lhuf274j5c1nizdhzv1e0ul
[DEBUG] SEND connect (first)
[DEBUG] RECV: /meta/connect 
[DEBUG] SEND connect (second)
[DEBUG] SEND login yousuck63-upt
[DEBUG] RECV: /service/controller loginResponse
✓ Login successful! CID: 1180839638
[DEBUG] SEND namerator message

=== SUCCESS ===
Listening for game events... (Ctrl+C to exit)

[DEBUG] RECV: /meta/connect 
[DEBUG] RECV: /service/controller 
[DEBUG] RECV: /service/controller 
[DEBUG] RECV: /service/status status
✓ Game is ACTIVE
[DEBUG] RECV: /service/player message

🎉 JOINED AS: ExpertBear73
   Player CID: 1180839638
[DEBUG] RECV: /meta/connect 
[DEBUG] RECV: /service/player message
[DEBUG] RECV: /meta/connect 
[DEBUG] RECV: /service/status status
[DEBUG] RECV: /meta/connect 
