
=== Kahoot Auto-Join ===
Game PIN: 4969059
Player: yousuck22-xcd

[1/3] Getting session token...
[DEBUG] Session token (raw): FmlHQl83AE4mdH5EBBQMZ3NaC1x4aXNpCV5mMFVWaXp8QgRRbn0LEWRYQn8qWFEGbggIZGtwFhUEBwZKWy1rBF4ASDNJe0dteQwXPz4RUFYTVg4JRQsQYwRXcVAWKBFe
[DEBUG] Session token length: 128
[DEBUG] Base64 decoded length: 96
   ✓ Got session token
[2/3] Decoding token...
[DEBUG] Challenge message length: 100
[DEBUG] Offset: 1142
[DEBUG] Decoded challenge length: 100
[DEBUG] Token bytes length: 96
[DEBUG] Final token length: 96
[DEBUG] Final token: f1249ef9e1540f370e5162778e5cd965628875ea0e58eafd4af667defd63ff5f578a987360fada50ba3a57f0a802ecde
[DEBUG] Token: f1249ef9e1540f370e5162778e5cd965628875ea0e58eafd4af667defd63ff5f578a987360fada50ba3a57f0a802ecde
   ✓ Token decoded (length: 96)
[3/3] Connecting...

[DEBUG] WebSocket URL: wss://kahoot.it/cometd/4969059/f1249ef9e1540f370e5162778e5cd965628875ea0e58eafd4af667defd63ff5f578a987360fada50ba3a57f0a802ecde
✓ Connected to WebSocket
[DEBUG] SEND handshake
[DEBUG] RECV: /meta/handshake 
✓ Handshake OK, clientId: buos1n48ms8n8lqfd9easjc2amv4f
[DEBUG] SEND connect (first)
[DEBUG] RECV: /meta/connect 
[DEBUG] SEND connect (second)
[DEBUG] SEND login yousuck22-xcd
[DEBUG] RECV: /service/controller loginResponse
✓ Login successful! CID: 238497661
[DEBUG] SEND namerator message

=== SUCCESS ===
Listening for game events... (Ctrl+C to exit)

[DEBUG] RECV: /meta/connect 
[DEBUG] RECV: /service/controller 
[DEBUG] RECV: /service/controller 
[DEBUG] RECV: /service/status status
✓ Game is ACTIVE
[DEBUG] RECV: /service/player message
[DEBUG] RECV: /service/player message

🎉 JOINED AS: SocialGoat96
   Player CID: 238497661
[DEBUG] RECV: /service/player message
[DEBUG] RECV: /service/player message
[DEBUG] RECV: /service/player message
[DEBUG] RECV: /meta/connect 
[DEBUG] RECV: /service/player message
[DEBUG] RECV: /service/player message
[DEBUG] RECV: /meta/connect 
[DEBUG] RECV: /service/player message
[DEBUG] RECV: /service/player message
[DEBUG] RECV: /service/player message
[DEBUG] RECV: /meta/connect 
[DEBUG] RECV: /service/status status
[DEBUG] RECV: /meta/connect 
