
=== Kahoot Auto-Join ===
Game PIN: 5814465
Player: yousuck33-56i

[1/3] Getting session token...
[DEBUG] Session token (raw): W30EWiIseD5iXGNgUVoMdjxOZTELDFhsSHtAdlgBKws2PRUyfgAHRgRmDQF2dmYHXGl5BQRrBUFTDUVeCStJXwJWRV0DUQlSAjhlAgNbdGlfCChbd1hxHmUJMCtRfV8J
[DEBUG] Session token length: 128
[DEBUG] Base64 decoded length: 96
   ✓ Got session token
[2/3] Decoding token...
[DEBUG] Challenge message length: 100
[DEBUG] Offset: 4202496000
[DEBUG] Decoded challenge length: 100
[DEBUG] Token bytes length: 96
[DEBUG] Final token length: 96
[DEBUG] Final token: a334df8c13503a67c21b86b5061436d3dfdd0490737e3820b46a06707d67db5e8947e9b62c5d6a3446e08b4f55cd72df
[DEBUG] Token: a334df8c13503a67c21b86b5061436d3dfdd0490737e3820b46a06707d67db5e8947e9b62c5d6a3446e08b4f55cd72df
   ✓ Token decoded (length: 96)
[3/3] Connecting...

[DEBUG] WebSocket URL: wss://kahoot.it/cometd/5814465/a334df8c13503a67c21b86b5061436d3dfdd0490737e3820b46a06707d67db5e8947e9b62c5d6a3446e08b4f55cd72df
✓ Connected to WebSocket
[DEBUG] SEND handshake
[DEBUG] RECV: /meta/handshake 
✓ Handshake OK, clientId: 92u91uwms845xdga612jnmyviws3tr
[DEBUG] SEND connect (first)
[DEBUG] RECV: /meta/connect 
[DEBUG] SEND connect (second)
[DEBUG] SEND login yousuck33-56i
[DEBUG] RECV: /service/status status
[DEBUG] RECV: /meta/connect 
[DEBUG] RECV: /service/controller 

⚠ Timeout - check if name appears in Kahoot lobby
[DEBUG] WebSocket closed: 1005

=== FAILED ===
Error: Connection closed (1005)
