
=== Kahoot Auto-Join ===
Game PIN: 5114254
Player: yousuck568-goj

[1/3] Getting session token...
[DEBUG] Session token (raw): VgcUSTl5WVp8XGILOlUgSSBeMllYU1QKfUYNSigkQzpUJ1ZaXExoVAxCDnUCOS8EZVsgBwJINCh+aFsFGGRSACpbBAJ0DWR6eAFuQFhUVzogWVBVflkYY1dhCw0DAwZ1
[DEBUG] Session token length: 128
[DEBUG] Base64 decoded length: 96
   ✓ Got session token
[2/3] Decoding token...
[DEBUG] Challenge message length: 100
[DEBUG] Offset: 127
[DEBUG] Decoded challenge length: 100
[DEBUG] Token bytes length: 96
[DEBUG] Final token length: 96
[DEBUG] Final token: 44b3a6bb5c3fdaf1a3bb4b930212ed2abf538501d2174ae889abf4dd31b8a8c8c9fa87061465e6dddcd883d8a88296d6
[DEBUG] Token: 44b3a6bb5c3fdaf1a3bb4b930212ed2abf538501d2174ae889abf4dd31b8a8c8c9fa87061465e6dddcd883d8a88296d6
   ✓ Token decoded (length: 96)
[3/3] Connecting...

[DEBUG] WebSocket URL: wss://kahoot.it/cometd/5114254/44b3a6bb5c3fdaf1a3bb4b930212ed2abf538501d2174ae889abf4dd31b8a8c8c9fa87061465e6dddcd883d8a88296d6
✓ Connected to WebSocket
[DEBUG] SEND handshake
[DEBUG] RECV: /meta/handshake 
✓ Handshake OK, clientId: bxv6wlzchnt4izsh10wjbsepz1xtn
[DEBUG] SEND connect (first)
[DEBUG] RECV: /meta/connect 
[DEBUG] SEND connect (second)
[DEBUG] SEND login yousuck568-goj
[DEBUG] RECV: /service/controller loginResponse
✓ Login successful! CID: 962641240
[DEBUG] SEND namerator message

=== SUCCESS ===
Listening for game events... (Ctrl+C to exit)

[DEBUG] RECV: /meta/connect 
[DEBUG] RECV: /service/controller 
[DEBUG] RECV: /service/controller 
[DEBUG] RECV: /service/status status
✓ Game is ACTIVE
[DEBUG] RECV: /service/player message

🎉 JOINED AS: SuperGriffin63
   Player CID: 962641240
[DEBUG] RECV: /service/player message
[DEBUG] RECV: /meta/connect 
[DEBUG] RECV: /service/player message
[DEBUG] RECV: /meta/connect 
[DEBUG] RECV: /service/player message
[DEBUG] RECV: /meta/connect 
[DEBUG] RECV: /service/player message
[DEBUG] RECV: /meta/connect 
[DEBUG] RECV: /service/player message
[DEBUG] RECV: /meta/connect 
[DEBUG] RECV: /service/player message
[DEBUG] RECV: /meta/connect 
[DEBUG] RECV: /service/status status
[DEBUG] RECV: /meta/connect 
