
=== Kahoot Auto-Join ===
Game PIN: 5814465
Player: yousuck14-3mk

[1/3] Getting session token...
[DEBUG] Session token (raw): JV1TCBR2CXxUQnBzCHoWEz5eQAIsOkdSQBhOTkJPOFEiCXVaDyZSBBZPFC4NDnNBClphVFIBEhMCUHYDWmE5IApPPmY6Ej9pFUtYVzsnTCNaVENvMBMrVmEAJkR1QCoE
[DEBUG] Session token length: 128
[DEBUG] Base64 decoded length: 96
   ✓ Got session token
[2/3] Decoding token...
[DEBUG] Challenge message length: 100
[DEBUG] Offset: 272448
[DEBUG] Decoded challenge length: 100
[DEBUG] Token bytes length: 96
[DEBUG] Final token length: 96
[DEBUG] Final token: c0cce9a10085a1abb328ca5a9a4928c4d9988e81c3ca6a7463336fca356b84cf39b9eed5b394aa7d1d71ddf80ca339f4
[DEBUG] Token: c0cce9a10085a1abb328ca5a9a4928c4d9988e81c3ca6a7463336fca356b84cf39b9eed5b394aa7d1d71ddf80ca339f4
   ✓ Token decoded (length: 96)
[3/3] Connecting...

[DEBUG] WebSocket URL: wss://kahoot.it/cometd/5814465/c0cce9a10085a1abb328ca5a9a4928c4d9988e81c3ca6a7463336fca356b84cf39b9eed5b394aa7d1d71ddf80ca339f4
✓ Connected to WebSocket
[DEBUG] SEND handshake
[DEBUG] RECV: /meta/handshake 
✓ Handshake OK, clientId: 92qw3a650b2fiof716ranqgczb4e2
[DEBUG] SEND connect (first)
[DEBUG] RECV: /meta/connect 
[DEBUG] SEND connect (second)
[DEBUG] SEND login yousuck14-3mk
[DEBUG] RECV: /service/controller loginResponse
✓ Login successful! CID: 1785174591
[DEBUG] SEND namerator message

=== SUCCESS ===
Listening for game events... (Ctrl+C to exit)

[DEBUG] RECV: /meta/connect 
[DEBUG] RECV: /service/controller 
[DEBUG] RECV: /service/controller 
[DEBUG] RECV: /meta/connect 
[DEBUG] RECV: /meta/connect 
[DEBUG] RECV: /meta/connect 
[DEBUG] RECV: /meta/connect 
[DEBUG] RECV: /meta/connect 
[DEBUG] RECV: /meta/connect 
[DEBUG] RECV: /meta/connect 
[DEBUG] RECV: /meta/connect 
[DEBUG] RECV: /meta/connect 
[DEBUG] RECV: /meta/connect 
[DEBUG] RECV: /meta/connect 
[DEBUG] RECV: /meta/connect 
[DEBUG] RECV: /meta/connect 
[DEBUG] RECV: /meta/connect 
[DEBUG] RECV: /meta/connect 
[DEBUG] RECV: /meta/connect 
[DEBUG] RECV: /meta/connect 
[DEBUG] RECV: /meta/connect 
[DEBUG] RECV: /meta/connect 
[DEBUG] RECV: /meta/connect 
[DEBUG] RECV: /meta/connect 
[DEBUG] RECV: /meta/connect 
[DEBUG] RECV: /meta/connect 
[DEBUG] RECV: /meta/connect 
[DEBUG] RECV: /meta/connect 
[DEBUG] RECV: /meta/connect 
[DEBUG] RECV: /meta/connect 
