
=== Kahoot Auto-Join ===
Game PIN: 5114254
Player: yousuck693-81t

[1/3] Getting session token...
[DEBUG] Session token (raw): dwN9CUIgXTQhcwh0CVd8WWxZJAEFfFhdcCBjHEwDA0I+RAV/NVgMPwVYeAFdU1FVFU1jIyNATiAHNCFcEwM4KWFdcjMdXFkKd00RAD98DT5lQUQlCXcpc0N+WR83MSVq
[DEBUG] Session token length: 128
[DEBUG] Base64 decoded length: 96
   ✓ Got session token
[2/3] Decoding token...
[DEBUG] Challenge message length: 100
[DEBUG] Offset: 339
[DEBUG] Decoded challenge length: 100
[DEBUG] Token bytes length: 96
[DEBUG] Final token length: 96
[DEBUG] Final token: 86039abba39087383fc0c3a78f9e58f1b4a0decd52978d62e49db14d4dd2e9ca266de92a75a2f3ab048c33b7396fdcc0
[DEBUG] Token: 86039abba39087383fc0c3a78f9e58f1b4a0decd52978d62e49db14d4dd2e9ca266de92a75a2f3ab048c33b7396fdcc0
   ✓ Token decoded (length: 96)
[3/3] Connecting...

[DEBUG] WebSocket URL: wss://kahoot.it/cometd/5114254/86039abba39087383fc0c3a78f9e58f1b4a0decd52978d62e49db14d4dd2e9ca266de92a75a2f3ab048c33b7396fdcc0
✓ Connected to WebSocket
[DEBUG] SEND handshake
[DEBUG] RECV: /meta/handshake 
✓ Handshake OK, clientId: bxyp161gzpkacz8728gaqi6zyka0b
[DEBUG] SEND connect (first)
[DEBUG] RECV: /meta/connect 
[DEBUG] SEND connect (second)
[DEBUG] SEND login yousuck693-81t
[DEBUG] RECV: /service/controller loginResponse
✓ Login successful! CID: 1120857358
[DEBUG] SEND namerator message

=== SUCCESS ===
Listening for game events... (Ctrl+C to exit)

[DEBUG] RECV: /meta/connect 
[DEBUG] RECV: /service/controller 
[DEBUG] RECV: /service/controller 
[DEBUG] RECV: /service/status status
✓ Game is ACTIVE
[DEBUG] RECV: /service/player message

🎉 JOINED AS: GeniusPanther75
   Player CID: 1120857358
[DEBUG] RECV: /service/player message
[DEBUG] RECV: /service/player message
[DEBUG] RECV: /meta/connect 
[DEBUG] RECV: /service/player message
[DEBUG] RECV: /meta/connect 
[DEBUG] RECV: /service/player message
[DEBUG] RECV: /meta/connect 
[DEBUG] RECV: /service/player message
[DEBUG] RECV: /meta/connect 
[DEBUG] RECV: /service/status status
[DEBUG] RECV: /meta/connect 
