
=== Kahoot Auto-Join ===
Game PIN: 5114254
Player: yousuck740-off

[1/3] Getting session token...
[DEBUG] Session token (raw): fFo8M0QId053E25vYF44P1A3AnlWCHxaE24GZlMoCFcMCQQbemVRRzdeZQFVehZ5UwwQfl8QTVo3ADVVYjRWDAkfLDxhBGpMAgt1WU8vVXwCeEAXIVVaDyVTbF8KdmJh
[DEBUG] Session token length: 128
[DEBUG] Base64 decoded length: 96
   ✓ Got session token
[2/3] Decoding token...
[DEBUG] Challenge message length: 100
[DEBUG] Offset: 2494
[DEBUG] Decoded challenge length: 100
[DEBUG] Token bytes length: 96
[DEBUG] Final token length: 96
[DEBUG] Final token: 21fd1a164f7659da6c692b2cf248aaa36f7c15b2a29216b0cfa58b4bb9fb3e15bdbe6f64d0709a03c41ba7cbff55d640
[DEBUG] Token: 21fd1a164f7659da6c692b2cf248aaa36f7c15b2a29216b0cfa58b4bb9fb3e15bdbe6f64d0709a03c41ba7cbff55d640
   ✓ Token decoded (length: 96)
[3/3] Connecting...

[DEBUG] WebSocket URL: wss://kahoot.it/cometd/5114254/21fd1a164f7659da6c692b2cf248aaa36f7c15b2a29216b0cfa58b4bb9fb3e15bdbe6f64d0709a03c41ba7cbff55d640
✓ Connected to WebSocket
[DEBUG] SEND handshake
[DEBUG] RECV: /meta/handshake 
✓ Handshake OK, clientId: bxzu1vvhy9chp1nvao959a2l1dcqb
[DEBUG] SEND connect (first)
[DEBUG] RECV: /meta/connect 
[DEBUG] SEND connect (second)
[DEBUG] SEND login yousuck740-off
[DEBUG] RECV: /service/controller loginResponse
✓ Login successful! CID: 946275596
[DEBUG] SEND namerator message

=== SUCCESS ===
Listening for game events... (Ctrl+C to exit)

[DEBUG] RECV: /meta/connect 
[DEBUG] RECV: /service/controller 
[DEBUG] RECV: /service/controller 
[DEBUG] RECV: /service/status status
✓ Game is ACTIVE
[DEBUG] RECV: /service/player message

🎉 JOINED AS: AmazonBoa14
   Player CID: 946275596
[DEBUG] RECV: /service/player message
[DEBUG] RECV: /meta/connect 
[DEBUG] RECV: /service/player message
[DEBUG] RECV: /meta/connect 
[DEBUG] RECV: /service/player message
[DEBUG] RECV: /meta/connect 
[DEBUG] RECV: /service/status status
[DEBUG] RECV: /meta/connect 
