
=== Kahoot Auto-Join ===
Game PIN: 5114254
Player: yousuck262-ahp

[1/3] Getting session token...
[DEBUG] Session token (raw): b2phBTsCCSo1fhNdMUN3KjQIKGwJdhdbXVl9cEEWQFtEWgtRWgcgMRg4egRdRV5ZNHMybgkNV0JycE4rfwAFWApVVDcKVSMHLwQ1YUVuDmpfDVEVJVh/FHAfRm8HUwEO
[DEBUG] Session token length: 128
[DEBUG] Base64 decoded length: 96
   ✓ Got session token
[2/3] Decoding token...
[DEBUG] Challenge message length: 100
[DEBUG] Offset: 162822
[DEBUG] Decoded challenge length: 100
[DEBUG] Token bytes length: 96
[DEBUG] Final token length: 96
[DEBUG] Final token: 341aa27dc8cfe47eb3e311e48f109b762a72a7ffaa47f6ece4a72a30576f7f82663bc1ccb2e86242d40ee70f6c137f3c
[DEBUG] Token: 341aa27dc8cfe47eb3e311e48f109b762a72a7ffaa47f6ece4a72a30576f7f82663bc1ccb2e86242d40ee70f6c137f3c
   ✓ Token decoded (length: 96)
[3/3] Connecting...

[DEBUG] WebSocket URL: wss://kahoot.it/cometd/5114254/341aa27dc8cfe47eb3e311e48f109b762a72a7ffaa47f6ece4a72a30576f7f82663bc1ccb2e86242d40ee70f6c137f3c
✓ Connected to WebSocket
[DEBUG] SEND handshake
[DEBUG] RECV: /meta/handshake 
✓ Handshake OK, clientId: bxmq1giomn8n5f65g1hogn7i1deh1t
[DEBUG] SEND connect (first)
[DEBUG] RECV: /meta/connect 
[DEBUG] SEND connect (second)
[DEBUG] SEND login yousuck262-ahp
[DEBUG] RECV: /service/controller loginResponse
✓ Login successful! CID: 627604391
[DEBUG] SEND namerator message

=== SUCCESS ===
Listening for game events... (Ctrl+C to exit)

[DEBUG] RECV: /meta/connect 
[DEBUG] RECV: /service/controller 
[DEBUG] RECV: /service/controller 
[DEBUG] RECV: /service/status status
✓ Game is ACTIVE
[DEBUG] RECV: /service/player message

🎉 JOINED AS: PoliteGlider49
   Player CID: 627604391
[DEBUG] RECV: /service/player message
[DEBUG] RECV: /meta/connect 
[DEBUG] RECV: /service/player message
[DEBUG] RECV: /meta/connect 
[DEBUG] RECV: /service/player message
[DEBUG] RECV: /meta/connect 
[DEBUG] RECV: /service/player message
[DEBUG] RECV: /meta/connect 
[DEBUG] RECV: /service/player message
[DEBUG] RECV: /meta/connect 
[DEBUG] RECV: /service/player message
[DEBUG] RECV: /meta/connect 
[DEBUG] RECV: /service/player message
[DEBUG] RECV: /meta/connect 
[DEBUG] RECV: /service/player message
[DEBUG] RECV: /meta/connect 
[DEBUG] RECV: /service/player message
[DEBUG] RECV: /meta/connect 
[DEBUG] RECV: /service/player message
[DEBUG] RECV: /meta/connect 
[DEBUG] RECV: /service/status status
[DEBUG] RECV: /meta/connect 
