
=== Kahoot Auto-Join ===
Game PIN: 5732350
Player: yousuck21-bk3

[1/3] Getting session token...
[DEBUG] Session token (raw): UQQ4b3VoYiMHPANpWDwLCW1AVgVEBGlBfF8ZUV9TIE9QRA1jQw8FDSArNzZycFNDAFBgbWxiAzJaM2AHYV5nazI6dFB0DFEzNgJMDQZTYlIebXZjEkB3THIgdkQICU5T
[DEBUG] Session token length: 128
[DEBUG] Base64 decoded length: 96
   ✓ Got session token
[2/3] Decoding token...
[DEBUG] Challenge message length: 100
[DEBUG] Offset: 469469
[DEBUG] Decoded challenge length: 100
[DEBUG] Token bytes length: 96
[DEBUG] Final token length: 96
[DEBUG] Final token: aff8670f3ef55fd807338e5514c9a2d396703476bcdc4343515803acdd913261ea2e2e0acd695c48d810d1984d22ac20
[DEBUG] Token: aff8670f3ef55fd807338e5514c9a2d396703476bcdc4343515803acdd913261ea2e2e0acd695c48d810d1984d22ac20
   ✓ Token decoded (length: 96)
[3/3] Connecting...

[DEBUG] WebSocket URL: wss://kahoot.it/cometd/5732350/aff8670f3ef55fd807338e5514c9a2d396703476bcdc4343515803acdd913261ea2e2e0acd695c48d810d1984d22ac20
✓ Connected to WebSocket
[DEBUG] SEND handshake
[DEBUG] RECV: /meta/handshake 
✓ Handshake OK, clientId: bzos19wlzt09f3yzvhomuuz1lov4h
[DEBUG] SEND connect (first)
[DEBUG] RECV: /meta/connect 
[DEBUG] SEND connect (second)
[DEBUG] SEND login yousuck21-bk3
[DEBUG] RECV: /service/controller loginResponse
✓ Login successful! CID: 616577708
[DEBUG] SEND namerator message

=== SUCCESS ===
Listening for game events... (Ctrl+C to exit)

[DEBUG] RECV: /meta/connect 
[DEBUG] RECV: /service/controller 
[DEBUG] RECV: /service/controller 
[DEBUG] RECV: /service/status status
✓ Game is ACTIVE
[DEBUG] RECV: /service/player message

🎉 JOINED AS: CleverHen76
   Player CID: 616577708
[DEBUG] RECV: /service/player message
[DEBUG] RECV: /service/player message
[DEBUG] RECV: /meta/connect 
[DEBUG] RECV: /service/player message
[DEBUG] RECV: /meta/connect 
[DEBUG] RECV: /service/status status
[DEBUG] RECV: /meta/connect 
