
=== Kahoot Auto-Join ===
Game PIN: 5114254
Player: yousuck381-v10

[1/3] Getting session token...
[DEBUG] Session token (raw): XzwAfFcFQAkDEhwKE2ESWRRLMlUCYVFoHXllCV1SUQsBBXdeOU5WZnxaUFZadnFpSg43CBMDPjNlUAdpAVJ0OEgpXQhbDDgVW0ZoA3lYAw4GMC0VMU0uUVUIWQ8tf0JC
[DEBUG] Session token length: 128
[DEBUG] Base64 decoded length: 96
   ✓ Got session token
[2/3] Decoding token...
[DEBUG] Challenge message length: 100
[DEBUG] Offset: 627
[DEBUG] Decoded challenge length: 100
[DEBUG] Token bytes length: 96
[DEBUG] Final token length: 96
[DEBUG] Final token: dd49bf8ecfe1d2a1d0d231a4e0391b30db22a81288d8a4721be3ffeb5337d87f4df9eeff20418c945acef8d8e7ccd654
[DEBUG] Token: dd49bf8ecfe1d2a1d0d231a4e0391b30db22a81288d8a4721be3ffeb5337d87f4df9eeff20418c945acef8d8e7ccd654
   ✓ Token decoded (length: 96)
[3/3] Connecting...

[DEBUG] WebSocket URL: wss://kahoot.it/cometd/5114254/dd49bf8ecfe1d2a1d0d231a4e0391b30db22a81288d8a4721be3ffeb5337d87f4df9eeff20418c945acef8d8e7ccd654
✓ Connected to WebSocket
[DEBUG] SEND handshake
[DEBUG] RECV: /meta/handshake 
✓ Handshake OK, clientId: bxpr1mjuttjxf773i19gkbb6y2m6fr
[DEBUG] SEND connect (first)
[DEBUG] RECV: /meta/connect 
[DEBUG] SEND connect (second)
[DEBUG] SEND login yousuck381-v10
[DEBUG] RECV: /service/controller loginResponse
✓ Login successful! CID: 1555643855
[DEBUG] SEND namerator message

=== SUCCESS ===
Listening for game events... (Ctrl+C to exit)

[DEBUG] RECV: /meta/connect 
[DEBUG] RECV: /service/controller 
[DEBUG] RECV: /service/controller 
[DEBUG] RECV: /service/status status
✓ Game is ACTIVE
[DEBUG] RECV: /service/player message

🎉 JOINED AS: SwiftDragon28
   Player CID: 1555643855
[DEBUG] RECV: /service/player message
[DEBUG] RECV: /meta/connect 
[DEBUG] RECV: /service/player message
[DEBUG] RECV: /meta/connect 
[DEBUG] RECV: /service/player message
[DEBUG] RECV: /meta/connect 
[DEBUG] RECV: /service/player message
[DEBUG] RECV: /meta/connect 
[DEBUG] RECV: /service/player message
[DEBUG] RECV: /meta/connect 
[DEBUG] RECV: /service/player message
[DEBUG] RECV: /meta/connect 
[DEBUG] RECV: /service/player message
[DEBUG] RECV: /meta/connect 
[DEBUG] RECV: /service/player message
[DEBUG] RECV: /meta/connect 
[DEBUG] RECV: /service/status status
[DEBUG] RECV: /meta/connect 
