
=== Kahoot Auto-Join ===
Game PIN: 5114254
Player: yousuck992-qul

[1/3] Getting session token...
[DEBUG] Session token (raw): MxBGAgcBKlZSYyBZBVJzT14CIFRmVDRRLmphRl9TAgk6WHZfIwZTBiQMeVtRXSEUCFlbBwxyCTBGB04NdndXTXxkczE9VQp1BQtwBEliSmcEAg9jT2JIC1AnYhsmBTQH
[DEBUG] Session token length: 128
[DEBUG] Base64 decoded length: 96
   ✓ Got session token
[2/3] Decoding token...
[DEBUG] Challenge message length: 100
[DEBUG] Offset: 654
[DEBUG] Decoded challenge length: 100
[DEBUG] Token bytes length: 96
[DEBUG] Final token length: 96
[DEBUG] Final token: eb323fbe95c5cb2807e590bdf34345eab414ba46fd8907addcb5d46f45878264268fb692e53c1418c2146486ed0babee
[DEBUG] Token: eb323fbe95c5cb2807e590bdf34345eab414ba46fd8907addcb5d46f45878264268fb692e53c1418c2146486ed0babee
   ✓ Token decoded (length: 96)
[3/3] Connecting...

[DEBUG] WebSocket URL: wss://kahoot.it/cometd/5114254/eb323fbe95c5cb2807e590bdf34345eab414ba46fd8907addcb5d46f45878264268fb692e53c1418c2146486ed0babee
✓ Connected to WebSocket
[DEBUG] SEND handshake
[DEBUG] RECV: /meta/handshake 
✓ Handshake OK, clientId: by70cjl1rx2cpq5b8zyfbx4nuqx
[DEBUG] SEND connect (first)
[DEBUG] RECV: /meta/connect 
[DEBUG] SEND connect (second)
[DEBUG] SEND login yousuck992-qul
[DEBUG] RECV: /service/controller loginResponse
✓ Login successful! CID: 939382687
[DEBUG] SEND namerator message

=== SUCCESS ===
Listening for game events... (Ctrl+C to exit)

[DEBUG] RECV: /meta/connect 
[DEBUG] RECV: /service/controller 
[DEBUG] RECV: /service/controller 
[DEBUG] RECV: /service/status status
✓ Game is ACTIVE
[DEBUG] RECV: /service/player message

🎉 JOINED AS: DazzledMeerkat7
   Player CID: 939382687
[DEBUG] RECV: /service/player message
[DEBUG] RECV: /meta/connect 
[DEBUG] RECV: /service/status status
[DEBUG] RECV: /meta/connect 
