
=== Kahoot Auto-Join ===
Game PIN: 5114254
Player: yousuck828-tju

[1/3] Getting session token...
[DEBUG] Session token (raw): AXcIA1YYYDdDC1RIanpKFQ4HeWtpI2xDXgYLTFxwVVVrdF1FaQsNAD91dAhTUAt0NiNbIRoFBFtTQUMLDUBsbEleIyJpTE9PWCsLbElVBnoNanBMWncHMwIDDzpNMVlz
[DEBUG] Session token length: 128
[DEBUG] Base64 decoded length: 96
   ✓ Got session token
[2/3] Decoding token...
[DEBUG] Challenge message length: 100
[DEBUG] Offset: 128
[DEBUG] Decoded challenge length: 100
[DEBUG] Token bytes length: 96
[DEBUG] Final token length: 96
[DEBUG] Final token: b6f4ad3b7c01512b57533d40b675e342761493dfb140d926bccfa098085fa23006ab47786db40604674992aaa12f4bd7
[DEBUG] Token: b6f4ad3b7c01512b57533d40b675e342761493dfb140d926bccfa098085fa23006ab47786db40604674992aaa12f4bd7
   ✓ Token decoded (length: 96)
[3/3] Connecting...

[DEBUG] WebSocket URL: wss://kahoot.it/cometd/5114254/b6f4ad3b7c01512b57533d40b675e342761493dfb140d926bccfa098085fa23006ab47786db40604674992aaa12f4bd7
✓ Connected to WebSocket
[DEBUG] SEND handshake
[DEBUG] RECV: /meta/handshake 
✓ Handshake OK, clientId: by2apwtd2ode3kbp4lg94qp4xyf2
[DEBUG] SEND connect (first)
[DEBUG] RECV: /meta/connect 
[DEBUG] SEND connect (second)
[DEBUG] SEND login yousuck828-tju
[DEBUG] RECV: /service/controller loginResponse
✓ Login successful! CID: 1700999387
[DEBUG] SEND namerator message

=== SUCCESS ===
Listening for game events... (Ctrl+C to exit)

[DEBUG] RECV: /meta/connect 
[DEBUG] RECV: /service/controller 
[DEBUG] RECV: /service/controller 
[DEBUG] RECV: /service/status status
✓ Game is ACTIVE
[DEBUG] RECV: /service/player message

🎉 JOINED AS: WonderZebra50
   Player CID: 1700999387
[DEBUG] RECV: /service/player message
[DEBUG] RECV: /service/player message
[DEBUG] RECV: /meta/connect 
[DEBUG] RECV: /service/player message
[DEBUG] RECV: /meta/connect 
[DEBUG] RECV: /service/status status
[DEBUG] RECV: /meta/connect 
