
=== Kahoot Auto-Join ===
Game PIN: 5114254
Player: yousuck584-603

[1/3] Getting session token...
[DEBUG] Session token (raw): blovUwxyH2Z8XS5QQWcHbm12SikrZX8vdW5jXgAJP2chGgIFU2t6XgQ2OgEbW0d/XjofLzFHOW0wWHoJJV9/OwVWHVIgBU1JVwZdbWpgACYgAwUECjotVnpVLU5WYWh1
[DEBUG] Session token length: 128
[DEBUG] Base64 decoded length: 96
   ✓ Got session token
[2/3] Decoding token...
[DEBUG] Challenge message length: 100
[DEBUG] Offset: 194
[DEBUG] Decoded challenge length: 100
[DEBUG] Token bytes length: 96
[DEBUG] Final token length: 96
[DEBUG] Final token: 66a837e95fc363a3326ea42f5761f6a0cc5063193ebdbb64eefcc5d5a920fb2dfbd5ab903568086dc47e6ce484a54813
[DEBUG] Token: 66a837e95fc363a3326ea42f5761f6a0cc5063193ebdbb64eefcc5d5a920fb2dfbd5ab903568086dc47e6ce484a54813
   ✓ Token decoded (length: 96)
[3/3] Connecting...

[DEBUG] WebSocket URL: wss://kahoot.it/cometd/5114254/66a837e95fc363a3326ea42f5761f6a0cc5063193ebdbb64eefcc5d5a920fb2dfbd5ab903568086dc47e6ce484a54813
✓ Connected to WebSocket
[DEBUG] SEND handshake
[DEBUG] RECV: /meta/handshake 
✓ Handshake OK, clientId: bxvm23v8wwxdybhlh1d64af612v5
[DEBUG] SEND connect (first)
[DEBUG] RECV: /meta/connect 
[DEBUG] SEND connect (second)
[DEBUG] SEND login yousuck584-603
[DEBUG] RECV: /service/controller loginResponse
✓ Login successful! CID: 530067233
[DEBUG] SEND namerator message

=== SUCCESS ===
Listening for game events... (Ctrl+C to exit)

[DEBUG] RECV: /meta/connect 
[DEBUG] RECV: /service/controller 
[DEBUG] RECV: /service/controller 
[DEBUG] RECV: /service/status status
✓ Game is ACTIVE
[DEBUG] RECV: /service/player message

🎉 JOINED AS: AmazingOryx85
   Player CID: 530067233
[DEBUG] RECV: /service/player message
[DEBUG] RECV: /meta/connect 
[DEBUG] RECV: /service/player message
[DEBUG] RECV: /meta/connect 
[DEBUG] RECV: /service/player message
[DEBUG] RECV: /meta/connect 
[DEBUG] RECV: /service/player message
[DEBUG] RECV: /meta/connect 
[DEBUG] RECV: /service/player message
[DEBUG] RECV: /meta/connect 
[DEBUG] RECV: /service/player message
[DEBUG] RECV: /meta/connect 
[DEBUG] RECV: /service/status status
[DEBUG] RECV: /meta/connect 
