
=== Kahoot Auto-Join ===
Game PIN: 5114254
Player: yousuck856-cm4

[1/3] Getting session token...
[DEBUG] Session token (raw): UDI6LV9HXQlWXkpjViANLlpjFQA+BUBCXloGL1kIPAdiEmNcciV3CglUXlU4UC9CUwYbOFg+YiIDUhoofndKRAdSYmUFawAkd1gDDH5ZN0oABXI9EBJtc0U7bTs/axZW
[DEBUG] Session token length: 128
[DEBUG] Base64 decoded length: 96
   ✓ Got session token
[2/3] Decoding token...
[DEBUG] Challenge message length: 100
[DEBUG] Offset: 33398960
[DEBUG] Decoded challenge length: 100
[DEBUG] Token bytes length: 96
[DEBUG] Final token length: 96
[DEBUG] Final token: 8aaad1df11118eedd9e5d235629b11aa2a533b67ae67e8a976ad9b6e4aaa1912e404640a280b51f9667cfd026e8ae1c4
[DEBUG] Token: 8aaad1df11118eedd9e5d235629b11aa2a533b67ae67e8a976ad9b6e4aaa1912e404640a280b51f9667cfd026e8ae1c4
   ✓ Token decoded (length: 96)
[3/3] Connecting...

[DEBUG] WebSocket URL: wss://kahoot.it/cometd/5114254/8aaad1df11118eedd9e5d235629b11aa2a533b67ae67e8a976ad9b6e4aaa1912e404640a280b51f9667cfd026e8ae1c4
✓ Connected to WebSocket
[DEBUG] SEND handshake
[DEBUG] RECV: /meta/handshake 
✓ Handshake OK, clientId: by341pu5sqe4ol2dn1oz9o82ul28b7
[DEBUG] SEND connect (first)
[DEBUG] RECV: /meta/connect 
[DEBUG] SEND connect (second)
[DEBUG] SEND login yousuck856-cm4
[DEBUG] RECV: /service/controller loginResponse
✓ Login successful! CID: 1648931978
[DEBUG] SEND namerator message

=== SUCCESS ===
Listening for game events... (Ctrl+C to exit)

[DEBUG] RECV: /meta/connect 
[DEBUG] RECV: /service/controller 
[DEBUG] RECV: /service/controller 
[DEBUG] RECV: /service/status status
✓ Game is ACTIVE
[DEBUG] RECV: /service/player message

🎉 JOINED AS: EagerKitten41
   Player CID: 1648931978
[DEBUG] RECV: /service/player message
[DEBUG] RECV: /meta/connect 
[DEBUG] RECV: /service/player message
[DEBUG] RECV: /meta/connect 
[DEBUG] RECV: /service/status status
[DEBUG] RECV: /meta/connect 
