
=== Kahoot Auto-Join ===
Game PIN: 5814465
Player: yousuck12-09r

[1/3] Getting session token...
[DEBUG] Session token (raw): WBRjB25eIAIqaVkGUT1eN1haSwZgBllBHVdZClEtLV13RH9rVnN1YFR0XQlRcGE1QzYYV0tpXgdYBERjSG1zbEUmJAYWcQBpVXIuAFQOf15nBjhdCgZeVn8JDVkJeHcf
[DEBUG] Session token length: 128
[DEBUG] Base64 decoded length: 96
   ✓ Got session token
[2/3] Decoding token...
[DEBUG] Challenge message length: 100
[DEBUG] Offset: 23464
[DEBUG] Decoded challenge length: 100
[DEBUG] Token bytes length: 96
[DEBUG] Final token length: 96
[DEBUG] Final token: 0e2a3ea2a567ba6ca98a06e6f5fcabc42711c28029c3927b3ece13d6075848469ac1c807d3c02f3d71f9e9298ea8046e
[DEBUG] Token: 0e2a3ea2a567ba6ca98a06e6f5fcabc42711c28029c3927b3ece13d6075848469ac1c807d3c02f3d71f9e9298ea8046e
   ✓ Token decoded (length: 96)
[3/3] Connecting...

[DEBUG] WebSocket URL: wss://kahoot.it/cometd/5814465/0e2a3ea2a567ba6ca98a06e6f5fcabc42711c28029c3927b3ece13d6075848469ac1c807d3c02f3d71f9e9298ea8046e
✓ Connected to WebSocket
[DEBUG] SEND handshake
[DEBUG] RECV: /meta/handshake 
✓ Handshake OK, clientId: 92qv1dpkhm5qjr2cr54idngugut0t
[DEBUG] SEND connect (first)
[DEBUG] RECV: /meta/connect 
[DEBUG] SEND connect (second)
[DEBUG] SEND login yousuck12-09r
[DEBUG] RECV: /service/controller loginResponse
✓ Login successful! CID: 588082684
[DEBUG] SEND namerator message

=== SUCCESS ===
Listening for game events... (Ctrl+C to exit)

[DEBUG] RECV: /meta/connect 
[DEBUG] RECV: /service/controller 
[DEBUG] RECV: /service/controller 
[DEBUG] RECV: /meta/connect 
[DEBUG] RECV: /meta/connect 
[DEBUG] RECV: /meta/connect 
[DEBUG] RECV: /meta/connect 
[DEBUG] RECV: /meta/connect 
[DEBUG] RECV: /meta/connect 
[DEBUG] RECV: /meta/connect 
[DEBUG] RECV: /meta/connect 
[DEBUG] RECV: /meta/connect 
[DEBUG] RECV: /meta/connect 
[DEBUG] RECV: /meta/connect 
[DEBUG] RECV: /meta/connect 
[DEBUG] RECV: /meta/connect 
[DEBUG] RECV: /meta/connect 
[DEBUG] RECV: /meta/connect 
[DEBUG] RECV: /meta/connect 
[DEBUG] RECV: /meta/connect 
[DEBUG] RECV: /meta/connect 
[DEBUG] RECV: /meta/connect 
[DEBUG] RECV: /meta/connect 
[DEBUG] RECV: /meta/connect 
[DEBUG] RECV: /meta/connect 
[DEBUG] RECV: /meta/connect 
[DEBUG] RECV: /meta/connect 
[DEBUG] RECV: /meta/connect 
[DEBUG] RECV: /meta/connect 
[DEBUG] RECV: /meta/connect 
