
=== Kahoot Auto-Join ===
Game PIN: 5114254
Player: yousuck625-yd2

[1/3] Getting session token...
[DEBUG] Session token (raw): QkNfSwtxcRhyRUoGUVVeBRB9cy8raQgKfn1MYRlUYHYvdilLLDoMY1ZjCXAIQTtdDw5ebGpUcmx8Aw8FbU10THpdSV57czteRnQGRGNODV5NPipWDnIWWyBDWQBmRgta
[DEBUG] Session token length: 128
[DEBUG] Base64 decoded length: 96
   ✓ Got session token
[2/3] Decoding token...
[DEBUG] Challenge message length: 100
[DEBUG] Offset: 613149
[DEBUG] Decoded challenge length: 100
[DEBUG] Token bytes length: 96
[DEBUG] Final token length: 96
[DEBUG] Final token: 99c3184c516cb4bee96ef1180903b950c9a0ccd9745615a032233e46688d8607642c94c133f665bd6ca5c8a4d48f8555
[DEBUG] Token: 99c3184c516cb4bee96ef1180903b950c9a0ccd9745615a032233e46688d8607642c94c133f665bd6ca5c8a4d48f8555
   ✓ Token decoded (length: 96)
[3/3] Connecting...

[DEBUG] WebSocket URL: wss://kahoot.it/cometd/5114254/99c3184c516cb4bee96ef1180903b950c9a0ccd9745615a032233e46688d8607642c94c133f665bd6ca5c8a4d48f8555
✓ Connected to WebSocket
[DEBUG] SEND handshake
[DEBUG] RECV: /meta/handshake 
✓ Handshake OK, clientId: bxwt1mpivokztknrx7oca7wtrchx4
[DEBUG] SEND connect (first)
[DEBUG] RECV: /meta/connect 
[DEBUG] SEND connect (second)
[DEBUG] SEND login yousuck625-yd2
[DEBUG] RECV: /service/controller loginResponse
✓ Login successful! CID: 618204124
[DEBUG] SEND namerator message

=== SUCCESS ===
Listening for game events... (Ctrl+C to exit)

[DEBUG] RECV: /meta/connect 
[DEBUG] RECV: /service/controller 
[DEBUG] RECV: /service/controller 
[DEBUG] RECV: /service/status status
✓ Game is ACTIVE
[DEBUG] RECV: /service/player message

🎉 JOINED AS: ZanyShark60
   Player CID: 618204124
[DEBUG] RECV: /service/player message
[DEBUG] RECV: /service/player message
[DEBUG] RECV: /meta/connect 
[DEBUG] RECV: /service/player message
[DEBUG] RECV: /meta/connect 
[DEBUG] RECV: /service/player message
[DEBUG] RECV: /meta/connect 
[DEBUG] RECV: /service/player message
[DEBUG] RECV: /meta/connect 
[DEBUG] RECV: /service/player message
[DEBUG] RECV: /meta/connect 
[DEBUG] RECV: /service/status status
[DEBUG] RECV: /meta/connect 
