
=== Kahoot Auto-Join ===
Game PIN: 5114254
Player: yousuck180-z1b

[1/3] Getting session token...
[DEBUG] Session token (raw): BgJNNixODUgFWlhqfUBVUSUKDFJUfgtwXXxNSH4PPlwgCXtGf1AFe2taCGVLKWkKKEV9LF0RCl4LCwJZQAtICk9CXS5Idg9ZWgcOOQgJdkt3JgZfBGdeGm1jZFxXAktH
[DEBUG] Session token length: 128
[DEBUG] Base64 decoded length: 96
   ✓ Got session token
[2/3] Decoding token...
[DEBUG] Challenge message length: 100
[DEBUG] Offset: 13702536
[DEBUG] Decoded challenge length: 100
[DEBUG] Token bytes length: 96
[DEBUG] Final token length: 96
[DEBUG] Final token: 724cd6d88b784371d4cd48c0267937d3b58682606fa78d01b20d0a0bb7880d25785c30070cbb38094abe56aa034d9185
[DEBUG] Token: 724cd6d88b784371d4cd48c0267937d3b58682606fa78d01b20d0a0bb7880d25785c30070cbb38094abe56aa034d9185
   ✓ Token decoded (length: 96)
[3/3] Connecting...

[DEBUG] WebSocket URL: wss://kahoot.it/cometd/5114254/724cd6d88b784371d4cd48c0267937d3b58682606fa78d01b20d0a0bb7880d25785c30070cbb38094abe56aa034d9185
✓ Connected to WebSocket
[DEBUG] SEND handshake
[DEBUG] RECV: /meta/handshake 
✓ Handshake OK, clientId: bxkh10fgnuwwx0tma1ts728qqiryjk
[DEBUG] SEND connect (first)
[DEBUG] RECV: /meta/connect 
[DEBUG] SEND connect (second)
[DEBUG] SEND login yousuck180-z1b
[DEBUG] RECV: /service/controller loginResponse
✓ Login successful! CID: 1860993214
[DEBUG] SEND namerator message

=== SUCCESS ===
Listening for game events... (Ctrl+C to exit)

[DEBUG] RECV: /meta/connect 
[DEBUG] RECV: /service/controller 
[DEBUG] RECV: /service/controller 
[DEBUG] RECV: /service/status status
✓ Game is ACTIVE
[DEBUG] RECV: /service/player message

🎉 JOINED AS: SocialWildcat46
   Player CID: 1860993214
[DEBUG] RECV: /service/player message
[DEBUG] RECV: /meta/connect 
[DEBUG] RECV: /service/player message
[DEBUG] RECV: /meta/connect 
[DEBUG] RECV: /service/player message
[DEBUG] RECV: /meta/connect 
[DEBUG] RECV: /service/player message
[DEBUG] RECV: /meta/connect 
[DEBUG] RECV: /service/player message
[DEBUG] RECV: /meta/connect 
[DEBUG] RECV: /service/player message
[DEBUG] RECV: /meta/connect 
[DEBUG] RECV: /service/player message
[DEBUG] RECV: /meta/connect 
[DEBUG] RECV: /service/player message
[DEBUG] RECV: /meta/connect 
[DEBUG] RECV: /service/player message
[DEBUG] RECV: /meta/connect 
[DEBUG] RECV: /service/player message
[DEBUG] RECV: /meta/connect 
[DEBUG] RECV: /service/player message
[DEBUG] RECV: /meta/connect 
[DEBUG] RECV: /service/status status
[DEBUG] RECV: /meta/connect 
