
=== Kahoot Auto-Join ===
Game PIN: 5114254
Player: yousuck152-nw3

[1/3] Getting session token...
[DEBUG] Session token (raw): cjdBLEEKFmsefhFXRW1bXgVVQmdJRV4APVJVCQtxbDAeRg5NVmUVW14BSG5iXz1mVjx/emg1DQVTW2cERFYRCHYJUG5lZWdrZ1g4UmAuf11+XEIWWFFIOVY4VkN0CAEW
[DEBUG] Session token length: 128
[DEBUG] Base64 decoded length: 96
   ✓ Got session token
[2/3] Decoding token...
[DEBUG] Challenge message length: 100
[DEBUG] Offset: 257
[DEBUG] Decoded challenge length: 100
[DEBUG] Token bytes length: 96
[DEBUG] Final token length: 96
[DEBUG] Final token: 8a5e74c4f0cc3068e39901ada458f69ad0d6c0f832317af75c079c8ef00e1cf47d01258335ef3d86698cd12ebe28784a
[DEBUG] Token: 8a5e74c4f0cc3068e39901ada458f69ad0d6c0f832317af75c079c8ef00e1cf47d01258335ef3d86698cd12ebe28784a
   ✓ Token decoded (length: 96)
[3/3] Connecting...

[DEBUG] WebSocket URL: wss://kahoot.it/cometd/5114254/8a5e74c4f0cc3068e39901ada458f69ad0d6c0f832317af75c079c8ef00e1cf47d01258335ef3d86698cd12ebe28784a
✓ Connected to WebSocket
[DEBUG] SEND handshake
[DEBUG] RECV: /meta/handshake 
✓ Handshake OK, clientId: bxjl1fego424swc3uw6uqz8zd70i2
[DEBUG] SEND connect (first)
[DEBUG] RECV: /meta/connect 
[DEBUG] SEND connect (second)
[DEBUG] SEND login yousuck152-nw3
[DEBUG] RECV: /service/controller loginResponse
✓ Login successful! CID: 103190976
[DEBUG] SEND namerator message

=== SUCCESS ===
Listening for game events... (Ctrl+C to exit)

[DEBUG] RECV: /meta/connect 
[DEBUG] RECV: /service/controller 
[DEBUG] RECV: /service/controller 
[DEBUG] RECV: /service/status status
✓ Game is ACTIVE
[DEBUG] RECV: /service/player message

🎉 JOINED AS: YellowEgret45
   Player CID: 103190976
[DEBUG] RECV: /service/player message
[DEBUG] RECV: /meta/connect 
[DEBUG] RECV: /service/player message
[DEBUG] RECV: /meta/connect 
[DEBUG] RECV: /service/player message
[DEBUG] RECV: /meta/connect 
[DEBUG] RECV: /service/player message
[DEBUG] RECV: /meta/connect 
[DEBUG] RECV: /service/player message
[DEBUG] RECV: /meta/connect 
[DEBUG] RECV: /service/player message
[DEBUG] RECV: /meta/connect 
[DEBUG] RECV: /service/player message
[DEBUG] RECV: /meta/connect 
[DEBUG] RECV: /service/player message
[DEBUG] RECV: /meta/connect 
[DEBUG] RECV: /service/player message
[DEBUG] RECV: /meta/connect 
[DEBUG] RECV: /service/player message
[DEBUG] RECV: /meta/connect 
[DEBUG] RECV: /service/player message
[DEBUG] RECV: /meta/connect 
[DEBUG] RECV: /service/player message
[DEBUG] RECV: /meta/connect 
[DEBUG] RECV: /service/status status
[DEBUG] RECV: /meta/connect 
