
=== Kahoot Auto-Join ===
Game PIN: 5114254
Player: yousuck363-eru

[1/3] Getting session token...
[DEBUG] Session token (raw): I3prVERBYANYBghoQysECQwSBHdfIDlRWV5oeAwID31dIA50VjQCLFRbV0xpAwIPAkZXbQJVURNaVmQMGC8AOVx1fmpFYUIGeWtxAAYjAXhKN018PkwiBxNqTVEMCwNX
[DEBUG] Session token length: 128
[DEBUG] Base64 decoded length: 96
   ✓ Got session token
[2/3] Decoding token...
[DEBUG] Challenge message length: 100
[DEBUG] Offset: 28589
[DEBUG] Decoded challenge length: 100
[DEBUG] Token bytes length: 96
[DEBUG] Final token length: 96
[DEBUG] Final token: e21159822be41f534ed7dfe6ae7647a28f796c0f19558cd4a6631ffae10caaab728094578580fee18e85e9c6a0487bd4
[DEBUG] Token: e21159822be41f534ed7dfe6ae7647a28f796c0f19558cd4a6631ffae10caaab728094578580fee18e85e9c6a0487bd4
   ✓ Token decoded (length: 96)
[3/3] Connecting...

[DEBUG] WebSocket URL: wss://kahoot.it/cometd/5114254/e21159822be41f534ed7dfe6ae7647a28f796c0f19558cd4a6631ffae10caaab728094578580fee18e85e9c6a0487bd4
✓ Connected to WebSocket
[DEBUG] SEND handshake
[DEBUG] RECV: /meta/handshake 
✓ Handshake OK, clientId: bxpo1aadhw3xeb0p41noafy1j9n18x
[DEBUG] SEND connect (first)
[DEBUG] RECV: /meta/connect 
[DEBUG] SEND connect (second)
[DEBUG] SEND login yousuck363-eru
[DEBUG] RECV: /service/controller loginResponse
✓ Login successful! CID: 1575581356
[DEBUG] SEND namerator message

=== SUCCESS ===
Listening for game events... (Ctrl+C to exit)

[DEBUG] RECV: /meta/connect 
[DEBUG] RECV: /service/controller 
[DEBUG] RECV: /service/controller 
[DEBUG] RECV: /service/status status
✓ Game is ACTIVE
[DEBUG] RECV: /service/player message

🎉 JOINED AS: JollyTurtle82
   Player CID: 1575581356
[DEBUG] RECV: /service/player message
[DEBUG] RECV: /meta/connect 
[DEBUG] RECV: /service/player message
[DEBUG] RECV: /meta/connect 
[DEBUG] RECV: /service/player message
[DEBUG] RECV: /meta/connect 
[DEBUG] RECV: /service/player message
[DEBUG] RECV: /meta/connect 
[DEBUG] RECV: /service/player message
[DEBUG] RECV: /meta/connect 
[DEBUG] RECV: /service/player message
[DEBUG] RECV: /meta/connect 
[DEBUG] RECV: /service/player message
[DEBUG] RECV: /meta/connect 
[DEBUG] RECV: /service/player message
[DEBUG] RECV: /meta/connect 
[DEBUG] RECV: /service/status status
[DEBUG] RECV: /meta/connect 
