
=== Kahoot Auto-Join ===
Game PIN: 5732350
Player: yousuck33-qb6

[1/3] Getting session token...
[DEBUG] Session token (raw): E1xfDwgFb0d5U3p6XV9XNHU9IFZlW0wFXEIxXlZ+XF9cLWl6B3sBPVkNWzl9H3ULdQAlMGBZVnttbhoKMRkHY1JwelolY0JfA18tDTARfHFPWT8HCgYHbSJXNQ40DG9B
[DEBUG] Session token length: 128
[DEBUG] Base64 decoded length: 96
   ✓ Got session token
[2/3] Decoding token...
[DEBUG] Challenge message length: 100
[DEBUG] Offset: 4915
[DEBUG] Decoded challenge length: 100
[DEBUG] Token bytes length: 96
[DEBUG] Final token length: 96
[DEBUG] Final token: cc73fd171b758cfd3acf9d72d9fa46e13b8762be642f9d726bbd375468a4dae76657d72443b3fa1994c0ceb8fcc6e587
[DEBUG] Token: cc73fd171b758cfd3acf9d72d9fa46e13b8762be642f9d726bbd375468a4dae76657d72443b3fa1994c0ceb8fcc6e587
   ✓ Token decoded (length: 96)
[3/3] Connecting...

[DEBUG] WebSocket URL: wss://kahoot.it/cometd/5732350/cc73fd171b758cfd3acf9d72d9fa46e13b8762be642f9d726bbd375468a4dae76657d72443b3fa1994c0ceb8fcc6e587
✓ Connected to WebSocket
[DEBUG] SEND handshake
[DEBUG] RECV: /meta/handshake 
✓ Handshake OK, clientId: bzjs1ec8uxdk35j94i7qhdvnd0iaq
[DEBUG] SEND connect (first)
[DEBUG] RECV: /meta/connect 
[DEBUG] SEND connect (second)
[DEBUG] SEND login yousuck33-qb6
[DEBUG] RECV: /service/controller loginResponse
✓ Login successful! CID: 283182455
[DEBUG] SEND namerator message

=== SUCCESS ===
Listening for game events... (Ctrl+C to exit)

[DEBUG] RECV: /meta/connect 
[DEBUG] RECV: /service/controller 
[DEBUG] RECV: /service/controller 
[DEBUG] RECV: /service/status status
✓ Game is ACTIVE
[DEBUG] RECV: /service/player message

🎉 JOINED AS: LegendCrab76
   Player CID: 283182455
[DEBUG] RECV: /service/player message
[DEBUG] RECV: /service/player message
[DEBUG] RECV: /meta/connect 
[DEBUG] RECV: /service/player message
[DEBUG] RECV: /service/player message
[DEBUG] RECV: /meta/connect 
[DEBUG] RECV: /service/player message
[DEBUG] RECV: /service/player message
[DEBUG] RECV: /meta/connect 
[DEBUG] RECV: /service/player message
[DEBUG] RECV: /meta/connect 
[DEBUG] RECV: /service/player message
[DEBUG] RECV: /meta/connect 
[DEBUG] RECV: /service/player message
[DEBUG] RECV: /meta/connect 
[DEBUG] RECV: /service/player message
[DEBUG] RECV: /meta/connect 
[DEBUG] RECV: /service/status status
[DEBUG] RECV: /meta/connect 
