
=== Kahoot Auto-Join ===
Game PIN: 5114254
Player: yousuck991-j6d

[1/3] Getting session token...
[DEBUG] Session token (raw): dmRIXAY0W1d4TlgfFhYyUQtJSFBQBh0IMA1TJEVBDCc3RjUXBFklFQIMVBJfT3dwCQxGaGgxZmItAk9LWgNxBAQzVmc6XlZTSz8CTCAnCHJoAEgGW05nSgVzcFsFAmcK
[DEBUG] Session token length: 128
[DEBUG] Base64 decoded length: 96
   ✓ Got session token
[2/3] Decoding token...
[DEBUG] Challenge message length: 100
[DEBUG] Offset: 4249728
[DEBUG] Decoded challenge length: 100
[DEBUG] Token bytes length: 96
[DEBUG] Final token length: 96
[DEBUG] Final token: 364abb48620ceea9484121a0b0fd330cc7ea50be88dd971962448b79a690890e8b09daf10f79abf70226e883c39e4c51
[DEBUG] Token: 364abb48620ceea9484121a0b0fd330cc7ea50be88dd971962448b79a690890e8b09daf10f79abf70226e883c39e4c51
   ✓ Token decoded (length: 96)
[3/3] Connecting...

[DEBUG] WebSocket URL: wss://kahoot.it/cometd/5114254/364abb48620ceea9484121a0b0fd330cc7ea50be88dd971962448b79a690890e8b09daf10f79abf70226e883c39e4c51
✓ Connected to WebSocket
[DEBUG] SEND handshake
[DEBUG] RECV: /meta/handshake 
✓ Handshake OK, clientId: by721aouvngbkrae51brkgd9cu68f5
[DEBUG] SEND connect (first)
[DEBUG] RECV: /meta/connect 
[DEBUG] SEND connect (second)
[DEBUG] SEND login yousuck991-j6d
[DEBUG] RECV: /service/controller loginResponse
✓ Login successful! CID: 1594706927
[DEBUG] SEND namerator message

=== SUCCESS ===
Listening for game events... (Ctrl+C to exit)

[DEBUG] RECV: /meta/connect 
[DEBUG] RECV: /service/controller 
[DEBUG] RECV: /service/controller 
[DEBUG] RECV: /service/status status
✓ Game is ACTIVE
[DEBUG] RECV: /service/player message

🎉 JOINED AS: ProudGoose33
   Player CID: 1594706927
[DEBUG] RECV: /service/player message
[DEBUG] RECV: /meta/connect 
[DEBUG] RECV: /service/status status
[DEBUG] RECV: /meta/connect 
