
=== Kahoot Auto-Join ===
Game PIN: 5114254
Player: yousuck778-osj

[1/3] Getting session token...
[DEBUG] Session token (raw): VQdNWX1NR3RTLVpMVl8mSjt9BXxqD0pLZVkEUgMzdD9oL1UFVDVkAXkoaw1LL3I6WBRRMih6LU97DQ5rfxt9cmokSVpuUGMLWnEUWVlQAUdXbhpdKD5uXwUgbio7cEUw
[DEBUG] Session token length: 128
[DEBUG] Base64 decoded length: 96
   ✓ Got session token
[2/3] Decoding token...
[DEBUG] Challenge message length: 100
[DEBUG] Offset: 84289
[DEBUG] Decoded challenge length: 100
[DEBUG] Token bytes length: 96
[DEBUG] Final token length: 96
[DEBUG] Final token: 688986647c45e1f6f4612e39980e1e6e8b8fed330e7a2c2eae3fd8d652870c420f048f6676f4d3d7b3b1ff8cfb6dc81f
[DEBUG] Token: 688986647c45e1f6f4612e39980e1e6e8b8fed330e7a2c2eae3fd8d652870c420f048f6676f4d3d7b3b1ff8cfb6dc81f
   ✓ Token decoded (length: 96)
[3/3] Connecting...

[DEBUG] WebSocket URL: wss://kahoot.it/cometd/5114254/688986647c45e1f6f4612e39980e1e6e8b8fed330e7a2c2eae3fd8d652870c420f048f6676f4d3d7b3b1ff8cfb6dc81f
✓ Connected to WebSocket
[DEBUG] SEND handshake
[DEBUG] RECV: /meta/handshake 
✓ Handshake OK, clientId: by101r2ty6uzv5x6b1924qjo06jzpc
[DEBUG] SEND connect (first)
[DEBUG] RECV: /meta/connect 
[DEBUG] SEND connect (second)
[DEBUG] SEND login yousuck778-osj
[DEBUG] RECV: /service/controller loginResponse
✓ Login successful! CID: 1884809788
[DEBUG] SEND namerator message

=== SUCCESS ===
Listening for game events... (Ctrl+C to exit)

[DEBUG] RECV: /meta/connect 
[DEBUG] RECV: /service/controller 
[DEBUG] RECV: /service/controller 
[DEBUG] RECV: /service/status status
✓ Game is ACTIVE
[DEBUG] RECV: /service/player message

🎉 JOINED AS: RoyalStork86
   Player CID: 1884809788
[DEBUG] RECV: /service/player message
[DEBUG] RECV: /meta/connect 
[DEBUG] RECV: /service/player message
[DEBUG] RECV: /meta/connect 
[DEBUG] RECV: /service/player message
[DEBUG] RECV: /meta/connect 
[DEBUG] RECV: /service/status status
[DEBUG] RECV: /meta/connect 
