
=== Kahoot Auto-Join ===
Game PIN: 5114254
Player: yousuck293-3fj

[1/3] Getting session token...
[DEBUG] Session token (raw): SlljbwkMCxRgXgdpfFNVBDY3CnJcF2oPT3cRJHgkXUdBAm5KUQlbHnchBEs9MUJRDGQYAXwsQmtaQhZGRk9aLG0lQyB+Xl41SwwKTUpLUFECTixEOWdBH1R9AWgEckJt
[DEBUG] Session token length: 128
[DEBUG] Base64 decoded length: 96
   ✓ Got session token
[2/3] Decoding token...
[DEBUG] Challenge message length: 100
[DEBUG] Offset: 6842
[DEBUG] Decoded challenge length: 100
[DEBUG] Token bytes length: 96
[DEBUG] Final token length: 96
[DEBUG] Final token: 8b0920df3708261fab875e6536ad9a355e5838cf8b78aa3229d12a4710f1539c5c1d55dd0414197194e7d47d30e5b305
[DEBUG] Token: 8b0920df3708261fab875e6536ad9a355e5838cf8b78aa3229d12a4710f1539c5c1d55dd0414197194e7d47d30e5b305
   ✓ Token decoded (length: 96)
[3/3] Connecting...

[DEBUG] WebSocket URL: wss://kahoot.it/cometd/5114254/8b0920df3708261fab875e6536ad9a355e5838cf8b78aa3229d12a4710f1539c5c1d55dd0414197194e7d47d30e5b305
✓ Connected to WebSocket
[DEBUG] SEND handshake
[DEBUG] RECV: /meta/handshake 
✓ Handshake OK, clientId: bxnh1xwcs2gewl43b1m2s5kwobw46o
[DEBUG] SEND connect (first)
[DEBUG] RECV: /meta/connect 
[DEBUG] SEND connect (second)
[DEBUG] SEND login yousuck293-3fj
[DEBUG] RECV: /service/controller loginResponse
✓ Login successful! CID: 385979438
[DEBUG] SEND namerator message

=== SUCCESS ===
Listening for game events... (Ctrl+C to exit)

[DEBUG] RECV: /meta/connect 
[DEBUG] RECV: /service/controller 
[DEBUG] RECV: /service/controller 
[DEBUG] RECV: /service/status status
✓ Game is ACTIVE
[DEBUG] RECV: /service/player message

🎉 JOINED AS: LivelyIguana35
   Player CID: 385979438
[DEBUG] RECV: /service/player message
[DEBUG] RECV: /meta/connect 
[DEBUG] RECV: /service/player message
[DEBUG] RECV: /meta/connect 
[DEBUG] RECV: /service/player message
[DEBUG] RECV: /meta/connect 
[DEBUG] RECV: /service/player message
[DEBUG] RECV: /meta/connect 
[DEBUG] RECV: /service/player message
[DEBUG] RECV: /meta/connect 
[DEBUG] RECV: /service/player message
[DEBUG] RECV: /meta/connect 
[DEBUG] RECV: /service/player message
[DEBUG] RECV: /meta/connect 
[DEBUG] RECV: /service/player message
[DEBUG] RECV: /meta/connect 
[DEBUG] RECV: /service/player message
[DEBUG] RECV: /meta/connect 
[DEBUG] RECV: /service/status status
[DEBUG] RECV: /meta/connect 
