
=== Kahoot Auto-Join ===
Game PIN: 5732350
Player: yousuck30-6l1

[1/3] Getting session token...
[DEBUG] Session token (raw): cFlXfUwLX2xZZQ8mRgQSCWddTUZTXA14KWJkaSBsb1l2cDEOOSQyDV1tBHFqEgVvQyN4WgJeFUtUcVZacnpBRi17X2dpUT4GWmF4JTh8JHNTPwNZXgEuZkxlDydrMXJY
[DEBUG] Session token length: 128
[DEBUG] Base64 decoded length: 96
   ✓ Got session token
[2/3] Decoding token...
[DEBUG] Challenge message length: 100
[DEBUG] Offset: 75712
[DEBUG] Decoded challenge length: 100
[DEBUG] Token bytes length: 96
[DEBUG] Final token length: 96
[DEBUG] Final token: 56d89986c06c7fd05d47a372c108e57645d9afea72361b055f258db7c98a2790f7e600d0998df9f2af2817d804cb5d28
[DEBUG] Token: 56d89986c06c7fd05d47a372c108e57645d9afea72361b055f258db7c98a2790f7e600d0998df9f2af2817d804cb5d28
   ✓ Token decoded (length: 96)
[3/3] Connecting...

[DEBUG] WebSocket URL: wss://kahoot.it/cometd/5732350/56d89986c06c7fd05d47a372c108e57645d9afea72361b055f258db7c98a2790f7e600d0998df9f2af2817d804cb5d28
✓ Connected to WebSocket
[DEBUG] SEND handshake
[DEBUG] RECV: /meta/handshake 
✓ Handshake OK, clientId: bzor16l43gr1enoz41toyomvopnvfj
[DEBUG] SEND connect (first)
[DEBUG] RECV: /meta/connect 
[DEBUG] SEND connect (second)
[DEBUG] SEND login yousuck30-6l1
[DEBUG] RECV: /service/controller loginResponse
✓ Login successful! CID: 1217098976
[DEBUG] SEND namerator message

=== SUCCESS ===
Listening for game events... (Ctrl+C to exit)

[DEBUG] RECV: /meta/connect 
[DEBUG] RECV: /service/controller 
[DEBUG] RECV: /service/controller 
[DEBUG] RECV: /service/status status
✓ Game is ACTIVE
[DEBUG] RECV: /service/player message

🎉 JOINED AS: SturdyBadger44
   Player CID: 1217098976
[DEBUG] RECV: /service/player message
[DEBUG] RECV: /service/player message
[DEBUG] RECV: /meta/connect 
[DEBUG] RECV: /service/player message
[DEBUG] RECV: /meta/connect 
[DEBUG] RECV: /service/status status
[DEBUG] RECV: /meta/connect 
