
=== Kahoot Auto-Join ===
Game PIN: 5732350
Player: yousuck17-czb

[1/3] Getting session token...
[DEBUG] Session token (raw): VgUFOlVgPg0mM3puMCwvbEkDPQxXDQlGSzxDLQkObFhrDgJTVmcpUjwfCREKeR9QdFtVJGBAJFQ/XgZBKT4sFQ0zAToGTABYYDVzBgwFDDFaCVgjBAB9aQF0UmYCSyRe
[DEBUG] Session token length: 128
[DEBUG] Base64 decoded length: 96
   ✓ Got session token
[2/3] Decoding token...
[DEBUG] Challenge message length: 100
[DEBUG] Offset: 18077136
[DEBUG] Decoded challenge length: 100
[DEBUG] Token bytes length: 96
[DEBUG] Final token length: 96
[DEBUG] Final token: f37a80abfd62cdc253a243958c8d7e7b65cca1c0ad7f10f1448c62c3ecf0fdcc9b1e497f4b84658ba98eee53f4e581be
[DEBUG] Token: f37a80abfd62cdc253a243958c8d7e7b65cca1c0ad7f10f1448c62c3ecf0fdcc9b1e497f4b84658ba98eee53f4e581be
   ✓ Token decoded (length: 96)
[3/3] Connecting...

[DEBUG] WebSocket URL: wss://kahoot.it/cometd/5732350/f37a80abfd62cdc253a243958c8d7e7b65cca1c0ad7f10f1448c62c3ecf0fdcc9b1e497f4b84658ba98eee53f4e581be
✓ Connected to WebSocket
[DEBUG] SEND handshake
[DEBUG] RECV: /meta/handshake 
✓ Handshake OK, clientId: bziu1ux1bgnat12p7tfwujo8duk1p
[DEBUG] SEND connect (first)
[DEBUG] RECV: /meta/connect 
[DEBUG] SEND connect (second)
[DEBUG] SEND login yousuck17-czb
[DEBUG] RECV: /service/controller loginResponse
✓ Login successful! CID: 2117105993
[DEBUG] SEND namerator message

=== SUCCESS ===
Listening for game events... (Ctrl+C to exit)

[DEBUG] RECV: /meta/connect 
[DEBUG] RECV: /service/controller 
[DEBUG] RECV: /service/controller 
[DEBUG] RECV: /service/status status
✓ Game is ACTIVE
[DEBUG] RECV: /service/player message

🎉 JOINED AS: ClassyCrane2
   Player CID: 2117105993
[DEBUG] RECV: /service/player message
[DEBUG] RECV: /service/player message
[DEBUG] RECV: /service/player message
[DEBUG] RECV: /service/player message
[DEBUG] RECV: /meta/connect 
[DEBUG] RECV: /service/player message
[DEBUG] RECV: /meta/connect 
[DEBUG] RECV: /service/player message
[DEBUG] RECV: /service/player message
[DEBUG] RECV: /meta/connect 
[DEBUG] RECV: /service/player message
[DEBUG] RECV: /service/player message
[DEBUG] RECV: /meta/connect 
[DEBUG] RECV: /service/player message
[DEBUG] RECV: /meta/connect 
[DEBUG] RECV: /service/player message
[DEBUG] RECV: /meta/connect 
[DEBUG] RECV: /service/player message
[DEBUG] RECV: /meta/connect 
[DEBUG] RECV: /service/player message
[DEBUG] RECV: /meta/connect 
[DEBUG] RECV: /service/status status
[DEBUG] RECV: /meta/connect 
