
=== Kahoot Auto-Join ===
Game PIN: 5814465
Player: yousuck52-ck5

[1/3] Getting session token...
[DEBUG] Session token (raw): IlhqCxBxI2xdZVliWWpCP1pyDEZMcQJcEE1dLgwMajxRZ1QKfx5NUk1oWGQnO2RPY1xYdhlwVl5xBjxdNTVRB3RgRH0YRwF5YQFYAmJ3GAMpAxE4PmdIX18MUFVqUw5R
[DEBUG] Session token length: 128
[DEBUG] Base64 decoded length: 96
   ✓ Got session token
[2/3] Decoding token...
[DEBUG] Challenge message length: 100
[DEBUG] Offset: 688032906
[DEBUG] Decoded challenge length: 100
[DEBUG] Token bytes length: 96
[DEBUG] Final token length: 96
[DEBUG] Final token: dc06f7d8e073d52fa785579ad11d383f86a24b7c1318aa4765a1c26e71ddded80968c5006f9131b8b3ffe00f82e751ba
[DEBUG] Token: dc06f7d8e073d52fa785579ad11d383f86a24b7c1318aa4765a1c26e71ddded80968c5006f9131b8b3ffe00f82e751ba
   ✓ Token decoded (length: 96)
[3/3] Connecting...

[DEBUG] WebSocket URL: wss://kahoot.it/cometd/5814465/dc06f7d8e073d52fa785579ad11d383f86a24b7c1318aa4765a1c26e71ddded80968c5006f9131b8b3ffe00f82e751ba
✓ Connected to WebSocket
[DEBUG] SEND handshake
[DEBUG] RECV: /meta/handshake 
✓ Handshake OK, clientId: 92vh1pibqelm3551onwc8cjabraly
[DEBUG] SEND connect (first)
[DEBUG] RECV: /meta/connect 
[DEBUG] SEND connect (second)
[DEBUG] SEND login yousuck52-ck5
[DEBUG] RECV: /service/status status
[DEBUG] RECV: /meta/connect 
[DEBUG] RECV: /service/controller 

⚠ Timeout - check if name appears in Kahoot lobby
[DEBUG] WebSocket closed: 1005

=== FAILED ===
Error: Connection closed (1005)
