
=== Kahoot Auto-Join ===
Game PIN: 5114254
Player: yousuck401-mc7

[1/3] Getting session token...
[DEBUG] Session token (raw): bBMMLH4XRzEDWGwIFnkqVydifnABSQdcVxl+V2EDSw02Jw5+BShmWQwnSEF7WgNzWwNeel0CHiEdAkBjAyxpUnMKf1JfWFlvewpbAT9vVCIjcyxrVF5VcAUICwIJAkIv
[DEBUG] Session token length: 128
[DEBUG] Base64 decoded length: 96
   ✓ Got session token
[2/3] Decoding token...
[DEBUG] Challenge message length: 100
[DEBUG] Offset: 2197
[DEBUG] Decoded challenge length: 100
[DEBUG] Token bytes length: 96
[DEBUG] Final token length: 96
[DEBUG] Final token: 5dbc4d2c3040a1aaa24805ca1a793a1fcd75dc075e4559d57d840edba8950f0d6e1694989e7dd65db2e243f1a3a4c66a
[DEBUG] Token: 5dbc4d2c3040a1aaa24805ca1a793a1fcd75dc075e4559d57d840edba8950f0d6e1694989e7dd65db2e243f1a3a4c66a
   ✓ Token decoded (length: 96)
[3/3] Connecting...

[DEBUG] WebSocket URL: wss://kahoot.it/cometd/5114254/5dbc4d2c3040a1aaa24805ca1a793a1fcd75dc075e4559d57d840edba8950f0d6e1694989e7dd65db2e243f1a3a4c66a
✓ Connected to WebSocket
[DEBUG] SEND handshake
[DEBUG] RECV: /meta/handshake 
✓ Handshake OK, clientId: bxqj1t06pqzgng6vy1tjmhqy0bsn18
[DEBUG] SEND connect (first)
[DEBUG] RECV: /meta/connect 
[DEBUG] SEND connect (second)
[DEBUG] SEND login yousuck401-mc7
[DEBUG] RECV: /service/controller loginResponse
✓ Login successful! CID: 663807099
[DEBUG] SEND namerator message

=== SUCCESS ===
Listening for game events... (Ctrl+C to exit)

[DEBUG] RECV: /meta/connect 
[DEBUG] RECV: /service/controller 
[DEBUG] RECV: /service/controller 
[DEBUG] RECV: /service/status status
✓ Game is ACTIVE
[DEBUG] RECV: /service/player message

🎉 JOINED AS: YellowOwl64
   Player CID: 663807099
[DEBUG] RECV: /service/player message
[DEBUG] RECV: /meta/connect 
[DEBUG] RECV: /service/player message
[DEBUG] RECV: /meta/connect 
[DEBUG] RECV: /service/player message
[DEBUG] RECV: /meta/connect 
[DEBUG] RECV: /service/player message
[DEBUG] RECV: /meta/connect 
[DEBUG] RECV: /service/player message
[DEBUG] RECV: /meta/connect 
[DEBUG] RECV: /service/player message
[DEBUG] RECV: /meta/connect 
[DEBUG] RECV: /service/player message
[DEBUG] RECV: /meta/connect 
[DEBUG] RECV: /service/player message
[DEBUG] RECV: /meta/connect 
[DEBUG] RECV: /service/status status
[DEBUG] RECV: /meta/connect 
