
=== Kahoot Auto-Join ===
Game PIN: 5114254
Player: yousuck464-3ky

[1/3] Getting session token...
[DEBUG] Session token (raw): AFVFbQs8SxAWQ3NhPjRhJgoROFh7Tl4OZVQOfh9OVxIPb31kDS1kOWteYDhyDmlZekBRTg9lWVJUekoFSCpFSQFvcANGDnd9CRRZdFwHGG9IQjsPBHpuZDRGfxZ4eVhQ
[DEBUG] Session token length: 128
[DEBUG] Base64 decoded length: 96
   ✓ Got session token
[2/3] Decoding token...
[DEBUG] Challenge message length: 100
[DEBUG] Offset: 1631088850
[DEBUG] Decoded challenge length: 100
[DEBUG] Token bytes length: 96
[DEBUG] Final token length: 96
[DEBUG] Final token: 6a795a3eb716ac3faff002340ce5c8da98566b6a772b33603552e950b9359c45681518313e3201a805f9d385c63c1583
[DEBUG] Token: 6a795a3eb716ac3faff002340ce5c8da98566b6a772b33603552e950b9359c45681518313e3201a805f9d385c63c1583
   ✓ Token decoded (length: 96)
[3/3] Connecting...

[DEBUG] WebSocket URL: wss://kahoot.it/cometd/5114254/6a795a3eb716ac3faff002340ce5c8da98566b6a772b33603552e950b9359c45681518313e3201a805f9d385c63c1583
✓ Connected to WebSocket
[DEBUG] SEND handshake
[DEBUG] RECV: /meta/handshake 
✓ Handshake OK, clientId: bxs51spct2parl3wo1qakdbjbytrrk
[DEBUG] SEND connect (first)
[DEBUG] RECV: /meta/connect 
[DEBUG] SEND connect (second)
[DEBUG] SEND login yousuck464-3ky
[DEBUG] RECV: /service/controller loginResponse
✓ Login successful! CID: 1196857938
[DEBUG] SEND namerator message

=== SUCCESS ===
Listening for game events... (Ctrl+C to exit)

[DEBUG] RECV: /meta/connect 
[DEBUG] RECV: /service/controller 
[DEBUG] RECV: /service/controller 
[DEBUG] RECV: /service/status status
✓ Game is ACTIVE
[DEBUG] RECV: /service/player message

🎉 JOINED AS: JollyLobster18
   Player CID: 1196857938
[DEBUG] RECV: /service/player message
[DEBUG] RECV: /meta/connect 
[DEBUG] RECV: /service/player message
[DEBUG] RECV: /meta/connect 
[DEBUG] RECV: /service/player message
[DEBUG] RECV: /meta/connect 
[DEBUG] RECV: /service/player message
[DEBUG] RECV: /meta/connect 
[DEBUG] RECV: /service/player message
[DEBUG] RECV: /meta/connect 
[DEBUG] RECV: /service/player message
[DEBUG] RECV: /meta/connect 
[DEBUG] RECV: /service/player message
[DEBUG] RECV: /meta/connect 
[DEBUG] RECV: /service/status status
[DEBUG] RECV: /meta/connect 
