
=== Kahoot Auto-Join ===
Game PIN: 5114254
Player: yousuck780-3d4

[1/3] Getting session token...
[DEBUG] Session token (raw): XmQGBA4tX1RdUXVUABtKXXUuUVBuckFAcFkROmJiMkMAJU1aRDkMWRNUFgdZAFFgdmJEZAckNXoJXUFUBAhMWQBkD1EaTgBvdhNoOWVYBFQNei8gVgxZW2VWNENoVl0q
[DEBUG] Session token length: 128
[DEBUG] Base64 decoded length: 96
   ✓ Got session token
[2/3] Decoding token...
[DEBUG] Challenge message length: 100
[DEBUG] Offset: 2263090
[DEBUG] Decoded challenge length: 100
[DEBUG] Token bytes length: 96
[DEBUG] Final token length: 96
[DEBUG] Final token: 26519b585438ab993d49406645dc54d9fe162d55f6e98a4025204ca1ec98b28be8c0c2498e7c34aff0bc31f033f960ef
[DEBUG] Token: 26519b585438ab993d49406645dc54d9fe162d55f6e98a4025204ca1ec98b28be8c0c2498e7c34aff0bc31f033f960ef
   ✓ Token decoded (length: 96)
[3/3] Connecting...

[DEBUG] WebSocket URL: wss://kahoot.it/cometd/5114254/26519b585438ab993d49406645dc54d9fe162d55f6e98a4025204ca1ec98b28be8c0c2498e7c34aff0bc31f033f960ef
✓ Connected to WebSocket
[DEBUG] SEND handshake
[DEBUG] RECV: /meta/handshake 
✓ Handshake OK, clientId: by0v1qidoppxvpgqi17mj7ijv85005
[DEBUG] SEND connect (first)
[DEBUG] RECV: /meta/connect 
[DEBUG] SEND connect (second)
[DEBUG] SEND login yousuck780-3d4
[DEBUG] RECV: /service/controller loginResponse
✓ Login successful! CID: 1200560136
[DEBUG] SEND namerator message

=== SUCCESS ===
Listening for game events... (Ctrl+C to exit)

[DEBUG] RECV: /meta/connect 
[DEBUG] RECV: /service/controller 
[DEBUG] RECV: /service/controller 
[DEBUG] RECV: /service/status status
✓ Game is ACTIVE
[DEBUG] RECV: /service/player message

🎉 JOINED AS: BronzeMouse46
   Player CID: 1200560136
[DEBUG] RECV: /service/player message
[DEBUG] RECV: /meta/connect 
[DEBUG] RECV: /service/player message
[DEBUG] RECV: /meta/connect 
[DEBUG] RECV: /service/player message
[DEBUG] RECV: /meta/connect 
[DEBUG] RECV: /service/status status
[DEBUG] RECV: /meta/connect 
