
=== Kahoot Auto-Join ===
Game PIN: 5732350
Player: yousuck69-tra

[1/3] Getting session token...
[DEBUG] Session token (raw): VAcBDhIAR1haWAkjDgEOMms4bB0ZXHBHcxQICkFNVVdHEF1RbRUPbQQZWAADaAtwZV9cCBYlWTI8UgVGYF1sXEF5ECkOZAx9XhUDI1xRQ0hce3NeaAtSWV5LBzJbZ0ZL
[DEBUG] Session token length: 128
[DEBUG] Base64 decoded length: 96
   ✓ Got session token
[2/3] Decoding token...
[DEBUG] Challenge message length: 100
[DEBUG] Offset: 308
[DEBUG] Decoded challenge length: 100
[DEBUG] Token bytes length: 96
[DEBUG] Final token length: 96
[DEBUG] Final token: df3de500fa9e6d9a6c1ec4658f2671c36b1f2bd9ba93385317c3ceecf442778b16bd22217d6a4a93f83b2260e7ea7063
[DEBUG] Token: df3de500fa9e6d9a6c1ec4658f2671c36b1f2bd9ba93385317c3ceecf442778b16bd22217d6a4a93f83b2260e7ea7063
   ✓ Token decoded (length: 96)
[3/3] Connecting...

[DEBUG] WebSocket URL: wss://kahoot.it/cometd/5732350/df3de500fa9e6d9a6c1ec4658f2671c36b1f2bd9ba93385317c3ceecf442778b16bd22217d6a4a93f83b2260e7ea7063
✓ Connected to WebSocket
[DEBUG] SEND handshake
[DEBUG] RECV: /meta/handshake 
✓ Handshake OK, clientId: bzkb1dwe1oefu63b411963w8zwodow
[DEBUG] SEND connect (first)
[DEBUG] RECV: /meta/connect 
[DEBUG] SEND connect (second)
[DEBUG] SEND login yousuck69-tra
[DEBUG] RECV: /service/controller loginResponse
✓ Login successful! CID: 1978903116
[DEBUG] SEND namerator message

=== SUCCESS ===
Listening for game events... (Ctrl+C to exit)

[DEBUG] RECV: /meta/connect 
[DEBUG] RECV: /service/controller 
[DEBUG] RECV: /service/controller 
[DEBUG] RECV: /service/status status
✓ Game is ACTIVE
[DEBUG] RECV: /service/player message

🎉 JOINED AS: AgentSable8
   Player CID: 1978903116
[DEBUG] RECV: /service/player message
[DEBUG] RECV: /service/player message
[DEBUG] RECV: /service/player message
[DEBUG] RECV: /meta/connect 
[DEBUG] RECV: /service/player message
[DEBUG] RECV: /service/player message
[DEBUG] RECV: /meta/connect 
[DEBUG] RECV: /service/player message
[DEBUG] RECV: /meta/connect 
[DEBUG] RECV: /service/player message
[DEBUG] RECV: /meta/connect 
[DEBUG] RECV: /service/player message
[DEBUG] RECV: /meta/connect 
[DEBUG] RECV: /service/player message
[DEBUG] RECV: /meta/connect 
[DEBUG] RECV: /service/status status
[DEBUG] RECV: /meta/connect 
