
=== Kahoot Auto-Join ===
Game PIN: 5814465
Player: yousuck7-pa9

[1/3] Getting session token...
[DEBUG] Session token (raw): LyJeBlkGAXNWQ0lcR3N6blhWNQx4NEUUI3NUVTJuaQZeCy8CAiJATQBoDgg5GBBSJmVuDAl3AWlzSnYGAzlxNA8GDw8CRz03X1dsUgJ7Sl4DXglLYjgMQFsHEUpDDnNT
[DEBUG] Session token length: 128
[DEBUG] Base64 decoded length: 96
   ✓ Got session token
[2/3] Decoding token...
[DEBUG] Challenge message length: 100
[DEBUG] Offset: 39757
[DEBUG] Decoded challenge length: 100
[DEBUG] Token bytes length: 96
[DEBUG] Final token length: 96
[DEBUG] Final token: ff6af091438b333161f40d0ae51ae51a85d9eb2109bcfabff26fa1e616901a8c9110d0cd5022c28c38885ae318e07479
[DEBUG] Token: ff6af091438b333161f40d0ae51ae51a85d9eb2109bcfabff26fa1e616901a8c9110d0cd5022c28c38885ae318e07479
   ✓ Token decoded (length: 96)
[3/3] Connecting...

[DEBUG] WebSocket URL: wss://kahoot.it/cometd/5814465/ff6af091438b333161f40d0ae51ae51a85d9eb2109bcfabff26fa1e616901a8c9110d0cd5022c28c38885ae318e07479
✓ Connected to WebSocket
[DEBUG] SEND handshake
[DEBUG] RECV: /meta/handshake 
✓ Handshake OK, clientId: 92tlohxz9czimjg91qz3srgk5rme7
[DEBUG] SEND connect (first)
[DEBUG] RECV: /meta/connect 
[DEBUG] SEND connect (second)
[DEBUG] SEND login yousuck7-pa9
[DEBUG] RECV: /service/status status
[DEBUG] RECV: /meta/connect 
[DEBUG] RECV: /service/controller 

⚠ Timeout - check if name appears in Kahoot lobby
[DEBUG] WebSocket closed: 1005

=== FAILED ===
Error: Connection closed (1005)
