
=== Kahoot Auto-Join ===
Game PIN: 5732350
Player: yousuck50-82n

[1/3] Getting session token...
[DEBUG] Session token (raw): MHpnYw1bb3NlIFU3RgJTCGN/aXZ8eWxGWBNgFn5vM2lUA2I3GwBZOzZwdQ9gcm8aQV0kCV8QCzFCShIyeHdHXU1TCFUzKiJZVypWKn5le3d7DQdhbh1XN0IUf2V4VEdd
[DEBUG] Session token length: 128
[DEBUG] Base64 decoded length: 96
   ✓ Got session token
[2/3] Decoding token...
[DEBUG] Challenge message length: 100
[DEBUG] Offset: 960
[DEBUG] Decoded challenge length: 100
[DEBUG] Token bytes length: 96
[DEBUG] Final token length: 96
[DEBUG] Final token: d514ac755f4c491f70406480fa5e34b3f09ca5eca982453c4eb94ede51ca766b13b9cbdf5dce61534be45f4a7e218b7e
[DEBUG] Token: d514ac755f4c491f70406480fa5e34b3f09ca5eca982453c4eb94ede51ca766b13b9cbdf5dce61534be45f4a7e218b7e
   ✓ Token decoded (length: 96)
[3/3] Connecting...

[DEBUG] WebSocket URL: wss://kahoot.it/cometd/5732350/d514ac755f4c491f70406480fa5e34b3f09ca5eca982453c4eb94ede51ca766b13b9cbdf5dce61534be45f4a7e218b7e
✓ Connected to WebSocket
[DEBUG] SEND handshake
[DEBUG] RECV: /meta/handshake 
✓ Handshake OK, clientId: bzp4nucohg624z3q1u6na0keauw67
[DEBUG] SEND connect (first)
[DEBUG] RECV: /meta/connect 
[DEBUG] SEND connect (second)
[DEBUG] SEND login yousuck50-82n
[DEBUG] RECV: /service/controller loginResponse
✓ Login successful! CID: 1688935440
[DEBUG] SEND namerator message

=== SUCCESS ===
Listening for game events... (Ctrl+C to exit)

[DEBUG] RECV: /meta/connect 
[DEBUG] RECV: /service/controller 
[DEBUG] RECV: /service/controller 
[DEBUG] RECV: /service/status status
✓ Game is ACTIVE
[DEBUG] RECV: /service/player message

🎉 JOINED AS: LuckyElk77
   Player CID: 1688935440
[DEBUG] RECV: /service/player message
[DEBUG] RECV: /meta/connect 
[DEBUG] RECV: /service/player message
[DEBUG] RECV: /meta/connect 
[DEBUG] RECV: /service/status status
[DEBUG] RECV: /meta/connect 
