
=== Kahoot Auto-Join ===
Game PIN: 5114254
Player: yousuck356-kq6

[1/3] Getting session token...
[DEBUG] Session token (raw): Ulh1bh8hFGsxPQ0JB2ReKVUOfmNseV1AHUJpWQZgGA1AKEVxUi4YE3UBUgVUbiRfNXltKWBbSxInHSJyc19jFGgLBWFWXFIOCVoTX1kNRWhSAhoLXTNvM1NeWQMPTllZ
[DEBUG] Session token length: 128
[DEBUG] Base64 decoded length: 96
   ✓ Got session token
[2/3] Decoding token...
[DEBUG] Challenge message length: 100
[DEBUG] Offset: 5581440000
[DEBUG] Decoded challenge length: 100
[DEBUG] Token bytes length: 96
[DEBUG] Final token length: 96
[DEBUG] Final token: 9291fcd6cdf6d55aeb225860e98bb1ca2b90daac239649aff11f838dfad12a9f70153f6c03d18f42f7ab6a3c3e994678
[DEBUG] Token: 9291fcd6cdf6d55aeb225860e98bb1ca2b90daac239649aff11f838dfad12a9f70153f6c03d18f42f7ab6a3c3e994678
   ✓ Token decoded (length: 96)
[3/3] Connecting...

[DEBUG] WebSocket URL: wss://kahoot.it/cometd/5114254/9291fcd6cdf6d55aeb225860e98bb1ca2b90daac239649aff11f838dfad12a9f70153f6c03d18f42f7ab6a3c3e994678
✓ Connected to WebSocket
[DEBUG] SEND handshake
[DEBUG] RECV: /meta/handshake 
✓ Handshake OK, clientId: bxp31kastu9c3f6r71v91i0v3y49wr
[DEBUG] SEND connect (first)
[DEBUG] RECV: /meta/connect 
[DEBUG] SEND connect (second)
[DEBUG] SEND login yousuck356-kq6
[DEBUG] RECV: /service/controller loginResponse
✓ Login successful! CID: 913890589
[DEBUG] SEND namerator message

=== SUCCESS ===
Listening for game events... (Ctrl+C to exit)

[DEBUG] RECV: /meta/connect 
[DEBUG] RECV: /service/controller 
[DEBUG] RECV: /service/controller 
[DEBUG] RECV: /service/status status
✓ Game is ACTIVE
[DEBUG] RECV: /service/player message

🎉 JOINED AS: WiseCrab12
   Player CID: 913890589
[DEBUG] RECV: /service/player message
[DEBUG] RECV: /meta/connect 
[DEBUG] RECV: /service/player message
[DEBUG] RECV: /meta/connect 
[DEBUG] RECV: /service/player message
[DEBUG] RECV: /meta/connect 
[DEBUG] RECV: /service/player message
[DEBUG] RECV: /meta/connect 
[DEBUG] RECV: /service/player message
[DEBUG] RECV: /meta/connect 
[DEBUG] RECV: /service/player message
[DEBUG] RECV: /meta/connect 
[DEBUG] RECV: /service/player message
[DEBUG] RECV: /meta/connect 
[DEBUG] RECV: /service/player message
[DEBUG] RECV: /meta/connect 
[DEBUG] RECV: /service/status status
[DEBUG] RECV: /meta/connect 
