
=== Kahoot Auto-Join ===
Game PIN: 5732350
Player: yousuck74-6ty

[1/3] Getting session token...
[DEBUG] Session token (raw): UQpGBwVvQGlJXlwkOEBTdTIDZVlJOTMCQwBWRVM0OjxQBgQEWgY2BHoEWA1eeVxQESZDDh0CLWNrW3UIEWoaO1pjAVc/BwoLFVNIAAxUPyVPCQUnKAFyeg1oWDllYn4k
[DEBUG] Session token length: 128
[DEBUG] Base64 decoded length: 96
   ✓ Got session token
[2/3] Decoding token...
[DEBUG] Challenge message length: 100
[DEBUG] Offset: 2590
[DEBUG] Decoded challenge length: 100
[DEBUG] Token bytes length: 96
[DEBUG] Final token length: 96
[DEBUG] Final token: 030cf80316cde228c7649ce23f82dcbe43f476ff597222bdfc90e3b58d71d9faf44ddab3d787e5be897cd880a9ac218b
[DEBUG] Token: 030cf80316cde228c7649ce23f82dcbe43f476ff597222bdfc90e3b58d71d9faf44ddab3d787e5be897cd880a9ac218b
   ✓ Token decoded (length: 96)
[3/3] Connecting...

[DEBUG] WebSocket URL: wss://kahoot.it/cometd/5732350/030cf80316cde228c7649ce23f82dcbe43f476ff597222bdfc90e3b58d71d9faf44ddab3d787e5be897cd880a9ac218b
✓ Connected to WebSocket
[DEBUG] SEND handshake
[DEBUG] RECV: /meta/handshake 
✓ Handshake OK, clientId: bzptptb72w65kv6zk06zkqjrsyb3
[DEBUG] SEND connect (first)
[DEBUG] RECV: /meta/connect 
[DEBUG] SEND connect (second)
[DEBUG] SEND login yousuck74-6ty
[DEBUG] RECV: /service/controller loginResponse
✓ Login successful! CID: 1220003165
[DEBUG] SEND namerator message

=== SUCCESS ===
Listening for game events... (Ctrl+C to exit)

[DEBUG] RECV: /meta/connect 
[DEBUG] RECV: /service/controller 
[DEBUG] RECV: /service/controller 
[DEBUG] RECV: /service/status status
✓ Game is ACTIVE
[DEBUG] RECV: /service/player message

🎉 JOINED AS: SuperLobster19
   Player CID: 1220003165
[DEBUG] RECV: /service/player message
[DEBUG] RECV: /meta/connect 
[DEBUG] RECV: /service/player message
[DEBUG] RECV: /meta/connect 
[DEBUG] RECV: /service/status status
[DEBUG] RECV: /meta/connect 
