
=== Kahoot Auto-Join ===
Game PIN: 5114254
Player: yousuck838-rj6

[1/3] Getting session token...
[DEBUG] Session token (raw): IxVFdT40QVZSTmUjMVZdNExaDWgzcyFZC15ODDV/Sz1ZAAJ7Vid8RQ9JZngLJlpVXRZ0OngpVlMWfycuWWFfH3cIPkRGaQYsa0NdL1F2Gm0IQmpvT01BQwFwQ2gBaEsk
[DEBUG] Session token length: 128
[DEBUG] Base64 decoded length: 96
   ✓ Got session token
[2/3] Decoding token...
[DEBUG] Challenge message length: 100
[DEBUG] Offset: 17959
[DEBUG] Decoded challenge length: 100
[DEBUG] Token bytes length: 96
[DEBUG] Final token length: 96
[DEBUG] Final token: ac75ab33e40afcfd0ff7d1c7fd8fe21d67390d821269ee28fe2b0bd0e4bec93e90f871cd63ff94c792015700b378c00b
[DEBUG] Token: ac75ab33e40afcfd0ff7d1c7fd8fe21d67390d821269ee28fe2b0bd0e4bec93e90f871cd63ff94c792015700b378c00b
   ✓ Token decoded (length: 96)
[3/3] Connecting...

[DEBUG] WebSocket URL: wss://kahoot.it/cometd/5114254/ac75ab33e40afcfd0ff7d1c7fd8fe21d67390d821269ee28fe2b0bd0e4bec93e90f871cd63ff94c792015700b378c00b
✓ Connected to WebSocket
[DEBUG] SEND handshake
[DEBUG] RECV: /meta/handshake 
✓ Handshake OK, clientId: by2r1x1dw0b7a229741d5wda25o3j
[DEBUG] SEND connect (first)
[DEBUG] RECV: /meta/connect 
[DEBUG] SEND connect (second)
[DEBUG] SEND login yousuck838-rj6
[DEBUG] RECV: /service/controller loginResponse
✓ Login successful! CID: 783593429
[DEBUG] SEND namerator message

=== SUCCESS ===
Listening for game events... (Ctrl+C to exit)

[DEBUG] RECV: /meta/connect 
[DEBUG] RECV: /service/controller 
[DEBUG] RECV: /service/controller 
[DEBUG] RECV: /service/status status
✓ Game is ACTIVE
[DEBUG] RECV: /service/player message

🎉 JOINED AS: PrairieBoa22
   Player CID: 783593429
[DEBUG] RECV: /service/player message
[DEBUG] RECV: /meta/connect 
[DEBUG] RECV: /service/player message
[DEBUG] RECV: /meta/connect 
[DEBUG] RECV: /service/status status
[DEBUG] RECV: /meta/connect 
