
=== Kahoot Auto-Join ===
Game PIN: 5114254
Player: yousuck705-mt7

[1/3] Getting session token...
[DEBUG] Session token (raw): UVhmdF4Dewl0HF57DCIOEA4MHUokbS4LfV1hJ2FOByQuAGZlVQ4KVkdvDFdyIBwLZw5/XAVFdld8JzYBZwVAL1oIXAdtNwokZ1N8RzEDXkcKP2M3eg4OYl5/VHlGdG1P
[DEBUG] Session token length: 128
[DEBUG] Base64 decoded length: 96
   ✓ Got session token
[2/3] Decoding token...
[DEBUG] Challenge message length: 100
[DEBUG] Offset: 77411880
[DEBUG] Decoded challenge length: 100
[DEBUG] Token bytes length: 96
[DEBUG] Final token length: 96
[DEBUG] Final token: fa72cf6f1d964dfdafe1e7c7164e289acc56389a17280fe50a7171449abb084c4d218aec4036c4c3ed8d60e007b50616
[DEBUG] Token: fa72cf6f1d964dfdafe1e7c7164e289acc56389a17280fe50a7171449abb084c4d218aec4036c4c3ed8d60e007b50616
   ✓ Token decoded (length: 96)
[3/3] Connecting...

[DEBUG] WebSocket URL: wss://kahoot.it/cometd/5114254/fa72cf6f1d964dfdafe1e7c7164e289acc56389a17280fe50a7171449abb084c4d218aec4036c4c3ed8d60e007b50616
✓ Connected to WebSocket
[DEBUG] SEND handshake
[DEBUG] RECV: /meta/handshake 
✓ Handshake OK, clientId: bxz01f5mf1mx04gsfmn5qbpfx5uwr
[DEBUG] SEND connect (first)
[DEBUG] RECV: /meta/connect 
[DEBUG] SEND connect (second)
[DEBUG] SEND login yousuck705-mt7
[DEBUG] RECV: /service/controller loginResponse
✓ Login successful! CID: 1864885463
[DEBUG] SEND namerator message

=== SUCCESS ===
Listening for game events... (Ctrl+C to exit)

[DEBUG] RECV: /meta/connect 
[DEBUG] RECV: /service/controller 
[DEBUG] RECV: /service/controller 
[DEBUG] RECV: /service/status status
✓ Game is ACTIVE
[DEBUG] RECV: /service/player message

🎉 JOINED AS: WonderPony7
   Player CID: 1864885463
[DEBUG] RECV: /service/player message
[DEBUG] RECV: /meta/connect 
[DEBUG] RECV: /service/player message
[DEBUG] RECV: /meta/connect 
[DEBUG] RECV: /service/player message
[DEBUG] RECV: /meta/connect 
[DEBUG] RECV: /service/player message
[DEBUG] RECV: /meta/connect 
[DEBUG] RECV: /service/status status
[DEBUG] RECV: /meta/connect 
