
=== Kahoot Auto-Join ===
Game PIN: 5732350
Player: yousuck32-eba

[1/3] Getting session token...
[DEBUG] Session token (raw): RENIOwY+VAAeDF98W1w7fAwPCHJSJ0NjDFpLX0J3fEMBNilVLVcNDG5uD2NbfiN+QzxfdglUU1c/XgkvEEEEcyFNWwNyfmw/aysFT1VNDQ4NDGs9DGA7FEADanhgf3g4
[DEBUG] Session token length: 128
[DEBUG] Base64 decoded length: 96
   ✓ Got session token
[2/3] Decoding token...
[DEBUG] Challenge message length: 100
[DEBUG] Offset: 20012
[DEBUG] Decoded challenge length: 100
[DEBUG] Token bytes length: 96
[DEBUG] Final token length: 96
[DEBUG] Final token: 129f6ad6f3e50eb855942c617d8b72858ba2a9df2223e4c36ea5f45df97df517f41c335d1b54e815380cb8fb5753269a
[DEBUG] Token: 129f6ad6f3e50eb855942c617d8b72858ba2a9df2223e4c36ea5f45df97df517f41c335d1b54e815380cb8fb5753269a
   ✓ Token decoded (length: 96)
[3/3] Connecting...

[DEBUG] WebSocket URL: wss://kahoot.it/cometd/5732350/129f6ad6f3e50eb855942c617d8b72858ba2a9df2223e4c36ea5f45df97df517f41c335d1b54e815380cb8fb5753269a
✓ Connected to WebSocket
[DEBUG] SEND handshake
[DEBUG] RECV: /meta/handshake 
✓ Handshake OK, clientId: bzja15melgg2hpm0p1k1uy2kix3dr3
[DEBUG] SEND connect (first)
[DEBUG] RECV: /meta/connect 
[DEBUG] SEND connect (second)
[DEBUG] SEND login yousuck32-eba
[DEBUG] RECV: /service/controller loginResponse
✓ Login successful! CID: 2134931144
[DEBUG] SEND namerator message

=== SUCCESS ===
Listening for game events... (Ctrl+C to exit)

[DEBUG] RECV: /meta/connect 
[DEBUG] RECV: /service/controller 
[DEBUG] RECV: /service/controller 
[DEBUG] RECV: /service/status status
✓ Game is ACTIVE
[DEBUG] RECV: /service/player message

🎉 JOINED AS: DandyWallaby0
   Player CID: 2134931144
[DEBUG] RECV: /service/player message
[DEBUG] RECV: /service/player message
[DEBUG] RECV: /meta/connect 
[DEBUG] RECV: /service/player message
[DEBUG] RECV: /service/player message
[DEBUG] RECV: /meta/connect 
[DEBUG] RECV: /service/player message
[DEBUG] RECV: /service/player message
[DEBUG] RECV: /service/player message
[DEBUG] RECV: /meta/connect 
[DEBUG] RECV: /service/player message
[DEBUG] RECV: /meta/connect 
[DEBUG] RECV: /service/player message
[DEBUG] RECV: /meta/connect 
[DEBUG] RECV: /service/player message
[DEBUG] RECV: /meta/connect 
[DEBUG] RECV: /service/player message
[DEBUG] RECV: /meta/connect 
[DEBUG] RECV: /service/status status
[DEBUG] RECV: /meta/connect 
