
=== Kahoot Auto-Join ===
Game PIN: 5814465
Player: yousuck56-lux

[1/3] Getting session token...
[DEBUG] Session token (raw): DQZqBwcCLQhfXlg8bQAlfVVqNgg+XXRET3RZA1FXels7d1x6cHpdeGxfWT1TfQs4CwBicg4nYksmDgR2Tw17SGwzY1NNTWJyUxEJEwpaCklIZkB3aUJXAhQCQAkFCipl
[DEBUG] Session token length: 128
[DEBUG] Base64 decoded length: 96
   ✓ Got session token
[2/3] Decoding token...
[DEBUG] Challenge message length: 100
[DEBUG] Offset: 4321
[DEBUG] Decoded challenge length: 100
[DEBUG] Token bytes length: 96
[DEBUG] Final token length: 96
[DEBUG] Final token: 469c47bb257f63b5d9f3dd006478215dd8841016173a698bc2881a30f4a074104e9997775c5c2c0285645568d82c0fd6
[DEBUG] Token: 469c47bb257f63b5d9f3dd006478215dd8841016173a698bc2881a30f4a074104e9997775c5c2c0285645568d82c0fd6
   ✓ Token decoded (length: 96)
[3/3] Connecting...

[DEBUG] WebSocket URL: wss://kahoot.it/cometd/5814465/469c47bb257f63b5d9f3dd006478215dd8841016173a698bc2881a30f4a074104e9997775c5c2c0285645568d82c0fd6
✓ Connected to WebSocket
[DEBUG] SEND handshake
[DEBUG] RECV: /meta/handshake 
✓ Handshake OK, clientId: 92uvnwcti92o0ihogr9klb85q1uk
[DEBUG] SEND connect (first)
[DEBUG] RECV: /meta/connect 
[DEBUG] SEND connect (second)
[DEBUG] SEND login yousuck56-lux
[DEBUG] RECV: /service/status status
[DEBUG] RECV: /meta/connect 
[DEBUG] RECV: /service/controller 

⚠ Timeout - check if name appears in Kahoot lobby
[DEBUG] WebSocket closed: 1005

=== FAILED ===
Error: Connection closed (1005)
