
=== Kahoot Auto-Join ===
Game PIN: 5114254
Player: yousuck425-jud

[1/3] Getting session token...
[DEBUG] Session token (raw): RwgPUg1vZ1QPWCdBOAtRWgQhICRbQ0QFXXAuBiRBdEYfb1RhAmQKFgZXDjcScDsGAS0HWlRICX06ZgsqL2BVDAx7H3c4XgByQm0jaARJOFt9DFRaDQYIDkUYE0N/AVVL
[DEBUG] Session token length: 128
[DEBUG] Base64 decoded length: 96
   ✓ Got session token
[2/3] Decoding token...
[DEBUG] Challenge message length: 100
[DEBUG] Offset: 3684
[DEBUG] Decoded challenge length: 100
[DEBUG] Token bytes length: 96
[DEBUG] Final token length: 96
[DEBUG] Final token: 6f9f118f7ac0aac00fcae25cd1b5d067c45486daf07ac1a13c2983d8f25fc98f97c2b02488e3c8e08e9e426f9af265c1
[DEBUG] Token: 6f9f118f7ac0aac00fcae25cd1b5d067c45486daf07ac1a13c2983d8f25fc98f97c2b02488e3c8e08e9e426f9af265c1
   ✓ Token decoded (length: 96)
[3/3] Connecting...

[DEBUG] WebSocket URL: wss://kahoot.it/cometd/5114254/6f9f118f7ac0aac00fcae25cd1b5d067c45486daf07ac1a13c2983d8f25fc98f97c2b02488e3c8e08e9e426f9af265c1
✓ Connected to WebSocket
[DEBUG] SEND handshake
[DEBUG] RECV: /meta/handshake 
✓ Handshake OK, clientId: bxr18hdfchyawkpj2i2ylpcgh5ty
[DEBUG] SEND connect (first)
[DEBUG] RECV: /meta/connect 
[DEBUG] SEND connect (second)
[DEBUG] SEND login yousuck425-jud
[DEBUG] RECV: /service/controller loginResponse
✓ Login successful! CID: 2130515620
[DEBUG] SEND namerator message

=== SUCCESS ===
Listening for game events... (Ctrl+C to exit)

[DEBUG] RECV: /meta/connect 
[DEBUG] RECV: /service/controller 
[DEBUG] RECV: /service/controller 
[DEBUG] RECV: /service/status status
✓ Game is ACTIVE
[DEBUG] RECV: /service/player message

🎉 JOINED AS: SnowyQuail45
   Player CID: 2130515620
[DEBUG] RECV: /service/player message
[DEBUG] RECV: /service/player message
[DEBUG] RECV: /meta/connect 
[DEBUG] RECV: /service/player message
[DEBUG] RECV: /meta/connect 
[DEBUG] RECV: /service/player message
[DEBUG] RECV: /meta/connect 
[DEBUG] RECV: /service/player message
[DEBUG] RECV: /meta/connect 
[DEBUG] RECV: /service/player message
[DEBUG] RECV: /meta/connect 
[DEBUG] RECV: /service/player message
[DEBUG] RECV: /meta/connect 
[DEBUG] RECV: /service/player message
[DEBUG] RECV: /meta/connect 
[DEBUG] RECV: /service/status status
[DEBUG] RECV: /meta/connect 
